[2022-01-19 18:10:17,811] {processor.py:163} INFO - Started process (PID=353) to work on /home/airflow/.local/lib/python3.6/site-packages/airflow/example_dags/plugins/workday.py
[2022-01-19 18:10:17,812] {processor.py:642} INFO - Processing file /home/airflow/.local/lib/python3.6/site-packages/airflow/example_dags/plugins/workday.py for tasks to queue
[2022-01-19 18:10:17,813] {logging_mixin.py:109} INFO - [2022-01-19 18:10:17,812] {dagbag.py:500} INFO - Filling up the DagBag from /home/airflow/.local/lib/python3.6/site-packages/airflow/example_dags/plugins/workday.py
[2022-01-19 18:10:17,830] {processor.py:656} WARNING - No viable dags retrieved from /home/airflow/.local/lib/python3.6/site-packages/airflow/example_dags/plugins/workday.py
[2022-01-19 18:10:17,833] {processor.py:171} INFO - Processing /home/airflow/.local/lib/python3.6/site-packages/airflow/example_dags/plugins/workday.py took 0.025 seconds
[2022-01-19 18:10:47,932] {processor.py:163} INFO - Started process (PID=407) to work on /home/airflow/.local/lib/python3.6/site-packages/airflow/example_dags/plugins/workday.py
[2022-01-19 18:10:47,933] {processor.py:642} INFO - Processing file /home/airflow/.local/lib/python3.6/site-packages/airflow/example_dags/plugins/workday.py for tasks to queue
[2022-01-19 18:10:47,934] {logging_mixin.py:109} INFO - [2022-01-19 18:10:47,934] {dagbag.py:500} INFO - Filling up the DagBag from /home/airflow/.local/lib/python3.6/site-packages/airflow/example_dags/plugins/workday.py
[2022-01-19 18:10:47,946] {processor.py:656} WARNING - No viable dags retrieved from /home/airflow/.local/lib/python3.6/site-packages/airflow/example_dags/plugins/workday.py
[2022-01-19 18:10:47,948] {processor.py:171} INFO - Processing /home/airflow/.local/lib/python3.6/site-packages/airflow/example_dags/plugins/workday.py took 0.018 seconds
[2022-01-19 18:11:18,287] {processor.py:163} INFO - Started process (PID=461) to work on /home/airflow/.local/lib/python3.6/site-packages/airflow/example_dags/plugins/workday.py
[2022-01-19 18:11:18,289] {processor.py:642} INFO - Processing file /home/airflow/.local/lib/python3.6/site-packages/airflow/example_dags/plugins/workday.py for tasks to queue
[2022-01-19 18:11:18,290] {logging_mixin.py:109} INFO - [2022-01-19 18:11:18,290] {dagbag.py:500} INFO - Filling up the DagBag from /home/airflow/.local/lib/python3.6/site-packages/airflow/example_dags/plugins/workday.py
[2022-01-19 18:11:18,312] {processor.py:656} WARNING - No viable dags retrieved from /home/airflow/.local/lib/python3.6/site-packages/airflow/example_dags/plugins/workday.py
[2022-01-19 18:11:18,315] {processor.py:171} INFO - Processing /home/airflow/.local/lib/python3.6/site-packages/airflow/example_dags/plugins/workday.py took 0.034 seconds
[2022-01-19 18:11:48,508] {processor.py:163} INFO - Started process (PID=520) to work on /home/airflow/.local/lib/python3.6/site-packages/airflow/example_dags/plugins/workday.py
[2022-01-19 18:11:48,509] {processor.py:642} INFO - Processing file /home/airflow/.local/lib/python3.6/site-packages/airflow/example_dags/plugins/workday.py for tasks to queue
[2022-01-19 18:11:48,510] {logging_mixin.py:109} INFO - [2022-01-19 18:11:48,510] {dagbag.py:500} INFO - Filling up the DagBag from /home/airflow/.local/lib/python3.6/site-packages/airflow/example_dags/plugins/workday.py
[2022-01-19 18:11:48,528] {processor.py:656} WARNING - No viable dags retrieved from /home/airflow/.local/lib/python3.6/site-packages/airflow/example_dags/plugins/workday.py
[2022-01-19 18:11:48,531] {processor.py:171} INFO - Processing /home/airflow/.local/lib/python3.6/site-packages/airflow/example_dags/plugins/workday.py took 0.026 seconds
[2022-01-19 18:12:18,789] {processor.py:163} INFO - Started process (PID=577) to work on /home/airflow/.local/lib/python3.6/site-packages/airflow/example_dags/plugins/workday.py
[2022-01-19 18:12:18,790] {processor.py:642} INFO - Processing file /home/airflow/.local/lib/python3.6/site-packages/airflow/example_dags/plugins/workday.py for tasks to queue
[2022-01-19 18:12:18,791] {logging_mixin.py:109} INFO - [2022-01-19 18:12:18,790] {dagbag.py:500} INFO - Filling up the DagBag from /home/airflow/.local/lib/python3.6/site-packages/airflow/example_dags/plugins/workday.py
[2022-01-19 18:12:18,803] {processor.py:656} WARNING - No viable dags retrieved from /home/airflow/.local/lib/python3.6/site-packages/airflow/example_dags/plugins/workday.py
[2022-01-19 18:12:18,806] {processor.py:171} INFO - Processing /home/airflow/.local/lib/python3.6/site-packages/airflow/example_dags/plugins/workday.py took 0.019 seconds
[2022-01-19 18:12:49,435] {processor.py:163} INFO - Started process (PID=629) to work on /home/airflow/.local/lib/python3.6/site-packages/airflow/example_dags/plugins/workday.py
[2022-01-19 18:12:49,436] {processor.py:642} INFO - Processing file /home/airflow/.local/lib/python3.6/site-packages/airflow/example_dags/plugins/workday.py for tasks to queue
[2022-01-19 18:12:49,437] {logging_mixin.py:109} INFO - [2022-01-19 18:12:49,437] {dagbag.py:500} INFO - Filling up the DagBag from /home/airflow/.local/lib/python3.6/site-packages/airflow/example_dags/plugins/workday.py
[2022-01-19 18:12:49,451] {processor.py:656} WARNING - No viable dags retrieved from /home/airflow/.local/lib/python3.6/site-packages/airflow/example_dags/plugins/workday.py
[2022-01-19 18:12:49,453] {processor.py:171} INFO - Processing /home/airflow/.local/lib/python3.6/site-packages/airflow/example_dags/plugins/workday.py took 0.020 seconds
[2022-01-19 18:13:20,001] {processor.py:163} INFO - Started process (PID=701) to work on /home/airflow/.local/lib/python3.6/site-packages/airflow/example_dags/plugins/workday.py
[2022-01-19 18:13:20,003] {processor.py:642} INFO - Processing file /home/airflow/.local/lib/python3.6/site-packages/airflow/example_dags/plugins/workday.py for tasks to queue
[2022-01-19 18:13:20,003] {logging_mixin.py:109} INFO - [2022-01-19 18:13:20,003] {dagbag.py:500} INFO - Filling up the DagBag from /home/airflow/.local/lib/python3.6/site-packages/airflow/example_dags/plugins/workday.py
[2022-01-19 18:13:20,028] {processor.py:656} WARNING - No viable dags retrieved from /home/airflow/.local/lib/python3.6/site-packages/airflow/example_dags/plugins/workday.py
[2022-01-19 18:13:20,033] {processor.py:171} INFO - Processing /home/airflow/.local/lib/python3.6/site-packages/airflow/example_dags/plugins/workday.py took 0.037 seconds
[2022-01-19 18:13:50,624] {processor.py:163} INFO - Started process (PID=762) to work on /home/airflow/.local/lib/python3.6/site-packages/airflow/example_dags/plugins/workday.py
[2022-01-19 18:13:50,625] {processor.py:642} INFO - Processing file /home/airflow/.local/lib/python3.6/site-packages/airflow/example_dags/plugins/workday.py for tasks to queue
[2022-01-19 18:13:50,626] {logging_mixin.py:109} INFO - [2022-01-19 18:13:50,626] {dagbag.py:500} INFO - Filling up the DagBag from /home/airflow/.local/lib/python3.6/site-packages/airflow/example_dags/plugins/workday.py
[2022-01-19 18:13:50,642] {processor.py:656} WARNING - No viable dags retrieved from /home/airflow/.local/lib/python3.6/site-packages/airflow/example_dags/plugins/workday.py
[2022-01-19 18:13:50,645] {processor.py:171} INFO - Processing /home/airflow/.local/lib/python3.6/site-packages/airflow/example_dags/plugins/workday.py took 0.025 seconds
[2022-01-19 18:14:21,367] {processor.py:163} INFO - Started process (PID=814) to work on /home/airflow/.local/lib/python3.6/site-packages/airflow/example_dags/plugins/workday.py
[2022-01-19 18:14:21,367] {processor.py:642} INFO - Processing file /home/airflow/.local/lib/python3.6/site-packages/airflow/example_dags/plugins/workday.py for tasks to queue
[2022-01-19 18:14:21,368] {logging_mixin.py:109} INFO - [2022-01-19 18:14:21,368] {dagbag.py:500} INFO - Filling up the DagBag from /home/airflow/.local/lib/python3.6/site-packages/airflow/example_dags/plugins/workday.py
[2022-01-19 18:14:21,384] {processor.py:656} WARNING - No viable dags retrieved from /home/airflow/.local/lib/python3.6/site-packages/airflow/example_dags/plugins/workday.py
[2022-01-19 18:14:21,387] {processor.py:171} INFO - Processing /home/airflow/.local/lib/python3.6/site-packages/airflow/example_dags/plugins/workday.py took 0.023 seconds
[2022-01-19 18:14:51,856] {processor.py:163} INFO - Started process (PID=876) to work on /home/airflow/.local/lib/python3.6/site-packages/airflow/example_dags/plugins/workday.py
[2022-01-19 18:14:51,857] {processor.py:642} INFO - Processing file /home/airflow/.local/lib/python3.6/site-packages/airflow/example_dags/plugins/workday.py for tasks to queue
[2022-01-19 18:14:51,857] {logging_mixin.py:109} INFO - [2022-01-19 18:14:51,857] {dagbag.py:500} INFO - Filling up the DagBag from /home/airflow/.local/lib/python3.6/site-packages/airflow/example_dags/plugins/workday.py
[2022-01-19 18:14:51,873] {processor.py:656} WARNING - No viable dags retrieved from /home/airflow/.local/lib/python3.6/site-packages/airflow/example_dags/plugins/workday.py
[2022-01-19 18:14:51,876] {processor.py:171} INFO - Processing /home/airflow/.local/lib/python3.6/site-packages/airflow/example_dags/plugins/workday.py took 0.023 seconds
[2022-01-19 18:15:22,195] {processor.py:163} INFO - Started process (PID=928) to work on /home/airflow/.local/lib/python3.6/site-packages/airflow/example_dags/plugins/workday.py
[2022-01-19 18:15:22,196] {processor.py:642} INFO - Processing file /home/airflow/.local/lib/python3.6/site-packages/airflow/example_dags/plugins/workday.py for tasks to queue
[2022-01-19 18:15:22,196] {logging_mixin.py:109} INFO - [2022-01-19 18:15:22,196] {dagbag.py:500} INFO - Filling up the DagBag from /home/airflow/.local/lib/python3.6/site-packages/airflow/example_dags/plugins/workday.py
[2022-01-19 18:15:22,211] {processor.py:656} WARNING - No viable dags retrieved from /home/airflow/.local/lib/python3.6/site-packages/airflow/example_dags/plugins/workday.py
[2022-01-19 18:15:22,214] {processor.py:171} INFO - Processing /home/airflow/.local/lib/python3.6/site-packages/airflow/example_dags/plugins/workday.py took 0.021 seconds
[2022-01-19 18:15:52,743] {processor.py:163} INFO - Started process (PID=991) to work on /home/airflow/.local/lib/python3.6/site-packages/airflow/example_dags/plugins/workday.py
[2022-01-19 18:15:52,744] {processor.py:642} INFO - Processing file /home/airflow/.local/lib/python3.6/site-packages/airflow/example_dags/plugins/workday.py for tasks to queue
[2022-01-19 18:15:52,744] {logging_mixin.py:109} INFO - [2022-01-19 18:15:52,744] {dagbag.py:500} INFO - Filling up the DagBag from /home/airflow/.local/lib/python3.6/site-packages/airflow/example_dags/plugins/workday.py
[2022-01-19 18:15:52,761] {processor.py:656} WARNING - No viable dags retrieved from /home/airflow/.local/lib/python3.6/site-packages/airflow/example_dags/plugins/workday.py
[2022-01-19 18:15:52,764] {processor.py:171} INFO - Processing /home/airflow/.local/lib/python3.6/site-packages/airflow/example_dags/plugins/workday.py took 0.024 seconds
[2022-01-19 18:16:23,155] {processor.py:163} INFO - Started process (PID=1043) to work on /home/airflow/.local/lib/python3.6/site-packages/airflow/example_dags/plugins/workday.py
[2022-01-19 18:16:23,157] {processor.py:642} INFO - Processing file /home/airflow/.local/lib/python3.6/site-packages/airflow/example_dags/plugins/workday.py for tasks to queue
[2022-01-19 18:16:23,157] {logging_mixin.py:109} INFO - [2022-01-19 18:16:23,157] {dagbag.py:500} INFO - Filling up the DagBag from /home/airflow/.local/lib/python3.6/site-packages/airflow/example_dags/plugins/workday.py
[2022-01-19 18:16:23,186] {processor.py:656} WARNING - No viable dags retrieved from /home/airflow/.local/lib/python3.6/site-packages/airflow/example_dags/plugins/workday.py
[2022-01-19 18:16:23,190] {processor.py:171} INFO - Processing /home/airflow/.local/lib/python3.6/site-packages/airflow/example_dags/plugins/workday.py took 0.042 seconds
[2022-01-19 18:16:53,910] {processor.py:163} INFO - Started process (PID=1105) to work on /home/airflow/.local/lib/python3.6/site-packages/airflow/example_dags/plugins/workday.py
[2022-01-19 18:16:53,911] {processor.py:642} INFO - Processing file /home/airflow/.local/lib/python3.6/site-packages/airflow/example_dags/plugins/workday.py for tasks to queue
[2022-01-19 18:16:53,912] {logging_mixin.py:109} INFO - [2022-01-19 18:16:53,912] {dagbag.py:500} INFO - Filling up the DagBag from /home/airflow/.local/lib/python3.6/site-packages/airflow/example_dags/plugins/workday.py
[2022-01-19 18:16:53,925] {processor.py:656} WARNING - No viable dags retrieved from /home/airflow/.local/lib/python3.6/site-packages/airflow/example_dags/plugins/workday.py
[2022-01-19 18:16:53,928] {processor.py:171} INFO - Processing /home/airflow/.local/lib/python3.6/site-packages/airflow/example_dags/plugins/workday.py took 0.020 seconds
[2022-01-19 18:17:24,321] {processor.py:163} INFO - Started process (PID=1158) to work on /home/airflow/.local/lib/python3.6/site-packages/airflow/example_dags/plugins/workday.py
[2022-01-19 18:17:24,322] {processor.py:642} INFO - Processing file /home/airflow/.local/lib/python3.6/site-packages/airflow/example_dags/plugins/workday.py for tasks to queue
[2022-01-19 18:17:24,323] {logging_mixin.py:109} INFO - [2022-01-19 18:17:24,323] {dagbag.py:500} INFO - Filling up the DagBag from /home/airflow/.local/lib/python3.6/site-packages/airflow/example_dags/plugins/workday.py
[2022-01-19 18:17:24,339] {processor.py:656} WARNING - No viable dags retrieved from /home/airflow/.local/lib/python3.6/site-packages/airflow/example_dags/plugins/workday.py
[2022-01-19 18:17:24,342] {processor.py:171} INFO - Processing /home/airflow/.local/lib/python3.6/site-packages/airflow/example_dags/plugins/workday.py took 0.023 seconds
[2022-01-19 18:17:54,570] {processor.py:163} INFO - Started process (PID=1211) to work on /home/airflow/.local/lib/python3.6/site-packages/airflow/example_dags/plugins/workday.py
[2022-01-19 18:17:54,571] {processor.py:642} INFO - Processing file /home/airflow/.local/lib/python3.6/site-packages/airflow/example_dags/plugins/workday.py for tasks to queue
[2022-01-19 18:17:54,571] {logging_mixin.py:109} INFO - [2022-01-19 18:17:54,571] {dagbag.py:500} INFO - Filling up the DagBag from /home/airflow/.local/lib/python3.6/site-packages/airflow/example_dags/plugins/workday.py
[2022-01-19 18:17:54,587] {processor.py:656} WARNING - No viable dags retrieved from /home/airflow/.local/lib/python3.6/site-packages/airflow/example_dags/plugins/workday.py
[2022-01-19 18:17:54,590] {processor.py:171} INFO - Processing /home/airflow/.local/lib/python3.6/site-packages/airflow/example_dags/plugins/workday.py took 0.023 seconds
[2022-01-19 18:18:25,265] {processor.py:163} INFO - Started process (PID=1273) to work on /home/airflow/.local/lib/python3.6/site-packages/airflow/example_dags/plugins/workday.py
[2022-01-19 18:18:25,266] {processor.py:642} INFO - Processing file /home/airflow/.local/lib/python3.6/site-packages/airflow/example_dags/plugins/workday.py for tasks to queue
[2022-01-19 18:18:25,267] {logging_mixin.py:109} INFO - [2022-01-19 18:18:25,267] {dagbag.py:500} INFO - Filling up the DagBag from /home/airflow/.local/lib/python3.6/site-packages/airflow/example_dags/plugins/workday.py
[2022-01-19 18:18:25,289] {processor.py:656} WARNING - No viable dags retrieved from /home/airflow/.local/lib/python3.6/site-packages/airflow/example_dags/plugins/workday.py
[2022-01-19 18:18:25,293] {processor.py:171} INFO - Processing /home/airflow/.local/lib/python3.6/site-packages/airflow/example_dags/plugins/workday.py took 0.033 seconds
[2022-01-19 18:18:55,670] {processor.py:163} INFO - Started process (PID=1325) to work on /home/airflow/.local/lib/python3.6/site-packages/airflow/example_dags/plugins/workday.py
[2022-01-19 18:18:55,671] {processor.py:642} INFO - Processing file /home/airflow/.local/lib/python3.6/site-packages/airflow/example_dags/plugins/workday.py for tasks to queue
[2022-01-19 18:18:55,672] {logging_mixin.py:109} INFO - [2022-01-19 18:18:55,672] {dagbag.py:500} INFO - Filling up the DagBag from /home/airflow/.local/lib/python3.6/site-packages/airflow/example_dags/plugins/workday.py
[2022-01-19 18:18:55,689] {processor.py:656} WARNING - No viable dags retrieved from /home/airflow/.local/lib/python3.6/site-packages/airflow/example_dags/plugins/workday.py
[2022-01-19 18:18:55,693] {processor.py:171} INFO - Processing /home/airflow/.local/lib/python3.6/site-packages/airflow/example_dags/plugins/workday.py took 0.026 seconds
[2022-01-19 18:19:26,263] {processor.py:163} INFO - Started process (PID=1387) to work on /home/airflow/.local/lib/python3.6/site-packages/airflow/example_dags/plugins/workday.py
[2022-01-19 18:19:26,263] {processor.py:642} INFO - Processing file /home/airflow/.local/lib/python3.6/site-packages/airflow/example_dags/plugins/workday.py for tasks to queue
[2022-01-19 18:19:26,264] {logging_mixin.py:109} INFO - [2022-01-19 18:19:26,264] {dagbag.py:500} INFO - Filling up the DagBag from /home/airflow/.local/lib/python3.6/site-packages/airflow/example_dags/plugins/workday.py
[2022-01-19 18:19:26,282] {processor.py:656} WARNING - No viable dags retrieved from /home/airflow/.local/lib/python3.6/site-packages/airflow/example_dags/plugins/workday.py
[2022-01-19 18:19:26,285] {processor.py:171} INFO - Processing /home/airflow/.local/lib/python3.6/site-packages/airflow/example_dags/plugins/workday.py took 0.026 seconds
[2022-01-19 18:19:56,675] {processor.py:163} INFO - Started process (PID=1440) to work on /home/airflow/.local/lib/python3.6/site-packages/airflow/example_dags/plugins/workday.py
[2022-01-19 18:19:56,676] {processor.py:642} INFO - Processing file /home/airflow/.local/lib/python3.6/site-packages/airflow/example_dags/plugins/workday.py for tasks to queue
[2022-01-19 18:19:56,677] {logging_mixin.py:109} INFO - [2022-01-19 18:19:56,677] {dagbag.py:500} INFO - Filling up the DagBag from /home/airflow/.local/lib/python3.6/site-packages/airflow/example_dags/plugins/workday.py
[2022-01-19 18:19:56,695] {processor.py:656} WARNING - No viable dags retrieved from /home/airflow/.local/lib/python3.6/site-packages/airflow/example_dags/plugins/workday.py
[2022-01-19 18:19:56,699] {processor.py:171} INFO - Processing /home/airflow/.local/lib/python3.6/site-packages/airflow/example_dags/plugins/workday.py took 0.026 seconds
[2022-01-19 18:20:27,262] {processor.py:163} INFO - Started process (PID=1492) to work on /home/airflow/.local/lib/python3.6/site-packages/airflow/example_dags/plugins/workday.py
[2022-01-19 18:20:27,263] {processor.py:642} INFO - Processing file /home/airflow/.local/lib/python3.6/site-packages/airflow/example_dags/plugins/workday.py for tasks to queue
[2022-01-19 18:20:27,263] {logging_mixin.py:109} INFO - [2022-01-19 18:20:27,263] {dagbag.py:500} INFO - Filling up the DagBag from /home/airflow/.local/lib/python3.6/site-packages/airflow/example_dags/plugins/workday.py
[2022-01-19 18:20:27,282] {processor.py:656} WARNING - No viable dags retrieved from /home/airflow/.local/lib/python3.6/site-packages/airflow/example_dags/plugins/workday.py
[2022-01-19 18:20:27,284] {processor.py:171} INFO - Processing /home/airflow/.local/lib/python3.6/site-packages/airflow/example_dags/plugins/workday.py took 0.024 seconds
[2022-01-19 18:20:57,528] {processor.py:163} INFO - Started process (PID=1554) to work on /home/airflow/.local/lib/python3.6/site-packages/airflow/example_dags/plugins/workday.py
[2022-01-19 18:20:57,529] {processor.py:642} INFO - Processing file /home/airflow/.local/lib/python3.6/site-packages/airflow/example_dags/plugins/workday.py for tasks to queue
[2022-01-19 18:20:57,529] {logging_mixin.py:109} INFO - [2022-01-19 18:20:57,529] {dagbag.py:500} INFO - Filling up the DagBag from /home/airflow/.local/lib/python3.6/site-packages/airflow/example_dags/plugins/workday.py
[2022-01-19 18:20:57,545] {processor.py:656} WARNING - No viable dags retrieved from /home/airflow/.local/lib/python3.6/site-packages/airflow/example_dags/plugins/workday.py
[2022-01-19 18:20:57,548] {processor.py:171} INFO - Processing /home/airflow/.local/lib/python3.6/site-packages/airflow/example_dags/plugins/workday.py took 0.023 seconds
[2022-01-19 18:21:28,726] {processor.py:163} INFO - Started process (PID=1606) to work on /home/airflow/.local/lib/python3.6/site-packages/airflow/example_dags/plugins/workday.py
[2022-01-19 18:21:28,727] {processor.py:642} INFO - Processing file /home/airflow/.local/lib/python3.6/site-packages/airflow/example_dags/plugins/workday.py for tasks to queue
[2022-01-19 18:21:28,728] {logging_mixin.py:109} INFO - [2022-01-19 18:21:28,728] {dagbag.py:500} INFO - Filling up the DagBag from /home/airflow/.local/lib/python3.6/site-packages/airflow/example_dags/plugins/workday.py
[2022-01-19 18:21:28,748] {processor.py:656} WARNING - No viable dags retrieved from /home/airflow/.local/lib/python3.6/site-packages/airflow/example_dags/plugins/workday.py
[2022-01-19 18:21:28,751] {processor.py:171} INFO - Processing /home/airflow/.local/lib/python3.6/site-packages/airflow/example_dags/plugins/workday.py took 0.029 seconds
[2022-01-19 18:21:59,894] {processor.py:163} INFO - Started process (PID=1660) to work on /home/airflow/.local/lib/python3.6/site-packages/airflow/example_dags/plugins/workday.py
[2022-01-19 18:21:59,895] {processor.py:642} INFO - Processing file /home/airflow/.local/lib/python3.6/site-packages/airflow/example_dags/plugins/workday.py for tasks to queue
[2022-01-19 18:21:59,895] {logging_mixin.py:109} INFO - [2022-01-19 18:21:59,895] {dagbag.py:500} INFO - Filling up the DagBag from /home/airflow/.local/lib/python3.6/site-packages/airflow/example_dags/plugins/workday.py
[2022-01-19 18:21:59,913] {processor.py:656} WARNING - No viable dags retrieved from /home/airflow/.local/lib/python3.6/site-packages/airflow/example_dags/plugins/workday.py
[2022-01-19 18:21:59,917] {processor.py:171} INFO - Processing /home/airflow/.local/lib/python3.6/site-packages/airflow/example_dags/plugins/workday.py took 0.026 seconds
[2022-01-19 18:22:30,986] {processor.py:163} INFO - Started process (PID=1723) to work on /home/airflow/.local/lib/python3.6/site-packages/airflow/example_dags/plugins/workday.py
[2022-01-19 18:22:30,987] {processor.py:642} INFO - Processing file /home/airflow/.local/lib/python3.6/site-packages/airflow/example_dags/plugins/workday.py for tasks to queue
[2022-01-19 18:22:30,988] {logging_mixin.py:109} INFO - [2022-01-19 18:22:30,988] {dagbag.py:500} INFO - Filling up the DagBag from /home/airflow/.local/lib/python3.6/site-packages/airflow/example_dags/plugins/workday.py
[2022-01-19 18:22:31,004] {processor.py:656} WARNING - No viable dags retrieved from /home/airflow/.local/lib/python3.6/site-packages/airflow/example_dags/plugins/workday.py
[2022-01-19 18:22:31,006] {processor.py:171} INFO - Processing /home/airflow/.local/lib/python3.6/site-packages/airflow/example_dags/plugins/workday.py took 0.023 seconds
[2022-01-19 18:23:01,810] {processor.py:163} INFO - Started process (PID=1776) to work on /home/airflow/.local/lib/python3.6/site-packages/airflow/example_dags/plugins/workday.py
[2022-01-19 18:23:01,810] {processor.py:642} INFO - Processing file /home/airflow/.local/lib/python3.6/site-packages/airflow/example_dags/plugins/workday.py for tasks to queue
[2022-01-19 18:23:01,811] {logging_mixin.py:109} INFO - [2022-01-19 18:23:01,811] {dagbag.py:500} INFO - Filling up the DagBag from /home/airflow/.local/lib/python3.6/site-packages/airflow/example_dags/plugins/workday.py
[2022-01-19 18:23:01,827] {processor.py:656} WARNING - No viable dags retrieved from /home/airflow/.local/lib/python3.6/site-packages/airflow/example_dags/plugins/workday.py
[2022-01-19 18:23:01,830] {processor.py:171} INFO - Processing /home/airflow/.local/lib/python3.6/site-packages/airflow/example_dags/plugins/workday.py took 0.023 seconds
[2022-01-19 18:23:32,942] {processor.py:163} INFO - Started process (PID=1839) to work on /home/airflow/.local/lib/python3.6/site-packages/airflow/example_dags/plugins/workday.py
[2022-01-19 18:23:32,943] {processor.py:642} INFO - Processing file /home/airflow/.local/lib/python3.6/site-packages/airflow/example_dags/plugins/workday.py for tasks to queue
[2022-01-19 18:23:32,944] {logging_mixin.py:109} INFO - [2022-01-19 18:23:32,944] {dagbag.py:500} INFO - Filling up the DagBag from /home/airflow/.local/lib/python3.6/site-packages/airflow/example_dags/plugins/workday.py
[2022-01-19 18:23:32,960] {processor.py:656} WARNING - No viable dags retrieved from /home/airflow/.local/lib/python3.6/site-packages/airflow/example_dags/plugins/workday.py
[2022-01-19 18:23:32,962] {processor.py:171} INFO - Processing /home/airflow/.local/lib/python3.6/site-packages/airflow/example_dags/plugins/workday.py took 0.023 seconds
[2022-01-19 18:24:03,350] {processor.py:163} INFO - Started process (PID=1891) to work on /home/airflow/.local/lib/python3.6/site-packages/airflow/example_dags/plugins/workday.py
[2022-01-19 18:24:03,352] {processor.py:642} INFO - Processing file /home/airflow/.local/lib/python3.6/site-packages/airflow/example_dags/plugins/workday.py for tasks to queue
[2022-01-19 18:24:03,353] {logging_mixin.py:109} INFO - [2022-01-19 18:24:03,353] {dagbag.py:500} INFO - Filling up the DagBag from /home/airflow/.local/lib/python3.6/site-packages/airflow/example_dags/plugins/workday.py
[2022-01-19 18:24:03,382] {processor.py:656} WARNING - No viable dags retrieved from /home/airflow/.local/lib/python3.6/site-packages/airflow/example_dags/plugins/workday.py
[2022-01-19 18:24:03,386] {processor.py:171} INFO - Processing /home/airflow/.local/lib/python3.6/site-packages/airflow/example_dags/plugins/workday.py took 0.040 seconds
[2022-01-19 18:24:34,610] {processor.py:163} INFO - Started process (PID=1954) to work on /home/airflow/.local/lib/python3.6/site-packages/airflow/example_dags/plugins/workday.py
[2022-01-19 18:24:34,611] {processor.py:642} INFO - Processing file /home/airflow/.local/lib/python3.6/site-packages/airflow/example_dags/plugins/workday.py for tasks to queue
[2022-01-19 18:24:34,612] {logging_mixin.py:109} INFO - [2022-01-19 18:24:34,612] {dagbag.py:500} INFO - Filling up the DagBag from /home/airflow/.local/lib/python3.6/site-packages/airflow/example_dags/plugins/workday.py
[2022-01-19 18:24:34,634] {processor.py:656} WARNING - No viable dags retrieved from /home/airflow/.local/lib/python3.6/site-packages/airflow/example_dags/plugins/workday.py
[2022-01-19 18:24:34,639] {processor.py:171} INFO - Processing /home/airflow/.local/lib/python3.6/site-packages/airflow/example_dags/plugins/workday.py took 0.033 seconds
[2022-01-19 18:25:04,852] {processor.py:163} INFO - Started process (PID=2007) to work on /home/airflow/.local/lib/python3.6/site-packages/airflow/example_dags/plugins/workday.py
[2022-01-19 18:25:04,853] {processor.py:642} INFO - Processing file /home/airflow/.local/lib/python3.6/site-packages/airflow/example_dags/plugins/workday.py for tasks to queue
[2022-01-19 18:25:04,853] {logging_mixin.py:109} INFO - [2022-01-19 18:25:04,853] {dagbag.py:500} INFO - Filling up the DagBag from /home/airflow/.local/lib/python3.6/site-packages/airflow/example_dags/plugins/workday.py
[2022-01-19 18:25:04,870] {processor.py:656} WARNING - No viable dags retrieved from /home/airflow/.local/lib/python3.6/site-packages/airflow/example_dags/plugins/workday.py
[2022-01-19 18:25:04,873] {processor.py:171} INFO - Processing /home/airflow/.local/lib/python3.6/site-packages/airflow/example_dags/plugins/workday.py took 0.024 seconds
[2022-01-19 18:25:35,572] {processor.py:163} INFO - Started process (PID=2060) to work on /home/airflow/.local/lib/python3.6/site-packages/airflow/example_dags/plugins/workday.py
[2022-01-19 18:25:35,573] {processor.py:642} INFO - Processing file /home/airflow/.local/lib/python3.6/site-packages/airflow/example_dags/plugins/workday.py for tasks to queue
[2022-01-19 18:25:35,574] {logging_mixin.py:109} INFO - [2022-01-19 18:25:35,574] {dagbag.py:500} INFO - Filling up the DagBag from /home/airflow/.local/lib/python3.6/site-packages/airflow/example_dags/plugins/workday.py
[2022-01-19 18:25:35,590] {processor.py:656} WARNING - No viable dags retrieved from /home/airflow/.local/lib/python3.6/site-packages/airflow/example_dags/plugins/workday.py
[2022-01-19 18:25:35,593] {processor.py:171} INFO - Processing /home/airflow/.local/lib/python3.6/site-packages/airflow/example_dags/plugins/workday.py took 0.023 seconds
[2022-01-19 18:26:06,222] {processor.py:163} INFO - Started process (PID=2124) to work on /home/airflow/.local/lib/python3.6/site-packages/airflow/example_dags/plugins/workday.py
[2022-01-19 18:26:06,223] {processor.py:642} INFO - Processing file /home/airflow/.local/lib/python3.6/site-packages/airflow/example_dags/plugins/workday.py for tasks to queue
[2022-01-19 18:26:06,224] {logging_mixin.py:109} INFO - [2022-01-19 18:26:06,224] {dagbag.py:500} INFO - Filling up the DagBag from /home/airflow/.local/lib/python3.6/site-packages/airflow/example_dags/plugins/workday.py
[2022-01-19 18:26:06,240] {processor.py:656} WARNING - No viable dags retrieved from /home/airflow/.local/lib/python3.6/site-packages/airflow/example_dags/plugins/workday.py
[2022-01-19 18:26:06,243] {processor.py:171} INFO - Processing /home/airflow/.local/lib/python3.6/site-packages/airflow/example_dags/plugins/workday.py took 0.023 seconds
[2022-01-19 18:26:36,819] {processor.py:163} INFO - Started process (PID=2176) to work on /home/airflow/.local/lib/python3.6/site-packages/airflow/example_dags/plugins/workday.py
[2022-01-19 18:26:36,820] {processor.py:642} INFO - Processing file /home/airflow/.local/lib/python3.6/site-packages/airflow/example_dags/plugins/workday.py for tasks to queue
[2022-01-19 18:26:36,820] {logging_mixin.py:109} INFO - [2022-01-19 18:26:36,820] {dagbag.py:500} INFO - Filling up the DagBag from /home/airflow/.local/lib/python3.6/site-packages/airflow/example_dags/plugins/workday.py
[2022-01-19 18:26:36,837] {processor.py:656} WARNING - No viable dags retrieved from /home/airflow/.local/lib/python3.6/site-packages/airflow/example_dags/plugins/workday.py
[2022-01-19 18:26:36,840] {processor.py:171} INFO - Processing /home/airflow/.local/lib/python3.6/site-packages/airflow/example_dags/plugins/workday.py took 0.024 seconds
[2022-01-19 18:27:07,585] {processor.py:163} INFO - Started process (PID=2239) to work on /home/airflow/.local/lib/python3.6/site-packages/airflow/example_dags/plugins/workday.py
[2022-01-19 18:27:07,586] {processor.py:642} INFO - Processing file /home/airflow/.local/lib/python3.6/site-packages/airflow/example_dags/plugins/workday.py for tasks to queue
[2022-01-19 18:27:07,587] {logging_mixin.py:109} INFO - [2022-01-19 18:27:07,587] {dagbag.py:500} INFO - Filling up the DagBag from /home/airflow/.local/lib/python3.6/site-packages/airflow/example_dags/plugins/workday.py
[2022-01-19 18:27:07,607] {processor.py:656} WARNING - No viable dags retrieved from /home/airflow/.local/lib/python3.6/site-packages/airflow/example_dags/plugins/workday.py
[2022-01-19 18:27:07,611] {processor.py:171} INFO - Processing /home/airflow/.local/lib/python3.6/site-packages/airflow/example_dags/plugins/workday.py took 0.030 seconds
[2022-01-19 18:27:37,961] {processor.py:163} INFO - Started process (PID=2292) to work on /home/airflow/.local/lib/python3.6/site-packages/airflow/example_dags/plugins/workday.py
[2022-01-19 18:27:37,963] {processor.py:642} INFO - Processing file /home/airflow/.local/lib/python3.6/site-packages/airflow/example_dags/plugins/workday.py for tasks to queue
[2022-01-19 18:27:37,964] {logging_mixin.py:109} INFO - [2022-01-19 18:27:37,963] {dagbag.py:500} INFO - Filling up the DagBag from /home/airflow/.local/lib/python3.6/site-packages/airflow/example_dags/plugins/workday.py
[2022-01-19 18:27:37,989] {processor.py:656} WARNING - No viable dags retrieved from /home/airflow/.local/lib/python3.6/site-packages/airflow/example_dags/plugins/workday.py
[2022-01-19 18:27:37,993] {processor.py:171} INFO - Processing /home/airflow/.local/lib/python3.6/site-packages/airflow/example_dags/plugins/workday.py took 0.037 seconds
[2022-01-19 18:28:08,594] {processor.py:163} INFO - Started process (PID=2346) to work on /home/airflow/.local/lib/python3.6/site-packages/airflow/example_dags/plugins/workday.py
[2022-01-19 18:28:08,595] {processor.py:642} INFO - Processing file /home/airflow/.local/lib/python3.6/site-packages/airflow/example_dags/plugins/workday.py for tasks to queue
[2022-01-19 18:28:08,596] {logging_mixin.py:109} INFO - [2022-01-19 18:28:08,595] {dagbag.py:500} INFO - Filling up the DagBag from /home/airflow/.local/lib/python3.6/site-packages/airflow/example_dags/plugins/workday.py
[2022-01-19 18:28:08,610] {processor.py:656} WARNING - No viable dags retrieved from /home/airflow/.local/lib/python3.6/site-packages/airflow/example_dags/plugins/workday.py
[2022-01-19 18:28:08,612] {processor.py:171} INFO - Processing /home/airflow/.local/lib/python3.6/site-packages/airflow/example_dags/plugins/workday.py took 0.020 seconds
[2022-01-19 18:28:39,301] {processor.py:163} INFO - Started process (PID=2409) to work on /home/airflow/.local/lib/python3.6/site-packages/airflow/example_dags/plugins/workday.py
[2022-01-19 18:28:39,302] {processor.py:642} INFO - Processing file /home/airflow/.local/lib/python3.6/site-packages/airflow/example_dags/plugins/workday.py for tasks to queue
[2022-01-19 18:28:39,303] {logging_mixin.py:109} INFO - [2022-01-19 18:28:39,302] {dagbag.py:500} INFO - Filling up the DagBag from /home/airflow/.local/lib/python3.6/site-packages/airflow/example_dags/plugins/workday.py
[2022-01-19 18:28:39,318] {processor.py:656} WARNING - No viable dags retrieved from /home/airflow/.local/lib/python3.6/site-packages/airflow/example_dags/plugins/workday.py
[2022-01-19 18:28:39,321] {processor.py:171} INFO - Processing /home/airflow/.local/lib/python3.6/site-packages/airflow/example_dags/plugins/workday.py took 0.023 seconds
[2022-01-19 18:29:10,395] {processor.py:163} INFO - Started process (PID=2462) to work on /home/airflow/.local/lib/python3.6/site-packages/airflow/example_dags/plugins/workday.py
[2022-01-19 18:29:10,396] {processor.py:642} INFO - Processing file /home/airflow/.local/lib/python3.6/site-packages/airflow/example_dags/plugins/workday.py for tasks to queue
[2022-01-19 18:29:10,397] {logging_mixin.py:109} INFO - [2022-01-19 18:29:10,397] {dagbag.py:500} INFO - Filling up the DagBag from /home/airflow/.local/lib/python3.6/site-packages/airflow/example_dags/plugins/workday.py
[2022-01-19 18:29:10,414] {processor.py:656} WARNING - No viable dags retrieved from /home/airflow/.local/lib/python3.6/site-packages/airflow/example_dags/plugins/workday.py
[2022-01-19 18:29:10,417] {processor.py:171} INFO - Processing /home/airflow/.local/lib/python3.6/site-packages/airflow/example_dags/plugins/workday.py took 0.024 seconds
[2022-01-19 18:29:41,241] {processor.py:163} INFO - Started process (PID=2526) to work on /home/airflow/.local/lib/python3.6/site-packages/airflow/example_dags/plugins/workday.py
[2022-01-19 18:29:41,242] {processor.py:642} INFO - Processing file /home/airflow/.local/lib/python3.6/site-packages/airflow/example_dags/plugins/workday.py for tasks to queue
[2022-01-19 18:29:41,243] {logging_mixin.py:109} INFO - [2022-01-19 18:29:41,243] {dagbag.py:500} INFO - Filling up the DagBag from /home/airflow/.local/lib/python3.6/site-packages/airflow/example_dags/plugins/workday.py
[2022-01-19 18:29:41,261] {processor.py:656} WARNING - No viable dags retrieved from /home/airflow/.local/lib/python3.6/site-packages/airflow/example_dags/plugins/workday.py
[2022-01-19 18:29:41,264] {processor.py:171} INFO - Processing /home/airflow/.local/lib/python3.6/site-packages/airflow/example_dags/plugins/workday.py took 0.026 seconds
[2022-01-19 18:30:12,000] {processor.py:163} INFO - Started process (PID=2579) to work on /home/airflow/.local/lib/python3.6/site-packages/airflow/example_dags/plugins/workday.py
[2022-01-19 18:30:12,001] {processor.py:642} INFO - Processing file /home/airflow/.local/lib/python3.6/site-packages/airflow/example_dags/plugins/workday.py for tasks to queue
[2022-01-19 18:30:12,002] {logging_mixin.py:109} INFO - [2022-01-19 18:30:12,001] {dagbag.py:500} INFO - Filling up the DagBag from /home/airflow/.local/lib/python3.6/site-packages/airflow/example_dags/plugins/workday.py
[2022-01-19 18:30:12,018] {processor.py:656} WARNING - No viable dags retrieved from /home/airflow/.local/lib/python3.6/site-packages/airflow/example_dags/plugins/workday.py
[2022-01-19 18:30:12,021] {processor.py:171} INFO - Processing /home/airflow/.local/lib/python3.6/site-packages/airflow/example_dags/plugins/workday.py took 0.024 seconds
[2022-01-19 18:30:42,686] {processor.py:163} INFO - Started process (PID=2641) to work on /home/airflow/.local/lib/python3.6/site-packages/airflow/example_dags/plugins/workday.py
[2022-01-19 18:30:42,687] {processor.py:642} INFO - Processing file /home/airflow/.local/lib/python3.6/site-packages/airflow/example_dags/plugins/workday.py for tasks to queue
[2022-01-19 18:30:42,688] {logging_mixin.py:109} INFO - [2022-01-19 18:30:42,688] {dagbag.py:500} INFO - Filling up the DagBag from /home/airflow/.local/lib/python3.6/site-packages/airflow/example_dags/plugins/workday.py
[2022-01-19 18:30:42,705] {processor.py:656} WARNING - No viable dags retrieved from /home/airflow/.local/lib/python3.6/site-packages/airflow/example_dags/plugins/workday.py
[2022-01-19 18:30:42,708] {processor.py:171} INFO - Processing /home/airflow/.local/lib/python3.6/site-packages/airflow/example_dags/plugins/workday.py took 0.025 seconds
