[2022-01-19 18:10:10,706] {processor.py:163} INFO - Started process (PID=299) to work on /home/airflow/.local/lib/python3.6/site-packages/airflow/example_dags/example_time_delta_sensor_async.py
[2022-01-19 18:10:10,708] {processor.py:642} INFO - Processing file /home/airflow/.local/lib/python3.6/site-packages/airflow/example_dags/example_time_delta_sensor_async.py for tasks to queue
[2022-01-19 18:10:10,708] {logging_mixin.py:109} INFO - [2022-01-19 18:10:10,708] {dagbag.py:500} INFO - Filling up the DagBag from /home/airflow/.local/lib/python3.6/site-packages/airflow/example_dags/example_time_delta_sensor_async.py
[2022-01-19 18:10:10,740] {processor.py:654} INFO - DAG(s) dict_keys(['example_time_delta_sensor_async']) retrieved from /home/airflow/.local/lib/python3.6/site-packages/airflow/example_dags/example_time_delta_sensor_async.py
[2022-01-19 18:10:13,336] {logging_mixin.py:109} INFO - [2022-01-19 18:10:13,336] {manager.py:496} INFO - Created Permission View: can read on DAG:example_time_delta_sensor_async
[2022-01-19 18:10:13,345] {logging_mixin.py:109} INFO - [2022-01-19 18:10:13,345] {manager.py:496} INFO - Created Permission View: can edit on DAG:example_time_delta_sensor_async
[2022-01-19 18:10:13,347] {logging_mixin.py:109} INFO - [2022-01-19 18:10:13,345] {dag.py:2396} INFO - Sync 1 DAGs
[2022-01-19 18:10:13,359] {logging_mixin.py:109} INFO - [2022-01-19 18:10:13,358] {dag.py:2415} INFO - Creating ORM DAG for example_time_delta_sensor_async
[2022-01-19 18:10:13,368] {logging_mixin.py:109} INFO - [2022-01-19 18:10:13,368] {dag.py:2935} INFO - Setting next_dagrun for example_time_delta_sensor_async to None
[2022-01-19 18:10:13,381] {processor.py:171} INFO - Processing /home/airflow/.local/lib/python3.6/site-packages/airflow/example_dags/example_time_delta_sensor_async.py took 2.679 seconds
[2022-01-19 18:10:43,628] {processor.py:163} INFO - Started process (PID=392) to work on /home/airflow/.local/lib/python3.6/site-packages/airflow/example_dags/example_time_delta_sensor_async.py
[2022-01-19 18:10:43,628] {processor.py:642} INFO - Processing file /home/airflow/.local/lib/python3.6/site-packages/airflow/example_dags/example_time_delta_sensor_async.py for tasks to queue
[2022-01-19 18:10:43,629] {logging_mixin.py:109} INFO - [2022-01-19 18:10:43,629] {dagbag.py:500} INFO - Filling up the DagBag from /home/airflow/.local/lib/python3.6/site-packages/airflow/example_dags/example_time_delta_sensor_async.py
[2022-01-19 18:10:43,653] {processor.py:654} INFO - DAG(s) dict_keys(['example_time_delta_sensor_async']) retrieved from /home/airflow/.local/lib/python3.6/site-packages/airflow/example_dags/example_time_delta_sensor_async.py
[2022-01-19 18:10:43,662] {logging_mixin.py:109} INFO - [2022-01-19 18:10:43,662] {dag.py:2396} INFO - Sync 1 DAGs
[2022-01-19 18:10:43,677] {logging_mixin.py:109} INFO - [2022-01-19 18:10:43,677] {dag.py:2935} INFO - Setting next_dagrun for example_time_delta_sensor_async to None
[2022-01-19 18:10:43,685] {processor.py:171} INFO - Processing /home/airflow/.local/lib/python3.6/site-packages/airflow/example_dags/example_time_delta_sensor_async.py took 0.060 seconds
[2022-01-19 18:11:13,798] {processor.py:163} INFO - Started process (PID=454) to work on /home/airflow/.local/lib/python3.6/site-packages/airflow/example_dags/example_time_delta_sensor_async.py
[2022-01-19 18:11:13,799] {processor.py:642} INFO - Processing file /home/airflow/.local/lib/python3.6/site-packages/airflow/example_dags/example_time_delta_sensor_async.py for tasks to queue
[2022-01-19 18:11:13,800] {logging_mixin.py:109} INFO - [2022-01-19 18:11:13,800] {dagbag.py:500} INFO - Filling up the DagBag from /home/airflow/.local/lib/python3.6/site-packages/airflow/example_dags/example_time_delta_sensor_async.py
[2022-01-19 18:11:13,836] {processor.py:654} INFO - DAG(s) dict_keys(['example_time_delta_sensor_async']) retrieved from /home/airflow/.local/lib/python3.6/site-packages/airflow/example_dags/example_time_delta_sensor_async.py
[2022-01-19 18:11:13,847] {logging_mixin.py:109} INFO - [2022-01-19 18:11:13,847] {dag.py:2396} INFO - Sync 1 DAGs
[2022-01-19 18:11:13,866] {logging_mixin.py:109} INFO - [2022-01-19 18:11:13,866] {dag.py:2935} INFO - Setting next_dagrun for example_time_delta_sensor_async to None
[2022-01-19 18:11:13,875] {processor.py:171} INFO - Processing /home/airflow/.local/lib/python3.6/site-packages/airflow/example_dags/example_time_delta_sensor_async.py took 0.081 seconds
[2022-01-19 18:11:44,002] {processor.py:163} INFO - Started process (PID=506) to work on /home/airflow/.local/lib/python3.6/site-packages/airflow/example_dags/example_time_delta_sensor_async.py
[2022-01-19 18:11:44,004] {processor.py:642} INFO - Processing file /home/airflow/.local/lib/python3.6/site-packages/airflow/example_dags/example_time_delta_sensor_async.py for tasks to queue
[2022-01-19 18:11:44,006] {logging_mixin.py:109} INFO - [2022-01-19 18:11:44,005] {dagbag.py:500} INFO - Filling up the DagBag from /home/airflow/.local/lib/python3.6/site-packages/airflow/example_dags/example_time_delta_sensor_async.py
[2022-01-19 18:11:44,037] {processor.py:654} INFO - DAG(s) dict_keys(['example_time_delta_sensor_async']) retrieved from /home/airflow/.local/lib/python3.6/site-packages/airflow/example_dags/example_time_delta_sensor_async.py
[2022-01-19 18:11:44,047] {logging_mixin.py:109} INFO - [2022-01-19 18:11:44,047] {dag.py:2396} INFO - Sync 1 DAGs
[2022-01-19 18:11:44,063] {logging_mixin.py:109} INFO - [2022-01-19 18:11:44,063] {dag.py:2935} INFO - Setting next_dagrun for example_time_delta_sensor_async to None
[2022-01-19 18:11:44,071] {processor.py:171} INFO - Processing /home/airflow/.local/lib/python3.6/site-packages/airflow/example_dags/example_time_delta_sensor_async.py took 0.077 seconds
[2022-01-19 18:12:14,289] {processor.py:163} INFO - Started process (PID=560) to work on /home/airflow/.local/lib/python3.6/site-packages/airflow/example_dags/example_time_delta_sensor_async.py
[2022-01-19 18:12:14,292] {processor.py:642} INFO - Processing file /home/airflow/.local/lib/python3.6/site-packages/airflow/example_dags/example_time_delta_sensor_async.py for tasks to queue
[2022-01-19 18:12:14,293] {logging_mixin.py:109} INFO - [2022-01-19 18:12:14,292] {dagbag.py:500} INFO - Filling up the DagBag from /home/airflow/.local/lib/python3.6/site-packages/airflow/example_dags/example_time_delta_sensor_async.py
[2022-01-19 18:12:14,327] {processor.py:654} INFO - DAG(s) dict_keys(['example_time_delta_sensor_async']) retrieved from /home/airflow/.local/lib/python3.6/site-packages/airflow/example_dags/example_time_delta_sensor_async.py
[2022-01-19 18:12:14,341] {logging_mixin.py:109} INFO - [2022-01-19 18:12:14,341] {dag.py:2396} INFO - Sync 1 DAGs
[2022-01-19 18:12:14,370] {logging_mixin.py:109} INFO - [2022-01-19 18:12:14,369] {dag.py:2935} INFO - Setting next_dagrun for example_time_delta_sensor_async to None
[2022-01-19 18:12:14,381] {processor.py:171} INFO - Processing /home/airflow/.local/lib/python3.6/site-packages/airflow/example_dags/example_time_delta_sensor_async.py took 0.096 seconds
[2022-01-19 18:12:45,179] {processor.py:163} INFO - Started process (PID=622) to work on /home/airflow/.local/lib/python3.6/site-packages/airflow/example_dags/example_time_delta_sensor_async.py
[2022-01-19 18:12:45,181] {processor.py:642} INFO - Processing file /home/airflow/.local/lib/python3.6/site-packages/airflow/example_dags/example_time_delta_sensor_async.py for tasks to queue
[2022-01-19 18:12:45,181] {logging_mixin.py:109} INFO - [2022-01-19 18:12:45,181] {dagbag.py:500} INFO - Filling up the DagBag from /home/airflow/.local/lib/python3.6/site-packages/airflow/example_dags/example_time_delta_sensor_async.py
[2022-01-19 18:12:45,208] {processor.py:654} INFO - DAG(s) dict_keys(['example_time_delta_sensor_async']) retrieved from /home/airflow/.local/lib/python3.6/site-packages/airflow/example_dags/example_time_delta_sensor_async.py
[2022-01-19 18:12:45,219] {logging_mixin.py:109} INFO - [2022-01-19 18:12:45,219] {dag.py:2396} INFO - Sync 1 DAGs
[2022-01-19 18:12:45,237] {logging_mixin.py:109} INFO - [2022-01-19 18:12:45,236] {dag.py:2935} INFO - Setting next_dagrun for example_time_delta_sensor_async to None
[2022-01-19 18:12:45,245] {processor.py:171} INFO - Processing /home/airflow/.local/lib/python3.6/site-packages/airflow/example_dags/example_time_delta_sensor_async.py took 0.069 seconds
[2022-01-19 18:13:15,639] {processor.py:163} INFO - Started process (PID=684) to work on /home/airflow/.local/lib/python3.6/site-packages/airflow/example_dags/example_time_delta_sensor_async.py
[2022-01-19 18:13:15,642] {processor.py:642} INFO - Processing file /home/airflow/.local/lib/python3.6/site-packages/airflow/example_dags/example_time_delta_sensor_async.py for tasks to queue
[2022-01-19 18:13:15,643] {logging_mixin.py:109} INFO - [2022-01-19 18:13:15,643] {dagbag.py:500} INFO - Filling up the DagBag from /home/airflow/.local/lib/python3.6/site-packages/airflow/example_dags/example_time_delta_sensor_async.py
[2022-01-19 18:13:15,677] {processor.py:654} INFO - DAG(s) dict_keys(['example_time_delta_sensor_async']) retrieved from /home/airflow/.local/lib/python3.6/site-packages/airflow/example_dags/example_time_delta_sensor_async.py
[2022-01-19 18:13:15,686] {logging_mixin.py:109} INFO - [2022-01-19 18:13:15,686] {dag.py:2396} INFO - Sync 1 DAGs
[2022-01-19 18:13:15,702] {logging_mixin.py:109} INFO - [2022-01-19 18:13:15,702] {dag.py:2935} INFO - Setting next_dagrun for example_time_delta_sensor_async to None
[2022-01-19 18:13:15,711] {processor.py:171} INFO - Processing /home/airflow/.local/lib/python3.6/site-packages/airflow/example_dags/example_time_delta_sensor_async.py took 0.081 seconds
[2022-01-19 18:13:46,329] {processor.py:163} INFO - Started process (PID=755) to work on /home/airflow/.local/lib/python3.6/site-packages/airflow/example_dags/example_time_delta_sensor_async.py
[2022-01-19 18:13:46,332] {processor.py:642} INFO - Processing file /home/airflow/.local/lib/python3.6/site-packages/airflow/example_dags/example_time_delta_sensor_async.py for tasks to queue
[2022-01-19 18:13:46,333] {logging_mixin.py:109} INFO - [2022-01-19 18:13:46,332] {dagbag.py:500} INFO - Filling up the DagBag from /home/airflow/.local/lib/python3.6/site-packages/airflow/example_dags/example_time_delta_sensor_async.py
[2022-01-19 18:13:46,360] {processor.py:654} INFO - DAG(s) dict_keys(['example_time_delta_sensor_async']) retrieved from /home/airflow/.local/lib/python3.6/site-packages/airflow/example_dags/example_time_delta_sensor_async.py
[2022-01-19 18:13:46,377] {logging_mixin.py:109} INFO - [2022-01-19 18:13:46,377] {dag.py:2396} INFO - Sync 1 DAGs
[2022-01-19 18:13:46,402] {logging_mixin.py:109} INFO - [2022-01-19 18:13:46,401] {dag.py:2935} INFO - Setting next_dagrun for example_time_delta_sensor_async to None
[2022-01-19 18:13:46,413] {processor.py:171} INFO - Processing /home/airflow/.local/lib/python3.6/site-packages/airflow/example_dags/example_time_delta_sensor_async.py took 0.086 seconds
[2022-01-19 18:14:17,059] {processor.py:163} INFO - Started process (PID=807) to work on /home/airflow/.local/lib/python3.6/site-packages/airflow/example_dags/example_time_delta_sensor_async.py
[2022-01-19 18:14:17,062] {processor.py:642} INFO - Processing file /home/airflow/.local/lib/python3.6/site-packages/airflow/example_dags/example_time_delta_sensor_async.py for tasks to queue
[2022-01-19 18:14:17,064] {logging_mixin.py:109} INFO - [2022-01-19 18:14:17,063] {dagbag.py:500} INFO - Filling up the DagBag from /home/airflow/.local/lib/python3.6/site-packages/airflow/example_dags/example_time_delta_sensor_async.py
[2022-01-19 18:14:17,097] {processor.py:654} INFO - DAG(s) dict_keys(['example_time_delta_sensor_async']) retrieved from /home/airflow/.local/lib/python3.6/site-packages/airflow/example_dags/example_time_delta_sensor_async.py
[2022-01-19 18:14:17,106] {logging_mixin.py:109} INFO - [2022-01-19 18:14:17,106] {dag.py:2396} INFO - Sync 1 DAGs
[2022-01-19 18:14:17,124] {logging_mixin.py:109} INFO - [2022-01-19 18:14:17,124] {dag.py:2935} INFO - Setting next_dagrun for example_time_delta_sensor_async to None
[2022-01-19 18:14:17,134] {processor.py:171} INFO - Processing /home/airflow/.local/lib/python3.6/site-packages/airflow/example_dags/example_time_delta_sensor_async.py took 0.081 seconds
[2022-01-19 18:14:47,516] {processor.py:163} INFO - Started process (PID=859) to work on /home/airflow/.local/lib/python3.6/site-packages/airflow/example_dags/example_time_delta_sensor_async.py
[2022-01-19 18:14:47,517] {processor.py:642} INFO - Processing file /home/airflow/.local/lib/python3.6/site-packages/airflow/example_dags/example_time_delta_sensor_async.py for tasks to queue
[2022-01-19 18:14:47,518] {logging_mixin.py:109} INFO - [2022-01-19 18:14:47,518] {dagbag.py:500} INFO - Filling up the DagBag from /home/airflow/.local/lib/python3.6/site-packages/airflow/example_dags/example_time_delta_sensor_async.py
[2022-01-19 18:14:47,581] {processor.py:654} INFO - DAG(s) dict_keys(['example_time_delta_sensor_async']) retrieved from /home/airflow/.local/lib/python3.6/site-packages/airflow/example_dags/example_time_delta_sensor_async.py
[2022-01-19 18:14:47,588] {logging_mixin.py:109} INFO - [2022-01-19 18:14:47,588] {dag.py:2396} INFO - Sync 1 DAGs
[2022-01-19 18:14:47,603] {logging_mixin.py:109} INFO - [2022-01-19 18:14:47,603] {dag.py:2935} INFO - Setting next_dagrun for example_time_delta_sensor_async to None
[2022-01-19 18:14:47,610] {processor.py:171} INFO - Processing /home/airflow/.local/lib/python3.6/site-packages/airflow/example_dags/example_time_delta_sensor_async.py took 0.098 seconds
[2022-01-19 18:15:17,969] {processor.py:163} INFO - Started process (PID=921) to work on /home/airflow/.local/lib/python3.6/site-packages/airflow/example_dags/example_time_delta_sensor_async.py
[2022-01-19 18:15:17,970] {processor.py:642} INFO - Processing file /home/airflow/.local/lib/python3.6/site-packages/airflow/example_dags/example_time_delta_sensor_async.py for tasks to queue
[2022-01-19 18:15:17,971] {logging_mixin.py:109} INFO - [2022-01-19 18:15:17,970] {dagbag.py:500} INFO - Filling up the DagBag from /home/airflow/.local/lib/python3.6/site-packages/airflow/example_dags/example_time_delta_sensor_async.py
[2022-01-19 18:15:17,989] {processor.py:654} INFO - DAG(s) dict_keys(['example_time_delta_sensor_async']) retrieved from /home/airflow/.local/lib/python3.6/site-packages/airflow/example_dags/example_time_delta_sensor_async.py
[2022-01-19 18:15:17,996] {logging_mixin.py:109} INFO - [2022-01-19 18:15:17,996] {dag.py:2396} INFO - Sync 1 DAGs
[2022-01-19 18:15:18,010] {logging_mixin.py:109} INFO - [2022-01-19 18:15:18,009] {dag.py:2935} INFO - Setting next_dagrun for example_time_delta_sensor_async to None
[2022-01-19 18:15:18,017] {processor.py:171} INFO - Processing /home/airflow/.local/lib/python3.6/site-packages/airflow/example_dags/example_time_delta_sensor_async.py took 0.050 seconds
[2022-01-19 18:15:48,440] {processor.py:163} INFO - Started process (PID=973) to work on /home/airflow/.local/lib/python3.6/site-packages/airflow/example_dags/example_time_delta_sensor_async.py
[2022-01-19 18:15:48,443] {processor.py:642} INFO - Processing file /home/airflow/.local/lib/python3.6/site-packages/airflow/example_dags/example_time_delta_sensor_async.py for tasks to queue
[2022-01-19 18:15:48,444] {logging_mixin.py:109} INFO - [2022-01-19 18:15:48,444] {dagbag.py:500} INFO - Filling up the DagBag from /home/airflow/.local/lib/python3.6/site-packages/airflow/example_dags/example_time_delta_sensor_async.py
[2022-01-19 18:15:48,486] {processor.py:654} INFO - DAG(s) dict_keys(['example_time_delta_sensor_async']) retrieved from /home/airflow/.local/lib/python3.6/site-packages/airflow/example_dags/example_time_delta_sensor_async.py
[2022-01-19 18:15:48,495] {logging_mixin.py:109} INFO - [2022-01-19 18:15:48,495] {dag.py:2396} INFO - Sync 1 DAGs
[2022-01-19 18:15:48,512] {logging_mixin.py:109} INFO - [2022-01-19 18:15:48,512] {dag.py:2935} INFO - Setting next_dagrun for example_time_delta_sensor_async to None
[2022-01-19 18:15:48,520] {processor.py:171} INFO - Processing /home/airflow/.local/lib/python3.6/site-packages/airflow/example_dags/example_time_delta_sensor_async.py took 0.084 seconds
[2022-01-19 18:16:18,805] {processor.py:163} INFO - Started process (PID=1036) to work on /home/airflow/.local/lib/python3.6/site-packages/airflow/example_dags/example_time_delta_sensor_async.py
[2022-01-19 18:16:18,806] {processor.py:642} INFO - Processing file /home/airflow/.local/lib/python3.6/site-packages/airflow/example_dags/example_time_delta_sensor_async.py for tasks to queue
[2022-01-19 18:16:18,807] {logging_mixin.py:109} INFO - [2022-01-19 18:16:18,807] {dagbag.py:500} INFO - Filling up the DagBag from /home/airflow/.local/lib/python3.6/site-packages/airflow/example_dags/example_time_delta_sensor_async.py
[2022-01-19 18:16:18,833] {processor.py:654} INFO - DAG(s) dict_keys(['example_time_delta_sensor_async']) retrieved from /home/airflow/.local/lib/python3.6/site-packages/airflow/example_dags/example_time_delta_sensor_async.py
[2022-01-19 18:16:18,844] {logging_mixin.py:109} INFO - [2022-01-19 18:16:18,844] {dag.py:2396} INFO - Sync 1 DAGs
[2022-01-19 18:16:18,859] {logging_mixin.py:109} INFO - [2022-01-19 18:16:18,858] {dag.py:2935} INFO - Setting next_dagrun for example_time_delta_sensor_async to None
[2022-01-19 18:16:18,866] {processor.py:171} INFO - Processing /home/airflow/.local/lib/python3.6/site-packages/airflow/example_dags/example_time_delta_sensor_async.py took 0.063 seconds
[2022-01-19 18:16:49,622] {processor.py:163} INFO - Started process (PID=1088) to work on /home/airflow/.local/lib/python3.6/site-packages/airflow/example_dags/example_time_delta_sensor_async.py
[2022-01-19 18:16:49,623] {processor.py:642} INFO - Processing file /home/airflow/.local/lib/python3.6/site-packages/airflow/example_dags/example_time_delta_sensor_async.py for tasks to queue
[2022-01-19 18:16:49,624] {logging_mixin.py:109} INFO - [2022-01-19 18:16:49,624] {dagbag.py:500} INFO - Filling up the DagBag from /home/airflow/.local/lib/python3.6/site-packages/airflow/example_dags/example_time_delta_sensor_async.py
[2022-01-19 18:16:49,649] {processor.py:654} INFO - DAG(s) dict_keys(['example_time_delta_sensor_async']) retrieved from /home/airflow/.local/lib/python3.6/site-packages/airflow/example_dags/example_time_delta_sensor_async.py
[2022-01-19 18:16:49,663] {logging_mixin.py:109} INFO - [2022-01-19 18:16:49,663] {dag.py:2396} INFO - Sync 1 DAGs
[2022-01-19 18:16:49,686] {logging_mixin.py:109} INFO - [2022-01-19 18:16:49,686] {dag.py:2935} INFO - Setting next_dagrun for example_time_delta_sensor_async to None
[2022-01-19 18:16:49,699] {processor.py:171} INFO - Processing /home/airflow/.local/lib/python3.6/site-packages/airflow/example_dags/example_time_delta_sensor_async.py took 0.079 seconds
[2022-01-19 18:17:20,035] {processor.py:163} INFO - Started process (PID=1151) to work on /home/airflow/.local/lib/python3.6/site-packages/airflow/example_dags/example_time_delta_sensor_async.py
[2022-01-19 18:17:20,036] {processor.py:642} INFO - Processing file /home/airflow/.local/lib/python3.6/site-packages/airflow/example_dags/example_time_delta_sensor_async.py for tasks to queue
[2022-01-19 18:17:20,037] {logging_mixin.py:109} INFO - [2022-01-19 18:17:20,037] {dagbag.py:500} INFO - Filling up the DagBag from /home/airflow/.local/lib/python3.6/site-packages/airflow/example_dags/example_time_delta_sensor_async.py
[2022-01-19 18:17:20,070] {processor.py:654} INFO - DAG(s) dict_keys(['example_time_delta_sensor_async']) retrieved from /home/airflow/.local/lib/python3.6/site-packages/airflow/example_dags/example_time_delta_sensor_async.py
[2022-01-19 18:17:20,083] {logging_mixin.py:109} INFO - [2022-01-19 18:17:20,083] {dag.py:2396} INFO - Sync 1 DAGs
[2022-01-19 18:17:20,107] {logging_mixin.py:109} INFO - [2022-01-19 18:17:20,107] {dag.py:2935} INFO - Setting next_dagrun for example_time_delta_sensor_async to None
[2022-01-19 18:17:20,119] {processor.py:171} INFO - Processing /home/airflow/.local/lib/python3.6/site-packages/airflow/example_dags/example_time_delta_sensor_async.py took 0.088 seconds
[2022-01-19 18:17:50,255] {processor.py:163} INFO - Started process (PID=1204) to work on /home/airflow/.local/lib/python3.6/site-packages/airflow/example_dags/example_time_delta_sensor_async.py
[2022-01-19 18:17:50,258] {processor.py:642} INFO - Processing file /home/airflow/.local/lib/python3.6/site-packages/airflow/example_dags/example_time_delta_sensor_async.py for tasks to queue
[2022-01-19 18:17:50,259] {logging_mixin.py:109} INFO - [2022-01-19 18:17:50,259] {dagbag.py:500} INFO - Filling up the DagBag from /home/airflow/.local/lib/python3.6/site-packages/airflow/example_dags/example_time_delta_sensor_async.py
[2022-01-19 18:17:50,298] {processor.py:654} INFO - DAG(s) dict_keys(['example_time_delta_sensor_async']) retrieved from /home/airflow/.local/lib/python3.6/site-packages/airflow/example_dags/example_time_delta_sensor_async.py
[2022-01-19 18:17:50,307] {logging_mixin.py:109} INFO - [2022-01-19 18:17:50,307] {dag.py:2396} INFO - Sync 1 DAGs
[2022-01-19 18:17:50,322] {logging_mixin.py:109} INFO - [2022-01-19 18:17:50,322] {dag.py:2935} INFO - Setting next_dagrun for example_time_delta_sensor_async to None
[2022-01-19 18:17:50,330] {processor.py:171} INFO - Processing /home/airflow/.local/lib/python3.6/site-packages/airflow/example_dags/example_time_delta_sensor_async.py took 0.082 seconds
[2022-01-19 18:18:20,944] {processor.py:163} INFO - Started process (PID=1256) to work on /home/airflow/.local/lib/python3.6/site-packages/airflow/example_dags/example_time_delta_sensor_async.py
[2022-01-19 18:18:20,945] {processor.py:642} INFO - Processing file /home/airflow/.local/lib/python3.6/site-packages/airflow/example_dags/example_time_delta_sensor_async.py for tasks to queue
[2022-01-19 18:18:20,945] {logging_mixin.py:109} INFO - [2022-01-19 18:18:20,945] {dagbag.py:500} INFO - Filling up the DagBag from /home/airflow/.local/lib/python3.6/site-packages/airflow/example_dags/example_time_delta_sensor_async.py
[2022-01-19 18:18:20,966] {processor.py:654} INFO - DAG(s) dict_keys(['example_time_delta_sensor_async']) retrieved from /home/airflow/.local/lib/python3.6/site-packages/airflow/example_dags/example_time_delta_sensor_async.py
[2022-01-19 18:18:20,977] {logging_mixin.py:109} INFO - [2022-01-19 18:18:20,977] {dag.py:2396} INFO - Sync 1 DAGs
[2022-01-19 18:18:20,996] {logging_mixin.py:109} INFO - [2022-01-19 18:18:20,996] {dag.py:2935} INFO - Setting next_dagrun for example_time_delta_sensor_async to None
[2022-01-19 18:18:21,005] {processor.py:171} INFO - Processing /home/airflow/.local/lib/python3.6/site-packages/airflow/example_dags/example_time_delta_sensor_async.py took 0.063 seconds
[2022-01-19 18:18:51,409] {processor.py:163} INFO - Started process (PID=1318) to work on /home/airflow/.local/lib/python3.6/site-packages/airflow/example_dags/example_time_delta_sensor_async.py
[2022-01-19 18:18:51,410] {processor.py:642} INFO - Processing file /home/airflow/.local/lib/python3.6/site-packages/airflow/example_dags/example_time_delta_sensor_async.py for tasks to queue
[2022-01-19 18:18:51,411] {logging_mixin.py:109} INFO - [2022-01-19 18:18:51,411] {dagbag.py:500} INFO - Filling up the DagBag from /home/airflow/.local/lib/python3.6/site-packages/airflow/example_dags/example_time_delta_sensor_async.py
[2022-01-19 18:18:51,441] {processor.py:654} INFO - DAG(s) dict_keys(['example_time_delta_sensor_async']) retrieved from /home/airflow/.local/lib/python3.6/site-packages/airflow/example_dags/example_time_delta_sensor_async.py
[2022-01-19 18:18:51,453] {logging_mixin.py:109} INFO - [2022-01-19 18:18:51,453] {dag.py:2396} INFO - Sync 1 DAGs
[2022-01-19 18:18:51,474] {logging_mixin.py:109} INFO - [2022-01-19 18:18:51,474] {dag.py:2935} INFO - Setting next_dagrun for example_time_delta_sensor_async to None
[2022-01-19 18:18:51,482] {processor.py:171} INFO - Processing /home/airflow/.local/lib/python3.6/site-packages/airflow/example_dags/example_time_delta_sensor_async.py took 0.077 seconds
[2022-01-19 18:19:21,983] {processor.py:163} INFO - Started process (PID=1370) to work on /home/airflow/.local/lib/python3.6/site-packages/airflow/example_dags/example_time_delta_sensor_async.py
[2022-01-19 18:19:21,986] {processor.py:642} INFO - Processing file /home/airflow/.local/lib/python3.6/site-packages/airflow/example_dags/example_time_delta_sensor_async.py for tasks to queue
[2022-01-19 18:19:21,988] {logging_mixin.py:109} INFO - [2022-01-19 18:19:21,988] {dagbag.py:500} INFO - Filling up the DagBag from /home/airflow/.local/lib/python3.6/site-packages/airflow/example_dags/example_time_delta_sensor_async.py
[2022-01-19 18:19:22,024] {processor.py:654} INFO - DAG(s) dict_keys(['example_time_delta_sensor_async']) retrieved from /home/airflow/.local/lib/python3.6/site-packages/airflow/example_dags/example_time_delta_sensor_async.py
[2022-01-19 18:19:22,033] {logging_mixin.py:109} INFO - [2022-01-19 18:19:22,033] {dag.py:2396} INFO - Sync 1 DAGs
[2022-01-19 18:19:22,050] {logging_mixin.py:109} INFO - [2022-01-19 18:19:22,049] {dag.py:2935} INFO - Setting next_dagrun for example_time_delta_sensor_async to None
[2022-01-19 18:19:22,058] {processor.py:171} INFO - Processing /home/airflow/.local/lib/python3.6/site-packages/airflow/example_dags/example_time_delta_sensor_async.py took 0.083 seconds
[2022-01-19 18:19:52,132] {processor.py:163} INFO - Started process (PID=1433) to work on /home/airflow/.local/lib/python3.6/site-packages/airflow/example_dags/example_time_delta_sensor_async.py
[2022-01-19 18:19:52,137] {processor.py:642} INFO - Processing file /home/airflow/.local/lib/python3.6/site-packages/airflow/example_dags/example_time_delta_sensor_async.py for tasks to queue
[2022-01-19 18:19:52,138] {logging_mixin.py:109} INFO - [2022-01-19 18:19:52,138] {dagbag.py:500} INFO - Filling up the DagBag from /home/airflow/.local/lib/python3.6/site-packages/airflow/example_dags/example_time_delta_sensor_async.py
[2022-01-19 18:19:52,173] {processor.py:654} INFO - DAG(s) dict_keys(['example_time_delta_sensor_async']) retrieved from /home/airflow/.local/lib/python3.6/site-packages/airflow/example_dags/example_time_delta_sensor_async.py
[2022-01-19 18:19:52,192] {logging_mixin.py:109} INFO - [2022-01-19 18:19:52,192] {dag.py:2396} INFO - Sync 1 DAGs
[2022-01-19 18:19:52,223] {logging_mixin.py:109} INFO - [2022-01-19 18:19:52,223] {dag.py:2935} INFO - Setting next_dagrun for example_time_delta_sensor_async to None
[2022-01-19 18:19:52,236] {processor.py:171} INFO - Processing /home/airflow/.local/lib/python3.6/site-packages/airflow/example_dags/example_time_delta_sensor_async.py took 0.109 seconds
[2022-01-19 18:20:22,870] {processor.py:163} INFO - Started process (PID=1485) to work on /home/airflow/.local/lib/python3.6/site-packages/airflow/example_dags/example_time_delta_sensor_async.py
[2022-01-19 18:20:22,873] {processor.py:642} INFO - Processing file /home/airflow/.local/lib/python3.6/site-packages/airflow/example_dags/example_time_delta_sensor_async.py for tasks to queue
[2022-01-19 18:20:22,874] {logging_mixin.py:109} INFO - [2022-01-19 18:20:22,874] {dagbag.py:500} INFO - Filling up the DagBag from /home/airflow/.local/lib/python3.6/site-packages/airflow/example_dags/example_time_delta_sensor_async.py
[2022-01-19 18:20:22,913] {processor.py:654} INFO - DAG(s) dict_keys(['example_time_delta_sensor_async']) retrieved from /home/airflow/.local/lib/python3.6/site-packages/airflow/example_dags/example_time_delta_sensor_async.py
[2022-01-19 18:20:22,922] {logging_mixin.py:109} INFO - [2022-01-19 18:20:22,922] {dag.py:2396} INFO - Sync 1 DAGs
[2022-01-19 18:20:22,937] {logging_mixin.py:109} INFO - [2022-01-19 18:20:22,937] {dag.py:2935} INFO - Setting next_dagrun for example_time_delta_sensor_async to None
[2022-01-19 18:20:22,948] {processor.py:171} INFO - Processing /home/airflow/.local/lib/python3.6/site-packages/airflow/example_dags/example_time_delta_sensor_async.py took 0.085 seconds
[2022-01-19 18:20:53,022] {processor.py:163} INFO - Started process (PID=1537) to work on /home/airflow/.local/lib/python3.6/site-packages/airflow/example_dags/example_time_delta_sensor_async.py
[2022-01-19 18:20:53,024] {processor.py:642} INFO - Processing file /home/airflow/.local/lib/python3.6/site-packages/airflow/example_dags/example_time_delta_sensor_async.py for tasks to queue
[2022-01-19 18:20:53,025] {logging_mixin.py:109} INFO - [2022-01-19 18:20:53,025] {dagbag.py:500} INFO - Filling up the DagBag from /home/airflow/.local/lib/python3.6/site-packages/airflow/example_dags/example_time_delta_sensor_async.py
[2022-01-19 18:20:53,078] {processor.py:654} INFO - DAG(s) dict_keys(['example_time_delta_sensor_async']) retrieved from /home/airflow/.local/lib/python3.6/site-packages/airflow/example_dags/example_time_delta_sensor_async.py
[2022-01-19 18:20:53,087] {logging_mixin.py:109} INFO - [2022-01-19 18:20:53,087] {dag.py:2396} INFO - Sync 1 DAGs
[2022-01-19 18:20:53,105] {logging_mixin.py:109} INFO - [2022-01-19 18:20:53,105] {dag.py:2935} INFO - Setting next_dagrun for example_time_delta_sensor_async to None
[2022-01-19 18:20:53,116] {processor.py:171} INFO - Processing /home/airflow/.local/lib/python3.6/site-packages/airflow/example_dags/example_time_delta_sensor_async.py took 0.099 seconds
[2022-01-19 18:21:23,177] {processor.py:163} INFO - Started process (PID=1599) to work on /home/airflow/.local/lib/python3.6/site-packages/airflow/example_dags/example_time_delta_sensor_async.py
[2022-01-19 18:21:23,178] {processor.py:642} INFO - Processing file /home/airflow/.local/lib/python3.6/site-packages/airflow/example_dags/example_time_delta_sensor_async.py for tasks to queue
[2022-01-19 18:21:23,179] {logging_mixin.py:109} INFO - [2022-01-19 18:21:23,179] {dagbag.py:500} INFO - Filling up the DagBag from /home/airflow/.local/lib/python3.6/site-packages/airflow/example_dags/example_time_delta_sensor_async.py
[2022-01-19 18:21:23,213] {processor.py:654} INFO - DAG(s) dict_keys(['example_time_delta_sensor_async']) retrieved from /home/airflow/.local/lib/python3.6/site-packages/airflow/example_dags/example_time_delta_sensor_async.py
[2022-01-19 18:21:23,230] {logging_mixin.py:109} INFO - [2022-01-19 18:21:23,230] {dag.py:2396} INFO - Sync 1 DAGs
[2022-01-19 18:21:23,257] {logging_mixin.py:109} INFO - [2022-01-19 18:21:23,256] {dag.py:2935} INFO - Setting next_dagrun for example_time_delta_sensor_async to None
[2022-01-19 18:21:23,269] {processor.py:171} INFO - Processing /home/airflow/.local/lib/python3.6/site-packages/airflow/example_dags/example_time_delta_sensor_async.py took 0.096 seconds
[2022-01-19 18:21:53,328] {processor.py:163} INFO - Started process (PID=1652) to work on /home/airflow/.local/lib/python3.6/site-packages/airflow/example_dags/example_time_delta_sensor_async.py
[2022-01-19 18:21:53,329] {processor.py:642} INFO - Processing file /home/airflow/.local/lib/python3.6/site-packages/airflow/example_dags/example_time_delta_sensor_async.py for tasks to queue
[2022-01-19 18:21:53,329] {logging_mixin.py:109} INFO - [2022-01-19 18:21:53,329] {dagbag.py:500} INFO - Filling up the DagBag from /home/airflow/.local/lib/python3.6/site-packages/airflow/example_dags/example_time_delta_sensor_async.py
[2022-01-19 18:21:53,352] {processor.py:654} INFO - DAG(s) dict_keys(['example_time_delta_sensor_async']) retrieved from /home/airflow/.local/lib/python3.6/site-packages/airflow/example_dags/example_time_delta_sensor_async.py
[2022-01-19 18:21:53,360] {logging_mixin.py:109} INFO - [2022-01-19 18:21:53,360] {dag.py:2396} INFO - Sync 1 DAGs
[2022-01-19 18:21:53,376] {logging_mixin.py:109} INFO - [2022-01-19 18:21:53,376] {dag.py:2935} INFO - Setting next_dagrun for example_time_delta_sensor_async to None
[2022-01-19 18:21:53,384] {processor.py:171} INFO - Processing /home/airflow/.local/lib/python3.6/site-packages/airflow/example_dags/example_time_delta_sensor_async.py took 0.058 seconds
[2022-01-19 18:22:23,507] {processor.py:163} INFO - Started process (PID=1705) to work on /home/airflow/.local/lib/python3.6/site-packages/airflow/example_dags/example_time_delta_sensor_async.py
[2022-01-19 18:22:23,508] {processor.py:642} INFO - Processing file /home/airflow/.local/lib/python3.6/site-packages/airflow/example_dags/example_time_delta_sensor_async.py for tasks to queue
[2022-01-19 18:22:23,509] {logging_mixin.py:109} INFO - [2022-01-19 18:22:23,509] {dagbag.py:500} INFO - Filling up the DagBag from /home/airflow/.local/lib/python3.6/site-packages/airflow/example_dags/example_time_delta_sensor_async.py
[2022-01-19 18:22:23,542] {processor.py:654} INFO - DAG(s) dict_keys(['example_time_delta_sensor_async']) retrieved from /home/airflow/.local/lib/python3.6/site-packages/airflow/example_dags/example_time_delta_sensor_async.py
[2022-01-19 18:22:23,556] {logging_mixin.py:109} INFO - [2022-01-19 18:22:23,556] {dag.py:2396} INFO - Sync 1 DAGs
[2022-01-19 18:22:23,579] {logging_mixin.py:109} INFO - [2022-01-19 18:22:23,578] {dag.py:2935} INFO - Setting next_dagrun for example_time_delta_sensor_async to None
[2022-01-19 18:22:23,589] {processor.py:171} INFO - Processing /home/airflow/.local/lib/python3.6/site-packages/airflow/example_dags/example_time_delta_sensor_async.py took 0.086 seconds
[2022-01-19 18:22:54,315] {processor.py:163} INFO - Started process (PID=1768) to work on /home/airflow/.local/lib/python3.6/site-packages/airflow/example_dags/example_time_delta_sensor_async.py
[2022-01-19 18:22:54,317] {processor.py:642} INFO - Processing file /home/airflow/.local/lib/python3.6/site-packages/airflow/example_dags/example_time_delta_sensor_async.py for tasks to queue
[2022-01-19 18:22:54,318] {logging_mixin.py:109} INFO - [2022-01-19 18:22:54,318] {dagbag.py:500} INFO - Filling up the DagBag from /home/airflow/.local/lib/python3.6/site-packages/airflow/example_dags/example_time_delta_sensor_async.py
[2022-01-19 18:22:54,356] {processor.py:654} INFO - DAG(s) dict_keys(['example_time_delta_sensor_async']) retrieved from /home/airflow/.local/lib/python3.6/site-packages/airflow/example_dags/example_time_delta_sensor_async.py
[2022-01-19 18:22:54,364] {logging_mixin.py:109} INFO - [2022-01-19 18:22:54,364] {dag.py:2396} INFO - Sync 1 DAGs
[2022-01-19 18:22:54,379] {logging_mixin.py:109} INFO - [2022-01-19 18:22:54,379] {dag.py:2935} INFO - Setting next_dagrun for example_time_delta_sensor_async to None
[2022-01-19 18:22:54,385] {processor.py:171} INFO - Processing /home/airflow/.local/lib/python3.6/site-packages/airflow/example_dags/example_time_delta_sensor_async.py took 0.077 seconds
[2022-01-19 18:23:24,477] {processor.py:163} INFO - Started process (PID=1821) to work on /home/airflow/.local/lib/python3.6/site-packages/airflow/example_dags/example_time_delta_sensor_async.py
[2022-01-19 18:23:24,478] {processor.py:642} INFO - Processing file /home/airflow/.local/lib/python3.6/site-packages/airflow/example_dags/example_time_delta_sensor_async.py for tasks to queue
[2022-01-19 18:23:24,479] {logging_mixin.py:109} INFO - [2022-01-19 18:23:24,478] {dagbag.py:500} INFO - Filling up the DagBag from /home/airflow/.local/lib/python3.6/site-packages/airflow/example_dags/example_time_delta_sensor_async.py
[2022-01-19 18:23:24,512] {processor.py:654} INFO - DAG(s) dict_keys(['example_time_delta_sensor_async']) retrieved from /home/airflow/.local/lib/python3.6/site-packages/airflow/example_dags/example_time_delta_sensor_async.py
[2022-01-19 18:23:24,524] {logging_mixin.py:109} INFO - [2022-01-19 18:23:24,523] {dag.py:2396} INFO - Sync 1 DAGs
[2022-01-19 18:23:24,545] {logging_mixin.py:109} INFO - [2022-01-19 18:23:24,544] {dag.py:2935} INFO - Setting next_dagrun for example_time_delta_sensor_async to None
[2022-01-19 18:23:24,554] {processor.py:171} INFO - Processing /home/airflow/.local/lib/python3.6/site-packages/airflow/example_dags/example_time_delta_sensor_async.py took 0.081 seconds
[2022-01-19 18:23:54,721] {processor.py:163} INFO - Started process (PID=1880) to work on /home/airflow/.local/lib/python3.6/site-packages/airflow/example_dags/example_time_delta_sensor_async.py
[2022-01-19 18:23:54,723] {processor.py:642} INFO - Processing file /home/airflow/.local/lib/python3.6/site-packages/airflow/example_dags/example_time_delta_sensor_async.py for tasks to queue
[2022-01-19 18:23:54,724] {logging_mixin.py:109} INFO - [2022-01-19 18:23:54,724] {dagbag.py:500} INFO - Filling up the DagBag from /home/airflow/.local/lib/python3.6/site-packages/airflow/example_dags/example_time_delta_sensor_async.py
[2022-01-19 18:23:54,751] {processor.py:654} INFO - DAG(s) dict_keys(['example_time_delta_sensor_async']) retrieved from /home/airflow/.local/lib/python3.6/site-packages/airflow/example_dags/example_time_delta_sensor_async.py
[2022-01-19 18:23:54,762] {logging_mixin.py:109} INFO - [2022-01-19 18:23:54,761] {dag.py:2396} INFO - Sync 1 DAGs
[2022-01-19 18:23:54,782] {logging_mixin.py:109} INFO - [2022-01-19 18:23:54,782] {dag.py:2935} INFO - Setting next_dagrun for example_time_delta_sensor_async to None
[2022-01-19 18:23:54,794] {processor.py:171} INFO - Processing /home/airflow/.local/lib/python3.6/site-packages/airflow/example_dags/example_time_delta_sensor_async.py took 0.076 seconds
[2022-01-19 18:24:24,938] {processor.py:163} INFO - Started process (PID=1937) to work on /home/airflow/.local/lib/python3.6/site-packages/airflow/example_dags/example_time_delta_sensor_async.py
[2022-01-19 18:24:24,939] {processor.py:642} INFO - Processing file /home/airflow/.local/lib/python3.6/site-packages/airflow/example_dags/example_time_delta_sensor_async.py for tasks to queue
[2022-01-19 18:24:24,939] {logging_mixin.py:109} INFO - [2022-01-19 18:24:24,939] {dagbag.py:500} INFO - Filling up the DagBag from /home/airflow/.local/lib/python3.6/site-packages/airflow/example_dags/example_time_delta_sensor_async.py
[2022-01-19 18:24:24,959] {processor.py:654} INFO - DAG(s) dict_keys(['example_time_delta_sensor_async']) retrieved from /home/airflow/.local/lib/python3.6/site-packages/airflow/example_dags/example_time_delta_sensor_async.py
[2022-01-19 18:24:24,967] {logging_mixin.py:109} INFO - [2022-01-19 18:24:24,967] {dag.py:2396} INFO - Sync 1 DAGs
[2022-01-19 18:24:24,981] {logging_mixin.py:109} INFO - [2022-01-19 18:24:24,981] {dag.py:2935} INFO - Setting next_dagrun for example_time_delta_sensor_async to None
[2022-01-19 18:24:24,988] {processor.py:171} INFO - Processing /home/airflow/.local/lib/python3.6/site-packages/airflow/example_dags/example_time_delta_sensor_async.py took 0.053 seconds
[2022-01-19 18:24:55,370] {processor.py:163} INFO - Started process (PID=1989) to work on /home/airflow/.local/lib/python3.6/site-packages/airflow/example_dags/example_time_delta_sensor_async.py
[2022-01-19 18:24:55,371] {processor.py:642} INFO - Processing file /home/airflow/.local/lib/python3.6/site-packages/airflow/example_dags/example_time_delta_sensor_async.py for tasks to queue
[2022-01-19 18:24:55,372] {logging_mixin.py:109} INFO - [2022-01-19 18:24:55,371] {dagbag.py:500} INFO - Filling up the DagBag from /home/airflow/.local/lib/python3.6/site-packages/airflow/example_dags/example_time_delta_sensor_async.py
[2022-01-19 18:24:55,392] {processor.py:654} INFO - DAG(s) dict_keys(['example_time_delta_sensor_async']) retrieved from /home/airflow/.local/lib/python3.6/site-packages/airflow/example_dags/example_time_delta_sensor_async.py
[2022-01-19 18:24:55,399] {logging_mixin.py:109} INFO - [2022-01-19 18:24:55,399] {dag.py:2396} INFO - Sync 1 DAGs
[2022-01-19 18:24:55,412] {logging_mixin.py:109} INFO - [2022-01-19 18:24:55,411] {dag.py:2935} INFO - Setting next_dagrun for example_time_delta_sensor_async to None
[2022-01-19 18:24:55,418] {processor.py:171} INFO - Processing /home/airflow/.local/lib/python3.6/site-packages/airflow/example_dags/example_time_delta_sensor_async.py took 0.049 seconds
[2022-01-19 18:25:26,053] {processor.py:163} INFO - Started process (PID=2052) to work on /home/airflow/.local/lib/python3.6/site-packages/airflow/example_dags/example_time_delta_sensor_async.py
[2022-01-19 18:25:26,054] {processor.py:642} INFO - Processing file /home/airflow/.local/lib/python3.6/site-packages/airflow/example_dags/example_time_delta_sensor_async.py for tasks to queue
[2022-01-19 18:25:26,055] {logging_mixin.py:109} INFO - [2022-01-19 18:25:26,055] {dagbag.py:500} INFO - Filling up the DagBag from /home/airflow/.local/lib/python3.6/site-packages/airflow/example_dags/example_time_delta_sensor_async.py
[2022-01-19 18:25:26,075] {processor.py:654} INFO - DAG(s) dict_keys(['example_time_delta_sensor_async']) retrieved from /home/airflow/.local/lib/python3.6/site-packages/airflow/example_dags/example_time_delta_sensor_async.py
[2022-01-19 18:25:26,085] {logging_mixin.py:109} INFO - [2022-01-19 18:25:26,085] {dag.py:2396} INFO - Sync 1 DAGs
[2022-01-19 18:25:26,102] {logging_mixin.py:109} INFO - [2022-01-19 18:25:26,102] {dag.py:2935} INFO - Setting next_dagrun for example_time_delta_sensor_async to None
[2022-01-19 18:25:26,109] {processor.py:171} INFO - Processing /home/airflow/.local/lib/python3.6/site-packages/airflow/example_dags/example_time_delta_sensor_async.py took 0.058 seconds
[2022-01-19 18:25:56,673] {processor.py:163} INFO - Started process (PID=2105) to work on /home/airflow/.local/lib/python3.6/site-packages/airflow/example_dags/example_time_delta_sensor_async.py
[2022-01-19 18:25:56,674] {processor.py:642} INFO - Processing file /home/airflow/.local/lib/python3.6/site-packages/airflow/example_dags/example_time_delta_sensor_async.py for tasks to queue
[2022-01-19 18:25:56,675] {logging_mixin.py:109} INFO - [2022-01-19 18:25:56,675] {dagbag.py:500} INFO - Filling up the DagBag from /home/airflow/.local/lib/python3.6/site-packages/airflow/example_dags/example_time_delta_sensor_async.py
[2022-01-19 18:25:56,711] {processor.py:654} INFO - DAG(s) dict_keys(['example_time_delta_sensor_async']) retrieved from /home/airflow/.local/lib/python3.6/site-packages/airflow/example_dags/example_time_delta_sensor_async.py
[2022-01-19 18:25:56,725] {logging_mixin.py:109} INFO - [2022-01-19 18:25:56,724] {dag.py:2396} INFO - Sync 1 DAGs
[2022-01-19 18:25:56,744] {logging_mixin.py:109} INFO - [2022-01-19 18:25:56,744] {dag.py:2935} INFO - Setting next_dagrun for example_time_delta_sensor_async to None
[2022-01-19 18:25:56,753] {processor.py:171} INFO - Processing /home/airflow/.local/lib/python3.6/site-packages/airflow/example_dags/example_time_delta_sensor_async.py took 0.084 seconds
[2022-01-19 18:26:27,327] {processor.py:163} INFO - Started process (PID=2165) to work on /home/airflow/.local/lib/python3.6/site-packages/airflow/example_dags/example_time_delta_sensor_async.py
[2022-01-19 18:26:27,328] {processor.py:642} INFO - Processing file /home/airflow/.local/lib/python3.6/site-packages/airflow/example_dags/example_time_delta_sensor_async.py for tasks to queue
[2022-01-19 18:26:27,328] {logging_mixin.py:109} INFO - [2022-01-19 18:26:27,328] {dagbag.py:500} INFO - Filling up the DagBag from /home/airflow/.local/lib/python3.6/site-packages/airflow/example_dags/example_time_delta_sensor_async.py
[2022-01-19 18:26:27,347] {processor.py:654} INFO - DAG(s) dict_keys(['example_time_delta_sensor_async']) retrieved from /home/airflow/.local/lib/python3.6/site-packages/airflow/example_dags/example_time_delta_sensor_async.py
[2022-01-19 18:26:27,354] {logging_mixin.py:109} INFO - [2022-01-19 18:26:27,354] {dag.py:2396} INFO - Sync 1 DAGs
[2022-01-19 18:26:27,368] {logging_mixin.py:109} INFO - [2022-01-19 18:26:27,368] {dag.py:2935} INFO - Setting next_dagrun for example_time_delta_sensor_async to None
[2022-01-19 18:26:27,375] {processor.py:171} INFO - Processing /home/airflow/.local/lib/python3.6/site-packages/airflow/example_dags/example_time_delta_sensor_async.py took 0.051 seconds
[2022-01-19 18:26:57,998] {processor.py:163} INFO - Started process (PID=2221) to work on /home/airflow/.local/lib/python3.6/site-packages/airflow/example_dags/example_time_delta_sensor_async.py
[2022-01-19 18:26:57,999] {processor.py:642} INFO - Processing file /home/airflow/.local/lib/python3.6/site-packages/airflow/example_dags/example_time_delta_sensor_async.py for tasks to queue
[2022-01-19 18:26:58,000] {logging_mixin.py:109} INFO - [2022-01-19 18:26:58,000] {dagbag.py:500} INFO - Filling up the DagBag from /home/airflow/.local/lib/python3.6/site-packages/airflow/example_dags/example_time_delta_sensor_async.py
[2022-01-19 18:26:58,032] {processor.py:654} INFO - DAG(s) dict_keys(['example_time_delta_sensor_async']) retrieved from /home/airflow/.local/lib/python3.6/site-packages/airflow/example_dags/example_time_delta_sensor_async.py
[2022-01-19 18:26:58,044] {logging_mixin.py:109} INFO - [2022-01-19 18:26:58,044] {dag.py:2396} INFO - Sync 1 DAGs
[2022-01-19 18:26:58,064] {logging_mixin.py:109} INFO - [2022-01-19 18:26:58,064] {dag.py:2935} INFO - Setting next_dagrun for example_time_delta_sensor_async to None
[2022-01-19 18:26:58,074] {processor.py:171} INFO - Processing /home/airflow/.local/lib/python3.6/site-packages/airflow/example_dags/example_time_delta_sensor_async.py took 0.079 seconds
[2022-01-19 18:27:28,290] {processor.py:163} INFO - Started process (PID=2273) to work on /home/airflow/.local/lib/python3.6/site-packages/airflow/example_dags/example_time_delta_sensor_async.py
[2022-01-19 18:27:28,291] {processor.py:642} INFO - Processing file /home/airflow/.local/lib/python3.6/site-packages/airflow/example_dags/example_time_delta_sensor_async.py for tasks to queue
[2022-01-19 18:27:28,292] {logging_mixin.py:109} INFO - [2022-01-19 18:27:28,292] {dagbag.py:500} INFO - Filling up the DagBag from /home/airflow/.local/lib/python3.6/site-packages/airflow/example_dags/example_time_delta_sensor_async.py
[2022-01-19 18:27:28,315] {processor.py:654} INFO - DAG(s) dict_keys(['example_time_delta_sensor_async']) retrieved from /home/airflow/.local/lib/python3.6/site-packages/airflow/example_dags/example_time_delta_sensor_async.py
[2022-01-19 18:27:28,328] {logging_mixin.py:109} INFO - [2022-01-19 18:27:28,327] {dag.py:2396} INFO - Sync 1 DAGs
[2022-01-19 18:27:28,351] {logging_mixin.py:109} INFO - [2022-01-19 18:27:28,351] {dag.py:2935} INFO - Setting next_dagrun for example_time_delta_sensor_async to None
[2022-01-19 18:27:28,362] {processor.py:171} INFO - Processing /home/airflow/.local/lib/python3.6/site-packages/airflow/example_dags/example_time_delta_sensor_async.py took 0.076 seconds
[2022-01-19 18:27:59,068] {processor.py:163} INFO - Started process (PID=2338) to work on /home/airflow/.local/lib/python3.6/site-packages/airflow/example_dags/example_time_delta_sensor_async.py
[2022-01-19 18:27:59,069] {processor.py:642} INFO - Processing file /home/airflow/.local/lib/python3.6/site-packages/airflow/example_dags/example_time_delta_sensor_async.py for tasks to queue
[2022-01-19 18:27:59,070] {logging_mixin.py:109} INFO - [2022-01-19 18:27:59,070] {dagbag.py:500} INFO - Filling up the DagBag from /home/airflow/.local/lib/python3.6/site-packages/airflow/example_dags/example_time_delta_sensor_async.py
[2022-01-19 18:27:59,103] {processor.py:654} INFO - DAG(s) dict_keys(['example_time_delta_sensor_async']) retrieved from /home/airflow/.local/lib/python3.6/site-packages/airflow/example_dags/example_time_delta_sensor_async.py
[2022-01-19 18:27:59,116] {logging_mixin.py:109} INFO - [2022-01-19 18:27:59,116] {dag.py:2396} INFO - Sync 1 DAGs
[2022-01-19 18:27:59,138] {logging_mixin.py:109} INFO - [2022-01-19 18:27:59,138] {dag.py:2935} INFO - Setting next_dagrun for example_time_delta_sensor_async to None
[2022-01-19 18:27:59,150] {processor.py:171} INFO - Processing /home/airflow/.local/lib/python3.6/site-packages/airflow/example_dags/example_time_delta_sensor_async.py took 0.086 seconds
[2022-01-19 18:28:29,786] {processor.py:163} INFO - Started process (PID=2391) to work on /home/airflow/.local/lib/python3.6/site-packages/airflow/example_dags/example_time_delta_sensor_async.py
[2022-01-19 18:28:29,787] {processor.py:642} INFO - Processing file /home/airflow/.local/lib/python3.6/site-packages/airflow/example_dags/example_time_delta_sensor_async.py for tasks to queue
[2022-01-19 18:28:29,788] {logging_mixin.py:109} INFO - [2022-01-19 18:28:29,788] {dagbag.py:500} INFO - Filling up the DagBag from /home/airflow/.local/lib/python3.6/site-packages/airflow/example_dags/example_time_delta_sensor_async.py
[2022-01-19 18:28:29,827] {processor.py:654} INFO - DAG(s) dict_keys(['example_time_delta_sensor_async']) retrieved from /home/airflow/.local/lib/python3.6/site-packages/airflow/example_dags/example_time_delta_sensor_async.py
[2022-01-19 18:28:29,842] {logging_mixin.py:109} INFO - [2022-01-19 18:28:29,842] {dag.py:2396} INFO - Sync 1 DAGs
[2022-01-19 18:28:29,859] {logging_mixin.py:109} INFO - [2022-01-19 18:28:29,859] {dag.py:2935} INFO - Setting next_dagrun for example_time_delta_sensor_async to None
[2022-01-19 18:28:29,866] {processor.py:171} INFO - Processing /home/airflow/.local/lib/python3.6/site-packages/airflow/example_dags/example_time_delta_sensor_async.py took 0.084 seconds
[2022-01-19 18:28:59,884] {processor.py:163} INFO - Started process (PID=2444) to work on /home/airflow/.local/lib/python3.6/site-packages/airflow/example_dags/example_time_delta_sensor_async.py
[2022-01-19 18:28:59,886] {processor.py:642} INFO - Processing file /home/airflow/.local/lib/python3.6/site-packages/airflow/example_dags/example_time_delta_sensor_async.py for tasks to queue
[2022-01-19 18:28:59,886] {logging_mixin.py:109} INFO - [2022-01-19 18:28:59,886] {dagbag.py:500} INFO - Filling up the DagBag from /home/airflow/.local/lib/python3.6/site-packages/airflow/example_dags/example_time_delta_sensor_async.py
[2022-01-19 18:28:59,916] {processor.py:654} INFO - DAG(s) dict_keys(['example_time_delta_sensor_async']) retrieved from /home/airflow/.local/lib/python3.6/site-packages/airflow/example_dags/example_time_delta_sensor_async.py
[2022-01-19 18:28:59,928] {logging_mixin.py:109} INFO - [2022-01-19 18:28:59,928] {dag.py:2396} INFO - Sync 1 DAGs
[2022-01-19 18:28:59,944] {logging_mixin.py:109} INFO - [2022-01-19 18:28:59,944] {dag.py:2935} INFO - Setting next_dagrun for example_time_delta_sensor_async to None
[2022-01-19 18:28:59,952] {processor.py:171} INFO - Processing /home/airflow/.local/lib/python3.6/site-packages/airflow/example_dags/example_time_delta_sensor_async.py took 0.071 seconds
[2022-01-19 18:29:30,638] {processor.py:163} INFO - Started process (PID=2507) to work on /home/airflow/.local/lib/python3.6/site-packages/airflow/example_dags/example_time_delta_sensor_async.py
[2022-01-19 18:29:30,640] {processor.py:642} INFO - Processing file /home/airflow/.local/lib/python3.6/site-packages/airflow/example_dags/example_time_delta_sensor_async.py for tasks to queue
[2022-01-19 18:29:30,642] {logging_mixin.py:109} INFO - [2022-01-19 18:29:30,641] {dagbag.py:500} INFO - Filling up the DagBag from /home/airflow/.local/lib/python3.6/site-packages/airflow/example_dags/example_time_delta_sensor_async.py
[2022-01-19 18:29:30,683] {processor.py:654} INFO - DAG(s) dict_keys(['example_time_delta_sensor_async']) retrieved from /home/airflow/.local/lib/python3.6/site-packages/airflow/example_dags/example_time_delta_sensor_async.py
[2022-01-19 18:29:30,702] {logging_mixin.py:109} INFO - [2022-01-19 18:29:30,702] {dag.py:2396} INFO - Sync 1 DAGs
[2022-01-19 18:29:30,732] {logging_mixin.py:109} INFO - [2022-01-19 18:29:30,732] {dag.py:2935} INFO - Setting next_dagrun for example_time_delta_sensor_async to None
[2022-01-19 18:29:30,746] {processor.py:171} INFO - Processing /home/airflow/.local/lib/python3.6/site-packages/airflow/example_dags/example_time_delta_sensor_async.py took 0.113 seconds
[2022-01-19 18:30:01,529] {processor.py:163} INFO - Started process (PID=2560) to work on /home/airflow/.local/lib/python3.6/site-packages/airflow/example_dags/example_time_delta_sensor_async.py
[2022-01-19 18:30:01,533] {processor.py:642} INFO - Processing file /home/airflow/.local/lib/python3.6/site-packages/airflow/example_dags/example_time_delta_sensor_async.py for tasks to queue
[2022-01-19 18:30:01,535] {logging_mixin.py:109} INFO - [2022-01-19 18:30:01,535] {dagbag.py:500} INFO - Filling up the DagBag from /home/airflow/.local/lib/python3.6/site-packages/airflow/example_dags/example_time_delta_sensor_async.py
[2022-01-19 18:30:01,568] {processor.py:654} INFO - DAG(s) dict_keys(['example_time_delta_sensor_async']) retrieved from /home/airflow/.local/lib/python3.6/site-packages/airflow/example_dags/example_time_delta_sensor_async.py
[2022-01-19 18:30:01,577] {logging_mixin.py:109} INFO - [2022-01-19 18:30:01,577] {dag.py:2396} INFO - Sync 1 DAGs
[2022-01-19 18:30:01,594] {logging_mixin.py:109} INFO - [2022-01-19 18:30:01,594] {dag.py:2935} INFO - Setting next_dagrun for example_time_delta_sensor_async to None
[2022-01-19 18:30:01,603] {processor.py:171} INFO - Processing /home/airflow/.local/lib/python3.6/site-packages/airflow/example_dags/example_time_delta_sensor_async.py took 0.082 seconds
[2022-01-19 18:30:32,137] {processor.py:163} INFO - Started process (PID=2623) to work on /home/airflow/.local/lib/python3.6/site-packages/airflow/example_dags/example_time_delta_sensor_async.py
[2022-01-19 18:30:32,138] {processor.py:642} INFO - Processing file /home/airflow/.local/lib/python3.6/site-packages/airflow/example_dags/example_time_delta_sensor_async.py for tasks to queue
[2022-01-19 18:30:32,139] {logging_mixin.py:109} INFO - [2022-01-19 18:30:32,139] {dagbag.py:500} INFO - Filling up the DagBag from /home/airflow/.local/lib/python3.6/site-packages/airflow/example_dags/example_time_delta_sensor_async.py
[2022-01-19 18:30:32,171] {processor.py:654} INFO - DAG(s) dict_keys(['example_time_delta_sensor_async']) retrieved from /home/airflow/.local/lib/python3.6/site-packages/airflow/example_dags/example_time_delta_sensor_async.py
[2022-01-19 18:30:32,183] {logging_mixin.py:109} INFO - [2022-01-19 18:30:32,183] {dag.py:2396} INFO - Sync 1 DAGs
[2022-01-19 18:30:32,204] {logging_mixin.py:109} INFO - [2022-01-19 18:30:32,204] {dag.py:2935} INFO - Setting next_dagrun for example_time_delta_sensor_async to None
[2022-01-19 18:30:32,212] {processor.py:171} INFO - Processing /home/airflow/.local/lib/python3.6/site-packages/airflow/example_dags/example_time_delta_sensor_async.py took 0.079 seconds
[2022-01-19 18:31:02,743] {processor.py:163} INFO - Started process (PID=2675) to work on /home/airflow/.local/lib/python3.6/site-packages/airflow/example_dags/example_time_delta_sensor_async.py
[2022-01-19 18:31:02,744] {processor.py:642} INFO - Processing file /home/airflow/.local/lib/python3.6/site-packages/airflow/example_dags/example_time_delta_sensor_async.py for tasks to queue
[2022-01-19 18:31:02,745] {logging_mixin.py:109} INFO - [2022-01-19 18:31:02,744] {dagbag.py:500} INFO - Filling up the DagBag from /home/airflow/.local/lib/python3.6/site-packages/airflow/example_dags/example_time_delta_sensor_async.py
[2022-01-19 18:31:02,764] {processor.py:654} INFO - DAG(s) dict_keys(['example_time_delta_sensor_async']) retrieved from /home/airflow/.local/lib/python3.6/site-packages/airflow/example_dags/example_time_delta_sensor_async.py
[2022-01-19 18:31:02,775] {logging_mixin.py:109} INFO - [2022-01-19 18:31:02,775] {dag.py:2396} INFO - Sync 1 DAGs
[2022-01-19 18:31:02,791] {logging_mixin.py:109} INFO - [2022-01-19 18:31:02,791] {dag.py:2935} INFO - Setting next_dagrun for example_time_delta_sensor_async to None
[2022-01-19 18:31:02,799] {processor.py:171} INFO - Processing /home/airflow/.local/lib/python3.6/site-packages/airflow/example_dags/example_time_delta_sensor_async.py took 0.057 seconds
