[2022-01-19 18:09:59,783] {processor.py:163} INFO - Started process (PID=210) to work on /home/airflow/.local/lib/python3.6/site-packages/airflow/example_dags/example_latest_only.py
[2022-01-19 18:09:59,784] {processor.py:642} INFO - Processing file /home/airflow/.local/lib/python3.6/site-packages/airflow/example_dags/example_latest_only.py for tasks to queue
[2022-01-19 18:09:59,784] {logging_mixin.py:109} INFO - [2022-01-19 18:09:59,784] {dagbag.py:500} INFO - Filling up the DagBag from /home/airflow/.local/lib/python3.6/site-packages/airflow/example_dags/example_latest_only.py
[2022-01-19 18:09:59,811] {processor.py:654} INFO - DAG(s) dict_keys(['latest_only']) retrieved from /home/airflow/.local/lib/python3.6/site-packages/airflow/example_dags/example_latest_only.py
[2022-01-19 18:10:02,141] {logging_mixin.py:109} INFO - [2022-01-19 18:10:02,141] {manager.py:496} INFO - Created Permission View: can read on DAG:latest_only
[2022-01-19 18:10:02,152] {logging_mixin.py:109} INFO - [2022-01-19 18:10:02,152] {manager.py:496} INFO - Created Permission View: can edit on DAG:latest_only
[2022-01-19 18:10:02,154] {logging_mixin.py:109} INFO - [2022-01-19 18:10:02,152] {dag.py:2396} INFO - Sync 1 DAGs
[2022-01-19 18:10:02,172] {logging_mixin.py:109} INFO - [2022-01-19 18:10:02,170] {dag.py:2415} INFO - Creating ORM DAG for latest_only
[2022-01-19 18:10:02,184] {logging_mixin.py:109} INFO - [2022-01-19 18:10:02,183] {dag.py:2935} INFO - Setting next_dagrun for latest_only to 2022-01-19T14:10:02.183666+00:00
[2022-01-19 18:10:02,200] {processor.py:171} INFO - Processing /home/airflow/.local/lib/python3.6/site-packages/airflow/example_dags/example_latest_only.py took 2.420 seconds
[2022-01-19 18:10:32,318] {processor.py:163} INFO - Started process (PID=384) to work on /home/airflow/.local/lib/python3.6/site-packages/airflow/example_dags/example_latest_only.py
[2022-01-19 18:10:32,319] {processor.py:642} INFO - Processing file /home/airflow/.local/lib/python3.6/site-packages/airflow/example_dags/example_latest_only.py for tasks to queue
[2022-01-19 18:10:32,320] {logging_mixin.py:109} INFO - [2022-01-19 18:10:32,320] {dagbag.py:500} INFO - Filling up the DagBag from /home/airflow/.local/lib/python3.6/site-packages/airflow/example_dags/example_latest_only.py
[2022-01-19 18:10:32,351] {processor.py:654} INFO - DAG(s) dict_keys(['latest_only']) retrieved from /home/airflow/.local/lib/python3.6/site-packages/airflow/example_dags/example_latest_only.py
[2022-01-19 18:10:32,367] {logging_mixin.py:109} INFO - [2022-01-19 18:10:32,366] {dag.py:2396} INFO - Sync 1 DAGs
[2022-01-19 18:10:32,394] {logging_mixin.py:109} INFO - [2022-01-19 18:10:32,394] {dag.py:2935} INFO - Setting next_dagrun for latest_only to 2022-01-19T14:10:32.393576+00:00
[2022-01-19 18:10:32,406] {processor.py:171} INFO - Processing /home/airflow/.local/lib/python3.6/site-packages/airflow/example_dags/example_latest_only.py took 0.091 seconds
[2022-01-19 18:11:02,512] {processor.py:163} INFO - Started process (PID=436) to work on /home/airflow/.local/lib/python3.6/site-packages/airflow/example_dags/example_latest_only.py
[2022-01-19 18:11:02,514] {processor.py:642} INFO - Processing file /home/airflow/.local/lib/python3.6/site-packages/airflow/example_dags/example_latest_only.py for tasks to queue
[2022-01-19 18:11:02,515] {logging_mixin.py:109} INFO - [2022-01-19 18:11:02,514] {dagbag.py:500} INFO - Filling up the DagBag from /home/airflow/.local/lib/python3.6/site-packages/airflow/example_dags/example_latest_only.py
[2022-01-19 18:11:02,553] {processor.py:654} INFO - DAG(s) dict_keys(['latest_only']) retrieved from /home/airflow/.local/lib/python3.6/site-packages/airflow/example_dags/example_latest_only.py
[2022-01-19 18:11:02,568] {logging_mixin.py:109} INFO - [2022-01-19 18:11:02,568] {dag.py:2396} INFO - Sync 1 DAGs
[2022-01-19 18:11:02,593] {logging_mixin.py:109} INFO - [2022-01-19 18:11:02,593] {dag.py:2935} INFO - Setting next_dagrun for latest_only to 2022-01-19T14:11:02.593033+00:00
[2022-01-19 18:11:02,608] {processor.py:171} INFO - Processing /home/airflow/.local/lib/python3.6/site-packages/airflow/example_dags/example_latest_only.py took 0.100 seconds
[2022-01-19 18:11:32,633] {processor.py:163} INFO - Started process (PID=489) to work on /home/airflow/.local/lib/python3.6/site-packages/airflow/example_dags/example_latest_only.py
[2022-01-19 18:11:32,633] {processor.py:642} INFO - Processing file /home/airflow/.local/lib/python3.6/site-packages/airflow/example_dags/example_latest_only.py for tasks to queue
[2022-01-19 18:11:32,634] {logging_mixin.py:109} INFO - [2022-01-19 18:11:32,634] {dagbag.py:500} INFO - Filling up the DagBag from /home/airflow/.local/lib/python3.6/site-packages/airflow/example_dags/example_latest_only.py
[2022-01-19 18:11:32,656] {processor.py:654} INFO - DAG(s) dict_keys(['latest_only']) retrieved from /home/airflow/.local/lib/python3.6/site-packages/airflow/example_dags/example_latest_only.py
[2022-01-19 18:11:32,666] {logging_mixin.py:109} INFO - [2022-01-19 18:11:32,666] {dag.py:2396} INFO - Sync 1 DAGs
[2022-01-19 18:11:32,682] {logging_mixin.py:109} INFO - [2022-01-19 18:11:32,681] {dag.py:2935} INFO - Setting next_dagrun for latest_only to 2022-01-19T14:11:32.681697+00:00
[2022-01-19 18:11:32,690] {processor.py:171} INFO - Processing /home/airflow/.local/lib/python3.6/site-packages/airflow/example_dags/example_latest_only.py took 0.060 seconds
[2022-01-19 18:12:02,971] {processor.py:163} INFO - Started process (PID=553) to work on /home/airflow/.local/lib/python3.6/site-packages/airflow/example_dags/example_latest_only.py
[2022-01-19 18:12:02,972] {processor.py:642} INFO - Processing file /home/airflow/.local/lib/python3.6/site-packages/airflow/example_dags/example_latest_only.py for tasks to queue
[2022-01-19 18:12:02,972] {logging_mixin.py:109} INFO - [2022-01-19 18:12:02,972] {dagbag.py:500} INFO - Filling up the DagBag from /home/airflow/.local/lib/python3.6/site-packages/airflow/example_dags/example_latest_only.py
[2022-01-19 18:12:03,006] {processor.py:654} INFO - DAG(s) dict_keys(['latest_only']) retrieved from /home/airflow/.local/lib/python3.6/site-packages/airflow/example_dags/example_latest_only.py
[2022-01-19 18:12:03,021] {logging_mixin.py:109} INFO - [2022-01-19 18:12:03,021] {dag.py:2396} INFO - Sync 1 DAGs
[2022-01-19 18:12:03,049] {logging_mixin.py:109} INFO - [2022-01-19 18:12:03,049] {dag.py:2935} INFO - Setting next_dagrun for latest_only to 2022-01-19T14:12:03.049012+00:00
[2022-01-19 18:12:03,062] {processor.py:171} INFO - Processing /home/airflow/.local/lib/python3.6/site-packages/airflow/example_dags/example_latest_only.py took 0.095 seconds
[2022-01-19 18:12:33,775] {processor.py:163} INFO - Started process (PID=605) to work on /home/airflow/.local/lib/python3.6/site-packages/airflow/example_dags/example_latest_only.py
[2022-01-19 18:12:33,777] {processor.py:642} INFO - Processing file /home/airflow/.local/lib/python3.6/site-packages/airflow/example_dags/example_latest_only.py for tasks to queue
[2022-01-19 18:12:33,777] {logging_mixin.py:109} INFO - [2022-01-19 18:12:33,777] {dagbag.py:500} INFO - Filling up the DagBag from /home/airflow/.local/lib/python3.6/site-packages/airflow/example_dags/example_latest_only.py
[2022-01-19 18:12:33,806] {processor.py:654} INFO - DAG(s) dict_keys(['latest_only']) retrieved from /home/airflow/.local/lib/python3.6/site-packages/airflow/example_dags/example_latest_only.py
[2022-01-19 18:12:33,817] {logging_mixin.py:109} INFO - [2022-01-19 18:12:33,817] {dag.py:2396} INFO - Sync 1 DAGs
[2022-01-19 18:12:33,835] {logging_mixin.py:109} INFO - [2022-01-19 18:12:33,834] {dag.py:2935} INFO - Setting next_dagrun for latest_only to 2022-01-19T14:12:33.834625+00:00
[2022-01-19 18:12:33,844] {processor.py:171} INFO - Processing /home/airflow/.local/lib/python3.6/site-packages/airflow/example_dags/example_latest_only.py took 0.072 seconds
[2022-01-19 18:13:04,274] {processor.py:163} INFO - Started process (PID=657) to work on /home/airflow/.local/lib/python3.6/site-packages/airflow/example_dags/example_latest_only.py
[2022-01-19 18:13:04,275] {processor.py:642} INFO - Processing file /home/airflow/.local/lib/python3.6/site-packages/airflow/example_dags/example_latest_only.py for tasks to queue
[2022-01-19 18:13:04,275] {logging_mixin.py:109} INFO - [2022-01-19 18:13:04,275] {dagbag.py:500} INFO - Filling up the DagBag from /home/airflow/.local/lib/python3.6/site-packages/airflow/example_dags/example_latest_only.py
[2022-01-19 18:13:04,297] {processor.py:654} INFO - DAG(s) dict_keys(['latest_only']) retrieved from /home/airflow/.local/lib/python3.6/site-packages/airflow/example_dags/example_latest_only.py
[2022-01-19 18:13:04,308] {logging_mixin.py:109} INFO - [2022-01-19 18:13:04,308] {dag.py:2396} INFO - Sync 1 DAGs
[2022-01-19 18:13:04,326] {logging_mixin.py:109} INFO - [2022-01-19 18:13:04,326] {dag.py:2935} INFO - Setting next_dagrun for latest_only to 2022-01-19T14:13:04.326523+00:00
[2022-01-19 18:13:04,338] {processor.py:171} INFO - Processing /home/airflow/.local/lib/python3.6/site-packages/airflow/example_dags/example_latest_only.py took 0.066 seconds
[2022-01-19 18:13:34,973] {processor.py:163} INFO - Started process (PID=737) to work on /home/airflow/.local/lib/python3.6/site-packages/airflow/example_dags/example_latest_only.py
[2022-01-19 18:13:34,974] {processor.py:642} INFO - Processing file /home/airflow/.local/lib/python3.6/site-packages/airflow/example_dags/example_latest_only.py for tasks to queue
[2022-01-19 18:13:34,975] {logging_mixin.py:109} INFO - [2022-01-19 18:13:34,975] {dagbag.py:500} INFO - Filling up the DagBag from /home/airflow/.local/lib/python3.6/site-packages/airflow/example_dags/example_latest_only.py
[2022-01-19 18:13:34,998] {processor.py:654} INFO - DAG(s) dict_keys(['latest_only']) retrieved from /home/airflow/.local/lib/python3.6/site-packages/airflow/example_dags/example_latest_only.py
[2022-01-19 18:13:35,008] {logging_mixin.py:109} INFO - [2022-01-19 18:13:35,008] {dag.py:2396} INFO - Sync 1 DAGs
[2022-01-19 18:13:35,026] {logging_mixin.py:109} INFO - [2022-01-19 18:13:35,026] {dag.py:2935} INFO - Setting next_dagrun for latest_only to 2022-01-19T14:13:35.026334+00:00
[2022-01-19 18:13:35,035] {processor.py:171} INFO - Processing /home/airflow/.local/lib/python3.6/site-packages/airflow/example_dags/example_latest_only.py took 0.064 seconds
[2022-01-19 18:14:05,592] {processor.py:163} INFO - Started process (PID=790) to work on /home/airflow/.local/lib/python3.6/site-packages/airflow/example_dags/example_latest_only.py
[2022-01-19 18:14:05,593] {processor.py:642} INFO - Processing file /home/airflow/.local/lib/python3.6/site-packages/airflow/example_dags/example_latest_only.py for tasks to queue
[2022-01-19 18:14:05,593] {logging_mixin.py:109} INFO - [2022-01-19 18:14:05,593] {dagbag.py:500} INFO - Filling up the DagBag from /home/airflow/.local/lib/python3.6/site-packages/airflow/example_dags/example_latest_only.py
[2022-01-19 18:14:05,618] {processor.py:654} INFO - DAG(s) dict_keys(['latest_only']) retrieved from /home/airflow/.local/lib/python3.6/site-packages/airflow/example_dags/example_latest_only.py
[2022-01-19 18:14:05,629] {logging_mixin.py:109} INFO - [2022-01-19 18:14:05,629] {dag.py:2396} INFO - Sync 1 DAGs
[2022-01-19 18:14:05,652] {logging_mixin.py:109} INFO - [2022-01-19 18:14:05,651] {dag.py:2935} INFO - Setting next_dagrun for latest_only to 2022-01-19T14:14:05.651655+00:00
[2022-01-19 18:14:05,660] {processor.py:171} INFO - Processing /home/airflow/.local/lib/python3.6/site-packages/airflow/example_dags/example_latest_only.py took 0.071 seconds
[2022-01-19 18:14:36,157] {processor.py:163} INFO - Started process (PID=852) to work on /home/airflow/.local/lib/python3.6/site-packages/airflow/example_dags/example_latest_only.py
[2022-01-19 18:14:36,158] {processor.py:642} INFO - Processing file /home/airflow/.local/lib/python3.6/site-packages/airflow/example_dags/example_latest_only.py for tasks to queue
[2022-01-19 18:14:36,158] {logging_mixin.py:109} INFO - [2022-01-19 18:14:36,158] {dagbag.py:500} INFO - Filling up the DagBag from /home/airflow/.local/lib/python3.6/site-packages/airflow/example_dags/example_latest_only.py
[2022-01-19 18:14:36,180] {processor.py:654} INFO - DAG(s) dict_keys(['latest_only']) retrieved from /home/airflow/.local/lib/python3.6/site-packages/airflow/example_dags/example_latest_only.py
[2022-01-19 18:14:36,190] {logging_mixin.py:109} INFO - [2022-01-19 18:14:36,189] {dag.py:2396} INFO - Sync 1 DAGs
[2022-01-19 18:14:36,207] {logging_mixin.py:109} INFO - [2022-01-19 18:14:36,207] {dag.py:2935} INFO - Setting next_dagrun for latest_only to 2022-01-19T14:14:36.207381+00:00
[2022-01-19 18:14:36,216] {processor.py:171} INFO - Processing /home/airflow/.local/lib/python3.6/site-packages/airflow/example_dags/example_latest_only.py took 0.061 seconds
[2022-01-19 18:15:06,678] {processor.py:163} INFO - Started process (PID=904) to work on /home/airflow/.local/lib/python3.6/site-packages/airflow/example_dags/example_latest_only.py
[2022-01-19 18:15:06,678] {processor.py:642} INFO - Processing file /home/airflow/.local/lib/python3.6/site-packages/airflow/example_dags/example_latest_only.py for tasks to queue
[2022-01-19 18:15:06,679] {logging_mixin.py:109} INFO - [2022-01-19 18:15:06,679] {dagbag.py:500} INFO - Filling up the DagBag from /home/airflow/.local/lib/python3.6/site-packages/airflow/example_dags/example_latest_only.py
[2022-01-19 18:15:06,701] {processor.py:654} INFO - DAG(s) dict_keys(['latest_only']) retrieved from /home/airflow/.local/lib/python3.6/site-packages/airflow/example_dags/example_latest_only.py
[2022-01-19 18:15:06,709] {logging_mixin.py:109} INFO - [2022-01-19 18:15:06,709] {dag.py:2396} INFO - Sync 1 DAGs
[2022-01-19 18:15:06,724] {logging_mixin.py:109} INFO - [2022-01-19 18:15:06,724] {dag.py:2935} INFO - Setting next_dagrun for latest_only to 2022-01-19T14:15:06.723883+00:00
[2022-01-19 18:15:06,731] {processor.py:171} INFO - Processing /home/airflow/.local/lib/python3.6/site-packages/airflow/example_dags/example_latest_only.py took 0.056 seconds
[2022-01-19 18:15:37,178] {processor.py:163} INFO - Started process (PID=956) to work on /home/airflow/.local/lib/python3.6/site-packages/airflow/example_dags/example_latest_only.py
[2022-01-19 18:15:37,179] {processor.py:642} INFO - Processing file /home/airflow/.local/lib/python3.6/site-packages/airflow/example_dags/example_latest_only.py for tasks to queue
[2022-01-19 18:15:37,180] {logging_mixin.py:109} INFO - [2022-01-19 18:15:37,180] {dagbag.py:500} INFO - Filling up the DagBag from /home/airflow/.local/lib/python3.6/site-packages/airflow/example_dags/example_latest_only.py
[2022-01-19 18:15:37,206] {processor.py:654} INFO - DAG(s) dict_keys(['latest_only']) retrieved from /home/airflow/.local/lib/python3.6/site-packages/airflow/example_dags/example_latest_only.py
[2022-01-19 18:15:37,217] {logging_mixin.py:109} INFO - [2022-01-19 18:15:37,216] {dag.py:2396} INFO - Sync 1 DAGs
[2022-01-19 18:15:37,237] {logging_mixin.py:109} INFO - [2022-01-19 18:15:37,237] {dag.py:2935} INFO - Setting next_dagrun for latest_only to 2022-01-19T14:15:37.237508+00:00
[2022-01-19 18:15:37,245] {processor.py:171} INFO - Processing /home/airflow/.local/lib/python3.6/site-packages/airflow/example_dags/example_latest_only.py took 0.069 seconds
[2022-01-19 18:16:07,544] {processor.py:163} INFO - Started process (PID=1019) to work on /home/airflow/.local/lib/python3.6/site-packages/airflow/example_dags/example_latest_only.py
[2022-01-19 18:16:07,545] {processor.py:642} INFO - Processing file /home/airflow/.local/lib/python3.6/site-packages/airflow/example_dags/example_latest_only.py for tasks to queue
[2022-01-19 18:16:07,545] {logging_mixin.py:109} INFO - [2022-01-19 18:16:07,545] {dagbag.py:500} INFO - Filling up the DagBag from /home/airflow/.local/lib/python3.6/site-packages/airflow/example_dags/example_latest_only.py
[2022-01-19 18:16:07,569] {processor.py:654} INFO - DAG(s) dict_keys(['latest_only']) retrieved from /home/airflow/.local/lib/python3.6/site-packages/airflow/example_dags/example_latest_only.py
[2022-01-19 18:16:07,578] {logging_mixin.py:109} INFO - [2022-01-19 18:16:07,577] {dag.py:2396} INFO - Sync 1 DAGs
[2022-01-19 18:16:07,592] {logging_mixin.py:109} INFO - [2022-01-19 18:16:07,592] {dag.py:2935} INFO - Setting next_dagrun for latest_only to 2022-01-19T14:16:07.592430+00:00
[2022-01-19 18:16:07,601] {processor.py:171} INFO - Processing /home/airflow/.local/lib/python3.6/site-packages/airflow/example_dags/example_latest_only.py took 0.059 seconds
[2022-01-19 18:16:38,257] {processor.py:163} INFO - Started process (PID=1071) to work on /home/airflow/.local/lib/python3.6/site-packages/airflow/example_dags/example_latest_only.py
[2022-01-19 18:16:38,259] {processor.py:642} INFO - Processing file /home/airflow/.local/lib/python3.6/site-packages/airflow/example_dags/example_latest_only.py for tasks to queue
[2022-01-19 18:16:38,260] {logging_mixin.py:109} INFO - [2022-01-19 18:16:38,260] {dagbag.py:500} INFO - Filling up the DagBag from /home/airflow/.local/lib/python3.6/site-packages/airflow/example_dags/example_latest_only.py
[2022-01-19 18:16:38,309] {processor.py:654} INFO - DAG(s) dict_keys(['latest_only']) retrieved from /home/airflow/.local/lib/python3.6/site-packages/airflow/example_dags/example_latest_only.py
[2022-01-19 18:16:38,331] {logging_mixin.py:109} INFO - [2022-01-19 18:16:38,330] {dag.py:2396} INFO - Sync 1 DAGs
[2022-01-19 18:16:38,361] {logging_mixin.py:109} INFO - [2022-01-19 18:16:38,361] {dag.py:2935} INFO - Setting next_dagrun for latest_only to 2022-01-19T14:16:38.361252+00:00
[2022-01-19 18:16:38,378] {processor.py:171} INFO - Processing /home/airflow/.local/lib/python3.6/site-packages/airflow/example_dags/example_latest_only.py took 0.127 seconds
[2022-01-19 18:17:08,762] {processor.py:163} INFO - Started process (PID=1134) to work on /home/airflow/.local/lib/python3.6/site-packages/airflow/example_dags/example_latest_only.py
[2022-01-19 18:17:08,763] {processor.py:642} INFO - Processing file /home/airflow/.local/lib/python3.6/site-packages/airflow/example_dags/example_latest_only.py for tasks to queue
[2022-01-19 18:17:08,764] {logging_mixin.py:109} INFO - [2022-01-19 18:17:08,764] {dagbag.py:500} INFO - Filling up the DagBag from /home/airflow/.local/lib/python3.6/site-packages/airflow/example_dags/example_latest_only.py
[2022-01-19 18:17:08,792] {processor.py:654} INFO - DAG(s) dict_keys(['latest_only']) retrieved from /home/airflow/.local/lib/python3.6/site-packages/airflow/example_dags/example_latest_only.py
[2022-01-19 18:17:08,806] {logging_mixin.py:109} INFO - [2022-01-19 18:17:08,806] {dag.py:2396} INFO - Sync 1 DAGs
[2022-01-19 18:17:08,824] {logging_mixin.py:109} INFO - [2022-01-19 18:17:08,824] {dag.py:2935} INFO - Setting next_dagrun for latest_only to 2022-01-19T14:17:08.824225+00:00
[2022-01-19 18:17:08,833] {processor.py:171} INFO - Processing /home/airflow/.local/lib/python3.6/site-packages/airflow/example_dags/example_latest_only.py took 0.074 seconds
[2022-01-19 18:17:38,962] {processor.py:163} INFO - Started process (PID=1186) to work on /home/airflow/.local/lib/python3.6/site-packages/airflow/example_dags/example_latest_only.py
[2022-01-19 18:17:38,963] {processor.py:642} INFO - Processing file /home/airflow/.local/lib/python3.6/site-packages/airflow/example_dags/example_latest_only.py for tasks to queue
[2022-01-19 18:17:38,964] {logging_mixin.py:109} INFO - [2022-01-19 18:17:38,963] {dagbag.py:500} INFO - Filling up the DagBag from /home/airflow/.local/lib/python3.6/site-packages/airflow/example_dags/example_latest_only.py
[2022-01-19 18:17:38,990] {processor.py:654} INFO - DAG(s) dict_keys(['latest_only']) retrieved from /home/airflow/.local/lib/python3.6/site-packages/airflow/example_dags/example_latest_only.py
[2022-01-19 18:17:39,002] {logging_mixin.py:109} INFO - [2022-01-19 18:17:39,002] {dag.py:2396} INFO - Sync 1 DAGs
[2022-01-19 18:17:39,019] {logging_mixin.py:109} INFO - [2022-01-19 18:17:39,019] {dag.py:2935} INFO - Setting next_dagrun for latest_only to 2022-01-19T14:17:39.019339+00:00
[2022-01-19 18:17:39,027] {processor.py:171} INFO - Processing /home/airflow/.local/lib/python3.6/site-packages/airflow/example_dags/example_latest_only.py took 0.068 seconds
[2022-01-19 18:18:09,487] {processor.py:163} INFO - Started process (PID=1249) to work on /home/airflow/.local/lib/python3.6/site-packages/airflow/example_dags/example_latest_only.py
[2022-01-19 18:18:09,489] {processor.py:642} INFO - Processing file /home/airflow/.local/lib/python3.6/site-packages/airflow/example_dags/example_latest_only.py for tasks to queue
[2022-01-19 18:18:09,490] {logging_mixin.py:109} INFO - [2022-01-19 18:18:09,490] {dagbag.py:500} INFO - Filling up the DagBag from /home/airflow/.local/lib/python3.6/site-packages/airflow/example_dags/example_latest_only.py
[2022-01-19 18:18:09,531] {processor.py:654} INFO - DAG(s) dict_keys(['latest_only']) retrieved from /home/airflow/.local/lib/python3.6/site-packages/airflow/example_dags/example_latest_only.py
[2022-01-19 18:18:09,549] {logging_mixin.py:109} INFO - [2022-01-19 18:18:09,548] {dag.py:2396} INFO - Sync 1 DAGs
[2022-01-19 18:18:09,584] {logging_mixin.py:109} INFO - [2022-01-19 18:18:09,583] {dag.py:2935} INFO - Setting next_dagrun for latest_only to 2022-01-19T14:18:09.583351+00:00
[2022-01-19 18:18:09,601] {processor.py:171} INFO - Processing /home/airflow/.local/lib/python3.6/site-packages/airflow/example_dags/example_latest_only.py took 0.117 seconds
[2022-01-19 18:18:40,087] {processor.py:163} INFO - Started process (PID=1301) to work on /home/airflow/.local/lib/python3.6/site-packages/airflow/example_dags/example_latest_only.py
[2022-01-19 18:18:40,088] {processor.py:642} INFO - Processing file /home/airflow/.local/lib/python3.6/site-packages/airflow/example_dags/example_latest_only.py for tasks to queue
[2022-01-19 18:18:40,088] {logging_mixin.py:109} INFO - [2022-01-19 18:18:40,088] {dagbag.py:500} INFO - Filling up the DagBag from /home/airflow/.local/lib/python3.6/site-packages/airflow/example_dags/example_latest_only.py
[2022-01-19 18:18:40,112] {processor.py:654} INFO - DAG(s) dict_keys(['latest_only']) retrieved from /home/airflow/.local/lib/python3.6/site-packages/airflow/example_dags/example_latest_only.py
[2022-01-19 18:18:40,122] {logging_mixin.py:109} INFO - [2022-01-19 18:18:40,122] {dag.py:2396} INFO - Sync 1 DAGs
[2022-01-19 18:18:40,137] {logging_mixin.py:109} INFO - [2022-01-19 18:18:40,137] {dag.py:2935} INFO - Setting next_dagrun for latest_only to 2022-01-19T14:18:40.137491+00:00
[2022-01-19 18:18:40,145] {processor.py:171} INFO - Processing /home/airflow/.local/lib/python3.6/site-packages/airflow/example_dags/example_latest_only.py took 0.061 seconds
[2022-01-19 18:19:10,652] {processor.py:163} INFO - Started process (PID=1353) to work on /home/airflow/.local/lib/python3.6/site-packages/airflow/example_dags/example_latest_only.py
[2022-01-19 18:19:10,653] {processor.py:642} INFO - Processing file /home/airflow/.local/lib/python3.6/site-packages/airflow/example_dags/example_latest_only.py for tasks to queue
[2022-01-19 18:19:10,654] {logging_mixin.py:109} INFO - [2022-01-19 18:19:10,654] {dagbag.py:500} INFO - Filling up the DagBag from /home/airflow/.local/lib/python3.6/site-packages/airflow/example_dags/example_latest_only.py
[2022-01-19 18:19:10,684] {processor.py:654} INFO - DAG(s) dict_keys(['latest_only']) retrieved from /home/airflow/.local/lib/python3.6/site-packages/airflow/example_dags/example_latest_only.py
[2022-01-19 18:19:10,695] {logging_mixin.py:109} INFO - [2022-01-19 18:19:10,695] {dag.py:2396} INFO - Sync 1 DAGs
[2022-01-19 18:19:10,712] {logging_mixin.py:109} INFO - [2022-01-19 18:19:10,712] {dag.py:2935} INFO - Setting next_dagrun for latest_only to 2022-01-19T14:19:10.712329+00:00
[2022-01-19 18:19:10,721] {processor.py:171} INFO - Processing /home/airflow/.local/lib/python3.6/site-packages/airflow/example_dags/example_latest_only.py took 0.072 seconds
[2022-01-19 18:19:40,779] {processor.py:163} INFO - Started process (PID=1416) to work on /home/airflow/.local/lib/python3.6/site-packages/airflow/example_dags/example_latest_only.py
[2022-01-19 18:19:40,781] {processor.py:642} INFO - Processing file /home/airflow/.local/lib/python3.6/site-packages/airflow/example_dags/example_latest_only.py for tasks to queue
[2022-01-19 18:19:40,782] {logging_mixin.py:109} INFO - [2022-01-19 18:19:40,782] {dagbag.py:500} INFO - Filling up the DagBag from /home/airflow/.local/lib/python3.6/site-packages/airflow/example_dags/example_latest_only.py
[2022-01-19 18:19:40,813] {processor.py:654} INFO - DAG(s) dict_keys(['latest_only']) retrieved from /home/airflow/.local/lib/python3.6/site-packages/airflow/example_dags/example_latest_only.py
[2022-01-19 18:19:40,827] {logging_mixin.py:109} INFO - [2022-01-19 18:19:40,827] {dag.py:2396} INFO - Sync 1 DAGs
[2022-01-19 18:19:40,845] {logging_mixin.py:109} INFO - [2022-01-19 18:19:40,845] {dag.py:2935} INFO - Setting next_dagrun for latest_only to 2022-01-19T14:19:40.844873+00:00
[2022-01-19 18:19:40,854] {processor.py:171} INFO - Processing /home/airflow/.local/lib/python3.6/site-packages/airflow/example_dags/example_latest_only.py took 0.079 seconds
[2022-01-19 18:20:11,485] {processor.py:163} INFO - Started process (PID=1468) to work on /home/airflow/.local/lib/python3.6/site-packages/airflow/example_dags/example_latest_only.py
[2022-01-19 18:20:11,485] {processor.py:642} INFO - Processing file /home/airflow/.local/lib/python3.6/site-packages/airflow/example_dags/example_latest_only.py for tasks to queue
[2022-01-19 18:20:11,486] {logging_mixin.py:109} INFO - [2022-01-19 18:20:11,486] {dagbag.py:500} INFO - Filling up the DagBag from /home/airflow/.local/lib/python3.6/site-packages/airflow/example_dags/example_latest_only.py
[2022-01-19 18:20:11,535] {processor.py:654} INFO - DAG(s) dict_keys(['latest_only']) retrieved from /home/airflow/.local/lib/python3.6/site-packages/airflow/example_dags/example_latest_only.py
[2022-01-19 18:20:11,548] {logging_mixin.py:109} INFO - [2022-01-19 18:20:11,547] {dag.py:2396} INFO - Sync 1 DAGs
[2022-01-19 18:20:11,567] {logging_mixin.py:109} INFO - [2022-01-19 18:20:11,567] {dag.py:2935} INFO - Setting next_dagrun for latest_only to 2022-01-19T14:20:11.567510+00:00
[2022-01-19 18:20:11,576] {processor.py:171} INFO - Processing /home/airflow/.local/lib/python3.6/site-packages/airflow/example_dags/example_latest_only.py took 0.094 seconds
[2022-01-19 18:20:41,644] {processor.py:163} INFO - Started process (PID=1520) to work on /home/airflow/.local/lib/python3.6/site-packages/airflow/example_dags/example_latest_only.py
[2022-01-19 18:20:41,645] {processor.py:642} INFO - Processing file /home/airflow/.local/lib/python3.6/site-packages/airflow/example_dags/example_latest_only.py for tasks to queue
[2022-01-19 18:20:41,646] {logging_mixin.py:109} INFO - [2022-01-19 18:20:41,646] {dagbag.py:500} INFO - Filling up the DagBag from /home/airflow/.local/lib/python3.6/site-packages/airflow/example_dags/example_latest_only.py
[2022-01-19 18:20:41,673] {processor.py:654} INFO - DAG(s) dict_keys(['latest_only']) retrieved from /home/airflow/.local/lib/python3.6/site-packages/airflow/example_dags/example_latest_only.py
[2022-01-19 18:20:41,684] {logging_mixin.py:109} INFO - [2022-01-19 18:20:41,684] {dag.py:2396} INFO - Sync 1 DAGs
[2022-01-19 18:20:41,703] {logging_mixin.py:109} INFO - [2022-01-19 18:20:41,703] {dag.py:2935} INFO - Setting next_dagrun for latest_only to 2022-01-19T14:20:41.703477+00:00
[2022-01-19 18:20:41,713] {processor.py:171} INFO - Processing /home/airflow/.local/lib/python3.6/site-packages/airflow/example_dags/example_latest_only.py took 0.072 seconds
[2022-01-19 18:21:12,625] {processor.py:163} INFO - Started process (PID=1582) to work on /home/airflow/.local/lib/python3.6/site-packages/airflow/example_dags/example_latest_only.py
[2022-01-19 18:21:12,626] {processor.py:642} INFO - Processing file /home/airflow/.local/lib/python3.6/site-packages/airflow/example_dags/example_latest_only.py for tasks to queue
[2022-01-19 18:21:12,627] {logging_mixin.py:109} INFO - [2022-01-19 18:21:12,627] {dagbag.py:500} INFO - Filling up the DagBag from /home/airflow/.local/lib/python3.6/site-packages/airflow/example_dags/example_latest_only.py
[2022-01-19 18:21:12,646] {processor.py:654} INFO - DAG(s) dict_keys(['latest_only']) retrieved from /home/airflow/.local/lib/python3.6/site-packages/airflow/example_dags/example_latest_only.py
[2022-01-19 18:21:12,655] {logging_mixin.py:109} INFO - [2022-01-19 18:21:12,654] {dag.py:2396} INFO - Sync 1 DAGs
[2022-01-19 18:21:12,669] {logging_mixin.py:109} INFO - [2022-01-19 18:21:12,669] {dag.py:2935} INFO - Setting next_dagrun for latest_only to 2022-01-19T14:21:12.668904+00:00
[2022-01-19 18:21:12,676] {processor.py:171} INFO - Processing /home/airflow/.local/lib/python3.6/site-packages/airflow/example_dags/example_latest_only.py took 0.053 seconds
[2022-01-19 18:21:42,896] {processor.py:163} INFO - Started process (PID=1634) to work on /home/airflow/.local/lib/python3.6/site-packages/airflow/example_dags/example_latest_only.py
[2022-01-19 18:21:42,897] {processor.py:642} INFO - Processing file /home/airflow/.local/lib/python3.6/site-packages/airflow/example_dags/example_latest_only.py for tasks to queue
[2022-01-19 18:21:42,898] {logging_mixin.py:109} INFO - [2022-01-19 18:21:42,897] {dagbag.py:500} INFO - Filling up the DagBag from /home/airflow/.local/lib/python3.6/site-packages/airflow/example_dags/example_latest_only.py
[2022-01-19 18:21:42,933] {processor.py:654} INFO - DAG(s) dict_keys(['latest_only']) retrieved from /home/airflow/.local/lib/python3.6/site-packages/airflow/example_dags/example_latest_only.py
[2022-01-19 18:21:42,945] {logging_mixin.py:109} INFO - [2022-01-19 18:21:42,945] {dag.py:2396} INFO - Sync 1 DAGs
[2022-01-19 18:21:42,968] {logging_mixin.py:109} INFO - [2022-01-19 18:21:42,968] {dag.py:2935} INFO - Setting next_dagrun for latest_only to 2022-01-19T14:21:42.967961+00:00
[2022-01-19 18:21:42,978] {processor.py:171} INFO - Processing /home/airflow/.local/lib/python3.6/site-packages/airflow/example_dags/example_latest_only.py took 0.084 seconds
[2022-01-19 18:22:13,902] {processor.py:163} INFO - Started process (PID=1698) to work on /home/airflow/.local/lib/python3.6/site-packages/airflow/example_dags/example_latest_only.py
[2022-01-19 18:22:13,904] {processor.py:642} INFO - Processing file /home/airflow/.local/lib/python3.6/site-packages/airflow/example_dags/example_latest_only.py for tasks to queue
[2022-01-19 18:22:13,905] {logging_mixin.py:109} INFO - [2022-01-19 18:22:13,905] {dagbag.py:500} INFO - Filling up the DagBag from /home/airflow/.local/lib/python3.6/site-packages/airflow/example_dags/example_latest_only.py
[2022-01-19 18:22:13,942] {processor.py:654} INFO - DAG(s) dict_keys(['latest_only']) retrieved from /home/airflow/.local/lib/python3.6/site-packages/airflow/example_dags/example_latest_only.py
[2022-01-19 18:22:13,962] {logging_mixin.py:109} INFO - [2022-01-19 18:22:13,962] {dag.py:2396} INFO - Sync 1 DAGs
[2022-01-19 18:22:13,995] {logging_mixin.py:109} INFO - [2022-01-19 18:22:13,994] {dag.py:2935} INFO - Setting next_dagrun for latest_only to 2022-01-19T14:22:13.994464+00:00
[2022-01-19 18:22:14,011] {processor.py:171} INFO - Processing /home/airflow/.local/lib/python3.6/site-packages/airflow/example_dags/example_latest_only.py took 0.118 seconds
[2022-01-19 18:22:44,985] {processor.py:163} INFO - Started process (PID=1751) to work on /home/airflow/.local/lib/python3.6/site-packages/airflow/example_dags/example_latest_only.py
[2022-01-19 18:22:44,986] {processor.py:642} INFO - Processing file /home/airflow/.local/lib/python3.6/site-packages/airflow/example_dags/example_latest_only.py for tasks to queue
[2022-01-19 18:22:44,987] {logging_mixin.py:109} INFO - [2022-01-19 18:22:44,986] {dagbag.py:500} INFO - Filling up the DagBag from /home/airflow/.local/lib/python3.6/site-packages/airflow/example_dags/example_latest_only.py
[2022-01-19 18:22:45,007] {processor.py:654} INFO - DAG(s) dict_keys(['latest_only']) retrieved from /home/airflow/.local/lib/python3.6/site-packages/airflow/example_dags/example_latest_only.py
[2022-01-19 18:22:45,016] {logging_mixin.py:109} INFO - [2022-01-19 18:22:45,016] {dag.py:2396} INFO - Sync 1 DAGs
[2022-01-19 18:22:45,030] {logging_mixin.py:109} INFO - [2022-01-19 18:22:45,030] {dag.py:2935} INFO - Setting next_dagrun for latest_only to 2022-01-19T14:22:45.030429+00:00
[2022-01-19 18:22:45,037] {processor.py:171} INFO - Processing /home/airflow/.local/lib/python3.6/site-packages/airflow/example_dags/example_latest_only.py took 0.054 seconds
[2022-01-19 18:23:15,806] {processor.py:163} INFO - Started process (PID=1803) to work on /home/airflow/.local/lib/python3.6/site-packages/airflow/example_dags/example_latest_only.py
[2022-01-19 18:23:15,807] {processor.py:642} INFO - Processing file /home/airflow/.local/lib/python3.6/site-packages/airflow/example_dags/example_latest_only.py for tasks to queue
[2022-01-19 18:23:15,808] {logging_mixin.py:109} INFO - [2022-01-19 18:23:15,808] {dagbag.py:500} INFO - Filling up the DagBag from /home/airflow/.local/lib/python3.6/site-packages/airflow/example_dags/example_latest_only.py
[2022-01-19 18:23:15,845] {processor.py:654} INFO - DAG(s) dict_keys(['latest_only']) retrieved from /home/airflow/.local/lib/python3.6/site-packages/airflow/example_dags/example_latest_only.py
[2022-01-19 18:23:15,860] {logging_mixin.py:109} INFO - [2022-01-19 18:23:15,860] {dag.py:2396} INFO - Sync 1 DAGs
[2022-01-19 18:23:15,890] {logging_mixin.py:109} INFO - [2022-01-19 18:23:15,889] {dag.py:2935} INFO - Setting next_dagrun for latest_only to 2022-01-19T14:23:15.889530+00:00
[2022-01-19 18:23:15,903] {processor.py:171} INFO - Processing /home/airflow/.local/lib/python3.6/site-packages/airflow/example_dags/example_latest_only.py took 0.101 seconds
[2022-01-19 18:23:46,050] {processor.py:163} INFO - Started process (PID=1865) to work on /home/airflow/.local/lib/python3.6/site-packages/airflow/example_dags/example_latest_only.py
[2022-01-19 18:23:46,051] {processor.py:642} INFO - Processing file /home/airflow/.local/lib/python3.6/site-packages/airflow/example_dags/example_latest_only.py for tasks to queue
[2022-01-19 18:23:46,052] {logging_mixin.py:109} INFO - [2022-01-19 18:23:46,052] {dagbag.py:500} INFO - Filling up the DagBag from /home/airflow/.local/lib/python3.6/site-packages/airflow/example_dags/example_latest_only.py
[2022-01-19 18:23:46,087] {processor.py:654} INFO - DAG(s) dict_keys(['latest_only']) retrieved from /home/airflow/.local/lib/python3.6/site-packages/airflow/example_dags/example_latest_only.py
[2022-01-19 18:23:46,099] {logging_mixin.py:109} INFO - [2022-01-19 18:23:46,099] {dag.py:2396} INFO - Sync 1 DAGs
[2022-01-19 18:23:46,115] {logging_mixin.py:109} INFO - [2022-01-19 18:23:46,115] {dag.py:2935} INFO - Setting next_dagrun for latest_only to 2022-01-19T14:23:46.115288+00:00
[2022-01-19 18:23:46,123] {processor.py:171} INFO - Processing /home/airflow/.local/lib/python3.6/site-packages/airflow/example_dags/example_latest_only.py took 0.077 seconds
[2022-01-19 18:24:16,517] {processor.py:163} INFO - Started process (PID=1919) to work on /home/airflow/.local/lib/python3.6/site-packages/airflow/example_dags/example_latest_only.py
[2022-01-19 18:24:16,518] {processor.py:642} INFO - Processing file /home/airflow/.local/lib/python3.6/site-packages/airflow/example_dags/example_latest_only.py for tasks to queue
[2022-01-19 18:24:16,519] {logging_mixin.py:109} INFO - [2022-01-19 18:24:16,519] {dagbag.py:500} INFO - Filling up the DagBag from /home/airflow/.local/lib/python3.6/site-packages/airflow/example_dags/example_latest_only.py
[2022-01-19 18:24:16,551] {processor.py:654} INFO - DAG(s) dict_keys(['latest_only']) retrieved from /home/airflow/.local/lib/python3.6/site-packages/airflow/example_dags/example_latest_only.py
[2022-01-19 18:24:16,566] {logging_mixin.py:109} INFO - [2022-01-19 18:24:16,565] {dag.py:2396} INFO - Sync 1 DAGs
[2022-01-19 18:24:16,591] {logging_mixin.py:109} INFO - [2022-01-19 18:24:16,590] {dag.py:2935} INFO - Setting next_dagrun for latest_only to 2022-01-19T14:24:16.590516+00:00
[2022-01-19 18:24:16,601] {processor.py:171} INFO - Processing /home/airflow/.local/lib/python3.6/site-packages/airflow/example_dags/example_latest_only.py took 0.089 seconds
[2022-01-19 18:24:46,900] {processor.py:163} INFO - Started process (PID=1972) to work on /home/airflow/.local/lib/python3.6/site-packages/airflow/example_dags/example_latest_only.py
[2022-01-19 18:24:46,901] {processor.py:642} INFO - Processing file /home/airflow/.local/lib/python3.6/site-packages/airflow/example_dags/example_latest_only.py for tasks to queue
[2022-01-19 18:24:46,901] {logging_mixin.py:109} INFO - [2022-01-19 18:24:46,901] {dagbag.py:500} INFO - Filling up the DagBag from /home/airflow/.local/lib/python3.6/site-packages/airflow/example_dags/example_latest_only.py
[2022-01-19 18:24:46,922] {processor.py:654} INFO - DAG(s) dict_keys(['latest_only']) retrieved from /home/airflow/.local/lib/python3.6/site-packages/airflow/example_dags/example_latest_only.py
[2022-01-19 18:24:46,930] {logging_mixin.py:109} INFO - [2022-01-19 18:24:46,930] {dag.py:2396} INFO - Sync 1 DAGs
[2022-01-19 18:24:46,952] {logging_mixin.py:109} INFO - [2022-01-19 18:24:46,952] {dag.py:2935} INFO - Setting next_dagrun for latest_only to 2022-01-19T14:24:46.952373+00:00
[2022-01-19 18:24:46,963] {processor.py:171} INFO - Processing /home/airflow/.local/lib/python3.6/site-packages/airflow/example_dags/example_latest_only.py took 0.065 seconds
[2022-01-19 18:25:17,708] {processor.py:163} INFO - Started process (PID=2034) to work on /home/airflow/.local/lib/python3.6/site-packages/airflow/example_dags/example_latest_only.py
[2022-01-19 18:25:17,709] {processor.py:642} INFO - Processing file /home/airflow/.local/lib/python3.6/site-packages/airflow/example_dags/example_latest_only.py for tasks to queue
[2022-01-19 18:25:17,709] {logging_mixin.py:109} INFO - [2022-01-19 18:25:17,709] {dagbag.py:500} INFO - Filling up the DagBag from /home/airflow/.local/lib/python3.6/site-packages/airflow/example_dags/example_latest_only.py
[2022-01-19 18:25:17,730] {processor.py:654} INFO - DAG(s) dict_keys(['latest_only']) retrieved from /home/airflow/.local/lib/python3.6/site-packages/airflow/example_dags/example_latest_only.py
[2022-01-19 18:25:17,740] {logging_mixin.py:109} INFO - [2022-01-19 18:25:17,740] {dag.py:2396} INFO - Sync 1 DAGs
[2022-01-19 18:25:17,759] {logging_mixin.py:109} INFO - [2022-01-19 18:25:17,758] {dag.py:2935} INFO - Setting next_dagrun for latest_only to 2022-01-19T14:25:17.758711+00:00
[2022-01-19 18:25:17,767] {processor.py:171} INFO - Processing /home/airflow/.local/lib/python3.6/site-packages/airflow/example_dags/example_latest_only.py took 0.061 seconds
[2022-01-19 18:25:48,354] {processor.py:163} INFO - Started process (PID=2088) to work on /home/airflow/.local/lib/python3.6/site-packages/airflow/example_dags/example_latest_only.py
[2022-01-19 18:25:48,355] {processor.py:642} INFO - Processing file /home/airflow/.local/lib/python3.6/site-packages/airflow/example_dags/example_latest_only.py for tasks to queue
[2022-01-19 18:25:48,356] {logging_mixin.py:109} INFO - [2022-01-19 18:25:48,355] {dagbag.py:500} INFO - Filling up the DagBag from /home/airflow/.local/lib/python3.6/site-packages/airflow/example_dags/example_latest_only.py
[2022-01-19 18:25:48,375] {processor.py:654} INFO - DAG(s) dict_keys(['latest_only']) retrieved from /home/airflow/.local/lib/python3.6/site-packages/airflow/example_dags/example_latest_only.py
[2022-01-19 18:25:48,384] {logging_mixin.py:109} INFO - [2022-01-19 18:25:48,384] {dag.py:2396} INFO - Sync 1 DAGs
[2022-01-19 18:25:48,399] {logging_mixin.py:109} INFO - [2022-01-19 18:25:48,399] {dag.py:2935} INFO - Setting next_dagrun for latest_only to 2022-01-19T14:25:48.398994+00:00
[2022-01-19 18:25:48,406] {processor.py:171} INFO - Processing /home/airflow/.local/lib/python3.6/site-packages/airflow/example_dags/example_latest_only.py took 0.054 seconds
[2022-01-19 18:26:19,067] {processor.py:163} INFO - Started process (PID=2151) to work on /home/airflow/.local/lib/python3.6/site-packages/airflow/example_dags/example_latest_only.py
[2022-01-19 18:26:19,068] {processor.py:642} INFO - Processing file /home/airflow/.local/lib/python3.6/site-packages/airflow/example_dags/example_latest_only.py for tasks to queue
[2022-01-19 18:26:19,069] {logging_mixin.py:109} INFO - [2022-01-19 18:26:19,069] {dagbag.py:500} INFO - Filling up the DagBag from /home/airflow/.local/lib/python3.6/site-packages/airflow/example_dags/example_latest_only.py
[2022-01-19 18:26:19,091] {processor.py:654} INFO - DAG(s) dict_keys(['latest_only']) retrieved from /home/airflow/.local/lib/python3.6/site-packages/airflow/example_dags/example_latest_only.py
[2022-01-19 18:26:19,100] {logging_mixin.py:109} INFO - [2022-01-19 18:26:19,099] {dag.py:2396} INFO - Sync 1 DAGs
[2022-01-19 18:26:19,117] {logging_mixin.py:109} INFO - [2022-01-19 18:26:19,117] {dag.py:2935} INFO - Setting next_dagrun for latest_only to 2022-01-19T14:26:19.117334+00:00
[2022-01-19 18:26:19,126] {processor.py:171} INFO - Processing /home/airflow/.local/lib/python3.6/site-packages/airflow/example_dags/example_latest_only.py took 0.061 seconds
[2022-01-19 18:26:49,672] {processor.py:163} INFO - Started process (PID=2204) to work on /home/airflow/.local/lib/python3.6/site-packages/airflow/example_dags/example_latest_only.py
[2022-01-19 18:26:49,673] {processor.py:642} INFO - Processing file /home/airflow/.local/lib/python3.6/site-packages/airflow/example_dags/example_latest_only.py for tasks to queue
[2022-01-19 18:26:49,673] {logging_mixin.py:109} INFO - [2022-01-19 18:26:49,673] {dagbag.py:500} INFO - Filling up the DagBag from /home/airflow/.local/lib/python3.6/site-packages/airflow/example_dags/example_latest_only.py
[2022-01-19 18:26:49,693] {processor.py:654} INFO - DAG(s) dict_keys(['latest_only']) retrieved from /home/airflow/.local/lib/python3.6/site-packages/airflow/example_dags/example_latest_only.py
[2022-01-19 18:26:49,702] {logging_mixin.py:109} INFO - [2022-01-19 18:26:49,702] {dag.py:2396} INFO - Sync 1 DAGs
[2022-01-19 18:26:49,718] {logging_mixin.py:109} INFO - [2022-01-19 18:26:49,718] {dag.py:2935} INFO - Setting next_dagrun for latest_only to 2022-01-19T14:26:49.717930+00:00
[2022-01-19 18:26:49,726] {processor.py:171} INFO - Processing /home/airflow/.local/lib/python3.6/site-packages/airflow/example_dags/example_latest_only.py took 0.056 seconds
[2022-01-19 18:27:20,544] {processor.py:163} INFO - Started process (PID=2266) to work on /home/airflow/.local/lib/python3.6/site-packages/airflow/example_dags/example_latest_only.py
[2022-01-19 18:27:20,545] {processor.py:642} INFO - Processing file /home/airflow/.local/lib/python3.6/site-packages/airflow/example_dags/example_latest_only.py for tasks to queue
[2022-01-19 18:27:20,546] {logging_mixin.py:109} INFO - [2022-01-19 18:27:20,546] {dagbag.py:500} INFO - Filling up the DagBag from /home/airflow/.local/lib/python3.6/site-packages/airflow/example_dags/example_latest_only.py
[2022-01-19 18:27:20,574] {processor.py:654} INFO - DAG(s) dict_keys(['latest_only']) retrieved from /home/airflow/.local/lib/python3.6/site-packages/airflow/example_dags/example_latest_only.py
[2022-01-19 18:27:20,586] {logging_mixin.py:109} INFO - [2022-01-19 18:27:20,586] {dag.py:2396} INFO - Sync 1 DAGs
[2022-01-19 18:27:20,607] {logging_mixin.py:109} INFO - [2022-01-19 18:27:20,607] {dag.py:2935} INFO - Setting next_dagrun for latest_only to 2022-01-19T14:27:20.607132+00:00
[2022-01-19 18:27:20,624] {processor.py:171} INFO - Processing /home/airflow/.local/lib/python3.6/site-packages/airflow/example_dags/example_latest_only.py took 0.083 seconds
[2022-01-19 18:27:50,693] {processor.py:163} INFO - Started process (PID=2320) to work on /home/airflow/.local/lib/python3.6/site-packages/airflow/example_dags/example_latest_only.py
[2022-01-19 18:27:50,694] {processor.py:642} INFO - Processing file /home/airflow/.local/lib/python3.6/site-packages/airflow/example_dags/example_latest_only.py for tasks to queue
[2022-01-19 18:27:50,695] {logging_mixin.py:109} INFO - [2022-01-19 18:27:50,694] {dagbag.py:500} INFO - Filling up the DagBag from /home/airflow/.local/lib/python3.6/site-packages/airflow/example_dags/example_latest_only.py
[2022-01-19 18:27:50,719] {processor.py:654} INFO - DAG(s) dict_keys(['latest_only']) retrieved from /home/airflow/.local/lib/python3.6/site-packages/airflow/example_dags/example_latest_only.py
[2022-01-19 18:27:50,726] {logging_mixin.py:109} INFO - [2022-01-19 18:27:50,726] {dag.py:2396} INFO - Sync 1 DAGs
[2022-01-19 18:27:50,739] {logging_mixin.py:109} INFO - [2022-01-19 18:27:50,739] {dag.py:2935} INFO - Setting next_dagrun for latest_only to 2022-01-19T14:27:50.739161+00:00
[2022-01-19 18:27:50,746] {processor.py:171} INFO - Processing /home/airflow/.local/lib/python3.6/site-packages/airflow/example_dags/example_latest_only.py took 0.056 seconds
[2022-01-19 18:28:21,385] {processor.py:163} INFO - Started process (PID=2372) to work on /home/airflow/.local/lib/python3.6/site-packages/airflow/example_dags/example_latest_only.py
[2022-01-19 18:28:21,386] {processor.py:642} INFO - Processing file /home/airflow/.local/lib/python3.6/site-packages/airflow/example_dags/example_latest_only.py for tasks to queue
[2022-01-19 18:28:21,386] {logging_mixin.py:109} INFO - [2022-01-19 18:28:21,386] {dagbag.py:500} INFO - Filling up the DagBag from /home/airflow/.local/lib/python3.6/site-packages/airflow/example_dags/example_latest_only.py
[2022-01-19 18:28:21,406] {processor.py:654} INFO - DAG(s) dict_keys(['latest_only']) retrieved from /home/airflow/.local/lib/python3.6/site-packages/airflow/example_dags/example_latest_only.py
[2022-01-19 18:28:21,414] {logging_mixin.py:109} INFO - [2022-01-19 18:28:21,414] {dag.py:2396} INFO - Sync 1 DAGs
[2022-01-19 18:28:21,429] {logging_mixin.py:109} INFO - [2022-01-19 18:28:21,429] {dag.py:2935} INFO - Setting next_dagrun for latest_only to 2022-01-19T14:28:21.429063+00:00
[2022-01-19 18:28:21,436] {processor.py:171} INFO - Processing /home/airflow/.local/lib/python3.6/site-packages/airflow/example_dags/example_latest_only.py took 0.054 seconds
[2022-01-19 18:28:52,406] {processor.py:163} INFO - Started process (PID=2436) to work on /home/airflow/.local/lib/python3.6/site-packages/airflow/example_dags/example_latest_only.py
[2022-01-19 18:28:52,408] {processor.py:642} INFO - Processing file /home/airflow/.local/lib/python3.6/site-packages/airflow/example_dags/example_latest_only.py for tasks to queue
[2022-01-19 18:28:52,408] {logging_mixin.py:109} INFO - [2022-01-19 18:28:52,408] {dagbag.py:500} INFO - Filling up the DagBag from /home/airflow/.local/lib/python3.6/site-packages/airflow/example_dags/example_latest_only.py
[2022-01-19 18:28:52,427] {processor.py:654} INFO - DAG(s) dict_keys(['latest_only']) retrieved from /home/airflow/.local/lib/python3.6/site-packages/airflow/example_dags/example_latest_only.py
[2022-01-19 18:28:52,434] {logging_mixin.py:109} INFO - [2022-01-19 18:28:52,434] {dag.py:2396} INFO - Sync 1 DAGs
[2022-01-19 18:28:52,448] {logging_mixin.py:109} INFO - [2022-01-19 18:28:52,448] {dag.py:2935} INFO - Setting next_dagrun for latest_only to 2022-01-19T14:28:52.448328+00:00
[2022-01-19 18:28:52,455] {processor.py:171} INFO - Processing /home/airflow/.local/lib/python3.6/site-packages/airflow/example_dags/example_latest_only.py took 0.051 seconds
[2022-01-19 18:29:23,264] {processor.py:163} INFO - Started process (PID=2489) to work on /home/airflow/.local/lib/python3.6/site-packages/airflow/example_dags/example_latest_only.py
[2022-01-19 18:29:23,266] {processor.py:642} INFO - Processing file /home/airflow/.local/lib/python3.6/site-packages/airflow/example_dags/example_latest_only.py for tasks to queue
[2022-01-19 18:29:23,266] {logging_mixin.py:109} INFO - [2022-01-19 18:29:23,266] {dagbag.py:500} INFO - Filling up the DagBag from /home/airflow/.local/lib/python3.6/site-packages/airflow/example_dags/example_latest_only.py
[2022-01-19 18:29:23,284] {processor.py:654} INFO - DAG(s) dict_keys(['latest_only']) retrieved from /home/airflow/.local/lib/python3.6/site-packages/airflow/example_dags/example_latest_only.py
[2022-01-19 18:29:23,291] {logging_mixin.py:109} INFO - [2022-01-19 18:29:23,291] {dag.py:2396} INFO - Sync 1 DAGs
[2022-01-19 18:29:23,304] {logging_mixin.py:109} INFO - [2022-01-19 18:29:23,304] {dag.py:2935} INFO - Setting next_dagrun for latest_only to 2022-01-19T14:29:23.304200+00:00
[2022-01-19 18:29:23,310] {processor.py:171} INFO - Processing /home/airflow/.local/lib/python3.6/site-packages/airflow/example_dags/example_latest_only.py took 0.049 seconds
[2022-01-19 18:29:54,001] {processor.py:163} INFO - Started process (PID=2552) to work on /home/airflow/.local/lib/python3.6/site-packages/airflow/example_dags/example_latest_only.py
[2022-01-19 18:29:54,003] {processor.py:642} INFO - Processing file /home/airflow/.local/lib/python3.6/site-packages/airflow/example_dags/example_latest_only.py for tasks to queue
[2022-01-19 18:29:54,003] {logging_mixin.py:109} INFO - [2022-01-19 18:29:54,003] {dagbag.py:500} INFO - Filling up the DagBag from /home/airflow/.local/lib/python3.6/site-packages/airflow/example_dags/example_latest_only.py
[2022-01-19 18:29:54,028] {processor.py:654} INFO - DAG(s) dict_keys(['latest_only']) retrieved from /home/airflow/.local/lib/python3.6/site-packages/airflow/example_dags/example_latest_only.py
[2022-01-19 18:29:54,037] {logging_mixin.py:109} INFO - [2022-01-19 18:29:54,037] {dag.py:2396} INFO - Sync 1 DAGs
[2022-01-19 18:29:54,054] {logging_mixin.py:109} INFO - [2022-01-19 18:29:54,054] {dag.py:2935} INFO - Setting next_dagrun for latest_only to 2022-01-19T14:29:54.054446+00:00
[2022-01-19 18:29:54,063] {processor.py:171} INFO - Processing /home/airflow/.local/lib/python3.6/site-packages/airflow/example_dags/example_latest_only.py took 0.066 seconds
[2022-01-19 18:30:24,807] {processor.py:163} INFO - Started process (PID=2605) to work on /home/airflow/.local/lib/python3.6/site-packages/airflow/example_dags/example_latest_only.py
[2022-01-19 18:30:24,808] {processor.py:642} INFO - Processing file /home/airflow/.local/lib/python3.6/site-packages/airflow/example_dags/example_latest_only.py for tasks to queue
[2022-01-19 18:30:24,809] {logging_mixin.py:109} INFO - [2022-01-19 18:30:24,809] {dagbag.py:500} INFO - Filling up the DagBag from /home/airflow/.local/lib/python3.6/site-packages/airflow/example_dags/example_latest_only.py
[2022-01-19 18:30:24,836] {processor.py:654} INFO - DAG(s) dict_keys(['latest_only']) retrieved from /home/airflow/.local/lib/python3.6/site-packages/airflow/example_dags/example_latest_only.py
[2022-01-19 18:30:24,846] {logging_mixin.py:109} INFO - [2022-01-19 18:30:24,846] {dag.py:2396} INFO - Sync 1 DAGs
[2022-01-19 18:30:24,863] {logging_mixin.py:109} INFO - [2022-01-19 18:30:24,862] {dag.py:2935} INFO - Setting next_dagrun for latest_only to 2022-01-19T14:30:24.862730+00:00
[2022-01-19 18:30:24,870] {processor.py:171} INFO - Processing /home/airflow/.local/lib/python3.6/site-packages/airflow/example_dags/example_latest_only.py took 0.067 seconds
[2022-01-19 18:30:55,350] {processor.py:163} INFO - Started process (PID=2667) to work on /home/airflow/.local/lib/python3.6/site-packages/airflow/example_dags/example_latest_only.py
[2022-01-19 18:30:55,351] {processor.py:642} INFO - Processing file /home/airflow/.local/lib/python3.6/site-packages/airflow/example_dags/example_latest_only.py for tasks to queue
[2022-01-19 18:30:55,352] {logging_mixin.py:109} INFO - [2022-01-19 18:30:55,352] {dagbag.py:500} INFO - Filling up the DagBag from /home/airflow/.local/lib/python3.6/site-packages/airflow/example_dags/example_latest_only.py
[2022-01-19 18:30:55,370] {processor.py:654} INFO - DAG(s) dict_keys(['latest_only']) retrieved from /home/airflow/.local/lib/python3.6/site-packages/airflow/example_dags/example_latest_only.py
[2022-01-19 18:30:55,378] {logging_mixin.py:109} INFO - [2022-01-19 18:30:55,378] {dag.py:2396} INFO - Sync 1 DAGs
[2022-01-19 18:30:55,392] {logging_mixin.py:109} INFO - [2022-01-19 18:30:55,392] {dag.py:2935} INFO - Setting next_dagrun for latest_only to 2022-01-19T14:30:55.392407+00:00
[2022-01-19 18:30:55,399] {processor.py:171} INFO - Processing /home/airflow/.local/lib/python3.6/site-packages/airflow/example_dags/example_latest_only.py took 0.051 seconds
