[2022-01-19 18:10:02,243] {processor.py:163} INFO - Started process (PID=235) to work on /home/airflow/.local/lib/python3.6/site-packages/airflow/example_dags/example_branch_datetime_operator.py
[2022-01-19 18:10:02,246] {processor.py:642} INFO - Processing file /home/airflow/.local/lib/python3.6/site-packages/airflow/example_dags/example_branch_datetime_operator.py for tasks to queue
[2022-01-19 18:10:02,247] {logging_mixin.py:109} INFO - [2022-01-19 18:10:02,246] {dagbag.py:500} INFO - Filling up the DagBag from /home/airflow/.local/lib/python3.6/site-packages/airflow/example_dags/example_branch_datetime_operator.py
[2022-01-19 18:10:02,305] {processor.py:654} INFO - DAG(s) dict_keys(['example_branch_datetime_operator_2']) retrieved from /home/airflow/.local/lib/python3.6/site-packages/airflow/example_dags/example_branch_datetime_operator.py
[2022-01-19 18:10:04,977] {logging_mixin.py:109} INFO - [2022-01-19 18:10:04,977] {manager.py:496} INFO - Created Permission View: can read on DAG:example_branch_datetime_operator_2
[2022-01-19 18:10:04,987] {logging_mixin.py:109} INFO - [2022-01-19 18:10:04,987] {manager.py:496} INFO - Created Permission View: can edit on DAG:example_branch_datetime_operator_2
[2022-01-19 18:10:04,989] {logging_mixin.py:109} INFO - [2022-01-19 18:10:04,987] {dag.py:2396} INFO - Sync 1 DAGs
[2022-01-19 18:10:05,005] {logging_mixin.py:109} INFO - [2022-01-19 18:10:05,003] {dag.py:2415} INFO - Creating ORM DAG for example_branch_datetime_operator_2
[2022-01-19 18:10:05,019] {logging_mixin.py:109} INFO - [2022-01-19 18:10:05,018] {dag.py:2935} INFO - Setting next_dagrun for example_branch_datetime_operator_2 to 2022-01-18 00:00:00+00:00
[2022-01-19 18:10:05,033] {processor.py:171} INFO - Processing /home/airflow/.local/lib/python3.6/site-packages/airflow/example_dags/example_branch_datetime_operator.py took 2.799 seconds
[2022-01-19 18:10:35,358] {processor.py:163} INFO - Started process (PID=386) to work on /home/airflow/.local/lib/python3.6/site-packages/airflow/example_dags/example_branch_datetime_operator.py
[2022-01-19 18:10:35,359] {processor.py:642} INFO - Processing file /home/airflow/.local/lib/python3.6/site-packages/airflow/example_dags/example_branch_datetime_operator.py for tasks to queue
[2022-01-19 18:10:35,361] {logging_mixin.py:109} INFO - [2022-01-19 18:10:35,360] {dagbag.py:500} INFO - Filling up the DagBag from /home/airflow/.local/lib/python3.6/site-packages/airflow/example_dags/example_branch_datetime_operator.py
[2022-01-19 18:10:35,392] {processor.py:654} INFO - DAG(s) dict_keys(['example_branch_datetime_operator_2']) retrieved from /home/airflow/.local/lib/python3.6/site-packages/airflow/example_dags/example_branch_datetime_operator.py
[2022-01-19 18:10:35,403] {logging_mixin.py:109} INFO - [2022-01-19 18:10:35,403] {dag.py:2396} INFO - Sync 1 DAGs
[2022-01-19 18:10:35,423] {logging_mixin.py:109} INFO - [2022-01-19 18:10:35,423] {dag.py:2935} INFO - Setting next_dagrun for example_branch_datetime_operator_2 to 2022-01-18 00:00:00+00:00
[2022-01-19 18:10:35,433] {processor.py:171} INFO - Processing /home/airflow/.local/lib/python3.6/site-packages/airflow/example_dags/example_branch_datetime_operator.py took 0.083 seconds
[2022-01-19 18:11:05,532] {processor.py:163} INFO - Started process (PID=438) to work on /home/airflow/.local/lib/python3.6/site-packages/airflow/example_dags/example_branch_datetime_operator.py
[2022-01-19 18:11:05,533] {processor.py:642} INFO - Processing file /home/airflow/.local/lib/python3.6/site-packages/airflow/example_dags/example_branch_datetime_operator.py for tasks to queue
[2022-01-19 18:11:05,534] {logging_mixin.py:109} INFO - [2022-01-19 18:11:05,534] {dagbag.py:500} INFO - Filling up the DagBag from /home/airflow/.local/lib/python3.6/site-packages/airflow/example_dags/example_branch_datetime_operator.py
[2022-01-19 18:11:05,577] {processor.py:654} INFO - DAG(s) dict_keys(['example_branch_datetime_operator_2']) retrieved from /home/airflow/.local/lib/python3.6/site-packages/airflow/example_dags/example_branch_datetime_operator.py
[2022-01-19 18:11:05,602] {logging_mixin.py:109} INFO - [2022-01-19 18:11:05,602] {dag.py:2396} INFO - Sync 1 DAGs
[2022-01-19 18:11:05,649] {logging_mixin.py:109} INFO - [2022-01-19 18:11:05,648] {dag.py:2935} INFO - Setting next_dagrun for example_branch_datetime_operator_2 to 2022-01-18 00:00:00+00:00
[2022-01-19 18:11:05,674] {processor.py:171} INFO - Processing /home/airflow/.local/lib/python3.6/site-packages/airflow/example_dags/example_branch_datetime_operator.py took 0.146 seconds
[2022-01-19 18:11:35,715] {processor.py:163} INFO - Started process (PID=500) to work on /home/airflow/.local/lib/python3.6/site-packages/airflow/example_dags/example_branch_datetime_operator.py
[2022-01-19 18:11:35,716] {processor.py:642} INFO - Processing file /home/airflow/.local/lib/python3.6/site-packages/airflow/example_dags/example_branch_datetime_operator.py for tasks to queue
[2022-01-19 18:11:35,717] {logging_mixin.py:109} INFO - [2022-01-19 18:11:35,717] {dagbag.py:500} INFO - Filling up the DagBag from /home/airflow/.local/lib/python3.6/site-packages/airflow/example_dags/example_branch_datetime_operator.py
[2022-01-19 18:11:35,744] {processor.py:654} INFO - DAG(s) dict_keys(['example_branch_datetime_operator_2']) retrieved from /home/airflow/.local/lib/python3.6/site-packages/airflow/example_dags/example_branch_datetime_operator.py
[2022-01-19 18:11:35,757] {logging_mixin.py:109} INFO - [2022-01-19 18:11:35,757] {dag.py:2396} INFO - Sync 1 DAGs
[2022-01-19 18:11:35,779] {logging_mixin.py:109} INFO - [2022-01-19 18:11:35,779] {dag.py:2935} INFO - Setting next_dagrun for example_branch_datetime_operator_2 to 2022-01-18 00:00:00+00:00
[2022-01-19 18:11:35,792] {processor.py:171} INFO - Processing /home/airflow/.local/lib/python3.6/site-packages/airflow/example_dags/example_branch_datetime_operator.py took 0.080 seconds
[2022-01-19 18:12:06,087] {processor.py:163} INFO - Started process (PID=555) to work on /home/airflow/.local/lib/python3.6/site-packages/airflow/example_dags/example_branch_datetime_operator.py
[2022-01-19 18:12:06,087] {processor.py:642} INFO - Processing file /home/airflow/.local/lib/python3.6/site-packages/airflow/example_dags/example_branch_datetime_operator.py for tasks to queue
[2022-01-19 18:12:06,088] {logging_mixin.py:109} INFO - [2022-01-19 18:12:06,088] {dagbag.py:500} INFO - Filling up the DagBag from /home/airflow/.local/lib/python3.6/site-packages/airflow/example_dags/example_branch_datetime_operator.py
[2022-01-19 18:12:06,109] {processor.py:654} INFO - DAG(s) dict_keys(['example_branch_datetime_operator_2']) retrieved from /home/airflow/.local/lib/python3.6/site-packages/airflow/example_dags/example_branch_datetime_operator.py
[2022-01-19 18:12:06,117] {logging_mixin.py:109} INFO - [2022-01-19 18:12:06,117] {dag.py:2396} INFO - Sync 1 DAGs
[2022-01-19 18:12:06,134] {logging_mixin.py:109} INFO - [2022-01-19 18:12:06,134] {dag.py:2935} INFO - Setting next_dagrun for example_branch_datetime_operator_2 to 2022-01-18 00:00:00+00:00
[2022-01-19 18:12:06,142] {processor.py:171} INFO - Processing /home/airflow/.local/lib/python3.6/site-packages/airflow/example_dags/example_branch_datetime_operator.py took 0.057 seconds
[2022-01-19 18:12:36,901] {processor.py:163} INFO - Started process (PID=607) to work on /home/airflow/.local/lib/python3.6/site-packages/airflow/example_dags/example_branch_datetime_operator.py
[2022-01-19 18:12:36,903] {processor.py:642} INFO - Processing file /home/airflow/.local/lib/python3.6/site-packages/airflow/example_dags/example_branch_datetime_operator.py for tasks to queue
[2022-01-19 18:12:36,904] {logging_mixin.py:109} INFO - [2022-01-19 18:12:36,904] {dagbag.py:500} INFO - Filling up the DagBag from /home/airflow/.local/lib/python3.6/site-packages/airflow/example_dags/example_branch_datetime_operator.py
[2022-01-19 18:12:36,936] {processor.py:654} INFO - DAG(s) dict_keys(['example_branch_datetime_operator_2']) retrieved from /home/airflow/.local/lib/python3.6/site-packages/airflow/example_dags/example_branch_datetime_operator.py
[2022-01-19 18:12:36,947] {logging_mixin.py:109} INFO - [2022-01-19 18:12:36,947] {dag.py:2396} INFO - Sync 1 DAGs
[2022-01-19 18:12:36,970] {logging_mixin.py:109} INFO - [2022-01-19 18:12:36,970] {dag.py:2935} INFO - Setting next_dagrun for example_branch_datetime_operator_2 to 2022-01-18 00:00:00+00:00
[2022-01-19 18:12:36,979] {processor.py:171} INFO - Processing /home/airflow/.local/lib/python3.6/site-packages/airflow/example_dags/example_branch_datetime_operator.py took 0.083 seconds
[2022-01-19 18:13:07,375] {processor.py:163} INFO - Started process (PID=678) to work on /home/airflow/.local/lib/python3.6/site-packages/airflow/example_dags/example_branch_datetime_operator.py
[2022-01-19 18:13:07,376] {processor.py:642} INFO - Processing file /home/airflow/.local/lib/python3.6/site-packages/airflow/example_dags/example_branch_datetime_operator.py for tasks to queue
[2022-01-19 18:13:07,377] {logging_mixin.py:109} INFO - [2022-01-19 18:13:07,377] {dagbag.py:500} INFO - Filling up the DagBag from /home/airflow/.local/lib/python3.6/site-packages/airflow/example_dags/example_branch_datetime_operator.py
[2022-01-19 18:13:07,405] {processor.py:654} INFO - DAG(s) dict_keys(['example_branch_datetime_operator_2']) retrieved from /home/airflow/.local/lib/python3.6/site-packages/airflow/example_dags/example_branch_datetime_operator.py
[2022-01-19 18:13:07,421] {logging_mixin.py:109} INFO - [2022-01-19 18:13:07,421] {dag.py:2396} INFO - Sync 1 DAGs
[2022-01-19 18:13:07,448] {logging_mixin.py:109} INFO - [2022-01-19 18:13:07,448] {dag.py:2935} INFO - Setting next_dagrun for example_branch_datetime_operator_2 to 2022-01-18 00:00:00+00:00
[2022-01-19 18:13:07,459] {processor.py:171} INFO - Processing /home/airflow/.local/lib/python3.6/site-packages/airflow/example_dags/example_branch_datetime_operator.py took 0.086 seconds
[2022-01-19 18:13:38,097] {processor.py:163} INFO - Started process (PID=739) to work on /home/airflow/.local/lib/python3.6/site-packages/airflow/example_dags/example_branch_datetime_operator.py
[2022-01-19 18:13:38,098] {processor.py:642} INFO - Processing file /home/airflow/.local/lib/python3.6/site-packages/airflow/example_dags/example_branch_datetime_operator.py for tasks to queue
[2022-01-19 18:13:38,099] {logging_mixin.py:109} INFO - [2022-01-19 18:13:38,099] {dagbag.py:500} INFO - Filling up the DagBag from /home/airflow/.local/lib/python3.6/site-packages/airflow/example_dags/example_branch_datetime_operator.py
[2022-01-19 18:13:38,129] {processor.py:654} INFO - DAG(s) dict_keys(['example_branch_datetime_operator_2']) retrieved from /home/airflow/.local/lib/python3.6/site-packages/airflow/example_dags/example_branch_datetime_operator.py
[2022-01-19 18:13:38,141] {logging_mixin.py:109} INFO - [2022-01-19 18:13:38,141] {dag.py:2396} INFO - Sync 1 DAGs
[2022-01-19 18:13:38,163] {logging_mixin.py:109} INFO - [2022-01-19 18:13:38,163] {dag.py:2935} INFO - Setting next_dagrun for example_branch_datetime_operator_2 to 2022-01-18 00:00:00+00:00
[2022-01-19 18:13:38,173] {processor.py:171} INFO - Processing /home/airflow/.local/lib/python3.6/site-packages/airflow/example_dags/example_branch_datetime_operator.py took 0.079 seconds
[2022-01-19 18:14:08,711] {processor.py:163} INFO - Started process (PID=792) to work on /home/airflow/.local/lib/python3.6/site-packages/airflow/example_dags/example_branch_datetime_operator.py
[2022-01-19 18:14:08,713] {processor.py:642} INFO - Processing file /home/airflow/.local/lib/python3.6/site-packages/airflow/example_dags/example_branch_datetime_operator.py for tasks to queue
[2022-01-19 18:14:08,714] {logging_mixin.py:109} INFO - [2022-01-19 18:14:08,714] {dagbag.py:500} INFO - Filling up the DagBag from /home/airflow/.local/lib/python3.6/site-packages/airflow/example_dags/example_branch_datetime_operator.py
[2022-01-19 18:14:08,750] {processor.py:654} INFO - DAG(s) dict_keys(['example_branch_datetime_operator_2']) retrieved from /home/airflow/.local/lib/python3.6/site-packages/airflow/example_dags/example_branch_datetime_operator.py
[2022-01-19 18:14:08,763] {logging_mixin.py:109} INFO - [2022-01-19 18:14:08,763] {dag.py:2396} INFO - Sync 1 DAGs
[2022-01-19 18:14:08,791] {logging_mixin.py:109} INFO - [2022-01-19 18:14:08,790] {dag.py:2935} INFO - Setting next_dagrun for example_branch_datetime_operator_2 to 2022-01-18 00:00:00+00:00
[2022-01-19 18:14:08,801] {processor.py:171} INFO - Processing /home/airflow/.local/lib/python3.6/site-packages/airflow/example_dags/example_branch_datetime_operator.py took 0.094 seconds
[2022-01-19 18:14:39,247] {processor.py:163} INFO - Started process (PID=854) to work on /home/airflow/.local/lib/python3.6/site-packages/airflow/example_dags/example_branch_datetime_operator.py
[2022-01-19 18:14:39,248] {processor.py:642} INFO - Processing file /home/airflow/.local/lib/python3.6/site-packages/airflow/example_dags/example_branch_datetime_operator.py for tasks to queue
[2022-01-19 18:14:39,249] {logging_mixin.py:109} INFO - [2022-01-19 18:14:39,249] {dagbag.py:500} INFO - Filling up the DagBag from /home/airflow/.local/lib/python3.6/site-packages/airflow/example_dags/example_branch_datetime_operator.py
[2022-01-19 18:14:39,287] {processor.py:654} INFO - DAG(s) dict_keys(['example_branch_datetime_operator_2']) retrieved from /home/airflow/.local/lib/python3.6/site-packages/airflow/example_dags/example_branch_datetime_operator.py
[2022-01-19 18:14:39,300] {logging_mixin.py:109} INFO - [2022-01-19 18:14:39,300] {dag.py:2396} INFO - Sync 1 DAGs
[2022-01-19 18:14:39,325] {logging_mixin.py:109} INFO - [2022-01-19 18:14:39,325] {dag.py:2935} INFO - Setting next_dagrun for example_branch_datetime_operator_2 to 2022-01-18 00:00:00+00:00
[2022-01-19 18:14:39,336] {processor.py:171} INFO - Processing /home/airflow/.local/lib/python3.6/site-packages/airflow/example_dags/example_branch_datetime_operator.py took 0.093 seconds
[2022-01-19 18:15:09,771] {processor.py:163} INFO - Started process (PID=906) to work on /home/airflow/.local/lib/python3.6/site-packages/airflow/example_dags/example_branch_datetime_operator.py
[2022-01-19 18:15:09,772] {processor.py:642} INFO - Processing file /home/airflow/.local/lib/python3.6/site-packages/airflow/example_dags/example_branch_datetime_operator.py for tasks to queue
[2022-01-19 18:15:09,772] {logging_mixin.py:109} INFO - [2022-01-19 18:15:09,772] {dagbag.py:500} INFO - Filling up the DagBag from /home/airflow/.local/lib/python3.6/site-packages/airflow/example_dags/example_branch_datetime_operator.py
[2022-01-19 18:15:09,798] {processor.py:654} INFO - DAG(s) dict_keys(['example_branch_datetime_operator_2']) retrieved from /home/airflow/.local/lib/python3.6/site-packages/airflow/example_dags/example_branch_datetime_operator.py
[2022-01-19 18:15:09,807] {logging_mixin.py:109} INFO - [2022-01-19 18:15:09,807] {dag.py:2396} INFO - Sync 1 DAGs
[2022-01-19 18:15:09,824] {logging_mixin.py:109} INFO - [2022-01-19 18:15:09,823] {dag.py:2935} INFO - Setting next_dagrun for example_branch_datetime_operator_2 to 2022-01-18 00:00:00+00:00
[2022-01-19 18:15:09,830] {processor.py:171} INFO - Processing /home/airflow/.local/lib/python3.6/site-packages/airflow/example_dags/example_branch_datetime_operator.py took 0.062 seconds
[2022-01-19 18:15:40,202] {processor.py:163} INFO - Started process (PID=968) to work on /home/airflow/.local/lib/python3.6/site-packages/airflow/example_dags/example_branch_datetime_operator.py
[2022-01-19 18:15:40,203] {processor.py:642} INFO - Processing file /home/airflow/.local/lib/python3.6/site-packages/airflow/example_dags/example_branch_datetime_operator.py for tasks to queue
[2022-01-19 18:15:40,204] {logging_mixin.py:109} INFO - [2022-01-19 18:15:40,204] {dagbag.py:500} INFO - Filling up the DagBag from /home/airflow/.local/lib/python3.6/site-packages/airflow/example_dags/example_branch_datetime_operator.py
[2022-01-19 18:15:40,233] {processor.py:654} INFO - DAG(s) dict_keys(['example_branch_datetime_operator_2']) retrieved from /home/airflow/.local/lib/python3.6/site-packages/airflow/example_dags/example_branch_datetime_operator.py
[2022-01-19 18:15:40,246] {logging_mixin.py:109} INFO - [2022-01-19 18:15:40,246] {dag.py:2396} INFO - Sync 1 DAGs
[2022-01-19 18:15:40,266] {logging_mixin.py:109} INFO - [2022-01-19 18:15:40,266] {dag.py:2935} INFO - Setting next_dagrun for example_branch_datetime_operator_2 to 2022-01-18 00:00:00+00:00
[2022-01-19 18:15:40,279] {processor.py:171} INFO - Processing /home/airflow/.local/lib/python3.6/site-packages/airflow/example_dags/example_branch_datetime_operator.py took 0.080 seconds
[2022-01-19 18:16:10,626] {processor.py:163} INFO - Started process (PID=1021) to work on /home/airflow/.local/lib/python3.6/site-packages/airflow/example_dags/example_branch_datetime_operator.py
[2022-01-19 18:16:10,626] {processor.py:642} INFO - Processing file /home/airflow/.local/lib/python3.6/site-packages/airflow/example_dags/example_branch_datetime_operator.py for tasks to queue
[2022-01-19 18:16:10,627] {logging_mixin.py:109} INFO - [2022-01-19 18:16:10,627] {dagbag.py:500} INFO - Filling up the DagBag from /home/airflow/.local/lib/python3.6/site-packages/airflow/example_dags/example_branch_datetime_operator.py
[2022-01-19 18:16:10,650] {processor.py:654} INFO - DAG(s) dict_keys(['example_branch_datetime_operator_2']) retrieved from /home/airflow/.local/lib/python3.6/site-packages/airflow/example_dags/example_branch_datetime_operator.py
[2022-01-19 18:16:10,659] {logging_mixin.py:109} INFO - [2022-01-19 18:16:10,659] {dag.py:2396} INFO - Sync 1 DAGs
[2022-01-19 18:16:10,678] {logging_mixin.py:109} INFO - [2022-01-19 18:16:10,677] {dag.py:2935} INFO - Setting next_dagrun for example_branch_datetime_operator_2 to 2022-01-18 00:00:00+00:00
[2022-01-19 18:16:10,687] {processor.py:171} INFO - Processing /home/airflow/.local/lib/python3.6/site-packages/airflow/example_dags/example_branch_datetime_operator.py took 0.063 seconds
[2022-01-19 18:16:41,408] {processor.py:163} INFO - Started process (PID=1083) to work on /home/airflow/.local/lib/python3.6/site-packages/airflow/example_dags/example_branch_datetime_operator.py
[2022-01-19 18:16:41,411] {processor.py:642} INFO - Processing file /home/airflow/.local/lib/python3.6/site-packages/airflow/example_dags/example_branch_datetime_operator.py for tasks to queue
[2022-01-19 18:16:41,411] {logging_mixin.py:109} INFO - [2022-01-19 18:16:41,411] {dagbag.py:500} INFO - Filling up the DagBag from /home/airflow/.local/lib/python3.6/site-packages/airflow/example_dags/example_branch_datetime_operator.py
[2022-01-19 18:16:41,438] {processor.py:654} INFO - DAG(s) dict_keys(['example_branch_datetime_operator_2']) retrieved from /home/airflow/.local/lib/python3.6/site-packages/airflow/example_dags/example_branch_datetime_operator.py
[2022-01-19 18:16:41,455] {logging_mixin.py:109} INFO - [2022-01-19 18:16:41,455] {dag.py:2396} INFO - Sync 1 DAGs
[2022-01-19 18:16:41,477] {logging_mixin.py:109} INFO - [2022-01-19 18:16:41,477] {dag.py:2935} INFO - Setting next_dagrun for example_branch_datetime_operator_2 to 2022-01-18 00:00:00+00:00
[2022-01-19 18:16:41,489] {processor.py:171} INFO - Processing /home/airflow/.local/lib/python3.6/site-packages/airflow/example_dags/example_branch_datetime_operator.py took 0.084 seconds
[2022-01-19 18:17:11,855] {processor.py:163} INFO - Started process (PID=1136) to work on /home/airflow/.local/lib/python3.6/site-packages/airflow/example_dags/example_branch_datetime_operator.py
[2022-01-19 18:17:11,856] {processor.py:642} INFO - Processing file /home/airflow/.local/lib/python3.6/site-packages/airflow/example_dags/example_branch_datetime_operator.py for tasks to queue
[2022-01-19 18:17:11,856] {logging_mixin.py:109} INFO - [2022-01-19 18:17:11,856] {dagbag.py:500} INFO - Filling up the DagBag from /home/airflow/.local/lib/python3.6/site-packages/airflow/example_dags/example_branch_datetime_operator.py
[2022-01-19 18:17:11,877] {processor.py:654} INFO - DAG(s) dict_keys(['example_branch_datetime_operator_2']) retrieved from /home/airflow/.local/lib/python3.6/site-packages/airflow/example_dags/example_branch_datetime_operator.py
[2022-01-19 18:17:11,887] {logging_mixin.py:109} INFO - [2022-01-19 18:17:11,887] {dag.py:2396} INFO - Sync 1 DAGs
[2022-01-19 18:17:11,903] {logging_mixin.py:109} INFO - [2022-01-19 18:17:11,903] {dag.py:2935} INFO - Setting next_dagrun for example_branch_datetime_operator_2 to 2022-01-18 00:00:00+00:00
[2022-01-19 18:17:11,912] {processor.py:171} INFO - Processing /home/airflow/.local/lib/python3.6/site-packages/airflow/example_dags/example_branch_datetime_operator.py took 0.059 seconds
[2022-01-19 18:17:41,977] {processor.py:163} INFO - Started process (PID=1188) to work on /home/airflow/.local/lib/python3.6/site-packages/airflow/example_dags/example_branch_datetime_operator.py
[2022-01-19 18:17:41,978] {processor.py:642} INFO - Processing file /home/airflow/.local/lib/python3.6/site-packages/airflow/example_dags/example_branch_datetime_operator.py for tasks to queue
[2022-01-19 18:17:41,979] {logging_mixin.py:109} INFO - [2022-01-19 18:17:41,979] {dagbag.py:500} INFO - Filling up the DagBag from /home/airflow/.local/lib/python3.6/site-packages/airflow/example_dags/example_branch_datetime_operator.py
[2022-01-19 18:17:42,003] {processor.py:654} INFO - DAG(s) dict_keys(['example_branch_datetime_operator_2']) retrieved from /home/airflow/.local/lib/python3.6/site-packages/airflow/example_dags/example_branch_datetime_operator.py
[2022-01-19 18:17:42,012] {logging_mixin.py:109} INFO - [2022-01-19 18:17:42,012] {dag.py:2396} INFO - Sync 1 DAGs
[2022-01-19 18:17:42,029] {logging_mixin.py:109} INFO - [2022-01-19 18:17:42,029] {dag.py:2935} INFO - Setting next_dagrun for example_branch_datetime_operator_2 to 2022-01-18 00:00:00+00:00
[2022-01-19 18:17:42,037] {processor.py:171} INFO - Processing /home/airflow/.local/lib/python3.6/site-packages/airflow/example_dags/example_branch_datetime_operator.py took 0.063 seconds
[2022-01-19 18:18:12,667] {processor.py:163} INFO - Started process (PID=1251) to work on /home/airflow/.local/lib/python3.6/site-packages/airflow/example_dags/example_branch_datetime_operator.py
[2022-01-19 18:18:12,668] {processor.py:642} INFO - Processing file /home/airflow/.local/lib/python3.6/site-packages/airflow/example_dags/example_branch_datetime_operator.py for tasks to queue
[2022-01-19 18:18:12,669] {logging_mixin.py:109} INFO - [2022-01-19 18:18:12,669] {dagbag.py:500} INFO - Filling up the DagBag from /home/airflow/.local/lib/python3.6/site-packages/airflow/example_dags/example_branch_datetime_operator.py
[2022-01-19 18:18:12,712] {processor.py:654} INFO - DAG(s) dict_keys(['example_branch_datetime_operator_2']) retrieved from /home/airflow/.local/lib/python3.6/site-packages/airflow/example_dags/example_branch_datetime_operator.py
[2022-01-19 18:18:12,732] {logging_mixin.py:109} INFO - [2022-01-19 18:18:12,732] {dag.py:2396} INFO - Sync 1 DAGs
[2022-01-19 18:18:12,760] {logging_mixin.py:109} INFO - [2022-01-19 18:18:12,760] {dag.py:2935} INFO - Setting next_dagrun for example_branch_datetime_operator_2 to 2022-01-18 00:00:00+00:00
[2022-01-19 18:18:12,771] {processor.py:171} INFO - Processing /home/airflow/.local/lib/python3.6/site-packages/airflow/example_dags/example_branch_datetime_operator.py took 0.109 seconds
[2022-01-19 18:18:43,192] {processor.py:163} INFO - Started process (PID=1303) to work on /home/airflow/.local/lib/python3.6/site-packages/airflow/example_dags/example_branch_datetime_operator.py
[2022-01-19 18:18:43,193] {processor.py:642} INFO - Processing file /home/airflow/.local/lib/python3.6/site-packages/airflow/example_dags/example_branch_datetime_operator.py for tasks to queue
[2022-01-19 18:18:43,194] {logging_mixin.py:109} INFO - [2022-01-19 18:18:43,194] {dagbag.py:500} INFO - Filling up the DagBag from /home/airflow/.local/lib/python3.6/site-packages/airflow/example_dags/example_branch_datetime_operator.py
[2022-01-19 18:18:43,222] {processor.py:654} INFO - DAG(s) dict_keys(['example_branch_datetime_operator_2']) retrieved from /home/airflow/.local/lib/python3.6/site-packages/airflow/example_dags/example_branch_datetime_operator.py
[2022-01-19 18:18:43,233] {logging_mixin.py:109} INFO - [2022-01-19 18:18:43,233] {dag.py:2396} INFO - Sync 1 DAGs
[2022-01-19 18:18:43,252] {logging_mixin.py:109} INFO - [2022-01-19 18:18:43,252] {dag.py:2935} INFO - Setting next_dagrun for example_branch_datetime_operator_2 to 2022-01-18 00:00:00+00:00
[2022-01-19 18:18:43,260] {processor.py:171} INFO - Processing /home/airflow/.local/lib/python3.6/site-packages/airflow/example_dags/example_branch_datetime_operator.py took 0.071 seconds
[2022-01-19 18:19:13,756] {processor.py:163} INFO - Started process (PID=1365) to work on /home/airflow/.local/lib/python3.6/site-packages/airflow/example_dags/example_branch_datetime_operator.py
[2022-01-19 18:19:13,757] {processor.py:642} INFO - Processing file /home/airflow/.local/lib/python3.6/site-packages/airflow/example_dags/example_branch_datetime_operator.py for tasks to queue
[2022-01-19 18:19:13,758] {logging_mixin.py:109} INFO - [2022-01-19 18:19:13,757] {dagbag.py:500} INFO - Filling up the DagBag from /home/airflow/.local/lib/python3.6/site-packages/airflow/example_dags/example_branch_datetime_operator.py
[2022-01-19 18:19:13,784] {processor.py:654} INFO - DAG(s) dict_keys(['example_branch_datetime_operator_2']) retrieved from /home/airflow/.local/lib/python3.6/site-packages/airflow/example_dags/example_branch_datetime_operator.py
[2022-01-19 18:19:13,798] {logging_mixin.py:109} INFO - [2022-01-19 18:19:13,798] {dag.py:2396} INFO - Sync 1 DAGs
[2022-01-19 18:19:13,827] {logging_mixin.py:109} INFO - [2022-01-19 18:19:13,827] {dag.py:2935} INFO - Setting next_dagrun for example_branch_datetime_operator_2 to 2022-01-18 00:00:00+00:00
[2022-01-19 18:19:13,845] {processor.py:171} INFO - Processing /home/airflow/.local/lib/python3.6/site-packages/airflow/example_dags/example_branch_datetime_operator.py took 0.092 seconds
[2022-01-19 18:19:43,902] {processor.py:163} INFO - Started process (PID=1418) to work on /home/airflow/.local/lib/python3.6/site-packages/airflow/example_dags/example_branch_datetime_operator.py
[2022-01-19 18:19:43,904] {processor.py:642} INFO - Processing file /home/airflow/.local/lib/python3.6/site-packages/airflow/example_dags/example_branch_datetime_operator.py for tasks to queue
[2022-01-19 18:19:43,905] {logging_mixin.py:109} INFO - [2022-01-19 18:19:43,905] {dagbag.py:500} INFO - Filling up the DagBag from /home/airflow/.local/lib/python3.6/site-packages/airflow/example_dags/example_branch_datetime_operator.py
[2022-01-19 18:19:43,943] {processor.py:654} INFO - DAG(s) dict_keys(['example_branch_datetime_operator_2']) retrieved from /home/airflow/.local/lib/python3.6/site-packages/airflow/example_dags/example_branch_datetime_operator.py
[2022-01-19 18:19:43,959] {logging_mixin.py:109} INFO - [2022-01-19 18:19:43,959] {dag.py:2396} INFO - Sync 1 DAGs
[2022-01-19 18:19:43,986] {logging_mixin.py:109} INFO - [2022-01-19 18:19:43,986] {dag.py:2935} INFO - Setting next_dagrun for example_branch_datetime_operator_2 to 2022-01-18 00:00:00+00:00
[2022-01-19 18:19:43,996] {processor.py:171} INFO - Processing /home/airflow/.local/lib/python3.6/site-packages/airflow/example_dags/example_branch_datetime_operator.py took 0.103 seconds
[2022-01-19 18:20:14,612] {processor.py:163} INFO - Started process (PID=1470) to work on /home/airflow/.local/lib/python3.6/site-packages/airflow/example_dags/example_branch_datetime_operator.py
[2022-01-19 18:20:14,613] {processor.py:642} INFO - Processing file /home/airflow/.local/lib/python3.6/site-packages/airflow/example_dags/example_branch_datetime_operator.py for tasks to queue
[2022-01-19 18:20:14,614] {logging_mixin.py:109} INFO - [2022-01-19 18:20:14,614] {dagbag.py:500} INFO - Filling up the DagBag from /home/airflow/.local/lib/python3.6/site-packages/airflow/example_dags/example_branch_datetime_operator.py
[2022-01-19 18:20:14,644] {processor.py:654} INFO - DAG(s) dict_keys(['example_branch_datetime_operator_2']) retrieved from /home/airflow/.local/lib/python3.6/site-packages/airflow/example_dags/example_branch_datetime_operator.py
[2022-01-19 18:20:14,658] {logging_mixin.py:109} INFO - [2022-01-19 18:20:14,657] {dag.py:2396} INFO - Sync 1 DAGs
[2022-01-19 18:20:14,678] {logging_mixin.py:109} INFO - [2022-01-19 18:20:14,678] {dag.py:2935} INFO - Setting next_dagrun for example_branch_datetime_operator_2 to 2022-01-18 00:00:00+00:00
[2022-01-19 18:20:14,688] {processor.py:171} INFO - Processing /home/airflow/.local/lib/python3.6/site-packages/airflow/example_dags/example_branch_datetime_operator.py took 0.079 seconds
[2022-01-19 18:20:44,756] {processor.py:163} INFO - Started process (PID=1532) to work on /home/airflow/.local/lib/python3.6/site-packages/airflow/example_dags/example_branch_datetime_operator.py
[2022-01-19 18:20:44,758] {processor.py:642} INFO - Processing file /home/airflow/.local/lib/python3.6/site-packages/airflow/example_dags/example_branch_datetime_operator.py for tasks to queue
[2022-01-19 18:20:44,758] {logging_mixin.py:109} INFO - [2022-01-19 18:20:44,758] {dagbag.py:500} INFO - Filling up the DagBag from /home/airflow/.local/lib/python3.6/site-packages/airflow/example_dags/example_branch_datetime_operator.py
[2022-01-19 18:20:44,788] {processor.py:654} INFO - DAG(s) dict_keys(['example_branch_datetime_operator_2']) retrieved from /home/airflow/.local/lib/python3.6/site-packages/airflow/example_dags/example_branch_datetime_operator.py
[2022-01-19 18:20:44,799] {logging_mixin.py:109} INFO - [2022-01-19 18:20:44,799] {dag.py:2396} INFO - Sync 1 DAGs
[2022-01-19 18:20:44,818] {logging_mixin.py:109} INFO - [2022-01-19 18:20:44,818] {dag.py:2935} INFO - Setting next_dagrun for example_branch_datetime_operator_2 to 2022-01-18 00:00:00+00:00
[2022-01-19 18:20:44,828] {processor.py:171} INFO - Processing /home/airflow/.local/lib/python3.6/site-packages/airflow/example_dags/example_branch_datetime_operator.py took 0.076 seconds
[2022-01-19 18:21:15,709] {processor.py:163} INFO - Started process (PID=1584) to work on /home/airflow/.local/lib/python3.6/site-packages/airflow/example_dags/example_branch_datetime_operator.py
[2022-01-19 18:21:15,710] {processor.py:642} INFO - Processing file /home/airflow/.local/lib/python3.6/site-packages/airflow/example_dags/example_branch_datetime_operator.py for tasks to queue
[2022-01-19 18:21:15,711] {logging_mixin.py:109} INFO - [2022-01-19 18:21:15,711] {dagbag.py:500} INFO - Filling up the DagBag from /home/airflow/.local/lib/python3.6/site-packages/airflow/example_dags/example_branch_datetime_operator.py
[2022-01-19 18:21:15,746] {processor.py:654} INFO - DAG(s) dict_keys(['example_branch_datetime_operator_2']) retrieved from /home/airflow/.local/lib/python3.6/site-packages/airflow/example_dags/example_branch_datetime_operator.py
[2022-01-19 18:21:15,763] {logging_mixin.py:109} INFO - [2022-01-19 18:21:15,763] {dag.py:2396} INFO - Sync 1 DAGs
[2022-01-19 18:21:15,795] {logging_mixin.py:109} INFO - [2022-01-19 18:21:15,795] {dag.py:2935} INFO - Setting next_dagrun for example_branch_datetime_operator_2 to 2022-01-18 00:00:00+00:00
[2022-01-19 18:21:15,809] {processor.py:171} INFO - Processing /home/airflow/.local/lib/python3.6/site-packages/airflow/example_dags/example_branch_datetime_operator.py took 0.105 seconds
[2022-01-19 18:21:46,031] {processor.py:163} INFO - Started process (PID=1636) to work on /home/airflow/.local/lib/python3.6/site-packages/airflow/example_dags/example_branch_datetime_operator.py
[2022-01-19 18:21:46,034] {processor.py:642} INFO - Processing file /home/airflow/.local/lib/python3.6/site-packages/airflow/example_dags/example_branch_datetime_operator.py for tasks to queue
[2022-01-19 18:21:46,035] {logging_mixin.py:109} INFO - [2022-01-19 18:21:46,035] {dagbag.py:500} INFO - Filling up the DagBag from /home/airflow/.local/lib/python3.6/site-packages/airflow/example_dags/example_branch_datetime_operator.py
[2022-01-19 18:21:46,073] {processor.py:654} INFO - DAG(s) dict_keys(['example_branch_datetime_operator_2']) retrieved from /home/airflow/.local/lib/python3.6/site-packages/airflow/example_dags/example_branch_datetime_operator.py
[2022-01-19 18:21:46,086] {logging_mixin.py:109} INFO - [2022-01-19 18:21:46,086] {dag.py:2396} INFO - Sync 1 DAGs
[2022-01-19 18:21:46,107] {logging_mixin.py:109} INFO - [2022-01-19 18:21:46,107] {dag.py:2935} INFO - Setting next_dagrun for example_branch_datetime_operator_2 to 2022-01-18 00:00:00+00:00
[2022-01-19 18:21:46,119] {processor.py:171} INFO - Processing /home/airflow/.local/lib/python3.6/site-packages/airflow/example_dags/example_branch_datetime_operator.py took 0.096 seconds
[2022-01-19 18:22:16,184] {processor.py:163} INFO - Started process (PID=1700) to work on /home/airflow/.local/lib/python3.6/site-packages/airflow/example_dags/example_branch_datetime_operator.py
[2022-01-19 18:22:16,186] {processor.py:642} INFO - Processing file /home/airflow/.local/lib/python3.6/site-packages/airflow/example_dags/example_branch_datetime_operator.py for tasks to queue
[2022-01-19 18:22:16,186] {logging_mixin.py:109} INFO - [2022-01-19 18:22:16,186] {dagbag.py:500} INFO - Filling up the DagBag from /home/airflow/.local/lib/python3.6/site-packages/airflow/example_dags/example_branch_datetime_operator.py
[2022-01-19 18:22:16,222] {processor.py:654} INFO - DAG(s) dict_keys(['example_branch_datetime_operator_2']) retrieved from /home/airflow/.local/lib/python3.6/site-packages/airflow/example_dags/example_branch_datetime_operator.py
[2022-01-19 18:22:16,239] {logging_mixin.py:109} INFO - [2022-01-19 18:22:16,239] {dag.py:2396} INFO - Sync 1 DAGs
[2022-01-19 18:22:16,266] {logging_mixin.py:109} INFO - [2022-01-19 18:22:16,266] {dag.py:2935} INFO - Setting next_dagrun for example_branch_datetime_operator_2 to 2022-01-18 00:00:00+00:00
[2022-01-19 18:22:16,278] {processor.py:171} INFO - Processing /home/airflow/.local/lib/python3.6/site-packages/airflow/example_dags/example_branch_datetime_operator.py took 0.098 seconds
[2022-01-19 18:22:47,058] {processor.py:163} INFO - Started process (PID=1753) to work on /home/airflow/.local/lib/python3.6/site-packages/airflow/example_dags/example_branch_datetime_operator.py
[2022-01-19 18:22:47,059] {processor.py:642} INFO - Processing file /home/airflow/.local/lib/python3.6/site-packages/airflow/example_dags/example_branch_datetime_operator.py for tasks to queue
[2022-01-19 18:22:47,060] {logging_mixin.py:109} INFO - [2022-01-19 18:22:47,060] {dagbag.py:500} INFO - Filling up the DagBag from /home/airflow/.local/lib/python3.6/site-packages/airflow/example_dags/example_branch_datetime_operator.py
[2022-01-19 18:22:47,084] {processor.py:654} INFO - DAG(s) dict_keys(['example_branch_datetime_operator_2']) retrieved from /home/airflow/.local/lib/python3.6/site-packages/airflow/example_dags/example_branch_datetime_operator.py
[2022-01-19 18:22:47,094] {logging_mixin.py:109} INFO - [2022-01-19 18:22:47,094] {dag.py:2396} INFO - Sync 1 DAGs
[2022-01-19 18:22:47,112] {logging_mixin.py:109} INFO - [2022-01-19 18:22:47,112] {dag.py:2935} INFO - Setting next_dagrun for example_branch_datetime_operator_2 to 2022-01-18 00:00:00+00:00
[2022-01-19 18:22:47,121] {processor.py:171} INFO - Processing /home/airflow/.local/lib/python3.6/site-packages/airflow/example_dags/example_branch_datetime_operator.py took 0.065 seconds
[2022-01-19 18:23:17,218] {processor.py:163} INFO - Started process (PID=1816) to work on /home/airflow/.local/lib/python3.6/site-packages/airflow/example_dags/example_branch_datetime_operator.py
[2022-01-19 18:23:17,218] {processor.py:642} INFO - Processing file /home/airflow/.local/lib/python3.6/site-packages/airflow/example_dags/example_branch_datetime_operator.py for tasks to queue
[2022-01-19 18:23:17,219] {logging_mixin.py:109} INFO - [2022-01-19 18:23:17,219] {dagbag.py:500} INFO - Filling up the DagBag from /home/airflow/.local/lib/python3.6/site-packages/airflow/example_dags/example_branch_datetime_operator.py
[2022-01-19 18:23:17,243] {processor.py:654} INFO - DAG(s) dict_keys(['example_branch_datetime_operator_2']) retrieved from /home/airflow/.local/lib/python3.6/site-packages/airflow/example_dags/example_branch_datetime_operator.py
[2022-01-19 18:23:17,255] {logging_mixin.py:109} INFO - [2022-01-19 18:23:17,255] {dag.py:2396} INFO - Sync 1 DAGs
[2022-01-19 18:23:17,277] {logging_mixin.py:109} INFO - [2022-01-19 18:23:17,277] {dag.py:2935} INFO - Setting next_dagrun for example_branch_datetime_operator_2 to 2022-01-18 00:00:00+00:00
[2022-01-19 18:23:17,283] {processor.py:171} INFO - Processing /home/airflow/.local/lib/python3.6/site-packages/airflow/example_dags/example_branch_datetime_operator.py took 0.068 seconds
[2022-01-19 18:23:47,411] {processor.py:163} INFO - Started process (PID=1868) to work on /home/airflow/.local/lib/python3.6/site-packages/airflow/example_dags/example_branch_datetime_operator.py
[2022-01-19 18:23:47,411] {processor.py:642} INFO - Processing file /home/airflow/.local/lib/python3.6/site-packages/airflow/example_dags/example_branch_datetime_operator.py for tasks to queue
[2022-01-19 18:23:47,412] {logging_mixin.py:109} INFO - [2022-01-19 18:23:47,412] {dagbag.py:500} INFO - Filling up the DagBag from /home/airflow/.local/lib/python3.6/site-packages/airflow/example_dags/example_branch_datetime_operator.py
[2022-01-19 18:23:47,435] {processor.py:654} INFO - DAG(s) dict_keys(['example_branch_datetime_operator_2']) retrieved from /home/airflow/.local/lib/python3.6/site-packages/airflow/example_dags/example_branch_datetime_operator.py
[2022-01-19 18:23:47,444] {logging_mixin.py:109} INFO - [2022-01-19 18:23:47,443] {dag.py:2396} INFO - Sync 1 DAGs
[2022-01-19 18:23:47,462] {logging_mixin.py:109} INFO - [2022-01-19 18:23:47,462] {dag.py:2935} INFO - Setting next_dagrun for example_branch_datetime_operator_2 to 2022-01-18 00:00:00+00:00
[2022-01-19 18:23:47,475] {processor.py:171} INFO - Processing /home/airflow/.local/lib/python3.6/site-packages/airflow/example_dags/example_branch_datetime_operator.py took 0.066 seconds
[2022-01-19 18:24:17,621] {processor.py:163} INFO - Started process (PID=1921) to work on /home/airflow/.local/lib/python3.6/site-packages/airflow/example_dags/example_branch_datetime_operator.py
[2022-01-19 18:24:17,622] {processor.py:642} INFO - Processing file /home/airflow/.local/lib/python3.6/site-packages/airflow/example_dags/example_branch_datetime_operator.py for tasks to queue
[2022-01-19 18:24:17,622] {logging_mixin.py:109} INFO - [2022-01-19 18:24:17,622] {dagbag.py:500} INFO - Filling up the DagBag from /home/airflow/.local/lib/python3.6/site-packages/airflow/example_dags/example_branch_datetime_operator.py
[2022-01-19 18:24:17,648] {processor.py:654} INFO - DAG(s) dict_keys(['example_branch_datetime_operator_2']) retrieved from /home/airflow/.local/lib/python3.6/site-packages/airflow/example_dags/example_branch_datetime_operator.py
[2022-01-19 18:24:17,658] {logging_mixin.py:109} INFO - [2022-01-19 18:24:17,658] {dag.py:2396} INFO - Sync 1 DAGs
[2022-01-19 18:24:17,678] {logging_mixin.py:109} INFO - [2022-01-19 18:24:17,678] {dag.py:2935} INFO - Setting next_dagrun for example_branch_datetime_operator_2 to 2022-01-18 00:00:00+00:00
[2022-01-19 18:24:17,688] {processor.py:171} INFO - Processing /home/airflow/.local/lib/python3.6/site-packages/airflow/example_dags/example_branch_datetime_operator.py took 0.069 seconds
[2022-01-19 18:24:48,018] {processor.py:163} INFO - Started process (PID=1984) to work on /home/airflow/.local/lib/python3.6/site-packages/airflow/example_dags/example_branch_datetime_operator.py
[2022-01-19 18:24:48,020] {processor.py:642} INFO - Processing file /home/airflow/.local/lib/python3.6/site-packages/airflow/example_dags/example_branch_datetime_operator.py for tasks to queue
[2022-01-19 18:24:48,020] {logging_mixin.py:109} INFO - [2022-01-19 18:24:48,020] {dagbag.py:500} INFO - Filling up the DagBag from /home/airflow/.local/lib/python3.6/site-packages/airflow/example_dags/example_branch_datetime_operator.py
[2022-01-19 18:24:48,053] {processor.py:654} INFO - DAG(s) dict_keys(['example_branch_datetime_operator_2']) retrieved from /home/airflow/.local/lib/python3.6/site-packages/airflow/example_dags/example_branch_datetime_operator.py
[2022-01-19 18:24:48,065] {logging_mixin.py:109} INFO - [2022-01-19 18:24:48,065] {dag.py:2396} INFO - Sync 1 DAGs
[2022-01-19 18:24:48,098] {logging_mixin.py:109} INFO - [2022-01-19 18:24:48,098] {dag.py:2935} INFO - Setting next_dagrun for example_branch_datetime_operator_2 to 2022-01-18 00:00:00+00:00
[2022-01-19 18:24:48,107] {processor.py:171} INFO - Processing /home/airflow/.local/lib/python3.6/site-packages/airflow/example_dags/example_branch_datetime_operator.py took 0.092 seconds
[2022-01-19 18:25:18,786] {processor.py:163} INFO - Started process (PID=2036) to work on /home/airflow/.local/lib/python3.6/site-packages/airflow/example_dags/example_branch_datetime_operator.py
[2022-01-19 18:25:18,787] {processor.py:642} INFO - Processing file /home/airflow/.local/lib/python3.6/site-packages/airflow/example_dags/example_branch_datetime_operator.py for tasks to queue
[2022-01-19 18:25:18,787] {logging_mixin.py:109} INFO - [2022-01-19 18:25:18,787] {dagbag.py:500} INFO - Filling up the DagBag from /home/airflow/.local/lib/python3.6/site-packages/airflow/example_dags/example_branch_datetime_operator.py
[2022-01-19 18:25:18,811] {processor.py:654} INFO - DAG(s) dict_keys(['example_branch_datetime_operator_2']) retrieved from /home/airflow/.local/lib/python3.6/site-packages/airflow/example_dags/example_branch_datetime_operator.py
[2022-01-19 18:25:18,822] {logging_mixin.py:109} INFO - [2022-01-19 18:25:18,822] {dag.py:2396} INFO - Sync 1 DAGs
[2022-01-19 18:25:18,843] {logging_mixin.py:109} INFO - [2022-01-19 18:25:18,843] {dag.py:2935} INFO - Setting next_dagrun for example_branch_datetime_operator_2 to 2022-01-18 00:00:00+00:00
[2022-01-19 18:25:18,855] {processor.py:171} INFO - Processing /home/airflow/.local/lib/python3.6/site-packages/airflow/example_dags/example_branch_datetime_operator.py took 0.071 seconds
[2022-01-19 18:25:49,424] {processor.py:163} INFO - Started process (PID=2090) to work on /home/airflow/.local/lib/python3.6/site-packages/airflow/example_dags/example_branch_datetime_operator.py
[2022-01-19 18:25:49,425] {processor.py:642} INFO - Processing file /home/airflow/.local/lib/python3.6/site-packages/airflow/example_dags/example_branch_datetime_operator.py for tasks to queue
[2022-01-19 18:25:49,425] {logging_mixin.py:109} INFO - [2022-01-19 18:25:49,425] {dagbag.py:500} INFO - Filling up the DagBag from /home/airflow/.local/lib/python3.6/site-packages/airflow/example_dags/example_branch_datetime_operator.py
[2022-01-19 18:25:49,448] {processor.py:654} INFO - DAG(s) dict_keys(['example_branch_datetime_operator_2']) retrieved from /home/airflow/.local/lib/python3.6/site-packages/airflow/example_dags/example_branch_datetime_operator.py
[2022-01-19 18:25:49,459] {logging_mixin.py:109} INFO - [2022-01-19 18:25:49,459] {dag.py:2396} INFO - Sync 1 DAGs
[2022-01-19 18:25:49,475] {logging_mixin.py:109} INFO - [2022-01-19 18:25:49,475] {dag.py:2935} INFO - Setting next_dagrun for example_branch_datetime_operator_2 to 2022-01-18 00:00:00+00:00
[2022-01-19 18:25:49,483] {processor.py:171} INFO - Processing /home/airflow/.local/lib/python3.6/site-packages/airflow/example_dags/example_branch_datetime_operator.py took 0.062 seconds
[2022-01-19 18:26:20,098] {processor.py:163} INFO - Started process (PID=2153) to work on /home/airflow/.local/lib/python3.6/site-packages/airflow/example_dags/example_branch_datetime_operator.py
[2022-01-19 18:26:20,099] {processor.py:642} INFO - Processing file /home/airflow/.local/lib/python3.6/site-packages/airflow/example_dags/example_branch_datetime_operator.py for tasks to queue
[2022-01-19 18:26:20,100] {logging_mixin.py:109} INFO - [2022-01-19 18:26:20,099] {dagbag.py:500} INFO - Filling up the DagBag from /home/airflow/.local/lib/python3.6/site-packages/airflow/example_dags/example_branch_datetime_operator.py
[2022-01-19 18:26:20,131] {processor.py:654} INFO - DAG(s) dict_keys(['example_branch_datetime_operator_2']) retrieved from /home/airflow/.local/lib/python3.6/site-packages/airflow/example_dags/example_branch_datetime_operator.py
[2022-01-19 18:26:20,142] {logging_mixin.py:109} INFO - [2022-01-19 18:26:20,142] {dag.py:2396} INFO - Sync 1 DAGs
[2022-01-19 18:26:20,161] {logging_mixin.py:109} INFO - [2022-01-19 18:26:20,161] {dag.py:2935} INFO - Setting next_dagrun for example_branch_datetime_operator_2 to 2022-01-18 00:00:00+00:00
[2022-01-19 18:26:20,169] {processor.py:171} INFO - Processing /home/airflow/.local/lib/python3.6/site-packages/airflow/example_dags/example_branch_datetime_operator.py took 0.074 seconds
[2022-01-19 18:26:50,754] {processor.py:163} INFO - Started process (PID=2206) to work on /home/airflow/.local/lib/python3.6/site-packages/airflow/example_dags/example_branch_datetime_operator.py
[2022-01-19 18:26:50,755] {processor.py:642} INFO - Processing file /home/airflow/.local/lib/python3.6/site-packages/airflow/example_dags/example_branch_datetime_operator.py for tasks to queue
[2022-01-19 18:26:50,755] {logging_mixin.py:109} INFO - [2022-01-19 18:26:50,755] {dagbag.py:500} INFO - Filling up the DagBag from /home/airflow/.local/lib/python3.6/site-packages/airflow/example_dags/example_branch_datetime_operator.py
[2022-01-19 18:26:50,777] {processor.py:654} INFO - DAG(s) dict_keys(['example_branch_datetime_operator_2']) retrieved from /home/airflow/.local/lib/python3.6/site-packages/airflow/example_dags/example_branch_datetime_operator.py
[2022-01-19 18:26:50,786] {logging_mixin.py:109} INFO - [2022-01-19 18:26:50,786] {dag.py:2396} INFO - Sync 1 DAGs
[2022-01-19 18:26:50,803] {logging_mixin.py:109} INFO - [2022-01-19 18:26:50,803] {dag.py:2935} INFO - Setting next_dagrun for example_branch_datetime_operator_2 to 2022-01-18 00:00:00+00:00
[2022-01-19 18:26:50,812] {processor.py:171} INFO - Processing /home/airflow/.local/lib/python3.6/site-packages/airflow/example_dags/example_branch_datetime_operator.py took 0.061 seconds
[2022-01-19 18:27:20,937] {processor.py:163} INFO - Started process (PID=2268) to work on /home/airflow/.local/lib/python3.6/site-packages/airflow/example_dags/example_branch_datetime_operator.py
[2022-01-19 18:27:20,939] {processor.py:642} INFO - Processing file /home/airflow/.local/lib/python3.6/site-packages/airflow/example_dags/example_branch_datetime_operator.py for tasks to queue
[2022-01-19 18:27:20,940] {logging_mixin.py:109} INFO - [2022-01-19 18:27:20,940] {dagbag.py:500} INFO - Filling up the DagBag from /home/airflow/.local/lib/python3.6/site-packages/airflow/example_dags/example_branch_datetime_operator.py
[2022-01-19 18:27:20,970] {processor.py:654} INFO - DAG(s) dict_keys(['example_branch_datetime_operator_2']) retrieved from /home/airflow/.local/lib/python3.6/site-packages/airflow/example_dags/example_branch_datetime_operator.py
[2022-01-19 18:27:20,982] {logging_mixin.py:109} INFO - [2022-01-19 18:27:20,981] {dag.py:2396} INFO - Sync 1 DAGs
[2022-01-19 18:27:21,001] {logging_mixin.py:109} INFO - [2022-01-19 18:27:21,001] {dag.py:2935} INFO - Setting next_dagrun for example_branch_datetime_operator_2 to 2022-01-18 00:00:00+00:00
[2022-01-19 18:27:21,011] {processor.py:171} INFO - Processing /home/airflow/.local/lib/python3.6/site-packages/airflow/example_dags/example_branch_datetime_operator.py took 0.079 seconds
[2022-01-19 18:27:51,770] {processor.py:163} INFO - Started process (PID=2323) to work on /home/airflow/.local/lib/python3.6/site-packages/airflow/example_dags/example_branch_datetime_operator.py
[2022-01-19 18:27:51,771] {processor.py:642} INFO - Processing file /home/airflow/.local/lib/python3.6/site-packages/airflow/example_dags/example_branch_datetime_operator.py for tasks to queue
[2022-01-19 18:27:51,771] {logging_mixin.py:109} INFO - [2022-01-19 18:27:51,771] {dagbag.py:500} INFO - Filling up the DagBag from /home/airflow/.local/lib/python3.6/site-packages/airflow/example_dags/example_branch_datetime_operator.py
[2022-01-19 18:27:51,793] {processor.py:654} INFO - DAG(s) dict_keys(['example_branch_datetime_operator_2']) retrieved from /home/airflow/.local/lib/python3.6/site-packages/airflow/example_dags/example_branch_datetime_operator.py
[2022-01-19 18:27:51,801] {logging_mixin.py:109} INFO - [2022-01-19 18:27:51,801] {dag.py:2396} INFO - Sync 1 DAGs
[2022-01-19 18:27:51,819] {logging_mixin.py:109} INFO - [2022-01-19 18:27:51,818] {dag.py:2935} INFO - Setting next_dagrun for example_branch_datetime_operator_2 to 2022-01-18 00:00:00+00:00
[2022-01-19 18:27:51,826] {processor.py:171} INFO - Processing /home/airflow/.local/lib/python3.6/site-packages/airflow/example_dags/example_branch_datetime_operator.py took 0.058 seconds
[2022-01-19 18:28:22,485] {processor.py:163} INFO - Started process (PID=2385) to work on /home/airflow/.local/lib/python3.6/site-packages/airflow/example_dags/example_branch_datetime_operator.py
[2022-01-19 18:28:22,486] {processor.py:642} INFO - Processing file /home/airflow/.local/lib/python3.6/site-packages/airflow/example_dags/example_branch_datetime_operator.py for tasks to queue
[2022-01-19 18:28:22,486] {logging_mixin.py:109} INFO - [2022-01-19 18:28:22,486] {dagbag.py:500} INFO - Filling up the DagBag from /home/airflow/.local/lib/python3.6/site-packages/airflow/example_dags/example_branch_datetime_operator.py
[2022-01-19 18:28:22,515] {processor.py:654} INFO - DAG(s) dict_keys(['example_branch_datetime_operator_2']) retrieved from /home/airflow/.local/lib/python3.6/site-packages/airflow/example_dags/example_branch_datetime_operator.py
[2022-01-19 18:28:22,527] {logging_mixin.py:109} INFO - [2022-01-19 18:28:22,527] {dag.py:2396} INFO - Sync 1 DAGs
[2022-01-19 18:28:22,552] {logging_mixin.py:109} INFO - [2022-01-19 18:28:22,552] {dag.py:2935} INFO - Setting next_dagrun for example_branch_datetime_operator_2 to 2022-01-18 00:00:00+00:00
[2022-01-19 18:28:22,562] {processor.py:171} INFO - Processing /home/airflow/.local/lib/python3.6/site-packages/airflow/example_dags/example_branch_datetime_operator.py took 0.080 seconds
[2022-01-19 18:28:53,514] {processor.py:163} INFO - Started process (PID=2439) to work on /home/airflow/.local/lib/python3.6/site-packages/airflow/example_dags/example_branch_datetime_operator.py
[2022-01-19 18:28:53,514] {processor.py:642} INFO - Processing file /home/airflow/.local/lib/python3.6/site-packages/airflow/example_dags/example_branch_datetime_operator.py for tasks to queue
[2022-01-19 18:28:53,515] {logging_mixin.py:109} INFO - [2022-01-19 18:28:53,515] {dagbag.py:500} INFO - Filling up the DagBag from /home/airflow/.local/lib/python3.6/site-packages/airflow/example_dags/example_branch_datetime_operator.py
[2022-01-19 18:28:53,555] {processor.py:654} INFO - DAG(s) dict_keys(['example_branch_datetime_operator_2']) retrieved from /home/airflow/.local/lib/python3.6/site-packages/airflow/example_dags/example_branch_datetime_operator.py
[2022-01-19 18:28:53,573] {logging_mixin.py:109} INFO - [2022-01-19 18:28:53,573] {dag.py:2396} INFO - Sync 1 DAGs
[2022-01-19 18:28:53,592] {logging_mixin.py:109} INFO - [2022-01-19 18:28:53,592] {dag.py:2935} INFO - Setting next_dagrun for example_branch_datetime_operator_2 to 2022-01-18 00:00:00+00:00
[2022-01-19 18:28:53,600] {processor.py:171} INFO - Processing /home/airflow/.local/lib/python3.6/site-packages/airflow/example_dags/example_branch_datetime_operator.py took 0.088 seconds
[2022-01-19 18:29:24,382] {processor.py:163} INFO - Started process (PID=2492) to work on /home/airflow/.local/lib/python3.6/site-packages/airflow/example_dags/example_branch_datetime_operator.py
[2022-01-19 18:29:24,383] {processor.py:642} INFO - Processing file /home/airflow/.local/lib/python3.6/site-packages/airflow/example_dags/example_branch_datetime_operator.py for tasks to queue
[2022-01-19 18:29:24,384] {logging_mixin.py:109} INFO - [2022-01-19 18:29:24,383] {dagbag.py:500} INFO - Filling up the DagBag from /home/airflow/.local/lib/python3.6/site-packages/airflow/example_dags/example_branch_datetime_operator.py
[2022-01-19 18:29:24,404] {processor.py:654} INFO - DAG(s) dict_keys(['example_branch_datetime_operator_2']) retrieved from /home/airflow/.local/lib/python3.6/site-packages/airflow/example_dags/example_branch_datetime_operator.py
[2022-01-19 18:29:24,413] {logging_mixin.py:109} INFO - [2022-01-19 18:29:24,413] {dag.py:2396} INFO - Sync 1 DAGs
[2022-01-19 18:29:24,429] {logging_mixin.py:109} INFO - [2022-01-19 18:29:24,429] {dag.py:2935} INFO - Setting next_dagrun for example_branch_datetime_operator_2 to 2022-01-18 00:00:00+00:00
[2022-01-19 18:29:24,436] {processor.py:171} INFO - Processing /home/airflow/.local/lib/python3.6/site-packages/airflow/example_dags/example_branch_datetime_operator.py took 0.056 seconds
[2022-01-19 18:29:55,197] {processor.py:163} INFO - Started process (PID=2555) to work on /home/airflow/.local/lib/python3.6/site-packages/airflow/example_dags/example_branch_datetime_operator.py
[2022-01-19 18:29:55,198] {processor.py:642} INFO - Processing file /home/airflow/.local/lib/python3.6/site-packages/airflow/example_dags/example_branch_datetime_operator.py for tasks to queue
[2022-01-19 18:29:55,199] {logging_mixin.py:109} INFO - [2022-01-19 18:29:55,199] {dagbag.py:500} INFO - Filling up the DagBag from /home/airflow/.local/lib/python3.6/site-packages/airflow/example_dags/example_branch_datetime_operator.py
[2022-01-19 18:29:55,226] {processor.py:654} INFO - DAG(s) dict_keys(['example_branch_datetime_operator_2']) retrieved from /home/airflow/.local/lib/python3.6/site-packages/airflow/example_dags/example_branch_datetime_operator.py
[2022-01-19 18:29:55,238] {logging_mixin.py:109} INFO - [2022-01-19 18:29:55,238] {dag.py:2396} INFO - Sync 1 DAGs
[2022-01-19 18:29:55,260] {logging_mixin.py:109} INFO - [2022-01-19 18:29:55,260] {dag.py:2935} INFO - Setting next_dagrun for example_branch_datetime_operator_2 to 2022-01-18 00:00:00+00:00
[2022-01-19 18:29:55,269] {processor.py:171} INFO - Processing /home/airflow/.local/lib/python3.6/site-packages/airflow/example_dags/example_branch_datetime_operator.py took 0.076 seconds
[2022-01-19 18:30:25,922] {processor.py:163} INFO - Started process (PID=2608) to work on /home/airflow/.local/lib/python3.6/site-packages/airflow/example_dags/example_branch_datetime_operator.py
[2022-01-19 18:30:25,923] {processor.py:642} INFO - Processing file /home/airflow/.local/lib/python3.6/site-packages/airflow/example_dags/example_branch_datetime_operator.py for tasks to queue
[2022-01-19 18:30:25,923] {logging_mixin.py:109} INFO - [2022-01-19 18:30:25,923] {dagbag.py:500} INFO - Filling up the DagBag from /home/airflow/.local/lib/python3.6/site-packages/airflow/example_dags/example_branch_datetime_operator.py
[2022-01-19 18:30:25,946] {processor.py:654} INFO - DAG(s) dict_keys(['example_branch_datetime_operator_2']) retrieved from /home/airflow/.local/lib/python3.6/site-packages/airflow/example_dags/example_branch_datetime_operator.py
[2022-01-19 18:30:25,955] {logging_mixin.py:109} INFO - [2022-01-19 18:30:25,955] {dag.py:2396} INFO - Sync 1 DAGs
[2022-01-19 18:30:25,971] {logging_mixin.py:109} INFO - [2022-01-19 18:30:25,971] {dag.py:2935} INFO - Setting next_dagrun for example_branch_datetime_operator_2 to 2022-01-18 00:00:00+00:00
[2022-01-19 18:30:25,978] {processor.py:171} INFO - Processing /home/airflow/.local/lib/python3.6/site-packages/airflow/example_dags/example_branch_datetime_operator.py took 0.058 seconds
[2022-01-19 18:30:56,443] {processor.py:163} INFO - Started process (PID=2670) to work on /home/airflow/.local/lib/python3.6/site-packages/airflow/example_dags/example_branch_datetime_operator.py
[2022-01-19 18:30:56,444] {processor.py:642} INFO - Processing file /home/airflow/.local/lib/python3.6/site-packages/airflow/example_dags/example_branch_datetime_operator.py for tasks to queue
[2022-01-19 18:30:56,444] {logging_mixin.py:109} INFO - [2022-01-19 18:30:56,444] {dagbag.py:500} INFO - Filling up the DagBag from /home/airflow/.local/lib/python3.6/site-packages/airflow/example_dags/example_branch_datetime_operator.py
[2022-01-19 18:30:56,468] {processor.py:654} INFO - DAG(s) dict_keys(['example_branch_datetime_operator_2']) retrieved from /home/airflow/.local/lib/python3.6/site-packages/airflow/example_dags/example_branch_datetime_operator.py
[2022-01-19 18:30:56,482] {logging_mixin.py:109} INFO - [2022-01-19 18:30:56,481] {dag.py:2396} INFO - Sync 1 DAGs
[2022-01-19 18:30:56,503] {logging_mixin.py:109} INFO - [2022-01-19 18:30:56,502] {dag.py:2935} INFO - Setting next_dagrun for example_branch_datetime_operator_2 to 2022-01-18 00:00:00+00:00
[2022-01-19 18:30:56,511] {processor.py:171} INFO - Processing /home/airflow/.local/lib/python3.6/site-packages/airflow/example_dags/example_branch_datetime_operator.py took 0.071 seconds
