[2022-01-19 18:09:45,822] {processor.py:163} INFO - Started process (PID=108) to work on /home/airflow/.local/lib/python3.6/site-packages/airflow/example_dags/example_latest_only_with_trigger.py
[2022-01-19 18:09:45,823] {processor.py:642} INFO - Processing file /home/airflow/.local/lib/python3.6/site-packages/airflow/example_dags/example_latest_only_with_trigger.py for tasks to queue
[2022-01-19 18:09:45,824] {logging_mixin.py:109} INFO - [2022-01-19 18:09:45,824] {dagbag.py:500} INFO - Filling up the DagBag from /home/airflow/.local/lib/python3.6/site-packages/airflow/example_dags/example_latest_only_with_trigger.py
[2022-01-19 18:09:45,850] {processor.py:654} INFO - DAG(s) dict_keys(['latest_only_with_trigger']) retrieved from /home/airflow/.local/lib/python3.6/site-packages/airflow/example_dags/example_latest_only_with_trigger.py
[2022-01-19 18:09:48,471] {logging_mixin.py:109} INFO - [2022-01-19 18:09:48,471] {manager.py:496} INFO - Created Permission View: can read on DAG:latest_only_with_trigger
[2022-01-19 18:09:48,481] {logging_mixin.py:109} INFO - [2022-01-19 18:09:48,481] {manager.py:496} INFO - Created Permission View: can edit on DAG:latest_only_with_trigger
[2022-01-19 18:09:48,483] {logging_mixin.py:109} INFO - [2022-01-19 18:09:48,481] {dag.py:2396} INFO - Sync 1 DAGs
[2022-01-19 18:09:48,496] {logging_mixin.py:109} INFO - [2022-01-19 18:09:48,494] {dag.py:2415} INFO - Creating ORM DAG for latest_only_with_trigger
[2022-01-19 18:09:48,505] {logging_mixin.py:109} INFO - [2022-01-19 18:09:48,504] {dag.py:2935} INFO - Setting next_dagrun for latest_only_with_trigger to 2022-01-19T14:09:48.504666+00:00
[2022-01-19 18:09:48,517] {processor.py:171} INFO - Processing /home/airflow/.local/lib/python3.6/site-packages/airflow/example_dags/example_latest_only_with_trigger.py took 2.698 seconds
[2022-01-19 18:10:18,733] {processor.py:163} INFO - Started process (PID=362) to work on /home/airflow/.local/lib/python3.6/site-packages/airflow/example_dags/example_latest_only_with_trigger.py
[2022-01-19 18:10:18,734] {processor.py:642} INFO - Processing file /home/airflow/.local/lib/python3.6/site-packages/airflow/example_dags/example_latest_only_with_trigger.py for tasks to queue
[2022-01-19 18:10:18,735] {logging_mixin.py:109} INFO - [2022-01-19 18:10:18,735] {dagbag.py:500} INFO - Filling up the DagBag from /home/airflow/.local/lib/python3.6/site-packages/airflow/example_dags/example_latest_only_with_trigger.py
[2022-01-19 18:10:18,766] {processor.py:654} INFO - DAG(s) dict_keys(['latest_only_with_trigger']) retrieved from /home/airflow/.local/lib/python3.6/site-packages/airflow/example_dags/example_latest_only_with_trigger.py
[2022-01-19 18:10:18,781] {logging_mixin.py:109} INFO - [2022-01-19 18:10:18,781] {dag.py:2396} INFO - Sync 1 DAGs
[2022-01-19 18:10:18,802] {logging_mixin.py:109} INFO - [2022-01-19 18:10:18,802] {dag.py:2935} INFO - Setting next_dagrun for latest_only_with_trigger to 2022-01-19T14:10:18.802140+00:00
[2022-01-19 18:10:18,813] {processor.py:171} INFO - Processing /home/airflow/.local/lib/python3.6/site-packages/airflow/example_dags/example_latest_only_with_trigger.py took 0.082 seconds
[2022-01-19 18:10:49,329] {processor.py:163} INFO - Started process (PID=414) to work on /home/airflow/.local/lib/python3.6/site-packages/airflow/example_dags/example_latest_only_with_trigger.py
[2022-01-19 18:10:49,330] {processor.py:642} INFO - Processing file /home/airflow/.local/lib/python3.6/site-packages/airflow/example_dags/example_latest_only_with_trigger.py for tasks to queue
[2022-01-19 18:10:49,330] {logging_mixin.py:109} INFO - [2022-01-19 18:10:49,330] {dagbag.py:500} INFO - Filling up the DagBag from /home/airflow/.local/lib/python3.6/site-packages/airflow/example_dags/example_latest_only_with_trigger.py
[2022-01-19 18:10:49,358] {processor.py:654} INFO - DAG(s) dict_keys(['latest_only_with_trigger']) retrieved from /home/airflow/.local/lib/python3.6/site-packages/airflow/example_dags/example_latest_only_with_trigger.py
[2022-01-19 18:10:49,369] {logging_mixin.py:109} INFO - [2022-01-19 18:10:49,369] {dag.py:2396} INFO - Sync 1 DAGs
[2022-01-19 18:10:49,387] {logging_mixin.py:109} INFO - [2022-01-19 18:10:49,387] {dag.py:2935} INFO - Setting next_dagrun for latest_only_with_trigger to 2022-01-19T14:10:49.387344+00:00
[2022-01-19 18:10:49,397] {processor.py:171} INFO - Processing /home/airflow/.local/lib/python3.6/site-packages/airflow/example_dags/example_latest_only_with_trigger.py took 0.071 seconds
[2022-01-19 18:11:19,725] {processor.py:163} INFO - Started process (PID=467) to work on /home/airflow/.local/lib/python3.6/site-packages/airflow/example_dags/example_latest_only_with_trigger.py
[2022-01-19 18:11:19,726] {processor.py:642} INFO - Processing file /home/airflow/.local/lib/python3.6/site-packages/airflow/example_dags/example_latest_only_with_trigger.py for tasks to queue
[2022-01-19 18:11:19,727] {logging_mixin.py:109} INFO - [2022-01-19 18:11:19,727] {dagbag.py:500} INFO - Filling up the DagBag from /home/airflow/.local/lib/python3.6/site-packages/airflow/example_dags/example_latest_only_with_trigger.py
[2022-01-19 18:11:19,755] {processor.py:654} INFO - DAG(s) dict_keys(['latest_only_with_trigger']) retrieved from /home/airflow/.local/lib/python3.6/site-packages/airflow/example_dags/example_latest_only_with_trigger.py
[2022-01-19 18:11:19,770] {logging_mixin.py:109} INFO - [2022-01-19 18:11:19,769] {dag.py:2396} INFO - Sync 1 DAGs
[2022-01-19 18:11:19,791] {logging_mixin.py:109} INFO - [2022-01-19 18:11:19,791] {dag.py:2935} INFO - Setting next_dagrun for latest_only_with_trigger to 2022-01-19T14:11:19.791279+00:00
[2022-01-19 18:11:19,801] {processor.py:171} INFO - Processing /home/airflow/.local/lib/python3.6/site-packages/airflow/example_dags/example_latest_only_with_trigger.py took 0.078 seconds
[2022-01-19 18:11:50,961] {processor.py:163} INFO - Started process (PID=529) to work on /home/airflow/.local/lib/python3.6/site-packages/airflow/example_dags/example_latest_only_with_trigger.py
[2022-01-19 18:11:50,962] {processor.py:642} INFO - Processing file /home/airflow/.local/lib/python3.6/site-packages/airflow/example_dags/example_latest_only_with_trigger.py for tasks to queue
[2022-01-19 18:11:50,962] {logging_mixin.py:109} INFO - [2022-01-19 18:11:50,962] {dagbag.py:500} INFO - Filling up the DagBag from /home/airflow/.local/lib/python3.6/site-packages/airflow/example_dags/example_latest_only_with_trigger.py
[2022-01-19 18:11:50,990] {processor.py:654} INFO - DAG(s) dict_keys(['latest_only_with_trigger']) retrieved from /home/airflow/.local/lib/python3.6/site-packages/airflow/example_dags/example_latest_only_with_trigger.py
[2022-01-19 18:11:51,001] {logging_mixin.py:109} INFO - [2022-01-19 18:11:51,001] {dag.py:2396} INFO - Sync 1 DAGs
[2022-01-19 18:11:51,018] {logging_mixin.py:109} INFO - [2022-01-19 18:11:51,018] {dag.py:2935} INFO - Setting next_dagrun for latest_only_with_trigger to 2022-01-19T14:11:51.018393+00:00
[2022-01-19 18:11:51,026] {processor.py:171} INFO - Processing /home/airflow/.local/lib/python3.6/site-packages/airflow/example_dags/example_latest_only_with_trigger.py took 0.069 seconds
[2022-01-19 18:12:21,248] {processor.py:163} INFO - Started process (PID=583) to work on /home/airflow/.local/lib/python3.6/site-packages/airflow/example_dags/example_latest_only_with_trigger.py
[2022-01-19 18:12:21,249] {processor.py:642} INFO - Processing file /home/airflow/.local/lib/python3.6/site-packages/airflow/example_dags/example_latest_only_with_trigger.py for tasks to queue
[2022-01-19 18:12:21,250] {logging_mixin.py:109} INFO - [2022-01-19 18:12:21,250] {dagbag.py:500} INFO - Filling up the DagBag from /home/airflow/.local/lib/python3.6/site-packages/airflow/example_dags/example_latest_only_with_trigger.py
[2022-01-19 18:12:21,275] {processor.py:654} INFO - DAG(s) dict_keys(['latest_only_with_trigger']) retrieved from /home/airflow/.local/lib/python3.6/site-packages/airflow/example_dags/example_latest_only_with_trigger.py
[2022-01-19 18:12:21,286] {logging_mixin.py:109} INFO - [2022-01-19 18:12:21,286] {dag.py:2396} INFO - Sync 1 DAGs
[2022-01-19 18:12:21,304] {logging_mixin.py:109} INFO - [2022-01-19 18:12:21,304] {dag.py:2935} INFO - Setting next_dagrun for latest_only_with_trigger to 2022-01-19T14:12:21.304010+00:00
[2022-01-19 18:12:21,315] {processor.py:171} INFO - Processing /home/airflow/.local/lib/python3.6/site-packages/airflow/example_dags/example_latest_only_with_trigger.py took 0.069 seconds
[2022-01-19 18:12:51,842] {processor.py:163} INFO - Started process (PID=635) to work on /home/airflow/.local/lib/python3.6/site-packages/airflow/example_dags/example_latest_only_with_trigger.py
[2022-01-19 18:12:51,843] {processor.py:642} INFO - Processing file /home/airflow/.local/lib/python3.6/site-packages/airflow/example_dags/example_latest_only_with_trigger.py for tasks to queue
[2022-01-19 18:12:51,844] {logging_mixin.py:109} INFO - [2022-01-19 18:12:51,844] {dagbag.py:500} INFO - Filling up the DagBag from /home/airflow/.local/lib/python3.6/site-packages/airflow/example_dags/example_latest_only_with_trigger.py
[2022-01-19 18:12:51,870] {processor.py:654} INFO - DAG(s) dict_keys(['latest_only_with_trigger']) retrieved from /home/airflow/.local/lib/python3.6/site-packages/airflow/example_dags/example_latest_only_with_trigger.py
[2022-01-19 18:12:51,885] {logging_mixin.py:109} INFO - [2022-01-19 18:12:51,885] {dag.py:2396} INFO - Sync 1 DAGs
[2022-01-19 18:12:51,909] {logging_mixin.py:109} INFO - [2022-01-19 18:12:51,909] {dag.py:2935} INFO - Setting next_dagrun for latest_only_with_trigger to 2022-01-19T14:12:51.909263+00:00
[2022-01-19 18:12:51,922] {processor.py:171} INFO - Processing /home/airflow/.local/lib/python3.6/site-packages/airflow/example_dags/example_latest_only_with_trigger.py took 0.082 seconds
[2022-01-19 18:13:22,375] {processor.py:163} INFO - Started process (PID=714) to work on /home/airflow/.local/lib/python3.6/site-packages/airflow/example_dags/example_latest_only_with_trigger.py
[2022-01-19 18:13:22,376] {processor.py:642} INFO - Processing file /home/airflow/.local/lib/python3.6/site-packages/airflow/example_dags/example_latest_only_with_trigger.py for tasks to queue
[2022-01-19 18:13:22,377] {logging_mixin.py:109} INFO - [2022-01-19 18:13:22,377] {dagbag.py:500} INFO - Filling up the DagBag from /home/airflow/.local/lib/python3.6/site-packages/airflow/example_dags/example_latest_only_with_trigger.py
[2022-01-19 18:13:22,401] {processor.py:654} INFO - DAG(s) dict_keys(['latest_only_with_trigger']) retrieved from /home/airflow/.local/lib/python3.6/site-packages/airflow/example_dags/example_latest_only_with_trigger.py
[2022-01-19 18:13:22,411] {logging_mixin.py:109} INFO - [2022-01-19 18:13:22,411] {dag.py:2396} INFO - Sync 1 DAGs
[2022-01-19 18:13:22,427] {logging_mixin.py:109} INFO - [2022-01-19 18:13:22,427] {dag.py:2935} INFO - Setting next_dagrun for latest_only_with_trigger to 2022-01-19T14:13:22.427520+00:00
[2022-01-19 18:13:22,437] {processor.py:171} INFO - Processing /home/airflow/.local/lib/python3.6/site-packages/airflow/example_dags/example_latest_only_with_trigger.py took 0.064 seconds
[2022-01-19 18:13:52,989] {processor.py:163} INFO - Started process (PID=768) to work on /home/airflow/.local/lib/python3.6/site-packages/airflow/example_dags/example_latest_only_with_trigger.py
[2022-01-19 18:13:52,990] {processor.py:642} INFO - Processing file /home/airflow/.local/lib/python3.6/site-packages/airflow/example_dags/example_latest_only_with_trigger.py for tasks to queue
[2022-01-19 18:13:52,991] {logging_mixin.py:109} INFO - [2022-01-19 18:13:52,990] {dagbag.py:500} INFO - Filling up the DagBag from /home/airflow/.local/lib/python3.6/site-packages/airflow/example_dags/example_latest_only_with_trigger.py
[2022-01-19 18:13:53,016] {processor.py:654} INFO - DAG(s) dict_keys(['latest_only_with_trigger']) retrieved from /home/airflow/.local/lib/python3.6/site-packages/airflow/example_dags/example_latest_only_with_trigger.py
[2022-01-19 18:13:53,027] {logging_mixin.py:109} INFO - [2022-01-19 18:13:53,027] {dag.py:2396} INFO - Sync 1 DAGs
[2022-01-19 18:13:53,045] {logging_mixin.py:109} INFO - [2022-01-19 18:13:53,045] {dag.py:2935} INFO - Setting next_dagrun for latest_only_with_trigger to 2022-01-19T14:13:53.045164+00:00
[2022-01-19 18:13:53,053] {processor.py:171} INFO - Processing /home/airflow/.local/lib/python3.6/site-packages/airflow/example_dags/example_latest_only_with_trigger.py took 0.067 seconds
[2022-01-19 18:14:23,625] {processor.py:163} INFO - Started process (PID=830) to work on /home/airflow/.local/lib/python3.6/site-packages/airflow/example_dags/example_latest_only_with_trigger.py
[2022-01-19 18:14:23,626] {processor.py:642} INFO - Processing file /home/airflow/.local/lib/python3.6/site-packages/airflow/example_dags/example_latest_only_with_trigger.py for tasks to queue
[2022-01-19 18:14:23,626] {logging_mixin.py:109} INFO - [2022-01-19 18:14:23,626] {dagbag.py:500} INFO - Filling up the DagBag from /home/airflow/.local/lib/python3.6/site-packages/airflow/example_dags/example_latest_only_with_trigger.py
[2022-01-19 18:14:23,648] {processor.py:654} INFO - DAG(s) dict_keys(['latest_only_with_trigger']) retrieved from /home/airflow/.local/lib/python3.6/site-packages/airflow/example_dags/example_latest_only_with_trigger.py
[2022-01-19 18:14:23,657] {logging_mixin.py:109} INFO - [2022-01-19 18:14:23,657] {dag.py:2396} INFO - Sync 1 DAGs
[2022-01-19 18:14:23,675] {logging_mixin.py:109} INFO - [2022-01-19 18:14:23,675] {dag.py:2935} INFO - Setting next_dagrun for latest_only_with_trigger to 2022-01-19T14:14:23.675092+00:00
[2022-01-19 18:14:23,683] {processor.py:171} INFO - Processing /home/airflow/.local/lib/python3.6/site-packages/airflow/example_dags/example_latest_only_with_trigger.py took 0.061 seconds
[2022-01-19 18:14:54,207] {processor.py:163} INFO - Started process (PID=882) to work on /home/airflow/.local/lib/python3.6/site-packages/airflow/example_dags/example_latest_only_with_trigger.py
[2022-01-19 18:14:54,208] {processor.py:642} INFO - Processing file /home/airflow/.local/lib/python3.6/site-packages/airflow/example_dags/example_latest_only_with_trigger.py for tasks to queue
[2022-01-19 18:14:54,208] {logging_mixin.py:109} INFO - [2022-01-19 18:14:54,208] {dagbag.py:500} INFO - Filling up the DagBag from /home/airflow/.local/lib/python3.6/site-packages/airflow/example_dags/example_latest_only_with_trigger.py
[2022-01-19 18:14:54,237] {processor.py:654} INFO - DAG(s) dict_keys(['latest_only_with_trigger']) retrieved from /home/airflow/.local/lib/python3.6/site-packages/airflow/example_dags/example_latest_only_with_trigger.py
[2022-01-19 18:14:54,248] {logging_mixin.py:109} INFO - [2022-01-19 18:14:54,248] {dag.py:2396} INFO - Sync 1 DAGs
[2022-01-19 18:14:54,265] {logging_mixin.py:109} INFO - [2022-01-19 18:14:54,264] {dag.py:2935} INFO - Setting next_dagrun for latest_only_with_trigger to 2022-01-19T14:14:54.264651+00:00
[2022-01-19 18:14:54,273] {processor.py:171} INFO - Processing /home/airflow/.local/lib/python3.6/site-packages/airflow/example_dags/example_latest_only_with_trigger.py took 0.069 seconds
[2022-01-19 18:15:24,664] {processor.py:163} INFO - Started process (PID=934) to work on /home/airflow/.local/lib/python3.6/site-packages/airflow/example_dags/example_latest_only_with_trigger.py
[2022-01-19 18:15:24,665] {processor.py:642} INFO - Processing file /home/airflow/.local/lib/python3.6/site-packages/airflow/example_dags/example_latest_only_with_trigger.py for tasks to queue
[2022-01-19 18:15:24,666] {logging_mixin.py:109} INFO - [2022-01-19 18:15:24,666] {dagbag.py:500} INFO - Filling up the DagBag from /home/airflow/.local/lib/python3.6/site-packages/airflow/example_dags/example_latest_only_with_trigger.py
[2022-01-19 18:15:24,690] {processor.py:654} INFO - DAG(s) dict_keys(['latest_only_with_trigger']) retrieved from /home/airflow/.local/lib/python3.6/site-packages/airflow/example_dags/example_latest_only_with_trigger.py
[2022-01-19 18:15:24,701] {logging_mixin.py:109} INFO - [2022-01-19 18:15:24,700] {dag.py:2396} INFO - Sync 1 DAGs
[2022-01-19 18:15:24,718] {logging_mixin.py:109} INFO - [2022-01-19 18:15:24,718] {dag.py:2935} INFO - Setting next_dagrun for latest_only_with_trigger to 2022-01-19T14:15:24.717768+00:00
[2022-01-19 18:15:24,726] {processor.py:171} INFO - Processing /home/airflow/.local/lib/python3.6/site-packages/airflow/example_dags/example_latest_only_with_trigger.py took 0.064 seconds
[2022-01-19 18:15:55,150] {processor.py:163} INFO - Started process (PID=997) to work on /home/airflow/.local/lib/python3.6/site-packages/airflow/example_dags/example_latest_only_with_trigger.py
[2022-01-19 18:15:55,151] {processor.py:642} INFO - Processing file /home/airflow/.local/lib/python3.6/site-packages/airflow/example_dags/example_latest_only_with_trigger.py for tasks to queue
[2022-01-19 18:15:55,152] {logging_mixin.py:109} INFO - [2022-01-19 18:15:55,151] {dagbag.py:500} INFO - Filling up the DagBag from /home/airflow/.local/lib/python3.6/site-packages/airflow/example_dags/example_latest_only_with_trigger.py
[2022-01-19 18:15:55,179] {processor.py:654} INFO - DAG(s) dict_keys(['latest_only_with_trigger']) retrieved from /home/airflow/.local/lib/python3.6/site-packages/airflow/example_dags/example_latest_only_with_trigger.py
[2022-01-19 18:15:55,190] {logging_mixin.py:109} INFO - [2022-01-19 18:15:55,190] {dag.py:2396} INFO - Sync 1 DAGs
[2022-01-19 18:15:55,207] {logging_mixin.py:109} INFO - [2022-01-19 18:15:55,207] {dag.py:2935} INFO - Setting next_dagrun for latest_only_with_trigger to 2022-01-19T14:15:55.207057+00:00
[2022-01-19 18:15:55,217] {processor.py:171} INFO - Processing /home/airflow/.local/lib/python3.6/site-packages/airflow/example_dags/example_latest_only_with_trigger.py took 0.070 seconds
[2022-01-19 18:16:25,582] {processor.py:163} INFO - Started process (PID=1049) to work on /home/airflow/.local/lib/python3.6/site-packages/airflow/example_dags/example_latest_only_with_trigger.py
[2022-01-19 18:16:25,583] {processor.py:642} INFO - Processing file /home/airflow/.local/lib/python3.6/site-packages/airflow/example_dags/example_latest_only_with_trigger.py for tasks to queue
[2022-01-19 18:16:25,583] {logging_mixin.py:109} INFO - [2022-01-19 18:16:25,583] {dagbag.py:500} INFO - Filling up the DagBag from /home/airflow/.local/lib/python3.6/site-packages/airflow/example_dags/example_latest_only_with_trigger.py
[2022-01-19 18:16:25,624] {processor.py:654} INFO - DAG(s) dict_keys(['latest_only_with_trigger']) retrieved from /home/airflow/.local/lib/python3.6/site-packages/airflow/example_dags/example_latest_only_with_trigger.py
[2022-01-19 18:16:25,637] {logging_mixin.py:109} INFO - [2022-01-19 18:16:25,636] {dag.py:2396} INFO - Sync 1 DAGs
[2022-01-19 18:16:25,657] {logging_mixin.py:109} INFO - [2022-01-19 18:16:25,657] {dag.py:2935} INFO - Setting next_dagrun for latest_only_with_trigger to 2022-01-19T14:16:25.657002+00:00
[2022-01-19 18:16:25,667] {processor.py:171} INFO - Processing /home/airflow/.local/lib/python3.6/site-packages/airflow/example_dags/example_latest_only_with_trigger.py took 0.088 seconds
[2022-01-19 18:16:56,283] {processor.py:163} INFO - Started process (PID=1111) to work on /home/airflow/.local/lib/python3.6/site-packages/airflow/example_dags/example_latest_only_with_trigger.py
[2022-01-19 18:16:56,284] {processor.py:642} INFO - Processing file /home/airflow/.local/lib/python3.6/site-packages/airflow/example_dags/example_latest_only_with_trigger.py for tasks to queue
[2022-01-19 18:16:56,284] {logging_mixin.py:109} INFO - [2022-01-19 18:16:56,284] {dagbag.py:500} INFO - Filling up the DagBag from /home/airflow/.local/lib/python3.6/site-packages/airflow/example_dags/example_latest_only_with_trigger.py
[2022-01-19 18:16:56,309] {processor.py:654} INFO - DAG(s) dict_keys(['latest_only_with_trigger']) retrieved from /home/airflow/.local/lib/python3.6/site-packages/airflow/example_dags/example_latest_only_with_trigger.py
[2022-01-19 18:16:56,320] {logging_mixin.py:109} INFO - [2022-01-19 18:16:56,320] {dag.py:2396} INFO - Sync 1 DAGs
[2022-01-19 18:16:56,337] {logging_mixin.py:109} INFO - [2022-01-19 18:16:56,337] {dag.py:2935} INFO - Setting next_dagrun for latest_only_with_trigger to 2022-01-19T14:16:56.337007+00:00
[2022-01-19 18:16:56,344] {processor.py:171} INFO - Processing /home/airflow/.local/lib/python3.6/site-packages/airflow/example_dags/example_latest_only_with_trigger.py took 0.064 seconds
[2022-01-19 18:17:26,576] {processor.py:163} INFO - Started process (PID=1164) to work on /home/airflow/.local/lib/python3.6/site-packages/airflow/example_dags/example_latest_only_with_trigger.py
[2022-01-19 18:17:26,577] {processor.py:642} INFO - Processing file /home/airflow/.local/lib/python3.6/site-packages/airflow/example_dags/example_latest_only_with_trigger.py for tasks to queue
[2022-01-19 18:17:26,577] {logging_mixin.py:109} INFO - [2022-01-19 18:17:26,577] {dagbag.py:500} INFO - Filling up the DagBag from /home/airflow/.local/lib/python3.6/site-packages/airflow/example_dags/example_latest_only_with_trigger.py
[2022-01-19 18:17:26,600] {processor.py:654} INFO - DAG(s) dict_keys(['latest_only_with_trigger']) retrieved from /home/airflow/.local/lib/python3.6/site-packages/airflow/example_dags/example_latest_only_with_trigger.py
[2022-01-19 18:17:26,610] {logging_mixin.py:109} INFO - [2022-01-19 18:17:26,610] {dag.py:2396} INFO - Sync 1 DAGs
[2022-01-19 18:17:26,627] {logging_mixin.py:109} INFO - [2022-01-19 18:17:26,627] {dag.py:2935} INFO - Setting next_dagrun for latest_only_with_trigger to 2022-01-19T14:17:26.627137+00:00
[2022-01-19 18:17:26,636] {processor.py:171} INFO - Processing /home/airflow/.local/lib/python3.6/site-packages/airflow/example_dags/example_latest_only_with_trigger.py took 0.062 seconds
[2022-01-19 18:17:56,919] {processor.py:163} INFO - Started process (PID=1227) to work on /home/airflow/.local/lib/python3.6/site-packages/airflow/example_dags/example_latest_only_with_trigger.py
[2022-01-19 18:17:56,919] {processor.py:642} INFO - Processing file /home/airflow/.local/lib/python3.6/site-packages/airflow/example_dags/example_latest_only_with_trigger.py for tasks to queue
[2022-01-19 18:17:56,920] {logging_mixin.py:109} INFO - [2022-01-19 18:17:56,920] {dagbag.py:500} INFO - Filling up the DagBag from /home/airflow/.local/lib/python3.6/site-packages/airflow/example_dags/example_latest_only_with_trigger.py
[2022-01-19 18:17:56,940] {processor.py:654} INFO - DAG(s) dict_keys(['latest_only_with_trigger']) retrieved from /home/airflow/.local/lib/python3.6/site-packages/airflow/example_dags/example_latest_only_with_trigger.py
[2022-01-19 18:17:56,949] {logging_mixin.py:109} INFO - [2022-01-19 18:17:56,949] {dag.py:2396} INFO - Sync 1 DAGs
[2022-01-19 18:17:56,963] {logging_mixin.py:109} INFO - [2022-01-19 18:17:56,963] {dag.py:2935} INFO - Setting next_dagrun for latest_only_with_trigger to 2022-01-19T14:17:56.963222+00:00
[2022-01-19 18:17:56,971] {processor.py:171} INFO - Processing /home/airflow/.local/lib/python3.6/site-packages/airflow/example_dags/example_latest_only_with_trigger.py took 0.054 seconds
[2022-01-19 18:18:27,664] {processor.py:163} INFO - Started process (PID=1279) to work on /home/airflow/.local/lib/python3.6/site-packages/airflow/example_dags/example_latest_only_with_trigger.py
[2022-01-19 18:18:27,665] {processor.py:642} INFO - Processing file /home/airflow/.local/lib/python3.6/site-packages/airflow/example_dags/example_latest_only_with_trigger.py for tasks to queue
[2022-01-19 18:18:27,666] {logging_mixin.py:109} INFO - [2022-01-19 18:18:27,666] {dagbag.py:500} INFO - Filling up the DagBag from /home/airflow/.local/lib/python3.6/site-packages/airflow/example_dags/example_latest_only_with_trigger.py
[2022-01-19 18:18:27,690] {processor.py:654} INFO - DAG(s) dict_keys(['latest_only_with_trigger']) retrieved from /home/airflow/.local/lib/python3.6/site-packages/airflow/example_dags/example_latest_only_with_trigger.py
[2022-01-19 18:18:27,702] {logging_mixin.py:109} INFO - [2022-01-19 18:18:27,702] {dag.py:2396} INFO - Sync 1 DAGs
[2022-01-19 18:18:27,722] {logging_mixin.py:109} INFO - [2022-01-19 18:18:27,721] {dag.py:2935} INFO - Setting next_dagrun for latest_only_with_trigger to 2022-01-19T14:18:27.721528+00:00
[2022-01-19 18:18:27,732] {processor.py:171} INFO - Processing /home/airflow/.local/lib/python3.6/site-packages/airflow/example_dags/example_latest_only_with_trigger.py took 0.071 seconds
[2022-01-19 18:18:57,976] {processor.py:163} INFO - Started process (PID=1331) to work on /home/airflow/.local/lib/python3.6/site-packages/airflow/example_dags/example_latest_only_with_trigger.py
[2022-01-19 18:18:57,977] {processor.py:642} INFO - Processing file /home/airflow/.local/lib/python3.6/site-packages/airflow/example_dags/example_latest_only_with_trigger.py for tasks to queue
[2022-01-19 18:18:57,978] {logging_mixin.py:109} INFO - [2022-01-19 18:18:57,978] {dagbag.py:500} INFO - Filling up the DagBag from /home/airflow/.local/lib/python3.6/site-packages/airflow/example_dags/example_latest_only_with_trigger.py
[2022-01-19 18:18:58,010] {processor.py:654} INFO - DAG(s) dict_keys(['latest_only_with_trigger']) retrieved from /home/airflow/.local/lib/python3.6/site-packages/airflow/example_dags/example_latest_only_with_trigger.py
[2022-01-19 18:18:58,027] {logging_mixin.py:109} INFO - [2022-01-19 18:18:58,027] {dag.py:2396} INFO - Sync 1 DAGs
[2022-01-19 18:18:58,057] {logging_mixin.py:109} INFO - [2022-01-19 18:18:58,057] {dag.py:2935} INFO - Setting next_dagrun for latest_only_with_trigger to 2022-01-19T14:18:58.056710+00:00
[2022-01-19 18:18:58,069] {processor.py:171} INFO - Processing /home/airflow/.local/lib/python3.6/site-packages/airflow/example_dags/example_latest_only_with_trigger.py took 0.096 seconds
[2022-01-19 18:19:28,742] {processor.py:163} INFO - Started process (PID=1393) to work on /home/airflow/.local/lib/python3.6/site-packages/airflow/example_dags/example_latest_only_with_trigger.py
[2022-01-19 18:19:28,743] {processor.py:642} INFO - Processing file /home/airflow/.local/lib/python3.6/site-packages/airflow/example_dags/example_latest_only_with_trigger.py for tasks to queue
[2022-01-19 18:19:28,744] {logging_mixin.py:109} INFO - [2022-01-19 18:19:28,744] {dagbag.py:500} INFO - Filling up the DagBag from /home/airflow/.local/lib/python3.6/site-packages/airflow/example_dags/example_latest_only_with_trigger.py
[2022-01-19 18:19:28,778] {processor.py:654} INFO - DAG(s) dict_keys(['latest_only_with_trigger']) retrieved from /home/airflow/.local/lib/python3.6/site-packages/airflow/example_dags/example_latest_only_with_trigger.py
[2022-01-19 18:19:28,792] {logging_mixin.py:109} INFO - [2022-01-19 18:19:28,792] {dag.py:2396} INFO - Sync 1 DAGs
[2022-01-19 18:19:28,815] {logging_mixin.py:109} INFO - [2022-01-19 18:19:28,815] {dag.py:2935} INFO - Setting next_dagrun for latest_only_with_trigger to 2022-01-19T14:19:28.814756+00:00
[2022-01-19 18:19:28,827] {processor.py:171} INFO - Processing /home/airflow/.local/lib/python3.6/site-packages/airflow/example_dags/example_latest_only_with_trigger.py took 0.088 seconds
[2022-01-19 18:19:59,119] {processor.py:163} INFO - Started process (PID=1446) to work on /home/airflow/.local/lib/python3.6/site-packages/airflow/example_dags/example_latest_only_with_trigger.py
[2022-01-19 18:19:59,120] {processor.py:642} INFO - Processing file /home/airflow/.local/lib/python3.6/site-packages/airflow/example_dags/example_latest_only_with_trigger.py for tasks to queue
[2022-01-19 18:19:59,120] {logging_mixin.py:109} INFO - [2022-01-19 18:19:59,120] {dagbag.py:500} INFO - Filling up the DagBag from /home/airflow/.local/lib/python3.6/site-packages/airflow/example_dags/example_latest_only_with_trigger.py
[2022-01-19 18:19:59,156] {processor.py:654} INFO - DAG(s) dict_keys(['latest_only_with_trigger']) retrieved from /home/airflow/.local/lib/python3.6/site-packages/airflow/example_dags/example_latest_only_with_trigger.py
[2022-01-19 18:19:59,171] {logging_mixin.py:109} INFO - [2022-01-19 18:19:59,171] {dag.py:2396} INFO - Sync 1 DAGs
[2022-01-19 18:19:59,195] {logging_mixin.py:109} INFO - [2022-01-19 18:19:59,194] {dag.py:2935} INFO - Setting next_dagrun for latest_only_with_trigger to 2022-01-19T14:19:59.194587+00:00
[2022-01-19 18:19:59,207] {processor.py:171} INFO - Processing /home/airflow/.local/lib/python3.6/site-packages/airflow/example_dags/example_latest_only_with_trigger.py took 0.092 seconds
[2022-01-19 18:20:29,830] {processor.py:163} INFO - Started process (PID=1508) to work on /home/airflow/.local/lib/python3.6/site-packages/airflow/example_dags/example_latest_only_with_trigger.py
[2022-01-19 18:20:29,831] {processor.py:642} INFO - Processing file /home/airflow/.local/lib/python3.6/site-packages/airflow/example_dags/example_latest_only_with_trigger.py for tasks to queue
[2022-01-19 18:20:29,832] {logging_mixin.py:109} INFO - [2022-01-19 18:20:29,832] {dagbag.py:500} INFO - Filling up the DagBag from /home/airflow/.local/lib/python3.6/site-packages/airflow/example_dags/example_latest_only_with_trigger.py
[2022-01-19 18:20:29,857] {processor.py:654} INFO - DAG(s) dict_keys(['latest_only_with_trigger']) retrieved from /home/airflow/.local/lib/python3.6/site-packages/airflow/example_dags/example_latest_only_with_trigger.py
[2022-01-19 18:20:29,870] {logging_mixin.py:109} INFO - [2022-01-19 18:20:29,870] {dag.py:2396} INFO - Sync 1 DAGs
[2022-01-19 18:20:29,891] {logging_mixin.py:109} INFO - [2022-01-19 18:20:29,891] {dag.py:2935} INFO - Setting next_dagrun for latest_only_with_trigger to 2022-01-19T14:20:29.890809+00:00
[2022-01-19 18:20:29,900] {processor.py:171} INFO - Processing /home/airflow/.local/lib/python3.6/site-packages/airflow/example_dags/example_latest_only_with_trigger.py took 0.072 seconds
[2022-01-19 18:21:01,002] {processor.py:163} INFO - Started process (PID=1560) to work on /home/airflow/.local/lib/python3.6/site-packages/airflow/example_dags/example_latest_only_with_trigger.py
[2022-01-19 18:21:01,003] {processor.py:642} INFO - Processing file /home/airflow/.local/lib/python3.6/site-packages/airflow/example_dags/example_latest_only_with_trigger.py for tasks to queue
[2022-01-19 18:21:01,004] {logging_mixin.py:109} INFO - [2022-01-19 18:21:01,004] {dagbag.py:500} INFO - Filling up the DagBag from /home/airflow/.local/lib/python3.6/site-packages/airflow/example_dags/example_latest_only_with_trigger.py
[2022-01-19 18:21:01,039] {processor.py:654} INFO - DAG(s) dict_keys(['latest_only_with_trigger']) retrieved from /home/airflow/.local/lib/python3.6/site-packages/airflow/example_dags/example_latest_only_with_trigger.py
[2022-01-19 18:21:01,052] {logging_mixin.py:109} INFO - [2022-01-19 18:21:01,052] {dag.py:2396} INFO - Sync 1 DAGs
[2022-01-19 18:21:01,074] {logging_mixin.py:109} INFO - [2022-01-19 18:21:01,074] {dag.py:2935} INFO - Setting next_dagrun for latest_only_with_trigger to 2022-01-19T14:21:01.074495+00:00
[2022-01-19 18:21:01,085] {processor.py:171} INFO - Processing /home/airflow/.local/lib/python3.6/site-packages/airflow/example_dags/example_latest_only_with_trigger.py took 0.087 seconds
[2022-01-19 18:21:32,194] {processor.py:163} INFO - Started process (PID=1612) to work on /home/airflow/.local/lib/python3.6/site-packages/airflow/example_dags/example_latest_only_with_trigger.py
[2022-01-19 18:21:32,195] {processor.py:642} INFO - Processing file /home/airflow/.local/lib/python3.6/site-packages/airflow/example_dags/example_latest_only_with_trigger.py for tasks to queue
[2022-01-19 18:21:32,195] {logging_mixin.py:109} INFO - [2022-01-19 18:21:32,195] {dagbag.py:500} INFO - Filling up the DagBag from /home/airflow/.local/lib/python3.6/site-packages/airflow/example_dags/example_latest_only_with_trigger.py
[2022-01-19 18:21:32,224] {processor.py:654} INFO - DAG(s) dict_keys(['latest_only_with_trigger']) retrieved from /home/airflow/.local/lib/python3.6/site-packages/airflow/example_dags/example_latest_only_with_trigger.py
[2022-01-19 18:21:32,236] {logging_mixin.py:109} INFO - [2022-01-19 18:21:32,236] {dag.py:2396} INFO - Sync 1 DAGs
[2022-01-19 18:21:32,256] {logging_mixin.py:109} INFO - [2022-01-19 18:21:32,256] {dag.py:2935} INFO - Setting next_dagrun for latest_only_with_trigger to 2022-01-19T14:21:32.256176+00:00
[2022-01-19 18:21:32,265] {processor.py:171} INFO - Processing /home/airflow/.local/lib/python3.6/site-packages/airflow/example_dags/example_latest_only_with_trigger.py took 0.074 seconds
[2022-01-19 18:22:03,272] {processor.py:163} INFO - Started process (PID=1676) to work on /home/airflow/.local/lib/python3.6/site-packages/airflow/example_dags/example_latest_only_with_trigger.py
[2022-01-19 18:22:03,273] {processor.py:642} INFO - Processing file /home/airflow/.local/lib/python3.6/site-packages/airflow/example_dags/example_latest_only_with_trigger.py for tasks to queue
[2022-01-19 18:22:03,273] {logging_mixin.py:109} INFO - [2022-01-19 18:22:03,273] {dagbag.py:500} INFO - Filling up the DagBag from /home/airflow/.local/lib/python3.6/site-packages/airflow/example_dags/example_latest_only_with_trigger.py
[2022-01-19 18:22:03,296] {processor.py:654} INFO - DAG(s) dict_keys(['latest_only_with_trigger']) retrieved from /home/airflow/.local/lib/python3.6/site-packages/airflow/example_dags/example_latest_only_with_trigger.py
[2022-01-19 18:22:03,305] {logging_mixin.py:109} INFO - [2022-01-19 18:22:03,305] {dag.py:2396} INFO - Sync 1 DAGs
[2022-01-19 18:22:03,319] {logging_mixin.py:109} INFO - [2022-01-19 18:22:03,319] {dag.py:2935} INFO - Setting next_dagrun for latest_only_with_trigger to 2022-01-19T14:22:03.319404+00:00
[2022-01-19 18:22:03,326] {processor.py:171} INFO - Processing /home/airflow/.local/lib/python3.6/site-packages/airflow/example_dags/example_latest_only_with_trigger.py took 0.057 seconds
[2022-01-19 18:22:34,234] {processor.py:163} INFO - Started process (PID=1728) to work on /home/airflow/.local/lib/python3.6/site-packages/airflow/example_dags/example_latest_only_with_trigger.py
[2022-01-19 18:22:34,235] {processor.py:642} INFO - Processing file /home/airflow/.local/lib/python3.6/site-packages/airflow/example_dags/example_latest_only_with_trigger.py for tasks to queue
[2022-01-19 18:22:34,236] {logging_mixin.py:109} INFO - [2022-01-19 18:22:34,236] {dagbag.py:500} INFO - Filling up the DagBag from /home/airflow/.local/lib/python3.6/site-packages/airflow/example_dags/example_latest_only_with_trigger.py
[2022-01-19 18:22:34,259] {processor.py:654} INFO - DAG(s) dict_keys(['latest_only_with_trigger']) retrieved from /home/airflow/.local/lib/python3.6/site-packages/airflow/example_dags/example_latest_only_with_trigger.py
[2022-01-19 18:22:34,270] {logging_mixin.py:109} INFO - [2022-01-19 18:22:34,269] {dag.py:2396} INFO - Sync 1 DAGs
[2022-01-19 18:22:34,288] {logging_mixin.py:109} INFO - [2022-01-19 18:22:34,288] {dag.py:2935} INFO - Setting next_dagrun for latest_only_with_trigger to 2022-01-19T14:22:34.288085+00:00
[2022-01-19 18:22:34,300] {processor.py:171} INFO - Processing /home/airflow/.local/lib/python3.6/site-packages/airflow/example_dags/example_latest_only_with_trigger.py took 0.069 seconds
[2022-01-19 18:23:05,205] {processor.py:163} INFO - Started process (PID=1791) to work on /home/airflow/.local/lib/python3.6/site-packages/airflow/example_dags/example_latest_only_with_trigger.py
[2022-01-19 18:23:05,206] {processor.py:642} INFO - Processing file /home/airflow/.local/lib/python3.6/site-packages/airflow/example_dags/example_latest_only_with_trigger.py for tasks to queue
[2022-01-19 18:23:05,206] {logging_mixin.py:109} INFO - [2022-01-19 18:23:05,206] {dagbag.py:500} INFO - Filling up the DagBag from /home/airflow/.local/lib/python3.6/site-packages/airflow/example_dags/example_latest_only_with_trigger.py
[2022-01-19 18:23:05,229] {processor.py:654} INFO - DAG(s) dict_keys(['latest_only_with_trigger']) retrieved from /home/airflow/.local/lib/python3.6/site-packages/airflow/example_dags/example_latest_only_with_trigger.py
[2022-01-19 18:23:05,242] {logging_mixin.py:109} INFO - [2022-01-19 18:23:05,242] {dag.py:2396} INFO - Sync 1 DAGs
[2022-01-19 18:23:05,262] {logging_mixin.py:109} INFO - [2022-01-19 18:23:05,262] {dag.py:2935} INFO - Setting next_dagrun for latest_only_with_trigger to 2022-01-19T14:23:05.262214+00:00
[2022-01-19 18:23:05,272] {processor.py:171} INFO - Processing /home/airflow/.local/lib/python3.6/site-packages/airflow/example_dags/example_latest_only_with_trigger.py took 0.070 seconds
[2022-01-19 18:23:36,394] {processor.py:163} INFO - Started process (PID=1844) to work on /home/airflow/.local/lib/python3.6/site-packages/airflow/example_dags/example_latest_only_with_trigger.py
[2022-01-19 18:23:36,396] {processor.py:642} INFO - Processing file /home/airflow/.local/lib/python3.6/site-packages/airflow/example_dags/example_latest_only_with_trigger.py for tasks to queue
[2022-01-19 18:23:36,397] {logging_mixin.py:109} INFO - [2022-01-19 18:23:36,397] {dagbag.py:500} INFO - Filling up the DagBag from /home/airflow/.local/lib/python3.6/site-packages/airflow/example_dags/example_latest_only_with_trigger.py
[2022-01-19 18:23:36,436] {processor.py:654} INFO - DAG(s) dict_keys(['latest_only_with_trigger']) retrieved from /home/airflow/.local/lib/python3.6/site-packages/airflow/example_dags/example_latest_only_with_trigger.py
[2022-01-19 18:23:36,449] {logging_mixin.py:109} INFO - [2022-01-19 18:23:36,449] {dag.py:2396} INFO - Sync 1 DAGs
[2022-01-19 18:23:36,468] {logging_mixin.py:109} INFO - [2022-01-19 18:23:36,468] {dag.py:2935} INFO - Setting next_dagrun for latest_only_with_trigger to 2022-01-19T14:23:36.468543+00:00
[2022-01-19 18:23:36,477] {processor.py:171} INFO - Processing /home/airflow/.local/lib/python3.6/site-packages/airflow/example_dags/example_latest_only_with_trigger.py took 0.086 seconds
[2022-01-19 18:24:06,792] {processor.py:163} INFO - Started process (PID=1896) to work on /home/airflow/.local/lib/python3.6/site-packages/airflow/example_dags/example_latest_only_with_trigger.py
[2022-01-19 18:24:06,794] {processor.py:642} INFO - Processing file /home/airflow/.local/lib/python3.6/site-packages/airflow/example_dags/example_latest_only_with_trigger.py for tasks to queue
[2022-01-19 18:24:06,794] {logging_mixin.py:109} INFO - [2022-01-19 18:24:06,794] {dagbag.py:500} INFO - Filling up the DagBag from /home/airflow/.local/lib/python3.6/site-packages/airflow/example_dags/example_latest_only_with_trigger.py
[2022-01-19 18:24:06,855] {processor.py:654} INFO - DAG(s) dict_keys(['latest_only_with_trigger']) retrieved from /home/airflow/.local/lib/python3.6/site-packages/airflow/example_dags/example_latest_only_with_trigger.py
[2022-01-19 18:24:06,882] {logging_mixin.py:109} INFO - [2022-01-19 18:24:06,881] {dag.py:2396} INFO - Sync 1 DAGs
[2022-01-19 18:24:06,925] {logging_mixin.py:109} INFO - [2022-01-19 18:24:06,924] {dag.py:2935} INFO - Setting next_dagrun for latest_only_with_trigger to 2022-01-19T14:24:06.920541+00:00
[2022-01-19 18:24:06,961] {processor.py:171} INFO - Processing /home/airflow/.local/lib/python3.6/site-packages/airflow/example_dags/example_latest_only_with_trigger.py took 0.172 seconds
[2022-01-19 18:24:37,113] {processor.py:163} INFO - Started process (PID=1960) to work on /home/airflow/.local/lib/python3.6/site-packages/airflow/example_dags/example_latest_only_with_trigger.py
[2022-01-19 18:24:37,114] {processor.py:642} INFO - Processing file /home/airflow/.local/lib/python3.6/site-packages/airflow/example_dags/example_latest_only_with_trigger.py for tasks to queue
[2022-01-19 18:24:37,114] {logging_mixin.py:109} INFO - [2022-01-19 18:24:37,114] {dagbag.py:500} INFO - Filling up the DagBag from /home/airflow/.local/lib/python3.6/site-packages/airflow/example_dags/example_latest_only_with_trigger.py
[2022-01-19 18:24:37,144] {processor.py:654} INFO - DAG(s) dict_keys(['latest_only_with_trigger']) retrieved from /home/airflow/.local/lib/python3.6/site-packages/airflow/example_dags/example_latest_only_with_trigger.py
[2022-01-19 18:24:37,161] {logging_mixin.py:109} INFO - [2022-01-19 18:24:37,160] {dag.py:2396} INFO - Sync 1 DAGs
[2022-01-19 18:24:37,186] {logging_mixin.py:109} INFO - [2022-01-19 18:24:37,186] {dag.py:2935} INFO - Setting next_dagrun for latest_only_with_trigger to 2022-01-19T14:24:37.185625+00:00
[2022-01-19 18:24:37,200] {processor.py:171} INFO - Processing /home/airflow/.local/lib/python3.6/site-packages/airflow/example_dags/example_latest_only_with_trigger.py took 0.090 seconds
[2022-01-19 18:25:08,199] {processor.py:163} INFO - Started process (PID=2012) to work on /home/airflow/.local/lib/python3.6/site-packages/airflow/example_dags/example_latest_only_with_trigger.py
[2022-01-19 18:25:08,200] {processor.py:642} INFO - Processing file /home/airflow/.local/lib/python3.6/site-packages/airflow/example_dags/example_latest_only_with_trigger.py for tasks to queue
[2022-01-19 18:25:08,201] {logging_mixin.py:109} INFO - [2022-01-19 18:25:08,200] {dagbag.py:500} INFO - Filling up the DagBag from /home/airflow/.local/lib/python3.6/site-packages/airflow/example_dags/example_latest_only_with_trigger.py
[2022-01-19 18:25:08,223] {processor.py:654} INFO - DAG(s) dict_keys(['latest_only_with_trigger']) retrieved from /home/airflow/.local/lib/python3.6/site-packages/airflow/example_dags/example_latest_only_with_trigger.py
[2022-01-19 18:25:08,232] {logging_mixin.py:109} INFO - [2022-01-19 18:25:08,232] {dag.py:2396} INFO - Sync 1 DAGs
[2022-01-19 18:25:08,247] {logging_mixin.py:109} INFO - [2022-01-19 18:25:08,247] {dag.py:2935} INFO - Setting next_dagrun for latest_only_with_trigger to 2022-01-19T14:25:08.247291+00:00
[2022-01-19 18:25:08,255] {processor.py:171} INFO - Processing /home/airflow/.local/lib/python3.6/site-packages/airflow/example_dags/example_latest_only_with_trigger.py took 0.058 seconds
[2022-01-19 18:25:38,877] {processor.py:163} INFO - Started process (PID=2076) to work on /home/airflow/.local/lib/python3.6/site-packages/airflow/example_dags/example_latest_only_with_trigger.py
[2022-01-19 18:25:38,878] {processor.py:642} INFO - Processing file /home/airflow/.local/lib/python3.6/site-packages/airflow/example_dags/example_latest_only_with_trigger.py for tasks to queue
[2022-01-19 18:25:38,878] {logging_mixin.py:109} INFO - [2022-01-19 18:25:38,878] {dagbag.py:500} INFO - Filling up the DagBag from /home/airflow/.local/lib/python3.6/site-packages/airflow/example_dags/example_latest_only_with_trigger.py
[2022-01-19 18:25:38,903] {processor.py:654} INFO - DAG(s) dict_keys(['latest_only_with_trigger']) retrieved from /home/airflow/.local/lib/python3.6/site-packages/airflow/example_dags/example_latest_only_with_trigger.py
[2022-01-19 18:25:38,914] {logging_mixin.py:109} INFO - [2022-01-19 18:25:38,914] {dag.py:2396} INFO - Sync 1 DAGs
[2022-01-19 18:25:38,934] {logging_mixin.py:109} INFO - [2022-01-19 18:25:38,934] {dag.py:2935} INFO - Setting next_dagrun for latest_only_with_trigger to 2022-01-19T14:25:38.933837+00:00
[2022-01-19 18:25:38,944] {processor.py:171} INFO - Processing /home/airflow/.local/lib/python3.6/site-packages/airflow/example_dags/example_latest_only_with_trigger.py took 0.070 seconds
[2022-01-19 18:26:09,406] {processor.py:163} INFO - Started process (PID=2129) to work on /home/airflow/.local/lib/python3.6/site-packages/airflow/example_dags/example_latest_only_with_trigger.py
[2022-01-19 18:26:09,407] {processor.py:642} INFO - Processing file /home/airflow/.local/lib/python3.6/site-packages/airflow/example_dags/example_latest_only_with_trigger.py for tasks to queue
[2022-01-19 18:26:09,407] {logging_mixin.py:109} INFO - [2022-01-19 18:26:09,407] {dagbag.py:500} INFO - Filling up the DagBag from /home/airflow/.local/lib/python3.6/site-packages/airflow/example_dags/example_latest_only_with_trigger.py
[2022-01-19 18:26:09,429] {processor.py:654} INFO - DAG(s) dict_keys(['latest_only_with_trigger']) retrieved from /home/airflow/.local/lib/python3.6/site-packages/airflow/example_dags/example_latest_only_with_trigger.py
[2022-01-19 18:26:09,437] {logging_mixin.py:109} INFO - [2022-01-19 18:26:09,437] {dag.py:2396} INFO - Sync 1 DAGs
[2022-01-19 18:26:09,452] {logging_mixin.py:109} INFO - [2022-01-19 18:26:09,452] {dag.py:2935} INFO - Setting next_dagrun for latest_only_with_trigger to 2022-01-19T14:26:09.451967+00:00
[2022-01-19 18:26:09,459] {processor.py:171} INFO - Processing /home/airflow/.local/lib/python3.6/site-packages/airflow/example_dags/example_latest_only_with_trigger.py took 0.055 seconds
[2022-01-19 18:26:40,137] {processor.py:163} INFO - Started process (PID=2191) to work on /home/airflow/.local/lib/python3.6/site-packages/airflow/example_dags/example_latest_only_with_trigger.py
[2022-01-19 18:26:40,138] {processor.py:642} INFO - Processing file /home/airflow/.local/lib/python3.6/site-packages/airflow/example_dags/example_latest_only_with_trigger.py for tasks to queue
[2022-01-19 18:26:40,139] {logging_mixin.py:109} INFO - [2022-01-19 18:26:40,138] {dagbag.py:500} INFO - Filling up the DagBag from /home/airflow/.local/lib/python3.6/site-packages/airflow/example_dags/example_latest_only_with_trigger.py
[2022-01-19 18:26:40,166] {processor.py:654} INFO - DAG(s) dict_keys(['latest_only_with_trigger']) retrieved from /home/airflow/.local/lib/python3.6/site-packages/airflow/example_dags/example_latest_only_with_trigger.py
[2022-01-19 18:26:40,177] {logging_mixin.py:109} INFO - [2022-01-19 18:26:40,177] {dag.py:2396} INFO - Sync 1 DAGs
[2022-01-19 18:26:40,195] {logging_mixin.py:109} INFO - [2022-01-19 18:26:40,195] {dag.py:2935} INFO - Setting next_dagrun for latest_only_with_trigger to 2022-01-19T14:26:40.195061+00:00
[2022-01-19 18:26:40,203] {processor.py:171} INFO - Processing /home/airflow/.local/lib/python3.6/site-packages/airflow/example_dags/example_latest_only_with_trigger.py took 0.069 seconds
[2022-01-19 18:27:10,974] {processor.py:163} INFO - Started process (PID=2244) to work on /home/airflow/.local/lib/python3.6/site-packages/airflow/example_dags/example_latest_only_with_trigger.py
[2022-01-19 18:27:10,975] {processor.py:642} INFO - Processing file /home/airflow/.local/lib/python3.6/site-packages/airflow/example_dags/example_latest_only_with_trigger.py for tasks to queue
[2022-01-19 18:27:10,976] {logging_mixin.py:109} INFO - [2022-01-19 18:27:10,976] {dagbag.py:500} INFO - Filling up the DagBag from /home/airflow/.local/lib/python3.6/site-packages/airflow/example_dags/example_latest_only_with_trigger.py
[2022-01-19 18:27:11,002] {processor.py:654} INFO - DAG(s) dict_keys(['latest_only_with_trigger']) retrieved from /home/airflow/.local/lib/python3.6/site-packages/airflow/example_dags/example_latest_only_with_trigger.py
[2022-01-19 18:27:11,015] {logging_mixin.py:109} INFO - [2022-01-19 18:27:11,014] {dag.py:2396} INFO - Sync 1 DAGs
[2022-01-19 18:27:11,033] {logging_mixin.py:109} INFO - [2022-01-19 18:27:11,033] {dag.py:2935} INFO - Setting next_dagrun for latest_only_with_trigger to 2022-01-19T14:27:11.033229+00:00
[2022-01-19 18:27:11,043] {processor.py:171} INFO - Processing /home/airflow/.local/lib/python3.6/site-packages/airflow/example_dags/example_latest_only_with_trigger.py took 0.072 seconds
[2022-01-19 18:27:41,165] {processor.py:163} INFO - Started process (PID=2297) to work on /home/airflow/.local/lib/python3.6/site-packages/airflow/example_dags/example_latest_only_with_trigger.py
[2022-01-19 18:27:41,166] {processor.py:642} INFO - Processing file /home/airflow/.local/lib/python3.6/site-packages/airflow/example_dags/example_latest_only_with_trigger.py for tasks to queue
[2022-01-19 18:27:41,167] {logging_mixin.py:109} INFO - [2022-01-19 18:27:41,167] {dagbag.py:500} INFO - Filling up the DagBag from /home/airflow/.local/lib/python3.6/site-packages/airflow/example_dags/example_latest_only_with_trigger.py
[2022-01-19 18:27:41,190] {processor.py:654} INFO - DAG(s) dict_keys(['latest_only_with_trigger']) retrieved from /home/airflow/.local/lib/python3.6/site-packages/airflow/example_dags/example_latest_only_with_trigger.py
[2022-01-19 18:27:41,200] {logging_mixin.py:109} INFO - [2022-01-19 18:27:41,200] {dag.py:2396} INFO - Sync 1 DAGs
[2022-01-19 18:27:41,217] {logging_mixin.py:109} INFO - [2022-01-19 18:27:41,217] {dag.py:2935} INFO - Setting next_dagrun for latest_only_with_trigger to 2022-01-19T14:27:41.216980+00:00
[2022-01-19 18:27:41,226] {processor.py:171} INFO - Processing /home/airflow/.local/lib/python3.6/site-packages/airflow/example_dags/example_latest_only_with_trigger.py took 0.064 seconds
[2022-01-19 18:28:11,962] {processor.py:163} INFO - Started process (PID=2361) to work on /home/airflow/.local/lib/python3.6/site-packages/airflow/example_dags/example_latest_only_with_trigger.py
[2022-01-19 18:28:11,963] {processor.py:642} INFO - Processing file /home/airflow/.local/lib/python3.6/site-packages/airflow/example_dags/example_latest_only_with_trigger.py for tasks to queue
[2022-01-19 18:28:11,963] {logging_mixin.py:109} INFO - [2022-01-19 18:28:11,963] {dagbag.py:500} INFO - Filling up the DagBag from /home/airflow/.local/lib/python3.6/site-packages/airflow/example_dags/example_latest_only_with_trigger.py
[2022-01-19 18:28:11,988] {processor.py:654} INFO - DAG(s) dict_keys(['latest_only_with_trigger']) retrieved from /home/airflow/.local/lib/python3.6/site-packages/airflow/example_dags/example_latest_only_with_trigger.py
[2022-01-19 18:28:11,999] {logging_mixin.py:109} INFO - [2022-01-19 18:28:11,999] {dag.py:2396} INFO - Sync 1 DAGs
[2022-01-19 18:28:12,018] {logging_mixin.py:109} INFO - [2022-01-19 18:28:12,018] {dag.py:2935} INFO - Setting next_dagrun for latest_only_with_trigger to 2022-01-19T14:28:12.018185+00:00
[2022-01-19 18:28:12,027] {processor.py:171} INFO - Processing /home/airflow/.local/lib/python3.6/site-packages/airflow/example_dags/example_latest_only_with_trigger.py took 0.068 seconds
[2022-01-19 18:28:42,868] {processor.py:163} INFO - Started process (PID=2414) to work on /home/airflow/.local/lib/python3.6/site-packages/airflow/example_dags/example_latest_only_with_trigger.py
[2022-01-19 18:28:42,869] {processor.py:642} INFO - Processing file /home/airflow/.local/lib/python3.6/site-packages/airflow/example_dags/example_latest_only_with_trigger.py for tasks to queue
[2022-01-19 18:28:42,870] {logging_mixin.py:109} INFO - [2022-01-19 18:28:42,870] {dagbag.py:500} INFO - Filling up the DagBag from /home/airflow/.local/lib/python3.6/site-packages/airflow/example_dags/example_latest_only_with_trigger.py
[2022-01-19 18:28:42,896] {processor.py:654} INFO - DAG(s) dict_keys(['latest_only_with_trigger']) retrieved from /home/airflow/.local/lib/python3.6/site-packages/airflow/example_dags/example_latest_only_with_trigger.py
[2022-01-19 18:28:42,907] {logging_mixin.py:109} INFO - [2022-01-19 18:28:42,907] {dag.py:2396} INFO - Sync 1 DAGs
[2022-01-19 18:28:42,927] {logging_mixin.py:109} INFO - [2022-01-19 18:28:42,927] {dag.py:2935} INFO - Setting next_dagrun for latest_only_with_trigger to 2022-01-19T14:28:42.927528+00:00
[2022-01-19 18:28:42,937] {processor.py:171} INFO - Processing /home/airflow/.local/lib/python3.6/site-packages/airflow/example_dags/example_latest_only_with_trigger.py took 0.071 seconds
[2022-01-19 18:29:13,735] {processor.py:163} INFO - Started process (PID=2475) to work on /home/airflow/.local/lib/python3.6/site-packages/airflow/example_dags/example_latest_only_with_trigger.py
[2022-01-19 18:29:13,736] {processor.py:642} INFO - Processing file /home/airflow/.local/lib/python3.6/site-packages/airflow/example_dags/example_latest_only_with_trigger.py for tasks to queue
[2022-01-19 18:29:13,737] {logging_mixin.py:109} INFO - [2022-01-19 18:29:13,737] {dagbag.py:500} INFO - Filling up the DagBag from /home/airflow/.local/lib/python3.6/site-packages/airflow/example_dags/example_latest_only_with_trigger.py
[2022-01-19 18:29:13,763] {processor.py:654} INFO - DAG(s) dict_keys(['latest_only_with_trigger']) retrieved from /home/airflow/.local/lib/python3.6/site-packages/airflow/example_dags/example_latest_only_with_trigger.py
[2022-01-19 18:29:13,783] {logging_mixin.py:109} INFO - [2022-01-19 18:29:13,783] {dag.py:2396} INFO - Sync 1 DAGs
[2022-01-19 18:29:13,801] {logging_mixin.py:109} INFO - [2022-01-19 18:29:13,801] {dag.py:2935} INFO - Setting next_dagrun for latest_only_with_trigger to 2022-01-19T14:29:13.800791+00:00
[2022-01-19 18:29:13,815] {processor.py:171} INFO - Processing /home/airflow/.local/lib/python3.6/site-packages/airflow/example_dags/example_latest_only_with_trigger.py took 0.084 seconds
[2022-01-19 18:29:44,541] {processor.py:163} INFO - Started process (PID=2531) to work on /home/airflow/.local/lib/python3.6/site-packages/airflow/example_dags/example_latest_only_with_trigger.py
[2022-01-19 18:29:44,542] {processor.py:642} INFO - Processing file /home/airflow/.local/lib/python3.6/site-packages/airflow/example_dags/example_latest_only_with_trigger.py for tasks to queue
[2022-01-19 18:29:44,542] {logging_mixin.py:109} INFO - [2022-01-19 18:29:44,542] {dagbag.py:500} INFO - Filling up the DagBag from /home/airflow/.local/lib/python3.6/site-packages/airflow/example_dags/example_latest_only_with_trigger.py
[2022-01-19 18:29:44,568] {processor.py:654} INFO - DAG(s) dict_keys(['latest_only_with_trigger']) retrieved from /home/airflow/.local/lib/python3.6/site-packages/airflow/example_dags/example_latest_only_with_trigger.py
[2022-01-19 18:29:44,578] {logging_mixin.py:109} INFO - [2022-01-19 18:29:44,578] {dag.py:2396} INFO - Sync 1 DAGs
[2022-01-19 18:29:44,596] {logging_mixin.py:109} INFO - [2022-01-19 18:29:44,596] {dag.py:2935} INFO - Setting next_dagrun for latest_only_with_trigger to 2022-01-19T14:29:44.595922+00:00
[2022-01-19 18:29:44,605] {processor.py:171} INFO - Processing /home/airflow/.local/lib/python3.6/site-packages/airflow/example_dags/example_latest_only_with_trigger.py took 0.066 seconds
[2022-01-19 18:30:15,384] {processor.py:163} INFO - Started process (PID=2584) to work on /home/airflow/.local/lib/python3.6/site-packages/airflow/example_dags/example_latest_only_with_trigger.py
[2022-01-19 18:30:15,385] {processor.py:642} INFO - Processing file /home/airflow/.local/lib/python3.6/site-packages/airflow/example_dags/example_latest_only_with_trigger.py for tasks to queue
[2022-01-19 18:30:15,386] {logging_mixin.py:109} INFO - [2022-01-19 18:30:15,386] {dagbag.py:500} INFO - Filling up the DagBag from /home/airflow/.local/lib/python3.6/site-packages/airflow/example_dags/example_latest_only_with_trigger.py
[2022-01-19 18:30:15,411] {processor.py:654} INFO - DAG(s) dict_keys(['latest_only_with_trigger']) retrieved from /home/airflow/.local/lib/python3.6/site-packages/airflow/example_dags/example_latest_only_with_trigger.py
[2022-01-19 18:30:15,422] {logging_mixin.py:109} INFO - [2022-01-19 18:30:15,422] {dag.py:2396} INFO - Sync 1 DAGs
[2022-01-19 18:30:15,438] {logging_mixin.py:109} INFO - [2022-01-19 18:30:15,438] {dag.py:2935} INFO - Setting next_dagrun for latest_only_with_trigger to 2022-01-19T14:30:15.438333+00:00
[2022-01-19 18:30:15,446] {processor.py:171} INFO - Processing /home/airflow/.local/lib/python3.6/site-packages/airflow/example_dags/example_latest_only_with_trigger.py took 0.064 seconds
[2022-01-19 18:30:45,976] {processor.py:163} INFO - Started process (PID=2646) to work on /home/airflow/.local/lib/python3.6/site-packages/airflow/example_dags/example_latest_only_with_trigger.py
[2022-01-19 18:30:45,977] {processor.py:642} INFO - Processing file /home/airflow/.local/lib/python3.6/site-packages/airflow/example_dags/example_latest_only_with_trigger.py for tasks to queue
[2022-01-19 18:30:45,977] {logging_mixin.py:109} INFO - [2022-01-19 18:30:45,977] {dagbag.py:500} INFO - Filling up the DagBag from /home/airflow/.local/lib/python3.6/site-packages/airflow/example_dags/example_latest_only_with_trigger.py
[2022-01-19 18:30:46,001] {processor.py:654} INFO - DAG(s) dict_keys(['latest_only_with_trigger']) retrieved from /home/airflow/.local/lib/python3.6/site-packages/airflow/example_dags/example_latest_only_with_trigger.py
[2022-01-19 18:30:46,011] {logging_mixin.py:109} INFO - [2022-01-19 18:30:46,011] {dag.py:2396} INFO - Sync 1 DAGs
[2022-01-19 18:30:46,027] {logging_mixin.py:109} INFO - [2022-01-19 18:30:46,027] {dag.py:2935} INFO - Setting next_dagrun for latest_only_with_trigger to 2022-01-19T14:30:46.027076+00:00
[2022-01-19 18:30:46,035] {processor.py:171} INFO - Processing /home/airflow/.local/lib/python3.6/site-packages/airflow/example_dags/example_latest_only_with_trigger.py took 0.062 seconds
