[2022-01-19 18:09:42,464] {processor.py:163} INFO - Started process (PID=91) to work on /home/airflow/.local/lib/python3.6/site-packages/airflow/example_dags/example_branch_day_of_week_operator.py
[2022-01-19 18:09:42,466] {processor.py:642} INFO - Processing file /home/airflow/.local/lib/python3.6/site-packages/airflow/example_dags/example_branch_day_of_week_operator.py for tasks to queue
[2022-01-19 18:09:42,467] {logging_mixin.py:109} INFO - [2022-01-19 18:09:42,467] {dagbag.py:500} INFO - Filling up the DagBag from /home/airflow/.local/lib/python3.6/site-packages/airflow/example_dags/example_branch_day_of_week_operator.py
[2022-01-19 18:09:42,535] {processor.py:654} INFO - DAG(s) dict_keys(['example_weekday_branch_operator']) retrieved from /home/airflow/.local/lib/python3.6/site-packages/airflow/example_dags/example_branch_day_of_week_operator.py
[2022-01-19 18:09:45,917] {logging_mixin.py:109} INFO - [2022-01-19 18:09:45,917] {manager.py:496} INFO - Created Permission View: can read on DAG:example_weekday_branch_operator
[2022-01-19 18:09:45,925] {logging_mixin.py:109} INFO - [2022-01-19 18:09:45,925] {manager.py:496} INFO - Created Permission View: can edit on DAG:example_weekday_branch_operator
[2022-01-19 18:09:45,926] {logging_mixin.py:109} INFO - [2022-01-19 18:09:45,925] {dag.py:2396} INFO - Sync 1 DAGs
[2022-01-19 18:09:45,938] {logging_mixin.py:109} INFO - [2022-01-19 18:09:45,937] {dag.py:2415} INFO - Creating ORM DAG for example_weekday_branch_operator
[2022-01-19 18:09:45,948] {logging_mixin.py:109} INFO - [2022-01-19 18:09:45,948] {dag.py:2935} INFO - Setting next_dagrun for example_weekday_branch_operator to 2022-01-18 00:00:00+00:00
[2022-01-19 18:09:45,960] {processor.py:171} INFO - Processing /home/airflow/.local/lib/python3.6/site-packages/airflow/example_dags/example_branch_day_of_week_operator.py took 3.504 seconds
[2022-01-19 18:10:18,626] {processor.py:163} INFO - Started process (PID=361) to work on /home/airflow/.local/lib/python3.6/site-packages/airflow/example_dags/example_branch_day_of_week_operator.py
[2022-01-19 18:10:18,627] {processor.py:642} INFO - Processing file /home/airflow/.local/lib/python3.6/site-packages/airflow/example_dags/example_branch_day_of_week_operator.py for tasks to queue
[2022-01-19 18:10:18,628] {logging_mixin.py:109} INFO - [2022-01-19 18:10:18,628] {dagbag.py:500} INFO - Filling up the DagBag from /home/airflow/.local/lib/python3.6/site-packages/airflow/example_dags/example_branch_day_of_week_operator.py
[2022-01-19 18:10:18,669] {processor.py:654} INFO - DAG(s) dict_keys(['example_weekday_branch_operator']) retrieved from /home/airflow/.local/lib/python3.6/site-packages/airflow/example_dags/example_branch_day_of_week_operator.py
[2022-01-19 18:10:18,681] {logging_mixin.py:109} INFO - [2022-01-19 18:10:18,681] {dag.py:2396} INFO - Sync 1 DAGs
[2022-01-19 18:10:18,704] {logging_mixin.py:109} INFO - [2022-01-19 18:10:18,704] {dag.py:2935} INFO - Setting next_dagrun for example_weekday_branch_operator to 2022-01-18 00:00:00+00:00
[2022-01-19 18:10:18,716] {processor.py:171} INFO - Processing /home/airflow/.local/lib/python3.6/site-packages/airflow/example_dags/example_branch_day_of_week_operator.py took 0.094 seconds
[2022-01-19 18:10:49,315] {processor.py:163} INFO - Started process (PID=413) to work on /home/airflow/.local/lib/python3.6/site-packages/airflow/example_dags/example_branch_day_of_week_operator.py
[2022-01-19 18:10:49,316] {processor.py:642} INFO - Processing file /home/airflow/.local/lib/python3.6/site-packages/airflow/example_dags/example_branch_day_of_week_operator.py for tasks to queue
[2022-01-19 18:10:49,317] {logging_mixin.py:109} INFO - [2022-01-19 18:10:49,317] {dagbag.py:500} INFO - Filling up the DagBag from /home/airflow/.local/lib/python3.6/site-packages/airflow/example_dags/example_branch_day_of_week_operator.py
[2022-01-19 18:10:49,345] {processor.py:654} INFO - DAG(s) dict_keys(['example_weekday_branch_operator']) retrieved from /home/airflow/.local/lib/python3.6/site-packages/airflow/example_dags/example_branch_day_of_week_operator.py
[2022-01-19 18:10:49,355] {logging_mixin.py:109} INFO - [2022-01-19 18:10:49,355] {dag.py:2396} INFO - Sync 1 DAGs
[2022-01-19 18:10:49,375] {logging_mixin.py:109} INFO - [2022-01-19 18:10:49,375] {dag.py:2935} INFO - Setting next_dagrun for example_weekday_branch_operator to 2022-01-18 00:00:00+00:00
[2022-01-19 18:10:49,383] {processor.py:171} INFO - Processing /home/airflow/.local/lib/python3.6/site-packages/airflow/example_dags/example_branch_day_of_week_operator.py took 0.070 seconds
[2022-01-19 18:11:19,696] {processor.py:163} INFO - Started process (PID=466) to work on /home/airflow/.local/lib/python3.6/site-packages/airflow/example_dags/example_branch_day_of_week_operator.py
[2022-01-19 18:11:19,696] {processor.py:642} INFO - Processing file /home/airflow/.local/lib/python3.6/site-packages/airflow/example_dags/example_branch_day_of_week_operator.py for tasks to queue
[2022-01-19 18:11:19,697] {logging_mixin.py:109} INFO - [2022-01-19 18:11:19,697] {dagbag.py:500} INFO - Filling up the DagBag from /home/airflow/.local/lib/python3.6/site-packages/airflow/example_dags/example_branch_day_of_week_operator.py
[2022-01-19 18:11:19,724] {processor.py:654} INFO - DAG(s) dict_keys(['example_weekday_branch_operator']) retrieved from /home/airflow/.local/lib/python3.6/site-packages/airflow/example_dags/example_branch_day_of_week_operator.py
[2022-01-19 18:11:19,739] {logging_mixin.py:109} INFO - [2022-01-19 18:11:19,739] {dag.py:2396} INFO - Sync 1 DAGs
[2022-01-19 18:11:19,764] {logging_mixin.py:109} INFO - [2022-01-19 18:11:19,764] {dag.py:2935} INFO - Setting next_dagrun for example_weekday_branch_operator to 2022-01-18 00:00:00+00:00
[2022-01-19 18:11:19,779] {processor.py:171} INFO - Processing /home/airflow/.local/lib/python3.6/site-packages/airflow/example_dags/example_branch_day_of_week_operator.py took 0.086 seconds
[2022-01-19 18:11:50,904] {processor.py:163} INFO - Started process (PID=528) to work on /home/airflow/.local/lib/python3.6/site-packages/airflow/example_dags/example_branch_day_of_week_operator.py
[2022-01-19 18:11:50,905] {processor.py:642} INFO - Processing file /home/airflow/.local/lib/python3.6/site-packages/airflow/example_dags/example_branch_day_of_week_operator.py for tasks to queue
[2022-01-19 18:11:50,905] {logging_mixin.py:109} INFO - [2022-01-19 18:11:50,905] {dagbag.py:500} INFO - Filling up the DagBag from /home/airflow/.local/lib/python3.6/site-packages/airflow/example_dags/example_branch_day_of_week_operator.py
[2022-01-19 18:11:50,930] {processor.py:654} INFO - DAG(s) dict_keys(['example_weekday_branch_operator']) retrieved from /home/airflow/.local/lib/python3.6/site-packages/airflow/example_dags/example_branch_day_of_week_operator.py
[2022-01-19 18:11:50,940] {logging_mixin.py:109} INFO - [2022-01-19 18:11:50,940] {dag.py:2396} INFO - Sync 1 DAGs
[2022-01-19 18:11:50,961] {logging_mixin.py:109} INFO - [2022-01-19 18:11:50,961] {dag.py:2935} INFO - Setting next_dagrun for example_weekday_branch_operator to 2022-01-18 00:00:00+00:00
[2022-01-19 18:11:50,970] {processor.py:171} INFO - Processing /home/airflow/.local/lib/python3.6/site-packages/airflow/example_dags/example_branch_day_of_week_operator.py took 0.069 seconds
[2022-01-19 18:12:21,174] {processor.py:163} INFO - Started process (PID=582) to work on /home/airflow/.local/lib/python3.6/site-packages/airflow/example_dags/example_branch_day_of_week_operator.py
[2022-01-19 18:12:21,175] {processor.py:642} INFO - Processing file /home/airflow/.local/lib/python3.6/site-packages/airflow/example_dags/example_branch_day_of_week_operator.py for tasks to queue
[2022-01-19 18:12:21,175] {logging_mixin.py:109} INFO - [2022-01-19 18:12:21,175] {dagbag.py:500} INFO - Filling up the DagBag from /home/airflow/.local/lib/python3.6/site-packages/airflow/example_dags/example_branch_day_of_week_operator.py
[2022-01-19 18:12:21,198] {processor.py:654} INFO - DAG(s) dict_keys(['example_weekday_branch_operator']) retrieved from /home/airflow/.local/lib/python3.6/site-packages/airflow/example_dags/example_branch_day_of_week_operator.py
[2022-01-19 18:12:21,208] {logging_mixin.py:109} INFO - [2022-01-19 18:12:21,208] {dag.py:2396} INFO - Sync 1 DAGs
[2022-01-19 18:12:21,225] {logging_mixin.py:109} INFO - [2022-01-19 18:12:21,225] {dag.py:2935} INFO - Setting next_dagrun for example_weekday_branch_operator to 2022-01-18 00:00:00+00:00
[2022-01-19 18:12:21,235] {processor.py:171} INFO - Processing /home/airflow/.local/lib/python3.6/site-packages/airflow/example_dags/example_branch_day_of_week_operator.py took 0.063 seconds
[2022-01-19 18:12:51,771] {processor.py:163} INFO - Started process (PID=634) to work on /home/airflow/.local/lib/python3.6/site-packages/airflow/example_dags/example_branch_day_of_week_operator.py
[2022-01-19 18:12:51,772] {processor.py:642} INFO - Processing file /home/airflow/.local/lib/python3.6/site-packages/airflow/example_dags/example_branch_day_of_week_operator.py for tasks to queue
[2022-01-19 18:12:51,773] {logging_mixin.py:109} INFO - [2022-01-19 18:12:51,772] {dagbag.py:500} INFO - Filling up the DagBag from /home/airflow/.local/lib/python3.6/site-packages/airflow/example_dags/example_branch_day_of_week_operator.py
[2022-01-19 18:12:51,799] {processor.py:654} INFO - DAG(s) dict_keys(['example_weekday_branch_operator']) retrieved from /home/airflow/.local/lib/python3.6/site-packages/airflow/example_dags/example_branch_day_of_week_operator.py
[2022-01-19 18:12:51,813] {logging_mixin.py:109} INFO - [2022-01-19 18:12:51,813] {dag.py:2396} INFO - Sync 1 DAGs
[2022-01-19 18:12:51,836] {logging_mixin.py:109} INFO - [2022-01-19 18:12:51,835] {dag.py:2935} INFO - Setting next_dagrun for example_weekday_branch_operator to 2022-01-18 00:00:00+00:00
[2022-01-19 18:12:51,845] {processor.py:171} INFO - Processing /home/airflow/.local/lib/python3.6/site-packages/airflow/example_dags/example_branch_day_of_week_operator.py took 0.077 seconds
[2022-01-19 18:13:22,299] {processor.py:163} INFO - Started process (PID=713) to work on /home/airflow/.local/lib/python3.6/site-packages/airflow/example_dags/example_branch_day_of_week_operator.py
[2022-01-19 18:13:22,300] {processor.py:642} INFO - Processing file /home/airflow/.local/lib/python3.6/site-packages/airflow/example_dags/example_branch_day_of_week_operator.py for tasks to queue
[2022-01-19 18:13:22,301] {logging_mixin.py:109} INFO - [2022-01-19 18:13:22,301] {dagbag.py:500} INFO - Filling up the DagBag from /home/airflow/.local/lib/python3.6/site-packages/airflow/example_dags/example_branch_day_of_week_operator.py
[2022-01-19 18:13:22,326] {processor.py:654} INFO - DAG(s) dict_keys(['example_weekday_branch_operator']) retrieved from /home/airflow/.local/lib/python3.6/site-packages/airflow/example_dags/example_branch_day_of_week_operator.py
[2022-01-19 18:13:22,336] {logging_mixin.py:109} INFO - [2022-01-19 18:13:22,336] {dag.py:2396} INFO - Sync 1 DAGs
[2022-01-19 18:13:22,354] {logging_mixin.py:109} INFO - [2022-01-19 18:13:22,354] {dag.py:2935} INFO - Setting next_dagrun for example_weekday_branch_operator to 2022-01-18 00:00:00+00:00
[2022-01-19 18:13:22,363] {processor.py:171} INFO - Processing /home/airflow/.local/lib/python3.6/site-packages/airflow/example_dags/example_branch_day_of_week_operator.py took 0.067 seconds
[2022-01-19 18:13:52,911] {processor.py:163} INFO - Started process (PID=767) to work on /home/airflow/.local/lib/python3.6/site-packages/airflow/example_dags/example_branch_day_of_week_operator.py
[2022-01-19 18:13:52,913] {processor.py:642} INFO - Processing file /home/airflow/.local/lib/python3.6/site-packages/airflow/example_dags/example_branch_day_of_week_operator.py for tasks to queue
[2022-01-19 18:13:52,913] {logging_mixin.py:109} INFO - [2022-01-19 18:13:52,913] {dagbag.py:500} INFO - Filling up the DagBag from /home/airflow/.local/lib/python3.6/site-packages/airflow/example_dags/example_branch_day_of_week_operator.py
[2022-01-19 18:13:52,937] {processor.py:654} INFO - DAG(s) dict_keys(['example_weekday_branch_operator']) retrieved from /home/airflow/.local/lib/python3.6/site-packages/airflow/example_dags/example_branch_day_of_week_operator.py
[2022-01-19 18:13:52,947] {logging_mixin.py:109} INFO - [2022-01-19 18:13:52,947] {dag.py:2396} INFO - Sync 1 DAGs
[2022-01-19 18:13:52,965] {logging_mixin.py:109} INFO - [2022-01-19 18:13:52,965] {dag.py:2935} INFO - Setting next_dagrun for example_weekday_branch_operator to 2022-01-18 00:00:00+00:00
[2022-01-19 18:13:52,974] {processor.py:171} INFO - Processing /home/airflow/.local/lib/python3.6/site-packages/airflow/example_dags/example_branch_day_of_week_operator.py took 0.066 seconds
[2022-01-19 18:14:23,551] {processor.py:163} INFO - Started process (PID=829) to work on /home/airflow/.local/lib/python3.6/site-packages/airflow/example_dags/example_branch_day_of_week_operator.py
[2022-01-19 18:14:23,551] {processor.py:642} INFO - Processing file /home/airflow/.local/lib/python3.6/site-packages/airflow/example_dags/example_branch_day_of_week_operator.py for tasks to queue
[2022-01-19 18:14:23,552] {logging_mixin.py:109} INFO - [2022-01-19 18:14:23,552] {dagbag.py:500} INFO - Filling up the DagBag from /home/airflow/.local/lib/python3.6/site-packages/airflow/example_dags/example_branch_day_of_week_operator.py
[2022-01-19 18:14:23,576] {processor.py:654} INFO - DAG(s) dict_keys(['example_weekday_branch_operator']) retrieved from /home/airflow/.local/lib/python3.6/site-packages/airflow/example_dags/example_branch_day_of_week_operator.py
[2022-01-19 18:14:23,585] {logging_mixin.py:109} INFO - [2022-01-19 18:14:23,585] {dag.py:2396} INFO - Sync 1 DAGs
[2022-01-19 18:14:23,602] {logging_mixin.py:109} INFO - [2022-01-19 18:14:23,602] {dag.py:2935} INFO - Setting next_dagrun for example_weekday_branch_operator to 2022-01-18 00:00:00+00:00
[2022-01-19 18:14:23,611] {processor.py:171} INFO - Processing /home/airflow/.local/lib/python3.6/site-packages/airflow/example_dags/example_branch_day_of_week_operator.py took 0.063 seconds
[2022-01-19 18:14:54,135] {processor.py:163} INFO - Started process (PID=881) to work on /home/airflow/.local/lib/python3.6/site-packages/airflow/example_dags/example_branch_day_of_week_operator.py
[2022-01-19 18:14:54,136] {processor.py:642} INFO - Processing file /home/airflow/.local/lib/python3.6/site-packages/airflow/example_dags/example_branch_day_of_week_operator.py for tasks to queue
[2022-01-19 18:14:54,137] {logging_mixin.py:109} INFO - [2022-01-19 18:14:54,137] {dagbag.py:500} INFO - Filling up the DagBag from /home/airflow/.local/lib/python3.6/site-packages/airflow/example_dags/example_branch_day_of_week_operator.py
[2022-01-19 18:14:54,162] {processor.py:654} INFO - DAG(s) dict_keys(['example_weekday_branch_operator']) retrieved from /home/airflow/.local/lib/python3.6/site-packages/airflow/example_dags/example_branch_day_of_week_operator.py
[2022-01-19 18:14:54,171] {logging_mixin.py:109} INFO - [2022-01-19 18:14:54,171] {dag.py:2396} INFO - Sync 1 DAGs
[2022-01-19 18:14:54,189] {logging_mixin.py:109} INFO - [2022-01-19 18:14:54,189] {dag.py:2935} INFO - Setting next_dagrun for example_weekday_branch_operator to 2022-01-18 00:00:00+00:00
[2022-01-19 18:14:54,197] {processor.py:171} INFO - Processing /home/airflow/.local/lib/python3.6/site-packages/airflow/example_dags/example_branch_day_of_week_operator.py took 0.064 seconds
[2022-01-19 18:15:24,597] {processor.py:163} INFO - Started process (PID=933) to work on /home/airflow/.local/lib/python3.6/site-packages/airflow/example_dags/example_branch_day_of_week_operator.py
[2022-01-19 18:15:24,598] {processor.py:642} INFO - Processing file /home/airflow/.local/lib/python3.6/site-packages/airflow/example_dags/example_branch_day_of_week_operator.py for tasks to queue
[2022-01-19 18:15:24,598] {logging_mixin.py:109} INFO - [2022-01-19 18:15:24,598] {dagbag.py:500} INFO - Filling up the DagBag from /home/airflow/.local/lib/python3.6/site-packages/airflow/example_dags/example_branch_day_of_week_operator.py
[2022-01-19 18:15:24,620] {processor.py:654} INFO - DAG(s) dict_keys(['example_weekday_branch_operator']) retrieved from /home/airflow/.local/lib/python3.6/site-packages/airflow/example_dags/example_branch_day_of_week_operator.py
[2022-01-19 18:15:24,630] {logging_mixin.py:109} INFO - [2022-01-19 18:15:24,630] {dag.py:2396} INFO - Sync 1 DAGs
[2022-01-19 18:15:24,646] {logging_mixin.py:109} INFO - [2022-01-19 18:15:24,645] {dag.py:2935} INFO - Setting next_dagrun for example_weekday_branch_operator to 2022-01-18 00:00:00+00:00
[2022-01-19 18:15:24,652] {processor.py:171} INFO - Processing /home/airflow/.local/lib/python3.6/site-packages/airflow/example_dags/example_branch_day_of_week_operator.py took 0.057 seconds
[2022-01-19 18:15:55,061] {processor.py:163} INFO - Started process (PID=996) to work on /home/airflow/.local/lib/python3.6/site-packages/airflow/example_dags/example_branch_day_of_week_operator.py
[2022-01-19 18:15:55,062] {processor.py:642} INFO - Processing file /home/airflow/.local/lib/python3.6/site-packages/airflow/example_dags/example_branch_day_of_week_operator.py for tasks to queue
[2022-01-19 18:15:55,063] {logging_mixin.py:109} INFO - [2022-01-19 18:15:55,062] {dagbag.py:500} INFO - Filling up the DagBag from /home/airflow/.local/lib/python3.6/site-packages/airflow/example_dags/example_branch_day_of_week_operator.py
[2022-01-19 18:15:55,101] {processor.py:654} INFO - DAG(s) dict_keys(['example_weekday_branch_operator']) retrieved from /home/airflow/.local/lib/python3.6/site-packages/airflow/example_dags/example_branch_day_of_week_operator.py
[2022-01-19 18:15:55,118] {logging_mixin.py:109} INFO - [2022-01-19 18:15:55,118] {dag.py:2396} INFO - Sync 1 DAGs
[2022-01-19 18:15:55,142] {logging_mixin.py:109} INFO - [2022-01-19 18:15:55,142] {dag.py:2935} INFO - Setting next_dagrun for example_weekday_branch_operator to 2022-01-18 00:00:00+00:00
[2022-01-19 18:15:55,152] {processor.py:171} INFO - Processing /home/airflow/.local/lib/python3.6/site-packages/airflow/example_dags/example_branch_day_of_week_operator.py took 0.094 seconds
[2022-01-19 18:16:25,515] {processor.py:163} INFO - Started process (PID=1048) to work on /home/airflow/.local/lib/python3.6/site-packages/airflow/example_dags/example_branch_day_of_week_operator.py
[2022-01-19 18:16:25,516] {processor.py:642} INFO - Processing file /home/airflow/.local/lib/python3.6/site-packages/airflow/example_dags/example_branch_day_of_week_operator.py for tasks to queue
[2022-01-19 18:16:25,517] {logging_mixin.py:109} INFO - [2022-01-19 18:16:25,517] {dagbag.py:500} INFO - Filling up the DagBag from /home/airflow/.local/lib/python3.6/site-packages/airflow/example_dags/example_branch_day_of_week_operator.py
[2022-01-19 18:16:25,544] {processor.py:654} INFO - DAG(s) dict_keys(['example_weekday_branch_operator']) retrieved from /home/airflow/.local/lib/python3.6/site-packages/airflow/example_dags/example_branch_day_of_week_operator.py
[2022-01-19 18:16:25,554] {logging_mixin.py:109} INFO - [2022-01-19 18:16:25,554] {dag.py:2396} INFO - Sync 1 DAGs
[2022-01-19 18:16:25,573] {logging_mixin.py:109} INFO - [2022-01-19 18:16:25,573] {dag.py:2935} INFO - Setting next_dagrun for example_weekday_branch_operator to 2022-01-18 00:00:00+00:00
[2022-01-19 18:16:25,583] {processor.py:171} INFO - Processing /home/airflow/.local/lib/python3.6/site-packages/airflow/example_dags/example_branch_day_of_week_operator.py took 0.071 seconds
[2022-01-19 18:16:56,209] {processor.py:163} INFO - Started process (PID=1110) to work on /home/airflow/.local/lib/python3.6/site-packages/airflow/example_dags/example_branch_day_of_week_operator.py
[2022-01-19 18:16:56,210] {processor.py:642} INFO - Processing file /home/airflow/.local/lib/python3.6/site-packages/airflow/example_dags/example_branch_day_of_week_operator.py for tasks to queue
[2022-01-19 18:16:56,210] {logging_mixin.py:109} INFO - [2022-01-19 18:16:56,210] {dagbag.py:500} INFO - Filling up the DagBag from /home/airflow/.local/lib/python3.6/site-packages/airflow/example_dags/example_branch_day_of_week_operator.py
[2022-01-19 18:16:56,234] {processor.py:654} INFO - DAG(s) dict_keys(['example_weekday_branch_operator']) retrieved from /home/airflow/.local/lib/python3.6/site-packages/airflow/example_dags/example_branch_day_of_week_operator.py
[2022-01-19 18:16:56,244] {logging_mixin.py:109} INFO - [2022-01-19 18:16:56,244] {dag.py:2396} INFO - Sync 1 DAGs
[2022-01-19 18:16:56,262] {logging_mixin.py:109} INFO - [2022-01-19 18:16:56,262] {dag.py:2935} INFO - Setting next_dagrun for example_weekday_branch_operator to 2022-01-18 00:00:00+00:00
[2022-01-19 18:16:56,271] {processor.py:171} INFO - Processing /home/airflow/.local/lib/python3.6/site-packages/airflow/example_dags/example_branch_day_of_week_operator.py took 0.065 seconds
[2022-01-19 18:17:26,508] {processor.py:163} INFO - Started process (PID=1163) to work on /home/airflow/.local/lib/python3.6/site-packages/airflow/example_dags/example_branch_day_of_week_operator.py
[2022-01-19 18:17:26,509] {processor.py:642} INFO - Processing file /home/airflow/.local/lib/python3.6/site-packages/airflow/example_dags/example_branch_day_of_week_operator.py for tasks to queue
[2022-01-19 18:17:26,510] {logging_mixin.py:109} INFO - [2022-01-19 18:17:26,510] {dagbag.py:500} INFO - Filling up the DagBag from /home/airflow/.local/lib/python3.6/site-packages/airflow/example_dags/example_branch_day_of_week_operator.py
[2022-01-19 18:17:26,532] {processor.py:654} INFO - DAG(s) dict_keys(['example_weekday_branch_operator']) retrieved from /home/airflow/.local/lib/python3.6/site-packages/airflow/example_dags/example_branch_day_of_week_operator.py
[2022-01-19 18:17:26,541] {logging_mixin.py:109} INFO - [2022-01-19 18:17:26,541] {dag.py:2396} INFO - Sync 1 DAGs
[2022-01-19 18:17:26,557] {logging_mixin.py:109} INFO - [2022-01-19 18:17:26,557] {dag.py:2935} INFO - Setting next_dagrun for example_weekday_branch_operator to 2022-01-18 00:00:00+00:00
[2022-01-19 18:17:26,564] {processor.py:171} INFO - Processing /home/airflow/.local/lib/python3.6/site-packages/airflow/example_dags/example_branch_day_of_week_operator.py took 0.058 seconds
[2022-01-19 18:17:56,703] {processor.py:163} INFO - Started process (PID=1225) to work on /home/airflow/.local/lib/python3.6/site-packages/airflow/example_dags/example_branch_day_of_week_operator.py
[2022-01-19 18:17:56,704] {processor.py:642} INFO - Processing file /home/airflow/.local/lib/python3.6/site-packages/airflow/example_dags/example_branch_day_of_week_operator.py for tasks to queue
[2022-01-19 18:17:56,705] {logging_mixin.py:109} INFO - [2022-01-19 18:17:56,705] {dagbag.py:500} INFO - Filling up the DagBag from /home/airflow/.local/lib/python3.6/site-packages/airflow/example_dags/example_branch_day_of_week_operator.py
[2022-01-19 18:17:56,727] {processor.py:654} INFO - DAG(s) dict_keys(['example_weekday_branch_operator']) retrieved from /home/airflow/.local/lib/python3.6/site-packages/airflow/example_dags/example_branch_day_of_week_operator.py
[2022-01-19 18:17:56,737] {logging_mixin.py:109} INFO - [2022-01-19 18:17:56,736] {dag.py:2396} INFO - Sync 1 DAGs
[2022-01-19 18:17:56,754] {logging_mixin.py:109} INFO - [2022-01-19 18:17:56,754] {dag.py:2935} INFO - Setting next_dagrun for example_weekday_branch_operator to 2022-01-18 00:00:00+00:00
[2022-01-19 18:17:56,762] {processor.py:171} INFO - Processing /home/airflow/.local/lib/python3.6/site-packages/airflow/example_dags/example_branch_day_of_week_operator.py took 0.061 seconds
[2022-01-19 18:18:27,597] {processor.py:163} INFO - Started process (PID=1278) to work on /home/airflow/.local/lib/python3.6/site-packages/airflow/example_dags/example_branch_day_of_week_operator.py
[2022-01-19 18:18:27,598] {processor.py:642} INFO - Processing file /home/airflow/.local/lib/python3.6/site-packages/airflow/example_dags/example_branch_day_of_week_operator.py for tasks to queue
[2022-01-19 18:18:27,598] {logging_mixin.py:109} INFO - [2022-01-19 18:18:27,598] {dagbag.py:500} INFO - Filling up the DagBag from /home/airflow/.local/lib/python3.6/site-packages/airflow/example_dags/example_branch_day_of_week_operator.py
[2022-01-19 18:18:27,621] {processor.py:654} INFO - DAG(s) dict_keys(['example_weekday_branch_operator']) retrieved from /home/airflow/.local/lib/python3.6/site-packages/airflow/example_dags/example_branch_day_of_week_operator.py
[2022-01-19 18:18:27,630] {logging_mixin.py:109} INFO - [2022-01-19 18:18:27,630] {dag.py:2396} INFO - Sync 1 DAGs
[2022-01-19 18:18:27,647] {logging_mixin.py:109} INFO - [2022-01-19 18:18:27,647] {dag.py:2935} INFO - Setting next_dagrun for example_weekday_branch_operator to 2022-01-18 00:00:00+00:00
[2022-01-19 18:18:27,656] {processor.py:171} INFO - Processing /home/airflow/.local/lib/python3.6/site-packages/airflow/example_dags/example_branch_day_of_week_operator.py took 0.062 seconds
[2022-01-19 18:18:57,875] {processor.py:163} INFO - Started process (PID=1330) to work on /home/airflow/.local/lib/python3.6/site-packages/airflow/example_dags/example_branch_day_of_week_operator.py
[2022-01-19 18:18:57,876] {processor.py:642} INFO - Processing file /home/airflow/.local/lib/python3.6/site-packages/airflow/example_dags/example_branch_day_of_week_operator.py for tasks to queue
[2022-01-19 18:18:57,877] {logging_mixin.py:109} INFO - [2022-01-19 18:18:57,877] {dagbag.py:500} INFO - Filling up the DagBag from /home/airflow/.local/lib/python3.6/site-packages/airflow/example_dags/example_branch_day_of_week_operator.py
[2022-01-19 18:18:57,904] {processor.py:654} INFO - DAG(s) dict_keys(['example_weekday_branch_operator']) retrieved from /home/airflow/.local/lib/python3.6/site-packages/airflow/example_dags/example_branch_day_of_week_operator.py
[2022-01-19 18:18:57,919] {logging_mixin.py:109} INFO - [2022-01-19 18:18:57,918] {dag.py:2396} INFO - Sync 1 DAGs
[2022-01-19 18:18:57,944] {logging_mixin.py:109} INFO - [2022-01-19 18:18:57,944] {dag.py:2935} INFO - Setting next_dagrun for example_weekday_branch_operator to 2022-01-18 00:00:00+00:00
[2022-01-19 18:18:57,956] {processor.py:171} INFO - Processing /home/airflow/.local/lib/python3.6/site-packages/airflow/example_dags/example_branch_day_of_week_operator.py took 0.083 seconds
[2022-01-19 18:19:28,664] {processor.py:163} INFO - Started process (PID=1392) to work on /home/airflow/.local/lib/python3.6/site-packages/airflow/example_dags/example_branch_day_of_week_operator.py
[2022-01-19 18:19:28,665] {processor.py:642} INFO - Processing file /home/airflow/.local/lib/python3.6/site-packages/airflow/example_dags/example_branch_day_of_week_operator.py for tasks to queue
[2022-01-19 18:19:28,666] {logging_mixin.py:109} INFO - [2022-01-19 18:19:28,666] {dagbag.py:500} INFO - Filling up the DagBag from /home/airflow/.local/lib/python3.6/site-packages/airflow/example_dags/example_branch_day_of_week_operator.py
[2022-01-19 18:19:28,702] {processor.py:654} INFO - DAG(s) dict_keys(['example_weekday_branch_operator']) retrieved from /home/airflow/.local/lib/python3.6/site-packages/airflow/example_dags/example_branch_day_of_week_operator.py
[2022-01-19 18:19:28,718] {logging_mixin.py:109} INFO - [2022-01-19 18:19:28,718] {dag.py:2396} INFO - Sync 1 DAGs
[2022-01-19 18:19:28,744] {logging_mixin.py:109} INFO - [2022-01-19 18:19:28,744] {dag.py:2935} INFO - Setting next_dagrun for example_weekday_branch_operator to 2022-01-18 00:00:00+00:00
[2022-01-19 18:19:28,756] {processor.py:171} INFO - Processing /home/airflow/.local/lib/python3.6/site-packages/airflow/example_dags/example_branch_day_of_week_operator.py took 0.096 seconds
[2022-01-19 18:19:59,038] {processor.py:163} INFO - Started process (PID=1445) to work on /home/airflow/.local/lib/python3.6/site-packages/airflow/example_dags/example_branch_day_of_week_operator.py
[2022-01-19 18:19:59,039] {processor.py:642} INFO - Processing file /home/airflow/.local/lib/python3.6/site-packages/airflow/example_dags/example_branch_day_of_week_operator.py for tasks to queue
[2022-01-19 18:19:59,039] {logging_mixin.py:109} INFO - [2022-01-19 18:19:59,039] {dagbag.py:500} INFO - Filling up the DagBag from /home/airflow/.local/lib/python3.6/site-packages/airflow/example_dags/example_branch_day_of_week_operator.py
[2022-01-19 18:19:59,066] {processor.py:654} INFO - DAG(s) dict_keys(['example_weekday_branch_operator']) retrieved from /home/airflow/.local/lib/python3.6/site-packages/airflow/example_dags/example_branch_day_of_week_operator.py
[2022-01-19 18:19:59,076] {logging_mixin.py:109} INFO - [2022-01-19 18:19:59,076] {dag.py:2396} INFO - Sync 1 DAGs
[2022-01-19 18:19:59,100] {logging_mixin.py:109} INFO - [2022-01-19 18:19:59,099] {dag.py:2935} INFO - Setting next_dagrun for example_weekday_branch_operator to 2022-01-18 00:00:00+00:00
[2022-01-19 18:19:59,112] {processor.py:171} INFO - Processing /home/airflow/.local/lib/python3.6/site-packages/airflow/example_dags/example_branch_day_of_week_operator.py took 0.077 seconds
[2022-01-19 18:20:29,826] {processor.py:163} INFO - Started process (PID=1507) to work on /home/airflow/.local/lib/python3.6/site-packages/airflow/example_dags/example_branch_day_of_week_operator.py
[2022-01-19 18:20:29,827] {processor.py:642} INFO - Processing file /home/airflow/.local/lib/python3.6/site-packages/airflow/example_dags/example_branch_day_of_week_operator.py for tasks to queue
[2022-01-19 18:20:29,827] {logging_mixin.py:109} INFO - [2022-01-19 18:20:29,827] {dagbag.py:500} INFO - Filling up the DagBag from /home/airflow/.local/lib/python3.6/site-packages/airflow/example_dags/example_branch_day_of_week_operator.py
[2022-01-19 18:20:29,852] {processor.py:654} INFO - DAG(s) dict_keys(['example_weekday_branch_operator']) retrieved from /home/airflow/.local/lib/python3.6/site-packages/airflow/example_dags/example_branch_day_of_week_operator.py
[2022-01-19 18:20:29,865] {logging_mixin.py:109} INFO - [2022-01-19 18:20:29,865] {dag.py:2396} INFO - Sync 1 DAGs
[2022-01-19 18:20:29,888] {logging_mixin.py:109} INFO - [2022-01-19 18:20:29,888] {dag.py:2935} INFO - Setting next_dagrun for example_weekday_branch_operator to 2022-01-18 00:00:00+00:00
[2022-01-19 18:20:29,897] {processor.py:171} INFO - Processing /home/airflow/.local/lib/python3.6/site-packages/airflow/example_dags/example_branch_day_of_week_operator.py took 0.074 seconds
[2022-01-19 18:21:00,901] {processor.py:163} INFO - Started process (PID=1559) to work on /home/airflow/.local/lib/python3.6/site-packages/airflow/example_dags/example_branch_day_of_week_operator.py
[2022-01-19 18:21:00,902] {processor.py:642} INFO - Processing file /home/airflow/.local/lib/python3.6/site-packages/airflow/example_dags/example_branch_day_of_week_operator.py for tasks to queue
[2022-01-19 18:21:00,903] {logging_mixin.py:109} INFO - [2022-01-19 18:21:00,903] {dagbag.py:500} INFO - Filling up the DagBag from /home/airflow/.local/lib/python3.6/site-packages/airflow/example_dags/example_branch_day_of_week_operator.py
[2022-01-19 18:21:00,933] {processor.py:654} INFO - DAG(s) dict_keys(['example_weekday_branch_operator']) retrieved from /home/airflow/.local/lib/python3.6/site-packages/airflow/example_dags/example_branch_day_of_week_operator.py
[2022-01-19 18:21:00,946] {logging_mixin.py:109} INFO - [2022-01-19 18:21:00,946] {dag.py:2396} INFO - Sync 1 DAGs
[2022-01-19 18:21:00,973] {logging_mixin.py:109} INFO - [2022-01-19 18:21:00,972] {dag.py:2935} INFO - Setting next_dagrun for example_weekday_branch_operator to 2022-01-18 00:00:00+00:00
[2022-01-19 18:21:00,985] {processor.py:171} INFO - Processing /home/airflow/.local/lib/python3.6/site-packages/airflow/example_dags/example_branch_day_of_week_operator.py took 0.088 seconds
[2022-01-19 18:21:32,103] {processor.py:163} INFO - Started process (PID=1611) to work on /home/airflow/.local/lib/python3.6/site-packages/airflow/example_dags/example_branch_day_of_week_operator.py
[2022-01-19 18:21:32,105] {processor.py:642} INFO - Processing file /home/airflow/.local/lib/python3.6/site-packages/airflow/example_dags/example_branch_day_of_week_operator.py for tasks to queue
[2022-01-19 18:21:32,105] {logging_mixin.py:109} INFO - [2022-01-19 18:21:32,105] {dagbag.py:500} INFO - Filling up the DagBag from /home/airflow/.local/lib/python3.6/site-packages/airflow/example_dags/example_branch_day_of_week_operator.py
[2022-01-19 18:21:32,138] {processor.py:654} INFO - DAG(s) dict_keys(['example_weekday_branch_operator']) retrieved from /home/airflow/.local/lib/python3.6/site-packages/airflow/example_dags/example_branch_day_of_week_operator.py
[2022-01-19 18:21:32,150] {logging_mixin.py:109} INFO - [2022-01-19 18:21:32,149] {dag.py:2396} INFO - Sync 1 DAGs
[2022-01-19 18:21:32,173] {logging_mixin.py:109} INFO - [2022-01-19 18:21:32,173] {dag.py:2935} INFO - Setting next_dagrun for example_weekday_branch_operator to 2022-01-18 00:00:00+00:00
[2022-01-19 18:21:32,184] {processor.py:171} INFO - Processing /home/airflow/.local/lib/python3.6/site-packages/airflow/example_dags/example_branch_day_of_week_operator.py took 0.084 seconds
[2022-01-19 18:22:03,200] {processor.py:163} INFO - Started process (PID=1675) to work on /home/airflow/.local/lib/python3.6/site-packages/airflow/example_dags/example_branch_day_of_week_operator.py
[2022-01-19 18:22:03,201] {processor.py:642} INFO - Processing file /home/airflow/.local/lib/python3.6/site-packages/airflow/example_dags/example_branch_day_of_week_operator.py for tasks to queue
[2022-01-19 18:22:03,202] {logging_mixin.py:109} INFO - [2022-01-19 18:22:03,202] {dagbag.py:500} INFO - Filling up the DagBag from /home/airflow/.local/lib/python3.6/site-packages/airflow/example_dags/example_branch_day_of_week_operator.py
[2022-01-19 18:22:03,225] {processor.py:654} INFO - DAG(s) dict_keys(['example_weekday_branch_operator']) retrieved from /home/airflow/.local/lib/python3.6/site-packages/airflow/example_dags/example_branch_day_of_week_operator.py
[2022-01-19 18:22:03,234] {logging_mixin.py:109} INFO - [2022-01-19 18:22:03,234] {dag.py:2396} INFO - Sync 1 DAGs
[2022-01-19 18:22:03,250] {logging_mixin.py:109} INFO - [2022-01-19 18:22:03,250] {dag.py:2935} INFO - Setting next_dagrun for example_weekday_branch_operator to 2022-01-18 00:00:00+00:00
[2022-01-19 18:22:03,259] {processor.py:171} INFO - Processing /home/airflow/.local/lib/python3.6/site-packages/airflow/example_dags/example_branch_day_of_week_operator.py took 0.061 seconds
[2022-01-19 18:22:34,168] {processor.py:163} INFO - Started process (PID=1727) to work on /home/airflow/.local/lib/python3.6/site-packages/airflow/example_dags/example_branch_day_of_week_operator.py
[2022-01-19 18:22:34,169] {processor.py:642} INFO - Processing file /home/airflow/.local/lib/python3.6/site-packages/airflow/example_dags/example_branch_day_of_week_operator.py for tasks to queue
[2022-01-19 18:22:34,170] {logging_mixin.py:109} INFO - [2022-01-19 18:22:34,170] {dagbag.py:500} INFO - Filling up the DagBag from /home/airflow/.local/lib/python3.6/site-packages/airflow/example_dags/example_branch_day_of_week_operator.py
[2022-01-19 18:22:34,191] {processor.py:654} INFO - DAG(s) dict_keys(['example_weekday_branch_operator']) retrieved from /home/airflow/.local/lib/python3.6/site-packages/airflow/example_dags/example_branch_day_of_week_operator.py
[2022-01-19 18:22:34,199] {logging_mixin.py:109} INFO - [2022-01-19 18:22:34,199] {dag.py:2396} INFO - Sync 1 DAGs
[2022-01-19 18:22:34,214] {logging_mixin.py:109} INFO - [2022-01-19 18:22:34,214] {dag.py:2935} INFO - Setting next_dagrun for example_weekday_branch_operator to 2022-01-18 00:00:00+00:00
[2022-01-19 18:22:34,222] {processor.py:171} INFO - Processing /home/airflow/.local/lib/python3.6/site-packages/airflow/example_dags/example_branch_day_of_week_operator.py took 0.056 seconds
[2022-01-19 18:23:05,108] {processor.py:163} INFO - Started process (PID=1790) to work on /home/airflow/.local/lib/python3.6/site-packages/airflow/example_dags/example_branch_day_of_week_operator.py
[2022-01-19 18:23:05,109] {processor.py:642} INFO - Processing file /home/airflow/.local/lib/python3.6/site-packages/airflow/example_dags/example_branch_day_of_week_operator.py for tasks to queue
[2022-01-19 18:23:05,109] {logging_mixin.py:109} INFO - [2022-01-19 18:23:05,109] {dagbag.py:500} INFO - Filling up the DagBag from /home/airflow/.local/lib/python3.6/site-packages/airflow/example_dags/example_branch_day_of_week_operator.py
[2022-01-19 18:23:05,134] {processor.py:654} INFO - DAG(s) dict_keys(['example_weekday_branch_operator']) retrieved from /home/airflow/.local/lib/python3.6/site-packages/airflow/example_dags/example_branch_day_of_week_operator.py
[2022-01-19 18:23:05,143] {logging_mixin.py:109} INFO - [2022-01-19 18:23:05,143] {dag.py:2396} INFO - Sync 1 DAGs
[2022-01-19 18:23:05,164] {logging_mixin.py:109} INFO - [2022-01-19 18:23:05,164] {dag.py:2935} INFO - Setting next_dagrun for example_weekday_branch_operator to 2022-01-18 00:00:00+00:00
[2022-01-19 18:23:05,175] {processor.py:171} INFO - Processing /home/airflow/.local/lib/python3.6/site-packages/airflow/example_dags/example_branch_day_of_week_operator.py took 0.070 seconds
[2022-01-19 18:23:36,283] {processor.py:163} INFO - Started process (PID=1843) to work on /home/airflow/.local/lib/python3.6/site-packages/airflow/example_dags/example_branch_day_of_week_operator.py
[2022-01-19 18:23:36,284] {processor.py:642} INFO - Processing file /home/airflow/.local/lib/python3.6/site-packages/airflow/example_dags/example_branch_day_of_week_operator.py for tasks to queue
[2022-01-19 18:23:36,285] {logging_mixin.py:109} INFO - [2022-01-19 18:23:36,285] {dagbag.py:500} INFO - Filling up the DagBag from /home/airflow/.local/lib/python3.6/site-packages/airflow/example_dags/example_branch_day_of_week_operator.py
[2022-01-19 18:23:36,321] {processor.py:654} INFO - DAG(s) dict_keys(['example_weekday_branch_operator']) retrieved from /home/airflow/.local/lib/python3.6/site-packages/airflow/example_dags/example_branch_day_of_week_operator.py
[2022-01-19 18:23:36,336] {logging_mixin.py:109} INFO - [2022-01-19 18:23:36,336] {dag.py:2396} INFO - Sync 1 DAGs
[2022-01-19 18:23:36,363] {logging_mixin.py:109} INFO - [2022-01-19 18:23:36,363] {dag.py:2935} INFO - Setting next_dagrun for example_weekday_branch_operator to 2022-01-18 00:00:00+00:00
[2022-01-19 18:23:36,377] {processor.py:171} INFO - Processing /home/airflow/.local/lib/python3.6/site-packages/airflow/example_dags/example_branch_day_of_week_operator.py took 0.100 seconds
[2022-01-19 18:24:06,663] {processor.py:163} INFO - Started process (PID=1895) to work on /home/airflow/.local/lib/python3.6/site-packages/airflow/example_dags/example_branch_day_of_week_operator.py
[2022-01-19 18:24:06,664] {processor.py:642} INFO - Processing file /home/airflow/.local/lib/python3.6/site-packages/airflow/example_dags/example_branch_day_of_week_operator.py for tasks to queue
[2022-01-19 18:24:06,665] {logging_mixin.py:109} INFO - [2022-01-19 18:24:06,664] {dagbag.py:500} INFO - Filling up the DagBag from /home/airflow/.local/lib/python3.6/site-packages/airflow/example_dags/example_branch_day_of_week_operator.py
[2022-01-19 18:24:06,704] {processor.py:654} INFO - DAG(s) dict_keys(['example_weekday_branch_operator']) retrieved from /home/airflow/.local/lib/python3.6/site-packages/airflow/example_dags/example_branch_day_of_week_operator.py
[2022-01-19 18:24:06,721] {logging_mixin.py:109} INFO - [2022-01-19 18:24:06,720] {dag.py:2396} INFO - Sync 1 DAGs
[2022-01-19 18:24:06,755] {logging_mixin.py:109} INFO - [2022-01-19 18:24:06,755] {dag.py:2935} INFO - Setting next_dagrun for example_weekday_branch_operator to 2022-01-18 00:00:00+00:00
[2022-01-19 18:24:06,770] {processor.py:171} INFO - Processing /home/airflow/.local/lib/python3.6/site-packages/airflow/example_dags/example_branch_day_of_week_operator.py took 0.111 seconds
[2022-01-19 18:24:36,831] {processor.py:163} INFO - Started process (PID=1958) to work on /home/airflow/.local/lib/python3.6/site-packages/airflow/example_dags/example_branch_day_of_week_operator.py
[2022-01-19 18:24:36,833] {processor.py:642} INFO - Processing file /home/airflow/.local/lib/python3.6/site-packages/airflow/example_dags/example_branch_day_of_week_operator.py for tasks to queue
[2022-01-19 18:24:36,834] {logging_mixin.py:109} INFO - [2022-01-19 18:24:36,833] {dagbag.py:500} INFO - Filling up the DagBag from /home/airflow/.local/lib/python3.6/site-packages/airflow/example_dags/example_branch_day_of_week_operator.py
[2022-01-19 18:24:36,874] {processor.py:654} INFO - DAG(s) dict_keys(['example_weekday_branch_operator']) retrieved from /home/airflow/.local/lib/python3.6/site-packages/airflow/example_dags/example_branch_day_of_week_operator.py
[2022-01-19 18:24:36,887] {logging_mixin.py:109} INFO - [2022-01-19 18:24:36,887] {dag.py:2396} INFO - Sync 1 DAGs
[2022-01-19 18:24:36,914] {logging_mixin.py:109} INFO - [2022-01-19 18:24:36,914] {dag.py:2935} INFO - Setting next_dagrun for example_weekday_branch_operator to 2022-01-18 00:00:00+00:00
[2022-01-19 18:24:36,924] {processor.py:171} INFO - Processing /home/airflow/.local/lib/python3.6/site-packages/airflow/example_dags/example_branch_day_of_week_operator.py took 0.097 seconds
[2022-01-19 18:25:06,956] {processor.py:163} INFO - Started process (PID=2009) to work on /home/airflow/.local/lib/python3.6/site-packages/airflow/example_dags/example_branch_day_of_week_operator.py
[2022-01-19 18:25:06,957] {processor.py:642} INFO - Processing file /home/airflow/.local/lib/python3.6/site-packages/airflow/example_dags/example_branch_day_of_week_operator.py for tasks to queue
[2022-01-19 18:25:06,958] {logging_mixin.py:109} INFO - [2022-01-19 18:25:06,958] {dagbag.py:500} INFO - Filling up the DagBag from /home/airflow/.local/lib/python3.6/site-packages/airflow/example_dags/example_branch_day_of_week_operator.py
[2022-01-19 18:25:06,981] {processor.py:654} INFO - DAG(s) dict_keys(['example_weekday_branch_operator']) retrieved from /home/airflow/.local/lib/python3.6/site-packages/airflow/example_dags/example_branch_day_of_week_operator.py
[2022-01-19 18:25:06,990] {logging_mixin.py:109} INFO - [2022-01-19 18:25:06,990] {dag.py:2396} INFO - Sync 1 DAGs
[2022-01-19 18:25:07,007] {logging_mixin.py:109} INFO - [2022-01-19 18:25:07,007] {dag.py:2935} INFO - Setting next_dagrun for example_weekday_branch_operator to 2022-01-18 00:00:00+00:00
[2022-01-19 18:25:07,015] {processor.py:171} INFO - Processing /home/airflow/.local/lib/python3.6/site-packages/airflow/example_dags/example_branch_day_of_week_operator.py took 0.061 seconds
[2022-01-19 18:25:37,607] {processor.py:163} INFO - Started process (PID=2072) to work on /home/airflow/.local/lib/python3.6/site-packages/airflow/example_dags/example_branch_day_of_week_operator.py
[2022-01-19 18:25:37,608] {processor.py:642} INFO - Processing file /home/airflow/.local/lib/python3.6/site-packages/airflow/example_dags/example_branch_day_of_week_operator.py for tasks to queue
[2022-01-19 18:25:37,608] {logging_mixin.py:109} INFO - [2022-01-19 18:25:37,608] {dagbag.py:500} INFO - Filling up the DagBag from /home/airflow/.local/lib/python3.6/site-packages/airflow/example_dags/example_branch_day_of_week_operator.py
[2022-01-19 18:25:37,630] {processor.py:654} INFO - DAG(s) dict_keys(['example_weekday_branch_operator']) retrieved from /home/airflow/.local/lib/python3.6/site-packages/airflow/example_dags/example_branch_day_of_week_operator.py
[2022-01-19 18:25:37,640] {logging_mixin.py:109} INFO - [2022-01-19 18:25:37,640] {dag.py:2396} INFO - Sync 1 DAGs
[2022-01-19 18:25:37,659] {logging_mixin.py:109} INFO - [2022-01-19 18:25:37,659] {dag.py:2935} INFO - Setting next_dagrun for example_weekday_branch_operator to 2022-01-18 00:00:00+00:00
[2022-01-19 18:25:37,668] {processor.py:171} INFO - Processing /home/airflow/.local/lib/python3.6/site-packages/airflow/example_dags/example_branch_day_of_week_operator.py took 0.063 seconds
[2022-01-19 18:26:08,286] {processor.py:163} INFO - Started process (PID=2126) to work on /home/airflow/.local/lib/python3.6/site-packages/airflow/example_dags/example_branch_day_of_week_operator.py
[2022-01-19 18:26:08,286] {processor.py:642} INFO - Processing file /home/airflow/.local/lib/python3.6/site-packages/airflow/example_dags/example_branch_day_of_week_operator.py for tasks to queue
[2022-01-19 18:26:08,287] {logging_mixin.py:109} INFO - [2022-01-19 18:26:08,287] {dagbag.py:500} INFO - Filling up the DagBag from /home/airflow/.local/lib/python3.6/site-packages/airflow/example_dags/example_branch_day_of_week_operator.py
[2022-01-19 18:26:08,309] {processor.py:654} INFO - DAG(s) dict_keys(['example_weekday_branch_operator']) retrieved from /home/airflow/.local/lib/python3.6/site-packages/airflow/example_dags/example_branch_day_of_week_operator.py
[2022-01-19 18:26:08,317] {logging_mixin.py:109} INFO - [2022-01-19 18:26:08,317] {dag.py:2396} INFO - Sync 1 DAGs
[2022-01-19 18:26:08,335] {logging_mixin.py:109} INFO - [2022-01-19 18:26:08,335] {dag.py:2935} INFO - Setting next_dagrun for example_weekday_branch_operator to 2022-01-18 00:00:00+00:00
[2022-01-19 18:26:08,344] {processor.py:171} INFO - Processing /home/airflow/.local/lib/python3.6/site-packages/airflow/example_dags/example_branch_day_of_week_operator.py took 0.061 seconds
[2022-01-19 18:26:38,869] {processor.py:163} INFO - Started process (PID=2178) to work on /home/airflow/.local/lib/python3.6/site-packages/airflow/example_dags/example_branch_day_of_week_operator.py
[2022-01-19 18:26:38,870] {processor.py:642} INFO - Processing file /home/airflow/.local/lib/python3.6/site-packages/airflow/example_dags/example_branch_day_of_week_operator.py for tasks to queue
[2022-01-19 18:26:38,870] {logging_mixin.py:109} INFO - [2022-01-19 18:26:38,870] {dagbag.py:500} INFO - Filling up the DagBag from /home/airflow/.local/lib/python3.6/site-packages/airflow/example_dags/example_branch_day_of_week_operator.py
[2022-01-19 18:26:38,899] {processor.py:654} INFO - DAG(s) dict_keys(['example_weekday_branch_operator']) retrieved from /home/airflow/.local/lib/python3.6/site-packages/airflow/example_dags/example_branch_day_of_week_operator.py
[2022-01-19 18:26:38,909] {logging_mixin.py:109} INFO - [2022-01-19 18:26:38,909] {dag.py:2396} INFO - Sync 1 DAGs
[2022-01-19 18:26:38,934] {logging_mixin.py:109} INFO - [2022-01-19 18:26:38,934] {dag.py:2935} INFO - Setting next_dagrun for example_weekday_branch_operator to 2022-01-18 00:00:00+00:00
[2022-01-19 18:26:38,943] {processor.py:171} INFO - Processing /home/airflow/.local/lib/python3.6/site-packages/airflow/example_dags/example_branch_day_of_week_operator.py took 0.077 seconds
[2022-01-19 18:27:09,625] {processor.py:163} INFO - Started process (PID=2241) to work on /home/airflow/.local/lib/python3.6/site-packages/airflow/example_dags/example_branch_day_of_week_operator.py
[2022-01-19 18:27:09,626] {processor.py:642} INFO - Processing file /home/airflow/.local/lib/python3.6/site-packages/airflow/example_dags/example_branch_day_of_week_operator.py for tasks to queue
[2022-01-19 18:27:09,627] {logging_mixin.py:109} INFO - [2022-01-19 18:27:09,627] {dagbag.py:500} INFO - Filling up the DagBag from /home/airflow/.local/lib/python3.6/site-packages/airflow/example_dags/example_branch_day_of_week_operator.py
[2022-01-19 18:27:09,658] {processor.py:654} INFO - DAG(s) dict_keys(['example_weekday_branch_operator']) retrieved from /home/airflow/.local/lib/python3.6/site-packages/airflow/example_dags/example_branch_day_of_week_operator.py
[2022-01-19 18:27:09,670] {logging_mixin.py:109} INFO - [2022-01-19 18:27:09,669] {dag.py:2396} INFO - Sync 1 DAGs
[2022-01-19 18:27:09,691] {logging_mixin.py:109} INFO - [2022-01-19 18:27:09,690] {dag.py:2935} INFO - Setting next_dagrun for example_weekday_branch_operator to 2022-01-18 00:00:00+00:00
[2022-01-19 18:27:09,704] {processor.py:171} INFO - Processing /home/airflow/.local/lib/python3.6/site-packages/airflow/example_dags/example_branch_day_of_week_operator.py took 0.083 seconds
[2022-01-19 18:27:39,979] {processor.py:163} INFO - Started process (PID=2294) to work on /home/airflow/.local/lib/python3.6/site-packages/airflow/example_dags/example_branch_day_of_week_operator.py
[2022-01-19 18:27:39,980] {processor.py:642} INFO - Processing file /home/airflow/.local/lib/python3.6/site-packages/airflow/example_dags/example_branch_day_of_week_operator.py for tasks to queue
[2022-01-19 18:27:39,980] {logging_mixin.py:109} INFO - [2022-01-19 18:27:39,980] {dagbag.py:500} INFO - Filling up the DagBag from /home/airflow/.local/lib/python3.6/site-packages/airflow/example_dags/example_branch_day_of_week_operator.py
[2022-01-19 18:27:40,002] {processor.py:654} INFO - DAG(s) dict_keys(['example_weekday_branch_operator']) retrieved from /home/airflow/.local/lib/python3.6/site-packages/airflow/example_dags/example_branch_day_of_week_operator.py
[2022-01-19 18:27:40,012] {logging_mixin.py:109} INFO - [2022-01-19 18:27:40,012] {dag.py:2396} INFO - Sync 1 DAGs
[2022-01-19 18:27:40,033] {logging_mixin.py:109} INFO - [2022-01-19 18:27:40,033] {dag.py:2935} INFO - Setting next_dagrun for example_weekday_branch_operator to 2022-01-18 00:00:00+00:00
[2022-01-19 18:27:40,043] {processor.py:171} INFO - Processing /home/airflow/.local/lib/python3.6/site-packages/airflow/example_dags/example_branch_day_of_week_operator.py took 0.067 seconds
[2022-01-19 18:28:10,605] {processor.py:163} INFO - Started process (PID=2358) to work on /home/airflow/.local/lib/python3.6/site-packages/airflow/example_dags/example_branch_day_of_week_operator.py
[2022-01-19 18:28:10,606] {processor.py:642} INFO - Processing file /home/airflow/.local/lib/python3.6/site-packages/airflow/example_dags/example_branch_day_of_week_operator.py for tasks to queue
[2022-01-19 18:28:10,607] {logging_mixin.py:109} INFO - [2022-01-19 18:28:10,607] {dagbag.py:500} INFO - Filling up the DagBag from /home/airflow/.local/lib/python3.6/site-packages/airflow/example_dags/example_branch_day_of_week_operator.py
[2022-01-19 18:28:10,630] {processor.py:654} INFO - DAG(s) dict_keys(['example_weekday_branch_operator']) retrieved from /home/airflow/.local/lib/python3.6/site-packages/airflow/example_dags/example_branch_day_of_week_operator.py
[2022-01-19 18:28:10,640] {logging_mixin.py:109} INFO - [2022-01-19 18:28:10,640] {dag.py:2396} INFO - Sync 1 DAGs
[2022-01-19 18:28:10,676] {logging_mixin.py:109} INFO - [2022-01-19 18:28:10,676] {dag.py:2935} INFO - Setting next_dagrun for example_weekday_branch_operator to 2022-01-18 00:00:00+00:00
[2022-01-19 18:28:10,686] {processor.py:171} INFO - Processing /home/airflow/.local/lib/python3.6/site-packages/airflow/example_dags/example_branch_day_of_week_operator.py took 0.084 seconds
[2022-01-19 18:28:41,366] {processor.py:163} INFO - Started process (PID=2411) to work on /home/airflow/.local/lib/python3.6/site-packages/airflow/example_dags/example_branch_day_of_week_operator.py
[2022-01-19 18:28:41,369] {processor.py:642} INFO - Processing file /home/airflow/.local/lib/python3.6/site-packages/airflow/example_dags/example_branch_day_of_week_operator.py for tasks to queue
[2022-01-19 18:28:41,370] {logging_mixin.py:109} INFO - [2022-01-19 18:28:41,370] {dagbag.py:500} INFO - Filling up the DagBag from /home/airflow/.local/lib/python3.6/site-packages/airflow/example_dags/example_branch_day_of_week_operator.py
[2022-01-19 18:28:41,404] {processor.py:654} INFO - DAG(s) dict_keys(['example_weekday_branch_operator']) retrieved from /home/airflow/.local/lib/python3.6/site-packages/airflow/example_dags/example_branch_day_of_week_operator.py
[2022-01-19 18:28:41,415] {logging_mixin.py:109} INFO - [2022-01-19 18:28:41,414] {dag.py:2396} INFO - Sync 1 DAGs
[2022-01-19 18:28:41,433] {logging_mixin.py:109} INFO - [2022-01-19 18:28:41,433] {dag.py:2935} INFO - Setting next_dagrun for example_weekday_branch_operator to 2022-01-18 00:00:00+00:00
[2022-01-19 18:28:41,441] {processor.py:171} INFO - Processing /home/airflow/.local/lib/python3.6/site-packages/airflow/example_dags/example_branch_day_of_week_operator.py took 0.083 seconds
[2022-01-19 18:29:12,447] {processor.py:163} INFO - Started process (PID=2464) to work on /home/airflow/.local/lib/python3.6/site-packages/airflow/example_dags/example_branch_day_of_week_operator.py
[2022-01-19 18:29:12,449] {processor.py:642} INFO - Processing file /home/airflow/.local/lib/python3.6/site-packages/airflow/example_dags/example_branch_day_of_week_operator.py for tasks to queue
[2022-01-19 18:29:12,449] {logging_mixin.py:109} INFO - [2022-01-19 18:29:12,449] {dagbag.py:500} INFO - Filling up the DagBag from /home/airflow/.local/lib/python3.6/site-packages/airflow/example_dags/example_branch_day_of_week_operator.py
[2022-01-19 18:29:12,477] {processor.py:654} INFO - DAG(s) dict_keys(['example_weekday_branch_operator']) retrieved from /home/airflow/.local/lib/python3.6/site-packages/airflow/example_dags/example_branch_day_of_week_operator.py
[2022-01-19 18:29:12,491] {logging_mixin.py:109} INFO - [2022-01-19 18:29:12,491] {dag.py:2396} INFO - Sync 1 DAGs
[2022-01-19 18:29:12,510] {logging_mixin.py:109} INFO - [2022-01-19 18:29:12,510] {dag.py:2935} INFO - Setting next_dagrun for example_weekday_branch_operator to 2022-01-18 00:00:00+00:00
[2022-01-19 18:29:12,518] {processor.py:171} INFO - Processing /home/airflow/.local/lib/python3.6/site-packages/airflow/example_dags/example_branch_day_of_week_operator.py took 0.074 seconds
[2022-01-19 18:29:43,289] {processor.py:163} INFO - Started process (PID=2528) to work on /home/airflow/.local/lib/python3.6/site-packages/airflow/example_dags/example_branch_day_of_week_operator.py
[2022-01-19 18:29:43,290] {processor.py:642} INFO - Processing file /home/airflow/.local/lib/python3.6/site-packages/airflow/example_dags/example_branch_day_of_week_operator.py for tasks to queue
[2022-01-19 18:29:43,290] {logging_mixin.py:109} INFO - [2022-01-19 18:29:43,290] {dagbag.py:500} INFO - Filling up the DagBag from /home/airflow/.local/lib/python3.6/site-packages/airflow/example_dags/example_branch_day_of_week_operator.py
[2022-01-19 18:29:43,314] {processor.py:654} INFO - DAG(s) dict_keys(['example_weekday_branch_operator']) retrieved from /home/airflow/.local/lib/python3.6/site-packages/airflow/example_dags/example_branch_day_of_week_operator.py
[2022-01-19 18:29:43,324] {logging_mixin.py:109} INFO - [2022-01-19 18:29:43,323] {dag.py:2396} INFO - Sync 1 DAGs
[2022-01-19 18:29:43,341] {logging_mixin.py:109} INFO - [2022-01-19 18:29:43,341] {dag.py:2935} INFO - Setting next_dagrun for example_weekday_branch_operator to 2022-01-18 00:00:00+00:00
[2022-01-19 18:29:43,349] {processor.py:171} INFO - Processing /home/airflow/.local/lib/python3.6/site-packages/airflow/example_dags/example_branch_day_of_week_operator.py took 0.063 seconds
[2022-01-19 18:30:14,053] {processor.py:163} INFO - Started process (PID=2581) to work on /home/airflow/.local/lib/python3.6/site-packages/airflow/example_dags/example_branch_day_of_week_operator.py
[2022-01-19 18:30:14,056] {processor.py:642} INFO - Processing file /home/airflow/.local/lib/python3.6/site-packages/airflow/example_dags/example_branch_day_of_week_operator.py for tasks to queue
[2022-01-19 18:30:14,058] {logging_mixin.py:109} INFO - [2022-01-19 18:30:14,057] {dagbag.py:500} INFO - Filling up the DagBag from /home/airflow/.local/lib/python3.6/site-packages/airflow/example_dags/example_branch_day_of_week_operator.py
[2022-01-19 18:30:14,092] {processor.py:654} INFO - DAG(s) dict_keys(['example_weekday_branch_operator']) retrieved from /home/airflow/.local/lib/python3.6/site-packages/airflow/example_dags/example_branch_day_of_week_operator.py
[2022-01-19 18:30:14,102] {logging_mixin.py:109} INFO - [2022-01-19 18:30:14,102] {dag.py:2396} INFO - Sync 1 DAGs
[2022-01-19 18:30:14,120] {logging_mixin.py:109} INFO - [2022-01-19 18:30:14,120] {dag.py:2935} INFO - Setting next_dagrun for example_weekday_branch_operator to 2022-01-18 00:00:00+00:00
[2022-01-19 18:30:14,128] {processor.py:171} INFO - Processing /home/airflow/.local/lib/python3.6/site-packages/airflow/example_dags/example_branch_day_of_week_operator.py took 0.084 seconds
[2022-01-19 18:30:44,715] {processor.py:163} INFO - Started process (PID=2643) to work on /home/airflow/.local/lib/python3.6/site-packages/airflow/example_dags/example_branch_day_of_week_operator.py
[2022-01-19 18:30:44,716] {processor.py:642} INFO - Processing file /home/airflow/.local/lib/python3.6/site-packages/airflow/example_dags/example_branch_day_of_week_operator.py for tasks to queue
[2022-01-19 18:30:44,717] {logging_mixin.py:109} INFO - [2022-01-19 18:30:44,717] {dagbag.py:500} INFO - Filling up the DagBag from /home/airflow/.local/lib/python3.6/site-packages/airflow/example_dags/example_branch_day_of_week_operator.py
[2022-01-19 18:30:44,743] {processor.py:654} INFO - DAG(s) dict_keys(['example_weekday_branch_operator']) retrieved from /home/airflow/.local/lib/python3.6/site-packages/airflow/example_dags/example_branch_day_of_week_operator.py
[2022-01-19 18:30:44,753] {logging_mixin.py:109} INFO - [2022-01-19 18:30:44,753] {dag.py:2396} INFO - Sync 1 DAGs
[2022-01-19 18:30:44,770] {logging_mixin.py:109} INFO - [2022-01-19 18:30:44,770] {dag.py:2935} INFO - Setting next_dagrun for example_weekday_branch_operator to 2022-01-18 00:00:00+00:00
[2022-01-19 18:30:44,778] {processor.py:171} INFO - Processing /home/airflow/.local/lib/python3.6/site-packages/airflow/example_dags/example_branch_day_of_week_operator.py took 0.066 seconds
