[2022-01-19 18:10:07,948] {processor.py:163} INFO - Started process (PID=281) to work on /home/airflow/.local/lib/python3.6/site-packages/airflow/example_dags/example_subdag_operator.py
[2022-01-19 18:10:07,949] {processor.py:642} INFO - Processing file /home/airflow/.local/lib/python3.6/site-packages/airflow/example_dags/example_subdag_operator.py for tasks to queue
[2022-01-19 18:10:07,950] {logging_mixin.py:109} INFO - [2022-01-19 18:10:07,950] {dagbag.py:500} INFO - Filling up the DagBag from /home/airflow/.local/lib/python3.6/site-packages/airflow/example_dags/example_subdag_operator.py
[2022-01-19 18:10:07,996] {processor.py:654} INFO - DAG(s) dict_keys(['example_subdag_operator.section-1', 'example_subdag_operator.section-2', 'example_subdag_operator']) retrieved from /home/airflow/.local/lib/python3.6/site-packages/airflow/example_dags/example_subdag_operator.py
[2022-01-19 18:10:10,587] {logging_mixin.py:109} INFO - [2022-01-19 18:10:10,587] {manager.py:496} INFO - Created Permission View: can read on DAG:example_subdag_operator
[2022-01-19 18:10:10,600] {logging_mixin.py:109} INFO - [2022-01-19 18:10:10,600] {manager.py:496} INFO - Created Permission View: can edit on DAG:example_subdag_operator
[2022-01-19 18:10:10,603] {logging_mixin.py:109} INFO - [2022-01-19 18:10:10,600] {dag.py:2396} INFO - Sync 3 DAGs
[2022-01-19 18:10:10,621] {logging_mixin.py:109} INFO - [2022-01-19 18:10:10,619] {dag.py:2415} INFO - Creating ORM DAG for example_subdag_operator.section-1
[2022-01-19 18:10:10,622] {logging_mixin.py:109} INFO - [2022-01-19 18:10:10,621] {dag.py:2415} INFO - Creating ORM DAG for example_subdag_operator
[2022-01-19 18:10:10,622] {logging_mixin.py:109} INFO - [2022-01-19 18:10:10,622] {dag.py:2415} INFO - Creating ORM DAG for example_subdag_operator.section-2
[2022-01-19 18:10:10,633] {logging_mixin.py:109} INFO - [2022-01-19 18:10:10,633] {dag.py:2935} INFO - Setting next_dagrun for example_subdag_operator to 2022-01-17T00:00:00+00:00
[2022-01-19 18:10:10,634] {logging_mixin.py:109} INFO - [2022-01-19 18:10:10,634] {dag.py:2935} INFO - Setting next_dagrun for example_subdag_operator.section-1 to None
[2022-01-19 18:10:10,635] {logging_mixin.py:109} INFO - [2022-01-19 18:10:10,635] {dag.py:2935} INFO - Setting next_dagrun for example_subdag_operator.section-2 to None
[2022-01-19 18:10:10,649] {logging_mixin.py:109} INFO - [2022-01-19 18:10:10,649] {dag.py:2396} INFO - Sync 2 DAGs
[2022-01-19 18:10:10,661] {logging_mixin.py:109} INFO - [2022-01-19 18:10:10,661] {dag.py:2935} INFO - Setting next_dagrun for example_subdag_operator.section-1 to None
[2022-01-19 18:10:10,661] {logging_mixin.py:109} INFO - [2022-01-19 18:10:10,661] {dag.py:2935} INFO - Setting next_dagrun for example_subdag_operator.section-2 to None
[2022-01-19 18:10:10,671] {processor.py:171} INFO - Processing /home/airflow/.local/lib/python3.6/site-packages/airflow/example_dags/example_subdag_operator.py took 2.725 seconds
[2022-01-19 18:10:41,540] {processor.py:163} INFO - Started process (PID=390) to work on /home/airflow/.local/lib/python3.6/site-packages/airflow/example_dags/example_subdag_operator.py
[2022-01-19 18:10:41,541] {processor.py:642} INFO - Processing file /home/airflow/.local/lib/python3.6/site-packages/airflow/example_dags/example_subdag_operator.py for tasks to queue
[2022-01-19 18:10:41,542] {logging_mixin.py:109} INFO - [2022-01-19 18:10:41,542] {dagbag.py:500} INFO - Filling up the DagBag from /home/airflow/.local/lib/python3.6/site-packages/airflow/example_dags/example_subdag_operator.py
[2022-01-19 18:10:41,570] {processor.py:654} INFO - DAG(s) dict_keys(['example_subdag_operator.section-1', 'example_subdag_operator.section-2', 'example_subdag_operator']) retrieved from /home/airflow/.local/lib/python3.6/site-packages/airflow/example_dags/example_subdag_operator.py
[2022-01-19 18:10:41,580] {logging_mixin.py:109} INFO - [2022-01-19 18:10:41,580] {dag.py:2396} INFO - Sync 3 DAGs
[2022-01-19 18:10:41,595] {logging_mixin.py:109} INFO - [2022-01-19 18:10:41,594] {dag.py:2935} INFO - Setting next_dagrun for example_subdag_operator to 2022-01-17T00:00:00+00:00
[2022-01-19 18:10:41,595] {logging_mixin.py:109} INFO - [2022-01-19 18:10:41,595] {dag.py:2935} INFO - Setting next_dagrun for example_subdag_operator.section-1 to None
[2022-01-19 18:10:41,595] {logging_mixin.py:109} INFO - [2022-01-19 18:10:41,595] {dag.py:2935} INFO - Setting next_dagrun for example_subdag_operator.section-2 to None
[2022-01-19 18:10:41,600] {logging_mixin.py:109} INFO - [2022-01-19 18:10:41,600] {dag.py:2396} INFO - Sync 2 DAGs
[2022-01-19 18:10:41,607] {logging_mixin.py:109} INFO - [2022-01-19 18:10:41,606] {dag.py:2935} INFO - Setting next_dagrun for example_subdag_operator.section-1 to None
[2022-01-19 18:10:41,607] {logging_mixin.py:109} INFO - [2022-01-19 18:10:41,607] {dag.py:2935} INFO - Setting next_dagrun for example_subdag_operator.section-2 to None
[2022-01-19 18:10:41,613] {processor.py:171} INFO - Processing /home/airflow/.local/lib/python3.6/site-packages/airflow/example_dags/example_subdag_operator.py took 0.075 seconds
[2022-01-19 18:11:11,780] {processor.py:163} INFO - Started process (PID=453) to work on /home/airflow/.local/lib/python3.6/site-packages/airflow/example_dags/example_subdag_operator.py
[2022-01-19 18:11:11,781] {processor.py:642} INFO - Processing file /home/airflow/.local/lib/python3.6/site-packages/airflow/example_dags/example_subdag_operator.py for tasks to queue
[2022-01-19 18:11:11,782] {logging_mixin.py:109} INFO - [2022-01-19 18:11:11,782] {dagbag.py:500} INFO - Filling up the DagBag from /home/airflow/.local/lib/python3.6/site-packages/airflow/example_dags/example_subdag_operator.py
[2022-01-19 18:11:11,809] {processor.py:654} INFO - DAG(s) dict_keys(['example_subdag_operator.section-1', 'example_subdag_operator.section-2', 'example_subdag_operator']) retrieved from /home/airflow/.local/lib/python3.6/site-packages/airflow/example_dags/example_subdag_operator.py
[2022-01-19 18:11:11,819] {logging_mixin.py:109} INFO - [2022-01-19 18:11:11,819] {dag.py:2396} INFO - Sync 3 DAGs
[2022-01-19 18:11:11,833] {logging_mixin.py:109} INFO - [2022-01-19 18:11:11,833] {dag.py:2935} INFO - Setting next_dagrun for example_subdag_operator to 2022-01-17T00:00:00+00:00
[2022-01-19 18:11:11,834] {logging_mixin.py:109} INFO - [2022-01-19 18:11:11,834] {dag.py:2935} INFO - Setting next_dagrun for example_subdag_operator.section-1 to None
[2022-01-19 18:11:11,834] {logging_mixin.py:109} INFO - [2022-01-19 18:11:11,834] {dag.py:2935} INFO - Setting next_dagrun for example_subdag_operator.section-2 to None
[2022-01-19 18:11:11,838] {logging_mixin.py:109} INFO - [2022-01-19 18:11:11,838] {dag.py:2396} INFO - Sync 2 DAGs
[2022-01-19 18:11:11,845] {logging_mixin.py:109} INFO - [2022-01-19 18:11:11,845] {dag.py:2935} INFO - Setting next_dagrun for example_subdag_operator.section-1 to None
[2022-01-19 18:11:11,845] {logging_mixin.py:109} INFO - [2022-01-19 18:11:11,845] {dag.py:2935} INFO - Setting next_dagrun for example_subdag_operator.section-2 to None
[2022-01-19 18:11:11,851] {processor.py:171} INFO - Processing /home/airflow/.local/lib/python3.6/site-packages/airflow/example_dags/example_subdag_operator.py took 0.073 seconds
[2022-01-19 18:11:41,895] {processor.py:163} INFO - Started process (PID=505) to work on /home/airflow/.local/lib/python3.6/site-packages/airflow/example_dags/example_subdag_operator.py
[2022-01-19 18:11:41,896] {processor.py:642} INFO - Processing file /home/airflow/.local/lib/python3.6/site-packages/airflow/example_dags/example_subdag_operator.py for tasks to queue
[2022-01-19 18:11:41,896] {logging_mixin.py:109} INFO - [2022-01-19 18:11:41,896] {dagbag.py:500} INFO - Filling up the DagBag from /home/airflow/.local/lib/python3.6/site-packages/airflow/example_dags/example_subdag_operator.py
[2022-01-19 18:11:41,921] {processor.py:654} INFO - DAG(s) dict_keys(['example_subdag_operator.section-1', 'example_subdag_operator.section-2', 'example_subdag_operator']) retrieved from /home/airflow/.local/lib/python3.6/site-packages/airflow/example_dags/example_subdag_operator.py
[2022-01-19 18:11:41,930] {logging_mixin.py:109} INFO - [2022-01-19 18:11:41,930] {dag.py:2396} INFO - Sync 3 DAGs
[2022-01-19 18:11:41,945] {logging_mixin.py:109} INFO - [2022-01-19 18:11:41,945] {dag.py:2935} INFO - Setting next_dagrun for example_subdag_operator to 2022-01-17T00:00:00+00:00
[2022-01-19 18:11:41,946] {logging_mixin.py:109} INFO - [2022-01-19 18:11:41,946] {dag.py:2935} INFO - Setting next_dagrun for example_subdag_operator.section-1 to None
[2022-01-19 18:11:41,946] {logging_mixin.py:109} INFO - [2022-01-19 18:11:41,946] {dag.py:2935} INFO - Setting next_dagrun for example_subdag_operator.section-2 to None
[2022-01-19 18:11:41,950] {logging_mixin.py:109} INFO - [2022-01-19 18:11:41,950] {dag.py:2396} INFO - Sync 2 DAGs
[2022-01-19 18:11:41,959] {logging_mixin.py:109} INFO - [2022-01-19 18:11:41,959] {dag.py:2935} INFO - Setting next_dagrun for example_subdag_operator.section-1 to None
[2022-01-19 18:11:41,959] {logging_mixin.py:109} INFO - [2022-01-19 18:11:41,959] {dag.py:2935} INFO - Setting next_dagrun for example_subdag_operator.section-2 to None
[2022-01-19 18:11:41,965] {processor.py:171} INFO - Processing /home/airflow/.local/lib/python3.6/site-packages/airflow/example_dags/example_subdag_operator.py took 0.072 seconds
[2022-01-19 18:12:12,240] {processor.py:163} INFO - Started process (PID=559) to work on /home/airflow/.local/lib/python3.6/site-packages/airflow/example_dags/example_subdag_operator.py
[2022-01-19 18:12:12,242] {processor.py:642} INFO - Processing file /home/airflow/.local/lib/python3.6/site-packages/airflow/example_dags/example_subdag_operator.py for tasks to queue
[2022-01-19 18:12:12,243] {logging_mixin.py:109} INFO - [2022-01-19 18:12:12,243] {dagbag.py:500} INFO - Filling up the DagBag from /home/airflow/.local/lib/python3.6/site-packages/airflow/example_dags/example_subdag_operator.py
[2022-01-19 18:12:12,268] {processor.py:654} INFO - DAG(s) dict_keys(['example_subdag_operator.section-1', 'example_subdag_operator.section-2', 'example_subdag_operator']) retrieved from /home/airflow/.local/lib/python3.6/site-packages/airflow/example_dags/example_subdag_operator.py
[2022-01-19 18:12:12,277] {logging_mixin.py:109} INFO - [2022-01-19 18:12:12,277] {dag.py:2396} INFO - Sync 3 DAGs
[2022-01-19 18:12:12,290] {logging_mixin.py:109} INFO - [2022-01-19 18:12:12,290] {dag.py:2935} INFO - Setting next_dagrun for example_subdag_operator to 2022-01-17T00:00:00+00:00
[2022-01-19 18:12:12,290] {logging_mixin.py:109} INFO - [2022-01-19 18:12:12,290] {dag.py:2935} INFO - Setting next_dagrun for example_subdag_operator.section-1 to None
[2022-01-19 18:12:12,291] {logging_mixin.py:109} INFO - [2022-01-19 18:12:12,290] {dag.py:2935} INFO - Setting next_dagrun for example_subdag_operator.section-2 to None
[2022-01-19 18:12:12,295] {logging_mixin.py:109} INFO - [2022-01-19 18:12:12,295] {dag.py:2396} INFO - Sync 2 DAGs
[2022-01-19 18:12:12,302] {logging_mixin.py:109} INFO - [2022-01-19 18:12:12,302] {dag.py:2935} INFO - Setting next_dagrun for example_subdag_operator.section-1 to None
[2022-01-19 18:12:12,302] {logging_mixin.py:109} INFO - [2022-01-19 18:12:12,302] {dag.py:2935} INFO - Setting next_dagrun for example_subdag_operator.section-2 to None
[2022-01-19 18:12:12,307] {processor.py:171} INFO - Processing /home/airflow/.local/lib/python3.6/site-packages/airflow/example_dags/example_subdag_operator.py took 0.069 seconds
[2022-01-19 18:12:43,079] {processor.py:163} INFO - Started process (PID=621) to work on /home/airflow/.local/lib/python3.6/site-packages/airflow/example_dags/example_subdag_operator.py
[2022-01-19 18:12:43,080] {processor.py:642} INFO - Processing file /home/airflow/.local/lib/python3.6/site-packages/airflow/example_dags/example_subdag_operator.py for tasks to queue
[2022-01-19 18:12:43,080] {logging_mixin.py:109} INFO - [2022-01-19 18:12:43,080] {dagbag.py:500} INFO - Filling up the DagBag from /home/airflow/.local/lib/python3.6/site-packages/airflow/example_dags/example_subdag_operator.py
[2022-01-19 18:12:43,105] {processor.py:654} INFO - DAG(s) dict_keys(['example_subdag_operator.section-1', 'example_subdag_operator.section-2', 'example_subdag_operator']) retrieved from /home/airflow/.local/lib/python3.6/site-packages/airflow/example_dags/example_subdag_operator.py
[2022-01-19 18:12:43,113] {logging_mixin.py:109} INFO - [2022-01-19 18:12:43,113] {dag.py:2396} INFO - Sync 3 DAGs
[2022-01-19 18:12:43,129] {logging_mixin.py:109} INFO - [2022-01-19 18:12:43,129] {dag.py:2935} INFO - Setting next_dagrun for example_subdag_operator to 2022-01-17T00:00:00+00:00
[2022-01-19 18:12:43,129] {logging_mixin.py:109} INFO - [2022-01-19 18:12:43,129] {dag.py:2935} INFO - Setting next_dagrun for example_subdag_operator.section-1 to None
[2022-01-19 18:12:43,129] {logging_mixin.py:109} INFO - [2022-01-19 18:12:43,129] {dag.py:2935} INFO - Setting next_dagrun for example_subdag_operator.section-2 to None
[2022-01-19 18:12:43,134] {logging_mixin.py:109} INFO - [2022-01-19 18:12:43,133] {dag.py:2396} INFO - Sync 2 DAGs
[2022-01-19 18:12:43,139] {logging_mixin.py:109} INFO - [2022-01-19 18:12:43,139] {dag.py:2935} INFO - Setting next_dagrun for example_subdag_operator.section-1 to None
[2022-01-19 18:12:43,140] {logging_mixin.py:109} INFO - [2022-01-19 18:12:43,140] {dag.py:2935} INFO - Setting next_dagrun for example_subdag_operator.section-2 to None
[2022-01-19 18:12:43,145] {processor.py:171} INFO - Processing /home/airflow/.local/lib/python3.6/site-packages/airflow/example_dags/example_subdag_operator.py took 0.068 seconds
[2022-01-19 18:13:13,564] {processor.py:163} INFO - Started process (PID=683) to work on /home/airflow/.local/lib/python3.6/site-packages/airflow/example_dags/example_subdag_operator.py
[2022-01-19 18:13:13,566] {processor.py:642} INFO - Processing file /home/airflow/.local/lib/python3.6/site-packages/airflow/example_dags/example_subdag_operator.py for tasks to queue
[2022-01-19 18:13:13,567] {logging_mixin.py:109} INFO - [2022-01-19 18:13:13,567] {dagbag.py:500} INFO - Filling up the DagBag from /home/airflow/.local/lib/python3.6/site-packages/airflow/example_dags/example_subdag_operator.py
[2022-01-19 18:13:13,591] {processor.py:654} INFO - DAG(s) dict_keys(['example_subdag_operator.section-1', 'example_subdag_operator.section-2', 'example_subdag_operator']) retrieved from /home/airflow/.local/lib/python3.6/site-packages/airflow/example_dags/example_subdag_operator.py
[2022-01-19 18:13:13,601] {logging_mixin.py:109} INFO - [2022-01-19 18:13:13,601] {dag.py:2396} INFO - Sync 3 DAGs
[2022-01-19 18:13:13,617] {logging_mixin.py:109} INFO - [2022-01-19 18:13:13,617] {dag.py:2935} INFO - Setting next_dagrun for example_subdag_operator to 2022-01-17T00:00:00+00:00
[2022-01-19 18:13:13,617] {logging_mixin.py:109} INFO - [2022-01-19 18:13:13,617] {dag.py:2935} INFO - Setting next_dagrun for example_subdag_operator.section-1 to None
[2022-01-19 18:13:13,617] {logging_mixin.py:109} INFO - [2022-01-19 18:13:13,617] {dag.py:2935} INFO - Setting next_dagrun for example_subdag_operator.section-2 to None
[2022-01-19 18:13:13,621] {logging_mixin.py:109} INFO - [2022-01-19 18:13:13,621] {dag.py:2396} INFO - Sync 2 DAGs
[2022-01-19 18:13:13,629] {logging_mixin.py:109} INFO - [2022-01-19 18:13:13,629] {dag.py:2935} INFO - Setting next_dagrun for example_subdag_operator.section-1 to None
[2022-01-19 18:13:13,629] {logging_mixin.py:109} INFO - [2022-01-19 18:13:13,629] {dag.py:2935} INFO - Setting next_dagrun for example_subdag_operator.section-2 to None
[2022-01-19 18:13:13,635] {processor.py:171} INFO - Processing /home/airflow/.local/lib/python3.6/site-packages/airflow/example_dags/example_subdag_operator.py took 0.073 seconds
[2022-01-19 18:13:44,277] {processor.py:163} INFO - Started process (PID=753) to work on /home/airflow/.local/lib/python3.6/site-packages/airflow/example_dags/example_subdag_operator.py
[2022-01-19 18:13:44,278] {processor.py:642} INFO - Processing file /home/airflow/.local/lib/python3.6/site-packages/airflow/example_dags/example_subdag_operator.py for tasks to queue
[2022-01-19 18:13:44,279] {logging_mixin.py:109} INFO - [2022-01-19 18:13:44,279] {dagbag.py:500} INFO - Filling up the DagBag from /home/airflow/.local/lib/python3.6/site-packages/airflow/example_dags/example_subdag_operator.py
[2022-01-19 18:13:44,311] {processor.py:654} INFO - DAG(s) dict_keys(['example_subdag_operator.section-1', 'example_subdag_operator.section-2', 'example_subdag_operator']) retrieved from /home/airflow/.local/lib/python3.6/site-packages/airflow/example_dags/example_subdag_operator.py
[2022-01-19 18:13:44,324] {logging_mixin.py:109} INFO - [2022-01-19 18:13:44,324] {dag.py:2396} INFO - Sync 3 DAGs
[2022-01-19 18:13:44,342] {logging_mixin.py:109} INFO - [2022-01-19 18:13:44,342] {dag.py:2935} INFO - Setting next_dagrun for example_subdag_operator to 2022-01-17T00:00:00+00:00
[2022-01-19 18:13:44,342] {logging_mixin.py:109} INFO - [2022-01-19 18:13:44,342] {dag.py:2935} INFO - Setting next_dagrun for example_subdag_operator.section-1 to None
[2022-01-19 18:13:44,342] {logging_mixin.py:109} INFO - [2022-01-19 18:13:44,342] {dag.py:2935} INFO - Setting next_dagrun for example_subdag_operator.section-2 to None
[2022-01-19 18:13:44,347] {logging_mixin.py:109} INFO - [2022-01-19 18:13:44,347] {dag.py:2396} INFO - Sync 2 DAGs
[2022-01-19 18:13:44,355] {logging_mixin.py:109} INFO - [2022-01-19 18:13:44,355] {dag.py:2935} INFO - Setting next_dagrun for example_subdag_operator.section-1 to None
[2022-01-19 18:13:44,355] {logging_mixin.py:109} INFO - [2022-01-19 18:13:44,355] {dag.py:2935} INFO - Setting next_dagrun for example_subdag_operator.section-2 to None
[2022-01-19 18:13:44,361] {processor.py:171} INFO - Processing /home/airflow/.local/lib/python3.6/site-packages/airflow/example_dags/example_subdag_operator.py took 0.086 seconds
[2022-01-19 18:14:15,032] {processor.py:163} INFO - Started process (PID=806) to work on /home/airflow/.local/lib/python3.6/site-packages/airflow/example_dags/example_subdag_operator.py
[2022-01-19 18:14:15,035] {processor.py:642} INFO - Processing file /home/airflow/.local/lib/python3.6/site-packages/airflow/example_dags/example_subdag_operator.py for tasks to queue
[2022-01-19 18:14:15,035] {logging_mixin.py:109} INFO - [2022-01-19 18:14:15,035] {dagbag.py:500} INFO - Filling up the DagBag from /home/airflow/.local/lib/python3.6/site-packages/airflow/example_dags/example_subdag_operator.py
[2022-01-19 18:14:15,077] {processor.py:654} INFO - DAG(s) dict_keys(['example_subdag_operator.section-1', 'example_subdag_operator.section-2', 'example_subdag_operator']) retrieved from /home/airflow/.local/lib/python3.6/site-packages/airflow/example_dags/example_subdag_operator.py
[2022-01-19 18:14:15,090] {logging_mixin.py:109} INFO - [2022-01-19 18:14:15,090] {dag.py:2396} INFO - Sync 3 DAGs
[2022-01-19 18:14:15,112] {logging_mixin.py:109} INFO - [2022-01-19 18:14:15,112] {dag.py:2935} INFO - Setting next_dagrun for example_subdag_operator to 2022-01-17T00:00:00+00:00
[2022-01-19 18:14:15,113] {logging_mixin.py:109} INFO - [2022-01-19 18:14:15,112] {dag.py:2935} INFO - Setting next_dagrun for example_subdag_operator.section-1 to None
[2022-01-19 18:14:15,113] {logging_mixin.py:109} INFO - [2022-01-19 18:14:15,113] {dag.py:2935} INFO - Setting next_dagrun for example_subdag_operator.section-2 to None
[2022-01-19 18:14:15,118] {logging_mixin.py:109} INFO - [2022-01-19 18:14:15,118] {dag.py:2396} INFO - Sync 2 DAGs
[2022-01-19 18:14:15,127] {logging_mixin.py:109} INFO - [2022-01-19 18:14:15,127] {dag.py:2935} INFO - Setting next_dagrun for example_subdag_operator.section-1 to None
[2022-01-19 18:14:15,128] {logging_mixin.py:109} INFO - [2022-01-19 18:14:15,128] {dag.py:2935} INFO - Setting next_dagrun for example_subdag_operator.section-2 to None
[2022-01-19 18:14:15,136] {processor.py:171} INFO - Processing /home/airflow/.local/lib/python3.6/site-packages/airflow/example_dags/example_subdag_operator.py took 0.106 seconds
[2022-01-19 18:14:45,460] {processor.py:163} INFO - Started process (PID=858) to work on /home/airflow/.local/lib/python3.6/site-packages/airflow/example_dags/example_subdag_operator.py
[2022-01-19 18:14:45,462] {processor.py:642} INFO - Processing file /home/airflow/.local/lib/python3.6/site-packages/airflow/example_dags/example_subdag_operator.py for tasks to queue
[2022-01-19 18:14:45,462] {logging_mixin.py:109} INFO - [2022-01-19 18:14:45,462] {dagbag.py:500} INFO - Filling up the DagBag from /home/airflow/.local/lib/python3.6/site-packages/airflow/example_dags/example_subdag_operator.py
[2022-01-19 18:14:45,492] {processor.py:654} INFO - DAG(s) dict_keys(['example_subdag_operator.section-1', 'example_subdag_operator.section-2', 'example_subdag_operator']) retrieved from /home/airflow/.local/lib/python3.6/site-packages/airflow/example_dags/example_subdag_operator.py
[2022-01-19 18:14:45,504] {logging_mixin.py:109} INFO - [2022-01-19 18:14:45,504] {dag.py:2396} INFO - Sync 3 DAGs
[2022-01-19 18:14:45,518] {logging_mixin.py:109} INFO - [2022-01-19 18:14:45,518] {dag.py:2935} INFO - Setting next_dagrun for example_subdag_operator to 2022-01-17T00:00:00+00:00
[2022-01-19 18:14:45,518] {logging_mixin.py:109} INFO - [2022-01-19 18:14:45,518] {dag.py:2935} INFO - Setting next_dagrun for example_subdag_operator.section-1 to None
[2022-01-19 18:14:45,518] {logging_mixin.py:109} INFO - [2022-01-19 18:14:45,518] {dag.py:2935} INFO - Setting next_dagrun for example_subdag_operator.section-2 to None
[2022-01-19 18:14:45,523] {logging_mixin.py:109} INFO - [2022-01-19 18:14:45,523] {dag.py:2396} INFO - Sync 2 DAGs
[2022-01-19 18:14:45,529] {logging_mixin.py:109} INFO - [2022-01-19 18:14:45,529] {dag.py:2935} INFO - Setting next_dagrun for example_subdag_operator.section-1 to None
[2022-01-19 18:14:45,529] {logging_mixin.py:109} INFO - [2022-01-19 18:14:45,529] {dag.py:2935} INFO - Setting next_dagrun for example_subdag_operator.section-2 to None
[2022-01-19 18:14:45,536] {processor.py:171} INFO - Processing /home/airflow/.local/lib/python3.6/site-packages/airflow/example_dags/example_subdag_operator.py took 0.078 seconds
[2022-01-19 18:15:15,945] {processor.py:163} INFO - Started process (PID=920) to work on /home/airflow/.local/lib/python3.6/site-packages/airflow/example_dags/example_subdag_operator.py
[2022-01-19 18:15:15,947] {processor.py:642} INFO - Processing file /home/airflow/.local/lib/python3.6/site-packages/airflow/example_dags/example_subdag_operator.py for tasks to queue
[2022-01-19 18:15:15,948] {logging_mixin.py:109} INFO - [2022-01-19 18:15:15,948] {dagbag.py:500} INFO - Filling up the DagBag from /home/airflow/.local/lib/python3.6/site-packages/airflow/example_dags/example_subdag_operator.py
[2022-01-19 18:15:15,991] {processor.py:654} INFO - DAG(s) dict_keys(['example_subdag_operator.section-1', 'example_subdag_operator.section-2', 'example_subdag_operator']) retrieved from /home/airflow/.local/lib/python3.6/site-packages/airflow/example_dags/example_subdag_operator.py
[2022-01-19 18:15:16,007] {logging_mixin.py:109} INFO - [2022-01-19 18:15:16,007] {dag.py:2396} INFO - Sync 3 DAGs
[2022-01-19 18:15:16,023] {logging_mixin.py:109} INFO - [2022-01-19 18:15:16,023] {dag.py:2935} INFO - Setting next_dagrun for example_subdag_operator to 2022-01-17T00:00:00+00:00
[2022-01-19 18:15:16,023] {logging_mixin.py:109} INFO - [2022-01-19 18:15:16,023] {dag.py:2935} INFO - Setting next_dagrun for example_subdag_operator.section-1 to None
[2022-01-19 18:15:16,023] {logging_mixin.py:109} INFO - [2022-01-19 18:15:16,023] {dag.py:2935} INFO - Setting next_dagrun for example_subdag_operator.section-2 to None
[2022-01-19 18:15:16,028] {logging_mixin.py:109} INFO - [2022-01-19 18:15:16,028] {dag.py:2396} INFO - Sync 2 DAGs
[2022-01-19 18:15:16,034] {logging_mixin.py:109} INFO - [2022-01-19 18:15:16,034] {dag.py:2935} INFO - Setting next_dagrun for example_subdag_operator.section-1 to None
[2022-01-19 18:15:16,034] {logging_mixin.py:109} INFO - [2022-01-19 18:15:16,034] {dag.py:2935} INFO - Setting next_dagrun for example_subdag_operator.section-2 to None
[2022-01-19 18:15:16,040] {processor.py:171} INFO - Processing /home/airflow/.local/lib/python3.6/site-packages/airflow/example_dags/example_subdag_operator.py took 0.097 seconds
[2022-01-19 18:15:46,425] {processor.py:163} INFO - Started process (PID=972) to work on /home/airflow/.local/lib/python3.6/site-packages/airflow/example_dags/example_subdag_operator.py
[2022-01-19 18:15:46,426] {processor.py:642} INFO - Processing file /home/airflow/.local/lib/python3.6/site-packages/airflow/example_dags/example_subdag_operator.py for tasks to queue
[2022-01-19 18:15:46,426] {logging_mixin.py:109} INFO - [2022-01-19 18:15:46,426] {dagbag.py:500} INFO - Filling up the DagBag from /home/airflow/.local/lib/python3.6/site-packages/airflow/example_dags/example_subdag_operator.py
[2022-01-19 18:15:46,451] {processor.py:654} INFO - DAG(s) dict_keys(['example_subdag_operator.section-1', 'example_subdag_operator.section-2', 'example_subdag_operator']) retrieved from /home/airflow/.local/lib/python3.6/site-packages/airflow/example_dags/example_subdag_operator.py
[2022-01-19 18:15:46,460] {logging_mixin.py:109} INFO - [2022-01-19 18:15:46,460] {dag.py:2396} INFO - Sync 3 DAGs
[2022-01-19 18:15:46,473] {logging_mixin.py:109} INFO - [2022-01-19 18:15:46,472] {dag.py:2935} INFO - Setting next_dagrun for example_subdag_operator to 2022-01-17T00:00:00+00:00
[2022-01-19 18:15:46,473] {logging_mixin.py:109} INFO - [2022-01-19 18:15:46,473] {dag.py:2935} INFO - Setting next_dagrun for example_subdag_operator.section-1 to None
[2022-01-19 18:15:46,473] {logging_mixin.py:109} INFO - [2022-01-19 18:15:46,473] {dag.py:2935} INFO - Setting next_dagrun for example_subdag_operator.section-2 to None
[2022-01-19 18:15:46,477] {logging_mixin.py:109} INFO - [2022-01-19 18:15:46,477] {dag.py:2396} INFO - Sync 2 DAGs
[2022-01-19 18:15:46,483] {logging_mixin.py:109} INFO - [2022-01-19 18:15:46,483] {dag.py:2935} INFO - Setting next_dagrun for example_subdag_operator.section-1 to None
[2022-01-19 18:15:46,483] {logging_mixin.py:109} INFO - [2022-01-19 18:15:46,483] {dag.py:2935} INFO - Setting next_dagrun for example_subdag_operator.section-2 to None
[2022-01-19 18:15:46,488] {processor.py:171} INFO - Processing /home/airflow/.local/lib/python3.6/site-packages/airflow/example_dags/example_subdag_operator.py took 0.065 seconds
[2022-01-19 18:16:16,791] {processor.py:163} INFO - Started process (PID=1035) to work on /home/airflow/.local/lib/python3.6/site-packages/airflow/example_dags/example_subdag_operator.py
[2022-01-19 18:16:16,792] {processor.py:642} INFO - Processing file /home/airflow/.local/lib/python3.6/site-packages/airflow/example_dags/example_subdag_operator.py for tasks to queue
[2022-01-19 18:16:16,793] {logging_mixin.py:109} INFO - [2022-01-19 18:16:16,793] {dagbag.py:500} INFO - Filling up the DagBag from /home/airflow/.local/lib/python3.6/site-packages/airflow/example_dags/example_subdag_operator.py
[2022-01-19 18:16:16,834] {processor.py:654} INFO - DAG(s) dict_keys(['example_subdag_operator.section-1', 'example_subdag_operator.section-2', 'example_subdag_operator']) retrieved from /home/airflow/.local/lib/python3.6/site-packages/airflow/example_dags/example_subdag_operator.py
[2022-01-19 18:16:16,849] {logging_mixin.py:109} INFO - [2022-01-19 18:16:16,849] {dag.py:2396} INFO - Sync 3 DAGs
[2022-01-19 18:16:16,872] {logging_mixin.py:109} INFO - [2022-01-19 18:16:16,872] {dag.py:2935} INFO - Setting next_dagrun for example_subdag_operator to 2022-01-17T00:00:00+00:00
[2022-01-19 18:16:16,872] {logging_mixin.py:109} INFO - [2022-01-19 18:16:16,872] {dag.py:2935} INFO - Setting next_dagrun for example_subdag_operator.section-1 to None
[2022-01-19 18:16:16,872] {logging_mixin.py:109} INFO - [2022-01-19 18:16:16,872] {dag.py:2935} INFO - Setting next_dagrun for example_subdag_operator.section-2 to None
[2022-01-19 18:16:16,880] {logging_mixin.py:109} INFO - [2022-01-19 18:16:16,880] {dag.py:2396} INFO - Sync 2 DAGs
[2022-01-19 18:16:16,891] {logging_mixin.py:109} INFO - [2022-01-19 18:16:16,891] {dag.py:2935} INFO - Setting next_dagrun for example_subdag_operator.section-1 to None
[2022-01-19 18:16:16,892] {logging_mixin.py:109} INFO - [2022-01-19 18:16:16,891] {dag.py:2935} INFO - Setting next_dagrun for example_subdag_operator.section-2 to None
[2022-01-19 18:16:16,901] {processor.py:171} INFO - Processing /home/airflow/.local/lib/python3.6/site-packages/airflow/example_dags/example_subdag_operator.py took 0.113 seconds
[2022-01-19 18:16:47,591] {processor.py:163} INFO - Started process (PID=1087) to work on /home/airflow/.local/lib/python3.6/site-packages/airflow/example_dags/example_subdag_operator.py
[2022-01-19 18:16:47,593] {processor.py:642} INFO - Processing file /home/airflow/.local/lib/python3.6/site-packages/airflow/example_dags/example_subdag_operator.py for tasks to queue
[2022-01-19 18:16:47,593] {logging_mixin.py:109} INFO - [2022-01-19 18:16:47,593] {dagbag.py:500} INFO - Filling up the DagBag from /home/airflow/.local/lib/python3.6/site-packages/airflow/example_dags/example_subdag_operator.py
[2022-01-19 18:16:47,617] {processor.py:654} INFO - DAG(s) dict_keys(['example_subdag_operator.section-1', 'example_subdag_operator.section-2', 'example_subdag_operator']) retrieved from /home/airflow/.local/lib/python3.6/site-packages/airflow/example_dags/example_subdag_operator.py
[2022-01-19 18:16:47,627] {logging_mixin.py:109} INFO - [2022-01-19 18:16:47,627] {dag.py:2396} INFO - Sync 3 DAGs
[2022-01-19 18:16:47,641] {logging_mixin.py:109} INFO - [2022-01-19 18:16:47,641] {dag.py:2935} INFO - Setting next_dagrun for example_subdag_operator to 2022-01-17T00:00:00+00:00
[2022-01-19 18:16:47,641] {logging_mixin.py:109} INFO - [2022-01-19 18:16:47,641] {dag.py:2935} INFO - Setting next_dagrun for example_subdag_operator.section-1 to None
[2022-01-19 18:16:47,641] {logging_mixin.py:109} INFO - [2022-01-19 18:16:47,641] {dag.py:2935} INFO - Setting next_dagrun for example_subdag_operator.section-2 to None
[2022-01-19 18:16:47,645] {logging_mixin.py:109} INFO - [2022-01-19 18:16:47,645] {dag.py:2396} INFO - Sync 2 DAGs
[2022-01-19 18:16:47,652] {logging_mixin.py:109} INFO - [2022-01-19 18:16:47,652] {dag.py:2935} INFO - Setting next_dagrun for example_subdag_operator.section-1 to None
[2022-01-19 18:16:47,652] {logging_mixin.py:109} INFO - [2022-01-19 18:16:47,652] {dag.py:2935} INFO - Setting next_dagrun for example_subdag_operator.section-2 to None
[2022-01-19 18:16:47,658] {processor.py:171} INFO - Processing /home/airflow/.local/lib/python3.6/site-packages/airflow/example_dags/example_subdag_operator.py took 0.069 seconds
[2022-01-19 18:17:18,022] {processor.py:163} INFO - Started process (PID=1147) to work on /home/airflow/.local/lib/python3.6/site-packages/airflow/example_dags/example_subdag_operator.py
[2022-01-19 18:17:18,023] {processor.py:642} INFO - Processing file /home/airflow/.local/lib/python3.6/site-packages/airflow/example_dags/example_subdag_operator.py for tasks to queue
[2022-01-19 18:17:18,023] {logging_mixin.py:109} INFO - [2022-01-19 18:17:18,023] {dagbag.py:500} INFO - Filling up the DagBag from /home/airflow/.local/lib/python3.6/site-packages/airflow/example_dags/example_subdag_operator.py
[2022-01-19 18:17:18,053] {processor.py:654} INFO - DAG(s) dict_keys(['example_subdag_operator.section-1', 'example_subdag_operator.section-2', 'example_subdag_operator']) retrieved from /home/airflow/.local/lib/python3.6/site-packages/airflow/example_dags/example_subdag_operator.py
[2022-01-19 18:17:18,065] {logging_mixin.py:109} INFO - [2022-01-19 18:17:18,065] {dag.py:2396} INFO - Sync 3 DAGs
[2022-01-19 18:17:18,083] {logging_mixin.py:109} INFO - [2022-01-19 18:17:18,083] {dag.py:2935} INFO - Setting next_dagrun for example_subdag_operator to 2022-01-17T00:00:00+00:00
[2022-01-19 18:17:18,083] {logging_mixin.py:109} INFO - [2022-01-19 18:17:18,083] {dag.py:2935} INFO - Setting next_dagrun for example_subdag_operator.section-1 to None
[2022-01-19 18:17:18,083] {logging_mixin.py:109} INFO - [2022-01-19 18:17:18,083] {dag.py:2935} INFO - Setting next_dagrun for example_subdag_operator.section-2 to None
[2022-01-19 18:17:18,089] {logging_mixin.py:109} INFO - [2022-01-19 18:17:18,089] {dag.py:2396} INFO - Sync 2 DAGs
[2022-01-19 18:17:18,097] {logging_mixin.py:109} INFO - [2022-01-19 18:17:18,096] {dag.py:2935} INFO - Setting next_dagrun for example_subdag_operator.section-1 to None
[2022-01-19 18:17:18,097] {logging_mixin.py:109} INFO - [2022-01-19 18:17:18,097] {dag.py:2935} INFO - Setting next_dagrun for example_subdag_operator.section-2 to None
[2022-01-19 18:17:18,103] {processor.py:171} INFO - Processing /home/airflow/.local/lib/python3.6/site-packages/airflow/example_dags/example_subdag_operator.py took 0.083 seconds
[2022-01-19 18:17:48,169] {processor.py:163} INFO - Started process (PID=1203) to work on /home/airflow/.local/lib/python3.6/site-packages/airflow/example_dags/example_subdag_operator.py
[2022-01-19 18:17:48,170] {processor.py:642} INFO - Processing file /home/airflow/.local/lib/python3.6/site-packages/airflow/example_dags/example_subdag_operator.py for tasks to queue
[2022-01-19 18:17:48,171] {logging_mixin.py:109} INFO - [2022-01-19 18:17:48,170] {dagbag.py:500} INFO - Filling up the DagBag from /home/airflow/.local/lib/python3.6/site-packages/airflow/example_dags/example_subdag_operator.py
[2022-01-19 18:17:48,196] {processor.py:654} INFO - DAG(s) dict_keys(['example_subdag_operator.section-1', 'example_subdag_operator.section-2', 'example_subdag_operator']) retrieved from /home/airflow/.local/lib/python3.6/site-packages/airflow/example_dags/example_subdag_operator.py
[2022-01-19 18:17:48,205] {logging_mixin.py:109} INFO - [2022-01-19 18:17:48,205] {dag.py:2396} INFO - Sync 3 DAGs
[2022-01-19 18:17:48,218] {logging_mixin.py:109} INFO - [2022-01-19 18:17:48,217] {dag.py:2935} INFO - Setting next_dagrun for example_subdag_operator to 2022-01-17T00:00:00+00:00
[2022-01-19 18:17:48,218] {logging_mixin.py:109} INFO - [2022-01-19 18:17:48,218] {dag.py:2935} INFO - Setting next_dagrun for example_subdag_operator.section-1 to None
[2022-01-19 18:17:48,218] {logging_mixin.py:109} INFO - [2022-01-19 18:17:48,218] {dag.py:2935} INFO - Setting next_dagrun for example_subdag_operator.section-2 to None
[2022-01-19 18:17:48,222] {logging_mixin.py:109} INFO - [2022-01-19 18:17:48,222] {dag.py:2396} INFO - Sync 2 DAGs
[2022-01-19 18:17:48,228] {logging_mixin.py:109} INFO - [2022-01-19 18:17:48,227] {dag.py:2935} INFO - Setting next_dagrun for example_subdag_operator.section-1 to None
[2022-01-19 18:17:48,228] {logging_mixin.py:109} INFO - [2022-01-19 18:17:48,228] {dag.py:2935} INFO - Setting next_dagrun for example_subdag_operator.section-2 to None
[2022-01-19 18:17:48,233] {processor.py:171} INFO - Processing /home/airflow/.local/lib/python3.6/site-packages/airflow/example_dags/example_subdag_operator.py took 0.066 seconds
[2022-01-19 18:18:18,883] {processor.py:163} INFO - Started process (PID=1255) to work on /home/airflow/.local/lib/python3.6/site-packages/airflow/example_dags/example_subdag_operator.py
[2022-01-19 18:18:18,884] {processor.py:642} INFO - Processing file /home/airflow/.local/lib/python3.6/site-packages/airflow/example_dags/example_subdag_operator.py for tasks to queue
[2022-01-19 18:18:18,885] {logging_mixin.py:109} INFO - [2022-01-19 18:18:18,885] {dagbag.py:500} INFO - Filling up the DagBag from /home/airflow/.local/lib/python3.6/site-packages/airflow/example_dags/example_subdag_operator.py
[2022-01-19 18:18:18,909] {processor.py:654} INFO - DAG(s) dict_keys(['example_subdag_operator.section-1', 'example_subdag_operator.section-2', 'example_subdag_operator']) retrieved from /home/airflow/.local/lib/python3.6/site-packages/airflow/example_dags/example_subdag_operator.py
[2022-01-19 18:18:18,918] {logging_mixin.py:109} INFO - [2022-01-19 18:18:18,918] {dag.py:2396} INFO - Sync 3 DAGs
[2022-01-19 18:18:18,931] {logging_mixin.py:109} INFO - [2022-01-19 18:18:18,931] {dag.py:2935} INFO - Setting next_dagrun for example_subdag_operator to 2022-01-17T00:00:00+00:00
[2022-01-19 18:18:18,931] {logging_mixin.py:109} INFO - [2022-01-19 18:18:18,931] {dag.py:2935} INFO - Setting next_dagrun for example_subdag_operator.section-1 to None
[2022-01-19 18:18:18,931] {logging_mixin.py:109} INFO - [2022-01-19 18:18:18,931] {dag.py:2935} INFO - Setting next_dagrun for example_subdag_operator.section-2 to None
[2022-01-19 18:18:18,935] {logging_mixin.py:109} INFO - [2022-01-19 18:18:18,935] {dag.py:2396} INFO - Sync 2 DAGs
[2022-01-19 18:18:18,941] {logging_mixin.py:109} INFO - [2022-01-19 18:18:18,941] {dag.py:2935} INFO - Setting next_dagrun for example_subdag_operator.section-1 to None
[2022-01-19 18:18:18,941] {logging_mixin.py:109} INFO - [2022-01-19 18:18:18,941] {dag.py:2935} INFO - Setting next_dagrun for example_subdag_operator.section-2 to None
[2022-01-19 18:18:18,946] {processor.py:171} INFO - Processing /home/airflow/.local/lib/python3.6/site-packages/airflow/example_dags/example_subdag_operator.py took 0.064 seconds
[2022-01-19 18:18:49,377] {processor.py:163} INFO - Started process (PID=1317) to work on /home/airflow/.local/lib/python3.6/site-packages/airflow/example_dags/example_subdag_operator.py
[2022-01-19 18:18:49,378] {processor.py:642} INFO - Processing file /home/airflow/.local/lib/python3.6/site-packages/airflow/example_dags/example_subdag_operator.py for tasks to queue
[2022-01-19 18:18:49,379] {logging_mixin.py:109} INFO - [2022-01-19 18:18:49,379] {dagbag.py:500} INFO - Filling up the DagBag from /home/airflow/.local/lib/python3.6/site-packages/airflow/example_dags/example_subdag_operator.py
[2022-01-19 18:18:49,403] {processor.py:654} INFO - DAG(s) dict_keys(['example_subdag_operator.section-1', 'example_subdag_operator.section-2', 'example_subdag_operator']) retrieved from /home/airflow/.local/lib/python3.6/site-packages/airflow/example_dags/example_subdag_operator.py
[2022-01-19 18:18:49,411] {logging_mixin.py:109} INFO - [2022-01-19 18:18:49,411] {dag.py:2396} INFO - Sync 3 DAGs
[2022-01-19 18:18:49,424] {logging_mixin.py:109} INFO - [2022-01-19 18:18:49,424] {dag.py:2935} INFO - Setting next_dagrun for example_subdag_operator to 2022-01-17T00:00:00+00:00
[2022-01-19 18:18:49,424] {logging_mixin.py:109} INFO - [2022-01-19 18:18:49,424] {dag.py:2935} INFO - Setting next_dagrun for example_subdag_operator.section-1 to None
[2022-01-19 18:18:49,424] {logging_mixin.py:109} INFO - [2022-01-19 18:18:49,424] {dag.py:2935} INFO - Setting next_dagrun for example_subdag_operator.section-2 to None
[2022-01-19 18:18:49,429] {logging_mixin.py:109} INFO - [2022-01-19 18:18:49,429] {dag.py:2396} INFO - Sync 2 DAGs
[2022-01-19 18:18:49,434] {logging_mixin.py:109} INFO - [2022-01-19 18:18:49,434] {dag.py:2935} INFO - Setting next_dagrun for example_subdag_operator.section-1 to None
[2022-01-19 18:18:49,435] {logging_mixin.py:109} INFO - [2022-01-19 18:18:49,434] {dag.py:2935} INFO - Setting next_dagrun for example_subdag_operator.section-2 to None
[2022-01-19 18:18:49,440] {processor.py:171} INFO - Processing /home/airflow/.local/lib/python3.6/site-packages/airflow/example_dags/example_subdag_operator.py took 0.065 seconds
[2022-01-19 18:19:19,946] {processor.py:163} INFO - Started process (PID=1369) to work on /home/airflow/.local/lib/python3.6/site-packages/airflow/example_dags/example_subdag_operator.py
[2022-01-19 18:19:19,947] {processor.py:642} INFO - Processing file /home/airflow/.local/lib/python3.6/site-packages/airflow/example_dags/example_subdag_operator.py for tasks to queue
[2022-01-19 18:19:19,948] {logging_mixin.py:109} INFO - [2022-01-19 18:19:19,948] {dagbag.py:500} INFO - Filling up the DagBag from /home/airflow/.local/lib/python3.6/site-packages/airflow/example_dags/example_subdag_operator.py
[2022-01-19 18:19:19,973] {processor.py:654} INFO - DAG(s) dict_keys(['example_subdag_operator.section-1', 'example_subdag_operator.section-2', 'example_subdag_operator']) retrieved from /home/airflow/.local/lib/python3.6/site-packages/airflow/example_dags/example_subdag_operator.py
[2022-01-19 18:19:19,982] {logging_mixin.py:109} INFO - [2022-01-19 18:19:19,982] {dag.py:2396} INFO - Sync 3 DAGs
[2022-01-19 18:19:19,997] {logging_mixin.py:109} INFO - [2022-01-19 18:19:19,997] {dag.py:2935} INFO - Setting next_dagrun for example_subdag_operator to 2022-01-17T00:00:00+00:00
[2022-01-19 18:19:19,997] {logging_mixin.py:109} INFO - [2022-01-19 18:19:19,997] {dag.py:2935} INFO - Setting next_dagrun for example_subdag_operator.section-1 to None
[2022-01-19 18:19:19,997] {logging_mixin.py:109} INFO - [2022-01-19 18:19:19,997] {dag.py:2935} INFO - Setting next_dagrun for example_subdag_operator.section-2 to None
[2022-01-19 18:19:20,002] {logging_mixin.py:109} INFO - [2022-01-19 18:19:20,002] {dag.py:2396} INFO - Sync 2 DAGs
[2022-01-19 18:19:20,008] {logging_mixin.py:109} INFO - [2022-01-19 18:19:20,008] {dag.py:2935} INFO - Setting next_dagrun for example_subdag_operator.section-1 to None
[2022-01-19 18:19:20,008] {logging_mixin.py:109} INFO - [2022-01-19 18:19:20,008] {dag.py:2935} INFO - Setting next_dagrun for example_subdag_operator.section-2 to None
[2022-01-19 18:19:20,015] {processor.py:171} INFO - Processing /home/airflow/.local/lib/python3.6/site-packages/airflow/example_dags/example_subdag_operator.py took 0.071 seconds
[2022-01-19 18:19:50,119] {processor.py:163} INFO - Started process (PID=1422) to work on /home/airflow/.local/lib/python3.6/site-packages/airflow/example_dags/example_subdag_operator.py
[2022-01-19 18:19:50,121] {processor.py:642} INFO - Processing file /home/airflow/.local/lib/python3.6/site-packages/airflow/example_dags/example_subdag_operator.py for tasks to queue
[2022-01-19 18:19:50,121] {logging_mixin.py:109} INFO - [2022-01-19 18:19:50,121] {dagbag.py:500} INFO - Filling up the DagBag from /home/airflow/.local/lib/python3.6/site-packages/airflow/example_dags/example_subdag_operator.py
[2022-01-19 18:19:50,152] {processor.py:654} INFO - DAG(s) dict_keys(['example_subdag_operator.section-1', 'example_subdag_operator.section-2', 'example_subdag_operator']) retrieved from /home/airflow/.local/lib/python3.6/site-packages/airflow/example_dags/example_subdag_operator.py
[2022-01-19 18:19:50,162] {logging_mixin.py:109} INFO - [2022-01-19 18:19:50,161] {dag.py:2396} INFO - Sync 3 DAGs
[2022-01-19 18:19:50,175] {logging_mixin.py:109} INFO - [2022-01-19 18:19:50,175] {dag.py:2935} INFO - Setting next_dagrun for example_subdag_operator to 2022-01-17T00:00:00+00:00
[2022-01-19 18:19:50,175] {logging_mixin.py:109} INFO - [2022-01-19 18:19:50,175] {dag.py:2935} INFO - Setting next_dagrun for example_subdag_operator.section-1 to None
[2022-01-19 18:19:50,176] {logging_mixin.py:109} INFO - [2022-01-19 18:19:50,176] {dag.py:2935} INFO - Setting next_dagrun for example_subdag_operator.section-2 to None
[2022-01-19 18:19:50,180] {logging_mixin.py:109} INFO - [2022-01-19 18:19:50,180] {dag.py:2396} INFO - Sync 2 DAGs
[2022-01-19 18:19:50,186] {logging_mixin.py:109} INFO - [2022-01-19 18:19:50,186] {dag.py:2935} INFO - Setting next_dagrun for example_subdag_operator.section-1 to None
[2022-01-19 18:19:50,186] {logging_mixin.py:109} INFO - [2022-01-19 18:19:50,186] {dag.py:2935} INFO - Setting next_dagrun for example_subdag_operator.section-2 to None
[2022-01-19 18:19:50,192] {processor.py:171} INFO - Processing /home/airflow/.local/lib/python3.6/site-packages/airflow/example_dags/example_subdag_operator.py took 0.077 seconds
[2022-01-19 18:20:20,789] {processor.py:163} INFO - Started process (PID=1484) to work on /home/airflow/.local/lib/python3.6/site-packages/airflow/example_dags/example_subdag_operator.py
[2022-01-19 18:20:20,791] {processor.py:642} INFO - Processing file /home/airflow/.local/lib/python3.6/site-packages/airflow/example_dags/example_subdag_operator.py for tasks to queue
[2022-01-19 18:20:20,792] {logging_mixin.py:109} INFO - [2022-01-19 18:20:20,792] {dagbag.py:500} INFO - Filling up the DagBag from /home/airflow/.local/lib/python3.6/site-packages/airflow/example_dags/example_subdag_operator.py
[2022-01-19 18:20:20,821] {processor.py:654} INFO - DAG(s) dict_keys(['example_subdag_operator.section-1', 'example_subdag_operator.section-2', 'example_subdag_operator']) retrieved from /home/airflow/.local/lib/python3.6/site-packages/airflow/example_dags/example_subdag_operator.py
[2022-01-19 18:20:20,832] {logging_mixin.py:109} INFO - [2022-01-19 18:20:20,832] {dag.py:2396} INFO - Sync 3 DAGs
[2022-01-19 18:20:20,846] {logging_mixin.py:109} INFO - [2022-01-19 18:20:20,846] {dag.py:2935} INFO - Setting next_dagrun for example_subdag_operator to 2022-01-17T00:00:00+00:00
[2022-01-19 18:20:20,847] {logging_mixin.py:109} INFO - [2022-01-19 18:20:20,847] {dag.py:2935} INFO - Setting next_dagrun for example_subdag_operator.section-1 to None
[2022-01-19 18:20:20,847] {logging_mixin.py:109} INFO - [2022-01-19 18:20:20,847] {dag.py:2935} INFO - Setting next_dagrun for example_subdag_operator.section-2 to None
[2022-01-19 18:20:20,852] {logging_mixin.py:109} INFO - [2022-01-19 18:20:20,851] {dag.py:2396} INFO - Sync 2 DAGs
[2022-01-19 18:20:20,858] {logging_mixin.py:109} INFO - [2022-01-19 18:20:20,858] {dag.py:2935} INFO - Setting next_dagrun for example_subdag_operator.section-1 to None
[2022-01-19 18:20:20,859] {logging_mixin.py:109} INFO - [2022-01-19 18:20:20,859] {dag.py:2935} INFO - Setting next_dagrun for example_subdag_operator.section-2 to None
[2022-01-19 18:20:20,864] {processor.py:171} INFO - Processing /home/airflow/.local/lib/python3.6/site-packages/airflow/example_dags/example_subdag_operator.py took 0.078 seconds
[2022-01-19 18:20:50,959] {processor.py:163} INFO - Started process (PID=1536) to work on /home/airflow/.local/lib/python3.6/site-packages/airflow/example_dags/example_subdag_operator.py
[2022-01-19 18:20:50,960] {processor.py:642} INFO - Processing file /home/airflow/.local/lib/python3.6/site-packages/airflow/example_dags/example_subdag_operator.py for tasks to queue
[2022-01-19 18:20:50,962] {logging_mixin.py:109} INFO - [2022-01-19 18:20:50,962] {dagbag.py:500} INFO - Filling up the DagBag from /home/airflow/.local/lib/python3.6/site-packages/airflow/example_dags/example_subdag_operator.py
[2022-01-19 18:20:50,996] {processor.py:654} INFO - DAG(s) dict_keys(['example_subdag_operator.section-1', 'example_subdag_operator.section-2', 'example_subdag_operator']) retrieved from /home/airflow/.local/lib/python3.6/site-packages/airflow/example_dags/example_subdag_operator.py
[2022-01-19 18:20:51,007] {logging_mixin.py:109} INFO - [2022-01-19 18:20:51,006] {dag.py:2396} INFO - Sync 3 DAGs
[2022-01-19 18:20:51,021] {logging_mixin.py:109} INFO - [2022-01-19 18:20:51,021] {dag.py:2935} INFO - Setting next_dagrun for example_subdag_operator to 2022-01-17T00:00:00+00:00
[2022-01-19 18:20:51,021] {logging_mixin.py:109} INFO - [2022-01-19 18:20:51,021] {dag.py:2935} INFO - Setting next_dagrun for example_subdag_operator.section-1 to None
[2022-01-19 18:20:51,021] {logging_mixin.py:109} INFO - [2022-01-19 18:20:51,021] {dag.py:2935} INFO - Setting next_dagrun for example_subdag_operator.section-2 to None
[2022-01-19 18:20:51,026] {logging_mixin.py:109} INFO - [2022-01-19 18:20:51,026] {dag.py:2396} INFO - Sync 2 DAGs
[2022-01-19 18:20:51,032] {logging_mixin.py:109} INFO - [2022-01-19 18:20:51,032] {dag.py:2935} INFO - Setting next_dagrun for example_subdag_operator.section-1 to None
[2022-01-19 18:20:51,032] {logging_mixin.py:109} INFO - [2022-01-19 18:20:51,032] {dag.py:2935} INFO - Setting next_dagrun for example_subdag_operator.section-2 to None
[2022-01-19 18:20:51,037] {processor.py:171} INFO - Processing /home/airflow/.local/lib/python3.6/site-packages/airflow/example_dags/example_subdag_operator.py took 0.082 seconds
[2022-01-19 18:21:21,093] {processor.py:163} INFO - Started process (PID=1598) to work on /home/airflow/.local/lib/python3.6/site-packages/airflow/example_dags/example_subdag_operator.py
[2022-01-19 18:21:21,094] {processor.py:642} INFO - Processing file /home/airflow/.local/lib/python3.6/site-packages/airflow/example_dags/example_subdag_operator.py for tasks to queue
[2022-01-19 18:21:21,094] {logging_mixin.py:109} INFO - [2022-01-19 18:21:21,094] {dagbag.py:500} INFO - Filling up the DagBag from /home/airflow/.local/lib/python3.6/site-packages/airflow/example_dags/example_subdag_operator.py
[2022-01-19 18:21:21,123] {processor.py:654} INFO - DAG(s) dict_keys(['example_subdag_operator.section-1', 'example_subdag_operator.section-2', 'example_subdag_operator']) retrieved from /home/airflow/.local/lib/python3.6/site-packages/airflow/example_dags/example_subdag_operator.py
[2022-01-19 18:21:21,136] {logging_mixin.py:109} INFO - [2022-01-19 18:21:21,135] {dag.py:2396} INFO - Sync 3 DAGs
[2022-01-19 18:21:21,156] {logging_mixin.py:109} INFO - [2022-01-19 18:21:21,156] {dag.py:2935} INFO - Setting next_dagrun for example_subdag_operator to 2022-01-17T00:00:00+00:00
[2022-01-19 18:21:21,156] {logging_mixin.py:109} INFO - [2022-01-19 18:21:21,156] {dag.py:2935} INFO - Setting next_dagrun for example_subdag_operator.section-1 to None
[2022-01-19 18:21:21,156] {logging_mixin.py:109} INFO - [2022-01-19 18:21:21,156] {dag.py:2935} INFO - Setting next_dagrun for example_subdag_operator.section-2 to None
[2022-01-19 18:21:21,162] {logging_mixin.py:109} INFO - [2022-01-19 18:21:21,161] {dag.py:2396} INFO - Sync 2 DAGs
[2022-01-19 18:21:21,173] {logging_mixin.py:109} INFO - [2022-01-19 18:21:21,173] {dag.py:2935} INFO - Setting next_dagrun for example_subdag_operator.section-1 to None
[2022-01-19 18:21:21,174] {logging_mixin.py:109} INFO - [2022-01-19 18:21:21,174] {dag.py:2935} INFO - Setting next_dagrun for example_subdag_operator.section-2 to None
[2022-01-19 18:21:21,181] {processor.py:171} INFO - Processing /home/airflow/.local/lib/python3.6/site-packages/airflow/example_dags/example_subdag_operator.py took 0.090 seconds
[2022-01-19 18:21:51,272] {processor.py:163} INFO - Started process (PID=1651) to work on /home/airflow/.local/lib/python3.6/site-packages/airflow/example_dags/example_subdag_operator.py
[2022-01-19 18:21:51,273] {processor.py:642} INFO - Processing file /home/airflow/.local/lib/python3.6/site-packages/airflow/example_dags/example_subdag_operator.py for tasks to queue
[2022-01-19 18:21:51,274] {logging_mixin.py:109} INFO - [2022-01-19 18:21:51,274] {dagbag.py:500} INFO - Filling up the DagBag from /home/airflow/.local/lib/python3.6/site-packages/airflow/example_dags/example_subdag_operator.py
[2022-01-19 18:21:51,319] {processor.py:654} INFO - DAG(s) dict_keys(['example_subdag_operator.section-1', 'example_subdag_operator.section-2', 'example_subdag_operator']) retrieved from /home/airflow/.local/lib/python3.6/site-packages/airflow/example_dags/example_subdag_operator.py
[2022-01-19 18:21:51,339] {logging_mixin.py:109} INFO - [2022-01-19 18:21:51,339] {dag.py:2396} INFO - Sync 3 DAGs
[2022-01-19 18:21:51,361] {logging_mixin.py:109} INFO - [2022-01-19 18:21:51,361] {dag.py:2935} INFO - Setting next_dagrun for example_subdag_operator to 2022-01-17T00:00:00+00:00
[2022-01-19 18:21:51,361] {logging_mixin.py:109} INFO - [2022-01-19 18:21:51,361] {dag.py:2935} INFO - Setting next_dagrun for example_subdag_operator.section-1 to None
[2022-01-19 18:21:51,361] {logging_mixin.py:109} INFO - [2022-01-19 18:21:51,361] {dag.py:2935} INFO - Setting next_dagrun for example_subdag_operator.section-2 to None
[2022-01-19 18:21:51,367] {logging_mixin.py:109} INFO - [2022-01-19 18:21:51,367] {dag.py:2396} INFO - Sync 2 DAGs
[2022-01-19 18:21:51,377] {logging_mixin.py:109} INFO - [2022-01-19 18:21:51,377] {dag.py:2935} INFO - Setting next_dagrun for example_subdag_operator.section-1 to None
[2022-01-19 18:21:51,377] {logging_mixin.py:109} INFO - [2022-01-19 18:21:51,377] {dag.py:2935} INFO - Setting next_dagrun for example_subdag_operator.section-2 to None
[2022-01-19 18:21:51,385] {processor.py:171} INFO - Processing /home/airflow/.local/lib/python3.6/site-packages/airflow/example_dags/example_subdag_operator.py took 0.119 seconds
[2022-01-19 18:22:21,429] {processor.py:163} INFO - Started process (PID=1704) to work on /home/airflow/.local/lib/python3.6/site-packages/airflow/example_dags/example_subdag_operator.py
[2022-01-19 18:22:21,431] {processor.py:642} INFO - Processing file /home/airflow/.local/lib/python3.6/site-packages/airflow/example_dags/example_subdag_operator.py for tasks to queue
[2022-01-19 18:22:21,432] {logging_mixin.py:109} INFO - [2022-01-19 18:22:21,432] {dagbag.py:500} INFO - Filling up the DagBag from /home/airflow/.local/lib/python3.6/site-packages/airflow/example_dags/example_subdag_operator.py
[2022-01-19 18:22:21,464] {processor.py:654} INFO - DAG(s) dict_keys(['example_subdag_operator.section-1', 'example_subdag_operator.section-2', 'example_subdag_operator']) retrieved from /home/airflow/.local/lib/python3.6/site-packages/airflow/example_dags/example_subdag_operator.py
[2022-01-19 18:22:21,474] {logging_mixin.py:109} INFO - [2022-01-19 18:22:21,474] {dag.py:2396} INFO - Sync 3 DAGs
[2022-01-19 18:22:21,494] {logging_mixin.py:109} INFO - [2022-01-19 18:22:21,494] {dag.py:2935} INFO - Setting next_dagrun for example_subdag_operator to 2022-01-17T00:00:00+00:00
[2022-01-19 18:22:21,494] {logging_mixin.py:109} INFO - [2022-01-19 18:22:21,494] {dag.py:2935} INFO - Setting next_dagrun for example_subdag_operator.section-1 to None
[2022-01-19 18:22:21,495] {logging_mixin.py:109} INFO - [2022-01-19 18:22:21,494] {dag.py:2935} INFO - Setting next_dagrun for example_subdag_operator.section-2 to None
[2022-01-19 18:22:21,500] {logging_mixin.py:109} INFO - [2022-01-19 18:22:21,500] {dag.py:2396} INFO - Sync 2 DAGs
[2022-01-19 18:22:21,511] {logging_mixin.py:109} INFO - [2022-01-19 18:22:21,511] {dag.py:2935} INFO - Setting next_dagrun for example_subdag_operator.section-1 to None
[2022-01-19 18:22:21,511] {logging_mixin.py:109} INFO - [2022-01-19 18:22:21,511] {dag.py:2935} INFO - Setting next_dagrun for example_subdag_operator.section-2 to None
[2022-01-19 18:22:21,519] {processor.py:171} INFO - Processing /home/airflow/.local/lib/python3.6/site-packages/airflow/example_dags/example_subdag_operator.py took 0.092 seconds
[2022-01-19 18:22:52,235] {processor.py:163} INFO - Started process (PID=1767) to work on /home/airflow/.local/lib/python3.6/site-packages/airflow/example_dags/example_subdag_operator.py
[2022-01-19 18:22:52,237] {processor.py:642} INFO - Processing file /home/airflow/.local/lib/python3.6/site-packages/airflow/example_dags/example_subdag_operator.py for tasks to queue
[2022-01-19 18:22:52,237] {logging_mixin.py:109} INFO - [2022-01-19 18:22:52,237] {dagbag.py:500} INFO - Filling up the DagBag from /home/airflow/.local/lib/python3.6/site-packages/airflow/example_dags/example_subdag_operator.py
[2022-01-19 18:22:52,264] {processor.py:654} INFO - DAG(s) dict_keys(['example_subdag_operator.section-1', 'example_subdag_operator.section-2', 'example_subdag_operator']) retrieved from /home/airflow/.local/lib/python3.6/site-packages/airflow/example_dags/example_subdag_operator.py
[2022-01-19 18:22:52,273] {logging_mixin.py:109} INFO - [2022-01-19 18:22:52,273] {dag.py:2396} INFO - Sync 3 DAGs
[2022-01-19 18:22:52,288] {logging_mixin.py:109} INFO - [2022-01-19 18:22:52,287] {dag.py:2935} INFO - Setting next_dagrun for example_subdag_operator to 2022-01-17T00:00:00+00:00
[2022-01-19 18:22:52,288] {logging_mixin.py:109} INFO - [2022-01-19 18:22:52,288] {dag.py:2935} INFO - Setting next_dagrun for example_subdag_operator.section-1 to None
[2022-01-19 18:22:52,288] {logging_mixin.py:109} INFO - [2022-01-19 18:22:52,288] {dag.py:2935} INFO - Setting next_dagrun for example_subdag_operator.section-2 to None
[2022-01-19 18:22:52,292] {logging_mixin.py:109} INFO - [2022-01-19 18:22:52,292] {dag.py:2396} INFO - Sync 2 DAGs
[2022-01-19 18:22:52,299] {logging_mixin.py:109} INFO - [2022-01-19 18:22:52,299] {dag.py:2935} INFO - Setting next_dagrun for example_subdag_operator.section-1 to None
[2022-01-19 18:22:52,299] {logging_mixin.py:109} INFO - [2022-01-19 18:22:52,299] {dag.py:2935} INFO - Setting next_dagrun for example_subdag_operator.section-2 to None
[2022-01-19 18:22:52,304] {processor.py:171} INFO - Processing /home/airflow/.local/lib/python3.6/site-packages/airflow/example_dags/example_subdag_operator.py took 0.070 seconds
[2022-01-19 18:23:22,329] {processor.py:163} INFO - Started process (PID=1820) to work on /home/airflow/.local/lib/python3.6/site-packages/airflow/example_dags/example_subdag_operator.py
[2022-01-19 18:23:22,331] {processor.py:642} INFO - Processing file /home/airflow/.local/lib/python3.6/site-packages/airflow/example_dags/example_subdag_operator.py for tasks to queue
[2022-01-19 18:23:22,331] {logging_mixin.py:109} INFO - [2022-01-19 18:23:22,331] {dagbag.py:500} INFO - Filling up the DagBag from /home/airflow/.local/lib/python3.6/site-packages/airflow/example_dags/example_subdag_operator.py
[2022-01-19 18:23:22,378] {processor.py:654} INFO - DAG(s) dict_keys(['example_subdag_operator.section-1', 'example_subdag_operator.section-2', 'example_subdag_operator']) retrieved from /home/airflow/.local/lib/python3.6/site-packages/airflow/example_dags/example_subdag_operator.py
[2022-01-19 18:23:22,402] {logging_mixin.py:109} INFO - [2022-01-19 18:23:22,401] {dag.py:2396} INFO - Sync 3 DAGs
[2022-01-19 18:23:22,428] {logging_mixin.py:109} INFO - [2022-01-19 18:23:22,428] {dag.py:2935} INFO - Setting next_dagrun for example_subdag_operator to 2022-01-17T00:00:00+00:00
[2022-01-19 18:23:22,429] {logging_mixin.py:109} INFO - [2022-01-19 18:23:22,429] {dag.py:2935} INFO - Setting next_dagrun for example_subdag_operator.section-1 to None
[2022-01-19 18:23:22,429] {logging_mixin.py:109} INFO - [2022-01-19 18:23:22,429] {dag.py:2935} INFO - Setting next_dagrun for example_subdag_operator.section-2 to None
[2022-01-19 18:23:22,436] {logging_mixin.py:109} INFO - [2022-01-19 18:23:22,436] {dag.py:2396} INFO - Sync 2 DAGs
[2022-01-19 18:23:22,446] {logging_mixin.py:109} INFO - [2022-01-19 18:23:22,446] {dag.py:2935} INFO - Setting next_dagrun for example_subdag_operator.section-1 to None
[2022-01-19 18:23:22,446] {logging_mixin.py:109} INFO - [2022-01-19 18:23:22,446] {dag.py:2935} INFO - Setting next_dagrun for example_subdag_operator.section-2 to None
[2022-01-19 18:23:22,454] {processor.py:171} INFO - Processing /home/airflow/.local/lib/python3.6/site-packages/airflow/example_dags/example_subdag_operator.py took 0.130 seconds
[2022-01-19 18:23:52,633] {processor.py:163} INFO - Started process (PID=1872) to work on /home/airflow/.local/lib/python3.6/site-packages/airflow/example_dags/example_subdag_operator.py
[2022-01-19 18:23:52,634] {processor.py:642} INFO - Processing file /home/airflow/.local/lib/python3.6/site-packages/airflow/example_dags/example_subdag_operator.py for tasks to queue
[2022-01-19 18:23:52,635] {logging_mixin.py:109} INFO - [2022-01-19 18:23:52,634] {dagbag.py:500} INFO - Filling up the DagBag from /home/airflow/.local/lib/python3.6/site-packages/airflow/example_dags/example_subdag_operator.py
[2022-01-19 18:23:52,666] {processor.py:654} INFO - DAG(s) dict_keys(['example_subdag_operator.section-1', 'example_subdag_operator.section-2', 'example_subdag_operator']) retrieved from /home/airflow/.local/lib/python3.6/site-packages/airflow/example_dags/example_subdag_operator.py
[2022-01-19 18:23:52,677] {logging_mixin.py:109} INFO - [2022-01-19 18:23:52,677] {dag.py:2396} INFO - Sync 3 DAGs
[2022-01-19 18:23:52,693] {logging_mixin.py:109} INFO - [2022-01-19 18:23:52,693] {dag.py:2935} INFO - Setting next_dagrun for example_subdag_operator to 2022-01-17T00:00:00+00:00
[2022-01-19 18:23:52,693] {logging_mixin.py:109} INFO - [2022-01-19 18:23:52,693] {dag.py:2935} INFO - Setting next_dagrun for example_subdag_operator.section-1 to None
[2022-01-19 18:23:52,693] {logging_mixin.py:109} INFO - [2022-01-19 18:23:52,693] {dag.py:2935} INFO - Setting next_dagrun for example_subdag_operator.section-2 to None
[2022-01-19 18:23:52,699] {logging_mixin.py:109} INFO - [2022-01-19 18:23:52,698] {dag.py:2396} INFO - Sync 2 DAGs
[2022-01-19 18:23:52,706] {logging_mixin.py:109} INFO - [2022-01-19 18:23:52,706] {dag.py:2935} INFO - Setting next_dagrun for example_subdag_operator.section-1 to None
[2022-01-19 18:23:52,707] {logging_mixin.py:109} INFO - [2022-01-19 18:23:52,707] {dag.py:2935} INFO - Setting next_dagrun for example_subdag_operator.section-2 to None
[2022-01-19 18:23:52,712] {processor.py:171} INFO - Processing /home/airflow/.local/lib/python3.6/site-packages/airflow/example_dags/example_subdag_operator.py took 0.081 seconds
[2022-01-19 18:24:22,837] {processor.py:163} INFO - Started process (PID=1936) to work on /home/airflow/.local/lib/python3.6/site-packages/airflow/example_dags/example_subdag_operator.py
[2022-01-19 18:24:22,838] {processor.py:642} INFO - Processing file /home/airflow/.local/lib/python3.6/site-packages/airflow/example_dags/example_subdag_operator.py for tasks to queue
[2022-01-19 18:24:22,838] {logging_mixin.py:109} INFO - [2022-01-19 18:24:22,838] {dagbag.py:500} INFO - Filling up the DagBag from /home/airflow/.local/lib/python3.6/site-packages/airflow/example_dags/example_subdag_operator.py
[2022-01-19 18:24:22,876] {processor.py:654} INFO - DAG(s) dict_keys(['example_subdag_operator.section-1', 'example_subdag_operator.section-2', 'example_subdag_operator']) retrieved from /home/airflow/.local/lib/python3.6/site-packages/airflow/example_dags/example_subdag_operator.py
[2022-01-19 18:24:22,892] {logging_mixin.py:109} INFO - [2022-01-19 18:24:22,892] {dag.py:2396} INFO - Sync 3 DAGs
[2022-01-19 18:24:22,916] {logging_mixin.py:109} INFO - [2022-01-19 18:24:22,916] {dag.py:2935} INFO - Setting next_dagrun for example_subdag_operator to 2022-01-17T00:00:00+00:00
[2022-01-19 18:24:22,917] {logging_mixin.py:109} INFO - [2022-01-19 18:24:22,917] {dag.py:2935} INFO - Setting next_dagrun for example_subdag_operator.section-1 to None
[2022-01-19 18:24:22,917] {logging_mixin.py:109} INFO - [2022-01-19 18:24:22,917] {dag.py:2935} INFO - Setting next_dagrun for example_subdag_operator.section-2 to None
[2022-01-19 18:24:22,924] {logging_mixin.py:109} INFO - [2022-01-19 18:24:22,924] {dag.py:2396} INFO - Sync 2 DAGs
[2022-01-19 18:24:22,936] {logging_mixin.py:109} INFO - [2022-01-19 18:24:22,936] {dag.py:2935} INFO - Setting next_dagrun for example_subdag_operator.section-1 to None
[2022-01-19 18:24:22,936] {logging_mixin.py:109} INFO - [2022-01-19 18:24:22,936] {dag.py:2935} INFO - Setting next_dagrun for example_subdag_operator.section-2 to None
[2022-01-19 18:24:22,946] {processor.py:171} INFO - Processing /home/airflow/.local/lib/python3.6/site-packages/airflow/example_dags/example_subdag_operator.py took 0.112 seconds
[2022-01-19 18:24:53,273] {processor.py:163} INFO - Started process (PID=1988) to work on /home/airflow/.local/lib/python3.6/site-packages/airflow/example_dags/example_subdag_operator.py
[2022-01-19 18:24:53,274] {processor.py:642} INFO - Processing file /home/airflow/.local/lib/python3.6/site-packages/airflow/example_dags/example_subdag_operator.py for tasks to queue
[2022-01-19 18:24:53,274] {logging_mixin.py:109} INFO - [2022-01-19 18:24:53,274] {dagbag.py:500} INFO - Filling up the DagBag from /home/airflow/.local/lib/python3.6/site-packages/airflow/example_dags/example_subdag_operator.py
[2022-01-19 18:24:53,304] {processor.py:654} INFO - DAG(s) dict_keys(['example_subdag_operator.section-1', 'example_subdag_operator.section-2', 'example_subdag_operator']) retrieved from /home/airflow/.local/lib/python3.6/site-packages/airflow/example_dags/example_subdag_operator.py
[2022-01-19 18:24:53,317] {logging_mixin.py:109} INFO - [2022-01-19 18:24:53,317] {dag.py:2396} INFO - Sync 3 DAGs
[2022-01-19 18:24:53,334] {logging_mixin.py:109} INFO - [2022-01-19 18:24:53,334] {dag.py:2935} INFO - Setting next_dagrun for example_subdag_operator to 2022-01-17T00:00:00+00:00
[2022-01-19 18:24:53,334] {logging_mixin.py:109} INFO - [2022-01-19 18:24:53,334] {dag.py:2935} INFO - Setting next_dagrun for example_subdag_operator.section-1 to None
[2022-01-19 18:24:53,334] {logging_mixin.py:109} INFO - [2022-01-19 18:24:53,334] {dag.py:2935} INFO - Setting next_dagrun for example_subdag_operator.section-2 to None
[2022-01-19 18:24:53,339] {logging_mixin.py:109} INFO - [2022-01-19 18:24:53,339] {dag.py:2396} INFO - Sync 2 DAGs
[2022-01-19 18:24:53,346] {logging_mixin.py:109} INFO - [2022-01-19 18:24:53,346] {dag.py:2935} INFO - Setting next_dagrun for example_subdag_operator.section-1 to None
[2022-01-19 18:24:53,346] {logging_mixin.py:109} INFO - [2022-01-19 18:24:53,346] {dag.py:2935} INFO - Setting next_dagrun for example_subdag_operator.section-2 to None
[2022-01-19 18:24:53,352] {processor.py:171} INFO - Processing /home/airflow/.local/lib/python3.6/site-packages/airflow/example_dags/example_subdag_operator.py took 0.082 seconds
[2022-01-19 18:25:23,974] {processor.py:163} INFO - Started process (PID=2040) to work on /home/airflow/.local/lib/python3.6/site-packages/airflow/example_dags/example_subdag_operator.py
[2022-01-19 18:25:23,975] {processor.py:642} INFO - Processing file /home/airflow/.local/lib/python3.6/site-packages/airflow/example_dags/example_subdag_operator.py for tasks to queue
[2022-01-19 18:25:23,976] {logging_mixin.py:109} INFO - [2022-01-19 18:25:23,976] {dagbag.py:500} INFO - Filling up the DagBag from /home/airflow/.local/lib/python3.6/site-packages/airflow/example_dags/example_subdag_operator.py
[2022-01-19 18:25:24,020] {processor.py:654} INFO - DAG(s) dict_keys(['example_subdag_operator.section-1', 'example_subdag_operator.section-2', 'example_subdag_operator']) retrieved from /home/airflow/.local/lib/python3.6/site-packages/airflow/example_dags/example_subdag_operator.py
[2022-01-19 18:25:24,038] {logging_mixin.py:109} INFO - [2022-01-19 18:25:24,037] {dag.py:2396} INFO - Sync 3 DAGs
[2022-01-19 18:25:24,052] {logging_mixin.py:109} INFO - [2022-01-19 18:25:24,052] {dag.py:2935} INFO - Setting next_dagrun for example_subdag_operator to 2022-01-17T00:00:00+00:00
[2022-01-19 18:25:24,052] {logging_mixin.py:109} INFO - [2022-01-19 18:25:24,052] {dag.py:2935} INFO - Setting next_dagrun for example_subdag_operator.section-1 to None
[2022-01-19 18:25:24,052] {logging_mixin.py:109} INFO - [2022-01-19 18:25:24,052] {dag.py:2935} INFO - Setting next_dagrun for example_subdag_operator.section-2 to None
[2022-01-19 18:25:24,058] {logging_mixin.py:109} INFO - [2022-01-19 18:25:24,057] {dag.py:2396} INFO - Sync 2 DAGs
[2022-01-19 18:25:24,065] {logging_mixin.py:109} INFO - [2022-01-19 18:25:24,065] {dag.py:2935} INFO - Setting next_dagrun for example_subdag_operator.section-1 to None
[2022-01-19 18:25:24,065] {logging_mixin.py:109} INFO - [2022-01-19 18:25:24,065] {dag.py:2935} INFO - Setting next_dagrun for example_subdag_operator.section-2 to None
[2022-01-19 18:25:24,071] {processor.py:171} INFO - Processing /home/airflow/.local/lib/python3.6/site-packages/airflow/example_dags/example_subdag_operator.py took 0.099 seconds
[2022-01-19 18:25:54,601] {processor.py:163} INFO - Started process (PID=2104) to work on /home/airflow/.local/lib/python3.6/site-packages/airflow/example_dags/example_subdag_operator.py
[2022-01-19 18:25:54,603] {processor.py:642} INFO - Processing file /home/airflow/.local/lib/python3.6/site-packages/airflow/example_dags/example_subdag_operator.py for tasks to queue
[2022-01-19 18:25:54,603] {logging_mixin.py:109} INFO - [2022-01-19 18:25:54,603] {dagbag.py:500} INFO - Filling up the DagBag from /home/airflow/.local/lib/python3.6/site-packages/airflow/example_dags/example_subdag_operator.py
[2022-01-19 18:25:54,630] {processor.py:654} INFO - DAG(s) dict_keys(['example_subdag_operator.section-1', 'example_subdag_operator.section-2', 'example_subdag_operator']) retrieved from /home/airflow/.local/lib/python3.6/site-packages/airflow/example_dags/example_subdag_operator.py
[2022-01-19 18:25:54,642] {logging_mixin.py:109} INFO - [2022-01-19 18:25:54,642] {dag.py:2396} INFO - Sync 3 DAGs
[2022-01-19 18:25:54,658] {logging_mixin.py:109} INFO - [2022-01-19 18:25:54,658] {dag.py:2935} INFO - Setting next_dagrun for example_subdag_operator to 2022-01-17T00:00:00+00:00
[2022-01-19 18:25:54,659] {logging_mixin.py:109} INFO - [2022-01-19 18:25:54,659] {dag.py:2935} INFO - Setting next_dagrun for example_subdag_operator.section-1 to None
[2022-01-19 18:25:54,659] {logging_mixin.py:109} INFO - [2022-01-19 18:25:54,659] {dag.py:2935} INFO - Setting next_dagrun for example_subdag_operator.section-2 to None
[2022-01-19 18:25:54,664] {logging_mixin.py:109} INFO - [2022-01-19 18:25:54,664] {dag.py:2396} INFO - Sync 2 DAGs
[2022-01-19 18:25:54,672] {logging_mixin.py:109} INFO - [2022-01-19 18:25:54,672] {dag.py:2935} INFO - Setting next_dagrun for example_subdag_operator.section-1 to None
[2022-01-19 18:25:54,672] {logging_mixin.py:109} INFO - [2022-01-19 18:25:54,672] {dag.py:2935} INFO - Setting next_dagrun for example_subdag_operator.section-2 to None
[2022-01-19 18:25:54,678] {processor.py:171} INFO - Processing /home/airflow/.local/lib/python3.6/site-packages/airflow/example_dags/example_subdag_operator.py took 0.080 seconds
[2022-01-19 18:26:25,318] {processor.py:163} INFO - Started process (PID=2157) to work on /home/airflow/.local/lib/python3.6/site-packages/airflow/example_dags/example_subdag_operator.py
[2022-01-19 18:26:25,319] {processor.py:642} INFO - Processing file /home/airflow/.local/lib/python3.6/site-packages/airflow/example_dags/example_subdag_operator.py for tasks to queue
[2022-01-19 18:26:25,319] {logging_mixin.py:109} INFO - [2022-01-19 18:26:25,319] {dagbag.py:500} INFO - Filling up the DagBag from /home/airflow/.local/lib/python3.6/site-packages/airflow/example_dags/example_subdag_operator.py
[2022-01-19 18:26:25,343] {processor.py:654} INFO - DAG(s) dict_keys(['example_subdag_operator.section-1', 'example_subdag_operator.section-2', 'example_subdag_operator']) retrieved from /home/airflow/.local/lib/python3.6/site-packages/airflow/example_dags/example_subdag_operator.py
[2022-01-19 18:26:25,352] {logging_mixin.py:109} INFO - [2022-01-19 18:26:25,352] {dag.py:2396} INFO - Sync 3 DAGs
[2022-01-19 18:26:25,365] {logging_mixin.py:109} INFO - [2022-01-19 18:26:25,365] {dag.py:2935} INFO - Setting next_dagrun for example_subdag_operator to 2022-01-17T00:00:00+00:00
[2022-01-19 18:26:25,365] {logging_mixin.py:109} INFO - [2022-01-19 18:26:25,365] {dag.py:2935} INFO - Setting next_dagrun for example_subdag_operator.section-1 to None
[2022-01-19 18:26:25,365] {logging_mixin.py:109} INFO - [2022-01-19 18:26:25,365] {dag.py:2935} INFO - Setting next_dagrun for example_subdag_operator.section-2 to None
[2022-01-19 18:26:25,369] {logging_mixin.py:109} INFO - [2022-01-19 18:26:25,369] {dag.py:2396} INFO - Sync 2 DAGs
[2022-01-19 18:26:25,375] {logging_mixin.py:109} INFO - [2022-01-19 18:26:25,375] {dag.py:2935} INFO - Setting next_dagrun for example_subdag_operator.section-1 to None
[2022-01-19 18:26:25,376] {logging_mixin.py:109} INFO - [2022-01-19 18:26:25,376] {dag.py:2935} INFO - Setting next_dagrun for example_subdag_operator.section-2 to None
[2022-01-19 18:26:25,380] {processor.py:171} INFO - Processing /home/airflow/.local/lib/python3.6/site-packages/airflow/example_dags/example_subdag_operator.py took 0.064 seconds
[2022-01-19 18:26:55,924] {processor.py:163} INFO - Started process (PID=2220) to work on /home/airflow/.local/lib/python3.6/site-packages/airflow/example_dags/example_subdag_operator.py
[2022-01-19 18:26:55,925] {processor.py:642} INFO - Processing file /home/airflow/.local/lib/python3.6/site-packages/airflow/example_dags/example_subdag_operator.py for tasks to queue
[2022-01-19 18:26:55,925] {logging_mixin.py:109} INFO - [2022-01-19 18:26:55,925] {dagbag.py:500} INFO - Filling up the DagBag from /home/airflow/.local/lib/python3.6/site-packages/airflow/example_dags/example_subdag_operator.py
[2022-01-19 18:26:55,950] {processor.py:654} INFO - DAG(s) dict_keys(['example_subdag_operator.section-1', 'example_subdag_operator.section-2', 'example_subdag_operator']) retrieved from /home/airflow/.local/lib/python3.6/site-packages/airflow/example_dags/example_subdag_operator.py
[2022-01-19 18:26:55,959] {logging_mixin.py:109} INFO - [2022-01-19 18:26:55,959] {dag.py:2396} INFO - Sync 3 DAGs
[2022-01-19 18:26:55,971] {logging_mixin.py:109} INFO - [2022-01-19 18:26:55,971] {dag.py:2935} INFO - Setting next_dagrun for example_subdag_operator to 2022-01-17T00:00:00+00:00
[2022-01-19 18:26:55,971] {logging_mixin.py:109} INFO - [2022-01-19 18:26:55,971] {dag.py:2935} INFO - Setting next_dagrun for example_subdag_operator.section-1 to None
[2022-01-19 18:26:55,972] {logging_mixin.py:109} INFO - [2022-01-19 18:26:55,972] {dag.py:2935} INFO - Setting next_dagrun for example_subdag_operator.section-2 to None
[2022-01-19 18:26:55,976] {logging_mixin.py:109} INFO - [2022-01-19 18:26:55,976] {dag.py:2396} INFO - Sync 2 DAGs
[2022-01-19 18:26:55,982] {logging_mixin.py:109} INFO - [2022-01-19 18:26:55,982] {dag.py:2935} INFO - Setting next_dagrun for example_subdag_operator.section-1 to None
[2022-01-19 18:26:55,982] {logging_mixin.py:109} INFO - [2022-01-19 18:26:55,982] {dag.py:2935} INFO - Setting next_dagrun for example_subdag_operator.section-2 to None
[2022-01-19 18:26:55,988] {processor.py:171} INFO - Processing /home/airflow/.local/lib/python3.6/site-packages/airflow/example_dags/example_subdag_operator.py took 0.066 seconds
[2022-01-19 18:27:26,196] {processor.py:163} INFO - Started process (PID=2272) to work on /home/airflow/.local/lib/python3.6/site-packages/airflow/example_dags/example_subdag_operator.py
[2022-01-19 18:27:26,197] {processor.py:642} INFO - Processing file /home/airflow/.local/lib/python3.6/site-packages/airflow/example_dags/example_subdag_operator.py for tasks to queue
[2022-01-19 18:27:26,197] {logging_mixin.py:109} INFO - [2022-01-19 18:27:26,197] {dagbag.py:500} INFO - Filling up the DagBag from /home/airflow/.local/lib/python3.6/site-packages/airflow/example_dags/example_subdag_operator.py
[2022-01-19 18:27:26,228] {processor.py:654} INFO - DAG(s) dict_keys(['example_subdag_operator.section-1', 'example_subdag_operator.section-2', 'example_subdag_operator']) retrieved from /home/airflow/.local/lib/python3.6/site-packages/airflow/example_dags/example_subdag_operator.py
[2022-01-19 18:27:26,240] {logging_mixin.py:109} INFO - [2022-01-19 18:27:26,240] {dag.py:2396} INFO - Sync 3 DAGs
[2022-01-19 18:27:26,263] {logging_mixin.py:109} INFO - [2022-01-19 18:27:26,263] {dag.py:2935} INFO - Setting next_dagrun for example_subdag_operator to 2022-01-17T00:00:00+00:00
[2022-01-19 18:27:26,263] {logging_mixin.py:109} INFO - [2022-01-19 18:27:26,263] {dag.py:2935} INFO - Setting next_dagrun for example_subdag_operator.section-1 to None
[2022-01-19 18:27:26,263] {logging_mixin.py:109} INFO - [2022-01-19 18:27:26,263] {dag.py:2935} INFO - Setting next_dagrun for example_subdag_operator.section-2 to None
[2022-01-19 18:27:26,269] {logging_mixin.py:109} INFO - [2022-01-19 18:27:26,269] {dag.py:2396} INFO - Sync 2 DAGs
[2022-01-19 18:27:26,279] {logging_mixin.py:109} INFO - [2022-01-19 18:27:26,278] {dag.py:2935} INFO - Setting next_dagrun for example_subdag_operator.section-1 to None
[2022-01-19 18:27:26,279] {logging_mixin.py:109} INFO - [2022-01-19 18:27:26,279] {dag.py:2935} INFO - Setting next_dagrun for example_subdag_operator.section-2 to None
[2022-01-19 18:27:26,286] {processor.py:171} INFO - Processing /home/airflow/.local/lib/python3.6/site-packages/airflow/example_dags/example_subdag_operator.py took 0.093 seconds
[2022-01-19 18:27:56,999] {processor.py:163} INFO - Started process (PID=2336) to work on /home/airflow/.local/lib/python3.6/site-packages/airflow/example_dags/example_subdag_operator.py
[2022-01-19 18:27:57,001] {processor.py:642} INFO - Processing file /home/airflow/.local/lib/python3.6/site-packages/airflow/example_dags/example_subdag_operator.py for tasks to queue
[2022-01-19 18:27:57,002] {logging_mixin.py:109} INFO - [2022-01-19 18:27:57,002] {dagbag.py:500} INFO - Filling up the DagBag from /home/airflow/.local/lib/python3.6/site-packages/airflow/example_dags/example_subdag_operator.py
[2022-01-19 18:27:57,070] {processor.py:654} INFO - DAG(s) dict_keys(['example_subdag_operator.section-1', 'example_subdag_operator.section-2', 'example_subdag_operator']) retrieved from /home/airflow/.local/lib/python3.6/site-packages/airflow/example_dags/example_subdag_operator.py
[2022-01-19 18:27:57,087] {logging_mixin.py:109} INFO - [2022-01-19 18:27:57,087] {dag.py:2396} INFO - Sync 3 DAGs
[2022-01-19 18:27:57,116] {logging_mixin.py:109} INFO - [2022-01-19 18:27:57,116] {dag.py:2935} INFO - Setting next_dagrun for example_subdag_operator to 2022-01-17T00:00:00+00:00
[2022-01-19 18:27:57,117] {logging_mixin.py:109} INFO - [2022-01-19 18:27:57,117] {dag.py:2935} INFO - Setting next_dagrun for example_subdag_operator.section-1 to None
[2022-01-19 18:27:57,117] {logging_mixin.py:109} INFO - [2022-01-19 18:27:57,117] {dag.py:2935} INFO - Setting next_dagrun for example_subdag_operator.section-2 to None
[2022-01-19 18:27:57,126] {logging_mixin.py:109} INFO - [2022-01-19 18:27:57,126] {dag.py:2396} INFO - Sync 2 DAGs
[2022-01-19 18:27:57,139] {logging_mixin.py:109} INFO - [2022-01-19 18:27:57,139] {dag.py:2935} INFO - Setting next_dagrun for example_subdag_operator.section-1 to None
[2022-01-19 18:27:57,140] {logging_mixin.py:109} INFO - [2022-01-19 18:27:57,140] {dag.py:2935} INFO - Setting next_dagrun for example_subdag_operator.section-2 to None
[2022-01-19 18:27:57,149] {processor.py:171} INFO - Processing /home/airflow/.local/lib/python3.6/site-packages/airflow/example_dags/example_subdag_operator.py took 0.154 seconds
[2022-01-19 18:28:27,727] {processor.py:163} INFO - Started process (PID=2390) to work on /home/airflow/.local/lib/python3.6/site-packages/airflow/example_dags/example_subdag_operator.py
[2022-01-19 18:28:27,728] {processor.py:642} INFO - Processing file /home/airflow/.local/lib/python3.6/site-packages/airflow/example_dags/example_subdag_operator.py for tasks to queue
[2022-01-19 18:28:27,728] {logging_mixin.py:109} INFO - [2022-01-19 18:28:27,728] {dagbag.py:500} INFO - Filling up the DagBag from /home/airflow/.local/lib/python3.6/site-packages/airflow/example_dags/example_subdag_operator.py
[2022-01-19 18:28:27,752] {processor.py:654} INFO - DAG(s) dict_keys(['example_subdag_operator.section-1', 'example_subdag_operator.section-2', 'example_subdag_operator']) retrieved from /home/airflow/.local/lib/python3.6/site-packages/airflow/example_dags/example_subdag_operator.py
[2022-01-19 18:28:27,761] {logging_mixin.py:109} INFO - [2022-01-19 18:28:27,761] {dag.py:2396} INFO - Sync 3 DAGs
[2022-01-19 18:28:27,774] {logging_mixin.py:109} INFO - [2022-01-19 18:28:27,774] {dag.py:2935} INFO - Setting next_dagrun for example_subdag_operator to 2022-01-17T00:00:00+00:00
[2022-01-19 18:28:27,774] {logging_mixin.py:109} INFO - [2022-01-19 18:28:27,774] {dag.py:2935} INFO - Setting next_dagrun for example_subdag_operator.section-1 to None
[2022-01-19 18:28:27,775] {logging_mixin.py:109} INFO - [2022-01-19 18:28:27,775] {dag.py:2935} INFO - Setting next_dagrun for example_subdag_operator.section-2 to None
[2022-01-19 18:28:27,779] {logging_mixin.py:109} INFO - [2022-01-19 18:28:27,779] {dag.py:2396} INFO - Sync 2 DAGs
[2022-01-19 18:28:27,784] {logging_mixin.py:109} INFO - [2022-01-19 18:28:27,784] {dag.py:2935} INFO - Setting next_dagrun for example_subdag_operator.section-1 to None
[2022-01-19 18:28:27,785] {logging_mixin.py:109} INFO - [2022-01-19 18:28:27,785] {dag.py:2935} INFO - Setting next_dagrun for example_subdag_operator.section-2 to None
[2022-01-19 18:28:27,790] {processor.py:171} INFO - Processing /home/airflow/.local/lib/python3.6/site-packages/airflow/example_dags/example_subdag_operator.py took 0.064 seconds
[2022-01-19 18:28:57,852] {processor.py:163} INFO - Started process (PID=2443) to work on /home/airflow/.local/lib/python3.6/site-packages/airflow/example_dags/example_subdag_operator.py
[2022-01-19 18:28:57,852] {processor.py:642} INFO - Processing file /home/airflow/.local/lib/python3.6/site-packages/airflow/example_dags/example_subdag_operator.py for tasks to queue
[2022-01-19 18:28:57,853] {logging_mixin.py:109} INFO - [2022-01-19 18:28:57,853] {dagbag.py:500} INFO - Filling up the DagBag from /home/airflow/.local/lib/python3.6/site-packages/airflow/example_dags/example_subdag_operator.py
[2022-01-19 18:28:57,880] {processor.py:654} INFO - DAG(s) dict_keys(['example_subdag_operator.section-1', 'example_subdag_operator.section-2', 'example_subdag_operator']) retrieved from /home/airflow/.local/lib/python3.6/site-packages/airflow/example_dags/example_subdag_operator.py
[2022-01-19 18:28:57,891] {logging_mixin.py:109} INFO - [2022-01-19 18:28:57,891] {dag.py:2396} INFO - Sync 3 DAGs
[2022-01-19 18:28:57,905] {logging_mixin.py:109} INFO - [2022-01-19 18:28:57,905] {dag.py:2935} INFO - Setting next_dagrun for example_subdag_operator to 2022-01-17T00:00:00+00:00
[2022-01-19 18:28:57,906] {logging_mixin.py:109} INFO - [2022-01-19 18:28:57,905] {dag.py:2935} INFO - Setting next_dagrun for example_subdag_operator.section-1 to None
[2022-01-19 18:28:57,906] {logging_mixin.py:109} INFO - [2022-01-19 18:28:57,906] {dag.py:2935} INFO - Setting next_dagrun for example_subdag_operator.section-2 to None
[2022-01-19 18:28:57,910] {logging_mixin.py:109} INFO - [2022-01-19 18:28:57,910] {dag.py:2396} INFO - Sync 2 DAGs
[2022-01-19 18:28:57,916] {logging_mixin.py:109} INFO - [2022-01-19 18:28:57,916] {dag.py:2935} INFO - Setting next_dagrun for example_subdag_operator.section-1 to None
[2022-01-19 18:28:57,916] {logging_mixin.py:109} INFO - [2022-01-19 18:28:57,916] {dag.py:2935} INFO - Setting next_dagrun for example_subdag_operator.section-2 to None
[2022-01-19 18:28:57,922] {processor.py:171} INFO - Processing /home/airflow/.local/lib/python3.6/site-packages/airflow/example_dags/example_subdag_operator.py took 0.073 seconds
[2022-01-19 18:29:28,571] {processor.py:163} INFO - Started process (PID=2506) to work on /home/airflow/.local/lib/python3.6/site-packages/airflow/example_dags/example_subdag_operator.py
[2022-01-19 18:29:28,572] {processor.py:642} INFO - Processing file /home/airflow/.local/lib/python3.6/site-packages/airflow/example_dags/example_subdag_operator.py for tasks to queue
[2022-01-19 18:29:28,573] {logging_mixin.py:109} INFO - [2022-01-19 18:29:28,573] {dagbag.py:500} INFO - Filling up the DagBag from /home/airflow/.local/lib/python3.6/site-packages/airflow/example_dags/example_subdag_operator.py
[2022-01-19 18:29:28,601] {processor.py:654} INFO - DAG(s) dict_keys(['example_subdag_operator.section-1', 'example_subdag_operator.section-2', 'example_subdag_operator']) retrieved from /home/airflow/.local/lib/python3.6/site-packages/airflow/example_dags/example_subdag_operator.py
[2022-01-19 18:29:28,613] {logging_mixin.py:109} INFO - [2022-01-19 18:29:28,612] {dag.py:2396} INFO - Sync 3 DAGs
[2022-01-19 18:29:28,628] {logging_mixin.py:109} INFO - [2022-01-19 18:29:28,628] {dag.py:2935} INFO - Setting next_dagrun for example_subdag_operator to 2022-01-17T00:00:00+00:00
[2022-01-19 18:29:28,628] {logging_mixin.py:109} INFO - [2022-01-19 18:29:28,628] {dag.py:2935} INFO - Setting next_dagrun for example_subdag_operator.section-1 to None
[2022-01-19 18:29:28,628] {logging_mixin.py:109} INFO - [2022-01-19 18:29:28,628] {dag.py:2935} INFO - Setting next_dagrun for example_subdag_operator.section-2 to None
[2022-01-19 18:29:28,633] {logging_mixin.py:109} INFO - [2022-01-19 18:29:28,633] {dag.py:2396} INFO - Sync 2 DAGs
[2022-01-19 18:29:28,641] {logging_mixin.py:109} INFO - [2022-01-19 18:29:28,641] {dag.py:2935} INFO - Setting next_dagrun for example_subdag_operator.section-1 to None
[2022-01-19 18:29:28,641] {logging_mixin.py:109} INFO - [2022-01-19 18:29:28,641] {dag.py:2935} INFO - Setting next_dagrun for example_subdag_operator.section-2 to None
[2022-01-19 18:29:28,648] {processor.py:171} INFO - Processing /home/airflow/.local/lib/python3.6/site-packages/airflow/example_dags/example_subdag_operator.py took 0.079 seconds
[2022-01-19 18:29:59,423] {processor.py:163} INFO - Started process (PID=2559) to work on /home/airflow/.local/lib/python3.6/site-packages/airflow/example_dags/example_subdag_operator.py
[2022-01-19 18:29:59,424] {processor.py:642} INFO - Processing file /home/airflow/.local/lib/python3.6/site-packages/airflow/example_dags/example_subdag_operator.py for tasks to queue
[2022-01-19 18:29:59,425] {logging_mixin.py:109} INFO - [2022-01-19 18:29:59,425] {dagbag.py:500} INFO - Filling up the DagBag from /home/airflow/.local/lib/python3.6/site-packages/airflow/example_dags/example_subdag_operator.py
[2022-01-19 18:29:59,464] {processor.py:654} INFO - DAG(s) dict_keys(['example_subdag_operator.section-1', 'example_subdag_operator.section-2', 'example_subdag_operator']) retrieved from /home/airflow/.local/lib/python3.6/site-packages/airflow/example_dags/example_subdag_operator.py
[2022-01-19 18:29:59,475] {logging_mixin.py:109} INFO - [2022-01-19 18:29:59,475] {dag.py:2396} INFO - Sync 3 DAGs
[2022-01-19 18:29:59,491] {logging_mixin.py:109} INFO - [2022-01-19 18:29:59,491] {dag.py:2935} INFO - Setting next_dagrun for example_subdag_operator to 2022-01-17T00:00:00+00:00
[2022-01-19 18:29:59,491] {logging_mixin.py:109} INFO - [2022-01-19 18:29:59,491] {dag.py:2935} INFO - Setting next_dagrun for example_subdag_operator.section-1 to None
[2022-01-19 18:29:59,491] {logging_mixin.py:109} INFO - [2022-01-19 18:29:59,491] {dag.py:2935} INFO - Setting next_dagrun for example_subdag_operator.section-2 to None
[2022-01-19 18:29:59,497] {logging_mixin.py:109} INFO - [2022-01-19 18:29:59,497] {dag.py:2396} INFO - Sync 2 DAGs
[2022-01-19 18:29:59,504] {logging_mixin.py:109} INFO - [2022-01-19 18:29:59,504] {dag.py:2935} INFO - Setting next_dagrun for example_subdag_operator.section-1 to None
[2022-01-19 18:29:59,504] {logging_mixin.py:109} INFO - [2022-01-19 18:29:59,504] {dag.py:2935} INFO - Setting next_dagrun for example_subdag_operator.section-2 to None
[2022-01-19 18:29:59,510] {processor.py:171} INFO - Processing /home/airflow/.local/lib/python3.6/site-packages/airflow/example_dags/example_subdag_operator.py took 0.090 seconds
[2022-01-19 18:30:30,114] {processor.py:163} INFO - Started process (PID=2622) to work on /home/airflow/.local/lib/python3.6/site-packages/airflow/example_dags/example_subdag_operator.py
[2022-01-19 18:30:30,117] {processor.py:642} INFO - Processing file /home/airflow/.local/lib/python3.6/site-packages/airflow/example_dags/example_subdag_operator.py for tasks to queue
[2022-01-19 18:30:30,117] {logging_mixin.py:109} INFO - [2022-01-19 18:30:30,117] {dagbag.py:500} INFO - Filling up the DagBag from /home/airflow/.local/lib/python3.6/site-packages/airflow/example_dags/example_subdag_operator.py
[2022-01-19 18:30:30,144] {processor.py:654} INFO - DAG(s) dict_keys(['example_subdag_operator.section-1', 'example_subdag_operator.section-2', 'example_subdag_operator']) retrieved from /home/airflow/.local/lib/python3.6/site-packages/airflow/example_dags/example_subdag_operator.py
[2022-01-19 18:30:30,154] {logging_mixin.py:109} INFO - [2022-01-19 18:30:30,154] {dag.py:2396} INFO - Sync 3 DAGs
[2022-01-19 18:30:30,168] {logging_mixin.py:109} INFO - [2022-01-19 18:30:30,167] {dag.py:2935} INFO - Setting next_dagrun for example_subdag_operator to 2022-01-17T00:00:00+00:00
[2022-01-19 18:30:30,168] {logging_mixin.py:109} INFO - [2022-01-19 18:30:30,168] {dag.py:2935} INFO - Setting next_dagrun for example_subdag_operator.section-1 to None
[2022-01-19 18:30:30,168] {logging_mixin.py:109} INFO - [2022-01-19 18:30:30,168] {dag.py:2935} INFO - Setting next_dagrun for example_subdag_operator.section-2 to None
[2022-01-19 18:30:30,172] {logging_mixin.py:109} INFO - [2022-01-19 18:30:30,172] {dag.py:2396} INFO - Sync 2 DAGs
[2022-01-19 18:30:30,178] {logging_mixin.py:109} INFO - [2022-01-19 18:30:30,178] {dag.py:2935} INFO - Setting next_dagrun for example_subdag_operator.section-1 to None
[2022-01-19 18:30:30,178] {logging_mixin.py:109} INFO - [2022-01-19 18:30:30,178] {dag.py:2935} INFO - Setting next_dagrun for example_subdag_operator.section-2 to None
[2022-01-19 18:30:30,183] {processor.py:171} INFO - Processing /home/airflow/.local/lib/python3.6/site-packages/airflow/example_dags/example_subdag_operator.py took 0.071 seconds
[2022-01-19 18:31:00,686] {processor.py:163} INFO - Started process (PID=2674) to work on /home/airflow/.local/lib/python3.6/site-packages/airflow/example_dags/example_subdag_operator.py
[2022-01-19 18:31:00,688] {processor.py:642} INFO - Processing file /home/airflow/.local/lib/python3.6/site-packages/airflow/example_dags/example_subdag_operator.py for tasks to queue
[2022-01-19 18:31:00,688] {logging_mixin.py:109} INFO - [2022-01-19 18:31:00,688] {dagbag.py:500} INFO - Filling up the DagBag from /home/airflow/.local/lib/python3.6/site-packages/airflow/example_dags/example_subdag_operator.py
[2022-01-19 18:31:00,721] {processor.py:654} INFO - DAG(s) dict_keys(['example_subdag_operator.section-1', 'example_subdag_operator.section-2', 'example_subdag_operator']) retrieved from /home/airflow/.local/lib/python3.6/site-packages/airflow/example_dags/example_subdag_operator.py
[2022-01-19 18:31:00,732] {logging_mixin.py:109} INFO - [2022-01-19 18:31:00,732] {dag.py:2396} INFO - Sync 3 DAGs
[2022-01-19 18:31:00,746] {logging_mixin.py:109} INFO - [2022-01-19 18:31:00,746] {dag.py:2935} INFO - Setting next_dagrun for example_subdag_operator to 2022-01-17T00:00:00+00:00
[2022-01-19 18:31:00,746] {logging_mixin.py:109} INFO - [2022-01-19 18:31:00,746] {dag.py:2935} INFO - Setting next_dagrun for example_subdag_operator.section-1 to None
[2022-01-19 18:31:00,747] {logging_mixin.py:109} INFO - [2022-01-19 18:31:00,747] {dag.py:2935} INFO - Setting next_dagrun for example_subdag_operator.section-2 to None
[2022-01-19 18:31:00,751] {logging_mixin.py:109} INFO - [2022-01-19 18:31:00,751] {dag.py:2396} INFO - Sync 2 DAGs
[2022-01-19 18:31:00,758] {logging_mixin.py:109} INFO - [2022-01-19 18:31:00,757] {dag.py:2935} INFO - Setting next_dagrun for example_subdag_operator.section-1 to None
[2022-01-19 18:31:00,758] {logging_mixin.py:109} INFO - [2022-01-19 18:31:00,758] {dag.py:2935} INFO - Setting next_dagrun for example_subdag_operator.section-2 to None
[2022-01-19 18:31:00,764] {processor.py:171} INFO - Processing /home/airflow/.local/lib/python3.6/site-packages/airflow/example_dags/example_subdag_operator.py took 0.080 seconds
