[2022-01-19 18:10:15,999] {processor.py:163} INFO - Started process (PID=335) to work on /home/airflow/.local/lib/python3.6/site-packages/airflow/example_dags/example_complex.py
[2022-01-19 18:10:16,000] {processor.py:642} INFO - Processing file /home/airflow/.local/lib/python3.6/site-packages/airflow/example_dags/example_complex.py for tasks to queue
[2022-01-19 18:10:16,001] {logging_mixin.py:109} INFO - [2022-01-19 18:10:16,001] {dagbag.py:500} INFO - Filling up the DagBag from /home/airflow/.local/lib/python3.6/site-packages/airflow/example_dags/example_complex.py
[2022-01-19 18:10:16,037] {processor.py:654} INFO - DAG(s) dict_keys(['example_complex']) retrieved from /home/airflow/.local/lib/python3.6/site-packages/airflow/example_dags/example_complex.py
[2022-01-19 18:10:18,315] {logging_mixin.py:109} INFO - [2022-01-19 18:10:18,315] {manager.py:496} INFO - Created Permission View: can read on DAG:example_complex
[2022-01-19 18:10:18,328] {logging_mixin.py:109} INFO - [2022-01-19 18:10:18,328] {manager.py:496} INFO - Created Permission View: can edit on DAG:example_complex
[2022-01-19 18:10:18,330] {logging_mixin.py:109} INFO - [2022-01-19 18:10:18,328] {dag.py:2396} INFO - Sync 1 DAGs
[2022-01-19 18:10:18,350] {logging_mixin.py:109} INFO - [2022-01-19 18:10:18,347] {dag.py:2415} INFO - Creating ORM DAG for example_complex
[2022-01-19 18:10:18,362] {logging_mixin.py:109} INFO - [2022-01-19 18:10:18,362] {dag.py:2935} INFO - Setting next_dagrun for example_complex to None
[2022-01-19 18:10:18,382] {processor.py:171} INFO - Processing /home/airflow/.local/lib/python3.6/site-packages/airflow/example_dags/example_complex.py took 2.385 seconds
[2022-01-19 18:10:49,411] {processor.py:163} INFO - Started process (PID=416) to work on /home/airflow/.local/lib/python3.6/site-packages/airflow/example_dags/example_complex.py
[2022-01-19 18:10:49,412] {processor.py:642} INFO - Processing file /home/airflow/.local/lib/python3.6/site-packages/airflow/example_dags/example_complex.py for tasks to queue
[2022-01-19 18:10:49,413] {logging_mixin.py:109} INFO - [2022-01-19 18:10:49,413] {dagbag.py:500} INFO - Filling up the DagBag from /home/airflow/.local/lib/python3.6/site-packages/airflow/example_dags/example_complex.py
[2022-01-19 18:10:49,446] {processor.py:654} INFO - DAG(s) dict_keys(['example_complex']) retrieved from /home/airflow/.local/lib/python3.6/site-packages/airflow/example_dags/example_complex.py
[2022-01-19 18:10:49,467] {logging_mixin.py:109} INFO - [2022-01-19 18:10:49,467] {dag.py:2396} INFO - Sync 1 DAGs
[2022-01-19 18:10:49,484] {logging_mixin.py:109} INFO - [2022-01-19 18:10:49,484] {dag.py:2935} INFO - Setting next_dagrun for example_complex to None
[2022-01-19 18:10:49,493] {processor.py:171} INFO - Processing /home/airflow/.local/lib/python3.6/site-packages/airflow/example_dags/example_complex.py took 0.085 seconds
[2022-01-19 18:11:19,818] {processor.py:163} INFO - Started process (PID=469) to work on /home/airflow/.local/lib/python3.6/site-packages/airflow/example_dags/example_complex.py
[2022-01-19 18:11:19,819] {processor.py:642} INFO - Processing file /home/airflow/.local/lib/python3.6/site-packages/airflow/example_dags/example_complex.py for tasks to queue
[2022-01-19 18:11:19,820] {logging_mixin.py:109} INFO - [2022-01-19 18:11:19,820] {dagbag.py:500} INFO - Filling up the DagBag from /home/airflow/.local/lib/python3.6/site-packages/airflow/example_dags/example_complex.py
[2022-01-19 18:11:19,854] {processor.py:654} INFO - DAG(s) dict_keys(['example_complex']) retrieved from /home/airflow/.local/lib/python3.6/site-packages/airflow/example_dags/example_complex.py
[2022-01-19 18:11:19,875] {logging_mixin.py:109} INFO - [2022-01-19 18:11:19,875] {dag.py:2396} INFO - Sync 1 DAGs
[2022-01-19 18:11:19,895] {logging_mixin.py:109} INFO - [2022-01-19 18:11:19,895] {dag.py:2935} INFO - Setting next_dagrun for example_complex to None
[2022-01-19 18:11:19,905] {processor.py:171} INFO - Processing /home/airflow/.local/lib/python3.6/site-packages/airflow/example_dags/example_complex.py took 0.090 seconds
[2022-01-19 18:11:51,040] {processor.py:163} INFO - Started process (PID=531) to work on /home/airflow/.local/lib/python3.6/site-packages/airflow/example_dags/example_complex.py
[2022-01-19 18:11:51,041] {processor.py:642} INFO - Processing file /home/airflow/.local/lib/python3.6/site-packages/airflow/example_dags/example_complex.py for tasks to queue
[2022-01-19 18:11:51,041] {logging_mixin.py:109} INFO - [2022-01-19 18:11:51,041] {dagbag.py:500} INFO - Filling up the DagBag from /home/airflow/.local/lib/python3.6/site-packages/airflow/example_dags/example_complex.py
[2022-01-19 18:11:51,075] {processor.py:654} INFO - DAG(s) dict_keys(['example_complex']) retrieved from /home/airflow/.local/lib/python3.6/site-packages/airflow/example_dags/example_complex.py
[2022-01-19 18:11:51,090] {logging_mixin.py:109} INFO - [2022-01-19 18:11:51,090] {dag.py:2396} INFO - Sync 1 DAGs
[2022-01-19 18:11:51,106] {logging_mixin.py:109} INFO - [2022-01-19 18:11:51,106] {dag.py:2935} INFO - Setting next_dagrun for example_complex to None
[2022-01-19 18:11:51,113] {processor.py:171} INFO - Processing /home/airflow/.local/lib/python3.6/site-packages/airflow/example_dags/example_complex.py took 0.076 seconds
[2022-01-19 18:12:21,372] {processor.py:163} INFO - Started process (PID=585) to work on /home/airflow/.local/lib/python3.6/site-packages/airflow/example_dags/example_complex.py
[2022-01-19 18:12:21,373] {processor.py:642} INFO - Processing file /home/airflow/.local/lib/python3.6/site-packages/airflow/example_dags/example_complex.py for tasks to queue
[2022-01-19 18:12:21,374] {logging_mixin.py:109} INFO - [2022-01-19 18:12:21,374] {dagbag.py:500} INFO - Filling up the DagBag from /home/airflow/.local/lib/python3.6/site-packages/airflow/example_dags/example_complex.py
[2022-01-19 18:12:21,405] {processor.py:654} INFO - DAG(s) dict_keys(['example_complex']) retrieved from /home/airflow/.local/lib/python3.6/site-packages/airflow/example_dags/example_complex.py
[2022-01-19 18:12:21,420] {logging_mixin.py:109} INFO - [2022-01-19 18:12:21,420] {dag.py:2396} INFO - Sync 1 DAGs
[2022-01-19 18:12:21,437] {logging_mixin.py:109} INFO - [2022-01-19 18:12:21,437] {dag.py:2935} INFO - Setting next_dagrun for example_complex to None
[2022-01-19 18:12:21,445] {processor.py:171} INFO - Processing /home/airflow/.local/lib/python3.6/site-packages/airflow/example_dags/example_complex.py took 0.075 seconds
[2022-01-19 18:12:51,942] {processor.py:163} INFO - Started process (PID=637) to work on /home/airflow/.local/lib/python3.6/site-packages/airflow/example_dags/example_complex.py
[2022-01-19 18:12:51,943] {processor.py:642} INFO - Processing file /home/airflow/.local/lib/python3.6/site-packages/airflow/example_dags/example_complex.py for tasks to queue
[2022-01-19 18:12:51,944] {logging_mixin.py:109} INFO - [2022-01-19 18:12:51,944] {dagbag.py:500} INFO - Filling up the DagBag from /home/airflow/.local/lib/python3.6/site-packages/airflow/example_dags/example_complex.py
[2022-01-19 18:12:51,994] {processor.py:654} INFO - DAG(s) dict_keys(['example_complex']) retrieved from /home/airflow/.local/lib/python3.6/site-packages/airflow/example_dags/example_complex.py
[2022-01-19 18:12:52,011] {logging_mixin.py:109} INFO - [2022-01-19 18:12:52,010] {dag.py:2396} INFO - Sync 1 DAGs
[2022-01-19 18:12:52,026] {logging_mixin.py:109} INFO - [2022-01-19 18:12:52,025] {dag.py:2935} INFO - Setting next_dagrun for example_complex to None
[2022-01-19 18:12:52,032] {processor.py:171} INFO - Processing /home/airflow/.local/lib/python3.6/site-packages/airflow/example_dags/example_complex.py took 0.094 seconds
[2022-01-19 18:13:22,452] {processor.py:163} INFO - Started process (PID=716) to work on /home/airflow/.local/lib/python3.6/site-packages/airflow/example_dags/example_complex.py
[2022-01-19 18:13:22,453] {processor.py:642} INFO - Processing file /home/airflow/.local/lib/python3.6/site-packages/airflow/example_dags/example_complex.py for tasks to queue
[2022-01-19 18:13:22,454] {logging_mixin.py:109} INFO - [2022-01-19 18:13:22,453] {dagbag.py:500} INFO - Filling up the DagBag from /home/airflow/.local/lib/python3.6/site-packages/airflow/example_dags/example_complex.py
[2022-01-19 18:13:22,487] {processor.py:654} INFO - DAG(s) dict_keys(['example_complex']) retrieved from /home/airflow/.local/lib/python3.6/site-packages/airflow/example_dags/example_complex.py
[2022-01-19 18:13:22,504] {logging_mixin.py:109} INFO - [2022-01-19 18:13:22,504] {dag.py:2396} INFO - Sync 1 DAGs
[2022-01-19 18:13:22,521] {logging_mixin.py:109} INFO - [2022-01-19 18:13:22,521] {dag.py:2935} INFO - Setting next_dagrun for example_complex to None
[2022-01-19 18:13:22,533] {processor.py:171} INFO - Processing /home/airflow/.local/lib/python3.6/site-packages/airflow/example_dags/example_complex.py took 0.084 seconds
[2022-01-19 18:13:53,067] {processor.py:163} INFO - Started process (PID=770) to work on /home/airflow/.local/lib/python3.6/site-packages/airflow/example_dags/example_complex.py
[2022-01-19 18:13:53,068] {processor.py:642} INFO - Processing file /home/airflow/.local/lib/python3.6/site-packages/airflow/example_dags/example_complex.py for tasks to queue
[2022-01-19 18:13:53,068] {logging_mixin.py:109} INFO - [2022-01-19 18:13:53,068] {dagbag.py:500} INFO - Filling up the DagBag from /home/airflow/.local/lib/python3.6/site-packages/airflow/example_dags/example_complex.py
[2022-01-19 18:13:53,102] {processor.py:654} INFO - DAG(s) dict_keys(['example_complex']) retrieved from /home/airflow/.local/lib/python3.6/site-packages/airflow/example_dags/example_complex.py
[2022-01-19 18:13:53,117] {logging_mixin.py:109} INFO - [2022-01-19 18:13:53,117] {dag.py:2396} INFO - Sync 1 DAGs
[2022-01-19 18:13:53,132] {logging_mixin.py:109} INFO - [2022-01-19 18:13:53,132] {dag.py:2935} INFO - Setting next_dagrun for example_complex to None
[2022-01-19 18:13:53,139] {processor.py:171} INFO - Processing /home/airflow/.local/lib/python3.6/site-packages/airflow/example_dags/example_complex.py took 0.075 seconds
[2022-01-19 18:14:23,698] {processor.py:163} INFO - Started process (PID=832) to work on /home/airflow/.local/lib/python3.6/site-packages/airflow/example_dags/example_complex.py
[2022-01-19 18:14:23,698] {processor.py:642} INFO - Processing file /home/airflow/.local/lib/python3.6/site-packages/airflow/example_dags/example_complex.py for tasks to queue
[2022-01-19 18:14:23,699] {logging_mixin.py:109} INFO - [2022-01-19 18:14:23,699] {dagbag.py:500} INFO - Filling up the DagBag from /home/airflow/.local/lib/python3.6/site-packages/airflow/example_dags/example_complex.py
[2022-01-19 18:14:23,731] {processor.py:654} INFO - DAG(s) dict_keys(['example_complex']) retrieved from /home/airflow/.local/lib/python3.6/site-packages/airflow/example_dags/example_complex.py
[2022-01-19 18:14:23,746] {logging_mixin.py:109} INFO - [2022-01-19 18:14:23,746] {dag.py:2396} INFO - Sync 1 DAGs
[2022-01-19 18:14:23,762] {logging_mixin.py:109} INFO - [2022-01-19 18:14:23,761] {dag.py:2935} INFO - Setting next_dagrun for example_complex to None
[2022-01-19 18:14:23,768] {processor.py:171} INFO - Processing /home/airflow/.local/lib/python3.6/site-packages/airflow/example_dags/example_complex.py took 0.073 seconds
[2022-01-19 18:14:54,286] {processor.py:163} INFO - Started process (PID=884) to work on /home/airflow/.local/lib/python3.6/site-packages/airflow/example_dags/example_complex.py
[2022-01-19 18:14:54,287] {processor.py:642} INFO - Processing file /home/airflow/.local/lib/python3.6/site-packages/airflow/example_dags/example_complex.py for tasks to queue
[2022-01-19 18:14:54,287] {logging_mixin.py:109} INFO - [2022-01-19 18:14:54,287] {dagbag.py:500} INFO - Filling up the DagBag from /home/airflow/.local/lib/python3.6/site-packages/airflow/example_dags/example_complex.py
[2022-01-19 18:14:54,320] {processor.py:654} INFO - DAG(s) dict_keys(['example_complex']) retrieved from /home/airflow/.local/lib/python3.6/site-packages/airflow/example_dags/example_complex.py
[2022-01-19 18:14:54,335] {logging_mixin.py:109} INFO - [2022-01-19 18:14:54,335] {dag.py:2396} INFO - Sync 1 DAGs
[2022-01-19 18:14:54,348] {logging_mixin.py:109} INFO - [2022-01-19 18:14:54,348] {dag.py:2935} INFO - Setting next_dagrun for example_complex to None
[2022-01-19 18:14:54,356] {processor.py:171} INFO - Processing /home/airflow/.local/lib/python3.6/site-packages/airflow/example_dags/example_complex.py took 0.072 seconds
[2022-01-19 18:15:24,740] {processor.py:163} INFO - Started process (PID=936) to work on /home/airflow/.local/lib/python3.6/site-packages/airflow/example_dags/example_complex.py
[2022-01-19 18:15:24,741] {processor.py:642} INFO - Processing file /home/airflow/.local/lib/python3.6/site-packages/airflow/example_dags/example_complex.py for tasks to queue
[2022-01-19 18:15:24,741] {logging_mixin.py:109} INFO - [2022-01-19 18:15:24,741] {dagbag.py:500} INFO - Filling up the DagBag from /home/airflow/.local/lib/python3.6/site-packages/airflow/example_dags/example_complex.py
[2022-01-19 18:15:24,775] {processor.py:654} INFO - DAG(s) dict_keys(['example_complex']) retrieved from /home/airflow/.local/lib/python3.6/site-packages/airflow/example_dags/example_complex.py
[2022-01-19 18:15:24,789] {logging_mixin.py:109} INFO - [2022-01-19 18:15:24,788] {dag.py:2396} INFO - Sync 1 DAGs
[2022-01-19 18:15:24,807] {logging_mixin.py:109} INFO - [2022-01-19 18:15:24,807] {dag.py:2935} INFO - Setting next_dagrun for example_complex to None
[2022-01-19 18:15:24,814] {processor.py:171} INFO - Processing /home/airflow/.local/lib/python3.6/site-packages/airflow/example_dags/example_complex.py took 0.077 seconds
[2022-01-19 18:15:55,232] {processor.py:163} INFO - Started process (PID=999) to work on /home/airflow/.local/lib/python3.6/site-packages/airflow/example_dags/example_complex.py
[2022-01-19 18:15:55,233] {processor.py:642} INFO - Processing file /home/airflow/.local/lib/python3.6/site-packages/airflow/example_dags/example_complex.py for tasks to queue
[2022-01-19 18:15:55,234] {logging_mixin.py:109} INFO - [2022-01-19 18:15:55,234] {dagbag.py:500} INFO - Filling up the DagBag from /home/airflow/.local/lib/python3.6/site-packages/airflow/example_dags/example_complex.py
[2022-01-19 18:15:55,268] {processor.py:654} INFO - DAG(s) dict_keys(['example_complex']) retrieved from /home/airflow/.local/lib/python3.6/site-packages/airflow/example_dags/example_complex.py
[2022-01-19 18:15:55,283] {logging_mixin.py:109} INFO - [2022-01-19 18:15:55,283] {dag.py:2396} INFO - Sync 1 DAGs
[2022-01-19 18:15:55,297] {logging_mixin.py:109} INFO - [2022-01-19 18:15:55,297] {dag.py:2935} INFO - Setting next_dagrun for example_complex to None
[2022-01-19 18:15:55,305] {processor.py:171} INFO - Processing /home/airflow/.local/lib/python3.6/site-packages/airflow/example_dags/example_complex.py took 0.075 seconds
[2022-01-19 18:16:25,683] {processor.py:163} INFO - Started process (PID=1051) to work on /home/airflow/.local/lib/python3.6/site-packages/airflow/example_dags/example_complex.py
[2022-01-19 18:16:25,684] {processor.py:642} INFO - Processing file /home/airflow/.local/lib/python3.6/site-packages/airflow/example_dags/example_complex.py for tasks to queue
[2022-01-19 18:16:25,685] {logging_mixin.py:109} INFO - [2022-01-19 18:16:25,685] {dagbag.py:500} INFO - Filling up the DagBag from /home/airflow/.local/lib/python3.6/site-packages/airflow/example_dags/example_complex.py
[2022-01-19 18:16:25,728] {processor.py:654} INFO - DAG(s) dict_keys(['example_complex']) retrieved from /home/airflow/.local/lib/python3.6/site-packages/airflow/example_dags/example_complex.py
[2022-01-19 18:16:25,745] {logging_mixin.py:109} INFO - [2022-01-19 18:16:25,745] {dag.py:2396} INFO - Sync 1 DAGs
[2022-01-19 18:16:25,762] {logging_mixin.py:109} INFO - [2022-01-19 18:16:25,762] {dag.py:2935} INFO - Setting next_dagrun for example_complex to None
[2022-01-19 18:16:25,769] {processor.py:171} INFO - Processing /home/airflow/.local/lib/python3.6/site-packages/airflow/example_dags/example_complex.py took 0.089 seconds
[2022-01-19 18:16:56,360] {processor.py:163} INFO - Started process (PID=1113) to work on /home/airflow/.local/lib/python3.6/site-packages/airflow/example_dags/example_complex.py
[2022-01-19 18:16:56,361] {processor.py:642} INFO - Processing file /home/airflow/.local/lib/python3.6/site-packages/airflow/example_dags/example_complex.py for tasks to queue
[2022-01-19 18:16:56,361] {logging_mixin.py:109} INFO - [2022-01-19 18:16:56,361] {dagbag.py:500} INFO - Filling up the DagBag from /home/airflow/.local/lib/python3.6/site-packages/airflow/example_dags/example_complex.py
[2022-01-19 18:16:56,393] {processor.py:654} INFO - DAG(s) dict_keys(['example_complex']) retrieved from /home/airflow/.local/lib/python3.6/site-packages/airflow/example_dags/example_complex.py
[2022-01-19 18:16:56,408] {logging_mixin.py:109} INFO - [2022-01-19 18:16:56,408] {dag.py:2396} INFO - Sync 1 DAGs
[2022-01-19 18:16:56,423] {logging_mixin.py:109} INFO - [2022-01-19 18:16:56,423] {dag.py:2935} INFO - Setting next_dagrun for example_complex to None
[2022-01-19 18:16:56,431] {processor.py:171} INFO - Processing /home/airflow/.local/lib/python3.6/site-packages/airflow/example_dags/example_complex.py took 0.074 seconds
[2022-01-19 18:17:26,650] {processor.py:163} INFO - Started process (PID=1166) to work on /home/airflow/.local/lib/python3.6/site-packages/airflow/example_dags/example_complex.py
[2022-01-19 18:17:26,651] {processor.py:642} INFO - Processing file /home/airflow/.local/lib/python3.6/site-packages/airflow/example_dags/example_complex.py for tasks to queue
[2022-01-19 18:17:26,651] {logging_mixin.py:109} INFO - [2022-01-19 18:17:26,651] {dagbag.py:500} INFO - Filling up the DagBag from /home/airflow/.local/lib/python3.6/site-packages/airflow/example_dags/example_complex.py
[2022-01-19 18:17:26,683] {processor.py:654} INFO - DAG(s) dict_keys(['example_complex']) retrieved from /home/airflow/.local/lib/python3.6/site-packages/airflow/example_dags/example_complex.py
[2022-01-19 18:17:26,698] {logging_mixin.py:109} INFO - [2022-01-19 18:17:26,698] {dag.py:2396} INFO - Sync 1 DAGs
[2022-01-19 18:17:26,714] {logging_mixin.py:109} INFO - [2022-01-19 18:17:26,714] {dag.py:2935} INFO - Setting next_dagrun for example_complex to None
[2022-01-19 18:17:26,722] {processor.py:171} INFO - Processing /home/airflow/.local/lib/python3.6/site-packages/airflow/example_dags/example_complex.py took 0.076 seconds
[2022-01-19 18:17:57,060] {processor.py:163} INFO - Started process (PID=1229) to work on /home/airflow/.local/lib/python3.6/site-packages/airflow/example_dags/example_complex.py
[2022-01-19 18:17:57,061] {processor.py:642} INFO - Processing file /home/airflow/.local/lib/python3.6/site-packages/airflow/example_dags/example_complex.py for tasks to queue
[2022-01-19 18:17:57,061] {logging_mixin.py:109} INFO - [2022-01-19 18:17:57,061] {dagbag.py:500} INFO - Filling up the DagBag from /home/airflow/.local/lib/python3.6/site-packages/airflow/example_dags/example_complex.py
[2022-01-19 18:17:57,091] {processor.py:654} INFO - DAG(s) dict_keys(['example_complex']) retrieved from /home/airflow/.local/lib/python3.6/site-packages/airflow/example_dags/example_complex.py
[2022-01-19 18:17:57,109] {logging_mixin.py:109} INFO - [2022-01-19 18:17:57,109] {dag.py:2396} INFO - Sync 1 DAGs
[2022-01-19 18:17:57,127] {logging_mixin.py:109} INFO - [2022-01-19 18:17:57,127] {dag.py:2935} INFO - Setting next_dagrun for example_complex to None
[2022-01-19 18:17:57,135] {processor.py:171} INFO - Processing /home/airflow/.local/lib/python3.6/site-packages/airflow/example_dags/example_complex.py took 0.077 seconds
[2022-01-19 18:18:27,746] {processor.py:163} INFO - Started process (PID=1281) to work on /home/airflow/.local/lib/python3.6/site-packages/airflow/example_dags/example_complex.py
[2022-01-19 18:18:27,747] {processor.py:642} INFO - Processing file /home/airflow/.local/lib/python3.6/site-packages/airflow/example_dags/example_complex.py for tasks to queue
[2022-01-19 18:18:27,748] {logging_mixin.py:109} INFO - [2022-01-19 18:18:27,747] {dagbag.py:500} INFO - Filling up the DagBag from /home/airflow/.local/lib/python3.6/site-packages/airflow/example_dags/example_complex.py
[2022-01-19 18:18:27,782] {processor.py:654} INFO - DAG(s) dict_keys(['example_complex']) retrieved from /home/airflow/.local/lib/python3.6/site-packages/airflow/example_dags/example_complex.py
[2022-01-19 18:18:27,798] {logging_mixin.py:109} INFO - [2022-01-19 18:18:27,798] {dag.py:2396} INFO - Sync 1 DAGs
[2022-01-19 18:18:27,812] {logging_mixin.py:109} INFO - [2022-01-19 18:18:27,812] {dag.py:2935} INFO - Setting next_dagrun for example_complex to None
[2022-01-19 18:18:27,819] {processor.py:171} INFO - Processing /home/airflow/.local/lib/python3.6/site-packages/airflow/example_dags/example_complex.py took 0.076 seconds
[2022-01-19 18:18:58,087] {processor.py:163} INFO - Started process (PID=1333) to work on /home/airflow/.local/lib/python3.6/site-packages/airflow/example_dags/example_complex.py
[2022-01-19 18:18:58,089] {processor.py:642} INFO - Processing file /home/airflow/.local/lib/python3.6/site-packages/airflow/example_dags/example_complex.py for tasks to queue
[2022-01-19 18:18:58,089] {logging_mixin.py:109} INFO - [2022-01-19 18:18:58,089] {dagbag.py:500} INFO - Filling up the DagBag from /home/airflow/.local/lib/python3.6/site-packages/airflow/example_dags/example_complex.py
[2022-01-19 18:18:58,132] {processor.py:654} INFO - DAG(s) dict_keys(['example_complex']) retrieved from /home/airflow/.local/lib/python3.6/site-packages/airflow/example_dags/example_complex.py
[2022-01-19 18:18:58,150] {logging_mixin.py:109} INFO - [2022-01-19 18:18:58,150] {dag.py:2396} INFO - Sync 1 DAGs
[2022-01-19 18:18:58,169] {logging_mixin.py:109} INFO - [2022-01-19 18:18:58,169] {dag.py:2935} INFO - Setting next_dagrun for example_complex to None
[2022-01-19 18:18:58,178] {processor.py:171} INFO - Processing /home/airflow/.local/lib/python3.6/site-packages/airflow/example_dags/example_complex.py took 0.094 seconds
[2022-01-19 18:19:28,842] {processor.py:163} INFO - Started process (PID=1395) to work on /home/airflow/.local/lib/python3.6/site-packages/airflow/example_dags/example_complex.py
[2022-01-19 18:19:28,845] {processor.py:642} INFO - Processing file /home/airflow/.local/lib/python3.6/site-packages/airflow/example_dags/example_complex.py for tasks to queue
[2022-01-19 18:19:28,845] {logging_mixin.py:109} INFO - [2022-01-19 18:19:28,845] {dagbag.py:500} INFO - Filling up the DagBag from /home/airflow/.local/lib/python3.6/site-packages/airflow/example_dags/example_complex.py
[2022-01-19 18:19:28,880] {processor.py:654} INFO - DAG(s) dict_keys(['example_complex']) retrieved from /home/airflow/.local/lib/python3.6/site-packages/airflow/example_dags/example_complex.py
[2022-01-19 18:19:28,895] {logging_mixin.py:109} INFO - [2022-01-19 18:19:28,895] {dag.py:2396} INFO - Sync 1 DAGs
[2022-01-19 18:19:28,912] {logging_mixin.py:109} INFO - [2022-01-19 18:19:28,912] {dag.py:2935} INFO - Setting next_dagrun for example_complex to None
[2022-01-19 18:19:28,920] {processor.py:171} INFO - Processing /home/airflow/.local/lib/python3.6/site-packages/airflow/example_dags/example_complex.py took 0.081 seconds
[2022-01-19 18:19:59,226] {processor.py:163} INFO - Started process (PID=1448) to work on /home/airflow/.local/lib/python3.6/site-packages/airflow/example_dags/example_complex.py
[2022-01-19 18:19:59,228] {processor.py:642} INFO - Processing file /home/airflow/.local/lib/python3.6/site-packages/airflow/example_dags/example_complex.py for tasks to queue
[2022-01-19 18:19:59,229] {logging_mixin.py:109} INFO - [2022-01-19 18:19:59,229] {dagbag.py:500} INFO - Filling up the DagBag from /home/airflow/.local/lib/python3.6/site-packages/airflow/example_dags/example_complex.py
[2022-01-19 18:19:59,283] {processor.py:654} INFO - DAG(s) dict_keys(['example_complex']) retrieved from /home/airflow/.local/lib/python3.6/site-packages/airflow/example_dags/example_complex.py
[2022-01-19 18:19:59,308] {logging_mixin.py:109} INFO - [2022-01-19 18:19:59,308] {dag.py:2396} INFO - Sync 1 DAGs
[2022-01-19 18:19:59,338] {logging_mixin.py:109} INFO - [2022-01-19 18:19:59,337] {dag.py:2935} INFO - Setting next_dagrun for example_complex to None
[2022-01-19 18:19:59,361] {processor.py:171} INFO - Processing /home/airflow/.local/lib/python3.6/site-packages/airflow/example_dags/example_complex.py took 0.138 seconds
[2022-01-19 18:20:29,995] {processor.py:163} INFO - Started process (PID=1510) to work on /home/airflow/.local/lib/python3.6/site-packages/airflow/example_dags/example_complex.py
[2022-01-19 18:20:29,995] {processor.py:642} INFO - Processing file /home/airflow/.local/lib/python3.6/site-packages/airflow/example_dags/example_complex.py for tasks to queue
[2022-01-19 18:20:29,996] {logging_mixin.py:109} INFO - [2022-01-19 18:20:29,996] {dagbag.py:500} INFO - Filling up the DagBag from /home/airflow/.local/lib/python3.6/site-packages/airflow/example_dags/example_complex.py
[2022-01-19 18:20:30,024] {processor.py:654} INFO - DAG(s) dict_keys(['example_complex']) retrieved from /home/airflow/.local/lib/python3.6/site-packages/airflow/example_dags/example_complex.py
[2022-01-19 18:20:30,038] {logging_mixin.py:109} INFO - [2022-01-19 18:20:30,038] {dag.py:2396} INFO - Sync 1 DAGs
[2022-01-19 18:20:30,052] {logging_mixin.py:109} INFO - [2022-01-19 18:20:30,052] {dag.py:2935} INFO - Setting next_dagrun for example_complex to None
[2022-01-19 18:20:30,060] {processor.py:171} INFO - Processing /home/airflow/.local/lib/python3.6/site-packages/airflow/example_dags/example_complex.py took 0.068 seconds
[2022-01-19 18:21:01,106] {processor.py:163} INFO - Started process (PID=1562) to work on /home/airflow/.local/lib/python3.6/site-packages/airflow/example_dags/example_complex.py
[2022-01-19 18:21:01,107] {processor.py:642} INFO - Processing file /home/airflow/.local/lib/python3.6/site-packages/airflow/example_dags/example_complex.py for tasks to queue
[2022-01-19 18:21:01,108] {logging_mixin.py:109} INFO - [2022-01-19 18:21:01,108] {dagbag.py:500} INFO - Filling up the DagBag from /home/airflow/.local/lib/python3.6/site-packages/airflow/example_dags/example_complex.py
[2022-01-19 18:21:01,147] {processor.py:654} INFO - DAG(s) dict_keys(['example_complex']) retrieved from /home/airflow/.local/lib/python3.6/site-packages/airflow/example_dags/example_complex.py
[2022-01-19 18:21:01,174] {logging_mixin.py:109} INFO - [2022-01-19 18:21:01,174] {dag.py:2396} INFO - Sync 1 DAGs
[2022-01-19 18:21:01,194] {logging_mixin.py:109} INFO - [2022-01-19 18:21:01,194] {dag.py:2935} INFO - Setting next_dagrun for example_complex to None
[2022-01-19 18:21:01,206] {processor.py:171} INFO - Processing /home/airflow/.local/lib/python3.6/site-packages/airflow/example_dags/example_complex.py took 0.104 seconds
[2022-01-19 18:21:32,279] {processor.py:163} INFO - Started process (PID=1614) to work on /home/airflow/.local/lib/python3.6/site-packages/airflow/example_dags/example_complex.py
[2022-01-19 18:21:32,280] {processor.py:642} INFO - Processing file /home/airflow/.local/lib/python3.6/site-packages/airflow/example_dags/example_complex.py for tasks to queue
[2022-01-19 18:21:32,281] {logging_mixin.py:109} INFO - [2022-01-19 18:21:32,281] {dagbag.py:500} INFO - Filling up the DagBag from /home/airflow/.local/lib/python3.6/site-packages/airflow/example_dags/example_complex.py
[2022-01-19 18:21:32,318] {processor.py:654} INFO - DAG(s) dict_keys(['example_complex']) retrieved from /home/airflow/.local/lib/python3.6/site-packages/airflow/example_dags/example_complex.py
[2022-01-19 18:21:32,335] {logging_mixin.py:109} INFO - [2022-01-19 18:21:32,335] {dag.py:2396} INFO - Sync 1 DAGs
[2022-01-19 18:21:32,359] {logging_mixin.py:109} INFO - [2022-01-19 18:21:32,359] {dag.py:2935} INFO - Setting next_dagrun for example_complex to None
[2022-01-19 18:21:32,368] {processor.py:171} INFO - Processing /home/airflow/.local/lib/python3.6/site-packages/airflow/example_dags/example_complex.py took 0.092 seconds
[2022-01-19 18:22:03,415] {processor.py:163} INFO - Started process (PID=1679) to work on /home/airflow/.local/lib/python3.6/site-packages/airflow/example_dags/example_complex.py
[2022-01-19 18:22:03,416] {processor.py:642} INFO - Processing file /home/airflow/.local/lib/python3.6/site-packages/airflow/example_dags/example_complex.py for tasks to queue
[2022-01-19 18:22:03,417] {logging_mixin.py:109} INFO - [2022-01-19 18:22:03,417] {dagbag.py:500} INFO - Filling up the DagBag from /home/airflow/.local/lib/python3.6/site-packages/airflow/example_dags/example_complex.py
[2022-01-19 18:22:03,448] {processor.py:654} INFO - DAG(s) dict_keys(['example_complex']) retrieved from /home/airflow/.local/lib/python3.6/site-packages/airflow/example_dags/example_complex.py
[2022-01-19 18:22:03,462] {logging_mixin.py:109} INFO - [2022-01-19 18:22:03,462] {dag.py:2396} INFO - Sync 1 DAGs
[2022-01-19 18:22:03,476] {logging_mixin.py:109} INFO - [2022-01-19 18:22:03,476] {dag.py:2935} INFO - Setting next_dagrun for example_complex to None
[2022-01-19 18:22:03,483] {processor.py:171} INFO - Processing /home/airflow/.local/lib/python3.6/site-packages/airflow/example_dags/example_complex.py took 0.071 seconds
[2022-01-19 18:22:34,426] {processor.py:163} INFO - Started process (PID=1731) to work on /home/airflow/.local/lib/python3.6/site-packages/airflow/example_dags/example_complex.py
[2022-01-19 18:22:34,427] {processor.py:642} INFO - Processing file /home/airflow/.local/lib/python3.6/site-packages/airflow/example_dags/example_complex.py for tasks to queue
[2022-01-19 18:22:34,428] {logging_mixin.py:109} INFO - [2022-01-19 18:22:34,428] {dagbag.py:500} INFO - Filling up the DagBag from /home/airflow/.local/lib/python3.6/site-packages/airflow/example_dags/example_complex.py
[2022-01-19 18:22:34,462] {processor.py:654} INFO - DAG(s) dict_keys(['example_complex']) retrieved from /home/airflow/.local/lib/python3.6/site-packages/airflow/example_dags/example_complex.py
[2022-01-19 18:22:34,476] {logging_mixin.py:109} INFO - [2022-01-19 18:22:34,476] {dag.py:2396} INFO - Sync 1 DAGs
[2022-01-19 18:22:34,491] {logging_mixin.py:109} INFO - [2022-01-19 18:22:34,491] {dag.py:2935} INFO - Setting next_dagrun for example_complex to None
[2022-01-19 18:22:34,499] {processor.py:171} INFO - Processing /home/airflow/.local/lib/python3.6/site-packages/airflow/example_dags/example_complex.py took 0.076 seconds
[2022-01-19 18:23:05,369] {processor.py:163} INFO - Started process (PID=1794) to work on /home/airflow/.local/lib/python3.6/site-packages/airflow/example_dags/example_complex.py
[2022-01-19 18:23:05,370] {processor.py:642} INFO - Processing file /home/airflow/.local/lib/python3.6/site-packages/airflow/example_dags/example_complex.py for tasks to queue
[2022-01-19 18:23:05,370] {logging_mixin.py:109} INFO - [2022-01-19 18:23:05,370] {dagbag.py:500} INFO - Filling up the DagBag from /home/airflow/.local/lib/python3.6/site-packages/airflow/example_dags/example_complex.py
[2022-01-19 18:23:05,400] {processor.py:654} INFO - DAG(s) dict_keys(['example_complex']) retrieved from /home/airflow/.local/lib/python3.6/site-packages/airflow/example_dags/example_complex.py
[2022-01-19 18:23:05,414] {logging_mixin.py:109} INFO - [2022-01-19 18:23:05,414] {dag.py:2396} INFO - Sync 1 DAGs
[2022-01-19 18:23:05,428] {logging_mixin.py:109} INFO - [2022-01-19 18:23:05,427] {dag.py:2935} INFO - Setting next_dagrun for example_complex to None
[2022-01-19 18:23:05,434] {processor.py:171} INFO - Processing /home/airflow/.local/lib/python3.6/site-packages/airflow/example_dags/example_complex.py took 0.069 seconds
[2022-01-19 18:23:36,581] {processor.py:163} INFO - Started process (PID=1847) to work on /home/airflow/.local/lib/python3.6/site-packages/airflow/example_dags/example_complex.py
[2022-01-19 18:23:36,582] {processor.py:642} INFO - Processing file /home/airflow/.local/lib/python3.6/site-packages/airflow/example_dags/example_complex.py for tasks to queue
[2022-01-19 18:23:36,583] {logging_mixin.py:109} INFO - [2022-01-19 18:23:36,583] {dagbag.py:500} INFO - Filling up the DagBag from /home/airflow/.local/lib/python3.6/site-packages/airflow/example_dags/example_complex.py
[2022-01-19 18:23:36,618] {processor.py:654} INFO - DAG(s) dict_keys(['example_complex']) retrieved from /home/airflow/.local/lib/python3.6/site-packages/airflow/example_dags/example_complex.py
[2022-01-19 18:23:36,638] {logging_mixin.py:109} INFO - [2022-01-19 18:23:36,638] {dag.py:2396} INFO - Sync 1 DAGs
[2022-01-19 18:23:36,655] {logging_mixin.py:109} INFO - [2022-01-19 18:23:36,655] {dag.py:2935} INFO - Setting next_dagrun for example_complex to None
[2022-01-19 18:23:36,664] {processor.py:171} INFO - Processing /home/airflow/.local/lib/python3.6/site-packages/airflow/example_dags/example_complex.py took 0.086 seconds
[2022-01-19 18:24:07,063] {processor.py:163} INFO - Started process (PID=1899) to work on /home/airflow/.local/lib/python3.6/site-packages/airflow/example_dags/example_complex.py
[2022-01-19 18:24:07,065] {processor.py:642} INFO - Processing file /home/airflow/.local/lib/python3.6/site-packages/airflow/example_dags/example_complex.py for tasks to queue
[2022-01-19 18:24:07,065] {logging_mixin.py:109} INFO - [2022-01-19 18:24:07,065] {dagbag.py:500} INFO - Filling up the DagBag from /home/airflow/.local/lib/python3.6/site-packages/airflow/example_dags/example_complex.py
[2022-01-19 18:24:07,119] {processor.py:654} INFO - DAG(s) dict_keys(['example_complex']) retrieved from /home/airflow/.local/lib/python3.6/site-packages/airflow/example_dags/example_complex.py
[2022-01-19 18:24:07,149] {logging_mixin.py:109} INFO - [2022-01-19 18:24:07,149] {dag.py:2396} INFO - Sync 1 DAGs
[2022-01-19 18:24:07,176] {logging_mixin.py:109} INFO - [2022-01-19 18:24:07,176] {dag.py:2935} INFO - Setting next_dagrun for example_complex to None
[2022-01-19 18:24:07,192] {processor.py:171} INFO - Processing /home/airflow/.local/lib/python3.6/site-packages/airflow/example_dags/example_complex.py took 0.133 seconds
[2022-01-19 18:24:37,480] {processor.py:163} INFO - Started process (PID=1963) to work on /home/airflow/.local/lib/python3.6/site-packages/airflow/example_dags/example_complex.py
[2022-01-19 18:24:37,482] {processor.py:642} INFO - Processing file /home/airflow/.local/lib/python3.6/site-packages/airflow/example_dags/example_complex.py for tasks to queue
[2022-01-19 18:24:37,482] {logging_mixin.py:109} INFO - [2022-01-19 18:24:37,482] {dagbag.py:500} INFO - Filling up the DagBag from /home/airflow/.local/lib/python3.6/site-packages/airflow/example_dags/example_complex.py
[2022-01-19 18:24:37,527] {processor.py:654} INFO - DAG(s) dict_keys(['example_complex']) retrieved from /home/airflow/.local/lib/python3.6/site-packages/airflow/example_dags/example_complex.py
[2022-01-19 18:24:37,546] {logging_mixin.py:109} INFO - [2022-01-19 18:24:37,546] {dag.py:2396} INFO - Sync 1 DAGs
[2022-01-19 18:24:37,566] {logging_mixin.py:109} INFO - [2022-01-19 18:24:37,566] {dag.py:2935} INFO - Setting next_dagrun for example_complex to None
[2022-01-19 18:24:37,576] {processor.py:171} INFO - Processing /home/airflow/.local/lib/python3.6/site-packages/airflow/example_dags/example_complex.py took 0.100 seconds
[2022-01-19 18:25:08,350] {processor.py:163} INFO - Started process (PID=2015) to work on /home/airflow/.local/lib/python3.6/site-packages/airflow/example_dags/example_complex.py
[2022-01-19 18:25:08,351] {processor.py:642} INFO - Processing file /home/airflow/.local/lib/python3.6/site-packages/airflow/example_dags/example_complex.py for tasks to queue
[2022-01-19 18:25:08,352] {logging_mixin.py:109} INFO - [2022-01-19 18:25:08,352] {dagbag.py:500} INFO - Filling up the DagBag from /home/airflow/.local/lib/python3.6/site-packages/airflow/example_dags/example_complex.py
[2022-01-19 18:25:08,384] {processor.py:654} INFO - DAG(s) dict_keys(['example_complex']) retrieved from /home/airflow/.local/lib/python3.6/site-packages/airflow/example_dags/example_complex.py
[2022-01-19 18:25:08,399] {logging_mixin.py:109} INFO - [2022-01-19 18:25:08,399] {dag.py:2396} INFO - Sync 1 DAGs
[2022-01-19 18:25:08,414] {logging_mixin.py:109} INFO - [2022-01-19 18:25:08,414] {dag.py:2935} INFO - Setting next_dagrun for example_complex to None
[2022-01-19 18:25:08,421] {processor.py:171} INFO - Processing /home/airflow/.local/lib/python3.6/site-packages/airflow/example_dags/example_complex.py took 0.074 seconds
[2022-01-19 18:25:38,996] {processor.py:163} INFO - Started process (PID=2079) to work on /home/airflow/.local/lib/python3.6/site-packages/airflow/example_dags/example_complex.py
[2022-01-19 18:25:38,997] {processor.py:642} INFO - Processing file /home/airflow/.local/lib/python3.6/site-packages/airflow/example_dags/example_complex.py for tasks to queue
[2022-01-19 18:25:38,997] {logging_mixin.py:109} INFO - [2022-01-19 18:25:38,997] {dagbag.py:500} INFO - Filling up the DagBag from /home/airflow/.local/lib/python3.6/site-packages/airflow/example_dags/example_complex.py
[2022-01-19 18:25:39,031] {processor.py:654} INFO - DAG(s) dict_keys(['example_complex']) retrieved from /home/airflow/.local/lib/python3.6/site-packages/airflow/example_dags/example_complex.py
[2022-01-19 18:25:39,046] {logging_mixin.py:109} INFO - [2022-01-19 18:25:39,045] {dag.py:2396} INFO - Sync 1 DAGs
[2022-01-19 18:25:39,061] {logging_mixin.py:109} INFO - [2022-01-19 18:25:39,061] {dag.py:2935} INFO - Setting next_dagrun for example_complex to None
[2022-01-19 18:25:39,068] {processor.py:171} INFO - Processing /home/airflow/.local/lib/python3.6/site-packages/airflow/example_dags/example_complex.py took 0.075 seconds
[2022-01-19 18:26:09,581] {processor.py:163} INFO - Started process (PID=2132) to work on /home/airflow/.local/lib/python3.6/site-packages/airflow/example_dags/example_complex.py
[2022-01-19 18:26:09,582] {processor.py:642} INFO - Processing file /home/airflow/.local/lib/python3.6/site-packages/airflow/example_dags/example_complex.py for tasks to queue
[2022-01-19 18:26:09,582] {logging_mixin.py:109} INFO - [2022-01-19 18:26:09,582] {dagbag.py:500} INFO - Filling up the DagBag from /home/airflow/.local/lib/python3.6/site-packages/airflow/example_dags/example_complex.py
[2022-01-19 18:26:09,615] {processor.py:654} INFO - DAG(s) dict_keys(['example_complex']) retrieved from /home/airflow/.local/lib/python3.6/site-packages/airflow/example_dags/example_complex.py
[2022-01-19 18:26:09,630] {logging_mixin.py:109} INFO - [2022-01-19 18:26:09,630] {dag.py:2396} INFO - Sync 1 DAGs
[2022-01-19 18:26:09,645] {logging_mixin.py:109} INFO - [2022-01-19 18:26:09,645] {dag.py:2935} INFO - Setting next_dagrun for example_complex to None
[2022-01-19 18:26:09,653] {processor.py:171} INFO - Processing /home/airflow/.local/lib/python3.6/site-packages/airflow/example_dags/example_complex.py took 0.075 seconds
[2022-01-19 18:26:40,260] {processor.py:163} INFO - Started process (PID=2194) to work on /home/airflow/.local/lib/python3.6/site-packages/airflow/example_dags/example_complex.py
[2022-01-19 18:26:40,261] {processor.py:642} INFO - Processing file /home/airflow/.local/lib/python3.6/site-packages/airflow/example_dags/example_complex.py for tasks to queue
[2022-01-19 18:26:40,262] {logging_mixin.py:109} INFO - [2022-01-19 18:26:40,262] {dagbag.py:500} INFO - Filling up the DagBag from /home/airflow/.local/lib/python3.6/site-packages/airflow/example_dags/example_complex.py
[2022-01-19 18:26:40,307] {processor.py:654} INFO - DAG(s) dict_keys(['example_complex']) retrieved from /home/airflow/.local/lib/python3.6/site-packages/airflow/example_dags/example_complex.py
[2022-01-19 18:26:40,326] {logging_mixin.py:109} INFO - [2022-01-19 18:26:40,326] {dag.py:2396} INFO - Sync 1 DAGs
[2022-01-19 18:26:40,342] {logging_mixin.py:109} INFO - [2022-01-19 18:26:40,342] {dag.py:2935} INFO - Setting next_dagrun for example_complex to None
[2022-01-19 18:26:40,350] {processor.py:171} INFO - Processing /home/airflow/.local/lib/python3.6/site-packages/airflow/example_dags/example_complex.py took 0.094 seconds
[2022-01-19 18:27:11,081] {processor.py:163} INFO - Started process (PID=2247) to work on /home/airflow/.local/lib/python3.6/site-packages/airflow/example_dags/example_complex.py
[2022-01-19 18:27:11,083] {processor.py:642} INFO - Processing file /home/airflow/.local/lib/python3.6/site-packages/airflow/example_dags/example_complex.py for tasks to queue
[2022-01-19 18:27:11,084] {logging_mixin.py:109} INFO - [2022-01-19 18:27:11,084] {dagbag.py:500} INFO - Filling up the DagBag from /home/airflow/.local/lib/python3.6/site-packages/airflow/example_dags/example_complex.py
[2022-01-19 18:27:11,123] {processor.py:654} INFO - DAG(s) dict_keys(['example_complex']) retrieved from /home/airflow/.local/lib/python3.6/site-packages/airflow/example_dags/example_complex.py
[2022-01-19 18:27:11,141] {logging_mixin.py:109} INFO - [2022-01-19 18:27:11,141] {dag.py:2396} INFO - Sync 1 DAGs
[2022-01-19 18:27:11,161] {logging_mixin.py:109} INFO - [2022-01-19 18:27:11,161] {dag.py:2935} INFO - Setting next_dagrun for example_complex to None
[2022-01-19 18:27:11,171] {processor.py:171} INFO - Processing /home/airflow/.local/lib/python3.6/site-packages/airflow/example_dags/example_complex.py took 0.093 seconds
[2022-01-19 18:27:41,381] {processor.py:163} INFO - Started process (PID=2300) to work on /home/airflow/.local/lib/python3.6/site-packages/airflow/example_dags/example_complex.py
[2022-01-19 18:27:41,382] {processor.py:642} INFO - Processing file /home/airflow/.local/lib/python3.6/site-packages/airflow/example_dags/example_complex.py for tasks to queue
[2022-01-19 18:27:41,383] {logging_mixin.py:109} INFO - [2022-01-19 18:27:41,383] {dagbag.py:500} INFO - Filling up the DagBag from /home/airflow/.local/lib/python3.6/site-packages/airflow/example_dags/example_complex.py
[2022-01-19 18:27:41,418] {processor.py:654} INFO - DAG(s) dict_keys(['example_complex']) retrieved from /home/airflow/.local/lib/python3.6/site-packages/airflow/example_dags/example_complex.py
[2022-01-19 18:27:41,434] {logging_mixin.py:109} INFO - [2022-01-19 18:27:41,434] {dag.py:2396} INFO - Sync 1 DAGs
[2022-01-19 18:27:41,454] {logging_mixin.py:109} INFO - [2022-01-19 18:27:41,454] {dag.py:2935} INFO - Setting next_dagrun for example_complex to None
[2022-01-19 18:27:41,463] {processor.py:171} INFO - Processing /home/airflow/.local/lib/python3.6/site-packages/airflow/example_dags/example_complex.py took 0.084 seconds
[2022-01-19 18:28:12,071] {processor.py:163} INFO - Started process (PID=2364) to work on /home/airflow/.local/lib/python3.6/site-packages/airflow/example_dags/example_complex.py
[2022-01-19 18:28:12,072] {processor.py:642} INFO - Processing file /home/airflow/.local/lib/python3.6/site-packages/airflow/example_dags/example_complex.py for tasks to queue
[2022-01-19 18:28:12,072] {logging_mixin.py:109} INFO - [2022-01-19 18:28:12,072] {dagbag.py:500} INFO - Filling up the DagBag from /home/airflow/.local/lib/python3.6/site-packages/airflow/example_dags/example_complex.py
[2022-01-19 18:28:12,104] {processor.py:654} INFO - DAG(s) dict_keys(['example_complex']) retrieved from /home/airflow/.local/lib/python3.6/site-packages/airflow/example_dags/example_complex.py
[2022-01-19 18:28:12,120] {logging_mixin.py:109} INFO - [2022-01-19 18:28:12,119] {dag.py:2396} INFO - Sync 1 DAGs
[2022-01-19 18:28:12,134] {logging_mixin.py:109} INFO - [2022-01-19 18:28:12,134] {dag.py:2935} INFO - Setting next_dagrun for example_complex to None
[2022-01-19 18:28:12,141] {processor.py:171} INFO - Processing /home/airflow/.local/lib/python3.6/site-packages/airflow/example_dags/example_complex.py took 0.072 seconds
[2022-01-19 18:28:43,007] {processor.py:163} INFO - Started process (PID=2417) to work on /home/airflow/.local/lib/python3.6/site-packages/airflow/example_dags/example_complex.py
[2022-01-19 18:28:43,008] {processor.py:642} INFO - Processing file /home/airflow/.local/lib/python3.6/site-packages/airflow/example_dags/example_complex.py for tasks to queue
[2022-01-19 18:28:43,009] {logging_mixin.py:109} INFO - [2022-01-19 18:28:43,009] {dagbag.py:500} INFO - Filling up the DagBag from /home/airflow/.local/lib/python3.6/site-packages/airflow/example_dags/example_complex.py
[2022-01-19 18:28:43,047] {processor.py:654} INFO - DAG(s) dict_keys(['example_complex']) retrieved from /home/airflow/.local/lib/python3.6/site-packages/airflow/example_dags/example_complex.py
[2022-01-19 18:28:43,068] {logging_mixin.py:109} INFO - [2022-01-19 18:28:43,067] {dag.py:2396} INFO - Sync 1 DAGs
[2022-01-19 18:28:43,085] {logging_mixin.py:109} INFO - [2022-01-19 18:28:43,084] {dag.py:2935} INFO - Setting next_dagrun for example_complex to None
[2022-01-19 18:28:43,094] {processor.py:171} INFO - Processing /home/airflow/.local/lib/python3.6/site-packages/airflow/example_dags/example_complex.py took 0.090 seconds
[2022-01-19 18:29:13,889] {processor.py:163} INFO - Started process (PID=2480) to work on /home/airflow/.local/lib/python3.6/site-packages/airflow/example_dags/example_complex.py
[2022-01-19 18:29:13,890] {processor.py:642} INFO - Processing file /home/airflow/.local/lib/python3.6/site-packages/airflow/example_dags/example_complex.py for tasks to queue
[2022-01-19 18:29:13,890] {logging_mixin.py:109} INFO - [2022-01-19 18:29:13,890] {dagbag.py:500} INFO - Filling up the DagBag from /home/airflow/.local/lib/python3.6/site-packages/airflow/example_dags/example_complex.py
[2022-01-19 18:29:13,930] {processor.py:654} INFO - DAG(s) dict_keys(['example_complex']) retrieved from /home/airflow/.local/lib/python3.6/site-packages/airflow/example_dags/example_complex.py
[2022-01-19 18:29:13,953] {logging_mixin.py:109} INFO - [2022-01-19 18:29:13,952] {dag.py:2396} INFO - Sync 1 DAGs
[2022-01-19 18:29:13,971] {logging_mixin.py:109} INFO - [2022-01-19 18:29:13,971] {dag.py:2935} INFO - Setting next_dagrun for example_complex to None
[2022-01-19 18:29:13,980] {processor.py:171} INFO - Processing /home/airflow/.local/lib/python3.6/site-packages/airflow/example_dags/example_complex.py took 0.094 seconds
[2022-01-19 18:29:44,641] {processor.py:163} INFO - Started process (PID=2534) to work on /home/airflow/.local/lib/python3.6/site-packages/airflow/example_dags/example_complex.py
[2022-01-19 18:29:44,642] {processor.py:642} INFO - Processing file /home/airflow/.local/lib/python3.6/site-packages/airflow/example_dags/example_complex.py for tasks to queue
[2022-01-19 18:29:44,642] {logging_mixin.py:109} INFO - [2022-01-19 18:29:44,642] {dagbag.py:500} INFO - Filling up the DagBag from /home/airflow/.local/lib/python3.6/site-packages/airflow/example_dags/example_complex.py
[2022-01-19 18:29:44,677] {processor.py:654} INFO - DAG(s) dict_keys(['example_complex']) retrieved from /home/airflow/.local/lib/python3.6/site-packages/airflow/example_dags/example_complex.py
[2022-01-19 18:29:44,693] {logging_mixin.py:109} INFO - [2022-01-19 18:29:44,692] {dag.py:2396} INFO - Sync 1 DAGs
[2022-01-19 18:29:44,711] {logging_mixin.py:109} INFO - [2022-01-19 18:29:44,710] {dag.py:2935} INFO - Setting next_dagrun for example_complex to None
[2022-01-19 18:29:44,721] {processor.py:171} INFO - Processing /home/airflow/.local/lib/python3.6/site-packages/airflow/example_dags/example_complex.py took 0.083 seconds
[2022-01-19 18:30:15,485] {processor.py:163} INFO - Started process (PID=2587) to work on /home/airflow/.local/lib/python3.6/site-packages/airflow/example_dags/example_complex.py
[2022-01-19 18:30:15,486] {processor.py:642} INFO - Processing file /home/airflow/.local/lib/python3.6/site-packages/airflow/example_dags/example_complex.py for tasks to queue
[2022-01-19 18:30:15,486] {logging_mixin.py:109} INFO - [2022-01-19 18:30:15,486] {dagbag.py:500} INFO - Filling up the DagBag from /home/airflow/.local/lib/python3.6/site-packages/airflow/example_dags/example_complex.py
[2022-01-19 18:30:15,521] {processor.py:654} INFO - DAG(s) dict_keys(['example_complex']) retrieved from /home/airflow/.local/lib/python3.6/site-packages/airflow/example_dags/example_complex.py
[2022-01-19 18:30:15,537] {logging_mixin.py:109} INFO - [2022-01-19 18:30:15,537] {dag.py:2396} INFO - Sync 1 DAGs
[2022-01-19 18:30:15,552] {logging_mixin.py:109} INFO - [2022-01-19 18:30:15,552] {dag.py:2935} INFO - Setting next_dagrun for example_complex to None
[2022-01-19 18:30:15,560] {processor.py:171} INFO - Processing /home/airflow/.local/lib/python3.6/site-packages/airflow/example_dags/example_complex.py took 0.078 seconds
[2022-01-19 18:30:46,071] {processor.py:163} INFO - Started process (PID=2649) to work on /home/airflow/.local/lib/python3.6/site-packages/airflow/example_dags/example_complex.py
[2022-01-19 18:30:46,073] {processor.py:642} INFO - Processing file /home/airflow/.local/lib/python3.6/site-packages/airflow/example_dags/example_complex.py for tasks to queue
[2022-01-19 18:30:46,073] {logging_mixin.py:109} INFO - [2022-01-19 18:30:46,073] {dagbag.py:500} INFO - Filling up the DagBag from /home/airflow/.local/lib/python3.6/site-packages/airflow/example_dags/example_complex.py
[2022-01-19 18:30:46,105] {processor.py:654} INFO - DAG(s) dict_keys(['example_complex']) retrieved from /home/airflow/.local/lib/python3.6/site-packages/airflow/example_dags/example_complex.py
[2022-01-19 18:30:46,120] {logging_mixin.py:109} INFO - [2022-01-19 18:30:46,119] {dag.py:2396} INFO - Sync 1 DAGs
[2022-01-19 18:30:46,135] {logging_mixin.py:109} INFO - [2022-01-19 18:30:46,135] {dag.py:2935} INFO - Setting next_dagrun for example_complex to None
[2022-01-19 18:30:46,142] {processor.py:171} INFO - Processing /home/airflow/.local/lib/python3.6/site-packages/airflow/example_dags/example_complex.py took 0.073 seconds
