[2022-01-19 18:09:57,032] {processor.py:163} INFO - Started process (PID=191) to work on /home/airflow/.local/lib/python3.6/site-packages/airflow/example_dags/example_nested_branch_dag.py
[2022-01-19 18:09:57,033] {processor.py:642} INFO - Processing file /home/airflow/.local/lib/python3.6/site-packages/airflow/example_dags/example_nested_branch_dag.py for tasks to queue
[2022-01-19 18:09:57,033] {logging_mixin.py:109} INFO - [2022-01-19 18:09:57,033] {dagbag.py:500} INFO - Filling up the DagBag from /home/airflow/.local/lib/python3.6/site-packages/airflow/example_dags/example_nested_branch_dag.py
[2022-01-19 18:09:57,066] {processor.py:654} INFO - DAG(s) dict_keys(['example_nested_branch_dag']) retrieved from /home/airflow/.local/lib/python3.6/site-packages/airflow/example_dags/example_nested_branch_dag.py
[2022-01-19 18:09:59,459] {logging_mixin.py:109} INFO - [2022-01-19 18:09:59,459] {manager.py:496} INFO - Created Permission View: can read on DAG:example_nested_branch_dag
[2022-01-19 18:09:59,468] {logging_mixin.py:109} INFO - [2022-01-19 18:09:59,468] {manager.py:496} INFO - Created Permission View: can edit on DAG:example_nested_branch_dag
[2022-01-19 18:09:59,470] {logging_mixin.py:109} INFO - [2022-01-19 18:09:59,468] {dag.py:2396} INFO - Sync 1 DAGs
[2022-01-19 18:09:59,481] {logging_mixin.py:109} INFO - [2022-01-19 18:09:59,480] {dag.py:2415} INFO - Creating ORM DAG for example_nested_branch_dag
[2022-01-19 18:09:59,491] {logging_mixin.py:109} INFO - [2022-01-19 18:09:59,491] {dag.py:2935} INFO - Setting next_dagrun for example_nested_branch_dag to 2022-01-18 00:00:00+00:00
[2022-01-19 18:09:59,504] {processor.py:171} INFO - Processing /home/airflow/.local/lib/python3.6/site-packages/airflow/example_dags/example_nested_branch_dag.py took 2.475 seconds
[2022-01-19 18:10:30,111] {processor.py:163} INFO - Started process (PID=371) to work on /home/airflow/.local/lib/python3.6/site-packages/airflow/example_dags/example_nested_branch_dag.py
[2022-01-19 18:10:30,112] {processor.py:642} INFO - Processing file /home/airflow/.local/lib/python3.6/site-packages/airflow/example_dags/example_nested_branch_dag.py for tasks to queue
[2022-01-19 18:10:30,112] {logging_mixin.py:109} INFO - [2022-01-19 18:10:30,112] {dagbag.py:500} INFO - Filling up the DagBag from /home/airflow/.local/lib/python3.6/site-packages/airflow/example_dags/example_nested_branch_dag.py
[2022-01-19 18:10:30,139] {processor.py:654} INFO - DAG(s) dict_keys(['example_nested_branch_dag']) retrieved from /home/airflow/.local/lib/python3.6/site-packages/airflow/example_dags/example_nested_branch_dag.py
[2022-01-19 18:10:30,152] {logging_mixin.py:109} INFO - [2022-01-19 18:10:30,152] {dag.py:2396} INFO - Sync 1 DAGs
[2022-01-19 18:10:30,171] {logging_mixin.py:109} INFO - [2022-01-19 18:10:30,171] {dag.py:2935} INFO - Setting next_dagrun for example_nested_branch_dag to 2022-01-18 00:00:00+00:00
[2022-01-19 18:10:30,179] {processor.py:171} INFO - Processing /home/airflow/.local/lib/python3.6/site-packages/airflow/example_dags/example_nested_branch_dag.py took 0.072 seconds
[2022-01-19 18:11:00,263] {processor.py:163} INFO - Started process (PID=433) to work on /home/airflow/.local/lib/python3.6/site-packages/airflow/example_dags/example_nested_branch_dag.py
[2022-01-19 18:11:00,264] {processor.py:642} INFO - Processing file /home/airflow/.local/lib/python3.6/site-packages/airflow/example_dags/example_nested_branch_dag.py for tasks to queue
[2022-01-19 18:11:00,265] {logging_mixin.py:109} INFO - [2022-01-19 18:11:00,264] {dagbag.py:500} INFO - Filling up the DagBag from /home/airflow/.local/lib/python3.6/site-packages/airflow/example_dags/example_nested_branch_dag.py
[2022-01-19 18:11:00,290] {processor.py:654} INFO - DAG(s) dict_keys(['example_nested_branch_dag']) retrieved from /home/airflow/.local/lib/python3.6/site-packages/airflow/example_dags/example_nested_branch_dag.py
[2022-01-19 18:11:00,300] {logging_mixin.py:109} INFO - [2022-01-19 18:11:00,300] {dag.py:2396} INFO - Sync 1 DAGs
[2022-01-19 18:11:00,318] {logging_mixin.py:109} INFO - [2022-01-19 18:11:00,318] {dag.py:2935} INFO - Setting next_dagrun for example_nested_branch_dag to 2022-01-18 00:00:00+00:00
[2022-01-19 18:11:00,326] {processor.py:171} INFO - Processing /home/airflow/.local/lib/python3.6/site-packages/airflow/example_dags/example_nested_branch_dag.py took 0.066 seconds
[2022-01-19 18:11:30,370] {processor.py:163} INFO - Started process (PID=486) to work on /home/airflow/.local/lib/python3.6/site-packages/airflow/example_dags/example_nested_branch_dag.py
[2022-01-19 18:11:30,371] {processor.py:642} INFO - Processing file /home/airflow/.local/lib/python3.6/site-packages/airflow/example_dags/example_nested_branch_dag.py for tasks to queue
[2022-01-19 18:11:30,372] {logging_mixin.py:109} INFO - [2022-01-19 18:11:30,372] {dagbag.py:500} INFO - Filling up the DagBag from /home/airflow/.local/lib/python3.6/site-packages/airflow/example_dags/example_nested_branch_dag.py
[2022-01-19 18:11:30,404] {processor.py:654} INFO - DAG(s) dict_keys(['example_nested_branch_dag']) retrieved from /home/airflow/.local/lib/python3.6/site-packages/airflow/example_dags/example_nested_branch_dag.py
[2022-01-19 18:11:30,416] {logging_mixin.py:109} INFO - [2022-01-19 18:11:30,416] {dag.py:2396} INFO - Sync 1 DAGs
[2022-01-19 18:11:30,433] {logging_mixin.py:109} INFO - [2022-01-19 18:11:30,433] {dag.py:2935} INFO - Setting next_dagrun for example_nested_branch_dag to 2022-01-18 00:00:00+00:00
[2022-01-19 18:11:30,441] {processor.py:171} INFO - Processing /home/airflow/.local/lib/python3.6/site-packages/airflow/example_dags/example_nested_branch_dag.py took 0.074 seconds
[2022-01-19 18:12:00,463] {processor.py:163} INFO - Started process (PID=537) to work on /home/airflow/.local/lib/python3.6/site-packages/airflow/example_dags/example_nested_branch_dag.py
[2022-01-19 18:12:00,465] {processor.py:642} INFO - Processing file /home/airflow/.local/lib/python3.6/site-packages/airflow/example_dags/example_nested_branch_dag.py for tasks to queue
[2022-01-19 18:12:00,466] {logging_mixin.py:109} INFO - [2022-01-19 18:12:00,465] {dagbag.py:500} INFO - Filling up the DagBag from /home/airflow/.local/lib/python3.6/site-packages/airflow/example_dags/example_nested_branch_dag.py
[2022-01-19 18:12:00,537] {processor.py:654} INFO - DAG(s) dict_keys(['example_nested_branch_dag']) retrieved from /home/airflow/.local/lib/python3.6/site-packages/airflow/example_dags/example_nested_branch_dag.py
[2022-01-19 18:12:00,571] {logging_mixin.py:109} INFO - [2022-01-19 18:12:00,570] {dag.py:2396} INFO - Sync 1 DAGs
[2022-01-19 18:12:00,619] {logging_mixin.py:109} INFO - [2022-01-19 18:12:00,619] {dag.py:2935} INFO - Setting next_dagrun for example_nested_branch_dag to 2022-01-18 00:00:00+00:00
[2022-01-19 18:12:00,648] {processor.py:171} INFO - Processing /home/airflow/.local/lib/python3.6/site-packages/airflow/example_dags/example_nested_branch_dag.py took 0.190 seconds
[2022-01-19 18:12:31,600] {processor.py:163} INFO - Started process (PID=602) to work on /home/airflow/.local/lib/python3.6/site-packages/airflow/example_dags/example_nested_branch_dag.py
[2022-01-19 18:12:31,601] {processor.py:642} INFO - Processing file /home/airflow/.local/lib/python3.6/site-packages/airflow/example_dags/example_nested_branch_dag.py for tasks to queue
[2022-01-19 18:12:31,602] {logging_mixin.py:109} INFO - [2022-01-19 18:12:31,602] {dagbag.py:500} INFO - Filling up the DagBag from /home/airflow/.local/lib/python3.6/site-packages/airflow/example_dags/example_nested_branch_dag.py
[2022-01-19 18:12:31,630] {processor.py:654} INFO - DAG(s) dict_keys(['example_nested_branch_dag']) retrieved from /home/airflow/.local/lib/python3.6/site-packages/airflow/example_dags/example_nested_branch_dag.py
[2022-01-19 18:12:31,643] {logging_mixin.py:109} INFO - [2022-01-19 18:12:31,643] {dag.py:2396} INFO - Sync 1 DAGs
[2022-01-19 18:12:31,661] {logging_mixin.py:109} INFO - [2022-01-19 18:12:31,660] {dag.py:2935} INFO - Setting next_dagrun for example_nested_branch_dag to 2022-01-18 00:00:00+00:00
[2022-01-19 18:12:31,668] {processor.py:171} INFO - Processing /home/airflow/.local/lib/python3.6/site-packages/airflow/example_dags/example_nested_branch_dag.py took 0.071 seconds
[2022-01-19 18:13:02,109] {processor.py:163} INFO - Started process (PID=654) to work on /home/airflow/.local/lib/python3.6/site-packages/airflow/example_dags/example_nested_branch_dag.py
[2022-01-19 18:13:02,110] {processor.py:642} INFO - Processing file /home/airflow/.local/lib/python3.6/site-packages/airflow/example_dags/example_nested_branch_dag.py for tasks to queue
[2022-01-19 18:13:02,110] {logging_mixin.py:109} INFO - [2022-01-19 18:13:02,110] {dagbag.py:500} INFO - Filling up the DagBag from /home/airflow/.local/lib/python3.6/site-packages/airflow/example_dags/example_nested_branch_dag.py
[2022-01-19 18:13:02,139] {processor.py:654} INFO - DAG(s) dict_keys(['example_nested_branch_dag']) retrieved from /home/airflow/.local/lib/python3.6/site-packages/airflow/example_dags/example_nested_branch_dag.py
[2022-01-19 18:13:02,151] {logging_mixin.py:109} INFO - [2022-01-19 18:13:02,151] {dag.py:2396} INFO - Sync 1 DAGs
[2022-01-19 18:13:02,171] {logging_mixin.py:109} INFO - [2022-01-19 18:13:02,171] {dag.py:2935} INFO - Setting next_dagrun for example_nested_branch_dag to 2022-01-18 00:00:00+00:00
[2022-01-19 18:13:02,179] {processor.py:171} INFO - Processing /home/airflow/.local/lib/python3.6/site-packages/airflow/example_dags/example_nested_branch_dag.py took 0.072 seconds
[2022-01-19 18:13:32,661] {processor.py:163} INFO - Started process (PID=734) to work on /home/airflow/.local/lib/python3.6/site-packages/airflow/example_dags/example_nested_branch_dag.py
[2022-01-19 18:13:32,662] {processor.py:642} INFO - Processing file /home/airflow/.local/lib/python3.6/site-packages/airflow/example_dags/example_nested_branch_dag.py for tasks to queue
[2022-01-19 18:13:32,663] {logging_mixin.py:109} INFO - [2022-01-19 18:13:32,663] {dagbag.py:500} INFO - Filling up the DagBag from /home/airflow/.local/lib/python3.6/site-packages/airflow/example_dags/example_nested_branch_dag.py
[2022-01-19 18:13:32,700] {processor.py:654} INFO - DAG(s) dict_keys(['example_nested_branch_dag']) retrieved from /home/airflow/.local/lib/python3.6/site-packages/airflow/example_dags/example_nested_branch_dag.py
[2022-01-19 18:13:32,716] {logging_mixin.py:109} INFO - [2022-01-19 18:13:32,716] {dag.py:2396} INFO - Sync 1 DAGs
[2022-01-19 18:13:32,746] {logging_mixin.py:109} INFO - [2022-01-19 18:13:32,746] {dag.py:2935} INFO - Setting next_dagrun for example_nested_branch_dag to 2022-01-18 00:00:00+00:00
[2022-01-19 18:13:32,785] {processor.py:171} INFO - Processing /home/airflow/.local/lib/python3.6/site-packages/airflow/example_dags/example_nested_branch_dag.py took 0.128 seconds
[2022-01-19 18:14:03,398] {processor.py:163} INFO - Started process (PID=787) to work on /home/airflow/.local/lib/python3.6/site-packages/airflow/example_dags/example_nested_branch_dag.py
[2022-01-19 18:14:03,399] {processor.py:642} INFO - Processing file /home/airflow/.local/lib/python3.6/site-packages/airflow/example_dags/example_nested_branch_dag.py for tasks to queue
[2022-01-19 18:14:03,399] {logging_mixin.py:109} INFO - [2022-01-19 18:14:03,399] {dagbag.py:500} INFO - Filling up the DagBag from /home/airflow/.local/lib/python3.6/site-packages/airflow/example_dags/example_nested_branch_dag.py
[2022-01-19 18:14:03,431] {processor.py:654} INFO - DAG(s) dict_keys(['example_nested_branch_dag']) retrieved from /home/airflow/.local/lib/python3.6/site-packages/airflow/example_dags/example_nested_branch_dag.py
[2022-01-19 18:14:03,444] {logging_mixin.py:109} INFO - [2022-01-19 18:14:03,443] {dag.py:2396} INFO - Sync 1 DAGs
[2022-01-19 18:14:03,465] {logging_mixin.py:109} INFO - [2022-01-19 18:14:03,465] {dag.py:2935} INFO - Setting next_dagrun for example_nested_branch_dag to 2022-01-18 00:00:00+00:00
[2022-01-19 18:14:03,481] {processor.py:171} INFO - Processing /home/airflow/.local/lib/python3.6/site-packages/airflow/example_dags/example_nested_branch_dag.py took 0.086 seconds
[2022-01-19 18:14:33,962] {processor.py:163} INFO - Started process (PID=839) to work on /home/airflow/.local/lib/python3.6/site-packages/airflow/example_dags/example_nested_branch_dag.py
[2022-01-19 18:14:33,963] {processor.py:642} INFO - Processing file /home/airflow/.local/lib/python3.6/site-packages/airflow/example_dags/example_nested_branch_dag.py for tasks to queue
[2022-01-19 18:14:33,964] {logging_mixin.py:109} INFO - [2022-01-19 18:14:33,963] {dagbag.py:500} INFO - Filling up the DagBag from /home/airflow/.local/lib/python3.6/site-packages/airflow/example_dags/example_nested_branch_dag.py
[2022-01-19 18:14:33,997] {processor.py:654} INFO - DAG(s) dict_keys(['example_nested_branch_dag']) retrieved from /home/airflow/.local/lib/python3.6/site-packages/airflow/example_dags/example_nested_branch_dag.py
[2022-01-19 18:14:34,010] {logging_mixin.py:109} INFO - [2022-01-19 18:14:34,010] {dag.py:2396} INFO - Sync 1 DAGs
[2022-01-19 18:14:34,029] {logging_mixin.py:109} INFO - [2022-01-19 18:14:34,028] {dag.py:2935} INFO - Setting next_dagrun for example_nested_branch_dag to 2022-01-18 00:00:00+00:00
[2022-01-19 18:14:34,036] {processor.py:171} INFO - Processing /home/airflow/.local/lib/python3.6/site-packages/airflow/example_dags/example_nested_branch_dag.py took 0.078 seconds
[2022-01-19 18:15:04,505] {processor.py:163} INFO - Started process (PID=901) to work on /home/airflow/.local/lib/python3.6/site-packages/airflow/example_dags/example_nested_branch_dag.py
[2022-01-19 18:15:04,506] {processor.py:642} INFO - Processing file /home/airflow/.local/lib/python3.6/site-packages/airflow/example_dags/example_nested_branch_dag.py for tasks to queue
[2022-01-19 18:15:04,507] {logging_mixin.py:109} INFO - [2022-01-19 18:15:04,507] {dagbag.py:500} INFO - Filling up the DagBag from /home/airflow/.local/lib/python3.6/site-packages/airflow/example_dags/example_nested_branch_dag.py
[2022-01-19 18:15:04,536] {processor.py:654} INFO - DAG(s) dict_keys(['example_nested_branch_dag']) retrieved from /home/airflow/.local/lib/python3.6/site-packages/airflow/example_dags/example_nested_branch_dag.py
[2022-01-19 18:15:04,549] {logging_mixin.py:109} INFO - [2022-01-19 18:15:04,549] {dag.py:2396} INFO - Sync 1 DAGs
[2022-01-19 18:15:04,567] {logging_mixin.py:109} INFO - [2022-01-19 18:15:04,567] {dag.py:2935} INFO - Setting next_dagrun for example_nested_branch_dag to 2022-01-18 00:00:00+00:00
[2022-01-19 18:15:04,575] {processor.py:171} INFO - Processing /home/airflow/.local/lib/python3.6/site-packages/airflow/example_dags/example_nested_branch_dag.py took 0.072 seconds
[2022-01-19 18:15:35,002] {processor.py:163} INFO - Started process (PID=953) to work on /home/airflow/.local/lib/python3.6/site-packages/airflow/example_dags/example_nested_branch_dag.py
[2022-01-19 18:15:35,004] {processor.py:642} INFO - Processing file /home/airflow/.local/lib/python3.6/site-packages/airflow/example_dags/example_nested_branch_dag.py for tasks to queue
[2022-01-19 18:15:35,006] {logging_mixin.py:109} INFO - [2022-01-19 18:15:35,006] {dagbag.py:500} INFO - Filling up the DagBag from /home/airflow/.local/lib/python3.6/site-packages/airflow/example_dags/example_nested_branch_dag.py
[2022-01-19 18:15:35,047] {processor.py:654} INFO - DAG(s) dict_keys(['example_nested_branch_dag']) retrieved from /home/airflow/.local/lib/python3.6/site-packages/airflow/example_dags/example_nested_branch_dag.py
[2022-01-19 18:15:35,057] {logging_mixin.py:109} INFO - [2022-01-19 18:15:35,057] {dag.py:2396} INFO - Sync 1 DAGs
[2022-01-19 18:15:35,074] {logging_mixin.py:109} INFO - [2022-01-19 18:15:35,074] {dag.py:2935} INFO - Setting next_dagrun for example_nested_branch_dag to 2022-01-18 00:00:00+00:00
[2022-01-19 18:15:35,081] {processor.py:171} INFO - Processing /home/airflow/.local/lib/python3.6/site-packages/airflow/example_dags/example_nested_branch_dag.py took 0.086 seconds
[2022-01-19 18:16:05,388] {processor.py:163} INFO - Started process (PID=1016) to work on /home/airflow/.local/lib/python3.6/site-packages/airflow/example_dags/example_nested_branch_dag.py
[2022-01-19 18:16:05,388] {processor.py:642} INFO - Processing file /home/airflow/.local/lib/python3.6/site-packages/airflow/example_dags/example_nested_branch_dag.py for tasks to queue
[2022-01-19 18:16:05,389] {logging_mixin.py:109} INFO - [2022-01-19 18:16:05,389] {dagbag.py:500} INFO - Filling up the DagBag from /home/airflow/.local/lib/python3.6/site-packages/airflow/example_dags/example_nested_branch_dag.py
[2022-01-19 18:16:05,415] {processor.py:654} INFO - DAG(s) dict_keys(['example_nested_branch_dag']) retrieved from /home/airflow/.local/lib/python3.6/site-packages/airflow/example_dags/example_nested_branch_dag.py
[2022-01-19 18:16:05,424] {logging_mixin.py:109} INFO - [2022-01-19 18:16:05,424] {dag.py:2396} INFO - Sync 1 DAGs
[2022-01-19 18:16:05,439] {logging_mixin.py:109} INFO - [2022-01-19 18:16:05,439] {dag.py:2935} INFO - Setting next_dagrun for example_nested_branch_dag to 2022-01-18 00:00:00+00:00
[2022-01-19 18:16:05,447] {processor.py:171} INFO - Processing /home/airflow/.local/lib/python3.6/site-packages/airflow/example_dags/example_nested_branch_dag.py took 0.061 seconds
[2022-01-19 18:16:36,047] {processor.py:163} INFO - Started process (PID=1068) to work on /home/airflow/.local/lib/python3.6/site-packages/airflow/example_dags/example_nested_branch_dag.py
[2022-01-19 18:16:36,048] {processor.py:642} INFO - Processing file /home/airflow/.local/lib/python3.6/site-packages/airflow/example_dags/example_nested_branch_dag.py for tasks to queue
[2022-01-19 18:16:36,049] {logging_mixin.py:109} INFO - [2022-01-19 18:16:36,049] {dagbag.py:500} INFO - Filling up the DagBag from /home/airflow/.local/lib/python3.6/site-packages/airflow/example_dags/example_nested_branch_dag.py
[2022-01-19 18:16:36,084] {processor.py:654} INFO - DAG(s) dict_keys(['example_nested_branch_dag']) retrieved from /home/airflow/.local/lib/python3.6/site-packages/airflow/example_dags/example_nested_branch_dag.py
[2022-01-19 18:16:36,100] {logging_mixin.py:109} INFO - [2022-01-19 18:16:36,100] {dag.py:2396} INFO - Sync 1 DAGs
[2022-01-19 18:16:36,120] {logging_mixin.py:109} INFO - [2022-01-19 18:16:36,120] {dag.py:2935} INFO - Setting next_dagrun for example_nested_branch_dag to 2022-01-18 00:00:00+00:00
[2022-01-19 18:16:36,129] {processor.py:171} INFO - Processing /home/airflow/.local/lib/python3.6/site-packages/airflow/example_dags/example_nested_branch_dag.py took 0.086 seconds
[2022-01-19 18:17:06,593] {processor.py:163} INFO - Started process (PID=1131) to work on /home/airflow/.local/lib/python3.6/site-packages/airflow/example_dags/example_nested_branch_dag.py
[2022-01-19 18:17:06,594] {processor.py:642} INFO - Processing file /home/airflow/.local/lib/python3.6/site-packages/airflow/example_dags/example_nested_branch_dag.py for tasks to queue
[2022-01-19 18:17:06,594] {logging_mixin.py:109} INFO - [2022-01-19 18:17:06,594] {dagbag.py:500} INFO - Filling up the DagBag from /home/airflow/.local/lib/python3.6/site-packages/airflow/example_dags/example_nested_branch_dag.py
[2022-01-19 18:17:06,618] {processor.py:654} INFO - DAG(s) dict_keys(['example_nested_branch_dag']) retrieved from /home/airflow/.local/lib/python3.6/site-packages/airflow/example_dags/example_nested_branch_dag.py
[2022-01-19 18:17:06,627] {logging_mixin.py:109} INFO - [2022-01-19 18:17:06,627] {dag.py:2396} INFO - Sync 1 DAGs
[2022-01-19 18:17:06,642] {logging_mixin.py:109} INFO - [2022-01-19 18:17:06,642] {dag.py:2935} INFO - Setting next_dagrun for example_nested_branch_dag to 2022-01-18 00:00:00+00:00
[2022-01-19 18:17:06,649] {processor.py:171} INFO - Processing /home/airflow/.local/lib/python3.6/site-packages/airflow/example_dags/example_nested_branch_dag.py took 0.058 seconds
[2022-01-19 18:17:36,849] {processor.py:163} INFO - Started process (PID=1182) to work on /home/airflow/.local/lib/python3.6/site-packages/airflow/example_dags/example_nested_branch_dag.py
[2022-01-19 18:17:36,850] {processor.py:642} INFO - Processing file /home/airflow/.local/lib/python3.6/site-packages/airflow/example_dags/example_nested_branch_dag.py for tasks to queue
[2022-01-19 18:17:36,850] {logging_mixin.py:109} INFO - [2022-01-19 18:17:36,850] {dagbag.py:500} INFO - Filling up the DagBag from /home/airflow/.local/lib/python3.6/site-packages/airflow/example_dags/example_nested_branch_dag.py
[2022-01-19 18:17:36,876] {processor.py:654} INFO - DAG(s) dict_keys(['example_nested_branch_dag']) retrieved from /home/airflow/.local/lib/python3.6/site-packages/airflow/example_dags/example_nested_branch_dag.py
[2022-01-19 18:17:36,886] {logging_mixin.py:109} INFO - [2022-01-19 18:17:36,886] {dag.py:2396} INFO - Sync 1 DAGs
[2022-01-19 18:17:36,904] {logging_mixin.py:109} INFO - [2022-01-19 18:17:36,904] {dag.py:2935} INFO - Setting next_dagrun for example_nested_branch_dag to 2022-01-18 00:00:00+00:00
[2022-01-19 18:17:36,912] {processor.py:171} INFO - Processing /home/airflow/.local/lib/python3.6/site-packages/airflow/example_dags/example_nested_branch_dag.py took 0.065 seconds
[2022-01-19 18:18:07,323] {processor.py:163} INFO - Started process (PID=1236) to work on /home/airflow/.local/lib/python3.6/site-packages/airflow/example_dags/example_nested_branch_dag.py
[2022-01-19 18:18:07,324] {processor.py:642} INFO - Processing file /home/airflow/.local/lib/python3.6/site-packages/airflow/example_dags/example_nested_branch_dag.py for tasks to queue
[2022-01-19 18:18:07,324] {logging_mixin.py:109} INFO - [2022-01-19 18:18:07,324] {dagbag.py:500} INFO - Filling up the DagBag from /home/airflow/.local/lib/python3.6/site-packages/airflow/example_dags/example_nested_branch_dag.py
[2022-01-19 18:18:07,352] {processor.py:654} INFO - DAG(s) dict_keys(['example_nested_branch_dag']) retrieved from /home/airflow/.local/lib/python3.6/site-packages/airflow/example_dags/example_nested_branch_dag.py
[2022-01-19 18:18:07,361] {logging_mixin.py:109} INFO - [2022-01-19 18:18:07,361] {dag.py:2396} INFO - Sync 1 DAGs
[2022-01-19 18:18:07,376] {logging_mixin.py:109} INFO - [2022-01-19 18:18:07,376] {dag.py:2935} INFO - Setting next_dagrun for example_nested_branch_dag to 2022-01-18 00:00:00+00:00
[2022-01-19 18:18:07,384] {processor.py:171} INFO - Processing /home/airflow/.local/lib/python3.6/site-packages/airflow/example_dags/example_nested_branch_dag.py took 0.065 seconds
[2022-01-19 18:18:37,921] {processor.py:163} INFO - Started process (PID=1298) to work on /home/airflow/.local/lib/python3.6/site-packages/airflow/example_dags/example_nested_branch_dag.py
[2022-01-19 18:18:37,922] {processor.py:642} INFO - Processing file /home/airflow/.local/lib/python3.6/site-packages/airflow/example_dags/example_nested_branch_dag.py for tasks to queue
[2022-01-19 18:18:37,922] {logging_mixin.py:109} INFO - [2022-01-19 18:18:37,922] {dagbag.py:500} INFO - Filling up the DagBag from /home/airflow/.local/lib/python3.6/site-packages/airflow/example_dags/example_nested_branch_dag.py
[2022-01-19 18:18:37,946] {processor.py:654} INFO - DAG(s) dict_keys(['example_nested_branch_dag']) retrieved from /home/airflow/.local/lib/python3.6/site-packages/airflow/example_dags/example_nested_branch_dag.py
[2022-01-19 18:18:37,956] {logging_mixin.py:109} INFO - [2022-01-19 18:18:37,956] {dag.py:2396} INFO - Sync 1 DAGs
[2022-01-19 18:18:37,975] {logging_mixin.py:109} INFO - [2022-01-19 18:18:37,975] {dag.py:2935} INFO - Setting next_dagrun for example_nested_branch_dag to 2022-01-18 00:00:00+00:00
[2022-01-19 18:18:37,983] {processor.py:171} INFO - Processing /home/airflow/.local/lib/python3.6/site-packages/airflow/example_dags/example_nested_branch_dag.py took 0.064 seconds
[2022-01-19 18:19:08,437] {processor.py:163} INFO - Started process (PID=1350) to work on /home/airflow/.local/lib/python3.6/site-packages/airflow/example_dags/example_nested_branch_dag.py
[2022-01-19 18:19:08,438] {processor.py:642} INFO - Processing file /home/airflow/.local/lib/python3.6/site-packages/airflow/example_dags/example_nested_branch_dag.py for tasks to queue
[2022-01-19 18:19:08,439] {logging_mixin.py:109} INFO - [2022-01-19 18:19:08,438] {dagbag.py:500} INFO - Filling up the DagBag from /home/airflow/.local/lib/python3.6/site-packages/airflow/example_dags/example_nested_branch_dag.py
[2022-01-19 18:19:08,494] {processor.py:654} INFO - DAG(s) dict_keys(['example_nested_branch_dag']) retrieved from /home/airflow/.local/lib/python3.6/site-packages/airflow/example_dags/example_nested_branch_dag.py
[2022-01-19 18:19:08,505] {logging_mixin.py:109} INFO - [2022-01-19 18:19:08,505] {dag.py:2396} INFO - Sync 1 DAGs
[2022-01-19 18:19:08,522] {logging_mixin.py:109} INFO - [2022-01-19 18:19:08,522] {dag.py:2935} INFO - Setting next_dagrun for example_nested_branch_dag to 2022-01-18 00:00:00+00:00
[2022-01-19 18:19:08,529] {processor.py:171} INFO - Processing /home/airflow/.local/lib/python3.6/site-packages/airflow/example_dags/example_nested_branch_dag.py took 0.094 seconds
[2022-01-19 18:19:39,061] {processor.py:163} INFO - Started process (PID=1413) to work on /home/airflow/.local/lib/python3.6/site-packages/airflow/example_dags/example_nested_branch_dag.py
[2022-01-19 18:19:39,062] {processor.py:642} INFO - Processing file /home/airflow/.local/lib/python3.6/site-packages/airflow/example_dags/example_nested_branch_dag.py for tasks to queue
[2022-01-19 18:19:39,064] {logging_mixin.py:109} INFO - [2022-01-19 18:19:39,064] {dagbag.py:500} INFO - Filling up the DagBag from /home/airflow/.local/lib/python3.6/site-packages/airflow/example_dags/example_nested_branch_dag.py
[2022-01-19 18:19:39,127] {processor.py:654} INFO - DAG(s) dict_keys(['example_nested_branch_dag']) retrieved from /home/airflow/.local/lib/python3.6/site-packages/airflow/example_dags/example_nested_branch_dag.py
[2022-01-19 18:19:39,155] {logging_mixin.py:109} INFO - [2022-01-19 18:19:39,155] {dag.py:2396} INFO - Sync 1 DAGs
[2022-01-19 18:19:39,200] {logging_mixin.py:109} INFO - [2022-01-19 18:19:39,199] {dag.py:2935} INFO - Setting next_dagrun for example_nested_branch_dag to 2022-01-18 00:00:00+00:00
[2022-01-19 18:19:39,217] {processor.py:171} INFO - Processing /home/airflow/.local/lib/python3.6/site-packages/airflow/example_dags/example_nested_branch_dag.py took 0.161 seconds
[2022-01-19 18:20:09,389] {processor.py:163} INFO - Started process (PID=1464) to work on /home/airflow/.local/lib/python3.6/site-packages/airflow/example_dags/example_nested_branch_dag.py
[2022-01-19 18:20:09,390] {processor.py:642} INFO - Processing file /home/airflow/.local/lib/python3.6/site-packages/airflow/example_dags/example_nested_branch_dag.py for tasks to queue
[2022-01-19 18:20:09,390] {logging_mixin.py:109} INFO - [2022-01-19 18:20:09,390] {dagbag.py:500} INFO - Filling up the DagBag from /home/airflow/.local/lib/python3.6/site-packages/airflow/example_dags/example_nested_branch_dag.py
[2022-01-19 18:20:09,414] {processor.py:654} INFO - DAG(s) dict_keys(['example_nested_branch_dag']) retrieved from /home/airflow/.local/lib/python3.6/site-packages/airflow/example_dags/example_nested_branch_dag.py
[2022-01-19 18:20:09,423] {logging_mixin.py:109} INFO - [2022-01-19 18:20:09,423] {dag.py:2396} INFO - Sync 1 DAGs
[2022-01-19 18:20:09,438] {logging_mixin.py:109} INFO - [2022-01-19 18:20:09,438] {dag.py:2935} INFO - Setting next_dagrun for example_nested_branch_dag to 2022-01-18 00:00:00+00:00
[2022-01-19 18:20:09,445] {processor.py:171} INFO - Processing /home/airflow/.local/lib/python3.6/site-packages/airflow/example_dags/example_nested_branch_dag.py took 0.058 seconds
[2022-01-19 18:20:40,244] {processor.py:163} INFO - Started process (PID=1516) to work on /home/airflow/.local/lib/python3.6/site-packages/airflow/example_dags/example_nested_branch_dag.py
[2022-01-19 18:20:40,246] {processor.py:642} INFO - Processing file /home/airflow/.local/lib/python3.6/site-packages/airflow/example_dags/example_nested_branch_dag.py for tasks to queue
[2022-01-19 18:20:40,246] {logging_mixin.py:109} INFO - [2022-01-19 18:20:40,246] {dagbag.py:500} INFO - Filling up the DagBag from /home/airflow/.local/lib/python3.6/site-packages/airflow/example_dags/example_nested_branch_dag.py
[2022-01-19 18:20:40,270] {processor.py:654} INFO - DAG(s) dict_keys(['example_nested_branch_dag']) retrieved from /home/airflow/.local/lib/python3.6/site-packages/airflow/example_dags/example_nested_branch_dag.py
[2022-01-19 18:20:40,282] {logging_mixin.py:109} INFO - [2022-01-19 18:20:40,282] {dag.py:2396} INFO - Sync 1 DAGs
[2022-01-19 18:20:40,299] {logging_mixin.py:109} INFO - [2022-01-19 18:20:40,299] {dag.py:2935} INFO - Setting next_dagrun for example_nested_branch_dag to 2022-01-18 00:00:00+00:00
[2022-01-19 18:20:40,308] {processor.py:171} INFO - Processing /home/airflow/.local/lib/python3.6/site-packages/airflow/example_dags/example_nested_branch_dag.py took 0.066 seconds
[2022-01-19 18:21:10,453] {processor.py:163} INFO - Started process (PID=1578) to work on /home/airflow/.local/lib/python3.6/site-packages/airflow/example_dags/example_nested_branch_dag.py
[2022-01-19 18:21:10,454] {processor.py:642} INFO - Processing file /home/airflow/.local/lib/python3.6/site-packages/airflow/example_dags/example_nested_branch_dag.py for tasks to queue
[2022-01-19 18:21:10,454] {logging_mixin.py:109} INFO - [2022-01-19 18:21:10,454] {dagbag.py:500} INFO - Filling up the DagBag from /home/airflow/.local/lib/python3.6/site-packages/airflow/example_dags/example_nested_branch_dag.py
[2022-01-19 18:21:10,479] {processor.py:654} INFO - DAG(s) dict_keys(['example_nested_branch_dag']) retrieved from /home/airflow/.local/lib/python3.6/site-packages/airflow/example_dags/example_nested_branch_dag.py
[2022-01-19 18:21:10,488] {logging_mixin.py:109} INFO - [2022-01-19 18:21:10,488] {dag.py:2396} INFO - Sync 1 DAGs
[2022-01-19 18:21:10,505] {logging_mixin.py:109} INFO - [2022-01-19 18:21:10,505] {dag.py:2935} INFO - Setting next_dagrun for example_nested_branch_dag to 2022-01-18 00:00:00+00:00
[2022-01-19 18:21:10,514] {processor.py:171} INFO - Processing /home/airflow/.local/lib/python3.6/site-packages/airflow/example_dags/example_nested_branch_dag.py took 0.063 seconds
[2022-01-19 18:21:40,729] {processor.py:163} INFO - Started process (PID=1630) to work on /home/airflow/.local/lib/python3.6/site-packages/airflow/example_dags/example_nested_branch_dag.py
[2022-01-19 18:21:40,730] {processor.py:642} INFO - Processing file /home/airflow/.local/lib/python3.6/site-packages/airflow/example_dags/example_nested_branch_dag.py for tasks to queue
[2022-01-19 18:21:40,731] {logging_mixin.py:109} INFO - [2022-01-19 18:21:40,731] {dagbag.py:500} INFO - Filling up the DagBag from /home/airflow/.local/lib/python3.6/site-packages/airflow/example_dags/example_nested_branch_dag.py
[2022-01-19 18:21:40,753] {processor.py:654} INFO - DAG(s) dict_keys(['example_nested_branch_dag']) retrieved from /home/airflow/.local/lib/python3.6/site-packages/airflow/example_dags/example_nested_branch_dag.py
[2022-01-19 18:21:40,763] {logging_mixin.py:109} INFO - [2022-01-19 18:21:40,763] {dag.py:2396} INFO - Sync 1 DAGs
[2022-01-19 18:21:40,778] {logging_mixin.py:109} INFO - [2022-01-19 18:21:40,778] {dag.py:2935} INFO - Setting next_dagrun for example_nested_branch_dag to 2022-01-18 00:00:00+00:00
[2022-01-19 18:21:40,786] {processor.py:171} INFO - Processing /home/airflow/.local/lib/python3.6/site-packages/airflow/example_dags/example_nested_branch_dag.py took 0.059 seconds
[2022-01-19 18:22:11,633] {processor.py:163} INFO - Started process (PID=1684) to work on /home/airflow/.local/lib/python3.6/site-packages/airflow/example_dags/example_nested_branch_dag.py
[2022-01-19 18:22:11,634] {processor.py:642} INFO - Processing file /home/airflow/.local/lib/python3.6/site-packages/airflow/example_dags/example_nested_branch_dag.py for tasks to queue
[2022-01-19 18:22:11,635] {logging_mixin.py:109} INFO - [2022-01-19 18:22:11,635] {dagbag.py:500} INFO - Filling up the DagBag from /home/airflow/.local/lib/python3.6/site-packages/airflow/example_dags/example_nested_branch_dag.py
[2022-01-19 18:22:11,659] {processor.py:654} INFO - DAG(s) dict_keys(['example_nested_branch_dag']) retrieved from /home/airflow/.local/lib/python3.6/site-packages/airflow/example_dags/example_nested_branch_dag.py
[2022-01-19 18:22:11,671] {logging_mixin.py:109} INFO - [2022-01-19 18:22:11,670] {dag.py:2396} INFO - Sync 1 DAGs
[2022-01-19 18:22:11,689] {logging_mixin.py:109} INFO - [2022-01-19 18:22:11,689] {dag.py:2935} INFO - Setting next_dagrun for example_nested_branch_dag to 2022-01-18 00:00:00+00:00
[2022-01-19 18:22:11,697] {processor.py:171} INFO - Processing /home/airflow/.local/lib/python3.6/site-packages/airflow/example_dags/example_nested_branch_dag.py took 0.067 seconds
[2022-01-19 18:22:41,861] {processor.py:163} INFO - Started process (PID=1747) to work on /home/airflow/.local/lib/python3.6/site-packages/airflow/example_dags/example_nested_branch_dag.py
[2022-01-19 18:22:41,864] {processor.py:642} INFO - Processing file /home/airflow/.local/lib/python3.6/site-packages/airflow/example_dags/example_nested_branch_dag.py for tasks to queue
[2022-01-19 18:22:41,864] {logging_mixin.py:109} INFO - [2022-01-19 18:22:41,864] {dagbag.py:500} INFO - Filling up the DagBag from /home/airflow/.local/lib/python3.6/site-packages/airflow/example_dags/example_nested_branch_dag.py
[2022-01-19 18:22:41,893] {processor.py:654} INFO - DAG(s) dict_keys(['example_nested_branch_dag']) retrieved from /home/airflow/.local/lib/python3.6/site-packages/airflow/example_dags/example_nested_branch_dag.py
[2022-01-19 18:22:41,905] {logging_mixin.py:109} INFO - [2022-01-19 18:22:41,905] {dag.py:2396} INFO - Sync 1 DAGs
[2022-01-19 18:22:41,922] {logging_mixin.py:109} INFO - [2022-01-19 18:22:41,922] {dag.py:2935} INFO - Setting next_dagrun for example_nested_branch_dag to 2022-01-18 00:00:00+00:00
[2022-01-19 18:22:41,930] {processor.py:171} INFO - Processing /home/airflow/.local/lib/python3.6/site-packages/airflow/example_dags/example_nested_branch_dag.py took 0.072 seconds
[2022-01-19 18:23:12,702] {processor.py:163} INFO - Started process (PID=1799) to work on /home/airflow/.local/lib/python3.6/site-packages/airflow/example_dags/example_nested_branch_dag.py
[2022-01-19 18:23:12,704] {processor.py:642} INFO - Processing file /home/airflow/.local/lib/python3.6/site-packages/airflow/example_dags/example_nested_branch_dag.py for tasks to queue
[2022-01-19 18:23:12,705] {logging_mixin.py:109} INFO - [2022-01-19 18:23:12,705] {dagbag.py:500} INFO - Filling up the DagBag from /home/airflow/.local/lib/python3.6/site-packages/airflow/example_dags/example_nested_branch_dag.py
[2022-01-19 18:23:12,740] {processor.py:654} INFO - DAG(s) dict_keys(['example_nested_branch_dag']) retrieved from /home/airflow/.local/lib/python3.6/site-packages/airflow/example_dags/example_nested_branch_dag.py
[2022-01-19 18:23:12,752] {logging_mixin.py:109} INFO - [2022-01-19 18:23:12,752] {dag.py:2396} INFO - Sync 1 DAGs
[2022-01-19 18:23:12,776] {logging_mixin.py:109} INFO - [2022-01-19 18:23:12,776] {dag.py:2935} INFO - Setting next_dagrun for example_nested_branch_dag to 2022-01-18 00:00:00+00:00
[2022-01-19 18:23:12,784] {processor.py:171} INFO - Processing /home/airflow/.local/lib/python3.6/site-packages/airflow/example_dags/example_nested_branch_dag.py took 0.090 seconds
[2022-01-19 18:23:42,907] {processor.py:163} INFO - Started process (PID=1862) to work on /home/airflow/.local/lib/python3.6/site-packages/airflow/example_dags/example_nested_branch_dag.py
[2022-01-19 18:23:42,908] {processor.py:642} INFO - Processing file /home/airflow/.local/lib/python3.6/site-packages/airflow/example_dags/example_nested_branch_dag.py for tasks to queue
[2022-01-19 18:23:42,909] {logging_mixin.py:109} INFO - [2022-01-19 18:23:42,909] {dagbag.py:500} INFO - Filling up the DagBag from /home/airflow/.local/lib/python3.6/site-packages/airflow/example_dags/example_nested_branch_dag.py
[2022-01-19 18:23:42,929] {processor.py:654} INFO - DAG(s) dict_keys(['example_nested_branch_dag']) retrieved from /home/airflow/.local/lib/python3.6/site-packages/airflow/example_dags/example_nested_branch_dag.py
[2022-01-19 18:23:42,937] {logging_mixin.py:109} INFO - [2022-01-19 18:23:42,937] {dag.py:2396} INFO - Sync 1 DAGs
[2022-01-19 18:23:42,950] {logging_mixin.py:109} INFO - [2022-01-19 18:23:42,950] {dag.py:2935} INFO - Setting next_dagrun for example_nested_branch_dag to 2022-01-18 00:00:00+00:00
[2022-01-19 18:23:42,960] {processor.py:171} INFO - Processing /home/airflow/.local/lib/python3.6/site-packages/airflow/example_dags/example_nested_branch_dag.py took 0.055 seconds
[2022-01-19 18:24:13,371] {processor.py:163} INFO - Started process (PID=1915) to work on /home/airflow/.local/lib/python3.6/site-packages/airflow/example_dags/example_nested_branch_dag.py
[2022-01-19 18:24:13,373] {processor.py:642} INFO - Processing file /home/airflow/.local/lib/python3.6/site-packages/airflow/example_dags/example_nested_branch_dag.py for tasks to queue
[2022-01-19 18:24:13,375] {logging_mixin.py:109} INFO - [2022-01-19 18:24:13,375] {dagbag.py:500} INFO - Filling up the DagBag from /home/airflow/.local/lib/python3.6/site-packages/airflow/example_dags/example_nested_branch_dag.py
[2022-01-19 18:24:13,415] {processor.py:654} INFO - DAG(s) dict_keys(['example_nested_branch_dag']) retrieved from /home/airflow/.local/lib/python3.6/site-packages/airflow/example_dags/example_nested_branch_dag.py
[2022-01-19 18:24:13,426] {logging_mixin.py:109} INFO - [2022-01-19 18:24:13,426] {dag.py:2396} INFO - Sync 1 DAGs
[2022-01-19 18:24:13,443] {logging_mixin.py:109} INFO - [2022-01-19 18:24:13,443] {dag.py:2935} INFO - Setting next_dagrun for example_nested_branch_dag to 2022-01-18 00:00:00+00:00
[2022-01-19 18:24:13,451] {processor.py:171} INFO - Processing /home/airflow/.local/lib/python3.6/site-packages/airflow/example_dags/example_nested_branch_dag.py took 0.088 seconds
[2022-01-19 18:24:43,745] {processor.py:163} INFO - Started process (PID=1968) to work on /home/airflow/.local/lib/python3.6/site-packages/airflow/example_dags/example_nested_branch_dag.py
[2022-01-19 18:24:43,748] {processor.py:642} INFO - Processing file /home/airflow/.local/lib/python3.6/site-packages/airflow/example_dags/example_nested_branch_dag.py for tasks to queue
[2022-01-19 18:24:43,750] {logging_mixin.py:109} INFO - [2022-01-19 18:24:43,750] {dagbag.py:500} INFO - Filling up the DagBag from /home/airflow/.local/lib/python3.6/site-packages/airflow/example_dags/example_nested_branch_dag.py
[2022-01-19 18:24:43,793] {processor.py:654} INFO - DAG(s) dict_keys(['example_nested_branch_dag']) retrieved from /home/airflow/.local/lib/python3.6/site-packages/airflow/example_dags/example_nested_branch_dag.py
[2022-01-19 18:24:43,805] {logging_mixin.py:109} INFO - [2022-01-19 18:24:43,805] {dag.py:2396} INFO - Sync 1 DAGs
[2022-01-19 18:24:43,824] {logging_mixin.py:109} INFO - [2022-01-19 18:24:43,824] {dag.py:2935} INFO - Setting next_dagrun for example_nested_branch_dag to 2022-01-18 00:00:00+00:00
[2022-01-19 18:24:43,833] {processor.py:171} INFO - Processing /home/airflow/.local/lib/python3.6/site-packages/airflow/example_dags/example_nested_branch_dag.py took 0.097 seconds
[2022-01-19 18:25:14,613] {processor.py:163} INFO - Started process (PID=2030) to work on /home/airflow/.local/lib/python3.6/site-packages/airflow/example_dags/example_nested_branch_dag.py
[2022-01-19 18:25:14,614] {processor.py:642} INFO - Processing file /home/airflow/.local/lib/python3.6/site-packages/airflow/example_dags/example_nested_branch_dag.py for tasks to queue
[2022-01-19 18:25:14,614] {logging_mixin.py:109} INFO - [2022-01-19 18:25:14,614] {dagbag.py:500} INFO - Filling up the DagBag from /home/airflow/.local/lib/python3.6/site-packages/airflow/example_dags/example_nested_branch_dag.py
[2022-01-19 18:25:14,641] {processor.py:654} INFO - DAG(s) dict_keys(['example_nested_branch_dag']) retrieved from /home/airflow/.local/lib/python3.6/site-packages/airflow/example_dags/example_nested_branch_dag.py
[2022-01-19 18:25:14,650] {logging_mixin.py:109} INFO - [2022-01-19 18:25:14,650] {dag.py:2396} INFO - Sync 1 DAGs
[2022-01-19 18:25:14,666] {logging_mixin.py:109} INFO - [2022-01-19 18:25:14,666] {dag.py:2935} INFO - Setting next_dagrun for example_nested_branch_dag to 2022-01-18 00:00:00+00:00
[2022-01-19 18:25:14,672] {processor.py:171} INFO - Processing /home/airflow/.local/lib/python3.6/site-packages/airflow/example_dags/example_nested_branch_dag.py took 0.063 seconds
[2022-01-19 18:25:45,221] {processor.py:163} INFO - Started process (PID=2084) to work on /home/airflow/.local/lib/python3.6/site-packages/airflow/example_dags/example_nested_branch_dag.py
[2022-01-19 18:25:45,224] {processor.py:642} INFO - Processing file /home/airflow/.local/lib/python3.6/site-packages/airflow/example_dags/example_nested_branch_dag.py for tasks to queue
[2022-01-19 18:25:45,226] {logging_mixin.py:109} INFO - [2022-01-19 18:25:45,226] {dagbag.py:500} INFO - Filling up the DagBag from /home/airflow/.local/lib/python3.6/site-packages/airflow/example_dags/example_nested_branch_dag.py
[2022-01-19 18:25:45,268] {processor.py:654} INFO - DAG(s) dict_keys(['example_nested_branch_dag']) retrieved from /home/airflow/.local/lib/python3.6/site-packages/airflow/example_dags/example_nested_branch_dag.py
[2022-01-19 18:25:45,279] {logging_mixin.py:109} INFO - [2022-01-19 18:25:45,279] {dag.py:2396} INFO - Sync 1 DAGs
[2022-01-19 18:25:45,297] {logging_mixin.py:109} INFO - [2022-01-19 18:25:45,297] {dag.py:2935} INFO - Setting next_dagrun for example_nested_branch_dag to 2022-01-18 00:00:00+00:00
[2022-01-19 18:25:45,305] {processor.py:171} INFO - Processing /home/airflow/.local/lib/python3.6/site-packages/airflow/example_dags/example_nested_branch_dag.py took 0.092 seconds
[2022-01-19 18:26:15,914] {processor.py:163} INFO - Started process (PID=2147) to work on /home/airflow/.local/lib/python3.6/site-packages/airflow/example_dags/example_nested_branch_dag.py
[2022-01-19 18:26:15,915] {processor.py:642} INFO - Processing file /home/airflow/.local/lib/python3.6/site-packages/airflow/example_dags/example_nested_branch_dag.py for tasks to queue
[2022-01-19 18:26:15,916] {logging_mixin.py:109} INFO - [2022-01-19 18:26:15,916] {dagbag.py:500} INFO - Filling up the DagBag from /home/airflow/.local/lib/python3.6/site-packages/airflow/example_dags/example_nested_branch_dag.py
[2022-01-19 18:26:15,962] {processor.py:654} INFO - DAG(s) dict_keys(['example_nested_branch_dag']) retrieved from /home/airflow/.local/lib/python3.6/site-packages/airflow/example_dags/example_nested_branch_dag.py
[2022-01-19 18:26:15,971] {logging_mixin.py:109} INFO - [2022-01-19 18:26:15,970] {dag.py:2396} INFO - Sync 1 DAGs
[2022-01-19 18:26:15,985] {logging_mixin.py:109} INFO - [2022-01-19 18:26:15,985] {dag.py:2935} INFO - Setting next_dagrun for example_nested_branch_dag to 2022-01-18 00:00:00+00:00
[2022-01-19 18:26:15,991] {processor.py:171} INFO - Processing /home/airflow/.local/lib/python3.6/site-packages/airflow/example_dags/example_nested_branch_dag.py took 0.079 seconds
[2022-01-19 18:26:46,590] {processor.py:163} INFO - Started process (PID=2200) to work on /home/airflow/.local/lib/python3.6/site-packages/airflow/example_dags/example_nested_branch_dag.py
[2022-01-19 18:26:46,591] {processor.py:642} INFO - Processing file /home/airflow/.local/lib/python3.6/site-packages/airflow/example_dags/example_nested_branch_dag.py for tasks to queue
[2022-01-19 18:26:46,591] {logging_mixin.py:109} INFO - [2022-01-19 18:26:46,591] {dagbag.py:500} INFO - Filling up the DagBag from /home/airflow/.local/lib/python3.6/site-packages/airflow/example_dags/example_nested_branch_dag.py
[2022-01-19 18:26:46,614] {processor.py:654} INFO - DAG(s) dict_keys(['example_nested_branch_dag']) retrieved from /home/airflow/.local/lib/python3.6/site-packages/airflow/example_dags/example_nested_branch_dag.py
[2022-01-19 18:26:46,625] {logging_mixin.py:109} INFO - [2022-01-19 18:26:46,625] {dag.py:2396} INFO - Sync 1 DAGs
[2022-01-19 18:26:46,646] {logging_mixin.py:109} INFO - [2022-01-19 18:26:46,646] {dag.py:2935} INFO - Setting next_dagrun for example_nested_branch_dag to 2022-01-18 00:00:00+00:00
[2022-01-19 18:26:46,654] {processor.py:171} INFO - Processing /home/airflow/.local/lib/python3.6/site-packages/airflow/example_dags/example_nested_branch_dag.py took 0.066 seconds
[2022-01-19 18:27:17,382] {processor.py:163} INFO - Started process (PID=2252) to work on /home/airflow/.local/lib/python3.6/site-packages/airflow/example_dags/example_nested_branch_dag.py
[2022-01-19 18:27:17,383] {processor.py:642} INFO - Processing file /home/airflow/.local/lib/python3.6/site-packages/airflow/example_dags/example_nested_branch_dag.py for tasks to queue
[2022-01-19 18:27:17,384] {logging_mixin.py:109} INFO - [2022-01-19 18:27:17,384] {dagbag.py:500} INFO - Filling up the DagBag from /home/airflow/.local/lib/python3.6/site-packages/airflow/example_dags/example_nested_branch_dag.py
[2022-01-19 18:27:17,421] {processor.py:654} INFO - DAG(s) dict_keys(['example_nested_branch_dag']) retrieved from /home/airflow/.local/lib/python3.6/site-packages/airflow/example_dags/example_nested_branch_dag.py
[2022-01-19 18:27:17,435] {logging_mixin.py:109} INFO - [2022-01-19 18:27:17,435] {dag.py:2396} INFO - Sync 1 DAGs
[2022-01-19 18:27:17,456] {logging_mixin.py:109} INFO - [2022-01-19 18:27:17,456] {dag.py:2935} INFO - Setting next_dagrun for example_nested_branch_dag to 2022-01-18 00:00:00+00:00
[2022-01-19 18:27:17,463] {processor.py:171} INFO - Processing /home/airflow/.local/lib/python3.6/site-packages/airflow/example_dags/example_nested_branch_dag.py took 0.086 seconds
[2022-01-19 18:27:47,556] {processor.py:163} INFO - Started process (PID=2317) to work on /home/airflow/.local/lib/python3.6/site-packages/airflow/example_dags/example_nested_branch_dag.py
[2022-01-19 18:27:47,557] {processor.py:642} INFO - Processing file /home/airflow/.local/lib/python3.6/site-packages/airflow/example_dags/example_nested_branch_dag.py for tasks to queue
[2022-01-19 18:27:47,557] {logging_mixin.py:109} INFO - [2022-01-19 18:27:47,557] {dagbag.py:500} INFO - Filling up the DagBag from /home/airflow/.local/lib/python3.6/site-packages/airflow/example_dags/example_nested_branch_dag.py
[2022-01-19 18:27:47,578] {processor.py:654} INFO - DAG(s) dict_keys(['example_nested_branch_dag']) retrieved from /home/airflow/.local/lib/python3.6/site-packages/airflow/example_dags/example_nested_branch_dag.py
[2022-01-19 18:27:47,586] {logging_mixin.py:109} INFO - [2022-01-19 18:27:47,586] {dag.py:2396} INFO - Sync 1 DAGs
[2022-01-19 18:27:47,601] {logging_mixin.py:109} INFO - [2022-01-19 18:27:47,600] {dag.py:2935} INFO - Setting next_dagrun for example_nested_branch_dag to 2022-01-18 00:00:00+00:00
[2022-01-19 18:27:47,607] {processor.py:171} INFO - Processing /home/airflow/.local/lib/python3.6/site-packages/airflow/example_dags/example_nested_branch_dag.py took 0.053 seconds
[2022-01-19 18:28:18,294] {processor.py:163} INFO - Started process (PID=2369) to work on /home/airflow/.local/lib/python3.6/site-packages/airflow/example_dags/example_nested_branch_dag.py
[2022-01-19 18:28:18,295] {processor.py:642} INFO - Processing file /home/airflow/.local/lib/python3.6/site-packages/airflow/example_dags/example_nested_branch_dag.py for tasks to queue
[2022-01-19 18:28:18,295] {logging_mixin.py:109} INFO - [2022-01-19 18:28:18,295] {dagbag.py:500} INFO - Filling up the DagBag from /home/airflow/.local/lib/python3.6/site-packages/airflow/example_dags/example_nested_branch_dag.py
[2022-01-19 18:28:18,319] {processor.py:654} INFO - DAG(s) dict_keys(['example_nested_branch_dag']) retrieved from /home/airflow/.local/lib/python3.6/site-packages/airflow/example_dags/example_nested_branch_dag.py
[2022-01-19 18:28:18,330] {logging_mixin.py:109} INFO - [2022-01-19 18:28:18,330] {dag.py:2396} INFO - Sync 1 DAGs
[2022-01-19 18:28:18,346] {logging_mixin.py:109} INFO - [2022-01-19 18:28:18,346] {dag.py:2935} INFO - Setting next_dagrun for example_nested_branch_dag to 2022-01-18 00:00:00+00:00
[2022-01-19 18:28:18,353] {processor.py:171} INFO - Processing /home/airflow/.local/lib/python3.6/site-packages/airflow/example_dags/example_nested_branch_dag.py took 0.061 seconds
[2022-01-19 18:28:49,253] {processor.py:163} INFO - Started process (PID=2433) to work on /home/airflow/.local/lib/python3.6/site-packages/airflow/example_dags/example_nested_branch_dag.py
[2022-01-19 18:28:49,254] {processor.py:642} INFO - Processing file /home/airflow/.local/lib/python3.6/site-packages/airflow/example_dags/example_nested_branch_dag.py for tasks to queue
[2022-01-19 18:28:49,255] {logging_mixin.py:109} INFO - [2022-01-19 18:28:49,255] {dagbag.py:500} INFO - Filling up the DagBag from /home/airflow/.local/lib/python3.6/site-packages/airflow/example_dags/example_nested_branch_dag.py
[2022-01-19 18:28:49,282] {processor.py:654} INFO - DAG(s) dict_keys(['example_nested_branch_dag']) retrieved from /home/airflow/.local/lib/python3.6/site-packages/airflow/example_dags/example_nested_branch_dag.py
[2022-01-19 18:28:49,292] {logging_mixin.py:109} INFO - [2022-01-19 18:28:49,292] {dag.py:2396} INFO - Sync 1 DAGs
[2022-01-19 18:28:49,309] {logging_mixin.py:109} INFO - [2022-01-19 18:28:49,308] {dag.py:2935} INFO - Setting next_dagrun for example_nested_branch_dag to 2022-01-18 00:00:00+00:00
[2022-01-19 18:28:49,336] {processor.py:171} INFO - Processing /home/airflow/.local/lib/python3.6/site-packages/airflow/example_dags/example_nested_branch_dag.py took 0.086 seconds
[2022-01-19 18:29:20,133] {processor.py:163} INFO - Started process (PID=2486) to work on /home/airflow/.local/lib/python3.6/site-packages/airflow/example_dags/example_nested_branch_dag.py
[2022-01-19 18:29:20,137] {processor.py:642} INFO - Processing file /home/airflow/.local/lib/python3.6/site-packages/airflow/example_dags/example_nested_branch_dag.py for tasks to queue
[2022-01-19 18:29:20,139] {logging_mixin.py:109} INFO - [2022-01-19 18:29:20,138] {dagbag.py:500} INFO - Filling up the DagBag from /home/airflow/.local/lib/python3.6/site-packages/airflow/example_dags/example_nested_branch_dag.py
[2022-01-19 18:29:20,184] {processor.py:654} INFO - DAG(s) dict_keys(['example_nested_branch_dag']) retrieved from /home/airflow/.local/lib/python3.6/site-packages/airflow/example_dags/example_nested_branch_dag.py
[2022-01-19 18:29:20,194] {logging_mixin.py:109} INFO - [2022-01-19 18:29:20,194] {dag.py:2396} INFO - Sync 1 DAGs
[2022-01-19 18:29:20,211] {logging_mixin.py:109} INFO - [2022-01-19 18:29:20,211] {dag.py:2935} INFO - Setting next_dagrun for example_nested_branch_dag to 2022-01-18 00:00:00+00:00
[2022-01-19 18:29:20,219] {processor.py:171} INFO - Processing /home/airflow/.local/lib/python3.6/site-packages/airflow/example_dags/example_nested_branch_dag.py took 0.089 seconds
[2022-01-19 18:29:50,884] {processor.py:163} INFO - Started process (PID=2539) to work on /home/airflow/.local/lib/python3.6/site-packages/airflow/example_dags/example_nested_branch_dag.py
[2022-01-19 18:29:50,885] {processor.py:642} INFO - Processing file /home/airflow/.local/lib/python3.6/site-packages/airflow/example_dags/example_nested_branch_dag.py for tasks to queue
[2022-01-19 18:29:50,886] {logging_mixin.py:109} INFO - [2022-01-19 18:29:50,886] {dagbag.py:500} INFO - Filling up the DagBag from /home/airflow/.local/lib/python3.6/site-packages/airflow/example_dags/example_nested_branch_dag.py
[2022-01-19 18:29:50,909] {processor.py:654} INFO - DAG(s) dict_keys(['example_nested_branch_dag']) retrieved from /home/airflow/.local/lib/python3.6/site-packages/airflow/example_dags/example_nested_branch_dag.py
[2022-01-19 18:29:50,919] {logging_mixin.py:109} INFO - [2022-01-19 18:29:50,918] {dag.py:2396} INFO - Sync 1 DAGs
[2022-01-19 18:29:50,934] {logging_mixin.py:109} INFO - [2022-01-19 18:29:50,934] {dag.py:2935} INFO - Setting next_dagrun for example_nested_branch_dag to 2022-01-18 00:00:00+00:00
[2022-01-19 18:29:50,941] {processor.py:171} INFO - Processing /home/airflow/.local/lib/python3.6/site-packages/airflow/example_dags/example_nested_branch_dag.py took 0.059 seconds
[2022-01-19 18:30:21,712] {processor.py:163} INFO - Started process (PID=2602) to work on /home/airflow/.local/lib/python3.6/site-packages/airflow/example_dags/example_nested_branch_dag.py
[2022-01-19 18:30:21,714] {processor.py:642} INFO - Processing file /home/airflow/.local/lib/python3.6/site-packages/airflow/example_dags/example_nested_branch_dag.py for tasks to queue
[2022-01-19 18:30:21,714] {logging_mixin.py:109} INFO - [2022-01-19 18:30:21,714] {dagbag.py:500} INFO - Filling up the DagBag from /home/airflow/.local/lib/python3.6/site-packages/airflow/example_dags/example_nested_branch_dag.py
[2022-01-19 18:30:21,742] {processor.py:654} INFO - DAG(s) dict_keys(['example_nested_branch_dag']) retrieved from /home/airflow/.local/lib/python3.6/site-packages/airflow/example_dags/example_nested_branch_dag.py
[2022-01-19 18:30:21,753] {logging_mixin.py:109} INFO - [2022-01-19 18:30:21,752] {dag.py:2396} INFO - Sync 1 DAGs
[2022-01-19 18:30:21,769] {logging_mixin.py:109} INFO - [2022-01-19 18:30:21,769] {dag.py:2935} INFO - Setting next_dagrun for example_nested_branch_dag to 2022-01-18 00:00:00+00:00
[2022-01-19 18:30:21,776] {processor.py:171} INFO - Processing /home/airflow/.local/lib/python3.6/site-packages/airflow/example_dags/example_nested_branch_dag.py took 0.067 seconds
[2022-01-19 18:30:52,336] {processor.py:163} INFO - Started process (PID=2654) to work on /home/airflow/.local/lib/python3.6/site-packages/airflow/example_dags/example_nested_branch_dag.py
[2022-01-19 18:30:52,337] {processor.py:642} INFO - Processing file /home/airflow/.local/lib/python3.6/site-packages/airflow/example_dags/example_nested_branch_dag.py for tasks to queue
[2022-01-19 18:30:52,338] {logging_mixin.py:109} INFO - [2022-01-19 18:30:52,338] {dagbag.py:500} INFO - Filling up the DagBag from /home/airflow/.local/lib/python3.6/site-packages/airflow/example_dags/example_nested_branch_dag.py
[2022-01-19 18:30:52,367] {processor.py:654} INFO - DAG(s) dict_keys(['example_nested_branch_dag']) retrieved from /home/airflow/.local/lib/python3.6/site-packages/airflow/example_dags/example_nested_branch_dag.py
[2022-01-19 18:30:52,377] {logging_mixin.py:109} INFO - [2022-01-19 18:30:52,377] {dag.py:2396} INFO - Sync 1 DAGs
[2022-01-19 18:30:52,393] {logging_mixin.py:109} INFO - [2022-01-19 18:30:52,393] {dag.py:2935} INFO - Setting next_dagrun for example_nested_branch_dag to 2022-01-18 00:00:00+00:00
[2022-01-19 18:30:52,400] {processor.py:171} INFO - Processing /home/airflow/.local/lib/python3.6/site-packages/airflow/example_dags/example_nested_branch_dag.py took 0.067 seconds
