[2022-01-19 18:10:04,490] {processor.py:163} INFO - Started process (PID=255) to work on /home/airflow/.local/lib/python3.6/site-packages/airflow/example_dags/example_short_circuit_operator.py
[2022-01-19 18:10:04,491] {processor.py:642} INFO - Processing file /home/airflow/.local/lib/python3.6/site-packages/airflow/example_dags/example_short_circuit_operator.py for tasks to queue
[2022-01-19 18:10:04,492] {logging_mixin.py:109} INFO - [2022-01-19 18:10:04,492] {dagbag.py:500} INFO - Filling up the DagBag from /home/airflow/.local/lib/python3.6/site-packages/airflow/example_dags/example_short_circuit_operator.py
[2022-01-19 18:10:04,532] {processor.py:654} INFO - DAG(s) dict_keys(['example_short_circuit_operator']) retrieved from /home/airflow/.local/lib/python3.6/site-packages/airflow/example_dags/example_short_circuit_operator.py
[2022-01-19 18:10:07,127] {logging_mixin.py:109} INFO - [2022-01-19 18:10:07,127] {manager.py:496} INFO - Created Permission View: can read on DAG:example_short_circuit_operator
[2022-01-19 18:10:07,137] {logging_mixin.py:109} INFO - [2022-01-19 18:10:07,137] {manager.py:496} INFO - Created Permission View: can edit on DAG:example_short_circuit_operator
[2022-01-19 18:10:07,139] {logging_mixin.py:109} INFO - [2022-01-19 18:10:07,137] {dag.py:2396} INFO - Sync 1 DAGs
[2022-01-19 18:10:07,151] {logging_mixin.py:109} INFO - [2022-01-19 18:10:07,149] {dag.py:2415} INFO - Creating ORM DAG for example_short_circuit_operator
[2022-01-19 18:10:07,159] {logging_mixin.py:109} INFO - [2022-01-19 18:10:07,159] {dag.py:2935} INFO - Setting next_dagrun for example_short_circuit_operator to 2022-01-18T18:10:07.159534+00:00
[2022-01-19 18:10:07,174] {processor.py:171} INFO - Processing /home/airflow/.local/lib/python3.6/site-packages/airflow/example_dags/example_short_circuit_operator.py took 2.688 seconds
[2022-01-19 18:10:37,448] {processor.py:163} INFO - Started process (PID=387) to work on /home/airflow/.local/lib/python3.6/site-packages/airflow/example_dags/example_short_circuit_operator.py
[2022-01-19 18:10:37,448] {processor.py:642} INFO - Processing file /home/airflow/.local/lib/python3.6/site-packages/airflow/example_dags/example_short_circuit_operator.py for tasks to queue
[2022-01-19 18:10:37,449] {logging_mixin.py:109} INFO - [2022-01-19 18:10:37,449] {dagbag.py:500} INFO - Filling up the DagBag from /home/airflow/.local/lib/python3.6/site-packages/airflow/example_dags/example_short_circuit_operator.py
[2022-01-19 18:10:37,470] {processor.py:654} INFO - DAG(s) dict_keys(['example_short_circuit_operator']) retrieved from /home/airflow/.local/lib/python3.6/site-packages/airflow/example_dags/example_short_circuit_operator.py
[2022-01-19 18:10:37,480] {logging_mixin.py:109} INFO - [2022-01-19 18:10:37,480] {dag.py:2396} INFO - Sync 1 DAGs
[2022-01-19 18:10:37,494] {logging_mixin.py:109} INFO - [2022-01-19 18:10:37,494] {dag.py:2935} INFO - Setting next_dagrun for example_short_circuit_operator to 2022-01-18T18:10:37.494270+00:00
[2022-01-19 18:10:37,502] {processor.py:171} INFO - Processing /home/airflow/.local/lib/python3.6/site-packages/airflow/example_dags/example_short_circuit_operator.py took 0.056 seconds
[2022-01-19 18:11:07,688] {processor.py:163} INFO - Started process (PID=439) to work on /home/airflow/.local/lib/python3.6/site-packages/airflow/example_dags/example_short_circuit_operator.py
[2022-01-19 18:11:07,690] {processor.py:642} INFO - Processing file /home/airflow/.local/lib/python3.6/site-packages/airflow/example_dags/example_short_circuit_operator.py for tasks to queue
[2022-01-19 18:11:07,691] {logging_mixin.py:109} INFO - [2022-01-19 18:11:07,691] {dagbag.py:500} INFO - Filling up the DagBag from /home/airflow/.local/lib/python3.6/site-packages/airflow/example_dags/example_short_circuit_operator.py
[2022-01-19 18:11:07,726] {processor.py:654} INFO - DAG(s) dict_keys(['example_short_circuit_operator']) retrieved from /home/airflow/.local/lib/python3.6/site-packages/airflow/example_dags/example_short_circuit_operator.py
[2022-01-19 18:11:07,736] {logging_mixin.py:109} INFO - [2022-01-19 18:11:07,736] {dag.py:2396} INFO - Sync 1 DAGs
[2022-01-19 18:11:07,751] {logging_mixin.py:109} INFO - [2022-01-19 18:11:07,751] {dag.py:2935} INFO - Setting next_dagrun for example_short_circuit_operator to 2022-01-18T18:11:07.751143+00:00
[2022-01-19 18:11:07,758] {processor.py:171} INFO - Processing /home/airflow/.local/lib/python3.6/site-packages/airflow/example_dags/example_short_circuit_operator.py took 0.074 seconds
[2022-01-19 18:11:37,813] {processor.py:163} INFO - Started process (PID=502) to work on /home/airflow/.local/lib/python3.6/site-packages/airflow/example_dags/example_short_circuit_operator.py
[2022-01-19 18:11:37,814] {processor.py:642} INFO - Processing file /home/airflow/.local/lib/python3.6/site-packages/airflow/example_dags/example_short_circuit_operator.py for tasks to queue
[2022-01-19 18:11:37,815] {logging_mixin.py:109} INFO - [2022-01-19 18:11:37,815] {dagbag.py:500} INFO - Filling up the DagBag from /home/airflow/.local/lib/python3.6/site-packages/airflow/example_dags/example_short_circuit_operator.py
[2022-01-19 18:11:37,836] {processor.py:654} INFO - DAG(s) dict_keys(['example_short_circuit_operator']) retrieved from /home/airflow/.local/lib/python3.6/site-packages/airflow/example_dags/example_short_circuit_operator.py
[2022-01-19 18:11:37,845] {logging_mixin.py:109} INFO - [2022-01-19 18:11:37,845] {dag.py:2396} INFO - Sync 1 DAGs
[2022-01-19 18:11:37,859] {logging_mixin.py:109} INFO - [2022-01-19 18:11:37,859] {dag.py:2935} INFO - Setting next_dagrun for example_short_circuit_operator to 2022-01-18T18:11:37.859444+00:00
[2022-01-19 18:11:37,867] {processor.py:171} INFO - Processing /home/airflow/.local/lib/python3.6/site-packages/airflow/example_dags/example_short_circuit_operator.py took 0.056 seconds
[2022-01-19 18:12:08,163] {processor.py:163} INFO - Started process (PID=556) to work on /home/airflow/.local/lib/python3.6/site-packages/airflow/example_dags/example_short_circuit_operator.py
[2022-01-19 18:12:08,166] {processor.py:642} INFO - Processing file /home/airflow/.local/lib/python3.6/site-packages/airflow/example_dags/example_short_circuit_operator.py for tasks to queue
[2022-01-19 18:12:08,167] {logging_mixin.py:109} INFO - [2022-01-19 18:12:08,167] {dagbag.py:500} INFO - Filling up the DagBag from /home/airflow/.local/lib/python3.6/site-packages/airflow/example_dags/example_short_circuit_operator.py
[2022-01-19 18:12:08,203] {processor.py:654} INFO - DAG(s) dict_keys(['example_short_circuit_operator']) retrieved from /home/airflow/.local/lib/python3.6/site-packages/airflow/example_dags/example_short_circuit_operator.py
[2022-01-19 18:12:08,215] {logging_mixin.py:109} INFO - [2022-01-19 18:12:08,214] {dag.py:2396} INFO - Sync 1 DAGs
[2022-01-19 18:12:08,234] {logging_mixin.py:109} INFO - [2022-01-19 18:12:08,234] {dag.py:2935} INFO - Setting next_dagrun for example_short_circuit_operator to 2022-01-18T18:12:08.234330+00:00
[2022-01-19 18:12:08,245] {processor.py:171} INFO - Processing /home/airflow/.local/lib/python3.6/site-packages/airflow/example_dags/example_short_circuit_operator.py took 0.085 seconds
[2022-01-19 18:12:38,987] {processor.py:163} INFO - Started process (PID=608) to work on /home/airflow/.local/lib/python3.6/site-packages/airflow/example_dags/example_short_circuit_operator.py
[2022-01-19 18:12:38,988] {processor.py:642} INFO - Processing file /home/airflow/.local/lib/python3.6/site-packages/airflow/example_dags/example_short_circuit_operator.py for tasks to queue
[2022-01-19 18:12:38,989] {logging_mixin.py:109} INFO - [2022-01-19 18:12:38,989] {dagbag.py:500} INFO - Filling up the DagBag from /home/airflow/.local/lib/python3.6/site-packages/airflow/example_dags/example_short_circuit_operator.py
[2022-01-19 18:12:39,010] {processor.py:654} INFO - DAG(s) dict_keys(['example_short_circuit_operator']) retrieved from /home/airflow/.local/lib/python3.6/site-packages/airflow/example_dags/example_short_circuit_operator.py
[2022-01-19 18:12:39,019] {logging_mixin.py:109} INFO - [2022-01-19 18:12:39,019] {dag.py:2396} INFO - Sync 1 DAGs
[2022-01-19 18:12:39,034] {logging_mixin.py:109} INFO - [2022-01-19 18:12:39,034] {dag.py:2935} INFO - Setting next_dagrun for example_short_circuit_operator to 2022-01-18T18:12:39.034413+00:00
[2022-01-19 18:12:39,042] {processor.py:171} INFO - Processing /home/airflow/.local/lib/python3.6/site-packages/airflow/example_dags/example_short_circuit_operator.py took 0.057 seconds
[2022-01-19 18:13:09,490] {processor.py:163} INFO - Started process (PID=679) to work on /home/airflow/.local/lib/python3.6/site-packages/airflow/example_dags/example_short_circuit_operator.py
[2022-01-19 18:13:09,493] {processor.py:642} INFO - Processing file /home/airflow/.local/lib/python3.6/site-packages/airflow/example_dags/example_short_circuit_operator.py for tasks to queue
[2022-01-19 18:13:09,495] {logging_mixin.py:109} INFO - [2022-01-19 18:13:09,494] {dagbag.py:500} INFO - Filling up the DagBag from /home/airflow/.local/lib/python3.6/site-packages/airflow/example_dags/example_short_circuit_operator.py
[2022-01-19 18:13:09,536] {processor.py:654} INFO - DAG(s) dict_keys(['example_short_circuit_operator']) retrieved from /home/airflow/.local/lib/python3.6/site-packages/airflow/example_dags/example_short_circuit_operator.py
[2022-01-19 18:13:09,547] {logging_mixin.py:109} INFO - [2022-01-19 18:13:09,546] {dag.py:2396} INFO - Sync 1 DAGs
[2022-01-19 18:13:09,563] {logging_mixin.py:109} INFO - [2022-01-19 18:13:09,563] {dag.py:2935} INFO - Setting next_dagrun for example_short_circuit_operator to 2022-01-18T18:13:09.563445+00:00
[2022-01-19 18:13:09,571] {processor.py:171} INFO - Processing /home/airflow/.local/lib/python3.6/site-packages/airflow/example_dags/example_short_circuit_operator.py took 0.089 seconds
[2022-01-19 18:13:40,204] {processor.py:163} INFO - Started process (PID=740) to work on /home/airflow/.local/lib/python3.6/site-packages/airflow/example_dags/example_short_circuit_operator.py
[2022-01-19 18:13:40,207] {processor.py:642} INFO - Processing file /home/airflow/.local/lib/python3.6/site-packages/airflow/example_dags/example_short_circuit_operator.py for tasks to queue
[2022-01-19 18:13:40,209] {logging_mixin.py:109} INFO - [2022-01-19 18:13:40,209] {dagbag.py:500} INFO - Filling up the DagBag from /home/airflow/.local/lib/python3.6/site-packages/airflow/example_dags/example_short_circuit_operator.py
[2022-01-19 18:13:40,250] {processor.py:654} INFO - DAG(s) dict_keys(['example_short_circuit_operator']) retrieved from /home/airflow/.local/lib/python3.6/site-packages/airflow/example_dags/example_short_circuit_operator.py
[2022-01-19 18:13:40,261] {logging_mixin.py:109} INFO - [2022-01-19 18:13:40,261] {dag.py:2396} INFO - Sync 1 DAGs
[2022-01-19 18:13:40,278] {logging_mixin.py:109} INFO - [2022-01-19 18:13:40,278] {dag.py:2935} INFO - Setting next_dagrun for example_short_circuit_operator to 2022-01-18T18:13:40.278586+00:00
[2022-01-19 18:13:40,287] {processor.py:171} INFO - Processing /home/airflow/.local/lib/python3.6/site-packages/airflow/example_dags/example_short_circuit_operator.py took 0.090 seconds
[2022-01-19 18:14:10,823] {processor.py:163} INFO - Started process (PID=803) to work on /home/airflow/.local/lib/python3.6/site-packages/airflow/example_dags/example_short_circuit_operator.py
[2022-01-19 18:14:10,823] {processor.py:642} INFO - Processing file /home/airflow/.local/lib/python3.6/site-packages/airflow/example_dags/example_short_circuit_operator.py for tasks to queue
[2022-01-19 18:14:10,824] {logging_mixin.py:109} INFO - [2022-01-19 18:14:10,824] {dagbag.py:500} INFO - Filling up the DagBag from /home/airflow/.local/lib/python3.6/site-packages/airflow/example_dags/example_short_circuit_operator.py
[2022-01-19 18:14:10,843] {processor.py:654} INFO - DAG(s) dict_keys(['example_short_circuit_operator']) retrieved from /home/airflow/.local/lib/python3.6/site-packages/airflow/example_dags/example_short_circuit_operator.py
[2022-01-19 18:14:10,852] {logging_mixin.py:109} INFO - [2022-01-19 18:14:10,852] {dag.py:2396} INFO - Sync 1 DAGs
[2022-01-19 18:14:10,866] {logging_mixin.py:109} INFO - [2022-01-19 18:14:10,866] {dag.py:2935} INFO - Setting next_dagrun for example_short_circuit_operator to 2022-01-18T18:14:10.866654+00:00
[2022-01-19 18:14:10,873] {processor.py:171} INFO - Processing /home/airflow/.local/lib/python3.6/site-packages/airflow/example_dags/example_short_circuit_operator.py took 0.052 seconds
[2022-01-19 18:14:41,380] {processor.py:163} INFO - Started process (PID=855) to work on /home/airflow/.local/lib/python3.6/site-packages/airflow/example_dags/example_short_circuit_operator.py
[2022-01-19 18:14:41,381] {processor.py:642} INFO - Processing file /home/airflow/.local/lib/python3.6/site-packages/airflow/example_dags/example_short_circuit_operator.py for tasks to queue
[2022-01-19 18:14:41,381] {logging_mixin.py:109} INFO - [2022-01-19 18:14:41,381] {dagbag.py:500} INFO - Filling up the DagBag from /home/airflow/.local/lib/python3.6/site-packages/airflow/example_dags/example_short_circuit_operator.py
[2022-01-19 18:14:41,409] {processor.py:654} INFO - DAG(s) dict_keys(['example_short_circuit_operator']) retrieved from /home/airflow/.local/lib/python3.6/site-packages/airflow/example_dags/example_short_circuit_operator.py
[2022-01-19 18:14:41,421] {logging_mixin.py:109} INFO - [2022-01-19 18:14:41,420] {dag.py:2396} INFO - Sync 1 DAGs
[2022-01-19 18:14:41,444] {logging_mixin.py:109} INFO - [2022-01-19 18:14:41,444] {dag.py:2935} INFO - Setting next_dagrun for example_short_circuit_operator to 2022-01-18T18:14:41.444421+00:00
[2022-01-19 18:14:41,453] {processor.py:171} INFO - Processing /home/airflow/.local/lib/python3.6/site-packages/airflow/example_dags/example_short_circuit_operator.py took 0.076 seconds
[2022-01-19 18:15:11,795] {processor.py:163} INFO - Started process (PID=907) to work on /home/airflow/.local/lib/python3.6/site-packages/airflow/example_dags/example_short_circuit_operator.py
[2022-01-19 18:15:11,798] {processor.py:642} INFO - Processing file /home/airflow/.local/lib/python3.6/site-packages/airflow/example_dags/example_short_circuit_operator.py for tasks to queue
[2022-01-19 18:15:11,799] {logging_mixin.py:109} INFO - [2022-01-19 18:15:11,799] {dagbag.py:500} INFO - Filling up the DagBag from /home/airflow/.local/lib/python3.6/site-packages/airflow/example_dags/example_short_circuit_operator.py
[2022-01-19 18:15:11,840] {processor.py:654} INFO - DAG(s) dict_keys(['example_short_circuit_operator']) retrieved from /home/airflow/.local/lib/python3.6/site-packages/airflow/example_dags/example_short_circuit_operator.py
[2022-01-19 18:15:11,850] {logging_mixin.py:109} INFO - [2022-01-19 18:15:11,850] {dag.py:2396} INFO - Sync 1 DAGs
[2022-01-19 18:15:11,866] {logging_mixin.py:109} INFO - [2022-01-19 18:15:11,865] {dag.py:2935} INFO - Setting next_dagrun for example_short_circuit_operator to 2022-01-18T18:15:11.865760+00:00
[2022-01-19 18:15:11,874] {processor.py:171} INFO - Processing /home/airflow/.local/lib/python3.6/site-packages/airflow/example_dags/example_short_circuit_operator.py took 0.086 seconds
[2022-01-19 18:15:42,305] {processor.py:163} INFO - Started process (PID=969) to work on /home/airflow/.local/lib/python3.6/site-packages/airflow/example_dags/example_short_circuit_operator.py
[2022-01-19 18:15:42,306] {processor.py:642} INFO - Processing file /home/airflow/.local/lib/python3.6/site-packages/airflow/example_dags/example_short_circuit_operator.py for tasks to queue
[2022-01-19 18:15:42,307] {logging_mixin.py:109} INFO - [2022-01-19 18:15:42,307] {dagbag.py:500} INFO - Filling up the DagBag from /home/airflow/.local/lib/python3.6/site-packages/airflow/example_dags/example_short_circuit_operator.py
[2022-01-19 18:15:42,331] {processor.py:654} INFO - DAG(s) dict_keys(['example_short_circuit_operator']) retrieved from /home/airflow/.local/lib/python3.6/site-packages/airflow/example_dags/example_short_circuit_operator.py
[2022-01-19 18:15:42,343] {logging_mixin.py:109} INFO - [2022-01-19 18:15:42,343] {dag.py:2396} INFO - Sync 1 DAGs
[2022-01-19 18:15:42,359] {logging_mixin.py:109} INFO - [2022-01-19 18:15:42,359] {dag.py:2935} INFO - Setting next_dagrun for example_short_circuit_operator to 2022-01-18T18:15:42.359389+00:00
[2022-01-19 18:15:42,366] {processor.py:171} INFO - Processing /home/airflow/.local/lib/python3.6/site-packages/airflow/example_dags/example_short_circuit_operator.py took 0.063 seconds
[2022-01-19 18:16:12,715] {processor.py:163} INFO - Started process (PID=1022) to work on /home/airflow/.local/lib/python3.6/site-packages/airflow/example_dags/example_short_circuit_operator.py
[2022-01-19 18:16:12,717] {processor.py:642} INFO - Processing file /home/airflow/.local/lib/python3.6/site-packages/airflow/example_dags/example_short_circuit_operator.py for tasks to queue
[2022-01-19 18:16:12,719] {logging_mixin.py:109} INFO - [2022-01-19 18:16:12,718] {dagbag.py:500} INFO - Filling up the DagBag from /home/airflow/.local/lib/python3.6/site-packages/airflow/example_dags/example_short_circuit_operator.py
[2022-01-19 18:16:12,758] {processor.py:654} INFO - DAG(s) dict_keys(['example_short_circuit_operator']) retrieved from /home/airflow/.local/lib/python3.6/site-packages/airflow/example_dags/example_short_circuit_operator.py
[2022-01-19 18:16:12,767] {logging_mixin.py:109} INFO - [2022-01-19 18:16:12,767] {dag.py:2396} INFO - Sync 1 DAGs
[2022-01-19 18:16:12,782] {logging_mixin.py:109} INFO - [2022-01-19 18:16:12,782] {dag.py:2935} INFO - Setting next_dagrun for example_short_circuit_operator to 2022-01-18T18:16:12.782364+00:00
[2022-01-19 18:16:12,789] {processor.py:171} INFO - Processing /home/airflow/.local/lib/python3.6/site-packages/airflow/example_dags/example_short_circuit_operator.py took 0.081 seconds
[2022-01-19 18:16:43,511] {processor.py:163} INFO - Started process (PID=1084) to work on /home/airflow/.local/lib/python3.6/site-packages/airflow/example_dags/example_short_circuit_operator.py
[2022-01-19 18:16:43,513] {processor.py:642} INFO - Processing file /home/airflow/.local/lib/python3.6/site-packages/airflow/example_dags/example_short_circuit_operator.py for tasks to queue
[2022-01-19 18:16:43,513] {logging_mixin.py:109} INFO - [2022-01-19 18:16:43,513] {dagbag.py:500} INFO - Filling up the DagBag from /home/airflow/.local/lib/python3.6/site-packages/airflow/example_dags/example_short_circuit_operator.py
[2022-01-19 18:16:43,548] {processor.py:654} INFO - DAG(s) dict_keys(['example_short_circuit_operator']) retrieved from /home/airflow/.local/lib/python3.6/site-packages/airflow/example_dags/example_short_circuit_operator.py
[2022-01-19 18:16:43,563] {logging_mixin.py:109} INFO - [2022-01-19 18:16:43,563] {dag.py:2396} INFO - Sync 1 DAGs
[2022-01-19 18:16:43,585] {logging_mixin.py:109} INFO - [2022-01-19 18:16:43,585] {dag.py:2935} INFO - Setting next_dagrun for example_short_circuit_operator to 2022-01-18T18:16:43.584809+00:00
[2022-01-19 18:16:43,593] {processor.py:171} INFO - Processing /home/airflow/.local/lib/python3.6/site-packages/airflow/example_dags/example_short_circuit_operator.py took 0.085 seconds
[2022-01-19 18:17:13,929] {processor.py:163} INFO - Started process (PID=1137) to work on /home/airflow/.local/lib/python3.6/site-packages/airflow/example_dags/example_short_circuit_operator.py
[2022-01-19 18:17:13,930] {processor.py:642} INFO - Processing file /home/airflow/.local/lib/python3.6/site-packages/airflow/example_dags/example_short_circuit_operator.py for tasks to queue
[2022-01-19 18:17:13,931] {logging_mixin.py:109} INFO - [2022-01-19 18:17:13,931] {dagbag.py:500} INFO - Filling up the DagBag from /home/airflow/.local/lib/python3.6/site-packages/airflow/example_dags/example_short_circuit_operator.py
[2022-01-19 18:17:13,957] {processor.py:654} INFO - DAG(s) dict_keys(['example_short_circuit_operator']) retrieved from /home/airflow/.local/lib/python3.6/site-packages/airflow/example_dags/example_short_circuit_operator.py
[2022-01-19 18:17:13,965] {logging_mixin.py:109} INFO - [2022-01-19 18:17:13,965] {dag.py:2396} INFO - Sync 1 DAGs
[2022-01-19 18:17:13,979] {logging_mixin.py:109} INFO - [2022-01-19 18:17:13,979] {dag.py:2935} INFO - Setting next_dagrun for example_short_circuit_operator to 2022-01-18T18:17:13.979292+00:00
[2022-01-19 18:17:13,986] {processor.py:171} INFO - Processing /home/airflow/.local/lib/python3.6/site-packages/airflow/example_dags/example_short_circuit_operator.py took 0.059 seconds
[2022-01-19 18:17:44,049] {processor.py:163} INFO - Started process (PID=1200) to work on /home/airflow/.local/lib/python3.6/site-packages/airflow/example_dags/example_short_circuit_operator.py
[2022-01-19 18:17:44,050] {processor.py:642} INFO - Processing file /home/airflow/.local/lib/python3.6/site-packages/airflow/example_dags/example_short_circuit_operator.py for tasks to queue
[2022-01-19 18:17:44,051] {logging_mixin.py:109} INFO - [2022-01-19 18:17:44,050] {dagbag.py:500} INFO - Filling up the DagBag from /home/airflow/.local/lib/python3.6/site-packages/airflow/example_dags/example_short_circuit_operator.py
[2022-01-19 18:17:44,070] {processor.py:654} INFO - DAG(s) dict_keys(['example_short_circuit_operator']) retrieved from /home/airflow/.local/lib/python3.6/site-packages/airflow/example_dags/example_short_circuit_operator.py
[2022-01-19 18:17:44,078] {logging_mixin.py:109} INFO - [2022-01-19 18:17:44,078] {dag.py:2396} INFO - Sync 1 DAGs
[2022-01-19 18:17:44,091] {logging_mixin.py:109} INFO - [2022-01-19 18:17:44,091] {dag.py:2935} INFO - Setting next_dagrun for example_short_circuit_operator to 2022-01-18T18:17:44.090943+00:00
[2022-01-19 18:17:44,097] {processor.py:171} INFO - Processing /home/airflow/.local/lib/python3.6/site-packages/airflow/example_dags/example_short_circuit_operator.py took 0.050 seconds
[2022-01-19 18:18:14,807] {processor.py:163} INFO - Started process (PID=1252) to work on /home/airflow/.local/lib/python3.6/site-packages/airflow/example_dags/example_short_circuit_operator.py
[2022-01-19 18:18:14,810] {processor.py:642} INFO - Processing file /home/airflow/.local/lib/python3.6/site-packages/airflow/example_dags/example_short_circuit_operator.py for tasks to queue
[2022-01-19 18:18:14,812] {logging_mixin.py:109} INFO - [2022-01-19 18:18:14,812] {dagbag.py:500} INFO - Filling up the DagBag from /home/airflow/.local/lib/python3.6/site-packages/airflow/example_dags/example_short_circuit_operator.py
[2022-01-19 18:18:14,854] {processor.py:654} INFO - DAG(s) dict_keys(['example_short_circuit_operator']) retrieved from /home/airflow/.local/lib/python3.6/site-packages/airflow/example_dags/example_short_circuit_operator.py
[2022-01-19 18:18:14,866] {logging_mixin.py:109} INFO - [2022-01-19 18:18:14,866] {dag.py:2396} INFO - Sync 1 DAGs
[2022-01-19 18:18:14,884] {logging_mixin.py:109} INFO - [2022-01-19 18:18:14,884] {dag.py:2935} INFO - Setting next_dagrun for example_short_circuit_operator to 2022-01-18T18:18:14.883851+00:00
[2022-01-19 18:18:14,892] {processor.py:171} INFO - Processing /home/airflow/.local/lib/python3.6/site-packages/airflow/example_dags/example_short_circuit_operator.py took 0.093 seconds
[2022-01-19 18:18:45,289] {processor.py:163} INFO - Started process (PID=1304) to work on /home/airflow/.local/lib/python3.6/site-packages/airflow/example_dags/example_short_circuit_operator.py
[2022-01-19 18:18:45,290] {processor.py:642} INFO - Processing file /home/airflow/.local/lib/python3.6/site-packages/airflow/example_dags/example_short_circuit_operator.py for tasks to queue
[2022-01-19 18:18:45,291] {logging_mixin.py:109} INFO - [2022-01-19 18:18:45,291] {dagbag.py:500} INFO - Filling up the DagBag from /home/airflow/.local/lib/python3.6/site-packages/airflow/example_dags/example_short_circuit_operator.py
[2022-01-19 18:18:45,323] {processor.py:654} INFO - DAG(s) dict_keys(['example_short_circuit_operator']) retrieved from /home/airflow/.local/lib/python3.6/site-packages/airflow/example_dags/example_short_circuit_operator.py
[2022-01-19 18:18:45,335] {logging_mixin.py:109} INFO - [2022-01-19 18:18:45,335] {dag.py:2396} INFO - Sync 1 DAGs
[2022-01-19 18:18:45,351] {logging_mixin.py:109} INFO - [2022-01-19 18:18:45,351] {dag.py:2935} INFO - Setting next_dagrun for example_short_circuit_operator to 2022-01-18T18:18:45.350977+00:00
[2022-01-19 18:18:45,358] {processor.py:171} INFO - Processing /home/airflow/.local/lib/python3.6/site-packages/airflow/example_dags/example_short_circuit_operator.py took 0.073 seconds
[2022-01-19 18:19:15,873] {processor.py:163} INFO - Started process (PID=1366) to work on /home/airflow/.local/lib/python3.6/site-packages/airflow/example_dags/example_short_circuit_operator.py
[2022-01-19 18:19:15,876] {processor.py:642} INFO - Processing file /home/airflow/.local/lib/python3.6/site-packages/airflow/example_dags/example_short_circuit_operator.py for tasks to queue
[2022-01-19 18:19:15,877] {logging_mixin.py:109} INFO - [2022-01-19 18:19:15,877] {dagbag.py:500} INFO - Filling up the DagBag from /home/airflow/.local/lib/python3.6/site-packages/airflow/example_dags/example_short_circuit_operator.py
[2022-01-19 18:19:15,917] {processor.py:654} INFO - DAG(s) dict_keys(['example_short_circuit_operator']) retrieved from /home/airflow/.local/lib/python3.6/site-packages/airflow/example_dags/example_short_circuit_operator.py
[2022-01-19 18:19:15,926] {logging_mixin.py:109} INFO - [2022-01-19 18:19:15,926] {dag.py:2396} INFO - Sync 1 DAGs
[2022-01-19 18:19:15,941] {logging_mixin.py:109} INFO - [2022-01-19 18:19:15,941] {dag.py:2935} INFO - Setting next_dagrun for example_short_circuit_operator to 2022-01-18T18:19:15.941080+00:00
[2022-01-19 18:19:15,948] {processor.py:171} INFO - Processing /home/airflow/.local/lib/python3.6/site-packages/airflow/example_dags/example_short_circuit_operator.py took 0.081 seconds
[2022-01-19 18:19:46,021] {processor.py:163} INFO - Started process (PID=1419) to work on /home/airflow/.local/lib/python3.6/site-packages/airflow/example_dags/example_short_circuit_operator.py
[2022-01-19 18:19:46,022] {processor.py:642} INFO - Processing file /home/airflow/.local/lib/python3.6/site-packages/airflow/example_dags/example_short_circuit_operator.py for tasks to queue
[2022-01-19 18:19:46,023] {logging_mixin.py:109} INFO - [2022-01-19 18:19:46,022] {dagbag.py:500} INFO - Filling up the DagBag from /home/airflow/.local/lib/python3.6/site-packages/airflow/example_dags/example_short_circuit_operator.py
[2022-01-19 18:19:46,042] {processor.py:654} INFO - DAG(s) dict_keys(['example_short_circuit_operator']) retrieved from /home/airflow/.local/lib/python3.6/site-packages/airflow/example_dags/example_short_circuit_operator.py
[2022-01-19 18:19:46,050] {logging_mixin.py:109} INFO - [2022-01-19 18:19:46,050] {dag.py:2396} INFO - Sync 1 DAGs
[2022-01-19 18:19:46,063] {logging_mixin.py:109} INFO - [2022-01-19 18:19:46,063] {dag.py:2935} INFO - Setting next_dagrun for example_short_circuit_operator to 2022-01-18T18:19:46.063050+00:00
[2022-01-19 18:19:46,070] {processor.py:171} INFO - Processing /home/airflow/.local/lib/python3.6/site-packages/airflow/example_dags/example_short_circuit_operator.py took 0.051 seconds
[2022-01-19 18:20:16,705] {processor.py:163} INFO - Started process (PID=1478) to work on /home/airflow/.local/lib/python3.6/site-packages/airflow/example_dags/example_short_circuit_operator.py
[2022-01-19 18:20:16,706] {processor.py:642} INFO - Processing file /home/airflow/.local/lib/python3.6/site-packages/airflow/example_dags/example_short_circuit_operator.py for tasks to queue
[2022-01-19 18:20:16,706] {logging_mixin.py:109} INFO - [2022-01-19 18:20:16,706] {dagbag.py:500} INFO - Filling up the DagBag from /home/airflow/.local/lib/python3.6/site-packages/airflow/example_dags/example_short_circuit_operator.py
[2022-01-19 18:20:16,728] {processor.py:654} INFO - DAG(s) dict_keys(['example_short_circuit_operator']) retrieved from /home/airflow/.local/lib/python3.6/site-packages/airflow/example_dags/example_short_circuit_operator.py
[2022-01-19 18:20:16,739] {logging_mixin.py:109} INFO - [2022-01-19 18:20:16,739] {dag.py:2396} INFO - Sync 1 DAGs
[2022-01-19 18:20:16,754] {logging_mixin.py:109} INFO - [2022-01-19 18:20:16,753] {dag.py:2935} INFO - Setting next_dagrun for example_short_circuit_operator to 2022-01-18T18:20:16.753706+00:00
[2022-01-19 18:20:16,761] {processor.py:171} INFO - Processing /home/airflow/.local/lib/python3.6/site-packages/airflow/example_dags/example_short_circuit_operator.py took 0.058 seconds
[2022-01-19 18:20:46,855] {processor.py:163} INFO - Started process (PID=1533) to work on /home/airflow/.local/lib/python3.6/site-packages/airflow/example_dags/example_short_circuit_operator.py
[2022-01-19 18:20:46,856] {processor.py:642} INFO - Processing file /home/airflow/.local/lib/python3.6/site-packages/airflow/example_dags/example_short_circuit_operator.py for tasks to queue
[2022-01-19 18:20:46,857] {logging_mixin.py:109} INFO - [2022-01-19 18:20:46,857] {dagbag.py:500} INFO - Filling up the DagBag from /home/airflow/.local/lib/python3.6/site-packages/airflow/example_dags/example_short_circuit_operator.py
[2022-01-19 18:20:46,888] {processor.py:654} INFO - DAG(s) dict_keys(['example_short_circuit_operator']) retrieved from /home/airflow/.local/lib/python3.6/site-packages/airflow/example_dags/example_short_circuit_operator.py
[2022-01-19 18:20:46,901] {logging_mixin.py:109} INFO - [2022-01-19 18:20:46,901] {dag.py:2396} INFO - Sync 1 DAGs
[2022-01-19 18:20:46,923] {logging_mixin.py:109} INFO - [2022-01-19 18:20:46,923] {dag.py:2935} INFO - Setting next_dagrun for example_short_circuit_operator to 2022-01-18T18:20:46.923534+00:00
[2022-01-19 18:20:46,936] {processor.py:171} INFO - Processing /home/airflow/.local/lib/python3.6/site-packages/airflow/example_dags/example_short_circuit_operator.py took 0.084 seconds
[2022-01-19 18:21:17,840] {processor.py:163} INFO - Started process (PID=1585) to work on /home/airflow/.local/lib/python3.6/site-packages/airflow/example_dags/example_short_circuit_operator.py
[2022-01-19 18:21:17,842] {processor.py:642} INFO - Processing file /home/airflow/.local/lib/python3.6/site-packages/airflow/example_dags/example_short_circuit_operator.py for tasks to queue
[2022-01-19 18:21:17,843] {logging_mixin.py:109} INFO - [2022-01-19 18:21:17,843] {dagbag.py:500} INFO - Filling up the DagBag from /home/airflow/.local/lib/python3.6/site-packages/airflow/example_dags/example_short_circuit_operator.py
[2022-01-19 18:21:17,881] {processor.py:654} INFO - DAG(s) dict_keys(['example_short_circuit_operator']) retrieved from /home/airflow/.local/lib/python3.6/site-packages/airflow/example_dags/example_short_circuit_operator.py
[2022-01-19 18:21:17,898] {logging_mixin.py:109} INFO - [2022-01-19 18:21:17,898] {dag.py:2396} INFO - Sync 1 DAGs
[2022-01-19 18:21:17,926] {logging_mixin.py:109} INFO - [2022-01-19 18:21:17,926] {dag.py:2935} INFO - Setting next_dagrun for example_short_circuit_operator to 2022-01-18T18:21:17.925788+00:00
[2022-01-19 18:21:17,940] {processor.py:171} INFO - Processing /home/airflow/.local/lib/python3.6/site-packages/airflow/example_dags/example_short_circuit_operator.py took 0.106 seconds
[2022-01-19 18:21:48,140] {processor.py:163} INFO - Started process (PID=1648) to work on /home/airflow/.local/lib/python3.6/site-packages/airflow/example_dags/example_short_circuit_operator.py
[2022-01-19 18:21:48,142] {processor.py:642} INFO - Processing file /home/airflow/.local/lib/python3.6/site-packages/airflow/example_dags/example_short_circuit_operator.py for tasks to queue
[2022-01-19 18:21:48,143] {logging_mixin.py:109} INFO - [2022-01-19 18:21:48,143] {dagbag.py:500} INFO - Filling up the DagBag from /home/airflow/.local/lib/python3.6/site-packages/airflow/example_dags/example_short_circuit_operator.py
[2022-01-19 18:21:48,174] {processor.py:654} INFO - DAG(s) dict_keys(['example_short_circuit_operator']) retrieved from /home/airflow/.local/lib/python3.6/site-packages/airflow/example_dags/example_short_circuit_operator.py
[2022-01-19 18:21:48,186] {logging_mixin.py:109} INFO - [2022-01-19 18:21:48,186] {dag.py:2396} INFO - Sync 1 DAGs
[2022-01-19 18:21:48,208] {logging_mixin.py:109} INFO - [2022-01-19 18:21:48,208] {dag.py:2935} INFO - Setting next_dagrun for example_short_circuit_operator to 2022-01-18T18:21:48.207593+00:00
[2022-01-19 18:21:48,218] {processor.py:171} INFO - Processing /home/airflow/.local/lib/python3.6/site-packages/airflow/example_dags/example_short_circuit_operator.py took 0.082 seconds
[2022-01-19 18:22:18,304] {processor.py:163} INFO - Started process (PID=1701) to work on /home/airflow/.local/lib/python3.6/site-packages/airflow/example_dags/example_short_circuit_operator.py
[2022-01-19 18:22:18,306] {processor.py:642} INFO - Processing file /home/airflow/.local/lib/python3.6/site-packages/airflow/example_dags/example_short_circuit_operator.py for tasks to queue
[2022-01-19 18:22:18,307] {logging_mixin.py:109} INFO - [2022-01-19 18:22:18,307] {dagbag.py:500} INFO - Filling up the DagBag from /home/airflow/.local/lib/python3.6/site-packages/airflow/example_dags/example_short_circuit_operator.py
[2022-01-19 18:22:18,362] {processor.py:654} INFO - DAG(s) dict_keys(['example_short_circuit_operator']) retrieved from /home/airflow/.local/lib/python3.6/site-packages/airflow/example_dags/example_short_circuit_operator.py
[2022-01-19 18:22:18,375] {logging_mixin.py:109} INFO - [2022-01-19 18:22:18,375] {dag.py:2396} INFO - Sync 1 DAGs
[2022-01-19 18:22:18,392] {logging_mixin.py:109} INFO - [2022-01-19 18:22:18,392] {dag.py:2935} INFO - Setting next_dagrun for example_short_circuit_operator to 2022-01-18T18:22:18.392511+00:00
[2022-01-19 18:22:18,401] {processor.py:171} INFO - Processing /home/airflow/.local/lib/python3.6/site-packages/airflow/example_dags/example_short_circuit_operator.py took 0.102 seconds
[2022-01-19 18:22:49,137] {processor.py:163} INFO - Started process (PID=1754) to work on /home/airflow/.local/lib/python3.6/site-packages/airflow/example_dags/example_short_circuit_operator.py
[2022-01-19 18:22:49,138] {processor.py:642} INFO - Processing file /home/airflow/.local/lib/python3.6/site-packages/airflow/example_dags/example_short_circuit_operator.py for tasks to queue
[2022-01-19 18:22:49,139] {logging_mixin.py:109} INFO - [2022-01-19 18:22:49,139] {dagbag.py:500} INFO - Filling up the DagBag from /home/airflow/.local/lib/python3.6/site-packages/airflow/example_dags/example_short_circuit_operator.py
[2022-01-19 18:22:49,165] {processor.py:654} INFO - DAG(s) dict_keys(['example_short_circuit_operator']) retrieved from /home/airflow/.local/lib/python3.6/site-packages/airflow/example_dags/example_short_circuit_operator.py
[2022-01-19 18:22:49,176] {logging_mixin.py:109} INFO - [2022-01-19 18:22:49,176] {dag.py:2396} INFO - Sync 1 DAGs
[2022-01-19 18:22:49,197] {logging_mixin.py:109} INFO - [2022-01-19 18:22:49,197] {dag.py:2935} INFO - Setting next_dagrun for example_short_circuit_operator to 2022-01-18T18:22:49.197370+00:00
[2022-01-19 18:22:49,206] {processor.py:171} INFO - Processing /home/airflow/.local/lib/python3.6/site-packages/airflow/example_dags/example_short_circuit_operator.py took 0.071 seconds
[2022-01-19 18:23:19,226] {processor.py:163} INFO - Started process (PID=1817) to work on /home/airflow/.local/lib/python3.6/site-packages/airflow/example_dags/example_short_circuit_operator.py
[2022-01-19 18:23:19,227] {processor.py:642} INFO - Processing file /home/airflow/.local/lib/python3.6/site-packages/airflow/example_dags/example_short_circuit_operator.py for tasks to queue
[2022-01-19 18:23:19,228] {logging_mixin.py:109} INFO - [2022-01-19 18:23:19,228] {dagbag.py:500} INFO - Filling up the DagBag from /home/airflow/.local/lib/python3.6/site-packages/airflow/example_dags/example_short_circuit_operator.py
[2022-01-19 18:23:19,248] {processor.py:654} INFO - DAG(s) dict_keys(['example_short_circuit_operator']) retrieved from /home/airflow/.local/lib/python3.6/site-packages/airflow/example_dags/example_short_circuit_operator.py
[2022-01-19 18:23:19,258] {logging_mixin.py:109} INFO - [2022-01-19 18:23:19,258] {dag.py:2396} INFO - Sync 1 DAGs
[2022-01-19 18:23:19,277] {logging_mixin.py:109} INFO - [2022-01-19 18:23:19,277] {dag.py:2935} INFO - Setting next_dagrun for example_short_circuit_operator to 2022-01-18T18:23:19.277455+00:00
[2022-01-19 18:23:19,287] {processor.py:171} INFO - Processing /home/airflow/.local/lib/python3.6/site-packages/airflow/example_dags/example_short_circuit_operator.py took 0.063 seconds
[2022-01-19 18:23:49,507] {processor.py:163} INFO - Started process (PID=1869) to work on /home/airflow/.local/lib/python3.6/site-packages/airflow/example_dags/example_short_circuit_operator.py
[2022-01-19 18:23:49,510] {processor.py:642} INFO - Processing file /home/airflow/.local/lib/python3.6/site-packages/airflow/example_dags/example_short_circuit_operator.py for tasks to queue
[2022-01-19 18:23:49,516] {logging_mixin.py:109} INFO - [2022-01-19 18:23:49,516] {dagbag.py:500} INFO - Filling up the DagBag from /home/airflow/.local/lib/python3.6/site-packages/airflow/example_dags/example_short_circuit_operator.py
[2022-01-19 18:23:49,555] {processor.py:654} INFO - DAG(s) dict_keys(['example_short_circuit_operator']) retrieved from /home/airflow/.local/lib/python3.6/site-packages/airflow/example_dags/example_short_circuit_operator.py
[2022-01-19 18:23:49,567] {logging_mixin.py:109} INFO - [2022-01-19 18:23:49,567] {dag.py:2396} INFO - Sync 1 DAGs
[2022-01-19 18:23:49,587] {logging_mixin.py:109} INFO - [2022-01-19 18:23:49,587] {dag.py:2935} INFO - Setting next_dagrun for example_short_circuit_operator to 2022-01-18T18:23:49.586792+00:00
[2022-01-19 18:23:49,596] {processor.py:171} INFO - Processing /home/airflow/.local/lib/python3.6/site-packages/airflow/example_dags/example_short_circuit_operator.py took 0.097 seconds
[2022-01-19 18:24:19,717] {processor.py:163} INFO - Started process (PID=1922) to work on /home/airflow/.local/lib/python3.6/site-packages/airflow/example_dags/example_short_circuit_operator.py
[2022-01-19 18:24:19,721] {processor.py:642} INFO - Processing file /home/airflow/.local/lib/python3.6/site-packages/airflow/example_dags/example_short_circuit_operator.py for tasks to queue
[2022-01-19 18:24:19,722] {logging_mixin.py:109} INFO - [2022-01-19 18:24:19,722] {dagbag.py:500} INFO - Filling up the DagBag from /home/airflow/.local/lib/python3.6/site-packages/airflow/example_dags/example_short_circuit_operator.py
[2022-01-19 18:24:19,765] {processor.py:654} INFO - DAG(s) dict_keys(['example_short_circuit_operator']) retrieved from /home/airflow/.local/lib/python3.6/site-packages/airflow/example_dags/example_short_circuit_operator.py
[2022-01-19 18:24:19,777] {logging_mixin.py:109} INFO - [2022-01-19 18:24:19,777] {dag.py:2396} INFO - Sync 1 DAGs
[2022-01-19 18:24:19,795] {logging_mixin.py:109} INFO - [2022-01-19 18:24:19,794] {dag.py:2935} INFO - Setting next_dagrun for example_short_circuit_operator to 2022-01-18T18:24:19.794625+00:00
[2022-01-19 18:24:19,803] {processor.py:171} INFO - Processing /home/airflow/.local/lib/python3.6/site-packages/airflow/example_dags/example_short_circuit_operator.py took 0.094 seconds
[2022-01-19 18:24:50,150] {processor.py:163} INFO - Started process (PID=1985) to work on /home/airflow/.local/lib/python3.6/site-packages/airflow/example_dags/example_short_circuit_operator.py
[2022-01-19 18:24:50,152] {processor.py:642} INFO - Processing file /home/airflow/.local/lib/python3.6/site-packages/airflow/example_dags/example_short_circuit_operator.py for tasks to queue
[2022-01-19 18:24:50,153] {logging_mixin.py:109} INFO - [2022-01-19 18:24:50,153] {dagbag.py:500} INFO - Filling up the DagBag from /home/airflow/.local/lib/python3.6/site-packages/airflow/example_dags/example_short_circuit_operator.py
[2022-01-19 18:24:50,185] {processor.py:654} INFO - DAG(s) dict_keys(['example_short_circuit_operator']) retrieved from /home/airflow/.local/lib/python3.6/site-packages/airflow/example_dags/example_short_circuit_operator.py
[2022-01-19 18:24:50,197] {logging_mixin.py:109} INFO - [2022-01-19 18:24:50,197] {dag.py:2396} INFO - Sync 1 DAGs
[2022-01-19 18:24:50,216] {logging_mixin.py:109} INFO - [2022-01-19 18:24:50,216] {dag.py:2935} INFO - Setting next_dagrun for example_short_circuit_operator to 2022-01-18T18:24:50.215953+00:00
[2022-01-19 18:24:50,224] {processor.py:171} INFO - Processing /home/airflow/.local/lib/python3.6/site-packages/airflow/example_dags/example_short_circuit_operator.py took 0.077 seconds
[2022-01-19 18:25:20,864] {processor.py:163} INFO - Started process (PID=2037) to work on /home/airflow/.local/lib/python3.6/site-packages/airflow/example_dags/example_short_circuit_operator.py
[2022-01-19 18:25:20,866] {processor.py:642} INFO - Processing file /home/airflow/.local/lib/python3.6/site-packages/airflow/example_dags/example_short_circuit_operator.py for tasks to queue
[2022-01-19 18:25:20,867] {logging_mixin.py:109} INFO - [2022-01-19 18:25:20,867] {dagbag.py:500} INFO - Filling up the DagBag from /home/airflow/.local/lib/python3.6/site-packages/airflow/example_dags/example_short_circuit_operator.py
[2022-01-19 18:25:20,905] {processor.py:654} INFO - DAG(s) dict_keys(['example_short_circuit_operator']) retrieved from /home/airflow/.local/lib/python3.6/site-packages/airflow/example_dags/example_short_circuit_operator.py
[2022-01-19 18:25:20,916] {logging_mixin.py:109} INFO - [2022-01-19 18:25:20,916] {dag.py:2396} INFO - Sync 1 DAGs
[2022-01-19 18:25:20,933] {logging_mixin.py:109} INFO - [2022-01-19 18:25:20,933] {dag.py:2935} INFO - Setting next_dagrun for example_short_circuit_operator to 2022-01-18T18:25:20.933323+00:00
[2022-01-19 18:25:20,941] {processor.py:171} INFO - Processing /home/airflow/.local/lib/python3.6/site-packages/airflow/example_dags/example_short_circuit_operator.py took 0.082 seconds
[2022-01-19 18:25:51,496] {processor.py:163} INFO - Started process (PID=2101) to work on /home/airflow/.local/lib/python3.6/site-packages/airflow/example_dags/example_short_circuit_operator.py
[2022-01-19 18:25:51,497] {processor.py:642} INFO - Processing file /home/airflow/.local/lib/python3.6/site-packages/airflow/example_dags/example_short_circuit_operator.py for tasks to queue
[2022-01-19 18:25:51,498] {logging_mixin.py:109} INFO - [2022-01-19 18:25:51,498] {dagbag.py:500} INFO - Filling up the DagBag from /home/airflow/.local/lib/python3.6/site-packages/airflow/example_dags/example_short_circuit_operator.py
[2022-01-19 18:25:51,522] {processor.py:654} INFO - DAG(s) dict_keys(['example_short_circuit_operator']) retrieved from /home/airflow/.local/lib/python3.6/site-packages/airflow/example_dags/example_short_circuit_operator.py
[2022-01-19 18:25:51,535] {logging_mixin.py:109} INFO - [2022-01-19 18:25:51,535] {dag.py:2396} INFO - Sync 1 DAGs
[2022-01-19 18:25:51,559] {logging_mixin.py:109} INFO - [2022-01-19 18:25:51,559] {dag.py:2935} INFO - Setting next_dagrun for example_short_circuit_operator to 2022-01-18T18:25:51.558836+00:00
[2022-01-19 18:25:51,570] {processor.py:171} INFO - Processing /home/airflow/.local/lib/python3.6/site-packages/airflow/example_dags/example_short_circuit_operator.py took 0.076 seconds
[2022-01-19 18:26:22,181] {processor.py:163} INFO - Started process (PID=2154) to work on /home/airflow/.local/lib/python3.6/site-packages/airflow/example_dags/example_short_circuit_operator.py
[2022-01-19 18:26:22,183] {processor.py:642} INFO - Processing file /home/airflow/.local/lib/python3.6/site-packages/airflow/example_dags/example_short_circuit_operator.py for tasks to queue
[2022-01-19 18:26:22,183] {logging_mixin.py:109} INFO - [2022-01-19 18:26:22,183] {dagbag.py:500} INFO - Filling up the DagBag from /home/airflow/.local/lib/python3.6/site-packages/airflow/example_dags/example_short_circuit_operator.py
[2022-01-19 18:26:22,222] {processor.py:654} INFO - DAG(s) dict_keys(['example_short_circuit_operator']) retrieved from /home/airflow/.local/lib/python3.6/site-packages/airflow/example_dags/example_short_circuit_operator.py
[2022-01-19 18:26:22,237] {logging_mixin.py:109} INFO - [2022-01-19 18:26:22,237] {dag.py:2396} INFO - Sync 1 DAGs
[2022-01-19 18:26:22,263] {logging_mixin.py:109} INFO - [2022-01-19 18:26:22,262] {dag.py:2935} INFO - Setting next_dagrun for example_short_circuit_operator to 2022-01-18T18:26:22.262444+00:00
[2022-01-19 18:26:22,278] {processor.py:171} INFO - Processing /home/airflow/.local/lib/python3.6/site-packages/airflow/example_dags/example_short_circuit_operator.py took 0.101 seconds
[2022-01-19 18:26:52,824] {processor.py:163} INFO - Started process (PID=2216) to work on /home/airflow/.local/lib/python3.6/site-packages/airflow/example_dags/example_short_circuit_operator.py
[2022-01-19 18:26:52,825] {processor.py:642} INFO - Processing file /home/airflow/.local/lib/python3.6/site-packages/airflow/example_dags/example_short_circuit_operator.py for tasks to queue
[2022-01-19 18:26:52,826] {logging_mixin.py:109} INFO - [2022-01-19 18:26:52,825] {dagbag.py:500} INFO - Filling up the DagBag from /home/airflow/.local/lib/python3.6/site-packages/airflow/example_dags/example_short_circuit_operator.py
[2022-01-19 18:26:52,850] {processor.py:654} INFO - DAG(s) dict_keys(['example_short_circuit_operator']) retrieved from /home/airflow/.local/lib/python3.6/site-packages/airflow/example_dags/example_short_circuit_operator.py
[2022-01-19 18:26:52,863] {logging_mixin.py:109} INFO - [2022-01-19 18:26:52,863] {dag.py:2396} INFO - Sync 1 DAGs
[2022-01-19 18:26:52,885] {logging_mixin.py:109} INFO - [2022-01-19 18:26:52,884] {dag.py:2935} INFO - Setting next_dagrun for example_short_circuit_operator to 2022-01-18T18:26:52.884551+00:00
[2022-01-19 18:26:52,893] {processor.py:171} INFO - Processing /home/airflow/.local/lib/python3.6/site-packages/airflow/example_dags/example_short_circuit_operator.py took 0.072 seconds
[2022-01-19 18:27:23,039] {processor.py:163} INFO - Started process (PID=2269) to work on /home/airflow/.local/lib/python3.6/site-packages/airflow/example_dags/example_short_circuit_operator.py
[2022-01-19 18:27:23,042] {processor.py:642} INFO - Processing file /home/airflow/.local/lib/python3.6/site-packages/airflow/example_dags/example_short_circuit_operator.py for tasks to queue
[2022-01-19 18:27:23,042] {logging_mixin.py:109} INFO - [2022-01-19 18:27:23,042] {dagbag.py:500} INFO - Filling up the DagBag from /home/airflow/.local/lib/python3.6/site-packages/airflow/example_dags/example_short_circuit_operator.py
[2022-01-19 18:27:23,079] {processor.py:654} INFO - DAG(s) dict_keys(['example_short_circuit_operator']) retrieved from /home/airflow/.local/lib/python3.6/site-packages/airflow/example_dags/example_short_circuit_operator.py
[2022-01-19 18:27:23,098] {logging_mixin.py:109} INFO - [2022-01-19 18:27:23,098] {dag.py:2396} INFO - Sync 1 DAGs
[2022-01-19 18:27:23,125] {logging_mixin.py:109} INFO - [2022-01-19 18:27:23,124] {dag.py:2935} INFO - Setting next_dagrun for example_short_circuit_operator to 2022-01-18T18:27:23.124444+00:00
[2022-01-19 18:27:23,138] {processor.py:171} INFO - Processing /home/airflow/.local/lib/python3.6/site-packages/airflow/example_dags/example_short_circuit_operator.py took 0.103 seconds
[2022-01-19 18:27:53,886] {processor.py:163} INFO - Started process (PID=2324) to work on /home/airflow/.local/lib/python3.6/site-packages/airflow/example_dags/example_short_circuit_operator.py
[2022-01-19 18:27:53,889] {processor.py:642} INFO - Processing file /home/airflow/.local/lib/python3.6/site-packages/airflow/example_dags/example_short_circuit_operator.py for tasks to queue
[2022-01-19 18:27:53,891] {logging_mixin.py:109} INFO - [2022-01-19 18:27:53,890] {dagbag.py:500} INFO - Filling up the DagBag from /home/airflow/.local/lib/python3.6/site-packages/airflow/example_dags/example_short_circuit_operator.py
[2022-01-19 18:27:53,930] {processor.py:654} INFO - DAG(s) dict_keys(['example_short_circuit_operator']) retrieved from /home/airflow/.local/lib/python3.6/site-packages/airflow/example_dags/example_short_circuit_operator.py
[2022-01-19 18:27:53,942] {logging_mixin.py:109} INFO - [2022-01-19 18:27:53,942] {dag.py:2396} INFO - Sync 1 DAGs
[2022-01-19 18:27:53,960] {logging_mixin.py:109} INFO - [2022-01-19 18:27:53,960] {dag.py:2935} INFO - Setting next_dagrun for example_short_circuit_operator to 2022-01-18T18:27:53.960208+00:00
[2022-01-19 18:27:53,968] {processor.py:171} INFO - Processing /home/airflow/.local/lib/python3.6/site-packages/airflow/example_dags/example_short_circuit_operator.py took 0.091 seconds
[2022-01-19 18:28:24,596] {processor.py:163} INFO - Started process (PID=2387) to work on /home/airflow/.local/lib/python3.6/site-packages/airflow/example_dags/example_short_circuit_operator.py
[2022-01-19 18:28:24,597] {processor.py:642} INFO - Processing file /home/airflow/.local/lib/python3.6/site-packages/airflow/example_dags/example_short_circuit_operator.py for tasks to queue
[2022-01-19 18:28:24,598] {logging_mixin.py:109} INFO - [2022-01-19 18:28:24,598] {dagbag.py:500} INFO - Filling up the DagBag from /home/airflow/.local/lib/python3.6/site-packages/airflow/example_dags/example_short_circuit_operator.py
[2022-01-19 18:28:24,634] {processor.py:654} INFO - DAG(s) dict_keys(['example_short_circuit_operator']) retrieved from /home/airflow/.local/lib/python3.6/site-packages/airflow/example_dags/example_short_circuit_operator.py
[2022-01-19 18:28:24,649] {logging_mixin.py:109} INFO - [2022-01-19 18:28:24,649] {dag.py:2396} INFO - Sync 1 DAGs
[2022-01-19 18:28:24,677] {logging_mixin.py:109} INFO - [2022-01-19 18:28:24,677] {dag.py:2935} INFO - Setting next_dagrun for example_short_circuit_operator to 2022-01-18T18:28:24.677355+00:00
[2022-01-19 18:28:24,690] {processor.py:171} INFO - Processing /home/airflow/.local/lib/python3.6/site-packages/airflow/example_dags/example_short_circuit_operator.py took 0.098 seconds
[2022-01-19 18:28:54,713] {processor.py:163} INFO - Started process (PID=2440) to work on /home/airflow/.local/lib/python3.6/site-packages/airflow/example_dags/example_short_circuit_operator.py
[2022-01-19 18:28:54,714] {processor.py:642} INFO - Processing file /home/airflow/.local/lib/python3.6/site-packages/airflow/example_dags/example_short_circuit_operator.py for tasks to queue
[2022-01-19 18:28:54,714] {logging_mixin.py:109} INFO - [2022-01-19 18:28:54,714] {dagbag.py:500} INFO - Filling up the DagBag from /home/airflow/.local/lib/python3.6/site-packages/airflow/example_dags/example_short_circuit_operator.py
[2022-01-19 18:28:54,734] {processor.py:654} INFO - DAG(s) dict_keys(['example_short_circuit_operator']) retrieved from /home/airflow/.local/lib/python3.6/site-packages/airflow/example_dags/example_short_circuit_operator.py
[2022-01-19 18:28:54,742] {logging_mixin.py:109} INFO - [2022-01-19 18:28:54,742] {dag.py:2396} INFO - Sync 1 DAGs
[2022-01-19 18:28:54,755] {logging_mixin.py:109} INFO - [2022-01-19 18:28:54,755] {dag.py:2935} INFO - Setting next_dagrun for example_short_circuit_operator to 2022-01-18T18:28:54.755075+00:00
[2022-01-19 18:28:54,762] {processor.py:171} INFO - Processing /home/airflow/.local/lib/python3.6/site-packages/airflow/example_dags/example_short_circuit_operator.py took 0.051 seconds
[2022-01-19 18:29:25,458] {processor.py:163} INFO - Started process (PID=2493) to work on /home/airflow/.local/lib/python3.6/site-packages/airflow/example_dags/example_short_circuit_operator.py
[2022-01-19 18:29:25,459] {processor.py:642} INFO - Processing file /home/airflow/.local/lib/python3.6/site-packages/airflow/example_dags/example_short_circuit_operator.py for tasks to queue
[2022-01-19 18:29:25,460] {logging_mixin.py:109} INFO - [2022-01-19 18:29:25,460] {dagbag.py:500} INFO - Filling up the DagBag from /home/airflow/.local/lib/python3.6/site-packages/airflow/example_dags/example_short_circuit_operator.py
[2022-01-19 18:29:25,485] {processor.py:654} INFO - DAG(s) dict_keys(['example_short_circuit_operator']) retrieved from /home/airflow/.local/lib/python3.6/site-packages/airflow/example_dags/example_short_circuit_operator.py
[2022-01-19 18:29:25,495] {logging_mixin.py:109} INFO - [2022-01-19 18:29:25,495] {dag.py:2396} INFO - Sync 1 DAGs
[2022-01-19 18:29:25,512] {logging_mixin.py:109} INFO - [2022-01-19 18:29:25,512] {dag.py:2935} INFO - Setting next_dagrun for example_short_circuit_operator to 2022-01-18T18:29:25.512073+00:00
[2022-01-19 18:29:25,520] {processor.py:171} INFO - Processing /home/airflow/.local/lib/python3.6/site-packages/airflow/example_dags/example_short_circuit_operator.py took 0.064 seconds
[2022-01-19 18:29:56,290] {processor.py:163} INFO - Started process (PID=2556) to work on /home/airflow/.local/lib/python3.6/site-packages/airflow/example_dags/example_short_circuit_operator.py
[2022-01-19 18:29:56,291] {processor.py:642} INFO - Processing file /home/airflow/.local/lib/python3.6/site-packages/airflow/example_dags/example_short_circuit_operator.py for tasks to queue
[2022-01-19 18:29:56,292] {logging_mixin.py:109} INFO - [2022-01-19 18:29:56,292] {dagbag.py:500} INFO - Filling up the DagBag from /home/airflow/.local/lib/python3.6/site-packages/airflow/example_dags/example_short_circuit_operator.py
[2022-01-19 18:29:56,316] {processor.py:654} INFO - DAG(s) dict_keys(['example_short_circuit_operator']) retrieved from /home/airflow/.local/lib/python3.6/site-packages/airflow/example_dags/example_short_circuit_operator.py
[2022-01-19 18:29:56,327] {logging_mixin.py:109} INFO - [2022-01-19 18:29:56,327] {dag.py:2396} INFO - Sync 1 DAGs
[2022-01-19 18:29:56,360] {logging_mixin.py:109} INFO - [2022-01-19 18:29:56,360] {dag.py:2935} INFO - Setting next_dagrun for example_short_circuit_operator to 2022-01-18T18:29:56.359737+00:00
[2022-01-19 18:29:56,374] {processor.py:171} INFO - Processing /home/airflow/.local/lib/python3.6/site-packages/airflow/example_dags/example_short_circuit_operator.py took 0.086 seconds
[2022-01-19 18:30:27,010] {processor.py:163} INFO - Started process (PID=2609) to work on /home/airflow/.local/lib/python3.6/site-packages/airflow/example_dags/example_short_circuit_operator.py
[2022-01-19 18:30:27,011] {processor.py:642} INFO - Processing file /home/airflow/.local/lib/python3.6/site-packages/airflow/example_dags/example_short_circuit_operator.py for tasks to queue
[2022-01-19 18:30:27,012] {logging_mixin.py:109} INFO - [2022-01-19 18:30:27,011] {dagbag.py:500} INFO - Filling up the DagBag from /home/airflow/.local/lib/python3.6/site-packages/airflow/example_dags/example_short_circuit_operator.py
[2022-01-19 18:30:27,041] {processor.py:654} INFO - DAG(s) dict_keys(['example_short_circuit_operator']) retrieved from /home/airflow/.local/lib/python3.6/site-packages/airflow/example_dags/example_short_circuit_operator.py
[2022-01-19 18:30:27,053] {logging_mixin.py:109} INFO - [2022-01-19 18:30:27,053] {dag.py:2396} INFO - Sync 1 DAGs
[2022-01-19 18:30:27,070] {logging_mixin.py:109} INFO - [2022-01-19 18:30:27,070] {dag.py:2935} INFO - Setting next_dagrun for example_short_circuit_operator to 2022-01-18T18:30:27.070144+00:00
[2022-01-19 18:30:27,078] {processor.py:171} INFO - Processing /home/airflow/.local/lib/python3.6/site-packages/airflow/example_dags/example_short_circuit_operator.py took 0.072 seconds
[2022-01-19 18:30:57,543] {processor.py:163} INFO - Started process (PID=2671) to work on /home/airflow/.local/lib/python3.6/site-packages/airflow/example_dags/example_short_circuit_operator.py
[2022-01-19 18:30:57,545] {processor.py:642} INFO - Processing file /home/airflow/.local/lib/python3.6/site-packages/airflow/example_dags/example_short_circuit_operator.py for tasks to queue
[2022-01-19 18:30:57,546] {logging_mixin.py:109} INFO - [2022-01-19 18:30:57,546] {dagbag.py:500} INFO - Filling up the DagBag from /home/airflow/.local/lib/python3.6/site-packages/airflow/example_dags/example_short_circuit_operator.py
[2022-01-19 18:30:57,572] {processor.py:654} INFO - DAG(s) dict_keys(['example_short_circuit_operator']) retrieved from /home/airflow/.local/lib/python3.6/site-packages/airflow/example_dags/example_short_circuit_operator.py
[2022-01-19 18:30:57,582] {logging_mixin.py:109} INFO - [2022-01-19 18:30:57,582] {dag.py:2396} INFO - Sync 1 DAGs
[2022-01-19 18:30:57,599] {logging_mixin.py:109} INFO - [2022-01-19 18:30:57,599] {dag.py:2935} INFO - Setting next_dagrun for example_short_circuit_operator to 2022-01-18T18:30:57.599195+00:00
[2022-01-19 18:30:57,607] {processor.py:171} INFO - Processing /home/airflow/.local/lib/python3.6/site-packages/airflow/example_dags/example_short_circuit_operator.py took 0.067 seconds
