[2022-01-19 18:09:37,714] {processor.py:163} INFO - Started process (PID=73) to work on /home/airflow/.local/lib/python3.6/site-packages/airflow/example_dags/example_xcom.py
[2022-01-19 18:09:37,716] {processor.py:642} INFO - Processing file /home/airflow/.local/lib/python3.6/site-packages/airflow/example_dags/example_xcom.py for tasks to queue
[2022-01-19 18:09:37,717] {logging_mixin.py:109} INFO - [2022-01-19 18:09:37,717] {dagbag.py:500} INFO - Filling up the DagBag from /home/airflow/.local/lib/python3.6/site-packages/airflow/example_dags/example_xcom.py
[2022-01-19 18:09:37,812] {processor.py:654} INFO - DAG(s) dict_keys(['example_xcom']) retrieved from /home/airflow/.local/lib/python3.6/site-packages/airflow/example_dags/example_xcom.py
[2022-01-19 18:09:42,112] {logging_mixin.py:109} INFO - [2022-01-19 18:09:42,112] {manager.py:496} INFO - Created Permission View: can read on DAG:example_xcom
[2022-01-19 18:09:42,125] {logging_mixin.py:109} INFO - [2022-01-19 18:09:42,125] {manager.py:496} INFO - Created Permission View: can edit on DAG:example_xcom
[2022-01-19 18:09:42,128] {logging_mixin.py:109} INFO - [2022-01-19 18:09:42,125] {dag.py:2396} INFO - Sync 1 DAGs
[2022-01-19 18:09:42,167] {logging_mixin.py:109} INFO - [2022-01-19 18:09:42,165] {dag.py:2415} INFO - Creating ORM DAG for example_xcom
[2022-01-19 18:09:42,181] {logging_mixin.py:109} INFO - [2022-01-19 18:09:42,180] {dag.py:2935} INFO - Setting next_dagrun for example_xcom to 2021-01-01T00:00:00+00:00
[2022-01-19 18:09:42,199] {processor.py:171} INFO - Processing /home/airflow/.local/lib/python3.6/site-packages/airflow/example_dags/example_xcom.py took 4.489 seconds
[2022-01-19 18:10:18,414] {processor.py:163} INFO - Started process (PID=359) to work on /home/airflow/.local/lib/python3.6/site-packages/airflow/example_dags/example_xcom.py
[2022-01-19 18:10:18,416] {processor.py:642} INFO - Processing file /home/airflow/.local/lib/python3.6/site-packages/airflow/example_dags/example_xcom.py for tasks to queue
[2022-01-19 18:10:18,417] {logging_mixin.py:109} INFO - [2022-01-19 18:10:18,417] {dagbag.py:500} INFO - Filling up the DagBag from /home/airflow/.local/lib/python3.6/site-packages/airflow/example_dags/example_xcom.py
[2022-01-19 18:10:18,460] {processor.py:654} INFO - DAG(s) dict_keys(['example_xcom']) retrieved from /home/airflow/.local/lib/python3.6/site-packages/airflow/example_dags/example_xcom.py
[2022-01-19 18:10:18,773] {logging_mixin.py:109} INFO - [2022-01-19 18:10:18,773] {dag.py:2396} INFO - Sync 1 DAGs
[2022-01-19 18:10:18,794] {logging_mixin.py:109} INFO - [2022-01-19 18:10:18,794] {dag.py:2935} INFO - Setting next_dagrun for example_xcom to 2021-01-01T00:00:00+00:00
[2022-01-19 18:10:18,807] {processor.py:171} INFO - Processing /home/airflow/.local/lib/python3.6/site-packages/airflow/example_dags/example_xcom.py took 0.396 seconds
[2022-01-19 18:10:49,058] {processor.py:163} INFO - Started process (PID=411) to work on /home/airflow/.local/lib/python3.6/site-packages/airflow/example_dags/example_xcom.py
[2022-01-19 18:10:49,059] {processor.py:642} INFO - Processing file /home/airflow/.local/lib/python3.6/site-packages/airflow/example_dags/example_xcom.py for tasks to queue
[2022-01-19 18:10:49,059] {logging_mixin.py:109} INFO - [2022-01-19 18:10:49,059] {dagbag.py:500} INFO - Filling up the DagBag from /home/airflow/.local/lib/python3.6/site-packages/airflow/example_dags/example_xcom.py
[2022-01-19 18:10:49,087] {processor.py:654} INFO - DAG(s) dict_keys(['example_xcom']) retrieved from /home/airflow/.local/lib/python3.6/site-packages/airflow/example_dags/example_xcom.py
[2022-01-19 18:10:49,278] {logging_mixin.py:109} INFO - [2022-01-19 18:10:49,277] {dag.py:2396} INFO - Sync 1 DAGs
[2022-01-19 18:10:49,292] {logging_mixin.py:109} INFO - [2022-01-19 18:10:49,292] {dag.py:2935} INFO - Setting next_dagrun for example_xcom to 2021-01-01T00:00:00+00:00
[2022-01-19 18:10:49,301] {processor.py:171} INFO - Processing /home/airflow/.local/lib/python3.6/site-packages/airflow/example_dags/example_xcom.py took 0.245 seconds
[2022-01-19 18:11:19,426] {processor.py:163} INFO - Started process (PID=464) to work on /home/airflow/.local/lib/python3.6/site-packages/airflow/example_dags/example_xcom.py
[2022-01-19 18:11:19,427] {processor.py:642} INFO - Processing file /home/airflow/.local/lib/python3.6/site-packages/airflow/example_dags/example_xcom.py for tasks to queue
[2022-01-19 18:11:19,428] {logging_mixin.py:109} INFO - [2022-01-19 18:11:19,428] {dagbag.py:500} INFO - Filling up the DagBag from /home/airflow/.local/lib/python3.6/site-packages/airflow/example_dags/example_xcom.py
[2022-01-19 18:11:19,462] {processor.py:654} INFO - DAG(s) dict_keys(['example_xcom']) retrieved from /home/airflow/.local/lib/python3.6/site-packages/airflow/example_dags/example_xcom.py
[2022-01-19 18:11:19,656] {logging_mixin.py:109} INFO - [2022-01-19 18:11:19,656] {dag.py:2396} INFO - Sync 1 DAGs
[2022-01-19 18:11:19,672] {logging_mixin.py:109} INFO - [2022-01-19 18:11:19,671] {dag.py:2935} INFO - Setting next_dagrun for example_xcom to 2021-01-01T00:00:00+00:00
[2022-01-19 18:11:19,680] {processor.py:171} INFO - Processing /home/airflow/.local/lib/python3.6/site-packages/airflow/example_dags/example_xcom.py took 0.256 seconds
[2022-01-19 18:11:50,557] {processor.py:163} INFO - Started process (PID=526) to work on /home/airflow/.local/lib/python3.6/site-packages/airflow/example_dags/example_xcom.py
[2022-01-19 18:11:50,558] {processor.py:642} INFO - Processing file /home/airflow/.local/lib/python3.6/site-packages/airflow/example_dags/example_xcom.py for tasks to queue
[2022-01-19 18:11:50,559] {logging_mixin.py:109} INFO - [2022-01-19 18:11:50,559] {dagbag.py:500} INFO - Filling up the DagBag from /home/airflow/.local/lib/python3.6/site-packages/airflow/example_dags/example_xcom.py
[2022-01-19 18:11:50,609] {processor.py:654} INFO - DAG(s) dict_keys(['example_xcom']) retrieved from /home/airflow/.local/lib/python3.6/site-packages/airflow/example_dags/example_xcom.py
[2022-01-19 18:11:50,842] {logging_mixin.py:109} INFO - [2022-01-19 18:11:50,841] {dag.py:2396} INFO - Sync 1 DAGs
[2022-01-19 18:11:50,855] {logging_mixin.py:109} INFO - [2022-01-19 18:11:50,855] {dag.py:2935} INFO - Setting next_dagrun for example_xcom to 2021-01-01T00:00:00+00:00
[2022-01-19 18:11:50,863] {processor.py:171} INFO - Processing /home/airflow/.local/lib/python3.6/site-packages/airflow/example_dags/example_xcom.py took 0.310 seconds
[2022-01-19 18:12:20,877] {processor.py:163} INFO - Started process (PID=579) to work on /home/airflow/.local/lib/python3.6/site-packages/airflow/example_dags/example_xcom.py
[2022-01-19 18:12:20,877] {processor.py:642} INFO - Processing file /home/airflow/.local/lib/python3.6/site-packages/airflow/example_dags/example_xcom.py for tasks to queue
[2022-01-19 18:12:20,878] {logging_mixin.py:109} INFO - [2022-01-19 18:12:20,878] {dagbag.py:500} INFO - Filling up the DagBag from /home/airflow/.local/lib/python3.6/site-packages/airflow/example_dags/example_xcom.py
[2022-01-19 18:12:20,902] {processor.py:654} INFO - DAG(s) dict_keys(['example_xcom']) retrieved from /home/airflow/.local/lib/python3.6/site-packages/airflow/example_dags/example_xcom.py
[2022-01-19 18:12:21,057] {logging_mixin.py:109} INFO - [2022-01-19 18:12:21,057] {dag.py:2396} INFO - Sync 1 DAGs
[2022-01-19 18:12:21,073] {logging_mixin.py:109} INFO - [2022-01-19 18:12:21,073] {dag.py:2935} INFO - Setting next_dagrun for example_xcom to 2021-01-01T00:00:00+00:00
[2022-01-19 18:12:21,080] {processor.py:171} INFO - Processing /home/airflow/.local/lib/python3.6/site-packages/airflow/example_dags/example_xcom.py took 0.206 seconds
[2022-01-19 18:12:51,476] {processor.py:163} INFO - Started process (PID=632) to work on /home/airflow/.local/lib/python3.6/site-packages/airflow/example_dags/example_xcom.py
[2022-01-19 18:12:51,477] {processor.py:642} INFO - Processing file /home/airflow/.local/lib/python3.6/site-packages/airflow/example_dags/example_xcom.py for tasks to queue
[2022-01-19 18:12:51,477] {logging_mixin.py:109} INFO - [2022-01-19 18:12:51,477] {dagbag.py:500} INFO - Filling up the DagBag from /home/airflow/.local/lib/python3.6/site-packages/airflow/example_dags/example_xcom.py
[2022-01-19 18:12:51,507] {processor.py:654} INFO - DAG(s) dict_keys(['example_xcom']) retrieved from /home/airflow/.local/lib/python3.6/site-packages/airflow/example_dags/example_xcom.py
[2022-01-19 18:12:51,705] {logging_mixin.py:109} INFO - [2022-01-19 18:12:51,705] {dag.py:2396} INFO - Sync 1 DAGs
[2022-01-19 18:12:51,722] {logging_mixin.py:109} INFO - [2022-01-19 18:12:51,722] {dag.py:2935} INFO - Setting next_dagrun for example_xcom to 2021-01-01T00:00:00+00:00
[2022-01-19 18:12:51,731] {processor.py:171} INFO - Processing /home/airflow/.local/lib/python3.6/site-packages/airflow/example_dags/example_xcom.py took 0.257 seconds
[2022-01-19 18:13:22,058] {processor.py:163} INFO - Started process (PID=711) to work on /home/airflow/.local/lib/python3.6/site-packages/airflow/example_dags/example_xcom.py
[2022-01-19 18:13:22,059] {processor.py:642} INFO - Processing file /home/airflow/.local/lib/python3.6/site-packages/airflow/example_dags/example_xcom.py for tasks to queue
[2022-01-19 18:13:22,059] {logging_mixin.py:109} INFO - [2022-01-19 18:13:22,059] {dagbag.py:500} INFO - Filling up the DagBag from /home/airflow/.local/lib/python3.6/site-packages/airflow/example_dags/example_xcom.py
[2022-01-19 18:13:22,085] {processor.py:654} INFO - DAG(s) dict_keys(['example_xcom']) retrieved from /home/airflow/.local/lib/python3.6/site-packages/airflow/example_dags/example_xcom.py
[2022-01-19 18:13:22,252] {logging_mixin.py:109} INFO - [2022-01-19 18:13:22,252] {dag.py:2396} INFO - Sync 1 DAGs
[2022-01-19 18:13:22,265] {logging_mixin.py:109} INFO - [2022-01-19 18:13:22,265] {dag.py:2935} INFO - Setting next_dagrun for example_xcom to 2021-01-01T00:00:00+00:00
[2022-01-19 18:13:22,274] {processor.py:171} INFO - Processing /home/airflow/.local/lib/python3.6/site-packages/airflow/example_dags/example_xcom.py took 0.219 seconds
[2022-01-19 18:13:52,669] {processor.py:163} INFO - Started process (PID=765) to work on /home/airflow/.local/lib/python3.6/site-packages/airflow/example_dags/example_xcom.py
[2022-01-19 18:13:52,670] {processor.py:642} INFO - Processing file /home/airflow/.local/lib/python3.6/site-packages/airflow/example_dags/example_xcom.py for tasks to queue
[2022-01-19 18:13:52,670] {logging_mixin.py:109} INFO - [2022-01-19 18:13:52,670] {dagbag.py:500} INFO - Filling up the DagBag from /home/airflow/.local/lib/python3.6/site-packages/airflow/example_dags/example_xcom.py
[2022-01-19 18:13:52,698] {processor.py:654} INFO - DAG(s) dict_keys(['example_xcom']) retrieved from /home/airflow/.local/lib/python3.6/site-packages/airflow/example_dags/example_xcom.py
[2022-01-19 18:13:52,870] {logging_mixin.py:109} INFO - [2022-01-19 18:13:52,870] {dag.py:2396} INFO - Sync 1 DAGs
[2022-01-19 18:13:52,882] {logging_mixin.py:109} INFO - [2022-01-19 18:13:52,882] {dag.py:2935} INFO - Setting next_dagrun for example_xcom to 2021-01-01T00:00:00+00:00
[2022-01-19 18:13:52,891] {processor.py:171} INFO - Processing /home/airflow/.local/lib/python3.6/site-packages/airflow/example_dags/example_xcom.py took 0.224 seconds
[2022-01-19 18:14:23,407] {processor.py:163} INFO - Started process (PID=827) to work on /home/airflow/.local/lib/python3.6/site-packages/airflow/example_dags/example_xcom.py
[2022-01-19 18:14:23,407] {processor.py:642} INFO - Processing file /home/airflow/.local/lib/python3.6/site-packages/airflow/example_dags/example_xcom.py for tasks to queue
[2022-01-19 18:14:23,408] {logging_mixin.py:109} INFO - [2022-01-19 18:14:23,408] {dagbag.py:500} INFO - Filling up the DagBag from /home/airflow/.local/lib/python3.6/site-packages/airflow/example_dags/example_xcom.py
[2022-01-19 18:14:23,436] {processor.py:654} INFO - DAG(s) dict_keys(['example_xcom']) retrieved from /home/airflow/.local/lib/python3.6/site-packages/airflow/example_dags/example_xcom.py
[2022-01-19 18:14:23,445] {logging_mixin.py:109} INFO - [2022-01-19 18:14:23,445] {dag.py:2396} INFO - Sync 1 DAGs
[2022-01-19 18:14:23,460] {logging_mixin.py:109} INFO - [2022-01-19 18:14:23,460] {dag.py:2935} INFO - Setting next_dagrun for example_xcom to 2021-01-01T00:00:00+00:00
[2022-01-19 18:14:23,467] {processor.py:171} INFO - Processing /home/airflow/.local/lib/python3.6/site-packages/airflow/example_dags/example_xcom.py took 0.062 seconds
[2022-01-19 18:14:53,897] {processor.py:163} INFO - Started process (PID=879) to work on /home/airflow/.local/lib/python3.6/site-packages/airflow/example_dags/example_xcom.py
[2022-01-19 18:14:53,898] {processor.py:642} INFO - Processing file /home/airflow/.local/lib/python3.6/site-packages/airflow/example_dags/example_xcom.py for tasks to queue
[2022-01-19 18:14:53,898] {logging_mixin.py:109} INFO - [2022-01-19 18:14:53,898] {dagbag.py:500} INFO - Filling up the DagBag from /home/airflow/.local/lib/python3.6/site-packages/airflow/example_dags/example_xcom.py
[2022-01-19 18:14:53,926] {processor.py:654} INFO - DAG(s) dict_keys(['example_xcom']) retrieved from /home/airflow/.local/lib/python3.6/site-packages/airflow/example_dags/example_xcom.py
[2022-01-19 18:14:54,091] {logging_mixin.py:109} INFO - [2022-01-19 18:14:54,091] {dag.py:2396} INFO - Sync 1 DAGs
[2022-01-19 18:14:54,104] {logging_mixin.py:109} INFO - [2022-01-19 18:14:54,104] {dag.py:2935} INFO - Setting next_dagrun for example_xcom to 2021-01-01T00:00:00+00:00
[2022-01-19 18:14:54,113] {processor.py:171} INFO - Processing /home/airflow/.local/lib/python3.6/site-packages/airflow/example_dags/example_xcom.py took 0.218 seconds
[2022-01-19 18:15:24,243] {processor.py:163} INFO - Started process (PID=931) to work on /home/airflow/.local/lib/python3.6/site-packages/airflow/example_dags/example_xcom.py
[2022-01-19 18:15:24,243] {processor.py:642} INFO - Processing file /home/airflow/.local/lib/python3.6/site-packages/airflow/example_dags/example_xcom.py for tasks to queue
[2022-01-19 18:15:24,244] {logging_mixin.py:109} INFO - [2022-01-19 18:15:24,244] {dagbag.py:500} INFO - Filling up the DagBag from /home/airflow/.local/lib/python3.6/site-packages/airflow/example_dags/example_xcom.py
[2022-01-19 18:15:24,274] {processor.py:654} INFO - DAG(s) dict_keys(['example_xcom']) retrieved from /home/airflow/.local/lib/python3.6/site-packages/airflow/example_dags/example_xcom.py
[2022-01-19 18:15:24,500] {logging_mixin.py:109} INFO - [2022-01-19 18:15:24,500] {dag.py:2396} INFO - Sync 1 DAGs
[2022-01-19 18:15:24,514] {logging_mixin.py:109} INFO - [2022-01-19 18:15:24,513] {dag.py:2935} INFO - Setting next_dagrun for example_xcom to 2021-01-01T00:00:00+00:00
[2022-01-19 18:15:24,522] {processor.py:171} INFO - Processing /home/airflow/.local/lib/python3.6/site-packages/airflow/example_dags/example_xcom.py took 0.281 seconds
[2022-01-19 18:15:54,792] {processor.py:163} INFO - Started process (PID=994) to work on /home/airflow/.local/lib/python3.6/site-packages/airflow/example_dags/example_xcom.py
[2022-01-19 18:15:54,793] {processor.py:642} INFO - Processing file /home/airflow/.local/lib/python3.6/site-packages/airflow/example_dags/example_xcom.py for tasks to queue
[2022-01-19 18:15:54,793] {logging_mixin.py:109} INFO - [2022-01-19 18:15:54,793] {dagbag.py:500} INFO - Filling up the DagBag from /home/airflow/.local/lib/python3.6/site-packages/airflow/example_dags/example_xcom.py
[2022-01-19 18:15:54,822] {processor.py:654} INFO - DAG(s) dict_keys(['example_xcom']) retrieved from /home/airflow/.local/lib/python3.6/site-packages/airflow/example_dags/example_xcom.py
[2022-01-19 18:15:55,003] {logging_mixin.py:109} INFO - [2022-01-19 18:15:55,003] {dag.py:2396} INFO - Sync 1 DAGs
[2022-01-19 18:15:55,020] {logging_mixin.py:109} INFO - [2022-01-19 18:15:55,020] {dag.py:2935} INFO - Setting next_dagrun for example_xcom to 2021-01-01T00:00:00+00:00
[2022-01-19 18:15:55,030] {processor.py:171} INFO - Processing /home/airflow/.local/lib/python3.6/site-packages/airflow/example_dags/example_xcom.py took 0.240 seconds
[2022-01-19 18:16:25,213] {processor.py:163} INFO - Started process (PID=1046) to work on /home/airflow/.local/lib/python3.6/site-packages/airflow/example_dags/example_xcom.py
[2022-01-19 18:16:25,213] {processor.py:642} INFO - Processing file /home/airflow/.local/lib/python3.6/site-packages/airflow/example_dags/example_xcom.py for tasks to queue
[2022-01-19 18:16:25,214] {logging_mixin.py:109} INFO - [2022-01-19 18:16:25,214] {dagbag.py:500} INFO - Filling up the DagBag from /home/airflow/.local/lib/python3.6/site-packages/airflow/example_dags/example_xcom.py
[2022-01-19 18:16:25,245] {processor.py:654} INFO - DAG(s) dict_keys(['example_xcom']) retrieved from /home/airflow/.local/lib/python3.6/site-packages/airflow/example_dags/example_xcom.py
[2022-01-19 18:16:25,451] {logging_mixin.py:109} INFO - [2022-01-19 18:16:25,451] {dag.py:2396} INFO - Sync 1 DAGs
[2022-01-19 18:16:25,469] {logging_mixin.py:109} INFO - [2022-01-19 18:16:25,469] {dag.py:2935} INFO - Setting next_dagrun for example_xcom to 2021-01-01T00:00:00+00:00
[2022-01-19 18:16:25,479] {processor.py:171} INFO - Processing /home/airflow/.local/lib/python3.6/site-packages/airflow/example_dags/example_xcom.py took 0.268 seconds
[2022-01-19 18:16:55,952] {processor.py:163} INFO - Started process (PID=1108) to work on /home/airflow/.local/lib/python3.6/site-packages/airflow/example_dags/example_xcom.py
[2022-01-19 18:16:55,953] {processor.py:642} INFO - Processing file /home/airflow/.local/lib/python3.6/site-packages/airflow/example_dags/example_xcom.py for tasks to queue
[2022-01-19 18:16:55,954] {logging_mixin.py:109} INFO - [2022-01-19 18:16:55,954] {dagbag.py:500} INFO - Filling up the DagBag from /home/airflow/.local/lib/python3.6/site-packages/airflow/example_dags/example_xcom.py
[2022-01-19 18:16:55,984] {processor.py:654} INFO - DAG(s) dict_keys(['example_xcom']) retrieved from /home/airflow/.local/lib/python3.6/site-packages/airflow/example_dags/example_xcom.py
[2022-01-19 18:16:56,167] {logging_mixin.py:109} INFO - [2022-01-19 18:16:56,167] {dag.py:2396} INFO - Sync 1 DAGs
[2022-01-19 18:16:56,180] {logging_mixin.py:109} INFO - [2022-01-19 18:16:56,180] {dag.py:2935} INFO - Setting next_dagrun for example_xcom to 2021-01-01T00:00:00+00:00
[2022-01-19 18:16:56,188] {processor.py:171} INFO - Processing /home/airflow/.local/lib/python3.6/site-packages/airflow/example_dags/example_xcom.py took 0.238 seconds
[2022-01-19 18:17:26,363] {processor.py:163} INFO - Started process (PID=1161) to work on /home/airflow/.local/lib/python3.6/site-packages/airflow/example_dags/example_xcom.py
[2022-01-19 18:17:26,364] {processor.py:642} INFO - Processing file /home/airflow/.local/lib/python3.6/site-packages/airflow/example_dags/example_xcom.py for tasks to queue
[2022-01-19 18:17:26,364] {logging_mixin.py:109} INFO - [2022-01-19 18:17:26,364] {dagbag.py:500} INFO - Filling up the DagBag from /home/airflow/.local/lib/python3.6/site-packages/airflow/example_dags/example_xcom.py
[2022-01-19 18:17:26,391] {processor.py:654} INFO - DAG(s) dict_keys(['example_xcom']) retrieved from /home/airflow/.local/lib/python3.6/site-packages/airflow/example_dags/example_xcom.py
[2022-01-19 18:17:26,402] {logging_mixin.py:109} INFO - [2022-01-19 18:17:26,401] {dag.py:2396} INFO - Sync 1 DAGs
[2022-01-19 18:17:26,419] {logging_mixin.py:109} INFO - [2022-01-19 18:17:26,419] {dag.py:2935} INFO - Setting next_dagrun for example_xcom to 2021-01-01T00:00:00+00:00
[2022-01-19 18:17:26,426] {processor.py:171} INFO - Processing /home/airflow/.local/lib/python3.6/site-packages/airflow/example_dags/example_xcom.py took 0.065 seconds
[2022-01-19 18:17:56,612] {processor.py:163} INFO - Started process (PID=1223) to work on /home/airflow/.local/lib/python3.6/site-packages/airflow/example_dags/example_xcom.py
[2022-01-19 18:17:56,613] {processor.py:642} INFO - Processing file /home/airflow/.local/lib/python3.6/site-packages/airflow/example_dags/example_xcom.py for tasks to queue
[2022-01-19 18:17:56,614] {logging_mixin.py:109} INFO - [2022-01-19 18:17:56,614] {dagbag.py:500} INFO - Filling up the DagBag from /home/airflow/.local/lib/python3.6/site-packages/airflow/example_dags/example_xcom.py
[2022-01-19 18:17:56,649] {processor.py:654} INFO - DAG(s) dict_keys(['example_xcom']) retrieved from /home/airflow/.local/lib/python3.6/site-packages/airflow/example_dags/example_xcom.py
[2022-01-19 18:17:56,878] {logging_mixin.py:109} INFO - [2022-01-19 18:17:56,878] {dag.py:2396} INFO - Sync 1 DAGs
[2022-01-19 18:17:56,895] {logging_mixin.py:109} INFO - [2022-01-19 18:17:56,895] {dag.py:2935} INFO - Setting next_dagrun for example_xcom to 2021-01-01T00:00:00+00:00
[2022-01-19 18:17:56,905] {processor.py:171} INFO - Processing /home/airflow/.local/lib/python3.6/site-packages/airflow/example_dags/example_xcom.py took 0.296 seconds
[2022-01-19 18:18:27,315] {processor.py:163} INFO - Started process (PID=1276) to work on /home/airflow/.local/lib/python3.6/site-packages/airflow/example_dags/example_xcom.py
[2022-01-19 18:18:27,316] {processor.py:642} INFO - Processing file /home/airflow/.local/lib/python3.6/site-packages/airflow/example_dags/example_xcom.py for tasks to queue
[2022-01-19 18:18:27,316] {logging_mixin.py:109} INFO - [2022-01-19 18:18:27,316] {dagbag.py:500} INFO - Filling up the DagBag from /home/airflow/.local/lib/python3.6/site-packages/airflow/example_dags/example_xcom.py
[2022-01-19 18:18:27,347] {processor.py:654} INFO - DAG(s) dict_keys(['example_xcom']) retrieved from /home/airflow/.local/lib/python3.6/site-packages/airflow/example_dags/example_xcom.py
[2022-01-19 18:18:27,549] {logging_mixin.py:109} INFO - [2022-01-19 18:18:27,549] {dag.py:2396} INFO - Sync 1 DAGs
[2022-01-19 18:18:27,562] {logging_mixin.py:109} INFO - [2022-01-19 18:18:27,562] {dag.py:2935} INFO - Setting next_dagrun for example_xcom to 2021-01-01T00:00:00+00:00
[2022-01-19 18:18:27,571] {processor.py:171} INFO - Processing /home/airflow/.local/lib/python3.6/site-packages/airflow/example_dags/example_xcom.py took 0.258 seconds
[2022-01-19 18:18:57,714] {processor.py:163} INFO - Started process (PID=1328) to work on /home/airflow/.local/lib/python3.6/site-packages/airflow/example_dags/example_xcom.py
[2022-01-19 18:18:57,715] {processor.py:642} INFO - Processing file /home/airflow/.local/lib/python3.6/site-packages/airflow/example_dags/example_xcom.py for tasks to queue
[2022-01-19 18:18:57,715] {logging_mixin.py:109} INFO - [2022-01-19 18:18:57,715] {dagbag.py:500} INFO - Filling up the DagBag from /home/airflow/.local/lib/python3.6/site-packages/airflow/example_dags/example_xcom.py
[2022-01-19 18:18:57,743] {processor.py:654} INFO - DAG(s) dict_keys(['example_xcom']) retrieved from /home/airflow/.local/lib/python3.6/site-packages/airflow/example_dags/example_xcom.py
[2022-01-19 18:18:57,752] {logging_mixin.py:109} INFO - [2022-01-19 18:18:57,752] {dag.py:2396} INFO - Sync 1 DAGs
[2022-01-19 18:18:57,773] {logging_mixin.py:109} INFO - [2022-01-19 18:18:57,773] {dag.py:2935} INFO - Setting next_dagrun for example_xcom to 2021-01-01T00:00:00+00:00
[2022-01-19 18:18:57,785] {processor.py:171} INFO - Processing /home/airflow/.local/lib/python3.6/site-packages/airflow/example_dags/example_xcom.py took 0.073 seconds
[2022-01-19 18:19:28,326] {processor.py:163} INFO - Started process (PID=1390) to work on /home/airflow/.local/lib/python3.6/site-packages/airflow/example_dags/example_xcom.py
[2022-01-19 18:19:28,328] {processor.py:642} INFO - Processing file /home/airflow/.local/lib/python3.6/site-packages/airflow/example_dags/example_xcom.py for tasks to queue
[2022-01-19 18:19:28,328] {logging_mixin.py:109} INFO - [2022-01-19 18:19:28,328] {dagbag.py:500} INFO - Filling up the DagBag from /home/airflow/.local/lib/python3.6/site-packages/airflow/example_dags/example_xcom.py
[2022-01-19 18:19:28,359] {processor.py:654} INFO - DAG(s) dict_keys(['example_xcom']) retrieved from /home/airflow/.local/lib/python3.6/site-packages/airflow/example_dags/example_xcom.py
[2022-01-19 18:19:28,585] {logging_mixin.py:109} INFO - [2022-01-19 18:19:28,585] {dag.py:2396} INFO - Sync 1 DAGs
[2022-01-19 18:19:28,602] {logging_mixin.py:109} INFO - [2022-01-19 18:19:28,602] {dag.py:2935} INFO - Setting next_dagrun for example_xcom to 2021-01-01T00:00:00+00:00
[2022-01-19 18:19:28,614] {processor.py:171} INFO - Processing /home/airflow/.local/lib/python3.6/site-packages/airflow/example_dags/example_xcom.py took 0.291 seconds
[2022-01-19 18:19:58,753] {processor.py:163} INFO - Started process (PID=1443) to work on /home/airflow/.local/lib/python3.6/site-packages/airflow/example_dags/example_xcom.py
[2022-01-19 18:19:58,756] {processor.py:642} INFO - Processing file /home/airflow/.local/lib/python3.6/site-packages/airflow/example_dags/example_xcom.py for tasks to queue
[2022-01-19 18:19:58,758] {logging_mixin.py:109} INFO - [2022-01-19 18:19:58,758] {dagbag.py:500} INFO - Filling up the DagBag from /home/airflow/.local/lib/python3.6/site-packages/airflow/example_dags/example_xcom.py
[2022-01-19 18:19:58,800] {processor.py:654} INFO - DAG(s) dict_keys(['example_xcom']) retrieved from /home/airflow/.local/lib/python3.6/site-packages/airflow/example_dags/example_xcom.py
[2022-01-19 18:19:58,988] {logging_mixin.py:109} INFO - [2022-01-19 18:19:58,988] {dag.py:2396} INFO - Sync 1 DAGs
[2022-01-19 18:19:59,002] {logging_mixin.py:109} INFO - [2022-01-19 18:19:59,002] {dag.py:2935} INFO - Setting next_dagrun for example_xcom to 2021-01-01T00:00:00+00:00
[2022-01-19 18:19:59,012] {processor.py:171} INFO - Processing /home/airflow/.local/lib/python3.6/site-packages/airflow/example_dags/example_xcom.py took 0.269 seconds
[2022-01-19 18:20:29,311] {processor.py:163} INFO - Started process (PID=1504) to work on /home/airflow/.local/lib/python3.6/site-packages/airflow/example_dags/example_xcom.py
[2022-01-19 18:20:29,312] {processor.py:642} INFO - Processing file /home/airflow/.local/lib/python3.6/site-packages/airflow/example_dags/example_xcom.py for tasks to queue
[2022-01-19 18:20:29,313] {logging_mixin.py:109} INFO - [2022-01-19 18:20:29,312] {dagbag.py:500} INFO - Filling up the DagBag from /home/airflow/.local/lib/python3.6/site-packages/airflow/example_dags/example_xcom.py
[2022-01-19 18:20:29,345] {processor.py:654} INFO - DAG(s) dict_keys(['example_xcom']) retrieved from /home/airflow/.local/lib/python3.6/site-packages/airflow/example_dags/example_xcom.py
[2022-01-19 18:20:29,690] {logging_mixin.py:109} INFO - [2022-01-19 18:20:29,690] {dag.py:2396} INFO - Sync 1 DAGs
[2022-01-19 18:20:29,715] {logging_mixin.py:109} INFO - [2022-01-19 18:20:29,715] {dag.py:2935} INFO - Setting next_dagrun for example_xcom to 2021-01-01T00:00:00+00:00
[2022-01-19 18:20:29,727] {processor.py:171} INFO - Processing /home/airflow/.local/lib/python3.6/site-packages/airflow/example_dags/example_xcom.py took 0.420 seconds
[2022-01-19 18:21:00,578] {processor.py:163} INFO - Started process (PID=1557) to work on /home/airflow/.local/lib/python3.6/site-packages/airflow/example_dags/example_xcom.py
[2022-01-19 18:21:00,579] {processor.py:642} INFO - Processing file /home/airflow/.local/lib/python3.6/site-packages/airflow/example_dags/example_xcom.py for tasks to queue
[2022-01-19 18:21:00,579] {logging_mixin.py:109} INFO - [2022-01-19 18:21:00,579] {dagbag.py:500} INFO - Filling up the DagBag from /home/airflow/.local/lib/python3.6/site-packages/airflow/example_dags/example_xcom.py
[2022-01-19 18:21:00,611] {processor.py:654} INFO - DAG(s) dict_keys(['example_xcom']) retrieved from /home/airflow/.local/lib/python3.6/site-packages/airflow/example_dags/example_xcom.py
[2022-01-19 18:21:00,844] {logging_mixin.py:109} INFO - [2022-01-19 18:21:00,844] {dag.py:2396} INFO - Sync 1 DAGs
[2022-01-19 18:21:00,861] {logging_mixin.py:109} INFO - [2022-01-19 18:21:00,861] {dag.py:2935} INFO - Setting next_dagrun for example_xcom to 2021-01-01T00:00:00+00:00
[2022-01-19 18:21:00,873] {processor.py:171} INFO - Processing /home/airflow/.local/lib/python3.6/site-packages/airflow/example_dags/example_xcom.py took 0.297 seconds
[2022-01-19 18:21:31,782] {processor.py:163} INFO - Started process (PID=1609) to work on /home/airflow/.local/lib/python3.6/site-packages/airflow/example_dags/example_xcom.py
[2022-01-19 18:21:31,784] {processor.py:642} INFO - Processing file /home/airflow/.local/lib/python3.6/site-packages/airflow/example_dags/example_xcom.py for tasks to queue
[2022-01-19 18:21:31,784] {logging_mixin.py:109} INFO - [2022-01-19 18:21:31,784] {dagbag.py:500} INFO - Filling up the DagBag from /home/airflow/.local/lib/python3.6/site-packages/airflow/example_dags/example_xcom.py
[2022-01-19 18:21:31,821] {processor.py:654} INFO - DAG(s) dict_keys(['example_xcom']) retrieved from /home/airflow/.local/lib/python3.6/site-packages/airflow/example_dags/example_xcom.py
[2022-01-19 18:21:32,035] {logging_mixin.py:109} INFO - [2022-01-19 18:21:32,034] {dag.py:2396} INFO - Sync 1 DAGs
[2022-01-19 18:21:32,053] {logging_mixin.py:109} INFO - [2022-01-19 18:21:32,053] {dag.py:2935} INFO - Setting next_dagrun for example_xcom to 2021-01-01T00:00:00+00:00
[2022-01-19 18:21:32,067] {processor.py:171} INFO - Processing /home/airflow/.local/lib/python3.6/site-packages/airflow/example_dags/example_xcom.py took 0.288 seconds
[2022-01-19 18:22:02,942] {processor.py:163} INFO - Started process (PID=1673) to work on /home/airflow/.local/lib/python3.6/site-packages/airflow/example_dags/example_xcom.py
[2022-01-19 18:22:02,943] {processor.py:642} INFO - Processing file /home/airflow/.local/lib/python3.6/site-packages/airflow/example_dags/example_xcom.py for tasks to queue
[2022-01-19 18:22:02,944] {logging_mixin.py:109} INFO - [2022-01-19 18:22:02,944] {dagbag.py:500} INFO - Filling up the DagBag from /home/airflow/.local/lib/python3.6/site-packages/airflow/example_dags/example_xcom.py
[2022-01-19 18:22:02,973] {processor.py:654} INFO - DAG(s) dict_keys(['example_xcom']) retrieved from /home/airflow/.local/lib/python3.6/site-packages/airflow/example_dags/example_xcom.py
[2022-01-19 18:22:03,158] {logging_mixin.py:109} INFO - [2022-01-19 18:22:03,158] {dag.py:2396} INFO - Sync 1 DAGs
[2022-01-19 18:22:03,170] {logging_mixin.py:109} INFO - [2022-01-19 18:22:03,170] {dag.py:2935} INFO - Setting next_dagrun for example_xcom to 2021-01-01T00:00:00+00:00
[2022-01-19 18:22:03,179] {processor.py:171} INFO - Processing /home/airflow/.local/lib/python3.6/site-packages/airflow/example_dags/example_xcom.py took 0.240 seconds
[2022-01-19 18:22:34,014] {processor.py:163} INFO - Started process (PID=1725) to work on /home/airflow/.local/lib/python3.6/site-packages/airflow/example_dags/example_xcom.py
[2022-01-19 18:22:34,015] {processor.py:642} INFO - Processing file /home/airflow/.local/lib/python3.6/site-packages/airflow/example_dags/example_xcom.py for tasks to queue
[2022-01-19 18:22:34,015] {logging_mixin.py:109} INFO - [2022-01-19 18:22:34,015] {dagbag.py:500} INFO - Filling up the DagBag from /home/airflow/.local/lib/python3.6/site-packages/airflow/example_dags/example_xcom.py
[2022-01-19 18:22:34,047] {processor.py:654} INFO - DAG(s) dict_keys(['example_xcom']) retrieved from /home/airflow/.local/lib/python3.6/site-packages/airflow/example_dags/example_xcom.py
[2022-01-19 18:22:34,058] {logging_mixin.py:109} INFO - [2022-01-19 18:22:34,057] {dag.py:2396} INFO - Sync 1 DAGs
[2022-01-19 18:22:34,073] {logging_mixin.py:109} INFO - [2022-01-19 18:22:34,073] {dag.py:2935} INFO - Setting next_dagrun for example_xcom to 2021-01-01T00:00:00+00:00
[2022-01-19 18:22:34,081] {processor.py:171} INFO - Processing /home/airflow/.local/lib/python3.6/site-packages/airflow/example_dags/example_xcom.py took 0.070 seconds
[2022-01-19 18:23:04,829] {processor.py:163} INFO - Started process (PID=1788) to work on /home/airflow/.local/lib/python3.6/site-packages/airflow/example_dags/example_xcom.py
[2022-01-19 18:23:04,830] {processor.py:642} INFO - Processing file /home/airflow/.local/lib/python3.6/site-packages/airflow/example_dags/example_xcom.py for tasks to queue
[2022-01-19 18:23:04,830] {logging_mixin.py:109} INFO - [2022-01-19 18:23:04,830] {dagbag.py:500} INFO - Filling up the DagBag from /home/airflow/.local/lib/python3.6/site-packages/airflow/example_dags/example_xcom.py
[2022-01-19 18:23:04,869] {processor.py:654} INFO - DAG(s) dict_keys(['example_xcom']) retrieved from /home/airflow/.local/lib/python3.6/site-packages/airflow/example_dags/example_xcom.py
[2022-01-19 18:23:05,068] {logging_mixin.py:109} INFO - [2022-01-19 18:23:05,067] {dag.py:2396} INFO - Sync 1 DAGs
[2022-01-19 18:23:05,082] {logging_mixin.py:109} INFO - [2022-01-19 18:23:05,082] {dag.py:2935} INFO - Setting next_dagrun for example_xcom to 2021-01-01T00:00:00+00:00
[2022-01-19 18:23:05,093] {processor.py:171} INFO - Processing /home/airflow/.local/lib/python3.6/site-packages/airflow/example_dags/example_xcom.py took 0.268 seconds
[2022-01-19 18:23:35,979] {processor.py:163} INFO - Started process (PID=1841) to work on /home/airflow/.local/lib/python3.6/site-packages/airflow/example_dags/example_xcom.py
[2022-01-19 18:23:35,980] {processor.py:642} INFO - Processing file /home/airflow/.local/lib/python3.6/site-packages/airflow/example_dags/example_xcom.py for tasks to queue
[2022-01-19 18:23:35,981] {logging_mixin.py:109} INFO - [2022-01-19 18:23:35,981] {dagbag.py:500} INFO - Filling up the DagBag from /home/airflow/.local/lib/python3.6/site-packages/airflow/example_dags/example_xcom.py
[2022-01-19 18:23:36,031] {processor.py:654} INFO - DAG(s) dict_keys(['example_xcom']) retrieved from /home/airflow/.local/lib/python3.6/site-packages/airflow/example_dags/example_xcom.py
[2022-01-19 18:23:36,212] {logging_mixin.py:109} INFO - [2022-01-19 18:23:36,212] {dag.py:2396} INFO - Sync 1 DAGs
[2022-01-19 18:23:36,225] {logging_mixin.py:109} INFO - [2022-01-19 18:23:36,225] {dag.py:2935} INFO - Setting next_dagrun for example_xcom to 2021-01-01T00:00:00+00:00
[2022-01-19 18:23:36,241] {processor.py:171} INFO - Processing /home/airflow/.local/lib/python3.6/site-packages/airflow/example_dags/example_xcom.py took 0.265 seconds
[2022-01-19 18:24:06,406] {processor.py:163} INFO - Started process (PID=1893) to work on /home/airflow/.local/lib/python3.6/site-packages/airflow/example_dags/example_xcom.py
[2022-01-19 18:24:06,407] {processor.py:642} INFO - Processing file /home/airflow/.local/lib/python3.6/site-packages/airflow/example_dags/example_xcom.py for tasks to queue
[2022-01-19 18:24:06,407] {logging_mixin.py:109} INFO - [2022-01-19 18:24:06,407] {dagbag.py:500} INFO - Filling up the DagBag from /home/airflow/.local/lib/python3.6/site-packages/airflow/example_dags/example_xcom.py
[2022-01-19 18:24:06,441] {processor.py:654} INFO - DAG(s) dict_keys(['example_xcom']) retrieved from /home/airflow/.local/lib/python3.6/site-packages/airflow/example_dags/example_xcom.py
[2022-01-19 18:24:06,454] {logging_mixin.py:109} INFO - [2022-01-19 18:24:06,454] {dag.py:2396} INFO - Sync 1 DAGs
[2022-01-19 18:24:06,476] {logging_mixin.py:109} INFO - [2022-01-19 18:24:06,476] {dag.py:2935} INFO - Setting next_dagrun for example_xcom to 2021-01-01T00:00:00+00:00
[2022-01-19 18:24:06,485] {processor.py:171} INFO - Processing /home/airflow/.local/lib/python3.6/site-packages/airflow/example_dags/example_xcom.py took 0.082 seconds
[2022-01-19 18:24:36,658] {processor.py:163} INFO - Started process (PID=1956) to work on /home/airflow/.local/lib/python3.6/site-packages/airflow/example_dags/example_xcom.py
[2022-01-19 18:24:36,660] {processor.py:642} INFO - Processing file /home/airflow/.local/lib/python3.6/site-packages/airflow/example_dags/example_xcom.py for tasks to queue
[2022-01-19 18:24:36,662] {logging_mixin.py:109} INFO - [2022-01-19 18:24:36,661] {dagbag.py:500} INFO - Filling up the DagBag from /home/airflow/.local/lib/python3.6/site-packages/airflow/example_dags/example_xcom.py
[2022-01-19 18:24:36,722] {processor.py:654} INFO - DAG(s) dict_keys(['example_xcom']) retrieved from /home/airflow/.local/lib/python3.6/site-packages/airflow/example_dags/example_xcom.py
[2022-01-19 18:24:37,067] {logging_mixin.py:109} INFO - [2022-01-19 18:24:37,067] {dag.py:2396} INFO - Sync 1 DAGs
[2022-01-19 18:24:37,084] {logging_mixin.py:109} INFO - [2022-01-19 18:24:37,084] {dag.py:2935} INFO - Setting next_dagrun for example_xcom to 2021-01-01T00:00:00+00:00
[2022-01-19 18:24:37,096] {processor.py:171} INFO - Processing /home/airflow/.local/lib/python3.6/site-packages/airflow/example_dags/example_xcom.py took 0.443 seconds
[2022-01-19 18:25:07,965] {processor.py:163} INFO - Started process (PID=2011) to work on /home/airflow/.local/lib/python3.6/site-packages/airflow/example_dags/example_xcom.py
[2022-01-19 18:25:07,966] {processor.py:642} INFO - Processing file /home/airflow/.local/lib/python3.6/site-packages/airflow/example_dags/example_xcom.py for tasks to queue
[2022-01-19 18:25:07,966] {logging_mixin.py:109} INFO - [2022-01-19 18:25:07,966] {dagbag.py:500} INFO - Filling up the DagBag from /home/airflow/.local/lib/python3.6/site-packages/airflow/example_dags/example_xcom.py
[2022-01-19 18:25:07,994] {processor.py:654} INFO - DAG(s) dict_keys(['example_xcom']) retrieved from /home/airflow/.local/lib/python3.6/site-packages/airflow/example_dags/example_xcom.py
[2022-01-19 18:25:08,165] {logging_mixin.py:109} INFO - [2022-01-19 18:25:08,165] {dag.py:2396} INFO - Sync 1 DAGs
[2022-01-19 18:25:08,178] {logging_mixin.py:109} INFO - [2022-01-19 18:25:08,178] {dag.py:2935} INFO - Setting next_dagrun for example_xcom to 2021-01-01T00:00:00+00:00
[2022-01-19 18:25:08,186] {processor.py:171} INFO - Processing /home/airflow/.local/lib/python3.6/site-packages/airflow/example_dags/example_xcom.py took 0.223 seconds
[2022-01-19 18:25:38,617] {processor.py:163} INFO - Started process (PID=2075) to work on /home/airflow/.local/lib/python3.6/site-packages/airflow/example_dags/example_xcom.py
[2022-01-19 18:25:38,619] {processor.py:642} INFO - Processing file /home/airflow/.local/lib/python3.6/site-packages/airflow/example_dags/example_xcom.py for tasks to queue
[2022-01-19 18:25:38,619] {logging_mixin.py:109} INFO - [2022-01-19 18:25:38,619] {dagbag.py:500} INFO - Filling up the DagBag from /home/airflow/.local/lib/python3.6/site-packages/airflow/example_dags/example_xcom.py
[2022-01-19 18:25:38,651] {processor.py:654} INFO - DAG(s) dict_keys(['example_xcom']) retrieved from /home/airflow/.local/lib/python3.6/site-packages/airflow/example_dags/example_xcom.py
[2022-01-19 18:25:38,837] {logging_mixin.py:109} INFO - [2022-01-19 18:25:38,837] {dag.py:2396} INFO - Sync 1 DAGs
[2022-01-19 18:25:38,852] {logging_mixin.py:109} INFO - [2022-01-19 18:25:38,852] {dag.py:2935} INFO - Setting next_dagrun for example_xcom to 2021-01-01T00:00:00+00:00
[2022-01-19 18:25:38,862] {processor.py:171} INFO - Processing /home/airflow/.local/lib/python3.6/site-packages/airflow/example_dags/example_xcom.py took 0.247 seconds
[2022-01-19 18:26:09,314] {processor.py:163} INFO - Started process (PID=2128) to work on /home/airflow/.local/lib/python3.6/site-packages/airflow/example_dags/example_xcom.py
[2022-01-19 18:26:09,315] {processor.py:642} INFO - Processing file /home/airflow/.local/lib/python3.6/site-packages/airflow/example_dags/example_xcom.py for tasks to queue
[2022-01-19 18:26:09,316] {logging_mixin.py:109} INFO - [2022-01-19 18:26:09,316] {dagbag.py:500} INFO - Filling up the DagBag from /home/airflow/.local/lib/python3.6/site-packages/airflow/example_dags/example_xcom.py
[2022-01-19 18:26:09,357] {processor.py:654} INFO - DAG(s) dict_keys(['example_xcom']) retrieved from /home/airflow/.local/lib/python3.6/site-packages/airflow/example_dags/example_xcom.py
[2022-01-19 18:26:09,369] {logging_mixin.py:109} INFO - [2022-01-19 18:26:09,369] {dag.py:2396} INFO - Sync 1 DAGs
[2022-01-19 18:26:09,387] {logging_mixin.py:109} INFO - [2022-01-19 18:26:09,387] {dag.py:2935} INFO - Setting next_dagrun for example_xcom to 2021-01-01T00:00:00+00:00
[2022-01-19 18:26:09,394] {processor.py:171} INFO - Processing /home/airflow/.local/lib/python3.6/site-packages/airflow/example_dags/example_xcom.py took 0.084 seconds
[2022-01-19 18:26:39,879] {processor.py:163} INFO - Started process (PID=2188) to work on /home/airflow/.local/lib/python3.6/site-packages/airflow/example_dags/example_xcom.py
[2022-01-19 18:26:39,880] {processor.py:642} INFO - Processing file /home/airflow/.local/lib/python3.6/site-packages/airflow/example_dags/example_xcom.py for tasks to queue
[2022-01-19 18:26:39,880] {logging_mixin.py:109} INFO - [2022-01-19 18:26:39,880] {dagbag.py:500} INFO - Filling up the DagBag from /home/airflow/.local/lib/python3.6/site-packages/airflow/example_dags/example_xcom.py
[2022-01-19 18:26:39,910] {processor.py:654} INFO - DAG(s) dict_keys(['example_xcom']) retrieved from /home/airflow/.local/lib/python3.6/site-packages/airflow/example_dags/example_xcom.py
[2022-01-19 18:26:40,097] {logging_mixin.py:109} INFO - [2022-01-19 18:26:40,097] {dag.py:2396} INFO - Sync 1 DAGs
[2022-01-19 18:26:40,113] {logging_mixin.py:109} INFO - [2022-01-19 18:26:40,112] {dag.py:2935} INFO - Setting next_dagrun for example_xcom to 2021-01-01T00:00:00+00:00
[2022-01-19 18:26:40,122] {processor.py:171} INFO - Processing /home/airflow/.local/lib/python3.6/site-packages/airflow/example_dags/example_xcom.py took 0.246 seconds
[2022-01-19 18:27:10,720] {processor.py:163} INFO - Started process (PID=2243) to work on /home/airflow/.local/lib/python3.6/site-packages/airflow/example_dags/example_xcom.py
[2022-01-19 18:27:10,721] {processor.py:642} INFO - Processing file /home/airflow/.local/lib/python3.6/site-packages/airflow/example_dags/example_xcom.py for tasks to queue
[2022-01-19 18:27:10,722] {logging_mixin.py:109} INFO - [2022-01-19 18:27:10,722] {dagbag.py:500} INFO - Filling up the DagBag from /home/airflow/.local/lib/python3.6/site-packages/airflow/example_dags/example_xcom.py
[2022-01-19 18:27:10,752] {processor.py:654} INFO - DAG(s) dict_keys(['example_xcom']) retrieved from /home/airflow/.local/lib/python3.6/site-packages/airflow/example_dags/example_xcom.py
[2022-01-19 18:27:10,933] {logging_mixin.py:109} INFO - [2022-01-19 18:27:10,933] {dag.py:2396} INFO - Sync 1 DAGs
[2022-01-19 18:27:10,948] {logging_mixin.py:109} INFO - [2022-01-19 18:27:10,948] {dag.py:2935} INFO - Setting next_dagrun for example_xcom to 2021-01-01T00:00:00+00:00
[2022-01-19 18:27:10,959] {processor.py:171} INFO - Processing /home/airflow/.local/lib/python3.6/site-packages/airflow/example_dags/example_xcom.py took 0.241 seconds
[2022-01-19 18:27:41,066] {processor.py:163} INFO - Started process (PID=2296) to work on /home/airflow/.local/lib/python3.6/site-packages/airflow/example_dags/example_xcom.py
[2022-01-19 18:27:41,067] {processor.py:642} INFO - Processing file /home/airflow/.local/lib/python3.6/site-packages/airflow/example_dags/example_xcom.py for tasks to queue
[2022-01-19 18:27:41,067] {logging_mixin.py:109} INFO - [2022-01-19 18:27:41,067] {dagbag.py:500} INFO - Filling up the DagBag from /home/airflow/.local/lib/python3.6/site-packages/airflow/example_dags/example_xcom.py
[2022-01-19 18:27:41,107] {processor.py:654} INFO - DAG(s) dict_keys(['example_xcom']) retrieved from /home/airflow/.local/lib/python3.6/site-packages/airflow/example_dags/example_xcom.py
[2022-01-19 18:27:41,119] {logging_mixin.py:109} INFO - [2022-01-19 18:27:41,119] {dag.py:2396} INFO - Sync 1 DAGs
[2022-01-19 18:27:41,141] {logging_mixin.py:109} INFO - [2022-01-19 18:27:41,141] {dag.py:2935} INFO - Setting next_dagrun for example_xcom to 2021-01-01T00:00:00+00:00
[2022-01-19 18:27:41,151] {processor.py:171} INFO - Processing /home/airflow/.local/lib/python3.6/site-packages/airflow/example_dags/example_xcom.py took 0.088 seconds
[2022-01-19 18:28:11,635] {processor.py:163} INFO - Started process (PID=2360) to work on /home/airflow/.local/lib/python3.6/site-packages/airflow/example_dags/example_xcom.py
[2022-01-19 18:28:11,636] {processor.py:642} INFO - Processing file /home/airflow/.local/lib/python3.6/site-packages/airflow/example_dags/example_xcom.py for tasks to queue
[2022-01-19 18:28:11,637] {logging_mixin.py:109} INFO - [2022-01-19 18:28:11,637] {dagbag.py:500} INFO - Filling up the DagBag from /home/airflow/.local/lib/python3.6/site-packages/airflow/example_dags/example_xcom.py
[2022-01-19 18:28:11,667] {processor.py:654} INFO - DAG(s) dict_keys(['example_xcom']) retrieved from /home/airflow/.local/lib/python3.6/site-packages/airflow/example_dags/example_xcom.py
[2022-01-19 18:28:11,922] {logging_mixin.py:109} INFO - [2022-01-19 18:28:11,921] {dag.py:2396} INFO - Sync 1 DAGs
[2022-01-19 18:28:11,938] {logging_mixin.py:109} INFO - [2022-01-19 18:28:11,938] {dag.py:2935} INFO - Setting next_dagrun for example_xcom to 2021-01-01T00:00:00+00:00
[2022-01-19 18:28:11,947] {processor.py:171} INFO - Processing /home/airflow/.local/lib/python3.6/site-packages/airflow/example_dags/example_xcom.py took 0.314 seconds
[2022-01-19 18:28:42,466] {processor.py:163} INFO - Started process (PID=2413) to work on /home/airflow/.local/lib/python3.6/site-packages/airflow/example_dags/example_xcom.py
[2022-01-19 18:28:42,467] {processor.py:642} INFO - Processing file /home/airflow/.local/lib/python3.6/site-packages/airflow/example_dags/example_xcom.py for tasks to queue
[2022-01-19 18:28:42,468] {logging_mixin.py:109} INFO - [2022-01-19 18:28:42,468] {dagbag.py:500} INFO - Filling up the DagBag from /home/airflow/.local/lib/python3.6/site-packages/airflow/example_dags/example_xcom.py
[2022-01-19 18:28:42,523] {processor.py:654} INFO - DAG(s) dict_keys(['example_xcom']) retrieved from /home/airflow/.local/lib/python3.6/site-packages/airflow/example_dags/example_xcom.py
[2022-01-19 18:28:42,829] {logging_mixin.py:109} INFO - [2022-01-19 18:28:42,829] {dag.py:2396} INFO - Sync 1 DAGs
[2022-01-19 18:28:42,844] {logging_mixin.py:109} INFO - [2022-01-19 18:28:42,843] {dag.py:2935} INFO - Setting next_dagrun for example_xcom to 2021-01-01T00:00:00+00:00
[2022-01-19 18:28:42,853] {processor.py:171} INFO - Processing /home/airflow/.local/lib/python3.6/site-packages/airflow/example_dags/example_xcom.py took 0.390 seconds
[2022-01-19 18:29:13,465] {processor.py:163} INFO - Started process (PID=2474) to work on /home/airflow/.local/lib/python3.6/site-packages/airflow/example_dags/example_xcom.py
[2022-01-19 18:29:13,466] {processor.py:642} INFO - Processing file /home/airflow/.local/lib/python3.6/site-packages/airflow/example_dags/example_xcom.py for tasks to queue
[2022-01-19 18:29:13,466] {logging_mixin.py:109} INFO - [2022-01-19 18:29:13,466] {dagbag.py:500} INFO - Filling up the DagBag from /home/airflow/.local/lib/python3.6/site-packages/airflow/example_dags/example_xcom.py
[2022-01-19 18:29:13,501] {processor.py:654} INFO - DAG(s) dict_keys(['example_xcom']) retrieved from /home/airflow/.local/lib/python3.6/site-packages/airflow/example_dags/example_xcom.py
[2022-01-19 18:29:13,695] {logging_mixin.py:109} INFO - [2022-01-19 18:29:13,695] {dag.py:2396} INFO - Sync 1 DAGs
[2022-01-19 18:29:13,709] {logging_mixin.py:109} INFO - [2022-01-19 18:29:13,709] {dag.py:2935} INFO - Setting next_dagrun for example_xcom to 2021-01-01T00:00:00+00:00
[2022-01-19 18:29:13,719] {processor.py:171} INFO - Processing /home/airflow/.local/lib/python3.6/site-packages/airflow/example_dags/example_xcom.py took 0.257 seconds
[2022-01-19 18:29:44,303] {processor.py:163} INFO - Started process (PID=2530) to work on /home/airflow/.local/lib/python3.6/site-packages/airflow/example_dags/example_xcom.py
[2022-01-19 18:29:44,304] {processor.py:642} INFO - Processing file /home/airflow/.local/lib/python3.6/site-packages/airflow/example_dags/example_xcom.py for tasks to queue
[2022-01-19 18:29:44,304] {logging_mixin.py:109} INFO - [2022-01-19 18:29:44,304] {dagbag.py:500} INFO - Filling up the DagBag from /home/airflow/.local/lib/python3.6/site-packages/airflow/example_dags/example_xcom.py
[2022-01-19 18:29:44,335] {processor.py:654} INFO - DAG(s) dict_keys(['example_xcom']) retrieved from /home/airflow/.local/lib/python3.6/site-packages/airflow/example_dags/example_xcom.py
[2022-01-19 18:29:44,506] {logging_mixin.py:109} INFO - [2022-01-19 18:29:44,506] {dag.py:2396} INFO - Sync 1 DAGs
[2022-01-19 18:29:44,519] {logging_mixin.py:109} INFO - [2022-01-19 18:29:44,518] {dag.py:2935} INFO - Setting next_dagrun for example_xcom to 2021-01-01T00:00:00+00:00
[2022-01-19 18:29:44,526] {processor.py:171} INFO - Processing /home/airflow/.local/lib/python3.6/site-packages/airflow/example_dags/example_xcom.py took 0.225 seconds
[2022-01-19 18:30:15,148] {processor.py:163} INFO - Started process (PID=2583) to work on /home/airflow/.local/lib/python3.6/site-packages/airflow/example_dags/example_xcom.py
[2022-01-19 18:30:15,149] {processor.py:642} INFO - Processing file /home/airflow/.local/lib/python3.6/site-packages/airflow/example_dags/example_xcom.py for tasks to queue
[2022-01-19 18:30:15,150] {logging_mixin.py:109} INFO - [2022-01-19 18:30:15,150] {dagbag.py:500} INFO - Filling up the DagBag from /home/airflow/.local/lib/python3.6/site-packages/airflow/example_dags/example_xcom.py
[2022-01-19 18:30:15,181] {processor.py:654} INFO - DAG(s) dict_keys(['example_xcom']) retrieved from /home/airflow/.local/lib/python3.6/site-packages/airflow/example_dags/example_xcom.py
[2022-01-19 18:30:15,350] {logging_mixin.py:109} INFO - [2022-01-19 18:30:15,349] {dag.py:2396} INFO - Sync 1 DAGs
[2022-01-19 18:30:15,362] {logging_mixin.py:109} INFO - [2022-01-19 18:30:15,362] {dag.py:2935} INFO - Setting next_dagrun for example_xcom to 2021-01-01T00:00:00+00:00
[2022-01-19 18:30:15,371] {processor.py:171} INFO - Processing /home/airflow/.local/lib/python3.6/site-packages/airflow/example_dags/example_xcom.py took 0.225 seconds
[2022-01-19 18:30:45,738] {processor.py:163} INFO - Started process (PID=2645) to work on /home/airflow/.local/lib/python3.6/site-packages/airflow/example_dags/example_xcom.py
[2022-01-19 18:30:45,739] {processor.py:642} INFO - Processing file /home/airflow/.local/lib/python3.6/site-packages/airflow/example_dags/example_xcom.py for tasks to queue
[2022-01-19 18:30:45,740] {logging_mixin.py:109} INFO - [2022-01-19 18:30:45,740] {dagbag.py:500} INFO - Filling up the DagBag from /home/airflow/.local/lib/python3.6/site-packages/airflow/example_dags/example_xcom.py
[2022-01-19 18:30:45,775] {processor.py:654} INFO - DAG(s) dict_keys(['example_xcom']) retrieved from /home/airflow/.local/lib/python3.6/site-packages/airflow/example_dags/example_xcom.py
[2022-01-19 18:30:45,940] {logging_mixin.py:109} INFO - [2022-01-19 18:30:45,940] {dag.py:2396} INFO - Sync 1 DAGs
[2022-01-19 18:30:45,952] {logging_mixin.py:109} INFO - [2022-01-19 18:30:45,952] {dag.py:2935} INFO - Setting next_dagrun for example_xcom to 2021-01-01T00:00:00+00:00
[2022-01-19 18:30:45,961] {processor.py:171} INFO - Processing /home/airflow/.local/lib/python3.6/site-packages/airflow/example_dags/example_xcom.py took 0.226 seconds
