[2022-01-19 18:10:12,647] {processor.py:163} INFO - Started process (PID=309) to work on /home/airflow/.local/lib/python3.6/site-packages/airflow/example_dags/example_xcomargs.py
[2022-01-19 18:10:12,648] {processor.py:642} INFO - Processing file /home/airflow/.local/lib/python3.6/site-packages/airflow/example_dags/example_xcomargs.py for tasks to queue
[2022-01-19 18:10:12,649] {logging_mixin.py:109} INFO - [2022-01-19 18:10:12,649] {dagbag.py:500} INFO - Filling up the DagBag from /home/airflow/.local/lib/python3.6/site-packages/airflow/example_dags/example_xcomargs.py
[2022-01-19 18:10:12,699] {processor.py:654} INFO - DAG(s) dict_keys(['example_xcom_args', 'example_xcom_args_with_operators']) retrieved from /home/airflow/.local/lib/python3.6/site-packages/airflow/example_dags/example_xcomargs.py
[2022-01-19 18:10:15,213] {logging_mixin.py:109} INFO - [2022-01-19 18:10:15,213] {manager.py:496} INFO - Created Permission View: can read on DAG:example_xcom_args
[2022-01-19 18:10:15,221] {logging_mixin.py:109} INFO - [2022-01-19 18:10:15,221] {manager.py:496} INFO - Created Permission View: can edit on DAG:example_xcom_args
[2022-01-19 18:10:15,240] {logging_mixin.py:109} INFO - [2022-01-19 18:10:15,240] {manager.py:496} INFO - Created Permission View: can read on DAG:example_xcom_args_with_operators
[2022-01-19 18:10:15,249] {logging_mixin.py:109} INFO - [2022-01-19 18:10:15,249] {manager.py:496} INFO - Created Permission View: can edit on DAG:example_xcom_args_with_operators
[2022-01-19 18:10:15,250] {logging_mixin.py:109} INFO - [2022-01-19 18:10:15,249] {dag.py:2396} INFO - Sync 2 DAGs
[2022-01-19 18:10:15,262] {logging_mixin.py:109} INFO - [2022-01-19 18:10:15,260] {dag.py:2415} INFO - Creating ORM DAG for example_xcom_args_with_operators
[2022-01-19 18:10:15,262] {logging_mixin.py:109} INFO - [2022-01-19 18:10:15,262] {dag.py:2415} INFO - Creating ORM DAG for example_xcom_args
[2022-01-19 18:10:15,270] {logging_mixin.py:109} INFO - [2022-01-19 18:10:15,270] {dag.py:2935} INFO - Setting next_dagrun for example_xcom_args to None
[2022-01-19 18:10:15,271] {logging_mixin.py:109} INFO - [2022-01-19 18:10:15,271] {dag.py:2935} INFO - Setting next_dagrun for example_xcom_args_with_operators to None
[2022-01-19 18:10:15,283] {processor.py:171} INFO - Processing /home/airflow/.local/lib/python3.6/site-packages/airflow/example_dags/example_xcomargs.py took 2.640 seconds
[2022-01-19 18:10:45,702] {processor.py:163} INFO - Started process (PID=403) to work on /home/airflow/.local/lib/python3.6/site-packages/airflow/example_dags/example_xcomargs.py
[2022-01-19 18:10:45,703] {processor.py:642} INFO - Processing file /home/airflow/.local/lib/python3.6/site-packages/airflow/example_dags/example_xcomargs.py for tasks to queue
[2022-01-19 18:10:45,704] {logging_mixin.py:109} INFO - [2022-01-19 18:10:45,704] {dagbag.py:500} INFO - Filling up the DagBag from /home/airflow/.local/lib/python3.6/site-packages/airflow/example_dags/example_xcomargs.py
[2022-01-19 18:10:45,734] {processor.py:654} INFO - DAG(s) dict_keys(['example_xcom_args', 'example_xcom_args_with_operators']) retrieved from /home/airflow/.local/lib/python3.6/site-packages/airflow/example_dags/example_xcomargs.py
[2022-01-19 18:10:45,946] {logging_mixin.py:109} INFO - [2022-01-19 18:10:45,946] {dag.py:2396} INFO - Sync 2 DAGs
[2022-01-19 18:10:45,961] {logging_mixin.py:109} INFO - [2022-01-19 18:10:45,961] {dag.py:2935} INFO - Setting next_dagrun for example_xcom_args to None
[2022-01-19 18:10:45,961] {logging_mixin.py:109} INFO - [2022-01-19 18:10:45,961] {dag.py:2935} INFO - Setting next_dagrun for example_xcom_args_with_operators to None
[2022-01-19 18:10:45,971] {processor.py:171} INFO - Processing /home/airflow/.local/lib/python3.6/site-packages/airflow/example_dags/example_xcomargs.py took 0.271 seconds
[2022-01-19 18:11:16,134] {processor.py:163} INFO - Started process (PID=456) to work on /home/airflow/.local/lib/python3.6/site-packages/airflow/example_dags/example_xcomargs.py
[2022-01-19 18:11:16,134] {processor.py:642} INFO - Processing file /home/airflow/.local/lib/python3.6/site-packages/airflow/example_dags/example_xcomargs.py for tasks to queue
[2022-01-19 18:11:16,135] {logging_mixin.py:109} INFO - [2022-01-19 18:11:16,135] {dagbag.py:500} INFO - Filling up the DagBag from /home/airflow/.local/lib/python3.6/site-packages/airflow/example_dags/example_xcomargs.py
[2022-01-19 18:11:16,208] {processor.py:654} INFO - DAG(s) dict_keys(['example_xcom_args', 'example_xcom_args_with_operators']) retrieved from /home/airflow/.local/lib/python3.6/site-packages/airflow/example_dags/example_xcomargs.py
[2022-01-19 18:11:16,440] {logging_mixin.py:109} INFO - [2022-01-19 18:11:16,440] {dag.py:2396} INFO - Sync 2 DAGs
[2022-01-19 18:11:16,453] {logging_mixin.py:109} INFO - [2022-01-19 18:11:16,453] {dag.py:2935} INFO - Setting next_dagrun for example_xcom_args to None
[2022-01-19 18:11:16,453] {logging_mixin.py:109} INFO - [2022-01-19 18:11:16,453] {dag.py:2935} INFO - Setting next_dagrun for example_xcom_args_with_operators to None
[2022-01-19 18:11:16,462] {processor.py:171} INFO - Processing /home/airflow/.local/lib/python3.6/site-packages/airflow/example_dags/example_xcomargs.py took 0.331 seconds
[2022-01-19 18:11:47,090] {processor.py:163} INFO - Started process (PID=508) to work on /home/airflow/.local/lib/python3.6/site-packages/airflow/example_dags/example_xcomargs.py
[2022-01-19 18:11:47,091] {processor.py:642} INFO - Processing file /home/airflow/.local/lib/python3.6/site-packages/airflow/example_dags/example_xcomargs.py for tasks to queue
[2022-01-19 18:11:47,091] {logging_mixin.py:109} INFO - [2022-01-19 18:11:47,091] {dagbag.py:500} INFO - Filling up the DagBag from /home/airflow/.local/lib/python3.6/site-packages/airflow/example_dags/example_xcomargs.py
[2022-01-19 18:11:47,118] {processor.py:654} INFO - DAG(s) dict_keys(['example_xcom_args', 'example_xcom_args_with_operators']) retrieved from /home/airflow/.local/lib/python3.6/site-packages/airflow/example_dags/example_xcomargs.py
[2022-01-19 18:11:47,350] {logging_mixin.py:109} INFO - [2022-01-19 18:11:47,350] {dag.py:2396} INFO - Sync 2 DAGs
[2022-01-19 18:11:47,374] {logging_mixin.py:109} INFO - [2022-01-19 18:11:47,374] {dag.py:2935} INFO - Setting next_dagrun for example_xcom_args to None
[2022-01-19 18:11:47,374] {logging_mixin.py:109} INFO - [2022-01-19 18:11:47,374] {dag.py:2935} INFO - Setting next_dagrun for example_xcom_args_with_operators to None
[2022-01-19 18:11:47,388] {processor.py:171} INFO - Processing /home/airflow/.local/lib/python3.6/site-packages/airflow/example_dags/example_xcomargs.py took 0.300 seconds
[2022-01-19 18:12:17,565] {processor.py:163} INFO - Started process (PID=572) to work on /home/airflow/.local/lib/python3.6/site-packages/airflow/example_dags/example_xcomargs.py
[2022-01-19 18:12:17,566] {processor.py:642} INFO - Processing file /home/airflow/.local/lib/python3.6/site-packages/airflow/example_dags/example_xcomargs.py for tasks to queue
[2022-01-19 18:12:17,567] {logging_mixin.py:109} INFO - [2022-01-19 18:12:17,567] {dagbag.py:500} INFO - Filling up the DagBag from /home/airflow/.local/lib/python3.6/site-packages/airflow/example_dags/example_xcomargs.py
[2022-01-19 18:12:17,612] {processor.py:654} INFO - DAG(s) dict_keys(['example_xcom_args', 'example_xcom_args_with_operators']) retrieved from /home/airflow/.local/lib/python3.6/site-packages/airflow/example_dags/example_xcomargs.py
[2022-01-19 18:12:17,809] {logging_mixin.py:109} INFO - [2022-01-19 18:12:17,809] {dag.py:2396} INFO - Sync 2 DAGs
[2022-01-19 18:12:17,822] {logging_mixin.py:109} INFO - [2022-01-19 18:12:17,822] {dag.py:2935} INFO - Setting next_dagrun for example_xcom_args to None
[2022-01-19 18:12:17,823] {logging_mixin.py:109} INFO - [2022-01-19 18:12:17,823] {dag.py:2935} INFO - Setting next_dagrun for example_xcom_args_with_operators to None
[2022-01-19 18:12:17,832] {processor.py:171} INFO - Processing /home/airflow/.local/lib/python3.6/site-packages/airflow/example_dags/example_xcomargs.py took 0.270 seconds
[2022-01-19 18:12:48,270] {processor.py:163} INFO - Started process (PID=624) to work on /home/airflow/.local/lib/python3.6/site-packages/airflow/example_dags/example_xcomargs.py
[2022-01-19 18:12:48,271] {processor.py:642} INFO - Processing file /home/airflow/.local/lib/python3.6/site-packages/airflow/example_dags/example_xcomargs.py for tasks to queue
[2022-01-19 18:12:48,272] {logging_mixin.py:109} INFO - [2022-01-19 18:12:48,272] {dagbag.py:500} INFO - Filling up the DagBag from /home/airflow/.local/lib/python3.6/site-packages/airflow/example_dags/example_xcomargs.py
[2022-01-19 18:12:48,310] {processor.py:654} INFO - DAG(s) dict_keys(['example_xcom_args', 'example_xcom_args_with_operators']) retrieved from /home/airflow/.local/lib/python3.6/site-packages/airflow/example_dags/example_xcomargs.py
[2022-01-19 18:12:48,498] {logging_mixin.py:109} INFO - [2022-01-19 18:12:48,498] {dag.py:2396} INFO - Sync 2 DAGs
[2022-01-19 18:12:48,513] {logging_mixin.py:109} INFO - [2022-01-19 18:12:48,513] {dag.py:2935} INFO - Setting next_dagrun for example_xcom_args to None
[2022-01-19 18:12:48,513] {logging_mixin.py:109} INFO - [2022-01-19 18:12:48,513] {dag.py:2935} INFO - Setting next_dagrun for example_xcom_args_with_operators to None
[2022-01-19 18:12:48,521] {processor.py:171} INFO - Processing /home/airflow/.local/lib/python3.6/site-packages/airflow/example_dags/example_xcomargs.py took 0.255 seconds
[2022-01-19 18:13:18,729] {processor.py:163} INFO - Started process (PID=695) to work on /home/airflow/.local/lib/python3.6/site-packages/airflow/example_dags/example_xcomargs.py
[2022-01-19 18:13:18,731] {processor.py:642} INFO - Processing file /home/airflow/.local/lib/python3.6/site-packages/airflow/example_dags/example_xcomargs.py for tasks to queue
[2022-01-19 18:13:18,731] {logging_mixin.py:109} INFO - [2022-01-19 18:13:18,731] {dagbag.py:500} INFO - Filling up the DagBag from /home/airflow/.local/lib/python3.6/site-packages/airflow/example_dags/example_xcomargs.py
[2022-01-19 18:13:18,768] {processor.py:654} INFO - DAG(s) dict_keys(['example_xcom_args', 'example_xcom_args_with_operators']) retrieved from /home/airflow/.local/lib/python3.6/site-packages/airflow/example_dags/example_xcomargs.py
[2022-01-19 18:13:18,966] {logging_mixin.py:109} INFO - [2022-01-19 18:13:18,966] {dag.py:2396} INFO - Sync 2 DAGs
[2022-01-19 18:13:18,983] {logging_mixin.py:109} INFO - [2022-01-19 18:13:18,982] {dag.py:2935} INFO - Setting next_dagrun for example_xcom_args to None
[2022-01-19 18:13:18,983] {logging_mixin.py:109} INFO - [2022-01-19 18:13:18,983] {dag.py:2935} INFO - Setting next_dagrun for example_xcom_args_with_operators to None
[2022-01-19 18:13:18,992] {processor.py:171} INFO - Processing /home/airflow/.local/lib/python3.6/site-packages/airflow/example_dags/example_xcomargs.py took 0.266 seconds
[2022-01-19 18:13:49,446] {processor.py:163} INFO - Started process (PID=757) to work on /home/airflow/.local/lib/python3.6/site-packages/airflow/example_dags/example_xcomargs.py
[2022-01-19 18:13:49,449] {processor.py:642} INFO - Processing file /home/airflow/.local/lib/python3.6/site-packages/airflow/example_dags/example_xcomargs.py for tasks to queue
[2022-01-19 18:13:49,449] {logging_mixin.py:109} INFO - [2022-01-19 18:13:49,449] {dagbag.py:500} INFO - Filling up the DagBag from /home/airflow/.local/lib/python3.6/site-packages/airflow/example_dags/example_xcomargs.py
[2022-01-19 18:13:49,488] {processor.py:654} INFO - DAG(s) dict_keys(['example_xcom_args', 'example_xcom_args_with_operators']) retrieved from /home/airflow/.local/lib/python3.6/site-packages/airflow/example_dags/example_xcomargs.py
[2022-01-19 18:13:49,665] {logging_mixin.py:109} INFO - [2022-01-19 18:13:49,665] {dag.py:2396} INFO - Sync 2 DAGs
[2022-01-19 18:13:49,678] {logging_mixin.py:109} INFO - [2022-01-19 18:13:49,678] {dag.py:2935} INFO - Setting next_dagrun for example_xcom_args to None
[2022-01-19 18:13:49,678] {logging_mixin.py:109} INFO - [2022-01-19 18:13:49,678] {dag.py:2935} INFO - Setting next_dagrun for example_xcom_args_with_operators to None
[2022-01-19 18:13:49,686] {processor.py:171} INFO - Processing /home/airflow/.local/lib/python3.6/site-packages/airflow/example_dags/example_xcomargs.py took 0.243 seconds
[2022-01-19 18:14:20,189] {processor.py:163} INFO - Started process (PID=809) to work on /home/airflow/.local/lib/python3.6/site-packages/airflow/example_dags/example_xcomargs.py
[2022-01-19 18:14:20,191] {processor.py:642} INFO - Processing file /home/airflow/.local/lib/python3.6/site-packages/airflow/example_dags/example_xcomargs.py for tasks to queue
[2022-01-19 18:14:20,191] {logging_mixin.py:109} INFO - [2022-01-19 18:14:20,191] {dagbag.py:500} INFO - Filling up the DagBag from /home/airflow/.local/lib/python3.6/site-packages/airflow/example_dags/example_xcomargs.py
[2022-01-19 18:14:20,232] {processor.py:654} INFO - DAG(s) dict_keys(['example_xcom_args', 'example_xcom_args_with_operators']) retrieved from /home/airflow/.local/lib/python3.6/site-packages/airflow/example_dags/example_xcomargs.py
[2022-01-19 18:14:20,246] {logging_mixin.py:109} INFO - [2022-01-19 18:14:20,246] {dag.py:2396} INFO - Sync 2 DAGs
[2022-01-19 18:14:20,264] {logging_mixin.py:109} INFO - [2022-01-19 18:14:20,263] {dag.py:2935} INFO - Setting next_dagrun for example_xcom_args to None
[2022-01-19 18:14:20,264] {logging_mixin.py:109} INFO - [2022-01-19 18:14:20,264] {dag.py:2935} INFO - Setting next_dagrun for example_xcom_args_with_operators to None
[2022-01-19 18:14:20,273] {processor.py:171} INFO - Processing /home/airflow/.local/lib/python3.6/site-packages/airflow/example_dags/example_xcomargs.py took 0.087 seconds
[2022-01-19 18:14:50,639] {processor.py:163} INFO - Started process (PID=871) to work on /home/airflow/.local/lib/python3.6/site-packages/airflow/example_dags/example_xcomargs.py
[2022-01-19 18:14:50,640] {processor.py:642} INFO - Processing file /home/airflow/.local/lib/python3.6/site-packages/airflow/example_dags/example_xcomargs.py for tasks to queue
[2022-01-19 18:14:50,641] {logging_mixin.py:109} INFO - [2022-01-19 18:14:50,641] {dagbag.py:500} INFO - Filling up the DagBag from /home/airflow/.local/lib/python3.6/site-packages/airflow/example_dags/example_xcomargs.py
[2022-01-19 18:14:50,684] {processor.py:654} INFO - DAG(s) dict_keys(['example_xcom_args', 'example_xcom_args_with_operators']) retrieved from /home/airflow/.local/lib/python3.6/site-packages/airflow/example_dags/example_xcomargs.py
[2022-01-19 18:14:50,872] {logging_mixin.py:109} INFO - [2022-01-19 18:14:50,872] {dag.py:2396} INFO - Sync 2 DAGs
[2022-01-19 18:14:50,884] {logging_mixin.py:109} INFO - [2022-01-19 18:14:50,884] {dag.py:2935} INFO - Setting next_dagrun for example_xcom_args to None
[2022-01-19 18:14:50,884] {logging_mixin.py:109} INFO - [2022-01-19 18:14:50,884] {dag.py:2935} INFO - Setting next_dagrun for example_xcom_args_with_operators to None
[2022-01-19 18:14:50,892] {processor.py:171} INFO - Processing /home/airflow/.local/lib/python3.6/site-packages/airflow/example_dags/example_xcomargs.py took 0.256 seconds
[2022-01-19 18:15:21,037] {processor.py:163} INFO - Started process (PID=923) to work on /home/airflow/.local/lib/python3.6/site-packages/airflow/example_dags/example_xcomargs.py
[2022-01-19 18:15:21,038] {processor.py:642} INFO - Processing file /home/airflow/.local/lib/python3.6/site-packages/airflow/example_dags/example_xcomargs.py for tasks to queue
[2022-01-19 18:15:21,039] {logging_mixin.py:109} INFO - [2022-01-19 18:15:21,039] {dagbag.py:500} INFO - Filling up the DagBag from /home/airflow/.local/lib/python3.6/site-packages/airflow/example_dags/example_xcomargs.py
[2022-01-19 18:15:21,067] {processor.py:654} INFO - DAG(s) dict_keys(['example_xcom_args', 'example_xcom_args_with_operators']) retrieved from /home/airflow/.local/lib/python3.6/site-packages/airflow/example_dags/example_xcomargs.py
[2022-01-19 18:15:21,232] {logging_mixin.py:109} INFO - [2022-01-19 18:15:21,232] {dag.py:2396} INFO - Sync 2 DAGs
[2022-01-19 18:15:21,244] {logging_mixin.py:109} INFO - [2022-01-19 18:15:21,244] {dag.py:2935} INFO - Setting next_dagrun for example_xcom_args to None
[2022-01-19 18:15:21,244] {logging_mixin.py:109} INFO - [2022-01-19 18:15:21,244] {dag.py:2935} INFO - Setting next_dagrun for example_xcom_args_with_operators to None
[2022-01-19 18:15:21,253] {processor.py:171} INFO - Processing /home/airflow/.local/lib/python3.6/site-packages/airflow/example_dags/example_xcomargs.py took 0.218 seconds
[2022-01-19 18:15:51,558] {processor.py:163} INFO - Started process (PID=986) to work on /home/airflow/.local/lib/python3.6/site-packages/airflow/example_dags/example_xcomargs.py
[2022-01-19 18:15:51,561] {processor.py:642} INFO - Processing file /home/airflow/.local/lib/python3.6/site-packages/airflow/example_dags/example_xcomargs.py for tasks to queue
[2022-01-19 18:15:51,562] {logging_mixin.py:109} INFO - [2022-01-19 18:15:51,561] {dagbag.py:500} INFO - Filling up the DagBag from /home/airflow/.local/lib/python3.6/site-packages/airflow/example_dags/example_xcomargs.py
[2022-01-19 18:15:51,601] {processor.py:654} INFO - DAG(s) dict_keys(['example_xcom_args', 'example_xcom_args_with_operators']) retrieved from /home/airflow/.local/lib/python3.6/site-packages/airflow/example_dags/example_xcomargs.py
[2022-01-19 18:15:51,791] {logging_mixin.py:109} INFO - [2022-01-19 18:15:51,791] {dag.py:2396} INFO - Sync 2 DAGs
[2022-01-19 18:15:51,805] {logging_mixin.py:109} INFO - [2022-01-19 18:15:51,805] {dag.py:2935} INFO - Setting next_dagrun for example_xcom_args to None
[2022-01-19 18:15:51,805] {logging_mixin.py:109} INFO - [2022-01-19 18:15:51,805] {dag.py:2935} INFO - Setting next_dagrun for example_xcom_args_with_operators to None
[2022-01-19 18:15:51,814] {processor.py:171} INFO - Processing /home/airflow/.local/lib/python3.6/site-packages/airflow/example_dags/example_xcomargs.py took 0.260 seconds
[2022-01-19 18:16:21,907] {processor.py:163} INFO - Started process (PID=1038) to work on /home/airflow/.local/lib/python3.6/site-packages/airflow/example_dags/example_xcomargs.py
[2022-01-19 18:16:21,909] {processor.py:642} INFO - Processing file /home/airflow/.local/lib/python3.6/site-packages/airflow/example_dags/example_xcomargs.py for tasks to queue
[2022-01-19 18:16:21,910] {logging_mixin.py:109} INFO - [2022-01-19 18:16:21,909] {dagbag.py:500} INFO - Filling up the DagBag from /home/airflow/.local/lib/python3.6/site-packages/airflow/example_dags/example_xcomargs.py
[2022-01-19 18:16:21,942] {processor.py:654} INFO - DAG(s) dict_keys(['example_xcom_args', 'example_xcom_args_with_operators']) retrieved from /home/airflow/.local/lib/python3.6/site-packages/airflow/example_dags/example_xcomargs.py
[2022-01-19 18:16:22,121] {logging_mixin.py:109} INFO - [2022-01-19 18:16:22,121] {dag.py:2396} INFO - Sync 2 DAGs
[2022-01-19 18:16:22,136] {logging_mixin.py:109} INFO - [2022-01-19 18:16:22,136] {dag.py:2935} INFO - Setting next_dagrun for example_xcom_args to None
[2022-01-19 18:16:22,137] {logging_mixin.py:109} INFO - [2022-01-19 18:16:22,136] {dag.py:2935} INFO - Setting next_dagrun for example_xcom_args_with_operators to None
[2022-01-19 18:16:22,150] {processor.py:171} INFO - Processing /home/airflow/.local/lib/python3.6/site-packages/airflow/example_dags/example_xcomargs.py took 0.245 seconds
[2022-01-19 18:16:52,733] {processor.py:163} INFO - Started process (PID=1090) to work on /home/airflow/.local/lib/python3.6/site-packages/airflow/example_dags/example_xcomargs.py
[2022-01-19 18:16:52,735] {processor.py:642} INFO - Processing file /home/airflow/.local/lib/python3.6/site-packages/airflow/example_dags/example_xcomargs.py for tasks to queue
[2022-01-19 18:16:52,736] {logging_mixin.py:109} INFO - [2022-01-19 18:16:52,736] {dagbag.py:500} INFO - Filling up the DagBag from /home/airflow/.local/lib/python3.6/site-packages/airflow/example_dags/example_xcomargs.py
[2022-01-19 18:16:52,783] {processor.py:654} INFO - DAG(s) dict_keys(['example_xcom_args', 'example_xcom_args_with_operators']) retrieved from /home/airflow/.local/lib/python3.6/site-packages/airflow/example_dags/example_xcomargs.py
[2022-01-19 18:16:52,975] {logging_mixin.py:109} INFO - [2022-01-19 18:16:52,975] {dag.py:2396} INFO - Sync 2 DAGs
[2022-01-19 18:16:52,988] {logging_mixin.py:109} INFO - [2022-01-19 18:16:52,988] {dag.py:2935} INFO - Setting next_dagrun for example_xcom_args to None
[2022-01-19 18:16:52,988] {logging_mixin.py:109} INFO - [2022-01-19 18:16:52,988] {dag.py:2935} INFO - Setting next_dagrun for example_xcom_args_with_operators to None
[2022-01-19 18:16:52,997] {processor.py:171} INFO - Processing /home/airflow/.local/lib/python3.6/site-packages/airflow/example_dags/example_xcomargs.py took 0.270 seconds
[2022-01-19 18:17:23,151] {processor.py:163} INFO - Started process (PID=1153) to work on /home/airflow/.local/lib/python3.6/site-packages/airflow/example_dags/example_xcomargs.py
[2022-01-19 18:17:23,153] {processor.py:642} INFO - Processing file /home/airflow/.local/lib/python3.6/site-packages/airflow/example_dags/example_xcomargs.py for tasks to queue
[2022-01-19 18:17:23,154] {logging_mixin.py:109} INFO - [2022-01-19 18:17:23,154] {dagbag.py:500} INFO - Filling up the DagBag from /home/airflow/.local/lib/python3.6/site-packages/airflow/example_dags/example_xcomargs.py
[2022-01-19 18:17:23,193] {processor.py:654} INFO - DAG(s) dict_keys(['example_xcom_args', 'example_xcom_args_with_operators']) retrieved from /home/airflow/.local/lib/python3.6/site-packages/airflow/example_dags/example_xcomargs.py
[2022-01-19 18:17:23,396] {logging_mixin.py:109} INFO - [2022-01-19 18:17:23,396] {dag.py:2396} INFO - Sync 2 DAGs
[2022-01-19 18:17:23,412] {logging_mixin.py:109} INFO - [2022-01-19 18:17:23,412] {dag.py:2935} INFO - Setting next_dagrun for example_xcom_args to None
[2022-01-19 18:17:23,412] {logging_mixin.py:109} INFO - [2022-01-19 18:17:23,412] {dag.py:2935} INFO - Setting next_dagrun for example_xcom_args_with_operators to None
[2022-01-19 18:17:23,422] {processor.py:171} INFO - Processing /home/airflow/.local/lib/python3.6/site-packages/airflow/example_dags/example_xcomargs.py took 0.274 seconds
[2022-01-19 18:17:53,465] {processor.py:163} INFO - Started process (PID=1207) to work on /home/airflow/.local/lib/python3.6/site-packages/airflow/example_dags/example_xcomargs.py
[2022-01-19 18:17:53,466] {processor.py:642} INFO - Processing file /home/airflow/.local/lib/python3.6/site-packages/airflow/example_dags/example_xcomargs.py for tasks to queue
[2022-01-19 18:17:53,467] {logging_mixin.py:109} INFO - [2022-01-19 18:17:53,466] {dagbag.py:500} INFO - Filling up the DagBag from /home/airflow/.local/lib/python3.6/site-packages/airflow/example_dags/example_xcomargs.py
[2022-01-19 18:17:53,501] {processor.py:654} INFO - DAG(s) dict_keys(['example_xcom_args', 'example_xcom_args_with_operators']) retrieved from /home/airflow/.local/lib/python3.6/site-packages/airflow/example_dags/example_xcomargs.py
[2022-01-19 18:17:53,718] {logging_mixin.py:109} INFO - [2022-01-19 18:17:53,718] {dag.py:2396} INFO - Sync 2 DAGs
[2022-01-19 18:17:53,732] {logging_mixin.py:109} INFO - [2022-01-19 18:17:53,732] {dag.py:2935} INFO - Setting next_dagrun for example_xcom_args to None
[2022-01-19 18:17:53,732] {logging_mixin.py:109} INFO - [2022-01-19 18:17:53,732] {dag.py:2935} INFO - Setting next_dagrun for example_xcom_args_with_operators to None
[2022-01-19 18:17:53,741] {processor.py:171} INFO - Processing /home/airflow/.local/lib/python3.6/site-packages/airflow/example_dags/example_xcomargs.py took 0.280 seconds
[2022-01-19 18:18:24,038] {processor.py:163} INFO - Started process (PID=1268) to work on /home/airflow/.local/lib/python3.6/site-packages/airflow/example_dags/example_xcomargs.py
[2022-01-19 18:18:24,039] {processor.py:642} INFO - Processing file /home/airflow/.local/lib/python3.6/site-packages/airflow/example_dags/example_xcomargs.py for tasks to queue
[2022-01-19 18:18:24,040] {logging_mixin.py:109} INFO - [2022-01-19 18:18:24,040] {dagbag.py:500} INFO - Filling up the DagBag from /home/airflow/.local/lib/python3.6/site-packages/airflow/example_dags/example_xcomargs.py
[2022-01-19 18:18:24,093] {processor.py:654} INFO - DAG(s) dict_keys(['example_xcom_args', 'example_xcom_args_with_operators']) retrieved from /home/airflow/.local/lib/python3.6/site-packages/airflow/example_dags/example_xcomargs.py
[2022-01-19 18:18:24,292] {logging_mixin.py:109} INFO - [2022-01-19 18:18:24,292] {dag.py:2396} INFO - Sync 2 DAGs
[2022-01-19 18:18:24,307] {logging_mixin.py:109} INFO - [2022-01-19 18:18:24,306] {dag.py:2935} INFO - Setting next_dagrun for example_xcom_args to None
[2022-01-19 18:18:24,307] {logging_mixin.py:109} INFO - [2022-01-19 18:18:24,307] {dag.py:2935} INFO - Setting next_dagrun for example_xcom_args_with_operators to None
[2022-01-19 18:18:24,317] {processor.py:171} INFO - Processing /home/airflow/.local/lib/python3.6/site-packages/airflow/example_dags/example_xcomargs.py took 0.282 seconds
[2022-01-19 18:18:54,501] {processor.py:163} INFO - Started process (PID=1320) to work on /home/airflow/.local/lib/python3.6/site-packages/airflow/example_dags/example_xcomargs.py
[2022-01-19 18:18:54,502] {processor.py:642} INFO - Processing file /home/airflow/.local/lib/python3.6/site-packages/airflow/example_dags/example_xcomargs.py for tasks to queue
[2022-01-19 18:18:54,503] {logging_mixin.py:109} INFO - [2022-01-19 18:18:54,502] {dagbag.py:500} INFO - Filling up the DagBag from /home/airflow/.local/lib/python3.6/site-packages/airflow/example_dags/example_xcomargs.py
[2022-01-19 18:18:54,533] {processor.py:654} INFO - DAG(s) dict_keys(['example_xcom_args', 'example_xcom_args_with_operators']) retrieved from /home/airflow/.local/lib/python3.6/site-packages/airflow/example_dags/example_xcomargs.py
[2022-01-19 18:18:54,545] {logging_mixin.py:109} INFO - [2022-01-19 18:18:54,545] {dag.py:2396} INFO - Sync 2 DAGs
[2022-01-19 18:18:54,561] {logging_mixin.py:109} INFO - [2022-01-19 18:18:54,561] {dag.py:2935} INFO - Setting next_dagrun for example_xcom_args to None
[2022-01-19 18:18:54,561] {logging_mixin.py:109} INFO - [2022-01-19 18:18:54,561] {dag.py:2935} INFO - Setting next_dagrun for example_xcom_args_with_operators to None
[2022-01-19 18:18:54,569] {processor.py:171} INFO - Processing /home/airflow/.local/lib/python3.6/site-packages/airflow/example_dags/example_xcomargs.py took 0.071 seconds
[2022-01-19 18:19:25,078] {processor.py:163} INFO - Started process (PID=1382) to work on /home/airflow/.local/lib/python3.6/site-packages/airflow/example_dags/example_xcomargs.py
[2022-01-19 18:19:25,079] {processor.py:642} INFO - Processing file /home/airflow/.local/lib/python3.6/site-packages/airflow/example_dags/example_xcomargs.py for tasks to queue
[2022-01-19 18:19:25,080] {logging_mixin.py:109} INFO - [2022-01-19 18:19:25,080] {dagbag.py:500} INFO - Filling up the DagBag from /home/airflow/.local/lib/python3.6/site-packages/airflow/example_dags/example_xcomargs.py
[2022-01-19 18:19:25,109] {processor.py:654} INFO - DAG(s) dict_keys(['example_xcom_args', 'example_xcom_args_with_operators']) retrieved from /home/airflow/.local/lib/python3.6/site-packages/airflow/example_dags/example_xcomargs.py
[2022-01-19 18:19:25,294] {logging_mixin.py:109} INFO - [2022-01-19 18:19:25,293] {dag.py:2396} INFO - Sync 2 DAGs
[2022-01-19 18:19:25,307] {logging_mixin.py:109} INFO - [2022-01-19 18:19:25,307] {dag.py:2935} INFO - Setting next_dagrun for example_xcom_args to None
[2022-01-19 18:19:25,307] {logging_mixin.py:109} INFO - [2022-01-19 18:19:25,307] {dag.py:2935} INFO - Setting next_dagrun for example_xcom_args_with_operators to None
[2022-01-19 18:19:25,316] {processor.py:171} INFO - Processing /home/airflow/.local/lib/python3.6/site-packages/airflow/example_dags/example_xcomargs.py took 0.240 seconds
[2022-01-19 18:19:55,504] {processor.py:163} INFO - Started process (PID=1436) to work on /home/airflow/.local/lib/python3.6/site-packages/airflow/example_dags/example_xcomargs.py
[2022-01-19 18:19:55,505] {processor.py:642} INFO - Processing file /home/airflow/.local/lib/python3.6/site-packages/airflow/example_dags/example_xcomargs.py for tasks to queue
[2022-01-19 18:19:55,505] {logging_mixin.py:109} INFO - [2022-01-19 18:19:55,505] {dagbag.py:500} INFO - Filling up the DagBag from /home/airflow/.local/lib/python3.6/site-packages/airflow/example_dags/example_xcomargs.py
[2022-01-19 18:19:55,539] {processor.py:654} INFO - DAG(s) dict_keys(['example_xcom_args', 'example_xcom_args_with_operators']) retrieved from /home/airflow/.local/lib/python3.6/site-packages/airflow/example_dags/example_xcomargs.py
[2022-01-19 18:19:55,726] {logging_mixin.py:109} INFO - [2022-01-19 18:19:55,725] {dag.py:2396} INFO - Sync 2 DAGs
[2022-01-19 18:19:55,745] {logging_mixin.py:109} INFO - [2022-01-19 18:19:55,745] {dag.py:2935} INFO - Setting next_dagrun for example_xcom_args to None
[2022-01-19 18:19:55,745] {logging_mixin.py:109} INFO - [2022-01-19 18:19:55,745] {dag.py:2935} INFO - Setting next_dagrun for example_xcom_args_with_operators to None
[2022-01-19 18:19:55,756] {processor.py:171} INFO - Processing /home/airflow/.local/lib/python3.6/site-packages/airflow/example_dags/example_xcomargs.py took 0.255 seconds
[2022-01-19 18:20:25,918] {processor.py:163} INFO - Started process (PID=1487) to work on /home/airflow/.local/lib/python3.6/site-packages/airflow/example_dags/example_xcomargs.py
[2022-01-19 18:20:25,919] {processor.py:642} INFO - Processing file /home/airflow/.local/lib/python3.6/site-packages/airflow/example_dags/example_xcomargs.py for tasks to queue
[2022-01-19 18:20:25,919] {logging_mixin.py:109} INFO - [2022-01-19 18:20:25,919] {dagbag.py:500} INFO - Filling up the DagBag from /home/airflow/.local/lib/python3.6/site-packages/airflow/example_dags/example_xcomargs.py
[2022-01-19 18:20:25,951] {processor.py:654} INFO - DAG(s) dict_keys(['example_xcom_args', 'example_xcom_args_with_operators']) retrieved from /home/airflow/.local/lib/python3.6/site-packages/airflow/example_dags/example_xcomargs.py
[2022-01-19 18:20:26,144] {logging_mixin.py:109} INFO - [2022-01-19 18:20:26,144] {dag.py:2396} INFO - Sync 2 DAGs
[2022-01-19 18:20:26,156] {logging_mixin.py:109} INFO - [2022-01-19 18:20:26,156] {dag.py:2935} INFO - Setting next_dagrun for example_xcom_args to None
[2022-01-19 18:20:26,156] {logging_mixin.py:109} INFO - [2022-01-19 18:20:26,156] {dag.py:2935} INFO - Setting next_dagrun for example_xcom_args_with_operators to None
[2022-01-19 18:20:26,164] {processor.py:171} INFO - Processing /home/airflow/.local/lib/python3.6/site-packages/airflow/example_dags/example_xcomargs.py took 0.248 seconds
[2022-01-19 18:20:57,097] {processor.py:163} INFO - Started process (PID=1549) to work on /home/airflow/.local/lib/python3.6/site-packages/airflow/example_dags/example_xcomargs.py
[2022-01-19 18:20:57,098] {processor.py:642} INFO - Processing file /home/airflow/.local/lib/python3.6/site-packages/airflow/example_dags/example_xcomargs.py for tasks to queue
[2022-01-19 18:20:57,099] {logging_mixin.py:109} INFO - [2022-01-19 18:20:57,099] {dagbag.py:500} INFO - Filling up the DagBag from /home/airflow/.local/lib/python3.6/site-packages/airflow/example_dags/example_xcomargs.py
[2022-01-19 18:20:57,166] {processor.py:654} INFO - DAG(s) dict_keys(['example_xcom_args', 'example_xcom_args_with_operators']) retrieved from /home/airflow/.local/lib/python3.6/site-packages/airflow/example_dags/example_xcomargs.py
[2022-01-19 18:20:57,374] {logging_mixin.py:109} INFO - [2022-01-19 18:20:57,374] {dag.py:2396} INFO - Sync 2 DAGs
[2022-01-19 18:20:57,387] {logging_mixin.py:109} INFO - [2022-01-19 18:20:57,387] {dag.py:2935} INFO - Setting next_dagrun for example_xcom_args to None
[2022-01-19 18:20:57,388] {logging_mixin.py:109} INFO - [2022-01-19 18:20:57,387] {dag.py:2935} INFO - Setting next_dagrun for example_xcom_args_with_operators to None
[2022-01-19 18:20:57,397] {processor.py:171} INFO - Processing /home/airflow/.local/lib/python3.6/site-packages/airflow/example_dags/example_xcomargs.py took 0.308 seconds
[2022-01-19 18:21:28,322] {processor.py:163} INFO - Started process (PID=1602) to work on /home/airflow/.local/lib/python3.6/site-packages/airflow/example_dags/example_xcomargs.py
[2022-01-19 18:21:28,323] {processor.py:642} INFO - Processing file /home/airflow/.local/lib/python3.6/site-packages/airflow/example_dags/example_xcomargs.py for tasks to queue
[2022-01-19 18:21:28,324] {logging_mixin.py:109} INFO - [2022-01-19 18:21:28,324] {dagbag.py:500} INFO - Filling up the DagBag from /home/airflow/.local/lib/python3.6/site-packages/airflow/example_dags/example_xcomargs.py
[2022-01-19 18:21:28,367] {processor.py:654} INFO - DAG(s) dict_keys(['example_xcom_args', 'example_xcom_args_with_operators']) retrieved from /home/airflow/.local/lib/python3.6/site-packages/airflow/example_dags/example_xcomargs.py
[2022-01-19 18:21:28,618] {logging_mixin.py:109} INFO - [2022-01-19 18:21:28,618] {dag.py:2396} INFO - Sync 2 DAGs
[2022-01-19 18:21:28,641] {logging_mixin.py:109} INFO - [2022-01-19 18:21:28,641] {dag.py:2935} INFO - Setting next_dagrun for example_xcom_args to None
[2022-01-19 18:21:28,642] {logging_mixin.py:109} INFO - [2022-01-19 18:21:28,642] {dag.py:2935} INFO - Setting next_dagrun for example_xcom_args_with_operators to None
[2022-01-19 18:21:28,657] {processor.py:171} INFO - Processing /home/airflow/.local/lib/python3.6/site-packages/airflow/example_dags/example_xcomargs.py took 0.338 seconds
[2022-01-19 18:21:59,547] {processor.py:163} INFO - Started process (PID=1656) to work on /home/airflow/.local/lib/python3.6/site-packages/airflow/example_dags/example_xcomargs.py
[2022-01-19 18:21:59,548] {processor.py:642} INFO - Processing file /home/airflow/.local/lib/python3.6/site-packages/airflow/example_dags/example_xcomargs.py for tasks to queue
[2022-01-19 18:21:59,549] {logging_mixin.py:109} INFO - [2022-01-19 18:21:59,549] {dagbag.py:500} INFO - Filling up the DagBag from /home/airflow/.local/lib/python3.6/site-packages/airflow/example_dags/example_xcomargs.py
[2022-01-19 18:21:59,582] {processor.py:654} INFO - DAG(s) dict_keys(['example_xcom_args', 'example_xcom_args_with_operators']) retrieved from /home/airflow/.local/lib/python3.6/site-packages/airflow/example_dags/example_xcomargs.py
[2022-01-19 18:21:59,792] {logging_mixin.py:109} INFO - [2022-01-19 18:21:59,791] {dag.py:2396} INFO - Sync 2 DAGs
[2022-01-19 18:21:59,816] {logging_mixin.py:109} INFO - [2022-01-19 18:21:59,815] {dag.py:2935} INFO - Setting next_dagrun for example_xcom_args to None
[2022-01-19 18:21:59,817] {logging_mixin.py:109} INFO - [2022-01-19 18:21:59,817] {dag.py:2935} INFO - Setting next_dagrun for example_xcom_args_with_operators to None
[2022-01-19 18:21:59,832] {processor.py:171} INFO - Processing /home/airflow/.local/lib/python3.6/site-packages/airflow/example_dags/example_xcomargs.py took 0.288 seconds
[2022-01-19 18:22:30,661] {processor.py:163} INFO - Started process (PID=1719) to work on /home/airflow/.local/lib/python3.6/site-packages/airflow/example_dags/example_xcomargs.py
[2022-01-19 18:22:30,662] {processor.py:642} INFO - Processing file /home/airflow/.local/lib/python3.6/site-packages/airflow/example_dags/example_xcomargs.py for tasks to queue
[2022-01-19 18:22:30,662] {logging_mixin.py:109} INFO - [2022-01-19 18:22:30,662] {dagbag.py:500} INFO - Filling up the DagBag from /home/airflow/.local/lib/python3.6/site-packages/airflow/example_dags/example_xcomargs.py
[2022-01-19 18:22:30,691] {processor.py:654} INFO - DAG(s) dict_keys(['example_xcom_args', 'example_xcom_args_with_operators']) retrieved from /home/airflow/.local/lib/python3.6/site-packages/airflow/example_dags/example_xcomargs.py
[2022-01-19 18:22:30,862] {logging_mixin.py:109} INFO - [2022-01-19 18:22:30,862] {dag.py:2396} INFO - Sync 2 DAGs
[2022-01-19 18:22:30,876] {logging_mixin.py:109} INFO - [2022-01-19 18:22:30,876] {dag.py:2935} INFO - Setting next_dagrun for example_xcom_args to None
[2022-01-19 18:22:30,876] {logging_mixin.py:109} INFO - [2022-01-19 18:22:30,876] {dag.py:2935} INFO - Setting next_dagrun for example_xcom_args_with_operators to None
[2022-01-19 18:22:30,887] {processor.py:171} INFO - Processing /home/airflow/.local/lib/python3.6/site-packages/airflow/example_dags/example_xcomargs.py took 0.228 seconds
[2022-01-19 18:23:01,462] {processor.py:163} INFO - Started process (PID=1772) to work on /home/airflow/.local/lib/python3.6/site-packages/airflow/example_dags/example_xcomargs.py
[2022-01-19 18:23:01,463] {processor.py:642} INFO - Processing file /home/airflow/.local/lib/python3.6/site-packages/airflow/example_dags/example_xcomargs.py for tasks to queue
[2022-01-19 18:23:01,464] {logging_mixin.py:109} INFO - [2022-01-19 18:23:01,464] {dagbag.py:500} INFO - Filling up the DagBag from /home/airflow/.local/lib/python3.6/site-packages/airflow/example_dags/example_xcomargs.py
[2022-01-19 18:23:01,498] {processor.py:654} INFO - DAG(s) dict_keys(['example_xcom_args', 'example_xcom_args_with_operators']) retrieved from /home/airflow/.local/lib/python3.6/site-packages/airflow/example_dags/example_xcomargs.py
[2022-01-19 18:23:01,689] {logging_mixin.py:109} INFO - [2022-01-19 18:23:01,689] {dag.py:2396} INFO - Sync 2 DAGs
[2022-01-19 18:23:01,704] {logging_mixin.py:109} INFO - [2022-01-19 18:23:01,704] {dag.py:2935} INFO - Setting next_dagrun for example_xcom_args to None
[2022-01-19 18:23:01,705] {logging_mixin.py:109} INFO - [2022-01-19 18:23:01,705] {dag.py:2935} INFO - Setting next_dagrun for example_xcom_args_with_operators to None
[2022-01-19 18:23:01,714] {processor.py:171} INFO - Processing /home/airflow/.local/lib/python3.6/site-packages/airflow/example_dags/example_xcomargs.py took 0.254 seconds
[2022-01-19 18:23:32,605] {processor.py:163} INFO - Started process (PID=1835) to work on /home/airflow/.local/lib/python3.6/site-packages/airflow/example_dags/example_xcomargs.py
[2022-01-19 18:23:32,608] {processor.py:642} INFO - Processing file /home/airflow/.local/lib/python3.6/site-packages/airflow/example_dags/example_xcomargs.py for tasks to queue
[2022-01-19 18:23:32,609] {logging_mixin.py:109} INFO - [2022-01-19 18:23:32,609] {dagbag.py:500} INFO - Filling up the DagBag from /home/airflow/.local/lib/python3.6/site-packages/airflow/example_dags/example_xcomargs.py
[2022-01-19 18:23:32,650] {processor.py:654} INFO - DAG(s) dict_keys(['example_xcom_args', 'example_xcom_args_with_operators']) retrieved from /home/airflow/.local/lib/python3.6/site-packages/airflow/example_dags/example_xcomargs.py
[2022-01-19 18:23:32,818] {logging_mixin.py:109} INFO - [2022-01-19 18:23:32,818] {dag.py:2396} INFO - Sync 2 DAGs
[2022-01-19 18:23:32,831] {logging_mixin.py:109} INFO - [2022-01-19 18:23:32,831] {dag.py:2935} INFO - Setting next_dagrun for example_xcom_args to None
[2022-01-19 18:23:32,831] {logging_mixin.py:109} INFO - [2022-01-19 18:23:32,831] {dag.py:2935} INFO - Setting next_dagrun for example_xcom_args_with_operators to None
[2022-01-19 18:23:32,840] {processor.py:171} INFO - Processing /home/airflow/.local/lib/python3.6/site-packages/airflow/example_dags/example_xcomargs.py took 0.243 seconds
[2022-01-19 18:24:02,873] {processor.py:163} INFO - Started process (PID=1887) to work on /home/airflow/.local/lib/python3.6/site-packages/airflow/example_dags/example_xcomargs.py
[2022-01-19 18:24:02,874] {processor.py:642} INFO - Processing file /home/airflow/.local/lib/python3.6/site-packages/airflow/example_dags/example_xcomargs.py for tasks to queue
[2022-01-19 18:24:02,875] {logging_mixin.py:109} INFO - [2022-01-19 18:24:02,875] {dagbag.py:500} INFO - Filling up the DagBag from /home/airflow/.local/lib/python3.6/site-packages/airflow/example_dags/example_xcomargs.py
[2022-01-19 18:24:02,919] {processor.py:654} INFO - DAG(s) dict_keys(['example_xcom_args', 'example_xcom_args_with_operators']) retrieved from /home/airflow/.local/lib/python3.6/site-packages/airflow/example_dags/example_xcomargs.py
[2022-01-19 18:24:03,156] {logging_mixin.py:109} INFO - [2022-01-19 18:24:03,155] {dag.py:2396} INFO - Sync 2 DAGs
[2022-01-19 18:24:03,176] {logging_mixin.py:109} INFO - [2022-01-19 18:24:03,176] {dag.py:2935} INFO - Setting next_dagrun for example_xcom_args to None
[2022-01-19 18:24:03,177] {logging_mixin.py:109} INFO - [2022-01-19 18:24:03,177] {dag.py:2935} INFO - Setting next_dagrun for example_xcom_args_with_operators to None
[2022-01-19 18:24:03,193] {processor.py:171} INFO - Processing /home/airflow/.local/lib/python3.6/site-packages/airflow/example_dags/example_xcomargs.py took 0.323 seconds
[2022-01-19 18:24:34,177] {processor.py:163} INFO - Started process (PID=1948) to work on /home/airflow/.local/lib/python3.6/site-packages/airflow/example_dags/example_xcomargs.py
[2022-01-19 18:24:34,177] {processor.py:642} INFO - Processing file /home/airflow/.local/lib/python3.6/site-packages/airflow/example_dags/example_xcomargs.py for tasks to queue
[2022-01-19 18:24:34,178] {logging_mixin.py:109} INFO - [2022-01-19 18:24:34,178] {dagbag.py:500} INFO - Filling up the DagBag from /home/airflow/.local/lib/python3.6/site-packages/airflow/example_dags/example_xcomargs.py
[2022-01-19 18:24:34,217] {processor.py:654} INFO - DAG(s) dict_keys(['example_xcom_args', 'example_xcom_args_with_operators']) retrieved from /home/airflow/.local/lib/python3.6/site-packages/airflow/example_dags/example_xcomargs.py
[2022-01-19 18:24:34,441] {logging_mixin.py:109} INFO - [2022-01-19 18:24:34,440] {dag.py:2396} INFO - Sync 2 DAGs
[2022-01-19 18:24:34,460] {logging_mixin.py:109} INFO - [2022-01-19 18:24:34,460] {dag.py:2935} INFO - Setting next_dagrun for example_xcom_args to None
[2022-01-19 18:24:34,461] {logging_mixin.py:109} INFO - [2022-01-19 18:24:34,461] {dag.py:2935} INFO - Setting next_dagrun for example_xcom_args_with_operators to None
[2022-01-19 18:24:34,476] {processor.py:171} INFO - Processing /home/airflow/.local/lib/python3.6/site-packages/airflow/example_dags/example_xcomargs.py took 0.302 seconds
[2022-01-19 18:25:04,544] {processor.py:163} INFO - Started process (PID=2003) to work on /home/airflow/.local/lib/python3.6/site-packages/airflow/example_dags/example_xcomargs.py
[2022-01-19 18:25:04,545] {processor.py:642} INFO - Processing file /home/airflow/.local/lib/python3.6/site-packages/airflow/example_dags/example_xcomargs.py for tasks to queue
[2022-01-19 18:25:04,545] {logging_mixin.py:109} INFO - [2022-01-19 18:25:04,545] {dagbag.py:500} INFO - Filling up the DagBag from /home/airflow/.local/lib/python3.6/site-packages/airflow/example_dags/example_xcomargs.py
[2022-01-19 18:25:04,578] {processor.py:654} INFO - DAG(s) dict_keys(['example_xcom_args', 'example_xcom_args_with_operators']) retrieved from /home/airflow/.local/lib/python3.6/site-packages/airflow/example_dags/example_xcomargs.py
[2022-01-19 18:25:04,751] {logging_mixin.py:109} INFO - [2022-01-19 18:25:04,750] {dag.py:2396} INFO - Sync 2 DAGs
[2022-01-19 18:25:04,765] {logging_mixin.py:109} INFO - [2022-01-19 18:25:04,765] {dag.py:2935} INFO - Setting next_dagrun for example_xcom_args to None
[2022-01-19 18:25:04,765] {logging_mixin.py:109} INFO - [2022-01-19 18:25:04,765] {dag.py:2935} INFO - Setting next_dagrun for example_xcom_args_with_operators to None
[2022-01-19 18:25:04,774] {processor.py:171} INFO - Processing /home/airflow/.local/lib/python3.6/site-packages/airflow/example_dags/example_xcomargs.py took 0.233 seconds
[2022-01-19 18:25:35,202] {processor.py:163} INFO - Started process (PID=2056) to work on /home/airflow/.local/lib/python3.6/site-packages/airflow/example_dags/example_xcomargs.py
[2022-01-19 18:25:35,203] {processor.py:642} INFO - Processing file /home/airflow/.local/lib/python3.6/site-packages/airflow/example_dags/example_xcomargs.py for tasks to queue
[2022-01-19 18:25:35,204] {logging_mixin.py:109} INFO - [2022-01-19 18:25:35,204] {dagbag.py:500} INFO - Filling up the DagBag from /home/airflow/.local/lib/python3.6/site-packages/airflow/example_dags/example_xcomargs.py
[2022-01-19 18:25:35,248] {processor.py:654} INFO - DAG(s) dict_keys(['example_xcom_args', 'example_xcom_args_with_operators']) retrieved from /home/airflow/.local/lib/python3.6/site-packages/airflow/example_dags/example_xcomargs.py
[2022-01-19 18:25:35,442] {logging_mixin.py:109} INFO - [2022-01-19 18:25:35,441] {dag.py:2396} INFO - Sync 2 DAGs
[2022-01-19 18:25:35,454] {logging_mixin.py:109} INFO - [2022-01-19 18:25:35,454] {dag.py:2935} INFO - Setting next_dagrun for example_xcom_args to None
[2022-01-19 18:25:35,455] {logging_mixin.py:109} INFO - [2022-01-19 18:25:35,454] {dag.py:2935} INFO - Setting next_dagrun for example_xcom_args_with_operators to None
[2022-01-19 18:25:35,465] {processor.py:171} INFO - Processing /home/airflow/.local/lib/python3.6/site-packages/airflow/example_dags/example_xcomargs.py took 0.267 seconds
[2022-01-19 18:26:05,879] {processor.py:163} INFO - Started process (PID=2120) to work on /home/airflow/.local/lib/python3.6/site-packages/airflow/example_dags/example_xcomargs.py
[2022-01-19 18:26:05,881] {processor.py:642} INFO - Processing file /home/airflow/.local/lib/python3.6/site-packages/airflow/example_dags/example_xcomargs.py for tasks to queue
[2022-01-19 18:26:05,883] {logging_mixin.py:109} INFO - [2022-01-19 18:26:05,882] {dagbag.py:500} INFO - Filling up the DagBag from /home/airflow/.local/lib/python3.6/site-packages/airflow/example_dags/example_xcomargs.py
[2022-01-19 18:26:05,926] {processor.py:654} INFO - DAG(s) dict_keys(['example_xcom_args', 'example_xcom_args_with_operators']) retrieved from /home/airflow/.local/lib/python3.6/site-packages/airflow/example_dags/example_xcomargs.py
[2022-01-19 18:26:06,098] {logging_mixin.py:109} INFO - [2022-01-19 18:26:06,098] {dag.py:2396} INFO - Sync 2 DAGs
[2022-01-19 18:26:06,114] {logging_mixin.py:109} INFO - [2022-01-19 18:26:06,114] {dag.py:2935} INFO - Setting next_dagrun for example_xcom_args to None
[2022-01-19 18:26:06,114] {logging_mixin.py:109} INFO - [2022-01-19 18:26:06,114] {dag.py:2935} INFO - Setting next_dagrun for example_xcom_args_with_operators to None
[2022-01-19 18:26:06,124] {processor.py:171} INFO - Processing /home/airflow/.local/lib/python3.6/site-packages/airflow/example_dags/example_xcomargs.py took 0.252 seconds
[2022-01-19 18:26:36,480] {processor.py:163} INFO - Started process (PID=2172) to work on /home/airflow/.local/lib/python3.6/site-packages/airflow/example_dags/example_xcomargs.py
[2022-01-19 18:26:36,480] {processor.py:642} INFO - Processing file /home/airflow/.local/lib/python3.6/site-packages/airflow/example_dags/example_xcomargs.py for tasks to queue
[2022-01-19 18:26:36,481] {logging_mixin.py:109} INFO - [2022-01-19 18:26:36,481] {dagbag.py:500} INFO - Filling up the DagBag from /home/airflow/.local/lib/python3.6/site-packages/airflow/example_dags/example_xcomargs.py
[2022-01-19 18:26:36,510] {processor.py:654} INFO - DAG(s) dict_keys(['example_xcom_args', 'example_xcom_args_with_operators']) retrieved from /home/airflow/.local/lib/python3.6/site-packages/airflow/example_dags/example_xcomargs.py
[2022-01-19 18:26:36,703] {logging_mixin.py:109} INFO - [2022-01-19 18:26:36,703] {dag.py:2396} INFO - Sync 2 DAGs
[2022-01-19 18:26:36,717] {logging_mixin.py:109} INFO - [2022-01-19 18:26:36,717] {dag.py:2935} INFO - Setting next_dagrun for example_xcom_args to None
[2022-01-19 18:26:36,718] {logging_mixin.py:109} INFO - [2022-01-19 18:26:36,718] {dag.py:2935} INFO - Setting next_dagrun for example_xcom_args_with_operators to None
[2022-01-19 18:26:36,730] {processor.py:171} INFO - Processing /home/airflow/.local/lib/python3.6/site-packages/airflow/example_dags/example_xcomargs.py took 0.253 seconds
[2022-01-19 18:27:07,163] {processor.py:163} INFO - Started process (PID=2235) to work on /home/airflow/.local/lib/python3.6/site-packages/airflow/example_dags/example_xcomargs.py
[2022-01-19 18:27:07,164] {processor.py:642} INFO - Processing file /home/airflow/.local/lib/python3.6/site-packages/airflow/example_dags/example_xcomargs.py for tasks to queue
[2022-01-19 18:27:07,164] {logging_mixin.py:109} INFO - [2022-01-19 18:27:07,164] {dagbag.py:500} INFO - Filling up the DagBag from /home/airflow/.local/lib/python3.6/site-packages/airflow/example_dags/example_xcomargs.py
[2022-01-19 18:27:07,195] {processor.py:654} INFO - DAG(s) dict_keys(['example_xcom_args', 'example_xcom_args_with_operators']) retrieved from /home/airflow/.local/lib/python3.6/site-packages/airflow/example_dags/example_xcomargs.py
[2022-01-19 18:27:07,407] {logging_mixin.py:109} INFO - [2022-01-19 18:27:07,407] {dag.py:2396} INFO - Sync 2 DAGs
[2022-01-19 18:27:07,423] {logging_mixin.py:109} INFO - [2022-01-19 18:27:07,423] {dag.py:2935} INFO - Setting next_dagrun for example_xcom_args to None
[2022-01-19 18:27:07,424] {logging_mixin.py:109} INFO - [2022-01-19 18:27:07,423] {dag.py:2935} INFO - Setting next_dagrun for example_xcom_args_with_operators to None
[2022-01-19 18:27:07,437] {processor.py:171} INFO - Processing /home/airflow/.local/lib/python3.6/site-packages/airflow/example_dags/example_xcomargs.py took 0.277 seconds
[2022-01-19 18:27:37,471] {processor.py:163} INFO - Started process (PID=2288) to work on /home/airflow/.local/lib/python3.6/site-packages/airflow/example_dags/example_xcomargs.py
[2022-01-19 18:27:37,472] {processor.py:642} INFO - Processing file /home/airflow/.local/lib/python3.6/site-packages/airflow/example_dags/example_xcomargs.py for tasks to queue
[2022-01-19 18:27:37,473] {logging_mixin.py:109} INFO - [2022-01-19 18:27:37,473] {dagbag.py:500} INFO - Filling up the DagBag from /home/airflow/.local/lib/python3.6/site-packages/airflow/example_dags/example_xcomargs.py
[2022-01-19 18:27:37,517] {processor.py:654} INFO - DAG(s) dict_keys(['example_xcom_args', 'example_xcom_args_with_operators']) retrieved from /home/airflow/.local/lib/python3.6/site-packages/airflow/example_dags/example_xcomargs.py
[2022-01-19 18:27:37,757] {logging_mixin.py:109} INFO - [2022-01-19 18:27:37,757] {dag.py:2396} INFO - Sync 2 DAGs
[2022-01-19 18:27:37,779] {logging_mixin.py:109} INFO - [2022-01-19 18:27:37,777] {dag.py:2935} INFO - Setting next_dagrun for example_xcom_args to None
[2022-01-19 18:27:37,780] {logging_mixin.py:109} INFO - [2022-01-19 18:27:37,780] {dag.py:2935} INFO - Setting next_dagrun for example_xcom_args_with_operators to None
[2022-01-19 18:27:37,794] {processor.py:171} INFO - Processing /home/airflow/.local/lib/python3.6/site-packages/airflow/example_dags/example_xcomargs.py took 0.327 seconds
[2022-01-19 18:28:08,213] {processor.py:163} INFO - Started process (PID=2342) to work on /home/airflow/.local/lib/python3.6/site-packages/airflow/example_dags/example_xcomargs.py
[2022-01-19 18:28:08,213] {processor.py:642} INFO - Processing file /home/airflow/.local/lib/python3.6/site-packages/airflow/example_dags/example_xcomargs.py for tasks to queue
[2022-01-19 18:28:08,214] {logging_mixin.py:109} INFO - [2022-01-19 18:28:08,214] {dagbag.py:500} INFO - Filling up the DagBag from /home/airflow/.local/lib/python3.6/site-packages/airflow/example_dags/example_xcomargs.py
[2022-01-19 18:28:08,243] {processor.py:654} INFO - DAG(s) dict_keys(['example_xcom_args', 'example_xcom_args_with_operators']) retrieved from /home/airflow/.local/lib/python3.6/site-packages/airflow/example_dags/example_xcomargs.py
[2022-01-19 18:28:08,422] {logging_mixin.py:109} INFO - [2022-01-19 18:28:08,422] {dag.py:2396} INFO - Sync 2 DAGs
[2022-01-19 18:28:08,438] {logging_mixin.py:109} INFO - [2022-01-19 18:28:08,438] {dag.py:2935} INFO - Setting next_dagrun for example_xcom_args to None
[2022-01-19 18:28:08,438] {logging_mixin.py:109} INFO - [2022-01-19 18:28:08,438] {dag.py:2935} INFO - Setting next_dagrun for example_xcom_args_with_operators to None
[2022-01-19 18:28:08,451] {processor.py:171} INFO - Processing /home/airflow/.local/lib/python3.6/site-packages/airflow/example_dags/example_xcomargs.py took 0.240 seconds
[2022-01-19 18:28:38,925] {processor.py:163} INFO - Started process (PID=2405) to work on /home/airflow/.local/lib/python3.6/site-packages/airflow/example_dags/example_xcomargs.py
[2022-01-19 18:28:38,929] {processor.py:642} INFO - Processing file /home/airflow/.local/lib/python3.6/site-packages/airflow/example_dags/example_xcomargs.py for tasks to queue
[2022-01-19 18:28:38,929] {logging_mixin.py:109} INFO - [2022-01-19 18:28:38,929] {dagbag.py:500} INFO - Filling up the DagBag from /home/airflow/.local/lib/python3.6/site-packages/airflow/example_dags/example_xcomargs.py
[2022-01-19 18:28:38,971] {processor.py:654} INFO - DAG(s) dict_keys(['example_xcom_args', 'example_xcom_args_with_operators']) retrieved from /home/airflow/.local/lib/python3.6/site-packages/airflow/example_dags/example_xcomargs.py
[2022-01-19 18:28:39,142] {logging_mixin.py:109} INFO - [2022-01-19 18:28:39,142] {dag.py:2396} INFO - Sync 2 DAGs
[2022-01-19 18:28:39,155] {logging_mixin.py:109} INFO - [2022-01-19 18:28:39,155] {dag.py:2935} INFO - Setting next_dagrun for example_xcom_args to None
[2022-01-19 18:28:39,155] {logging_mixin.py:109} INFO - [2022-01-19 18:28:39,155] {dag.py:2935} INFO - Setting next_dagrun for example_xcom_args_with_operators to None
[2022-01-19 18:28:39,164] {processor.py:171} INFO - Processing /home/airflow/.local/lib/python3.6/site-packages/airflow/example_dags/example_xcomargs.py took 0.243 seconds
[2022-01-19 18:29:10,038] {processor.py:163} INFO - Started process (PID=2458) to work on /home/airflow/.local/lib/python3.6/site-packages/airflow/example_dags/example_xcomargs.py
[2022-01-19 18:29:10,041] {processor.py:642} INFO - Processing file /home/airflow/.local/lib/python3.6/site-packages/airflow/example_dags/example_xcomargs.py for tasks to queue
[2022-01-19 18:29:10,043] {logging_mixin.py:109} INFO - [2022-01-19 18:29:10,043] {dagbag.py:500} INFO - Filling up the DagBag from /home/airflow/.local/lib/python3.6/site-packages/airflow/example_dags/example_xcomargs.py
[2022-01-19 18:29:10,088] {processor.py:654} INFO - DAG(s) dict_keys(['example_xcom_args', 'example_xcom_args_with_operators']) retrieved from /home/airflow/.local/lib/python3.6/site-packages/airflow/example_dags/example_xcomargs.py
[2022-01-19 18:29:10,269] {logging_mixin.py:109} INFO - [2022-01-19 18:29:10,269] {dag.py:2396} INFO - Sync 2 DAGs
[2022-01-19 18:29:10,283] {logging_mixin.py:109} INFO - [2022-01-19 18:29:10,283] {dag.py:2935} INFO - Setting next_dagrun for example_xcom_args to None
[2022-01-19 18:29:10,284] {logging_mixin.py:109} INFO - [2022-01-19 18:29:10,284] {dag.py:2935} INFO - Setting next_dagrun for example_xcom_args_with_operators to None
[2022-01-19 18:29:10,294] {processor.py:171} INFO - Processing /home/airflow/.local/lib/python3.6/site-packages/airflow/example_dags/example_xcomargs.py took 0.264 seconds
[2022-01-19 18:29:40,805] {processor.py:163} INFO - Started process (PID=2522) to work on /home/airflow/.local/lib/python3.6/site-packages/airflow/example_dags/example_xcomargs.py
[2022-01-19 18:29:40,805] {processor.py:642} INFO - Processing file /home/airflow/.local/lib/python3.6/site-packages/airflow/example_dags/example_xcomargs.py for tasks to queue
[2022-01-19 18:29:40,806] {logging_mixin.py:109} INFO - [2022-01-19 18:29:40,806] {dagbag.py:500} INFO - Filling up the DagBag from /home/airflow/.local/lib/python3.6/site-packages/airflow/example_dags/example_xcomargs.py
[2022-01-19 18:29:40,852] {processor.py:654} INFO - DAG(s) dict_keys(['example_xcom_args', 'example_xcom_args_with_operators']) retrieved from /home/airflow/.local/lib/python3.6/site-packages/airflow/example_dags/example_xcomargs.py
[2022-01-19 18:29:41,070] {logging_mixin.py:109} INFO - [2022-01-19 18:29:41,070] {dag.py:2396} INFO - Sync 2 DAGs
[2022-01-19 18:29:41,086] {logging_mixin.py:109} INFO - [2022-01-19 18:29:41,086] {dag.py:2935} INFO - Setting next_dagrun for example_xcom_args to None
[2022-01-19 18:29:41,086] {logging_mixin.py:109} INFO - [2022-01-19 18:29:41,086] {dag.py:2935} INFO - Setting next_dagrun for example_xcom_args_with_operators to None
[2022-01-19 18:29:41,096] {processor.py:171} INFO - Processing /home/airflow/.local/lib/python3.6/site-packages/airflow/example_dags/example_xcomargs.py took 0.294 seconds
[2022-01-19 18:30:11,662] {processor.py:163} INFO - Started process (PID=2575) to work on /home/airflow/.local/lib/python3.6/site-packages/airflow/example_dags/example_xcomargs.py
[2022-01-19 18:30:11,664] {processor.py:642} INFO - Processing file /home/airflow/.local/lib/python3.6/site-packages/airflow/example_dags/example_xcomargs.py for tasks to queue
[2022-01-19 18:30:11,666] {logging_mixin.py:109} INFO - [2022-01-19 18:30:11,666] {dagbag.py:500} INFO - Filling up the DagBag from /home/airflow/.local/lib/python3.6/site-packages/airflow/example_dags/example_xcomargs.py
[2022-01-19 18:30:11,708] {processor.py:654} INFO - DAG(s) dict_keys(['example_xcom_args', 'example_xcom_args_with_operators']) retrieved from /home/airflow/.local/lib/python3.6/site-packages/airflow/example_dags/example_xcomargs.py
[2022-01-19 18:30:11,877] {logging_mixin.py:109} INFO - [2022-01-19 18:30:11,877] {dag.py:2396} INFO - Sync 2 DAGs
[2022-01-19 18:30:11,890] {logging_mixin.py:109} INFO - [2022-01-19 18:30:11,890] {dag.py:2935} INFO - Setting next_dagrun for example_xcom_args to None
[2022-01-19 18:30:11,890] {logging_mixin.py:109} INFO - [2022-01-19 18:30:11,890] {dag.py:2935} INFO - Setting next_dagrun for example_xcom_args_with_operators to None
[2022-01-19 18:30:11,900] {processor.py:171} INFO - Processing /home/airflow/.local/lib/python3.6/site-packages/airflow/example_dags/example_xcomargs.py took 0.246 seconds
[2022-01-19 18:30:42,328] {processor.py:163} INFO - Started process (PID=2636) to work on /home/airflow/.local/lib/python3.6/site-packages/airflow/example_dags/example_xcomargs.py
[2022-01-19 18:30:42,329] {processor.py:642} INFO - Processing file /home/airflow/.local/lib/python3.6/site-packages/airflow/example_dags/example_xcomargs.py for tasks to queue
[2022-01-19 18:30:42,329] {logging_mixin.py:109} INFO - [2022-01-19 18:30:42,329] {dagbag.py:500} INFO - Filling up the DagBag from /home/airflow/.local/lib/python3.6/site-packages/airflow/example_dags/example_xcomargs.py
[2022-01-19 18:30:42,359] {processor.py:654} INFO - DAG(s) dict_keys(['example_xcom_args', 'example_xcom_args_with_operators']) retrieved from /home/airflow/.local/lib/python3.6/site-packages/airflow/example_dags/example_xcomargs.py
[2022-01-19 18:30:42,550] {logging_mixin.py:109} INFO - [2022-01-19 18:30:42,550] {dag.py:2396} INFO - Sync 2 DAGs
[2022-01-19 18:30:42,570] {logging_mixin.py:109} INFO - [2022-01-19 18:30:42,570] {dag.py:2935} INFO - Setting next_dagrun for example_xcom_args to None
[2022-01-19 18:30:42,570] {logging_mixin.py:109} INFO - [2022-01-19 18:30:42,570] {dag.py:2935} INFO - Setting next_dagrun for example_xcom_args_with_operators to None
[2022-01-19 18:30:42,581] {processor.py:171} INFO - Processing /home/airflow/.local/lib/python3.6/site-packages/airflow/example_dags/example_xcomargs.py took 0.255 seconds
