[2022-01-19 18:09:59,533] {processor.py:163} INFO - Started process (PID=209) to work on /home/airflow/.local/lib/python3.6/site-packages/airflow/example_dags/example_bash_operator.py
[2022-01-19 18:09:59,534] {processor.py:642} INFO - Processing file /home/airflow/.local/lib/python3.6/site-packages/airflow/example_dags/example_bash_operator.py for tasks to queue
[2022-01-19 18:09:59,534] {logging_mixin.py:109} INFO - [2022-01-19 18:09:59,534] {dagbag.py:500} INFO - Filling up the DagBag from /home/airflow/.local/lib/python3.6/site-packages/airflow/example_dags/example_bash_operator.py
[2022-01-19 18:09:59,566] {processor.py:654} INFO - DAG(s) dict_keys(['example_bash_operator']) retrieved from /home/airflow/.local/lib/python3.6/site-packages/airflow/example_dags/example_bash_operator.py
[2022-01-19 18:10:01,735] {logging_mixin.py:109} INFO - [2022-01-19 18:10:01,735] {manager.py:496} INFO - Created Permission View: can read on DAG:example_bash_operator
[2022-01-19 18:10:01,744] {logging_mixin.py:109} INFO - [2022-01-19 18:10:01,744] {manager.py:496} INFO - Created Permission View: can edit on DAG:example_bash_operator
[2022-01-19 18:10:01,746] {logging_mixin.py:109} INFO - [2022-01-19 18:10:01,744] {dag.py:2396} INFO - Sync 1 DAGs
[2022-01-19 18:10:01,758] {logging_mixin.py:109} INFO - [2022-01-19 18:10:01,756] {dag.py:2415} INFO - Creating ORM DAG for example_bash_operator
[2022-01-19 18:10:01,768] {logging_mixin.py:109} INFO - [2022-01-19 18:10:01,768] {dag.py:2935} INFO - Setting next_dagrun for example_bash_operator to 2022-01-18 00:00:00+00:00
[2022-01-19 18:10:01,781] {processor.py:171} INFO - Processing /home/airflow/.local/lib/python3.6/site-packages/airflow/example_dags/example_bash_operator.py took 2.251 seconds
[2022-01-19 18:10:32,194] {processor.py:163} INFO - Started process (PID=383) to work on /home/airflow/.local/lib/python3.6/site-packages/airflow/example_dags/example_bash_operator.py
[2022-01-19 18:10:32,197] {processor.py:642} INFO - Processing file /home/airflow/.local/lib/python3.6/site-packages/airflow/example_dags/example_bash_operator.py for tasks to queue
[2022-01-19 18:10:32,197] {logging_mixin.py:109} INFO - [2022-01-19 18:10:32,197] {dagbag.py:500} INFO - Filling up the DagBag from /home/airflow/.local/lib/python3.6/site-packages/airflow/example_dags/example_bash_operator.py
[2022-01-19 18:10:32,242] {processor.py:654} INFO - DAG(s) dict_keys(['example_bash_operator']) retrieved from /home/airflow/.local/lib/python3.6/site-packages/airflow/example_dags/example_bash_operator.py
[2022-01-19 18:10:32,260] {logging_mixin.py:109} INFO - [2022-01-19 18:10:32,260] {dag.py:2396} INFO - Sync 1 DAGs
[2022-01-19 18:10:32,287] {logging_mixin.py:109} INFO - [2022-01-19 18:10:32,287] {dag.py:2935} INFO - Setting next_dagrun for example_bash_operator to 2022-01-18 00:00:00+00:00
[2022-01-19 18:10:32,299] {processor.py:171} INFO - Processing /home/airflow/.local/lib/python3.6/site-packages/airflow/example_dags/example_bash_operator.py took 0.109 seconds
[2022-01-19 18:11:02,368] {processor.py:163} INFO - Started process (PID=435) to work on /home/airflow/.local/lib/python3.6/site-packages/airflow/example_dags/example_bash_operator.py
[2022-01-19 18:11:02,373] {processor.py:642} INFO - Processing file /home/airflow/.local/lib/python3.6/site-packages/airflow/example_dags/example_bash_operator.py for tasks to queue
[2022-01-19 18:11:02,374] {logging_mixin.py:109} INFO - [2022-01-19 18:11:02,374] {dagbag.py:500} INFO - Filling up the DagBag from /home/airflow/.local/lib/python3.6/site-packages/airflow/example_dags/example_bash_operator.py
[2022-01-19 18:11:02,427] {processor.py:654} INFO - DAG(s) dict_keys(['example_bash_operator']) retrieved from /home/airflow/.local/lib/python3.6/site-packages/airflow/example_dags/example_bash_operator.py
[2022-01-19 18:11:02,444] {logging_mixin.py:109} INFO - [2022-01-19 18:11:02,444] {dag.py:2396} INFO - Sync 1 DAGs
[2022-01-19 18:11:02,471] {logging_mixin.py:109} INFO - [2022-01-19 18:11:02,471] {dag.py:2935} INFO - Setting next_dagrun for example_bash_operator to 2022-01-18 00:00:00+00:00
[2022-01-19 18:11:02,488] {processor.py:171} INFO - Processing /home/airflow/.local/lib/python3.6/site-packages/airflow/example_dags/example_bash_operator.py took 0.124 seconds
[2022-01-19 18:11:32,541] {processor.py:163} INFO - Started process (PID=488) to work on /home/airflow/.local/lib/python3.6/site-packages/airflow/example_dags/example_bash_operator.py
[2022-01-19 18:11:32,542] {processor.py:642} INFO - Processing file /home/airflow/.local/lib/python3.6/site-packages/airflow/example_dags/example_bash_operator.py for tasks to queue
[2022-01-19 18:11:32,542] {logging_mixin.py:109} INFO - [2022-01-19 18:11:32,542] {dagbag.py:500} INFO - Filling up the DagBag from /home/airflow/.local/lib/python3.6/site-packages/airflow/example_dags/example_bash_operator.py
[2022-01-19 18:11:32,571] {processor.py:654} INFO - DAG(s) dict_keys(['example_bash_operator']) retrieved from /home/airflow/.local/lib/python3.6/site-packages/airflow/example_dags/example_bash_operator.py
[2022-01-19 18:11:32,586] {logging_mixin.py:109} INFO - [2022-01-19 18:11:32,586] {dag.py:2396} INFO - Sync 1 DAGs
[2022-01-19 18:11:32,608] {logging_mixin.py:109} INFO - [2022-01-19 18:11:32,608] {dag.py:2935} INFO - Setting next_dagrun for example_bash_operator to 2022-01-18 00:00:00+00:00
[2022-01-19 18:11:32,617] {processor.py:171} INFO - Processing /home/airflow/.local/lib/python3.6/site-packages/airflow/example_dags/example_bash_operator.py took 0.079 seconds
[2022-01-19 18:12:02,966] {processor.py:163} INFO - Started process (PID=552) to work on /home/airflow/.local/lib/python3.6/site-packages/airflow/example_dags/example_bash_operator.py
[2022-01-19 18:12:02,968] {processor.py:642} INFO - Processing file /home/airflow/.local/lib/python3.6/site-packages/airflow/example_dags/example_bash_operator.py for tasks to queue
[2022-01-19 18:12:02,968] {logging_mixin.py:109} INFO - [2022-01-19 18:12:02,968] {dagbag.py:500} INFO - Filling up the DagBag from /home/airflow/.local/lib/python3.6/site-packages/airflow/example_dags/example_bash_operator.py
[2022-01-19 18:12:03,014] {processor.py:654} INFO - DAG(s) dict_keys(['example_bash_operator']) retrieved from /home/airflow/.local/lib/python3.6/site-packages/airflow/example_dags/example_bash_operator.py
[2022-01-19 18:12:03,286] {logging_mixin.py:109} INFO - [2022-01-19 18:12:03,286] {dag.py:2396} INFO - Sync 1 DAGs
[2022-01-19 18:12:03,294] {logging_mixin.py:109} INFO - [2022-01-19 18:12:03,294] {dag.py:2415} INFO - Creating ORM DAG for example_bash_operator
[2022-01-19 18:12:03,304] {logging_mixin.py:109} INFO - [2022-01-19 18:12:03,304] {dag.py:2935} INFO - Setting next_dagrun for example_bash_operator to 2022-01-18 00:00:00+00:00
[2022-01-19 18:12:03,319] {processor.py:171} INFO - Processing /home/airflow/.local/lib/python3.6/site-packages/airflow/example_dags/example_bash_operator.py took 0.356 seconds
[2022-01-19 18:12:33,771] {processor.py:163} INFO - Started process (PID=604) to work on /home/airflow/.local/lib/python3.6/site-packages/airflow/example_dags/example_bash_operator.py
[2022-01-19 18:12:33,773] {processor.py:642} INFO - Processing file /home/airflow/.local/lib/python3.6/site-packages/airflow/example_dags/example_bash_operator.py for tasks to queue
[2022-01-19 18:12:33,773] {logging_mixin.py:109} INFO - [2022-01-19 18:12:33,773] {dagbag.py:500} INFO - Filling up the DagBag from /home/airflow/.local/lib/python3.6/site-packages/airflow/example_dags/example_bash_operator.py
[2022-01-19 18:12:33,809] {processor.py:654} INFO - DAG(s) dict_keys(['example_bash_operator']) retrieved from /home/airflow/.local/lib/python3.6/site-packages/airflow/example_dags/example_bash_operator.py
[2022-01-19 18:12:33,821] {logging_mixin.py:109} INFO - [2022-01-19 18:12:33,821] {dag.py:2396} INFO - Sync 1 DAGs
[2022-01-19 18:12:33,840] {logging_mixin.py:109} INFO - [2022-01-19 18:12:33,840] {dag.py:2935} INFO - Setting next_dagrun for example_bash_operator to 2022-01-18 00:00:00+00:00
[2022-01-19 18:12:33,849] {processor.py:171} INFO - Processing /home/airflow/.local/lib/python3.6/site-packages/airflow/example_dags/example_bash_operator.py took 0.081 seconds
[2022-01-19 18:13:04,270] {processor.py:163} INFO - Started process (PID=656) to work on /home/airflow/.local/lib/python3.6/site-packages/airflow/example_dags/example_bash_operator.py
[2022-01-19 18:13:04,271] {processor.py:642} INFO - Processing file /home/airflow/.local/lib/python3.6/site-packages/airflow/example_dags/example_bash_operator.py for tasks to queue
[2022-01-19 18:13:04,271] {logging_mixin.py:109} INFO - [2022-01-19 18:13:04,271] {dagbag.py:500} INFO - Filling up the DagBag from /home/airflow/.local/lib/python3.6/site-packages/airflow/example_dags/example_bash_operator.py
[2022-01-19 18:13:04,298] {processor.py:654} INFO - DAG(s) dict_keys(['example_bash_operator']) retrieved from /home/airflow/.local/lib/python3.6/site-packages/airflow/example_dags/example_bash_operator.py
[2022-01-19 18:13:04,308] {logging_mixin.py:109} INFO - [2022-01-19 18:13:04,307] {dag.py:2396} INFO - Sync 1 DAGs
[2022-01-19 18:13:04,324] {logging_mixin.py:109} INFO - [2022-01-19 18:13:04,324] {dag.py:2935} INFO - Setting next_dagrun for example_bash_operator to 2022-01-18 00:00:00+00:00
[2022-01-19 18:13:04,333] {processor.py:171} INFO - Processing /home/airflow/.local/lib/python3.6/site-packages/airflow/example_dags/example_bash_operator.py took 0.065 seconds
[2022-01-19 18:13:34,970] {processor.py:163} INFO - Started process (PID=736) to work on /home/airflow/.local/lib/python3.6/site-packages/airflow/example_dags/example_bash_operator.py
[2022-01-19 18:13:34,971] {processor.py:642} INFO - Processing file /home/airflow/.local/lib/python3.6/site-packages/airflow/example_dags/example_bash_operator.py for tasks to queue
[2022-01-19 18:13:34,971] {logging_mixin.py:109} INFO - [2022-01-19 18:13:34,971] {dagbag.py:500} INFO - Filling up the DagBag from /home/airflow/.local/lib/python3.6/site-packages/airflow/example_dags/example_bash_operator.py
[2022-01-19 18:13:35,001] {processor.py:654} INFO - DAG(s) dict_keys(['example_bash_operator']) retrieved from /home/airflow/.local/lib/python3.6/site-packages/airflow/example_dags/example_bash_operator.py
[2022-01-19 18:13:35,012] {logging_mixin.py:109} INFO - [2022-01-19 18:13:35,012] {dag.py:2396} INFO - Sync 1 DAGs
[2022-01-19 18:13:35,031] {logging_mixin.py:109} INFO - [2022-01-19 18:13:35,030] {dag.py:2935} INFO - Setting next_dagrun for example_bash_operator to 2022-01-18 00:00:00+00:00
[2022-01-19 18:13:35,040] {processor.py:171} INFO - Processing /home/airflow/.local/lib/python3.6/site-packages/airflow/example_dags/example_bash_operator.py took 0.072 seconds
[2022-01-19 18:14:05,586] {processor.py:163} INFO - Started process (PID=789) to work on /home/airflow/.local/lib/python3.6/site-packages/airflow/example_dags/example_bash_operator.py
[2022-01-19 18:14:05,590] {processor.py:642} INFO - Processing file /home/airflow/.local/lib/python3.6/site-packages/airflow/example_dags/example_bash_operator.py for tasks to queue
[2022-01-19 18:14:05,591] {logging_mixin.py:109} INFO - [2022-01-19 18:14:05,591] {dagbag.py:500} INFO - Filling up the DagBag from /home/airflow/.local/lib/python3.6/site-packages/airflow/example_dags/example_bash_operator.py
[2022-01-19 18:14:05,622] {processor.py:654} INFO - DAG(s) dict_keys(['example_bash_operator']) retrieved from /home/airflow/.local/lib/python3.6/site-packages/airflow/example_dags/example_bash_operator.py
[2022-01-19 18:14:05,636] {logging_mixin.py:109} INFO - [2022-01-19 18:14:05,636] {dag.py:2396} INFO - Sync 1 DAGs
[2022-01-19 18:14:05,658] {logging_mixin.py:109} INFO - [2022-01-19 18:14:05,657] {dag.py:2935} INFO - Setting next_dagrun for example_bash_operator to 2022-01-18 00:00:00+00:00
[2022-01-19 18:14:05,667] {processor.py:171} INFO - Processing /home/airflow/.local/lib/python3.6/site-packages/airflow/example_dags/example_bash_operator.py took 0.084 seconds
[2022-01-19 18:14:36,153] {processor.py:163} INFO - Started process (PID=851) to work on /home/airflow/.local/lib/python3.6/site-packages/airflow/example_dags/example_bash_operator.py
[2022-01-19 18:14:36,155] {processor.py:642} INFO - Processing file /home/airflow/.local/lib/python3.6/site-packages/airflow/example_dags/example_bash_operator.py for tasks to queue
[2022-01-19 18:14:36,155] {logging_mixin.py:109} INFO - [2022-01-19 18:14:36,155] {dagbag.py:500} INFO - Filling up the DagBag from /home/airflow/.local/lib/python3.6/site-packages/airflow/example_dags/example_bash_operator.py
[2022-01-19 18:14:36,182] {processor.py:654} INFO - DAG(s) dict_keys(['example_bash_operator']) retrieved from /home/airflow/.local/lib/python3.6/site-packages/airflow/example_dags/example_bash_operator.py
[2022-01-19 18:14:36,194] {logging_mixin.py:109} INFO - [2022-01-19 18:14:36,194] {dag.py:2396} INFO - Sync 1 DAGs
[2022-01-19 18:14:36,212] {logging_mixin.py:109} INFO - [2022-01-19 18:14:36,211] {dag.py:2935} INFO - Setting next_dagrun for example_bash_operator to 2022-01-18 00:00:00+00:00
[2022-01-19 18:14:36,219] {processor.py:171} INFO - Processing /home/airflow/.local/lib/python3.6/site-packages/airflow/example_dags/example_bash_operator.py took 0.068 seconds
[2022-01-19 18:15:06,674] {processor.py:163} INFO - Started process (PID=903) to work on /home/airflow/.local/lib/python3.6/site-packages/airflow/example_dags/example_bash_operator.py
[2022-01-19 18:15:06,675] {processor.py:642} INFO - Processing file /home/airflow/.local/lib/python3.6/site-packages/airflow/example_dags/example_bash_operator.py for tasks to queue
[2022-01-19 18:15:06,676] {logging_mixin.py:109} INFO - [2022-01-19 18:15:06,676] {dagbag.py:500} INFO - Filling up the DagBag from /home/airflow/.local/lib/python3.6/site-packages/airflow/example_dags/example_bash_operator.py
[2022-01-19 18:15:06,703] {processor.py:654} INFO - DAG(s) dict_keys(['example_bash_operator']) retrieved from /home/airflow/.local/lib/python3.6/site-packages/airflow/example_dags/example_bash_operator.py
[2022-01-19 18:15:06,713] {logging_mixin.py:109} INFO - [2022-01-19 18:15:06,712] {dag.py:2396} INFO - Sync 1 DAGs
[2022-01-19 18:15:06,728] {logging_mixin.py:109} INFO - [2022-01-19 18:15:06,728] {dag.py:2935} INFO - Setting next_dagrun for example_bash_operator to 2022-01-18 00:00:00+00:00
[2022-01-19 18:15:06,736] {processor.py:171} INFO - Processing /home/airflow/.local/lib/python3.6/site-packages/airflow/example_dags/example_bash_operator.py took 0.064 seconds
[2022-01-19 18:15:37,175] {processor.py:163} INFO - Started process (PID=955) to work on /home/airflow/.local/lib/python3.6/site-packages/airflow/example_dags/example_bash_operator.py
[2022-01-19 18:15:37,176] {processor.py:642} INFO - Processing file /home/airflow/.local/lib/python3.6/site-packages/airflow/example_dags/example_bash_operator.py for tasks to queue
[2022-01-19 18:15:37,176] {logging_mixin.py:109} INFO - [2022-01-19 18:15:37,176] {dagbag.py:500} INFO - Filling up the DagBag from /home/airflow/.local/lib/python3.6/site-packages/airflow/example_dags/example_bash_operator.py
[2022-01-19 18:15:37,209] {processor.py:654} INFO - DAG(s) dict_keys(['example_bash_operator']) retrieved from /home/airflow/.local/lib/python3.6/site-packages/airflow/example_dags/example_bash_operator.py
[2022-01-19 18:15:37,220] {logging_mixin.py:109} INFO - [2022-01-19 18:15:37,220] {dag.py:2396} INFO - Sync 1 DAGs
[2022-01-19 18:15:37,242] {logging_mixin.py:109} INFO - [2022-01-19 18:15:37,242] {dag.py:2935} INFO - Setting next_dagrun for example_bash_operator to 2022-01-18 00:00:00+00:00
[2022-01-19 18:15:37,251] {processor.py:171} INFO - Processing /home/airflow/.local/lib/python3.6/site-packages/airflow/example_dags/example_bash_operator.py took 0.079 seconds
[2022-01-19 18:16:07,540] {processor.py:163} INFO - Started process (PID=1018) to work on /home/airflow/.local/lib/python3.6/site-packages/airflow/example_dags/example_bash_operator.py
[2022-01-19 18:16:07,541] {processor.py:642} INFO - Processing file /home/airflow/.local/lib/python3.6/site-packages/airflow/example_dags/example_bash_operator.py for tasks to queue
[2022-01-19 18:16:07,542] {logging_mixin.py:109} INFO - [2022-01-19 18:16:07,542] {dagbag.py:500} INFO - Filling up the DagBag from /home/airflow/.local/lib/python3.6/site-packages/airflow/example_dags/example_bash_operator.py
[2022-01-19 18:16:07,569] {processor.py:654} INFO - DAG(s) dict_keys(['example_bash_operator']) retrieved from /home/airflow/.local/lib/python3.6/site-packages/airflow/example_dags/example_bash_operator.py
[2022-01-19 18:16:07,579] {logging_mixin.py:109} INFO - [2022-01-19 18:16:07,578] {dag.py:2396} INFO - Sync 1 DAGs
[2022-01-19 18:16:07,594] {logging_mixin.py:109} INFO - [2022-01-19 18:16:07,594] {dag.py:2935} INFO - Setting next_dagrun for example_bash_operator to 2022-01-18 00:00:00+00:00
[2022-01-19 18:16:07,603] {processor.py:171} INFO - Processing /home/airflow/.local/lib/python3.6/site-packages/airflow/example_dags/example_bash_operator.py took 0.066 seconds
[2022-01-19 18:16:38,248] {processor.py:163} INFO - Started process (PID=1070) to work on /home/airflow/.local/lib/python3.6/site-packages/airflow/example_dags/example_bash_operator.py
[2022-01-19 18:16:38,251] {processor.py:642} INFO - Processing file /home/airflow/.local/lib/python3.6/site-packages/airflow/example_dags/example_bash_operator.py for tasks to queue
[2022-01-19 18:16:38,253] {logging_mixin.py:109} INFO - [2022-01-19 18:16:38,252] {dagbag.py:500} INFO - Filling up the DagBag from /home/airflow/.local/lib/python3.6/site-packages/airflow/example_dags/example_bash_operator.py
[2022-01-19 18:16:38,316] {processor.py:654} INFO - DAG(s) dict_keys(['example_bash_operator']) retrieved from /home/airflow/.local/lib/python3.6/site-packages/airflow/example_dags/example_bash_operator.py
[2022-01-19 18:16:38,340] {logging_mixin.py:109} INFO - [2022-01-19 18:16:38,340] {dag.py:2396} INFO - Sync 1 DAGs
[2022-01-19 18:16:38,373] {logging_mixin.py:109} INFO - [2022-01-19 18:16:38,372] {dag.py:2935} INFO - Setting next_dagrun for example_bash_operator to 2022-01-18 00:00:00+00:00
[2022-01-19 18:16:38,388] {processor.py:171} INFO - Processing /home/airflow/.local/lib/python3.6/site-packages/airflow/example_dags/example_bash_operator.py took 0.144 seconds
[2022-01-19 18:17:08,758] {processor.py:163} INFO - Started process (PID=1133) to work on /home/airflow/.local/lib/python3.6/site-packages/airflow/example_dags/example_bash_operator.py
[2022-01-19 18:17:08,761] {processor.py:642} INFO - Processing file /home/airflow/.local/lib/python3.6/site-packages/airflow/example_dags/example_bash_operator.py for tasks to queue
[2022-01-19 18:17:08,762] {logging_mixin.py:109} INFO - [2022-01-19 18:17:08,762] {dagbag.py:500} INFO - Filling up the DagBag from /home/airflow/.local/lib/python3.6/site-packages/airflow/example_dags/example_bash_operator.py
[2022-01-19 18:17:08,796] {processor.py:654} INFO - DAG(s) dict_keys(['example_bash_operator']) retrieved from /home/airflow/.local/lib/python3.6/site-packages/airflow/example_dags/example_bash_operator.py
[2022-01-19 18:17:08,807] {logging_mixin.py:109} INFO - [2022-01-19 18:17:08,807] {dag.py:2396} INFO - Sync 1 DAGs
[2022-01-19 18:17:08,823] {logging_mixin.py:109} INFO - [2022-01-19 18:17:08,823] {dag.py:2935} INFO - Setting next_dagrun for example_bash_operator to 2022-01-18 00:00:00+00:00
[2022-01-19 18:17:08,830] {processor.py:171} INFO - Processing /home/airflow/.local/lib/python3.6/site-packages/airflow/example_dags/example_bash_operator.py took 0.075 seconds
[2022-01-19 18:17:38,958] {processor.py:163} INFO - Started process (PID=1185) to work on /home/airflow/.local/lib/python3.6/site-packages/airflow/example_dags/example_bash_operator.py
[2022-01-19 18:17:38,960] {processor.py:642} INFO - Processing file /home/airflow/.local/lib/python3.6/site-packages/airflow/example_dags/example_bash_operator.py for tasks to queue
[2022-01-19 18:17:38,961] {logging_mixin.py:109} INFO - [2022-01-19 18:17:38,961] {dagbag.py:500} INFO - Filling up the DagBag from /home/airflow/.local/lib/python3.6/site-packages/airflow/example_dags/example_bash_operator.py
[2022-01-19 18:17:38,993] {processor.py:654} INFO - DAG(s) dict_keys(['example_bash_operator']) retrieved from /home/airflow/.local/lib/python3.6/site-packages/airflow/example_dags/example_bash_operator.py
[2022-01-19 18:17:39,003] {logging_mixin.py:109} INFO - [2022-01-19 18:17:39,003] {dag.py:2396} INFO - Sync 1 DAGs
[2022-01-19 18:17:39,019] {logging_mixin.py:109} INFO - [2022-01-19 18:17:39,019] {dag.py:2935} INFO - Setting next_dagrun for example_bash_operator to 2022-01-18 00:00:00+00:00
[2022-01-19 18:17:39,026] {processor.py:171} INFO - Processing /home/airflow/.local/lib/python3.6/site-packages/airflow/example_dags/example_bash_operator.py took 0.072 seconds
[2022-01-19 18:18:09,482] {processor.py:163} INFO - Started process (PID=1248) to work on /home/airflow/.local/lib/python3.6/site-packages/airflow/example_dags/example_bash_operator.py
[2022-01-19 18:18:09,484] {processor.py:642} INFO - Processing file /home/airflow/.local/lib/python3.6/site-packages/airflow/example_dags/example_bash_operator.py for tasks to queue
[2022-01-19 18:18:09,485] {logging_mixin.py:109} INFO - [2022-01-19 18:18:09,485] {dagbag.py:500} INFO - Filling up the DagBag from /home/airflow/.local/lib/python3.6/site-packages/airflow/example_dags/example_bash_operator.py
[2022-01-19 18:18:09,544] {processor.py:654} INFO - DAG(s) dict_keys(['example_bash_operator']) retrieved from /home/airflow/.local/lib/python3.6/site-packages/airflow/example_dags/example_bash_operator.py
[2022-01-19 18:18:09,568] {logging_mixin.py:109} INFO - [2022-01-19 18:18:09,568] {dag.py:2396} INFO - Sync 1 DAGs
[2022-01-19 18:18:09,606] {logging_mixin.py:109} INFO - [2022-01-19 18:18:09,605] {dag.py:2935} INFO - Setting next_dagrun for example_bash_operator to 2022-01-18 00:00:00+00:00
[2022-01-19 18:18:09,623] {processor.py:171} INFO - Processing /home/airflow/.local/lib/python3.6/site-packages/airflow/example_dags/example_bash_operator.py took 0.144 seconds
[2022-01-19 18:18:40,083] {processor.py:163} INFO - Started process (PID=1300) to work on /home/airflow/.local/lib/python3.6/site-packages/airflow/example_dags/example_bash_operator.py
[2022-01-19 18:18:40,084] {processor.py:642} INFO - Processing file /home/airflow/.local/lib/python3.6/site-packages/airflow/example_dags/example_bash_operator.py for tasks to queue
[2022-01-19 18:18:40,084] {logging_mixin.py:109} INFO - [2022-01-19 18:18:40,084] {dagbag.py:500} INFO - Filling up the DagBag from /home/airflow/.local/lib/python3.6/site-packages/airflow/example_dags/example_bash_operator.py
[2022-01-19 18:18:40,116] {processor.py:654} INFO - DAG(s) dict_keys(['example_bash_operator']) retrieved from /home/airflow/.local/lib/python3.6/site-packages/airflow/example_dags/example_bash_operator.py
[2022-01-19 18:18:40,129] {logging_mixin.py:109} INFO - [2022-01-19 18:18:40,129] {dag.py:2396} INFO - Sync 1 DAGs
[2022-01-19 18:18:40,145] {logging_mixin.py:109} INFO - [2022-01-19 18:18:40,145] {dag.py:2935} INFO - Setting next_dagrun for example_bash_operator to 2022-01-18 00:00:00+00:00
[2022-01-19 18:18:40,154] {processor.py:171} INFO - Processing /home/airflow/.local/lib/python3.6/site-packages/airflow/example_dags/example_bash_operator.py took 0.074 seconds
[2022-01-19 18:19:10,648] {processor.py:163} INFO - Started process (PID=1352) to work on /home/airflow/.local/lib/python3.6/site-packages/airflow/example_dags/example_bash_operator.py
[2022-01-19 18:19:10,649] {processor.py:642} INFO - Processing file /home/airflow/.local/lib/python3.6/site-packages/airflow/example_dags/example_bash_operator.py for tasks to queue
[2022-01-19 18:19:10,650] {logging_mixin.py:109} INFO - [2022-01-19 18:19:10,650] {dagbag.py:500} INFO - Filling up the DagBag from /home/airflow/.local/lib/python3.6/site-packages/airflow/example_dags/example_bash_operator.py
[2022-01-19 18:19:10,687] {processor.py:654} INFO - DAG(s) dict_keys(['example_bash_operator']) retrieved from /home/airflow/.local/lib/python3.6/site-packages/airflow/example_dags/example_bash_operator.py
[2022-01-19 18:19:10,699] {logging_mixin.py:109} INFO - [2022-01-19 18:19:10,699] {dag.py:2396} INFO - Sync 1 DAGs
[2022-01-19 18:19:10,717] {logging_mixin.py:109} INFO - [2022-01-19 18:19:10,717] {dag.py:2935} INFO - Setting next_dagrun for example_bash_operator to 2022-01-18 00:00:00+00:00
[2022-01-19 18:19:10,726] {processor.py:171} INFO - Processing /home/airflow/.local/lib/python3.6/site-packages/airflow/example_dags/example_bash_operator.py took 0.082 seconds
[2022-01-19 18:19:40,774] {processor.py:163} INFO - Started process (PID=1415) to work on /home/airflow/.local/lib/python3.6/site-packages/airflow/example_dags/example_bash_operator.py
[2022-01-19 18:19:40,776] {processor.py:642} INFO - Processing file /home/airflow/.local/lib/python3.6/site-packages/airflow/example_dags/example_bash_operator.py for tasks to queue
[2022-01-19 18:19:40,776] {logging_mixin.py:109} INFO - [2022-01-19 18:19:40,776] {dagbag.py:500} INFO - Filling up the DagBag from /home/airflow/.local/lib/python3.6/site-packages/airflow/example_dags/example_bash_operator.py
[2022-01-19 18:19:40,816] {processor.py:654} INFO - DAG(s) dict_keys(['example_bash_operator']) retrieved from /home/airflow/.local/lib/python3.6/site-packages/airflow/example_dags/example_bash_operator.py
[2022-01-19 18:19:40,830] {logging_mixin.py:109} INFO - [2022-01-19 18:19:40,830] {dag.py:2396} INFO - Sync 1 DAGs
[2022-01-19 18:19:40,849] {logging_mixin.py:109} INFO - [2022-01-19 18:19:40,849] {dag.py:2935} INFO - Setting next_dagrun for example_bash_operator to 2022-01-18 00:00:00+00:00
[2022-01-19 18:19:40,859] {processor.py:171} INFO - Processing /home/airflow/.local/lib/python3.6/site-packages/airflow/example_dags/example_bash_operator.py took 0.089 seconds
[2022-01-19 18:20:11,481] {processor.py:163} INFO - Started process (PID=1467) to work on /home/airflow/.local/lib/python3.6/site-packages/airflow/example_dags/example_bash_operator.py
[2022-01-19 18:20:11,482] {processor.py:642} INFO - Processing file /home/airflow/.local/lib/python3.6/site-packages/airflow/example_dags/example_bash_operator.py for tasks to queue
[2022-01-19 18:20:11,483] {logging_mixin.py:109} INFO - [2022-01-19 18:20:11,483] {dagbag.py:500} INFO - Filling up the DagBag from /home/airflow/.local/lib/python3.6/site-packages/airflow/example_dags/example_bash_operator.py
[2022-01-19 18:20:11,533] {processor.py:654} INFO - DAG(s) dict_keys(['example_bash_operator']) retrieved from /home/airflow/.local/lib/python3.6/site-packages/airflow/example_dags/example_bash_operator.py
[2022-01-19 18:20:11,543] {logging_mixin.py:109} INFO - [2022-01-19 18:20:11,543] {dag.py:2396} INFO - Sync 1 DAGs
[2022-01-19 18:20:11,561] {logging_mixin.py:109} INFO - [2022-01-19 18:20:11,561] {dag.py:2935} INFO - Setting next_dagrun for example_bash_operator to 2022-01-18 00:00:00+00:00
[2022-01-19 18:20:11,569] {processor.py:171} INFO - Processing /home/airflow/.local/lib/python3.6/site-packages/airflow/example_dags/example_bash_operator.py took 0.090 seconds
[2022-01-19 18:20:41,639] {processor.py:163} INFO - Started process (PID=1519) to work on /home/airflow/.local/lib/python3.6/site-packages/airflow/example_dags/example_bash_operator.py
[2022-01-19 18:20:41,641] {processor.py:642} INFO - Processing file /home/airflow/.local/lib/python3.6/site-packages/airflow/example_dags/example_bash_operator.py for tasks to queue
[2022-01-19 18:20:41,642] {logging_mixin.py:109} INFO - [2022-01-19 18:20:41,641] {dagbag.py:500} INFO - Filling up the DagBag from /home/airflow/.local/lib/python3.6/site-packages/airflow/example_dags/example_bash_operator.py
[2022-01-19 18:20:41,679] {processor.py:654} INFO - DAG(s) dict_keys(['example_bash_operator']) retrieved from /home/airflow/.local/lib/python3.6/site-packages/airflow/example_dags/example_bash_operator.py
[2022-01-19 18:20:41,692] {logging_mixin.py:109} INFO - [2022-01-19 18:20:41,692] {dag.py:2396} INFO - Sync 1 DAGs
[2022-01-19 18:20:41,713] {logging_mixin.py:109} INFO - [2022-01-19 18:20:41,713] {dag.py:2935} INFO - Setting next_dagrun for example_bash_operator to 2022-01-18 00:00:00+00:00
[2022-01-19 18:20:41,724] {processor.py:171} INFO - Processing /home/airflow/.local/lib/python3.6/site-packages/airflow/example_dags/example_bash_operator.py took 0.088 seconds
[2022-01-19 18:21:12,535] {processor.py:163} INFO - Started process (PID=1581) to work on /home/airflow/.local/lib/python3.6/site-packages/airflow/example_dags/example_bash_operator.py
[2022-01-19 18:21:12,536] {processor.py:642} INFO - Processing file /home/airflow/.local/lib/python3.6/site-packages/airflow/example_dags/example_bash_operator.py for tasks to queue
[2022-01-19 18:21:12,537] {logging_mixin.py:109} INFO - [2022-01-19 18:21:12,537] {dagbag.py:500} INFO - Filling up the DagBag from /home/airflow/.local/lib/python3.6/site-packages/airflow/example_dags/example_bash_operator.py
[2022-01-19 18:21:12,567] {processor.py:654} INFO - DAG(s) dict_keys(['example_bash_operator']) retrieved from /home/airflow/.local/lib/python3.6/site-packages/airflow/example_dags/example_bash_operator.py
[2022-01-19 18:21:12,583] {logging_mixin.py:109} INFO - [2022-01-19 18:21:12,583] {dag.py:2396} INFO - Sync 1 DAGs
[2022-01-19 18:21:12,604] {logging_mixin.py:109} INFO - [2022-01-19 18:21:12,604] {dag.py:2935} INFO - Setting next_dagrun for example_bash_operator to 2022-01-18 00:00:00+00:00
[2022-01-19 18:21:12,613] {processor.py:171} INFO - Processing /home/airflow/.local/lib/python3.6/site-packages/airflow/example_dags/example_bash_operator.py took 0.080 seconds
[2022-01-19 18:21:42,813] {processor.py:163} INFO - Started process (PID=1633) to work on /home/airflow/.local/lib/python3.6/site-packages/airflow/example_dags/example_bash_operator.py
[2022-01-19 18:21:42,814] {processor.py:642} INFO - Processing file /home/airflow/.local/lib/python3.6/site-packages/airflow/example_dags/example_bash_operator.py for tasks to queue
[2022-01-19 18:21:42,814] {logging_mixin.py:109} INFO - [2022-01-19 18:21:42,814] {dagbag.py:500} INFO - Filling up the DagBag from /home/airflow/.local/lib/python3.6/site-packages/airflow/example_dags/example_bash_operator.py
[2022-01-19 18:21:42,846] {processor.py:654} INFO - DAG(s) dict_keys(['example_bash_operator']) retrieved from /home/airflow/.local/lib/python3.6/site-packages/airflow/example_dags/example_bash_operator.py
[2022-01-19 18:21:42,857] {logging_mixin.py:109} INFO - [2022-01-19 18:21:42,857] {dag.py:2396} INFO - Sync 1 DAGs
[2022-01-19 18:21:42,874] {logging_mixin.py:109} INFO - [2022-01-19 18:21:42,874] {dag.py:2935} INFO - Setting next_dagrun for example_bash_operator to 2022-01-18 00:00:00+00:00
[2022-01-19 18:21:42,883] {processor.py:171} INFO - Processing /home/airflow/.local/lib/python3.6/site-packages/airflow/example_dags/example_bash_operator.py took 0.074 seconds
[2022-01-19 18:22:13,721] {processor.py:163} INFO - Started process (PID=1697) to work on /home/airflow/.local/lib/python3.6/site-packages/airflow/example_dags/example_bash_operator.py
[2022-01-19 18:22:13,722] {processor.py:642} INFO - Processing file /home/airflow/.local/lib/python3.6/site-packages/airflow/example_dags/example_bash_operator.py for tasks to queue
[2022-01-19 18:22:13,723] {logging_mixin.py:109} INFO - [2022-01-19 18:22:13,723] {dagbag.py:500} INFO - Filling up the DagBag from /home/airflow/.local/lib/python3.6/site-packages/airflow/example_dags/example_bash_operator.py
[2022-01-19 18:22:13,762] {processor.py:654} INFO - DAG(s) dict_keys(['example_bash_operator']) retrieved from /home/airflow/.local/lib/python3.6/site-packages/airflow/example_dags/example_bash_operator.py
[2022-01-19 18:22:13,779] {logging_mixin.py:109} INFO - [2022-01-19 18:22:13,779] {dag.py:2396} INFO - Sync 1 DAGs
[2022-01-19 18:22:13,840] {logging_mixin.py:109} INFO - [2022-01-19 18:22:13,840] {dag.py:2935} INFO - Setting next_dagrun for example_bash_operator to 2022-01-18 00:00:00+00:00
[2022-01-19 18:22:13,852] {processor.py:171} INFO - Processing /home/airflow/.local/lib/python3.6/site-packages/airflow/example_dags/example_bash_operator.py took 0.133 seconds
[2022-01-19 18:22:43,948] {processor.py:163} INFO - Started process (PID=1749) to work on /home/airflow/.local/lib/python3.6/site-packages/airflow/example_dags/example_bash_operator.py
[2022-01-19 18:22:43,949] {processor.py:642} INFO - Processing file /home/airflow/.local/lib/python3.6/site-packages/airflow/example_dags/example_bash_operator.py for tasks to queue
[2022-01-19 18:22:43,949] {logging_mixin.py:109} INFO - [2022-01-19 18:22:43,949] {dagbag.py:500} INFO - Filling up the DagBag from /home/airflow/.local/lib/python3.6/site-packages/airflow/example_dags/example_bash_operator.py
[2022-01-19 18:22:43,977] {processor.py:654} INFO - DAG(s) dict_keys(['example_bash_operator']) retrieved from /home/airflow/.local/lib/python3.6/site-packages/airflow/example_dags/example_bash_operator.py
[2022-01-19 18:22:43,985] {logging_mixin.py:109} INFO - [2022-01-19 18:22:43,985] {dag.py:2396} INFO - Sync 1 DAGs
[2022-01-19 18:22:43,998] {logging_mixin.py:109} INFO - [2022-01-19 18:22:43,998] {dag.py:2935} INFO - Setting next_dagrun for example_bash_operator to 2022-01-18 00:00:00+00:00
[2022-01-19 18:22:44,004] {processor.py:171} INFO - Processing /home/airflow/.local/lib/python3.6/site-packages/airflow/example_dags/example_bash_operator.py took 0.059 seconds
[2022-01-19 18:23:14,729] {processor.py:163} INFO - Started process (PID=1801) to work on /home/airflow/.local/lib/python3.6/site-packages/airflow/example_dags/example_bash_operator.py
[2022-01-19 18:23:14,730] {processor.py:642} INFO - Processing file /home/airflow/.local/lib/python3.6/site-packages/airflow/example_dags/example_bash_operator.py for tasks to queue
[2022-01-19 18:23:14,730] {logging_mixin.py:109} INFO - [2022-01-19 18:23:14,730] {dagbag.py:500} INFO - Filling up the DagBag from /home/airflow/.local/lib/python3.6/site-packages/airflow/example_dags/example_bash_operator.py
[2022-01-19 18:23:14,758] {processor.py:654} INFO - DAG(s) dict_keys(['example_bash_operator']) retrieved from /home/airflow/.local/lib/python3.6/site-packages/airflow/example_dags/example_bash_operator.py
[2022-01-19 18:23:14,768] {logging_mixin.py:109} INFO - [2022-01-19 18:23:14,768] {dag.py:2396} INFO - Sync 1 DAGs
[2022-01-19 18:23:14,789] {logging_mixin.py:109} INFO - [2022-01-19 18:23:14,789] {dag.py:2935} INFO - Setting next_dagrun for example_bash_operator to 2022-01-18 00:00:00+00:00
[2022-01-19 18:23:14,798] {processor.py:171} INFO - Processing /home/airflow/.local/lib/python3.6/site-packages/airflow/example_dags/example_bash_operator.py took 0.071 seconds
[2022-01-19 18:23:44,978] {processor.py:163} INFO - Started process (PID=1864) to work on /home/airflow/.local/lib/python3.6/site-packages/airflow/example_dags/example_bash_operator.py
[2022-01-19 18:23:44,979] {processor.py:642} INFO - Processing file /home/airflow/.local/lib/python3.6/site-packages/airflow/example_dags/example_bash_operator.py for tasks to queue
[2022-01-19 18:23:44,980] {logging_mixin.py:109} INFO - [2022-01-19 18:23:44,979] {dagbag.py:500} INFO - Filling up the DagBag from /home/airflow/.local/lib/python3.6/site-packages/airflow/example_dags/example_bash_operator.py
[2022-01-19 18:23:45,006] {processor.py:654} INFO - DAG(s) dict_keys(['example_bash_operator']) retrieved from /home/airflow/.local/lib/python3.6/site-packages/airflow/example_dags/example_bash_operator.py
[2022-01-19 18:23:45,017] {logging_mixin.py:109} INFO - [2022-01-19 18:23:45,017] {dag.py:2396} INFO - Sync 1 DAGs
[2022-01-19 18:23:45,032] {logging_mixin.py:109} INFO - [2022-01-19 18:23:45,032] {dag.py:2935} INFO - Setting next_dagrun for example_bash_operator to 2022-01-18 00:00:00+00:00
[2022-01-19 18:23:45,039] {processor.py:171} INFO - Processing /home/airflow/.local/lib/python3.6/site-packages/airflow/example_dags/example_bash_operator.py took 0.063 seconds
[2022-01-19 18:24:15,469] {processor.py:163} INFO - Started process (PID=1917) to work on /home/airflow/.local/lib/python3.6/site-packages/airflow/example_dags/example_bash_operator.py
[2022-01-19 18:24:15,470] {processor.py:642} INFO - Processing file /home/airflow/.local/lib/python3.6/site-packages/airflow/example_dags/example_bash_operator.py for tasks to queue
[2022-01-19 18:24:15,470] {logging_mixin.py:109} INFO - [2022-01-19 18:24:15,470] {dagbag.py:500} INFO - Filling up the DagBag from /home/airflow/.local/lib/python3.6/site-packages/airflow/example_dags/example_bash_operator.py
[2022-01-19 18:24:15,497] {processor.py:654} INFO - DAG(s) dict_keys(['example_bash_operator']) retrieved from /home/airflow/.local/lib/python3.6/site-packages/airflow/example_dags/example_bash_operator.py
[2022-01-19 18:24:15,507] {logging_mixin.py:109} INFO - [2022-01-19 18:24:15,506] {dag.py:2396} INFO - Sync 1 DAGs
[2022-01-19 18:24:15,526] {logging_mixin.py:109} INFO - [2022-01-19 18:24:15,526] {dag.py:2935} INFO - Setting next_dagrun for example_bash_operator to 2022-01-18 00:00:00+00:00
[2022-01-19 18:24:15,534] {processor.py:171} INFO - Processing /home/airflow/.local/lib/python3.6/site-packages/airflow/example_dags/example_bash_operator.py took 0.067 seconds
[2022-01-19 18:24:45,851] {processor.py:163} INFO - Started process (PID=1970) to work on /home/airflow/.local/lib/python3.6/site-packages/airflow/example_dags/example_bash_operator.py
[2022-01-19 18:24:45,852] {processor.py:642} INFO - Processing file /home/airflow/.local/lib/python3.6/site-packages/airflow/example_dags/example_bash_operator.py for tasks to queue
[2022-01-19 18:24:45,852] {logging_mixin.py:109} INFO - [2022-01-19 18:24:45,852] {dagbag.py:500} INFO - Filling up the DagBag from /home/airflow/.local/lib/python3.6/site-packages/airflow/example_dags/example_bash_operator.py
[2022-01-19 18:24:45,877] {processor.py:654} INFO - DAG(s) dict_keys(['example_bash_operator']) retrieved from /home/airflow/.local/lib/python3.6/site-packages/airflow/example_dags/example_bash_operator.py
[2022-01-19 18:24:45,888] {logging_mixin.py:109} INFO - [2022-01-19 18:24:45,888] {dag.py:2396} INFO - Sync 1 DAGs
[2022-01-19 18:24:45,902] {logging_mixin.py:109} INFO - [2022-01-19 18:24:45,902] {dag.py:2935} INFO - Setting next_dagrun for example_bash_operator to 2022-01-18 00:00:00+00:00
[2022-01-19 18:24:45,908] {processor.py:171} INFO - Processing /home/airflow/.local/lib/python3.6/site-packages/airflow/example_dags/example_bash_operator.py took 0.059 seconds
[2022-01-19 18:25:16,697] {processor.py:163} INFO - Started process (PID=2032) to work on /home/airflow/.local/lib/python3.6/site-packages/airflow/example_dags/example_bash_operator.py
[2022-01-19 18:25:16,698] {processor.py:642} INFO - Processing file /home/airflow/.local/lib/python3.6/site-packages/airflow/example_dags/example_bash_operator.py for tasks to queue
[2022-01-19 18:25:16,698] {logging_mixin.py:109} INFO - [2022-01-19 18:25:16,698] {dagbag.py:500} INFO - Filling up the DagBag from /home/airflow/.local/lib/python3.6/site-packages/airflow/example_dags/example_bash_operator.py
[2022-01-19 18:25:16,724] {processor.py:654} INFO - DAG(s) dict_keys(['example_bash_operator']) retrieved from /home/airflow/.local/lib/python3.6/site-packages/airflow/example_dags/example_bash_operator.py
[2022-01-19 18:25:16,733] {logging_mixin.py:109} INFO - [2022-01-19 18:25:16,733] {dag.py:2396} INFO - Sync 1 DAGs
[2022-01-19 18:25:16,748] {logging_mixin.py:109} INFO - [2022-01-19 18:25:16,748] {dag.py:2935} INFO - Setting next_dagrun for example_bash_operator to 2022-01-18 00:00:00+00:00
[2022-01-19 18:25:16,756] {processor.py:171} INFO - Processing /home/airflow/.local/lib/python3.6/site-packages/airflow/example_dags/example_bash_operator.py took 0.061 seconds
[2022-01-19 18:25:47,322] {processor.py:163} INFO - Started process (PID=2086) to work on /home/airflow/.local/lib/python3.6/site-packages/airflow/example_dags/example_bash_operator.py
[2022-01-19 18:25:47,323] {processor.py:642} INFO - Processing file /home/airflow/.local/lib/python3.6/site-packages/airflow/example_dags/example_bash_operator.py for tasks to queue
[2022-01-19 18:25:47,323] {logging_mixin.py:109} INFO - [2022-01-19 18:25:47,323] {dagbag.py:500} INFO - Filling up the DagBag from /home/airflow/.local/lib/python3.6/site-packages/airflow/example_dags/example_bash_operator.py
[2022-01-19 18:25:47,349] {processor.py:654} INFO - DAG(s) dict_keys(['example_bash_operator']) retrieved from /home/airflow/.local/lib/python3.6/site-packages/airflow/example_dags/example_bash_operator.py
[2022-01-19 18:25:47,356] {logging_mixin.py:109} INFO - [2022-01-19 18:25:47,356] {dag.py:2396} INFO - Sync 1 DAGs
[2022-01-19 18:25:47,369] {logging_mixin.py:109} INFO - [2022-01-19 18:25:47,369] {dag.py:2935} INFO - Setting next_dagrun for example_bash_operator to 2022-01-18 00:00:00+00:00
[2022-01-19 18:25:47,376] {processor.py:171} INFO - Processing /home/airflow/.local/lib/python3.6/site-packages/airflow/example_dags/example_bash_operator.py took 0.056 seconds
[2022-01-19 18:26:18,008] {processor.py:163} INFO - Started process (PID=2149) to work on /home/airflow/.local/lib/python3.6/site-packages/airflow/example_dags/example_bash_operator.py
[2022-01-19 18:26:18,008] {processor.py:642} INFO - Processing file /home/airflow/.local/lib/python3.6/site-packages/airflow/example_dags/example_bash_operator.py for tasks to queue
[2022-01-19 18:26:18,009] {logging_mixin.py:109} INFO - [2022-01-19 18:26:18,009] {dagbag.py:500} INFO - Filling up the DagBag from /home/airflow/.local/lib/python3.6/site-packages/airflow/example_dags/example_bash_operator.py
[2022-01-19 18:26:18,033] {processor.py:654} INFO - DAG(s) dict_keys(['example_bash_operator']) retrieved from /home/airflow/.local/lib/python3.6/site-packages/airflow/example_dags/example_bash_operator.py
[2022-01-19 18:26:18,042] {logging_mixin.py:109} INFO - [2022-01-19 18:26:18,042] {dag.py:2396} INFO - Sync 1 DAGs
[2022-01-19 18:26:18,056] {logging_mixin.py:109} INFO - [2022-01-19 18:26:18,056] {dag.py:2935} INFO - Setting next_dagrun for example_bash_operator to 2022-01-18 00:00:00+00:00
[2022-01-19 18:26:18,064] {processor.py:171} INFO - Processing /home/airflow/.local/lib/python3.6/site-packages/airflow/example_dags/example_bash_operator.py took 0.058 seconds
[2022-01-19 18:26:48,604] {processor.py:163} INFO - Started process (PID=2202) to work on /home/airflow/.local/lib/python3.6/site-packages/airflow/example_dags/example_bash_operator.py
[2022-01-19 18:26:48,605] {processor.py:642} INFO - Processing file /home/airflow/.local/lib/python3.6/site-packages/airflow/example_dags/example_bash_operator.py for tasks to queue
[2022-01-19 18:26:48,606] {logging_mixin.py:109} INFO - [2022-01-19 18:26:48,605] {dagbag.py:500} INFO - Filling up the DagBag from /home/airflow/.local/lib/python3.6/site-packages/airflow/example_dags/example_bash_operator.py
[2022-01-19 18:26:48,636] {processor.py:654} INFO - DAG(s) dict_keys(['example_bash_operator']) retrieved from /home/airflow/.local/lib/python3.6/site-packages/airflow/example_dags/example_bash_operator.py
[2022-01-19 18:26:48,647] {logging_mixin.py:109} INFO - [2022-01-19 18:26:48,647] {dag.py:2396} INFO - Sync 1 DAGs
[2022-01-19 18:26:48,666] {logging_mixin.py:109} INFO - [2022-01-19 18:26:48,666] {dag.py:2935} INFO - Setting next_dagrun for example_bash_operator to 2022-01-18 00:00:00+00:00
[2022-01-19 18:26:48,676] {processor.py:171} INFO - Processing /home/airflow/.local/lib/python3.6/site-packages/airflow/example_dags/example_bash_operator.py took 0.075 seconds
[2022-01-19 18:27:19,481] {processor.py:163} INFO - Started process (PID=2264) to work on /home/airflow/.local/lib/python3.6/site-packages/airflow/example_dags/example_bash_operator.py
[2022-01-19 18:27:19,482] {processor.py:642} INFO - Processing file /home/airflow/.local/lib/python3.6/site-packages/airflow/example_dags/example_bash_operator.py for tasks to queue
[2022-01-19 18:27:19,482] {logging_mixin.py:109} INFO - [2022-01-19 18:27:19,482] {dagbag.py:500} INFO - Filling up the DagBag from /home/airflow/.local/lib/python3.6/site-packages/airflow/example_dags/example_bash_operator.py
[2022-01-19 18:27:19,514] {processor.py:654} INFO - DAG(s) dict_keys(['example_bash_operator']) retrieved from /home/airflow/.local/lib/python3.6/site-packages/airflow/example_dags/example_bash_operator.py
[2022-01-19 18:27:19,545] {logging_mixin.py:109} INFO - [2022-01-19 18:27:19,545] {dag.py:2396} INFO - Sync 1 DAGs
[2022-01-19 18:27:19,567] {logging_mixin.py:109} INFO - [2022-01-19 18:27:19,567] {dag.py:2935} INFO - Setting next_dagrun for example_bash_operator to 2022-01-18 00:00:00+00:00
[2022-01-19 18:27:19,575] {processor.py:171} INFO - Processing /home/airflow/.local/lib/python3.6/site-packages/airflow/example_dags/example_bash_operator.py took 0.096 seconds
[2022-01-19 18:27:49,623] {processor.py:163} INFO - Started process (PID=2319) to work on /home/airflow/.local/lib/python3.6/site-packages/airflow/example_dags/example_bash_operator.py
[2022-01-19 18:27:49,625] {processor.py:642} INFO - Processing file /home/airflow/.local/lib/python3.6/site-packages/airflow/example_dags/example_bash_operator.py for tasks to queue
[2022-01-19 18:27:49,626] {logging_mixin.py:109} INFO - [2022-01-19 18:27:49,625] {dagbag.py:500} INFO - Filling up the DagBag from /home/airflow/.local/lib/python3.6/site-packages/airflow/example_dags/example_bash_operator.py
[2022-01-19 18:27:49,648] {processor.py:654} INFO - DAG(s) dict_keys(['example_bash_operator']) retrieved from /home/airflow/.local/lib/python3.6/site-packages/airflow/example_dags/example_bash_operator.py
[2022-01-19 18:27:49,656] {logging_mixin.py:109} INFO - [2022-01-19 18:27:49,656] {dag.py:2396} INFO - Sync 1 DAGs
[2022-01-19 18:27:49,670] {logging_mixin.py:109} INFO - [2022-01-19 18:27:49,669] {dag.py:2935} INFO - Setting next_dagrun for example_bash_operator to 2022-01-18 00:00:00+00:00
[2022-01-19 18:27:49,676] {processor.py:171} INFO - Processing /home/airflow/.local/lib/python3.6/site-packages/airflow/example_dags/example_bash_operator.py took 0.055 seconds
[2022-01-19 18:28:20,370] {processor.py:163} INFO - Started process (PID=2371) to work on /home/airflow/.local/lib/python3.6/site-packages/airflow/example_dags/example_bash_operator.py
[2022-01-19 18:28:20,371] {processor.py:642} INFO - Processing file /home/airflow/.local/lib/python3.6/site-packages/airflow/example_dags/example_bash_operator.py for tasks to queue
[2022-01-19 18:28:20,372] {logging_mixin.py:109} INFO - [2022-01-19 18:28:20,371] {dagbag.py:500} INFO - Filling up the DagBag from /home/airflow/.local/lib/python3.6/site-packages/airflow/example_dags/example_bash_operator.py
[2022-01-19 18:28:20,399] {processor.py:654} INFO - DAG(s) dict_keys(['example_bash_operator']) retrieved from /home/airflow/.local/lib/python3.6/site-packages/airflow/example_dags/example_bash_operator.py
[2022-01-19 18:28:20,427] {logging_mixin.py:109} INFO - [2022-01-19 18:28:20,427] {dag.py:2396} INFO - Sync 1 DAGs
[2022-01-19 18:28:20,447] {logging_mixin.py:109} INFO - [2022-01-19 18:28:20,447] {dag.py:2935} INFO - Setting next_dagrun for example_bash_operator to 2022-01-18 00:00:00+00:00
[2022-01-19 18:28:20,454] {processor.py:171} INFO - Processing /home/airflow/.local/lib/python3.6/site-packages/airflow/example_dags/example_bash_operator.py took 0.086 seconds
[2022-01-19 18:28:51,355] {processor.py:163} INFO - Started process (PID=2435) to work on /home/airflow/.local/lib/python3.6/site-packages/airflow/example_dags/example_bash_operator.py
[2022-01-19 18:28:51,357] {processor.py:642} INFO - Processing file /home/airflow/.local/lib/python3.6/site-packages/airflow/example_dags/example_bash_operator.py for tasks to queue
[2022-01-19 18:28:51,357] {logging_mixin.py:109} INFO - [2022-01-19 18:28:51,357] {dagbag.py:500} INFO - Filling up the DagBag from /home/airflow/.local/lib/python3.6/site-packages/airflow/example_dags/example_bash_operator.py
[2022-01-19 18:28:51,380] {processor.py:654} INFO - DAG(s) dict_keys(['example_bash_operator']) retrieved from /home/airflow/.local/lib/python3.6/site-packages/airflow/example_dags/example_bash_operator.py
[2022-01-19 18:28:51,388] {logging_mixin.py:109} INFO - [2022-01-19 18:28:51,388] {dag.py:2396} INFO - Sync 1 DAGs
[2022-01-19 18:28:51,405] {logging_mixin.py:109} INFO - [2022-01-19 18:28:51,405] {dag.py:2935} INFO - Setting next_dagrun for example_bash_operator to 2022-01-18 00:00:00+00:00
[2022-01-19 18:28:51,413] {processor.py:171} INFO - Processing /home/airflow/.local/lib/python3.6/site-packages/airflow/example_dags/example_bash_operator.py took 0.059 seconds
[2022-01-19 18:29:22,236] {processor.py:163} INFO - Started process (PID=2488) to work on /home/airflow/.local/lib/python3.6/site-packages/airflow/example_dags/example_bash_operator.py
[2022-01-19 18:29:22,237] {processor.py:642} INFO - Processing file /home/airflow/.local/lib/python3.6/site-packages/airflow/example_dags/example_bash_operator.py for tasks to queue
[2022-01-19 18:29:22,237] {logging_mixin.py:109} INFO - [2022-01-19 18:29:22,237] {dagbag.py:500} INFO - Filling up the DagBag from /home/airflow/.local/lib/python3.6/site-packages/airflow/example_dags/example_bash_operator.py
[2022-01-19 18:29:22,262] {processor.py:654} INFO - DAG(s) dict_keys(['example_bash_operator']) retrieved from /home/airflow/.local/lib/python3.6/site-packages/airflow/example_dags/example_bash_operator.py
[2022-01-19 18:29:22,271] {logging_mixin.py:109} INFO - [2022-01-19 18:29:22,271] {dag.py:2396} INFO - Sync 1 DAGs
[2022-01-19 18:29:22,284] {logging_mixin.py:109} INFO - [2022-01-19 18:29:22,284] {dag.py:2935} INFO - Setting next_dagrun for example_bash_operator to 2022-01-18 00:00:00+00:00
[2022-01-19 18:29:22,291] {processor.py:171} INFO - Processing /home/airflow/.local/lib/python3.6/site-packages/airflow/example_dags/example_bash_operator.py took 0.057 seconds
[2022-01-19 18:29:52,960] {processor.py:163} INFO - Started process (PID=2551) to work on /home/airflow/.local/lib/python3.6/site-packages/airflow/example_dags/example_bash_operator.py
[2022-01-19 18:29:52,961] {processor.py:642} INFO - Processing file /home/airflow/.local/lib/python3.6/site-packages/airflow/example_dags/example_bash_operator.py for tasks to queue
[2022-01-19 18:29:52,962] {logging_mixin.py:109} INFO - [2022-01-19 18:29:52,962] {dagbag.py:500} INFO - Filling up the DagBag from /home/airflow/.local/lib/python3.6/site-packages/airflow/example_dags/example_bash_operator.py
[2022-01-19 18:29:52,992] {processor.py:654} INFO - DAG(s) dict_keys(['example_bash_operator']) retrieved from /home/airflow/.local/lib/python3.6/site-packages/airflow/example_dags/example_bash_operator.py
[2022-01-19 18:29:53,002] {logging_mixin.py:109} INFO - [2022-01-19 18:29:53,002] {dag.py:2396} INFO - Sync 1 DAGs
[2022-01-19 18:29:53,028] {logging_mixin.py:109} INFO - [2022-01-19 18:29:53,027] {dag.py:2935} INFO - Setting next_dagrun for example_bash_operator to 2022-01-18 00:00:00+00:00
[2022-01-19 18:29:53,046] {processor.py:171} INFO - Processing /home/airflow/.local/lib/python3.6/site-packages/airflow/example_dags/example_bash_operator.py took 0.088 seconds
[2022-01-19 18:30:23,737] {processor.py:163} INFO - Started process (PID=2604) to work on /home/airflow/.local/lib/python3.6/site-packages/airflow/example_dags/example_bash_operator.py
[2022-01-19 18:30:23,740] {processor.py:642} INFO - Processing file /home/airflow/.local/lib/python3.6/site-packages/airflow/example_dags/example_bash_operator.py for tasks to queue
[2022-01-19 18:30:23,741] {logging_mixin.py:109} INFO - [2022-01-19 18:30:23,741] {dagbag.py:500} INFO - Filling up the DagBag from /home/airflow/.local/lib/python3.6/site-packages/airflow/example_dags/example_bash_operator.py
[2022-01-19 18:30:23,783] {processor.py:654} INFO - DAG(s) dict_keys(['example_bash_operator']) retrieved from /home/airflow/.local/lib/python3.6/site-packages/airflow/example_dags/example_bash_operator.py
[2022-01-19 18:30:23,793] {logging_mixin.py:109} INFO - [2022-01-19 18:30:23,792] {dag.py:2396} INFO - Sync 1 DAGs
[2022-01-19 18:30:23,808] {logging_mixin.py:109} INFO - [2022-01-19 18:30:23,808] {dag.py:2935} INFO - Setting next_dagrun for example_bash_operator to 2022-01-18 00:00:00+00:00
[2022-01-19 18:30:23,817] {processor.py:171} INFO - Processing /home/airflow/.local/lib/python3.6/site-packages/airflow/example_dags/example_bash_operator.py took 0.087 seconds
[2022-01-19 18:30:54,345] {processor.py:163} INFO - Started process (PID=2656) to work on /home/airflow/.local/lib/python3.6/site-packages/airflow/example_dags/example_bash_operator.py
[2022-01-19 18:30:54,347] {processor.py:642} INFO - Processing file /home/airflow/.local/lib/python3.6/site-packages/airflow/example_dags/example_bash_operator.py for tasks to queue
[2022-01-19 18:30:54,347] {logging_mixin.py:109} INFO - [2022-01-19 18:30:54,347] {dagbag.py:500} INFO - Filling up the DagBag from /home/airflow/.local/lib/python3.6/site-packages/airflow/example_dags/example_bash_operator.py
[2022-01-19 18:30:54,370] {processor.py:654} INFO - DAG(s) dict_keys(['example_bash_operator']) retrieved from /home/airflow/.local/lib/python3.6/site-packages/airflow/example_dags/example_bash_operator.py
[2022-01-19 18:30:54,378] {logging_mixin.py:109} INFO - [2022-01-19 18:30:54,378] {dag.py:2396} INFO - Sync 1 DAGs
[2022-01-19 18:30:54,390] {logging_mixin.py:109} INFO - [2022-01-19 18:30:54,390] {dag.py:2935} INFO - Setting next_dagrun for example_bash_operator to 2022-01-18 00:00:00+00:00
[2022-01-19 18:30:54,396] {processor.py:171} INFO - Processing /home/airflow/.local/lib/python3.6/site-packages/airflow/example_dags/example_bash_operator.py took 0.054 seconds
