[2022-01-19 18:09:57,236] {processor.py:163} INFO - Started process (PID=192) to work on /home/airflow/.local/lib/python3.6/site-packages/airflow/example_dags/example_branch_python_dop_operator_3.py
[2022-01-19 18:09:57,237] {processor.py:642} INFO - Processing file /home/airflow/.local/lib/python3.6/site-packages/airflow/example_dags/example_branch_python_dop_operator_3.py for tasks to queue
[2022-01-19 18:09:57,238] {logging_mixin.py:109} INFO - [2022-01-19 18:09:57,238] {dagbag.py:500} INFO - Filling up the DagBag from /home/airflow/.local/lib/python3.6/site-packages/airflow/example_dags/example_branch_python_dop_operator_3.py
[2022-01-19 18:09:57,276] {processor.py:654} INFO - DAG(s) dict_keys(['example_branch_dop_operator_v3']) retrieved from /home/airflow/.local/lib/python3.6/site-packages/airflow/example_dags/example_branch_python_dop_operator_3.py
[2022-01-19 18:09:59,710] {logging_mixin.py:109} INFO - [2022-01-19 18:09:59,710] {manager.py:496} INFO - Created Permission View: can read on DAG:example_branch_dop_operator_v3
[2022-01-19 18:09:59,719] {logging_mixin.py:109} INFO - [2022-01-19 18:09:59,719] {manager.py:496} INFO - Created Permission View: can edit on DAG:example_branch_dop_operator_v3
[2022-01-19 18:09:59,721] {logging_mixin.py:109} INFO - [2022-01-19 18:09:59,719] {dag.py:2396} INFO - Sync 1 DAGs
[2022-01-19 18:09:59,732] {logging_mixin.py:109} INFO - [2022-01-19 18:09:59,731] {dag.py:2415} INFO - Creating ORM DAG for example_branch_dop_operator_v3
[2022-01-19 18:09:59,746] {logging_mixin.py:109} INFO - [2022-01-19 18:09:59,746] {dag.py:2935} INFO - Setting next_dagrun for example_branch_dop_operator_v3 to 2022-01-19T18:08:00+00:00
[2022-01-19 18:09:59,758] {processor.py:171} INFO - Processing /home/airflow/.local/lib/python3.6/site-packages/airflow/example_dags/example_branch_python_dop_operator_3.py took 2.525 seconds
[2022-01-19 18:10:30,115] {processor.py:163} INFO - Started process (PID=372) to work on /home/airflow/.local/lib/python3.6/site-packages/airflow/example_dags/example_branch_python_dop_operator_3.py
[2022-01-19 18:10:30,115] {processor.py:642} INFO - Processing file /home/airflow/.local/lib/python3.6/site-packages/airflow/example_dags/example_branch_python_dop_operator_3.py for tasks to queue
[2022-01-19 18:10:30,116] {logging_mixin.py:109} INFO - [2022-01-19 18:10:30,116] {dagbag.py:500} INFO - Filling up the DagBag from /home/airflow/.local/lib/python3.6/site-packages/airflow/example_dags/example_branch_python_dop_operator_3.py
[2022-01-19 18:10:30,138] {processor.py:654} INFO - DAG(s) dict_keys(['example_branch_dop_operator_v3']) retrieved from /home/airflow/.local/lib/python3.6/site-packages/airflow/example_dags/example_branch_python_dop_operator_3.py
[2022-01-19 18:10:30,146] {logging_mixin.py:109} INFO - [2022-01-19 18:10:30,146] {dag.py:2396} INFO - Sync 1 DAGs
[2022-01-19 18:10:30,164] {logging_mixin.py:109} INFO - [2022-01-19 18:10:30,164] {dag.py:2935} INFO - Setting next_dagrun for example_branch_dop_operator_v3 to 2022-01-19T18:09:00+00:00
[2022-01-19 18:10:30,171] {processor.py:171} INFO - Processing /home/airflow/.local/lib/python3.6/site-packages/airflow/example_dags/example_branch_python_dop_operator_3.py took 0.059 seconds
[2022-01-19 18:11:00,267] {processor.py:163} INFO - Started process (PID=434) to work on /home/airflow/.local/lib/python3.6/site-packages/airflow/example_dags/example_branch_python_dop_operator_3.py
[2022-01-19 18:11:00,268] {processor.py:642} INFO - Processing file /home/airflow/.local/lib/python3.6/site-packages/airflow/example_dags/example_branch_python_dop_operator_3.py for tasks to queue
[2022-01-19 18:11:00,269] {logging_mixin.py:109} INFO - [2022-01-19 18:11:00,268] {dagbag.py:500} INFO - Filling up the DagBag from /home/airflow/.local/lib/python3.6/site-packages/airflow/example_dags/example_branch_python_dop_operator_3.py
[2022-01-19 18:11:00,293] {processor.py:654} INFO - DAG(s) dict_keys(['example_branch_dop_operator_v3']) retrieved from /home/airflow/.local/lib/python3.6/site-packages/airflow/example_dags/example_branch_python_dop_operator_3.py
[2022-01-19 18:11:00,302] {logging_mixin.py:109} INFO - [2022-01-19 18:11:00,302] {dag.py:2396} INFO - Sync 1 DAGs
[2022-01-19 18:11:00,323] {logging_mixin.py:109} INFO - [2022-01-19 18:11:00,323] {dag.py:2935} INFO - Setting next_dagrun for example_branch_dop_operator_v3 to 2022-01-19T18:10:00+00:00
[2022-01-19 18:11:00,332] {processor.py:171} INFO - Processing /home/airflow/.local/lib/python3.6/site-packages/airflow/example_dags/example_branch_python_dop_operator_3.py took 0.067 seconds
[2022-01-19 18:11:30,453] {processor.py:163} INFO - Started process (PID=487) to work on /home/airflow/.local/lib/python3.6/site-packages/airflow/example_dags/example_branch_python_dop_operator_3.py
[2022-01-19 18:11:30,454] {processor.py:642} INFO - Processing file /home/airflow/.local/lib/python3.6/site-packages/airflow/example_dags/example_branch_python_dop_operator_3.py for tasks to queue
[2022-01-19 18:11:30,455] {logging_mixin.py:109} INFO - [2022-01-19 18:11:30,455] {dagbag.py:500} INFO - Filling up the DagBag from /home/airflow/.local/lib/python3.6/site-packages/airflow/example_dags/example_branch_python_dop_operator_3.py
[2022-01-19 18:11:30,478] {processor.py:654} INFO - DAG(s) dict_keys(['example_branch_dop_operator_v3']) retrieved from /home/airflow/.local/lib/python3.6/site-packages/airflow/example_dags/example_branch_python_dop_operator_3.py
[2022-01-19 18:11:30,487] {logging_mixin.py:109} INFO - [2022-01-19 18:11:30,487] {dag.py:2396} INFO - Sync 1 DAGs
[2022-01-19 18:11:30,506] {logging_mixin.py:109} INFO - [2022-01-19 18:11:30,506] {dag.py:2935} INFO - Setting next_dagrun for example_branch_dop_operator_v3 to 2022-01-19T18:10:00+00:00
[2022-01-19 18:11:30,514] {processor.py:171} INFO - Processing /home/airflow/.local/lib/python3.6/site-packages/airflow/example_dags/example_branch_python_dop_operator_3.py took 0.063 seconds
[2022-01-19 18:12:00,705] {processor.py:163} INFO - Started process (PID=539) to work on /home/airflow/.local/lib/python3.6/site-packages/airflow/example_dags/example_branch_python_dop_operator_3.py
[2022-01-19 18:12:00,708] {processor.py:642} INFO - Processing file /home/airflow/.local/lib/python3.6/site-packages/airflow/example_dags/example_branch_python_dop_operator_3.py for tasks to queue
[2022-01-19 18:12:00,711] {logging_mixin.py:109} INFO - [2022-01-19 18:12:00,710] {dagbag.py:500} INFO - Filling up the DagBag from /home/airflow/.local/lib/python3.6/site-packages/airflow/example_dags/example_branch_python_dop_operator_3.py
[2022-01-19 18:12:00,796] {processor.py:654} INFO - DAG(s) dict_keys(['example_branch_dop_operator_v3']) retrieved from /home/airflow/.local/lib/python3.6/site-packages/airflow/example_dags/example_branch_python_dop_operator_3.py
[2022-01-19 18:12:00,821] {logging_mixin.py:109} INFO - [2022-01-19 18:12:00,821] {dag.py:2396} INFO - Sync 1 DAGs
[2022-01-19 18:12:00,882] {logging_mixin.py:109} INFO - [2022-01-19 18:12:00,882] {dag.py:2935} INFO - Setting next_dagrun for example_branch_dop_operator_v3 to 2022-01-19T18:11:00+00:00
[2022-01-19 18:12:00,930] {processor.py:171} INFO - Processing /home/airflow/.local/lib/python3.6/site-packages/airflow/example_dags/example_branch_python_dop_operator_3.py took 0.232 seconds
[2022-01-19 18:12:31,680] {processor.py:163} INFO - Started process (PID=603) to work on /home/airflow/.local/lib/python3.6/site-packages/airflow/example_dags/example_branch_python_dop_operator_3.py
[2022-01-19 18:12:31,681] {processor.py:642} INFO - Processing file /home/airflow/.local/lib/python3.6/site-packages/airflow/example_dags/example_branch_python_dop_operator_3.py for tasks to queue
[2022-01-19 18:12:31,682] {logging_mixin.py:109} INFO - [2022-01-19 18:12:31,681] {dagbag.py:500} INFO - Filling up the DagBag from /home/airflow/.local/lib/python3.6/site-packages/airflow/example_dags/example_branch_python_dop_operator_3.py
[2022-01-19 18:12:31,706] {processor.py:654} INFO - DAG(s) dict_keys(['example_branch_dop_operator_v3']) retrieved from /home/airflow/.local/lib/python3.6/site-packages/airflow/example_dags/example_branch_python_dop_operator_3.py
[2022-01-19 18:12:31,716] {logging_mixin.py:109} INFO - [2022-01-19 18:12:31,716] {dag.py:2396} INFO - Sync 1 DAGs
[2022-01-19 18:12:31,738] {logging_mixin.py:109} INFO - [2022-01-19 18:12:31,738] {dag.py:2935} INFO - Setting next_dagrun for example_branch_dop_operator_v3 to 2022-01-19T18:11:00+00:00
[2022-01-19 18:12:31,747] {processor.py:171} INFO - Processing /home/airflow/.local/lib/python3.6/site-packages/airflow/example_dags/example_branch_python_dop_operator_3.py took 0.069 seconds
[2022-01-19 18:13:02,192] {processor.py:163} INFO - Started process (PID=655) to work on /home/airflow/.local/lib/python3.6/site-packages/airflow/example_dags/example_branch_python_dop_operator_3.py
[2022-01-19 18:13:02,192] {processor.py:642} INFO - Processing file /home/airflow/.local/lib/python3.6/site-packages/airflow/example_dags/example_branch_python_dop_operator_3.py for tasks to queue
[2022-01-19 18:13:02,193] {logging_mixin.py:109} INFO - [2022-01-19 18:13:02,193] {dagbag.py:500} INFO - Filling up the DagBag from /home/airflow/.local/lib/python3.6/site-packages/airflow/example_dags/example_branch_python_dop_operator_3.py
[2022-01-19 18:13:02,218] {processor.py:654} INFO - DAG(s) dict_keys(['example_branch_dop_operator_v3']) retrieved from /home/airflow/.local/lib/python3.6/site-packages/airflow/example_dags/example_branch_python_dop_operator_3.py
[2022-01-19 18:13:02,226] {logging_mixin.py:109} INFO - [2022-01-19 18:13:02,226] {dag.py:2396} INFO - Sync 1 DAGs
[2022-01-19 18:13:02,244] {logging_mixin.py:109} INFO - [2022-01-19 18:13:02,244] {dag.py:2935} INFO - Setting next_dagrun for example_branch_dop_operator_v3 to 2022-01-19T18:12:00+00:00
[2022-01-19 18:13:02,251] {processor.py:171} INFO - Processing /home/airflow/.local/lib/python3.6/site-packages/airflow/example_dags/example_branch_python_dop_operator_3.py took 0.062 seconds
[2022-01-19 18:13:32,840] {processor.py:163} INFO - Started process (PID=735) to work on /home/airflow/.local/lib/python3.6/site-packages/airflow/example_dags/example_branch_python_dop_operator_3.py
[2022-01-19 18:13:32,842] {processor.py:642} INFO - Processing file /home/airflow/.local/lib/python3.6/site-packages/airflow/example_dags/example_branch_python_dop_operator_3.py for tasks to queue
[2022-01-19 18:13:32,843] {logging_mixin.py:109} INFO - [2022-01-19 18:13:32,843] {dagbag.py:500} INFO - Filling up the DagBag from /home/airflow/.local/lib/python3.6/site-packages/airflow/example_dags/example_branch_python_dop_operator_3.py
[2022-01-19 18:13:32,887] {processor.py:654} INFO - DAG(s) dict_keys(['example_branch_dop_operator_v3']) retrieved from /home/airflow/.local/lib/python3.6/site-packages/airflow/example_dags/example_branch_python_dop_operator_3.py
[2022-01-19 18:13:32,902] {logging_mixin.py:109} INFO - [2022-01-19 18:13:32,902] {dag.py:2396} INFO - Sync 1 DAGs
[2022-01-19 18:13:32,938] {logging_mixin.py:109} INFO - [2022-01-19 18:13:32,937] {dag.py:2935} INFO - Setting next_dagrun for example_branch_dop_operator_v3 to 2022-01-19T18:12:00+00:00
[2022-01-19 18:13:32,950] {processor.py:171} INFO - Processing /home/airflow/.local/lib/python3.6/site-packages/airflow/example_dags/example_branch_python_dop_operator_3.py took 0.116 seconds
[2022-01-19 18:14:03,506] {processor.py:163} INFO - Started process (PID=788) to work on /home/airflow/.local/lib/python3.6/site-packages/airflow/example_dags/example_branch_python_dop_operator_3.py
[2022-01-19 18:14:03,507] {processor.py:642} INFO - Processing file /home/airflow/.local/lib/python3.6/site-packages/airflow/example_dags/example_branch_python_dop_operator_3.py for tasks to queue
[2022-01-19 18:14:03,508] {logging_mixin.py:109} INFO - [2022-01-19 18:14:03,507] {dagbag.py:500} INFO - Filling up the DagBag from /home/airflow/.local/lib/python3.6/site-packages/airflow/example_dags/example_branch_python_dop_operator_3.py
[2022-01-19 18:14:03,531] {processor.py:654} INFO - DAG(s) dict_keys(['example_branch_dop_operator_v3']) retrieved from /home/airflow/.local/lib/python3.6/site-packages/airflow/example_dags/example_branch_python_dop_operator_3.py
[2022-01-19 18:14:03,540] {logging_mixin.py:109} INFO - [2022-01-19 18:14:03,540] {dag.py:2396} INFO - Sync 1 DAGs
[2022-01-19 18:14:03,560] {logging_mixin.py:109} INFO - [2022-01-19 18:14:03,560] {dag.py:2935} INFO - Setting next_dagrun for example_branch_dop_operator_v3 to 2022-01-19T18:13:00+00:00
[2022-01-19 18:14:03,568] {processor.py:171} INFO - Processing /home/airflow/.local/lib/python3.6/site-packages/airflow/example_dags/example_branch_python_dop_operator_3.py took 0.064 seconds
[2022-01-19 18:14:34,054] {processor.py:163} INFO - Started process (PID=840) to work on /home/airflow/.local/lib/python3.6/site-packages/airflow/example_dags/example_branch_python_dop_operator_3.py
[2022-01-19 18:14:34,055] {processor.py:642} INFO - Processing file /home/airflow/.local/lib/python3.6/site-packages/airflow/example_dags/example_branch_python_dop_operator_3.py for tasks to queue
[2022-01-19 18:14:34,056] {logging_mixin.py:109} INFO - [2022-01-19 18:14:34,056] {dagbag.py:500} INFO - Filling up the DagBag from /home/airflow/.local/lib/python3.6/site-packages/airflow/example_dags/example_branch_python_dop_operator_3.py
[2022-01-19 18:14:34,085] {processor.py:654} INFO - DAG(s) dict_keys(['example_branch_dop_operator_v3']) retrieved from /home/airflow/.local/lib/python3.6/site-packages/airflow/example_dags/example_branch_python_dop_operator_3.py
[2022-01-19 18:14:34,098] {logging_mixin.py:109} INFO - [2022-01-19 18:14:34,098] {dag.py:2396} INFO - Sync 1 DAGs
[2022-01-19 18:14:34,126] {logging_mixin.py:109} INFO - [2022-01-19 18:14:34,126] {dag.py:2935} INFO - Setting next_dagrun for example_branch_dop_operator_v3 to 2022-01-19T18:13:00+00:00
[2022-01-19 18:14:34,135] {processor.py:171} INFO - Processing /home/airflow/.local/lib/python3.6/site-packages/airflow/example_dags/example_branch_python_dop_operator_3.py took 0.085 seconds
[2022-01-19 18:15:04,587] {processor.py:163} INFO - Started process (PID=902) to work on /home/airflow/.local/lib/python3.6/site-packages/airflow/example_dags/example_branch_python_dop_operator_3.py
[2022-01-19 18:15:04,587] {processor.py:642} INFO - Processing file /home/airflow/.local/lib/python3.6/site-packages/airflow/example_dags/example_branch_python_dop_operator_3.py for tasks to queue
[2022-01-19 18:15:04,588] {logging_mixin.py:109} INFO - [2022-01-19 18:15:04,588] {dagbag.py:500} INFO - Filling up the DagBag from /home/airflow/.local/lib/python3.6/site-packages/airflow/example_dags/example_branch_python_dop_operator_3.py
[2022-01-19 18:15:04,617] {processor.py:654} INFO - DAG(s) dict_keys(['example_branch_dop_operator_v3']) retrieved from /home/airflow/.local/lib/python3.6/site-packages/airflow/example_dags/example_branch_python_dop_operator_3.py
[2022-01-19 18:15:04,627] {logging_mixin.py:109} INFO - [2022-01-19 18:15:04,627] {dag.py:2396} INFO - Sync 1 DAGs
[2022-01-19 18:15:04,649] {logging_mixin.py:109} INFO - [2022-01-19 18:15:04,649] {dag.py:2935} INFO - Setting next_dagrun for example_branch_dop_operator_v3 to 2022-01-19T18:14:00+00:00
[2022-01-19 18:15:04,658] {processor.py:171} INFO - Processing /home/airflow/.local/lib/python3.6/site-packages/airflow/example_dags/example_branch_python_dop_operator_3.py took 0.073 seconds
[2022-01-19 18:15:35,092] {processor.py:163} INFO - Started process (PID=954) to work on /home/airflow/.local/lib/python3.6/site-packages/airflow/example_dags/example_branch_python_dop_operator_3.py
[2022-01-19 18:15:35,093] {processor.py:642} INFO - Processing file /home/airflow/.local/lib/python3.6/site-packages/airflow/example_dags/example_branch_python_dop_operator_3.py for tasks to queue
[2022-01-19 18:15:35,093] {logging_mixin.py:109} INFO - [2022-01-19 18:15:35,093] {dagbag.py:500} INFO - Filling up the DagBag from /home/airflow/.local/lib/python3.6/site-packages/airflow/example_dags/example_branch_python_dop_operator_3.py
[2022-01-19 18:15:35,117] {processor.py:654} INFO - DAG(s) dict_keys(['example_branch_dop_operator_v3']) retrieved from /home/airflow/.local/lib/python3.6/site-packages/airflow/example_dags/example_branch_python_dop_operator_3.py
[2022-01-19 18:15:35,126] {logging_mixin.py:109} INFO - [2022-01-19 18:15:35,126] {dag.py:2396} INFO - Sync 1 DAGs
[2022-01-19 18:15:35,144] {logging_mixin.py:109} INFO - [2022-01-19 18:15:35,144] {dag.py:2935} INFO - Setting next_dagrun for example_branch_dop_operator_v3 to 2022-01-19T18:14:00+00:00
[2022-01-19 18:15:35,155] {processor.py:171} INFO - Processing /home/airflow/.local/lib/python3.6/site-packages/airflow/example_dags/example_branch_python_dop_operator_3.py took 0.065 seconds
[2022-01-19 18:16:05,459] {processor.py:163} INFO - Started process (PID=1017) to work on /home/airflow/.local/lib/python3.6/site-packages/airflow/example_dags/example_branch_python_dop_operator_3.py
[2022-01-19 18:16:05,460] {processor.py:642} INFO - Processing file /home/airflow/.local/lib/python3.6/site-packages/airflow/example_dags/example_branch_python_dop_operator_3.py for tasks to queue
[2022-01-19 18:16:05,460] {logging_mixin.py:109} INFO - [2022-01-19 18:16:05,460] {dagbag.py:500} INFO - Filling up the DagBag from /home/airflow/.local/lib/python3.6/site-packages/airflow/example_dags/example_branch_python_dop_operator_3.py
[2022-01-19 18:16:05,483] {processor.py:654} INFO - DAG(s) dict_keys(['example_branch_dop_operator_v3']) retrieved from /home/airflow/.local/lib/python3.6/site-packages/airflow/example_dags/example_branch_python_dop_operator_3.py
[2022-01-19 18:16:05,495] {logging_mixin.py:109} INFO - [2022-01-19 18:16:05,494] {dag.py:2396} INFO - Sync 1 DAGs
[2022-01-19 18:16:05,515] {logging_mixin.py:109} INFO - [2022-01-19 18:16:05,515] {dag.py:2935} INFO - Setting next_dagrun for example_branch_dop_operator_v3 to 2022-01-19T18:15:00+00:00
[2022-01-19 18:16:05,522] {processor.py:171} INFO - Processing /home/airflow/.local/lib/python3.6/site-packages/airflow/example_dags/example_branch_python_dop_operator_3.py took 0.066 seconds
[2022-01-19 18:16:36,143] {processor.py:163} INFO - Started process (PID=1069) to work on /home/airflow/.local/lib/python3.6/site-packages/airflow/example_dags/example_branch_python_dop_operator_3.py
[2022-01-19 18:16:36,144] {processor.py:642} INFO - Processing file /home/airflow/.local/lib/python3.6/site-packages/airflow/example_dags/example_branch_python_dop_operator_3.py for tasks to queue
[2022-01-19 18:16:36,144] {logging_mixin.py:109} INFO - [2022-01-19 18:16:36,144] {dagbag.py:500} INFO - Filling up the DagBag from /home/airflow/.local/lib/python3.6/site-packages/airflow/example_dags/example_branch_python_dop_operator_3.py
[2022-01-19 18:16:36,172] {processor.py:654} INFO - DAG(s) dict_keys(['example_branch_dop_operator_v3']) retrieved from /home/airflow/.local/lib/python3.6/site-packages/airflow/example_dags/example_branch_python_dop_operator_3.py
[2022-01-19 18:16:36,181] {logging_mixin.py:109} INFO - [2022-01-19 18:16:36,181] {dag.py:2396} INFO - Sync 1 DAGs
[2022-01-19 18:16:36,208] {logging_mixin.py:109} INFO - [2022-01-19 18:16:36,208] {dag.py:2935} INFO - Setting next_dagrun for example_branch_dop_operator_v3 to 2022-01-19T18:15:00+00:00
[2022-01-19 18:16:36,218] {processor.py:171} INFO - Processing /home/airflow/.local/lib/python3.6/site-packages/airflow/example_dags/example_branch_python_dop_operator_3.py took 0.077 seconds
[2022-01-19 18:17:06,662] {processor.py:163} INFO - Started process (PID=1132) to work on /home/airflow/.local/lib/python3.6/site-packages/airflow/example_dags/example_branch_python_dop_operator_3.py
[2022-01-19 18:17:06,663] {processor.py:642} INFO - Processing file /home/airflow/.local/lib/python3.6/site-packages/airflow/example_dags/example_branch_python_dop_operator_3.py for tasks to queue
[2022-01-19 18:17:06,663] {logging_mixin.py:109} INFO - [2022-01-19 18:17:06,663] {dagbag.py:500} INFO - Filling up the DagBag from /home/airflow/.local/lib/python3.6/site-packages/airflow/example_dags/example_branch_python_dop_operator_3.py
[2022-01-19 18:17:06,690] {processor.py:654} INFO - DAG(s) dict_keys(['example_branch_dop_operator_v3']) retrieved from /home/airflow/.local/lib/python3.6/site-packages/airflow/example_dags/example_branch_python_dop_operator_3.py
[2022-01-19 18:17:06,699] {logging_mixin.py:109} INFO - [2022-01-19 18:17:06,699] {dag.py:2396} INFO - Sync 1 DAGs
[2022-01-19 18:17:06,720] {logging_mixin.py:109} INFO - [2022-01-19 18:17:06,720] {dag.py:2935} INFO - Setting next_dagrun for example_branch_dop_operator_v3 to 2022-01-19T18:16:00+00:00
[2022-01-19 18:17:06,728] {processor.py:171} INFO - Processing /home/airflow/.local/lib/python3.6/site-packages/airflow/example_dags/example_branch_python_dop_operator_3.py took 0.069 seconds
[2022-01-19 18:17:36,853] {processor.py:163} INFO - Started process (PID=1183) to work on /home/airflow/.local/lib/python3.6/site-packages/airflow/example_dags/example_branch_python_dop_operator_3.py
[2022-01-19 18:17:36,853] {processor.py:642} INFO - Processing file /home/airflow/.local/lib/python3.6/site-packages/airflow/example_dags/example_branch_python_dop_operator_3.py for tasks to queue
[2022-01-19 18:17:36,854] {logging_mixin.py:109} INFO - [2022-01-19 18:17:36,854] {dagbag.py:500} INFO - Filling up the DagBag from /home/airflow/.local/lib/python3.6/site-packages/airflow/example_dags/example_branch_python_dop_operator_3.py
[2022-01-19 18:17:36,877] {processor.py:654} INFO - DAG(s) dict_keys(['example_branch_dop_operator_v3']) retrieved from /home/airflow/.local/lib/python3.6/site-packages/airflow/example_dags/example_branch_python_dop_operator_3.py
[2022-01-19 18:17:36,887] {logging_mixin.py:109} INFO - [2022-01-19 18:17:36,887] {dag.py:2396} INFO - Sync 1 DAGs
[2022-01-19 18:17:36,909] {logging_mixin.py:109} INFO - [2022-01-19 18:17:36,909] {dag.py:2935} INFO - Setting next_dagrun for example_branch_dop_operator_v3 to 2022-01-19T18:16:00+00:00
[2022-01-19 18:17:36,917] {processor.py:171} INFO - Processing /home/airflow/.local/lib/python3.6/site-packages/airflow/example_dags/example_branch_python_dop_operator_3.py took 0.067 seconds
[2022-01-19 18:18:07,397] {processor.py:163} INFO - Started process (PID=1237) to work on /home/airflow/.local/lib/python3.6/site-packages/airflow/example_dags/example_branch_python_dop_operator_3.py
[2022-01-19 18:18:07,397] {processor.py:642} INFO - Processing file /home/airflow/.local/lib/python3.6/site-packages/airflow/example_dags/example_branch_python_dop_operator_3.py for tasks to queue
[2022-01-19 18:18:07,398] {logging_mixin.py:109} INFO - [2022-01-19 18:18:07,398] {dagbag.py:500} INFO - Filling up the DagBag from /home/airflow/.local/lib/python3.6/site-packages/airflow/example_dags/example_branch_python_dop_operator_3.py
[2022-01-19 18:18:07,422] {processor.py:654} INFO - DAG(s) dict_keys(['example_branch_dop_operator_v3']) retrieved from /home/airflow/.local/lib/python3.6/site-packages/airflow/example_dags/example_branch_python_dop_operator_3.py
[2022-01-19 18:18:07,433] {logging_mixin.py:109} INFO - [2022-01-19 18:18:07,433] {dag.py:2396} INFO - Sync 1 DAGs
[2022-01-19 18:18:07,455] {logging_mixin.py:109} INFO - [2022-01-19 18:18:07,455] {dag.py:2935} INFO - Setting next_dagrun for example_branch_dop_operator_v3 to 2022-01-19T18:17:00+00:00
[2022-01-19 18:18:07,463] {processor.py:171} INFO - Processing /home/airflow/.local/lib/python3.6/site-packages/airflow/example_dags/example_branch_python_dop_operator_3.py took 0.069 seconds
[2022-01-19 18:18:37,995] {processor.py:163} INFO - Started process (PID=1299) to work on /home/airflow/.local/lib/python3.6/site-packages/airflow/example_dags/example_branch_python_dop_operator_3.py
[2022-01-19 18:18:37,996] {processor.py:642} INFO - Processing file /home/airflow/.local/lib/python3.6/site-packages/airflow/example_dags/example_branch_python_dop_operator_3.py for tasks to queue
[2022-01-19 18:18:37,996] {logging_mixin.py:109} INFO - [2022-01-19 18:18:37,996] {dagbag.py:500} INFO - Filling up the DagBag from /home/airflow/.local/lib/python3.6/site-packages/airflow/example_dags/example_branch_python_dop_operator_3.py
[2022-01-19 18:18:38,018] {processor.py:654} INFO - DAG(s) dict_keys(['example_branch_dop_operator_v3']) retrieved from /home/airflow/.local/lib/python3.6/site-packages/airflow/example_dags/example_branch_python_dop_operator_3.py
[2022-01-19 18:18:38,030] {logging_mixin.py:109} INFO - [2022-01-19 18:18:38,030] {dag.py:2396} INFO - Sync 1 DAGs
[2022-01-19 18:18:38,053] {logging_mixin.py:109} INFO - [2022-01-19 18:18:38,053] {dag.py:2935} INFO - Setting next_dagrun for example_branch_dop_operator_v3 to 2022-01-19T18:17:00+00:00
[2022-01-19 18:18:38,061] {processor.py:171} INFO - Processing /home/airflow/.local/lib/python3.6/site-packages/airflow/example_dags/example_branch_python_dop_operator_3.py took 0.069 seconds
[2022-01-19 18:19:08,545] {processor.py:163} INFO - Started process (PID=1351) to work on /home/airflow/.local/lib/python3.6/site-packages/airflow/example_dags/example_branch_python_dop_operator_3.py
[2022-01-19 18:19:08,546] {processor.py:642} INFO - Processing file /home/airflow/.local/lib/python3.6/site-packages/airflow/example_dags/example_branch_python_dop_operator_3.py for tasks to queue
[2022-01-19 18:19:08,547] {logging_mixin.py:109} INFO - [2022-01-19 18:19:08,547] {dagbag.py:500} INFO - Filling up the DagBag from /home/airflow/.local/lib/python3.6/site-packages/airflow/example_dags/example_branch_python_dop_operator_3.py
[2022-01-19 18:19:08,575] {processor.py:654} INFO - DAG(s) dict_keys(['example_branch_dop_operator_v3']) retrieved from /home/airflow/.local/lib/python3.6/site-packages/airflow/example_dags/example_branch_python_dop_operator_3.py
[2022-01-19 18:19:08,585] {logging_mixin.py:109} INFO - [2022-01-19 18:19:08,585] {dag.py:2396} INFO - Sync 1 DAGs
[2022-01-19 18:19:08,607] {logging_mixin.py:109} INFO - [2022-01-19 18:19:08,607] {dag.py:2935} INFO - Setting next_dagrun for example_branch_dop_operator_v3 to 2022-01-19T18:18:00+00:00
[2022-01-19 18:19:08,615] {processor.py:171} INFO - Processing /home/airflow/.local/lib/python3.6/site-packages/airflow/example_dags/example_branch_python_dop_operator_3.py took 0.073 seconds
[2022-01-19 18:19:39,249] {processor.py:163} INFO - Started process (PID=1414) to work on /home/airflow/.local/lib/python3.6/site-packages/airflow/example_dags/example_branch_python_dop_operator_3.py
[2022-01-19 18:19:39,252] {processor.py:642} INFO - Processing file /home/airflow/.local/lib/python3.6/site-packages/airflow/example_dags/example_branch_python_dop_operator_3.py for tasks to queue
[2022-01-19 18:19:39,255] {logging_mixin.py:109} INFO - [2022-01-19 18:19:39,254] {dagbag.py:500} INFO - Filling up the DagBag from /home/airflow/.local/lib/python3.6/site-packages/airflow/example_dags/example_branch_python_dop_operator_3.py
[2022-01-19 18:19:39,313] {processor.py:654} INFO - DAG(s) dict_keys(['example_branch_dop_operator_v3']) retrieved from /home/airflow/.local/lib/python3.6/site-packages/airflow/example_dags/example_branch_python_dop_operator_3.py
[2022-01-19 18:19:39,338] {logging_mixin.py:109} INFO - [2022-01-19 18:19:39,337] {dag.py:2396} INFO - Sync 1 DAGs
[2022-01-19 18:19:39,410] {logging_mixin.py:109} INFO - [2022-01-19 18:19:39,409] {dag.py:2935} INFO - Setting next_dagrun for example_branch_dop_operator_v3 to 2022-01-19T18:18:00+00:00
[2022-01-19 18:19:39,434] {processor.py:171} INFO - Processing /home/airflow/.local/lib/python3.6/site-packages/airflow/example_dags/example_branch_python_dop_operator_3.py took 0.190 seconds
[2022-01-19 18:20:10,399] {processor.py:163} INFO - Started process (PID=1466) to work on /home/airflow/.local/lib/python3.6/site-packages/airflow/example_dags/example_branch_python_dop_operator_3.py
[2022-01-19 18:20:10,400] {processor.py:642} INFO - Processing file /home/airflow/.local/lib/python3.6/site-packages/airflow/example_dags/example_branch_python_dop_operator_3.py for tasks to queue
[2022-01-19 18:20:10,401] {logging_mixin.py:109} INFO - [2022-01-19 18:20:10,400] {dagbag.py:500} INFO - Filling up the DagBag from /home/airflow/.local/lib/python3.6/site-packages/airflow/example_dags/example_branch_python_dop_operator_3.py
[2022-01-19 18:20:10,424] {processor.py:654} INFO - DAG(s) dict_keys(['example_branch_dop_operator_v3']) retrieved from /home/airflow/.local/lib/python3.6/site-packages/airflow/example_dags/example_branch_python_dop_operator_3.py
[2022-01-19 18:20:10,435] {logging_mixin.py:109} INFO - [2022-01-19 18:20:10,435] {dag.py:2396} INFO - Sync 1 DAGs
[2022-01-19 18:20:10,458] {logging_mixin.py:109} INFO - [2022-01-19 18:20:10,458] {dag.py:2935} INFO - Setting next_dagrun for example_branch_dop_operator_v3 to 2022-01-19T18:19:00+00:00
[2022-01-19 18:20:10,467] {processor.py:171} INFO - Processing /home/airflow/.local/lib/python3.6/site-packages/airflow/example_dags/example_branch_python_dop_operator_3.py took 0.070 seconds
[2022-01-19 18:20:41,330] {processor.py:163} INFO - Started process (PID=1518) to work on /home/airflow/.local/lib/python3.6/site-packages/airflow/example_dags/example_branch_python_dop_operator_3.py
[2022-01-19 18:20:41,332] {processor.py:642} INFO - Processing file /home/airflow/.local/lib/python3.6/site-packages/airflow/example_dags/example_branch_python_dop_operator_3.py for tasks to queue
[2022-01-19 18:20:41,332] {logging_mixin.py:109} INFO - [2022-01-19 18:20:41,332] {dagbag.py:500} INFO - Filling up the DagBag from /home/airflow/.local/lib/python3.6/site-packages/airflow/example_dags/example_branch_python_dop_operator_3.py
[2022-01-19 18:20:41,371] {processor.py:654} INFO - DAG(s) dict_keys(['example_branch_dop_operator_v3']) retrieved from /home/airflow/.local/lib/python3.6/site-packages/airflow/example_dags/example_branch_python_dop_operator_3.py
[2022-01-19 18:20:41,392] {logging_mixin.py:109} INFO - [2022-01-19 18:20:41,392] {dag.py:2396} INFO - Sync 1 DAGs
[2022-01-19 18:20:41,426] {logging_mixin.py:109} INFO - [2022-01-19 18:20:41,426] {dag.py:2935} INFO - Setting next_dagrun for example_branch_dop_operator_v3 to 2022-01-19T18:19:00+00:00
[2022-01-19 18:20:41,435] {processor.py:171} INFO - Processing /home/airflow/.local/lib/python3.6/site-packages/airflow/example_dags/example_branch_python_dop_operator_3.py took 0.108 seconds
[2022-01-19 18:21:11,518] {processor.py:163} INFO - Started process (PID=1579) to work on /home/airflow/.local/lib/python3.6/site-packages/airflow/example_dags/example_branch_python_dop_operator_3.py
[2022-01-19 18:21:11,519] {processor.py:642} INFO - Processing file /home/airflow/.local/lib/python3.6/site-packages/airflow/example_dags/example_branch_python_dop_operator_3.py for tasks to queue
[2022-01-19 18:21:11,520] {logging_mixin.py:109} INFO - [2022-01-19 18:21:11,519] {dagbag.py:500} INFO - Filling up the DagBag from /home/airflow/.local/lib/python3.6/site-packages/airflow/example_dags/example_branch_python_dop_operator_3.py
[2022-01-19 18:21:11,540] {processor.py:654} INFO - DAG(s) dict_keys(['example_branch_dop_operator_v3']) retrieved from /home/airflow/.local/lib/python3.6/site-packages/airflow/example_dags/example_branch_python_dop_operator_3.py
[2022-01-19 18:21:11,549] {logging_mixin.py:109} INFO - [2022-01-19 18:21:11,549] {dag.py:2396} INFO - Sync 1 DAGs
[2022-01-19 18:21:11,568] {logging_mixin.py:109} INFO - [2022-01-19 18:21:11,568] {dag.py:2935} INFO - Setting next_dagrun for example_branch_dop_operator_v3 to 2022-01-19T18:20:00+00:00
[2022-01-19 18:21:11,578] {processor.py:171} INFO - Processing /home/airflow/.local/lib/python3.6/site-packages/airflow/example_dags/example_branch_python_dop_operator_3.py took 0.062 seconds
[2022-01-19 18:21:41,799] {processor.py:163} INFO - Started process (PID=1631) to work on /home/airflow/.local/lib/python3.6/site-packages/airflow/example_dags/example_branch_python_dop_operator_3.py
[2022-01-19 18:21:41,799] {processor.py:642} INFO - Processing file /home/airflow/.local/lib/python3.6/site-packages/airflow/example_dags/example_branch_python_dop_operator_3.py for tasks to queue
[2022-01-19 18:21:41,800] {logging_mixin.py:109} INFO - [2022-01-19 18:21:41,800] {dagbag.py:500} INFO - Filling up the DagBag from /home/airflow/.local/lib/python3.6/site-packages/airflow/example_dags/example_branch_python_dop_operator_3.py
[2022-01-19 18:21:41,821] {processor.py:654} INFO - DAG(s) dict_keys(['example_branch_dop_operator_v3']) retrieved from /home/airflow/.local/lib/python3.6/site-packages/airflow/example_dags/example_branch_python_dop_operator_3.py
[2022-01-19 18:21:41,832] {logging_mixin.py:109} INFO - [2022-01-19 18:21:41,832] {dag.py:2396} INFO - Sync 1 DAGs
[2022-01-19 18:21:41,861] {logging_mixin.py:109} INFO - [2022-01-19 18:21:41,861] {dag.py:2935} INFO - Setting next_dagrun for example_branch_dop_operator_v3 to 2022-01-19T18:20:00+00:00
[2022-01-19 18:21:41,871] {processor.py:171} INFO - Processing /home/airflow/.local/lib/python3.6/site-packages/airflow/example_dags/example_branch_python_dop_operator_3.py took 0.075 seconds
[2022-01-19 18:22:12,636] {processor.py:163} INFO - Started process (PID=1685) to work on /home/airflow/.local/lib/python3.6/site-packages/airflow/example_dags/example_branch_python_dop_operator_3.py
[2022-01-19 18:22:12,637] {processor.py:642} INFO - Processing file /home/airflow/.local/lib/python3.6/site-packages/airflow/example_dags/example_branch_python_dop_operator_3.py for tasks to queue
[2022-01-19 18:22:12,637] {logging_mixin.py:109} INFO - [2022-01-19 18:22:12,637] {dagbag.py:500} INFO - Filling up the DagBag from /home/airflow/.local/lib/python3.6/site-packages/airflow/example_dags/example_branch_python_dop_operator_3.py
[2022-01-19 18:22:12,664] {processor.py:654} INFO - DAG(s) dict_keys(['example_branch_dop_operator_v3']) retrieved from /home/airflow/.local/lib/python3.6/site-packages/airflow/example_dags/example_branch_python_dop_operator_3.py
[2022-01-19 18:22:12,674] {logging_mixin.py:109} INFO - [2022-01-19 18:22:12,674] {dag.py:2396} INFO - Sync 1 DAGs
[2022-01-19 18:22:12,702] {logging_mixin.py:109} INFO - [2022-01-19 18:22:12,702] {dag.py:2935} INFO - Setting next_dagrun for example_branch_dop_operator_v3 to 2022-01-19T18:21:00+00:00
[2022-01-19 18:22:12,712] {processor.py:171} INFO - Processing /home/airflow/.local/lib/python3.6/site-packages/airflow/example_dags/example_branch_python_dop_operator_3.py took 0.078 seconds
[2022-01-19 18:22:42,916] {processor.py:163} INFO - Started process (PID=1748) to work on /home/airflow/.local/lib/python3.6/site-packages/airflow/example_dags/example_branch_python_dop_operator_3.py
[2022-01-19 18:22:42,916] {processor.py:642} INFO - Processing file /home/airflow/.local/lib/python3.6/site-packages/airflow/example_dags/example_branch_python_dop_operator_3.py for tasks to queue
[2022-01-19 18:22:42,917] {logging_mixin.py:109} INFO - [2022-01-19 18:22:42,917] {dagbag.py:500} INFO - Filling up the DagBag from /home/airflow/.local/lib/python3.6/site-packages/airflow/example_dags/example_branch_python_dop_operator_3.py
[2022-01-19 18:22:42,936] {processor.py:654} INFO - DAG(s) dict_keys(['example_branch_dop_operator_v3']) retrieved from /home/airflow/.local/lib/python3.6/site-packages/airflow/example_dags/example_branch_python_dop_operator_3.py
[2022-01-19 18:22:42,944] {logging_mixin.py:109} INFO - [2022-01-19 18:22:42,944] {dag.py:2396} INFO - Sync 1 DAGs
[2022-01-19 18:22:42,960] {logging_mixin.py:109} INFO - [2022-01-19 18:22:42,960] {dag.py:2935} INFO - Setting next_dagrun for example_branch_dop_operator_v3 to 2022-01-19T18:21:00+00:00
[2022-01-19 18:22:42,966] {processor.py:171} INFO - Processing /home/airflow/.local/lib/python3.6/site-packages/airflow/example_dags/example_branch_python_dop_operator_3.py took 0.053 seconds
[2022-01-19 18:23:13,722] {processor.py:163} INFO - Started process (PID=1800) to work on /home/airflow/.local/lib/python3.6/site-packages/airflow/example_dags/example_branch_python_dop_operator_3.py
[2022-01-19 18:23:13,723] {processor.py:642} INFO - Processing file /home/airflow/.local/lib/python3.6/site-packages/airflow/example_dags/example_branch_python_dop_operator_3.py for tasks to queue
[2022-01-19 18:23:13,724] {logging_mixin.py:109} INFO - [2022-01-19 18:23:13,724] {dagbag.py:500} INFO - Filling up the DagBag from /home/airflow/.local/lib/python3.6/site-packages/airflow/example_dags/example_branch_python_dop_operator_3.py
[2022-01-19 18:23:13,745] {processor.py:654} INFO - DAG(s) dict_keys(['example_branch_dop_operator_v3']) retrieved from /home/airflow/.local/lib/python3.6/site-packages/airflow/example_dags/example_branch_python_dop_operator_3.py
[2022-01-19 18:23:13,753] {logging_mixin.py:109} INFO - [2022-01-19 18:23:13,753] {dag.py:2396} INFO - Sync 1 DAGs
[2022-01-19 18:23:13,772] {logging_mixin.py:109} INFO - [2022-01-19 18:23:13,772] {dag.py:2935} INFO - Setting next_dagrun for example_branch_dop_operator_v3 to 2022-01-19T18:22:00+00:00
[2022-01-19 18:23:13,779] {processor.py:171} INFO - Processing /home/airflow/.local/lib/python3.6/site-packages/airflow/example_dags/example_branch_python_dop_operator_3.py took 0.059 seconds
[2022-01-19 18:23:43,966] {processor.py:163} INFO - Started process (PID=1863) to work on /home/airflow/.local/lib/python3.6/site-packages/airflow/example_dags/example_branch_python_dop_operator_3.py
[2022-01-19 18:23:43,967] {processor.py:642} INFO - Processing file /home/airflow/.local/lib/python3.6/site-packages/airflow/example_dags/example_branch_python_dop_operator_3.py for tasks to queue
[2022-01-19 18:23:43,968] {logging_mixin.py:109} INFO - [2022-01-19 18:23:43,967] {dagbag.py:500} INFO - Filling up the DagBag from /home/airflow/.local/lib/python3.6/site-packages/airflow/example_dags/example_branch_python_dop_operator_3.py
[2022-01-19 18:23:43,994] {processor.py:654} INFO - DAG(s) dict_keys(['example_branch_dop_operator_v3']) retrieved from /home/airflow/.local/lib/python3.6/site-packages/airflow/example_dags/example_branch_python_dop_operator_3.py
[2022-01-19 18:23:44,004] {logging_mixin.py:109} INFO - [2022-01-19 18:23:44,004] {dag.py:2396} INFO - Sync 1 DAGs
[2022-01-19 18:23:44,022] {logging_mixin.py:109} INFO - [2022-01-19 18:23:44,022] {dag.py:2935} INFO - Setting next_dagrun for example_branch_dop_operator_v3 to 2022-01-19T18:22:00+00:00
[2022-01-19 18:23:44,029] {processor.py:171} INFO - Processing /home/airflow/.local/lib/python3.6/site-packages/airflow/example_dags/example_branch_python_dop_operator_3.py took 0.066 seconds
[2022-01-19 18:24:14,419] {processor.py:163} INFO - Started process (PID=1916) to work on /home/airflow/.local/lib/python3.6/site-packages/airflow/example_dags/example_branch_python_dop_operator_3.py
[2022-01-19 18:24:14,419] {processor.py:642} INFO - Processing file /home/airflow/.local/lib/python3.6/site-packages/airflow/example_dags/example_branch_python_dop_operator_3.py for tasks to queue
[2022-01-19 18:24:14,420] {logging_mixin.py:109} INFO - [2022-01-19 18:24:14,420] {dagbag.py:500} INFO - Filling up the DagBag from /home/airflow/.local/lib/python3.6/site-packages/airflow/example_dags/example_branch_python_dop_operator_3.py
[2022-01-19 18:24:14,441] {processor.py:654} INFO - DAG(s) dict_keys(['example_branch_dop_operator_v3']) retrieved from /home/airflow/.local/lib/python3.6/site-packages/airflow/example_dags/example_branch_python_dop_operator_3.py
[2022-01-19 18:24:14,449] {logging_mixin.py:109} INFO - [2022-01-19 18:24:14,449] {dag.py:2396} INFO - Sync 1 DAGs
[2022-01-19 18:24:14,467] {logging_mixin.py:109} INFO - [2022-01-19 18:24:14,467] {dag.py:2935} INFO - Setting next_dagrun for example_branch_dop_operator_v3 to 2022-01-19T18:23:00+00:00
[2022-01-19 18:24:14,474] {processor.py:171} INFO - Processing /home/airflow/.local/lib/python3.6/site-packages/airflow/example_dags/example_branch_python_dop_operator_3.py took 0.058 seconds
[2022-01-19 18:24:44,829] {processor.py:163} INFO - Started process (PID=1969) to work on /home/airflow/.local/lib/python3.6/site-packages/airflow/example_dags/example_branch_python_dop_operator_3.py
[2022-01-19 18:24:44,830] {processor.py:642} INFO - Processing file /home/airflow/.local/lib/python3.6/site-packages/airflow/example_dags/example_branch_python_dop_operator_3.py for tasks to queue
[2022-01-19 18:24:44,830] {logging_mixin.py:109} INFO - [2022-01-19 18:24:44,830] {dagbag.py:500} INFO - Filling up the DagBag from /home/airflow/.local/lib/python3.6/site-packages/airflow/example_dags/example_branch_python_dop_operator_3.py
[2022-01-19 18:24:44,850] {processor.py:654} INFO - DAG(s) dict_keys(['example_branch_dop_operator_v3']) retrieved from /home/airflow/.local/lib/python3.6/site-packages/airflow/example_dags/example_branch_python_dop_operator_3.py
[2022-01-19 18:24:44,857] {logging_mixin.py:109} INFO - [2022-01-19 18:24:44,857] {dag.py:2396} INFO - Sync 1 DAGs
[2022-01-19 18:24:44,874] {logging_mixin.py:109} INFO - [2022-01-19 18:24:44,873] {dag.py:2935} INFO - Setting next_dagrun for example_branch_dop_operator_v3 to 2022-01-19T18:23:00+00:00
[2022-01-19 18:24:44,880] {processor.py:171} INFO - Processing /home/airflow/.local/lib/python3.6/site-packages/airflow/example_dags/example_branch_python_dop_operator_3.py took 0.053 seconds
[2022-01-19 18:25:15,620] {processor.py:163} INFO - Started process (PID=2031) to work on /home/airflow/.local/lib/python3.6/site-packages/airflow/example_dags/example_branch_python_dop_operator_3.py
[2022-01-19 18:25:15,621] {processor.py:642} INFO - Processing file /home/airflow/.local/lib/python3.6/site-packages/airflow/example_dags/example_branch_python_dop_operator_3.py for tasks to queue
[2022-01-19 18:25:15,622] {logging_mixin.py:109} INFO - [2022-01-19 18:25:15,622] {dagbag.py:500} INFO - Filling up the DagBag from /home/airflow/.local/lib/python3.6/site-packages/airflow/example_dags/example_branch_python_dop_operator_3.py
[2022-01-19 18:25:15,644] {processor.py:654} INFO - DAG(s) dict_keys(['example_branch_dop_operator_v3']) retrieved from /home/airflow/.local/lib/python3.6/site-packages/airflow/example_dags/example_branch_python_dop_operator_3.py
[2022-01-19 18:25:15,653] {logging_mixin.py:109} INFO - [2022-01-19 18:25:15,653] {dag.py:2396} INFO - Sync 1 DAGs
[2022-01-19 18:25:15,676] {logging_mixin.py:109} INFO - [2022-01-19 18:25:15,676] {dag.py:2935} INFO - Setting next_dagrun for example_branch_dop_operator_v3 to 2022-01-19T18:24:00+00:00
[2022-01-19 18:25:15,688] {processor.py:171} INFO - Processing /home/airflow/.local/lib/python3.6/site-packages/airflow/example_dags/example_branch_python_dop_operator_3.py took 0.069 seconds
[2022-01-19 18:25:46,274] {processor.py:163} INFO - Started process (PID=2085) to work on /home/airflow/.local/lib/python3.6/site-packages/airflow/example_dags/example_branch_python_dop_operator_3.py
[2022-01-19 18:25:46,275] {processor.py:642} INFO - Processing file /home/airflow/.local/lib/python3.6/site-packages/airflow/example_dags/example_branch_python_dop_operator_3.py for tasks to queue
[2022-01-19 18:25:46,276] {logging_mixin.py:109} INFO - [2022-01-19 18:25:46,275] {dagbag.py:500} INFO - Filling up the DagBag from /home/airflow/.local/lib/python3.6/site-packages/airflow/example_dags/example_branch_python_dop_operator_3.py
[2022-01-19 18:25:46,295] {processor.py:654} INFO - DAG(s) dict_keys(['example_branch_dop_operator_v3']) retrieved from /home/airflow/.local/lib/python3.6/site-packages/airflow/example_dags/example_branch_python_dop_operator_3.py
[2022-01-19 18:25:46,302] {logging_mixin.py:109} INFO - [2022-01-19 18:25:46,302] {dag.py:2396} INFO - Sync 1 DAGs
[2022-01-19 18:25:46,320] {logging_mixin.py:109} INFO - [2022-01-19 18:25:46,320] {dag.py:2935} INFO - Setting next_dagrun for example_branch_dop_operator_v3 to 2022-01-19T18:24:00+00:00
[2022-01-19 18:25:46,327] {processor.py:171} INFO - Processing /home/airflow/.local/lib/python3.6/site-packages/airflow/example_dags/example_branch_python_dop_operator_3.py took 0.054 seconds
[2022-01-19 18:26:16,937] {processor.py:163} INFO - Started process (PID=2148) to work on /home/airflow/.local/lib/python3.6/site-packages/airflow/example_dags/example_branch_python_dop_operator_3.py
[2022-01-19 18:26:16,939] {processor.py:642} INFO - Processing file /home/airflow/.local/lib/python3.6/site-packages/airflow/example_dags/example_branch_python_dop_operator_3.py for tasks to queue
[2022-01-19 18:26:16,940] {logging_mixin.py:109} INFO - [2022-01-19 18:26:16,940] {dagbag.py:500} INFO - Filling up the DagBag from /home/airflow/.local/lib/python3.6/site-packages/airflow/example_dags/example_branch_python_dop_operator_3.py
[2022-01-19 18:26:16,988] {processor.py:654} INFO - DAG(s) dict_keys(['example_branch_dop_operator_v3']) retrieved from /home/airflow/.local/lib/python3.6/site-packages/airflow/example_dags/example_branch_python_dop_operator_3.py
[2022-01-19 18:26:17,001] {logging_mixin.py:109} INFO - [2022-01-19 18:26:17,001] {dag.py:2396} INFO - Sync 1 DAGs
[2022-01-19 18:26:17,033] {logging_mixin.py:109} INFO - [2022-01-19 18:26:17,033] {dag.py:2935} INFO - Setting next_dagrun for example_branch_dop_operator_v3 to 2022-01-19T18:25:00+00:00
[2022-01-19 18:26:17,044] {processor.py:171} INFO - Processing /home/airflow/.local/lib/python3.6/site-packages/airflow/example_dags/example_branch_python_dop_operator_3.py took 0.110 seconds
[2022-01-19 18:26:47,597] {processor.py:163} INFO - Started process (PID=2201) to work on /home/airflow/.local/lib/python3.6/site-packages/airflow/example_dags/example_branch_python_dop_operator_3.py
[2022-01-19 18:26:47,598] {processor.py:642} INFO - Processing file /home/airflow/.local/lib/python3.6/site-packages/airflow/example_dags/example_branch_python_dop_operator_3.py for tasks to queue
[2022-01-19 18:26:47,599] {logging_mixin.py:109} INFO - [2022-01-19 18:26:47,599] {dagbag.py:500} INFO - Filling up the DagBag from /home/airflow/.local/lib/python3.6/site-packages/airflow/example_dags/example_branch_python_dop_operator_3.py
[2022-01-19 18:26:47,620] {processor.py:654} INFO - DAG(s) dict_keys(['example_branch_dop_operator_v3']) retrieved from /home/airflow/.local/lib/python3.6/site-packages/airflow/example_dags/example_branch_python_dop_operator_3.py
[2022-01-19 18:26:47,628] {logging_mixin.py:109} INFO - [2022-01-19 18:26:47,628] {dag.py:2396} INFO - Sync 1 DAGs
[2022-01-19 18:26:47,645] {logging_mixin.py:109} INFO - [2022-01-19 18:26:47,645] {dag.py:2935} INFO - Setting next_dagrun for example_branch_dop_operator_v3 to 2022-01-19T18:25:00+00:00
[2022-01-19 18:26:47,652] {processor.py:171} INFO - Processing /home/airflow/.local/lib/python3.6/site-packages/airflow/example_dags/example_branch_python_dop_operator_3.py took 0.057 seconds
[2022-01-19 18:27:18,445] {processor.py:163} INFO - Started process (PID=2262) to work on /home/airflow/.local/lib/python3.6/site-packages/airflow/example_dags/example_branch_python_dop_operator_3.py
[2022-01-19 18:27:18,448] {processor.py:642} INFO - Processing file /home/airflow/.local/lib/python3.6/site-packages/airflow/example_dags/example_branch_python_dop_operator_3.py for tasks to queue
[2022-01-19 18:27:18,448] {logging_mixin.py:109} INFO - [2022-01-19 18:27:18,448] {dagbag.py:500} INFO - Filling up the DagBag from /home/airflow/.local/lib/python3.6/site-packages/airflow/example_dags/example_branch_python_dop_operator_3.py
[2022-01-19 18:27:18,471] {processor.py:654} INFO - DAG(s) dict_keys(['example_branch_dop_operator_v3']) retrieved from /home/airflow/.local/lib/python3.6/site-packages/airflow/example_dags/example_branch_python_dop_operator_3.py
[2022-01-19 18:27:18,480] {logging_mixin.py:109} INFO - [2022-01-19 18:27:18,480] {dag.py:2396} INFO - Sync 1 DAGs
[2022-01-19 18:27:18,500] {logging_mixin.py:109} INFO - [2022-01-19 18:27:18,500] {dag.py:2935} INFO - Setting next_dagrun for example_branch_dop_operator_v3 to 2022-01-19T18:26:00+00:00
[2022-01-19 18:27:18,508] {processor.py:171} INFO - Processing /home/airflow/.local/lib/python3.6/site-packages/airflow/example_dags/example_branch_python_dop_operator_3.py took 0.066 seconds
[2022-01-19 18:27:48,563] {processor.py:163} INFO - Started process (PID=2318) to work on /home/airflow/.local/lib/python3.6/site-packages/airflow/example_dags/example_branch_python_dop_operator_3.py
[2022-01-19 18:27:48,564] {processor.py:642} INFO - Processing file /home/airflow/.local/lib/python3.6/site-packages/airflow/example_dags/example_branch_python_dop_operator_3.py for tasks to queue
[2022-01-19 18:27:48,565] {logging_mixin.py:109} INFO - [2022-01-19 18:27:48,565] {dagbag.py:500} INFO - Filling up the DagBag from /home/airflow/.local/lib/python3.6/site-packages/airflow/example_dags/example_branch_python_dop_operator_3.py
[2022-01-19 18:27:48,586] {processor.py:654} INFO - DAG(s) dict_keys(['example_branch_dop_operator_v3']) retrieved from /home/airflow/.local/lib/python3.6/site-packages/airflow/example_dags/example_branch_python_dop_operator_3.py
[2022-01-19 18:27:48,595] {logging_mixin.py:109} INFO - [2022-01-19 18:27:48,595] {dag.py:2396} INFO - Sync 1 DAGs
[2022-01-19 18:27:48,616] {logging_mixin.py:109} INFO - [2022-01-19 18:27:48,615] {dag.py:2935} INFO - Setting next_dagrun for example_branch_dop_operator_v3 to 2022-01-19T18:26:00+00:00
[2022-01-19 18:27:48,623] {processor.py:171} INFO - Processing /home/airflow/.local/lib/python3.6/site-packages/airflow/example_dags/example_branch_python_dop_operator_3.py took 0.061 seconds
[2022-01-19 18:28:19,300] {processor.py:163} INFO - Started process (PID=2370) to work on /home/airflow/.local/lib/python3.6/site-packages/airflow/example_dags/example_branch_python_dop_operator_3.py
[2022-01-19 18:28:19,301] {processor.py:642} INFO - Processing file /home/airflow/.local/lib/python3.6/site-packages/airflow/example_dags/example_branch_python_dop_operator_3.py for tasks to queue
[2022-01-19 18:28:19,302] {logging_mixin.py:109} INFO - [2022-01-19 18:28:19,302] {dagbag.py:500} INFO - Filling up the DagBag from /home/airflow/.local/lib/python3.6/site-packages/airflow/example_dags/example_branch_python_dop_operator_3.py
[2022-01-19 18:28:19,326] {processor.py:654} INFO - DAG(s) dict_keys(['example_branch_dop_operator_v3']) retrieved from /home/airflow/.local/lib/python3.6/site-packages/airflow/example_dags/example_branch_python_dop_operator_3.py
[2022-01-19 18:28:19,336] {logging_mixin.py:109} INFO - [2022-01-19 18:28:19,336] {dag.py:2396} INFO - Sync 1 DAGs
[2022-01-19 18:28:19,359] {logging_mixin.py:109} INFO - [2022-01-19 18:28:19,359] {dag.py:2935} INFO - Setting next_dagrun for example_branch_dop_operator_v3 to 2022-01-19T18:27:00+00:00
[2022-01-19 18:28:19,366] {processor.py:171} INFO - Processing /home/airflow/.local/lib/python3.6/site-packages/airflow/example_dags/example_branch_python_dop_operator_3.py took 0.068 seconds
[2022-01-19 18:28:50,300] {processor.py:163} INFO - Started process (PID=2434) to work on /home/airflow/.local/lib/python3.6/site-packages/airflow/example_dags/example_branch_python_dop_operator_3.py
[2022-01-19 18:28:50,301] {processor.py:642} INFO - Processing file /home/airflow/.local/lib/python3.6/site-packages/airflow/example_dags/example_branch_python_dop_operator_3.py for tasks to queue
[2022-01-19 18:28:50,302] {logging_mixin.py:109} INFO - [2022-01-19 18:28:50,302] {dagbag.py:500} INFO - Filling up the DagBag from /home/airflow/.local/lib/python3.6/site-packages/airflow/example_dags/example_branch_python_dop_operator_3.py
[2022-01-19 18:28:50,337] {processor.py:654} INFO - DAG(s) dict_keys(['example_branch_dop_operator_v3']) retrieved from /home/airflow/.local/lib/python3.6/site-packages/airflow/example_dags/example_branch_python_dop_operator_3.py
[2022-01-19 18:28:50,351] {logging_mixin.py:109} INFO - [2022-01-19 18:28:50,351] {dag.py:2396} INFO - Sync 1 DAGs
[2022-01-19 18:28:50,381] {logging_mixin.py:109} INFO - [2022-01-19 18:28:50,381] {dag.py:2935} INFO - Setting next_dagrun for example_branch_dop_operator_v3 to 2022-01-19T18:27:00+00:00
[2022-01-19 18:28:50,390] {processor.py:171} INFO - Processing /home/airflow/.local/lib/python3.6/site-packages/airflow/example_dags/example_branch_python_dop_operator_3.py took 0.092 seconds
[2022-01-19 18:29:21,198] {processor.py:163} INFO - Started process (PID=2487) to work on /home/airflow/.local/lib/python3.6/site-packages/airflow/example_dags/example_branch_python_dop_operator_3.py
[2022-01-19 18:29:21,199] {processor.py:642} INFO - Processing file /home/airflow/.local/lib/python3.6/site-packages/airflow/example_dags/example_branch_python_dop_operator_3.py for tasks to queue
[2022-01-19 18:29:21,199] {logging_mixin.py:109} INFO - [2022-01-19 18:29:21,199] {dagbag.py:500} INFO - Filling up the DagBag from /home/airflow/.local/lib/python3.6/site-packages/airflow/example_dags/example_branch_python_dop_operator_3.py
[2022-01-19 18:29:21,218] {processor.py:654} INFO - DAG(s) dict_keys(['example_branch_dop_operator_v3']) retrieved from /home/airflow/.local/lib/python3.6/site-packages/airflow/example_dags/example_branch_python_dop_operator_3.py
[2022-01-19 18:29:21,226] {logging_mixin.py:109} INFO - [2022-01-19 18:29:21,226] {dag.py:2396} INFO - Sync 1 DAGs
[2022-01-19 18:29:21,242] {logging_mixin.py:109} INFO - [2022-01-19 18:29:21,242] {dag.py:2935} INFO - Setting next_dagrun for example_branch_dop_operator_v3 to 2022-01-19T18:28:00+00:00
[2022-01-19 18:29:21,249] {processor.py:171} INFO - Processing /home/airflow/.local/lib/python3.6/site-packages/airflow/example_dags/example_branch_python_dop_operator_3.py took 0.053 seconds
[2022-01-19 18:29:51,892] {processor.py:163} INFO - Started process (PID=2547) to work on /home/airflow/.local/lib/python3.6/site-packages/airflow/example_dags/example_branch_python_dop_operator_3.py
[2022-01-19 18:29:51,893] {processor.py:642} INFO - Processing file /home/airflow/.local/lib/python3.6/site-packages/airflow/example_dags/example_branch_python_dop_operator_3.py for tasks to queue
[2022-01-19 18:29:51,894] {logging_mixin.py:109} INFO - [2022-01-19 18:29:51,894] {dagbag.py:500} INFO - Filling up the DagBag from /home/airflow/.local/lib/python3.6/site-packages/airflow/example_dags/example_branch_python_dop_operator_3.py
[2022-01-19 18:29:51,918] {processor.py:654} INFO - DAG(s) dict_keys(['example_branch_dop_operator_v3']) retrieved from /home/airflow/.local/lib/python3.6/site-packages/airflow/example_dags/example_branch_python_dop_operator_3.py
[2022-01-19 18:29:51,926] {logging_mixin.py:109} INFO - [2022-01-19 18:29:51,926] {dag.py:2396} INFO - Sync 1 DAGs
[2022-01-19 18:29:51,945] {logging_mixin.py:109} INFO - [2022-01-19 18:29:51,945] {dag.py:2935} INFO - Setting next_dagrun for example_branch_dop_operator_v3 to 2022-01-19T18:28:00+00:00
[2022-01-19 18:29:51,953] {processor.py:171} INFO - Processing /home/airflow/.local/lib/python3.6/site-packages/airflow/example_dags/example_branch_python_dop_operator_3.py took 0.064 seconds
[2022-01-19 18:30:22,715] {processor.py:163} INFO - Started process (PID=2603) to work on /home/airflow/.local/lib/python3.6/site-packages/airflow/example_dags/example_branch_python_dop_operator_3.py
[2022-01-19 18:30:22,716] {processor.py:642} INFO - Processing file /home/airflow/.local/lib/python3.6/site-packages/airflow/example_dags/example_branch_python_dop_operator_3.py for tasks to queue
[2022-01-19 18:30:22,716] {logging_mixin.py:109} INFO - [2022-01-19 18:30:22,716] {dagbag.py:500} INFO - Filling up the DagBag from /home/airflow/.local/lib/python3.6/site-packages/airflow/example_dags/example_branch_python_dop_operator_3.py
[2022-01-19 18:30:22,736] {processor.py:654} INFO - DAG(s) dict_keys(['example_branch_dop_operator_v3']) retrieved from /home/airflow/.local/lib/python3.6/site-packages/airflow/example_dags/example_branch_python_dop_operator_3.py
[2022-01-19 18:30:22,744] {logging_mixin.py:109} INFO - [2022-01-19 18:30:22,744] {dag.py:2396} INFO - Sync 1 DAGs
[2022-01-19 18:30:22,766] {logging_mixin.py:109} INFO - [2022-01-19 18:30:22,766] {dag.py:2935} INFO - Setting next_dagrun for example_branch_dop_operator_v3 to 2022-01-19T18:29:00+00:00
[2022-01-19 18:30:22,776] {processor.py:171} INFO - Processing /home/airflow/.local/lib/python3.6/site-packages/airflow/example_dags/example_branch_python_dop_operator_3.py took 0.063 seconds
[2022-01-19 18:30:53,339] {processor.py:163} INFO - Started process (PID=2655) to work on /home/airflow/.local/lib/python3.6/site-packages/airflow/example_dags/example_branch_python_dop_operator_3.py
[2022-01-19 18:30:53,340] {processor.py:642} INFO - Processing file /home/airflow/.local/lib/python3.6/site-packages/airflow/example_dags/example_branch_python_dop_operator_3.py for tasks to queue
[2022-01-19 18:30:53,340] {logging_mixin.py:109} INFO - [2022-01-19 18:30:53,340] {dagbag.py:500} INFO - Filling up the DagBag from /home/airflow/.local/lib/python3.6/site-packages/airflow/example_dags/example_branch_python_dop_operator_3.py
[2022-01-19 18:30:53,360] {processor.py:654} INFO - DAG(s) dict_keys(['example_branch_dop_operator_v3']) retrieved from /home/airflow/.local/lib/python3.6/site-packages/airflow/example_dags/example_branch_python_dop_operator_3.py
[2022-01-19 18:30:53,368] {logging_mixin.py:109} INFO - [2022-01-19 18:30:53,368] {dag.py:2396} INFO - Sync 1 DAGs
[2022-01-19 18:30:53,386] {logging_mixin.py:109} INFO - [2022-01-19 18:30:53,386] {dag.py:2935} INFO - Setting next_dagrun for example_branch_dop_operator_v3 to 2022-01-19T18:29:00+00:00
[2022-01-19 18:30:53,395] {processor.py:171} INFO - Processing /home/airflow/.local/lib/python3.6/site-packages/airflow/example_dags/example_branch_python_dop_operator_3.py took 0.058 seconds
