[2022-01-19 18:09:48,651] {processor.py:163} INFO - Started process (PID=135) to work on /home/airflow/.local/lib/python3.6/site-packages/airflow/example_dags/example_branch_labels.py
[2022-01-19 18:09:48,652] {processor.py:642} INFO - Processing file /home/airflow/.local/lib/python3.6/site-packages/airflow/example_dags/example_branch_labels.py for tasks to queue
[2022-01-19 18:09:48,652] {logging_mixin.py:109} INFO - [2022-01-19 18:09:48,652] {dagbag.py:500} INFO - Filling up the DagBag from /home/airflow/.local/lib/python3.6/site-packages/airflow/example_dags/example_branch_labels.py
[2022-01-19 18:09:48,682] {processor.py:654} INFO - DAG(s) dict_keys(['example_branch_labels']) retrieved from /home/airflow/.local/lib/python3.6/site-packages/airflow/example_dags/example_branch_labels.py
[2022-01-19 18:09:51,205] {logging_mixin.py:109} INFO - [2022-01-19 18:09:51,205] {manager.py:496} INFO - Created Permission View: can read on DAG:example_branch_labels
[2022-01-19 18:09:51,217] {logging_mixin.py:109} INFO - [2022-01-19 18:09:51,217] {manager.py:496} INFO - Created Permission View: can edit on DAG:example_branch_labels
[2022-01-19 18:09:51,219] {logging_mixin.py:109} INFO - [2022-01-19 18:09:51,217] {dag.py:2396} INFO - Sync 1 DAGs
[2022-01-19 18:09:51,237] {logging_mixin.py:109} INFO - [2022-01-19 18:09:51,234] {dag.py:2415} INFO - Creating ORM DAG for example_branch_labels
[2022-01-19 18:09:51,255] {logging_mixin.py:109} INFO - [2022-01-19 18:09:51,255] {dag.py:2935} INFO - Setting next_dagrun for example_branch_labels to 2022-01-18 00:00:00+00:00
[2022-01-19 18:09:51,271] {processor.py:171} INFO - Processing /home/airflow/.local/lib/python3.6/site-packages/airflow/example_dags/example_branch_labels.py took 2.623 seconds
[2022-01-19 18:10:21,840] {processor.py:163} INFO - Started process (PID=366) to work on /home/airflow/.local/lib/python3.6/site-packages/airflow/example_dags/example_branch_labels.py
[2022-01-19 18:10:21,842] {processor.py:642} INFO - Processing file /home/airflow/.local/lib/python3.6/site-packages/airflow/example_dags/example_branch_labels.py for tasks to queue
[2022-01-19 18:10:21,842] {logging_mixin.py:109} INFO - [2022-01-19 18:10:21,842] {dagbag.py:500} INFO - Filling up the DagBag from /home/airflow/.local/lib/python3.6/site-packages/airflow/example_dags/example_branch_labels.py
[2022-01-19 18:10:21,871] {processor.py:654} INFO - DAG(s) dict_keys(['example_branch_labels']) retrieved from /home/airflow/.local/lib/python3.6/site-packages/airflow/example_dags/example_branch_labels.py
[2022-01-19 18:10:21,881] {logging_mixin.py:109} INFO - [2022-01-19 18:10:21,881] {dag.py:2396} INFO - Sync 1 DAGs
[2022-01-19 18:10:21,900] {logging_mixin.py:109} INFO - [2022-01-19 18:10:21,899] {dag.py:2935} INFO - Setting next_dagrun for example_branch_labels to 2022-01-18 00:00:00+00:00
[2022-01-19 18:10:21,908] {processor.py:171} INFO - Processing /home/airflow/.local/lib/python3.6/site-packages/airflow/example_dags/example_branch_labels.py took 0.070 seconds
[2022-01-19 18:10:52,530] {processor.py:163} INFO - Started process (PID=418) to work on /home/airflow/.local/lib/python3.6/site-packages/airflow/example_dags/example_branch_labels.py
[2022-01-19 18:10:52,532] {processor.py:642} INFO - Processing file /home/airflow/.local/lib/python3.6/site-packages/airflow/example_dags/example_branch_labels.py for tasks to queue
[2022-01-19 18:10:52,533] {logging_mixin.py:109} INFO - [2022-01-19 18:10:52,533] {dagbag.py:500} INFO - Filling up the DagBag from /home/airflow/.local/lib/python3.6/site-packages/airflow/example_dags/example_branch_labels.py
[2022-01-19 18:10:52,598] {processor.py:654} INFO - DAG(s) dict_keys(['example_branch_labels']) retrieved from /home/airflow/.local/lib/python3.6/site-packages/airflow/example_dags/example_branch_labels.py
[2022-01-19 18:10:52,627] {logging_mixin.py:109} INFO - [2022-01-19 18:10:52,627] {dag.py:2396} INFO - Sync 1 DAGs
[2022-01-19 18:10:52,666] {logging_mixin.py:109} INFO - [2022-01-19 18:10:52,666] {dag.py:2935} INFO - Setting next_dagrun for example_branch_labels to 2022-01-18 00:00:00+00:00
[2022-01-19 18:10:52,691] {processor.py:171} INFO - Processing /home/airflow/.local/lib/python3.6/site-packages/airflow/example_dags/example_branch_labels.py took 0.166 seconds
[2022-01-19 18:11:22,943] {processor.py:163} INFO - Started process (PID=479) to work on /home/airflow/.local/lib/python3.6/site-packages/airflow/example_dags/example_branch_labels.py
[2022-01-19 18:11:22,945] {processor.py:642} INFO - Processing file /home/airflow/.local/lib/python3.6/site-packages/airflow/example_dags/example_branch_labels.py for tasks to queue
[2022-01-19 18:11:22,946] {logging_mixin.py:109} INFO - [2022-01-19 18:11:22,946] {dagbag.py:500} INFO - Filling up the DagBag from /home/airflow/.local/lib/python3.6/site-packages/airflow/example_dags/example_branch_labels.py
[2022-01-19 18:11:22,966] {processor.py:654} INFO - DAG(s) dict_keys(['example_branch_labels']) retrieved from /home/airflow/.local/lib/python3.6/site-packages/airflow/example_dags/example_branch_labels.py
[2022-01-19 18:11:22,975] {logging_mixin.py:109} INFO - [2022-01-19 18:11:22,975] {dag.py:2396} INFO - Sync 1 DAGs
[2022-01-19 18:11:22,994] {logging_mixin.py:109} INFO - [2022-01-19 18:11:22,994] {dag.py:2935} INFO - Setting next_dagrun for example_branch_labels to 2022-01-18 00:00:00+00:00
[2022-01-19 18:11:23,001] {processor.py:171} INFO - Processing /home/airflow/.local/lib/python3.6/site-packages/airflow/example_dags/example_branch_labels.py took 0.060 seconds
[2022-01-19 18:11:53,102] {processor.py:163} INFO - Started process (PID=532) to work on /home/airflow/.local/lib/python3.6/site-packages/airflow/example_dags/example_branch_labels.py
[2022-01-19 18:11:53,104] {processor.py:642} INFO - Processing file /home/airflow/.local/lib/python3.6/site-packages/airflow/example_dags/example_branch_labels.py for tasks to queue
[2022-01-19 18:11:53,104] {logging_mixin.py:109} INFO - [2022-01-19 18:11:53,104] {dagbag.py:500} INFO - Filling up the DagBag from /home/airflow/.local/lib/python3.6/site-packages/airflow/example_dags/example_branch_labels.py
[2022-01-19 18:11:53,133] {processor.py:654} INFO - DAG(s) dict_keys(['example_branch_labels']) retrieved from /home/airflow/.local/lib/python3.6/site-packages/airflow/example_dags/example_branch_labels.py
[2022-01-19 18:11:53,144] {logging_mixin.py:109} INFO - [2022-01-19 18:11:53,143] {dag.py:2396} INFO - Sync 1 DAGs
[2022-01-19 18:11:53,163] {logging_mixin.py:109} INFO - [2022-01-19 18:11:53,163] {dag.py:2935} INFO - Setting next_dagrun for example_branch_labels to 2022-01-18 00:00:00+00:00
[2022-01-19 18:11:53,172] {processor.py:171} INFO - Processing /home/airflow/.local/lib/python3.6/site-packages/airflow/example_dags/example_branch_labels.py took 0.073 seconds
[2022-01-19 18:12:23,426] {processor.py:163} INFO - Started process (PID=586) to work on /home/airflow/.local/lib/python3.6/site-packages/airflow/example_dags/example_branch_labels.py
[2022-01-19 18:12:23,430] {processor.py:642} INFO - Processing file /home/airflow/.local/lib/python3.6/site-packages/airflow/example_dags/example_branch_labels.py for tasks to queue
[2022-01-19 18:12:23,431] {logging_mixin.py:109} INFO - [2022-01-19 18:12:23,431] {dagbag.py:500} INFO - Filling up the DagBag from /home/airflow/.local/lib/python3.6/site-packages/airflow/example_dags/example_branch_labels.py
[2022-01-19 18:12:23,455] {processor.py:654} INFO - DAG(s) dict_keys(['example_branch_labels']) retrieved from /home/airflow/.local/lib/python3.6/site-packages/airflow/example_dags/example_branch_labels.py
[2022-01-19 18:12:23,465] {logging_mixin.py:109} INFO - [2022-01-19 18:12:23,465] {dag.py:2396} INFO - Sync 1 DAGs
[2022-01-19 18:12:23,481] {logging_mixin.py:109} INFO - [2022-01-19 18:12:23,481] {dag.py:2935} INFO - Setting next_dagrun for example_branch_labels to 2022-01-18 00:00:00+00:00
[2022-01-19 18:12:23,489] {processor.py:171} INFO - Processing /home/airflow/.local/lib/python3.6/site-packages/airflow/example_dags/example_branch_labels.py took 0.065 seconds
[2022-01-19 18:12:54,002] {processor.py:163} INFO - Started process (PID=648) to work on /home/airflow/.local/lib/python3.6/site-packages/airflow/example_dags/example_branch_labels.py
[2022-01-19 18:12:54,002] {processor.py:642} INFO - Processing file /home/airflow/.local/lib/python3.6/site-packages/airflow/example_dags/example_branch_labels.py for tasks to queue
[2022-01-19 18:12:54,003] {logging_mixin.py:109} INFO - [2022-01-19 18:12:54,003] {dagbag.py:500} INFO - Filling up the DagBag from /home/airflow/.local/lib/python3.6/site-packages/airflow/example_dags/example_branch_labels.py
[2022-01-19 18:12:54,021] {processor.py:654} INFO - DAG(s) dict_keys(['example_branch_labels']) retrieved from /home/airflow/.local/lib/python3.6/site-packages/airflow/example_dags/example_branch_labels.py
[2022-01-19 18:12:54,029] {logging_mixin.py:109} INFO - [2022-01-19 18:12:54,029] {dag.py:2396} INFO - Sync 1 DAGs
[2022-01-19 18:12:54,043] {logging_mixin.py:109} INFO - [2022-01-19 18:12:54,043] {dag.py:2935} INFO - Setting next_dagrun for example_branch_labels to 2022-01-18 00:00:00+00:00
[2022-01-19 18:12:54,050] {processor.py:171} INFO - Processing /home/airflow/.local/lib/python3.6/site-packages/airflow/example_dags/example_branch_labels.py took 0.050 seconds
[2022-01-19 18:13:24,461] {processor.py:163} INFO - Started process (PID=718) to work on /home/airflow/.local/lib/python3.6/site-packages/airflow/example_dags/example_branch_labels.py
[2022-01-19 18:13:24,462] {processor.py:642} INFO - Processing file /home/airflow/.local/lib/python3.6/site-packages/airflow/example_dags/example_branch_labels.py for tasks to queue
[2022-01-19 18:13:24,462] {logging_mixin.py:109} INFO - [2022-01-19 18:13:24,462] {dagbag.py:500} INFO - Filling up the DagBag from /home/airflow/.local/lib/python3.6/site-packages/airflow/example_dags/example_branch_labels.py
[2022-01-19 18:13:24,483] {processor.py:654} INFO - DAG(s) dict_keys(['example_branch_labels']) retrieved from /home/airflow/.local/lib/python3.6/site-packages/airflow/example_dags/example_branch_labels.py
[2022-01-19 18:13:24,491] {logging_mixin.py:109} INFO - [2022-01-19 18:13:24,491] {dag.py:2396} INFO - Sync 1 DAGs
[2022-01-19 18:13:24,508] {logging_mixin.py:109} INFO - [2022-01-19 18:13:24,508] {dag.py:2935} INFO - Setting next_dagrun for example_branch_labels to 2022-01-18 00:00:00+00:00
[2022-01-19 18:13:24,516] {processor.py:171} INFO - Processing /home/airflow/.local/lib/python3.6/site-packages/airflow/example_dags/example_branch_labels.py took 0.057 seconds
[2022-01-19 18:13:55,112] {processor.py:163} INFO - Started process (PID=771) to work on /home/airflow/.local/lib/python3.6/site-packages/airflow/example_dags/example_branch_labels.py
[2022-01-19 18:13:55,115] {processor.py:642} INFO - Processing file /home/airflow/.local/lib/python3.6/site-packages/airflow/example_dags/example_branch_labels.py for tasks to queue
[2022-01-19 18:13:55,117] {logging_mixin.py:109} INFO - [2022-01-19 18:13:55,117] {dagbag.py:500} INFO - Filling up the DagBag from /home/airflow/.local/lib/python3.6/site-packages/airflow/example_dags/example_branch_labels.py
[2022-01-19 18:13:55,156] {processor.py:654} INFO - DAG(s) dict_keys(['example_branch_labels']) retrieved from /home/airflow/.local/lib/python3.6/site-packages/airflow/example_dags/example_branch_labels.py
[2022-01-19 18:13:55,167] {logging_mixin.py:109} INFO - [2022-01-19 18:13:55,166] {dag.py:2396} INFO - Sync 1 DAGs
[2022-01-19 18:13:55,187] {logging_mixin.py:109} INFO - [2022-01-19 18:13:55,187] {dag.py:2935} INFO - Setting next_dagrun for example_branch_labels to 2022-01-18 00:00:00+00:00
[2022-01-19 18:13:55,194] {processor.py:171} INFO - Processing /home/airflow/.local/lib/python3.6/site-packages/airflow/example_dags/example_branch_labels.py took 0.092 seconds
[2022-01-19 18:14:25,774] {processor.py:163} INFO - Started process (PID=833) to work on /home/airflow/.local/lib/python3.6/site-packages/airflow/example_dags/example_branch_labels.py
[2022-01-19 18:14:25,776] {processor.py:642} INFO - Processing file /home/airflow/.local/lib/python3.6/site-packages/airflow/example_dags/example_branch_labels.py for tasks to queue
[2022-01-19 18:14:25,777] {logging_mixin.py:109} INFO - [2022-01-19 18:14:25,777] {dagbag.py:500} INFO - Filling up the DagBag from /home/airflow/.local/lib/python3.6/site-packages/airflow/example_dags/example_branch_labels.py
[2022-01-19 18:14:25,797] {processor.py:654} INFO - DAG(s) dict_keys(['example_branch_labels']) retrieved from /home/airflow/.local/lib/python3.6/site-packages/airflow/example_dags/example_branch_labels.py
[2022-01-19 18:14:25,805] {logging_mixin.py:109} INFO - [2022-01-19 18:14:25,805] {dag.py:2396} INFO - Sync 1 DAGs
[2022-01-19 18:14:25,822] {logging_mixin.py:109} INFO - [2022-01-19 18:14:25,821] {dag.py:2935} INFO - Setting next_dagrun for example_branch_labels to 2022-01-18 00:00:00+00:00
[2022-01-19 18:14:25,828] {processor.py:171} INFO - Processing /home/airflow/.local/lib/python3.6/site-packages/airflow/example_dags/example_branch_labels.py took 0.056 seconds
[2022-01-19 18:14:56,322] {processor.py:163} INFO - Started process (PID=885) to work on /home/airflow/.local/lib/python3.6/site-packages/airflow/example_dags/example_branch_labels.py
[2022-01-19 18:14:56,323] {processor.py:642} INFO - Processing file /home/airflow/.local/lib/python3.6/site-packages/airflow/example_dags/example_branch_labels.py for tasks to queue
[2022-01-19 18:14:56,324] {logging_mixin.py:109} INFO - [2022-01-19 18:14:56,324] {dagbag.py:500} INFO - Filling up the DagBag from /home/airflow/.local/lib/python3.6/site-packages/airflow/example_dags/example_branch_labels.py
[2022-01-19 18:14:56,353] {processor.py:654} INFO - DAG(s) dict_keys(['example_branch_labels']) retrieved from /home/airflow/.local/lib/python3.6/site-packages/airflow/example_dags/example_branch_labels.py
[2022-01-19 18:14:56,364] {logging_mixin.py:109} INFO - [2022-01-19 18:14:56,364] {dag.py:2396} INFO - Sync 1 DAGs
[2022-01-19 18:14:56,380] {logging_mixin.py:109} INFO - [2022-01-19 18:14:56,380] {dag.py:2935} INFO - Setting next_dagrun for example_branch_labels to 2022-01-18 00:00:00+00:00
[2022-01-19 18:14:56,387] {processor.py:171} INFO - Processing /home/airflow/.local/lib/python3.6/site-packages/airflow/example_dags/example_branch_labels.py took 0.068 seconds
[2022-01-19 18:15:26,768] {processor.py:163} INFO - Started process (PID=947) to work on /home/airflow/.local/lib/python3.6/site-packages/airflow/example_dags/example_branch_labels.py
[2022-01-19 18:15:26,769] {processor.py:642} INFO - Processing file /home/airflow/.local/lib/python3.6/site-packages/airflow/example_dags/example_branch_labels.py for tasks to queue
[2022-01-19 18:15:26,770] {logging_mixin.py:109} INFO - [2022-01-19 18:15:26,770] {dagbag.py:500} INFO - Filling up the DagBag from /home/airflow/.local/lib/python3.6/site-packages/airflow/example_dags/example_branch_labels.py
[2022-01-19 18:15:26,791] {processor.py:654} INFO - DAG(s) dict_keys(['example_branch_labels']) retrieved from /home/airflow/.local/lib/python3.6/site-packages/airflow/example_dags/example_branch_labels.py
[2022-01-19 18:15:26,800] {logging_mixin.py:109} INFO - [2022-01-19 18:15:26,800] {dag.py:2396} INFO - Sync 1 DAGs
[2022-01-19 18:15:26,818] {logging_mixin.py:109} INFO - [2022-01-19 18:15:26,818] {dag.py:2935} INFO - Setting next_dagrun for example_branch_labels to 2022-01-18 00:00:00+00:00
[2022-01-19 18:15:26,826] {processor.py:171} INFO - Processing /home/airflow/.local/lib/python3.6/site-packages/airflow/example_dags/example_branch_labels.py took 0.060 seconds
[2022-01-19 18:15:57,266] {processor.py:163} INFO - Started process (PID=1000) to work on /home/airflow/.local/lib/python3.6/site-packages/airflow/example_dags/example_branch_labels.py
[2022-01-19 18:15:57,266] {processor.py:642} INFO - Processing file /home/airflow/.local/lib/python3.6/site-packages/airflow/example_dags/example_branch_labels.py for tasks to queue
[2022-01-19 18:15:57,267] {logging_mixin.py:109} INFO - [2022-01-19 18:15:57,267] {dagbag.py:500} INFO - Filling up the DagBag from /home/airflow/.local/lib/python3.6/site-packages/airflow/example_dags/example_branch_labels.py
[2022-01-19 18:15:57,286] {processor.py:654} INFO - DAG(s) dict_keys(['example_branch_labels']) retrieved from /home/airflow/.local/lib/python3.6/site-packages/airflow/example_dags/example_branch_labels.py
[2022-01-19 18:15:57,298] {logging_mixin.py:109} INFO - [2022-01-19 18:15:57,298] {dag.py:2396} INFO - Sync 1 DAGs
[2022-01-19 18:15:57,316] {logging_mixin.py:109} INFO - [2022-01-19 18:15:57,316] {dag.py:2935} INFO - Setting next_dagrun for example_branch_labels to 2022-01-18 00:00:00+00:00
[2022-01-19 18:15:57,323] {processor.py:171} INFO - Processing /home/airflow/.local/lib/python3.6/site-packages/airflow/example_dags/example_branch_labels.py took 0.060 seconds
[2022-01-19 18:16:27,713] {processor.py:163} INFO - Started process (PID=1061) to work on /home/airflow/.local/lib/python3.6/site-packages/airflow/example_dags/example_branch_labels.py
[2022-01-19 18:16:27,714] {processor.py:642} INFO - Processing file /home/airflow/.local/lib/python3.6/site-packages/airflow/example_dags/example_branch_labels.py for tasks to queue
[2022-01-19 18:16:27,715] {logging_mixin.py:109} INFO - [2022-01-19 18:16:27,715] {dagbag.py:500} INFO - Filling up the DagBag from /home/airflow/.local/lib/python3.6/site-packages/airflow/example_dags/example_branch_labels.py
[2022-01-19 18:16:27,754] {processor.py:654} INFO - DAG(s) dict_keys(['example_branch_labels']) retrieved from /home/airflow/.local/lib/python3.6/site-packages/airflow/example_dags/example_branch_labels.py
[2022-01-19 18:16:27,770] {logging_mixin.py:109} INFO - [2022-01-19 18:16:27,770] {dag.py:2396} INFO - Sync 1 DAGs
[2022-01-19 18:16:27,798] {logging_mixin.py:109} INFO - [2022-01-19 18:16:27,797] {dag.py:2935} INFO - Setting next_dagrun for example_branch_labels to 2022-01-18 00:00:00+00:00
[2022-01-19 18:16:27,806] {processor.py:171} INFO - Processing /home/airflow/.local/lib/python3.6/site-packages/airflow/example_dags/example_branch_labels.py took 0.096 seconds
[2022-01-19 18:16:58,477] {processor.py:163} INFO - Started process (PID=1114) to work on /home/airflow/.local/lib/python3.6/site-packages/airflow/example_dags/example_branch_labels.py
[2022-01-19 18:16:58,480] {processor.py:642} INFO - Processing file /home/airflow/.local/lib/python3.6/site-packages/airflow/example_dags/example_branch_labels.py for tasks to queue
[2022-01-19 18:16:58,480] {logging_mixin.py:109} INFO - [2022-01-19 18:16:58,480] {dagbag.py:500} INFO - Filling up the DagBag from /home/airflow/.local/lib/python3.6/site-packages/airflow/example_dags/example_branch_labels.py
[2022-01-19 18:16:58,507] {processor.py:654} INFO - DAG(s) dict_keys(['example_branch_labels']) retrieved from /home/airflow/.local/lib/python3.6/site-packages/airflow/example_dags/example_branch_labels.py
[2022-01-19 18:16:58,519] {logging_mixin.py:109} INFO - [2022-01-19 18:16:58,519] {dag.py:2396} INFO - Sync 1 DAGs
[2022-01-19 18:16:58,535] {logging_mixin.py:109} INFO - [2022-01-19 18:16:58,535] {dag.py:2935} INFO - Setting next_dagrun for example_branch_labels to 2022-01-18 00:00:00+00:00
[2022-01-19 18:16:58,542] {processor.py:171} INFO - Processing /home/airflow/.local/lib/python3.6/site-packages/airflow/example_dags/example_branch_labels.py took 0.067 seconds
[2022-01-19 18:17:28,719] {processor.py:163} INFO - Started process (PID=1167) to work on /home/airflow/.local/lib/python3.6/site-packages/airflow/example_dags/example_branch_labels.py
[2022-01-19 18:17:28,720] {processor.py:642} INFO - Processing file /home/airflow/.local/lib/python3.6/site-packages/airflow/example_dags/example_branch_labels.py for tasks to queue
[2022-01-19 18:17:28,720] {logging_mixin.py:109} INFO - [2022-01-19 18:17:28,720] {dagbag.py:500} INFO - Filling up the DagBag from /home/airflow/.local/lib/python3.6/site-packages/airflow/example_dags/example_branch_labels.py
[2022-01-19 18:17:28,739] {processor.py:654} INFO - DAG(s) dict_keys(['example_branch_labels']) retrieved from /home/airflow/.local/lib/python3.6/site-packages/airflow/example_dags/example_branch_labels.py
[2022-01-19 18:17:28,747] {logging_mixin.py:109} INFO - [2022-01-19 18:17:28,747] {dag.py:2396} INFO - Sync 1 DAGs
[2022-01-19 18:17:28,767] {logging_mixin.py:109} INFO - [2022-01-19 18:17:28,767] {dag.py:2935} INFO - Setting next_dagrun for example_branch_labels to 2022-01-18 00:00:00+00:00
[2022-01-19 18:17:28,775] {processor.py:171} INFO - Processing /home/airflow/.local/lib/python3.6/site-packages/airflow/example_dags/example_branch_labels.py took 0.058 seconds
[2022-01-19 18:17:59,084] {processor.py:163} INFO - Started process (PID=1230) to work on /home/airflow/.local/lib/python3.6/site-packages/airflow/example_dags/example_branch_labels.py
[2022-01-19 18:17:59,086] {processor.py:642} INFO - Processing file /home/airflow/.local/lib/python3.6/site-packages/airflow/example_dags/example_branch_labels.py for tasks to queue
[2022-01-19 18:17:59,088] {logging_mixin.py:109} INFO - [2022-01-19 18:17:59,088] {dagbag.py:500} INFO - Filling up the DagBag from /home/airflow/.local/lib/python3.6/site-packages/airflow/example_dags/example_branch_labels.py
[2022-01-19 18:17:59,126] {processor.py:654} INFO - DAG(s) dict_keys(['example_branch_labels']) retrieved from /home/airflow/.local/lib/python3.6/site-packages/airflow/example_dags/example_branch_labels.py
[2022-01-19 18:17:59,135] {logging_mixin.py:109} INFO - [2022-01-19 18:17:59,135] {dag.py:2396} INFO - Sync 1 DAGs
[2022-01-19 18:17:59,152] {logging_mixin.py:109} INFO - [2022-01-19 18:17:59,152] {dag.py:2935} INFO - Setting next_dagrun for example_branch_labels to 2022-01-18 00:00:00+00:00
[2022-01-19 18:17:59,159] {processor.py:171} INFO - Processing /home/airflow/.local/lib/python3.6/site-packages/airflow/example_dags/example_branch_labels.py took 0.082 seconds
[2022-01-19 18:18:29,781] {processor.py:163} INFO - Started process (PID=1282) to work on /home/airflow/.local/lib/python3.6/site-packages/airflow/example_dags/example_branch_labels.py
[2022-01-19 18:18:29,785] {processor.py:642} INFO - Processing file /home/airflow/.local/lib/python3.6/site-packages/airflow/example_dags/example_branch_labels.py for tasks to queue
[2022-01-19 18:18:29,787] {logging_mixin.py:109} INFO - [2022-01-19 18:18:29,786] {dagbag.py:500} INFO - Filling up the DagBag from /home/airflow/.local/lib/python3.6/site-packages/airflow/example_dags/example_branch_labels.py
[2022-01-19 18:18:29,831] {processor.py:654} INFO - DAG(s) dict_keys(['example_branch_labels']) retrieved from /home/airflow/.local/lib/python3.6/site-packages/airflow/example_dags/example_branch_labels.py
[2022-01-19 18:18:29,841] {logging_mixin.py:109} INFO - [2022-01-19 18:18:29,841] {dag.py:2396} INFO - Sync 1 DAGs
[2022-01-19 18:18:29,858] {logging_mixin.py:109} INFO - [2022-01-19 18:18:29,858] {dag.py:2935} INFO - Setting next_dagrun for example_branch_labels to 2022-01-18 00:00:00+00:00
[2022-01-19 18:18:29,865] {processor.py:171} INFO - Processing /home/airflow/.local/lib/python3.6/site-packages/airflow/example_dags/example_branch_labels.py took 0.087 seconds
[2022-01-19 18:19:00,173] {processor.py:163} INFO - Started process (PID=1344) to work on /home/airflow/.local/lib/python3.6/site-packages/airflow/example_dags/example_branch_labels.py
[2022-01-19 18:19:00,175] {processor.py:642} INFO - Processing file /home/airflow/.local/lib/python3.6/site-packages/airflow/example_dags/example_branch_labels.py for tasks to queue
[2022-01-19 18:19:00,176] {logging_mixin.py:109} INFO - [2022-01-19 18:19:00,176] {dagbag.py:500} INFO - Filling up the DagBag from /home/airflow/.local/lib/python3.6/site-packages/airflow/example_dags/example_branch_labels.py
[2022-01-19 18:19:00,202] {processor.py:654} INFO - DAG(s) dict_keys(['example_branch_labels']) retrieved from /home/airflow/.local/lib/python3.6/site-packages/airflow/example_dags/example_branch_labels.py
[2022-01-19 18:19:00,217] {logging_mixin.py:109} INFO - [2022-01-19 18:19:00,217] {dag.py:2396} INFO - Sync 1 DAGs
[2022-01-19 18:19:00,245] {logging_mixin.py:109} INFO - [2022-01-19 18:19:00,245] {dag.py:2935} INFO - Setting next_dagrun for example_branch_labels to 2022-01-18 00:00:00+00:00
[2022-01-19 18:19:00,253] {processor.py:171} INFO - Processing /home/airflow/.local/lib/python3.6/site-packages/airflow/example_dags/example_branch_labels.py took 0.084 seconds
[2022-01-19 18:19:30,891] {processor.py:163} INFO - Started process (PID=1396) to work on /home/airflow/.local/lib/python3.6/site-packages/airflow/example_dags/example_branch_labels.py
[2022-01-19 18:19:30,892] {processor.py:642} INFO - Processing file /home/airflow/.local/lib/python3.6/site-packages/airflow/example_dags/example_branch_labels.py for tasks to queue
[2022-01-19 18:19:30,892] {logging_mixin.py:109} INFO - [2022-01-19 18:19:30,892] {dagbag.py:500} INFO - Filling up the DagBag from /home/airflow/.local/lib/python3.6/site-packages/airflow/example_dags/example_branch_labels.py
[2022-01-19 18:19:30,912] {processor.py:654} INFO - DAG(s) dict_keys(['example_branch_labels']) retrieved from /home/airflow/.local/lib/python3.6/site-packages/airflow/example_dags/example_branch_labels.py
[2022-01-19 18:19:30,921] {logging_mixin.py:109} INFO - [2022-01-19 18:19:30,921] {dag.py:2396} INFO - Sync 1 DAGs
[2022-01-19 18:19:30,936] {logging_mixin.py:109} INFO - [2022-01-19 18:19:30,936] {dag.py:2935} INFO - Setting next_dagrun for example_branch_labels to 2022-01-18 00:00:00+00:00
[2022-01-19 18:19:30,943] {processor.py:171} INFO - Processing /home/airflow/.local/lib/python3.6/site-packages/airflow/example_dags/example_branch_labels.py took 0.054 seconds
[2022-01-19 18:20:01,261] {processor.py:163} INFO - Started process (PID=1449) to work on /home/airflow/.local/lib/python3.6/site-packages/airflow/example_dags/example_branch_labels.py
[2022-01-19 18:20:01,262] {processor.py:642} INFO - Processing file /home/airflow/.local/lib/python3.6/site-packages/airflow/example_dags/example_branch_labels.py for tasks to queue
[2022-01-19 18:20:01,263] {logging_mixin.py:109} INFO - [2022-01-19 18:20:01,263] {dagbag.py:500} INFO - Filling up the DagBag from /home/airflow/.local/lib/python3.6/site-packages/airflow/example_dags/example_branch_labels.py
[2022-01-19 18:20:01,287] {processor.py:654} INFO - DAG(s) dict_keys(['example_branch_labels']) retrieved from /home/airflow/.local/lib/python3.6/site-packages/airflow/example_dags/example_branch_labels.py
[2022-01-19 18:20:01,296] {logging_mixin.py:109} INFO - [2022-01-19 18:20:01,296] {dag.py:2396} INFO - Sync 1 DAGs
[2022-01-19 18:20:01,313] {logging_mixin.py:109} INFO - [2022-01-19 18:20:01,313] {dag.py:2935} INFO - Setting next_dagrun for example_branch_labels to 2022-01-18 00:00:00+00:00
[2022-01-19 18:20:01,320] {processor.py:171} INFO - Processing /home/airflow/.local/lib/python3.6/site-packages/airflow/example_dags/example_branch_labels.py took 0.062 seconds
[2022-01-19 18:20:32,009] {processor.py:163} INFO - Started process (PID=1511) to work on /home/airflow/.local/lib/python3.6/site-packages/airflow/example_dags/example_branch_labels.py
[2022-01-19 18:20:32,009] {processor.py:642} INFO - Processing file /home/airflow/.local/lib/python3.6/site-packages/airflow/example_dags/example_branch_labels.py for tasks to queue
[2022-01-19 18:20:32,010] {logging_mixin.py:109} INFO - [2022-01-19 18:20:32,010] {dagbag.py:500} INFO - Filling up the DagBag from /home/airflow/.local/lib/python3.6/site-packages/airflow/example_dags/example_branch_labels.py
[2022-01-19 18:20:32,033] {processor.py:654} INFO - DAG(s) dict_keys(['example_branch_labels']) retrieved from /home/airflow/.local/lib/python3.6/site-packages/airflow/example_dags/example_branch_labels.py
[2022-01-19 18:20:32,043] {logging_mixin.py:109} INFO - [2022-01-19 18:20:32,043] {dag.py:2396} INFO - Sync 1 DAGs
[2022-01-19 18:20:32,060] {logging_mixin.py:109} INFO - [2022-01-19 18:20:32,060] {dag.py:2935} INFO - Setting next_dagrun for example_branch_labels to 2022-01-18 00:00:00+00:00
[2022-01-19 18:20:32,068] {processor.py:171} INFO - Processing /home/airflow/.local/lib/python3.6/site-packages/airflow/example_dags/example_branch_labels.py took 0.066 seconds
[2022-01-19 18:21:02,220] {processor.py:163} INFO - Started process (PID=1563) to work on /home/airflow/.local/lib/python3.6/site-packages/airflow/example_dags/example_branch_labels.py
[2022-01-19 18:21:02,220] {processor.py:642} INFO - Processing file /home/airflow/.local/lib/python3.6/site-packages/airflow/example_dags/example_branch_labels.py for tasks to queue
[2022-01-19 18:21:02,221] {logging_mixin.py:109} INFO - [2022-01-19 18:21:02,221] {dagbag.py:500} INFO - Filling up the DagBag from /home/airflow/.local/lib/python3.6/site-packages/airflow/example_dags/example_branch_labels.py
[2022-01-19 18:21:02,241] {processor.py:654} INFO - DAG(s) dict_keys(['example_branch_labels']) retrieved from /home/airflow/.local/lib/python3.6/site-packages/airflow/example_dags/example_branch_labels.py
[2022-01-19 18:21:02,249] {logging_mixin.py:109} INFO - [2022-01-19 18:21:02,249] {dag.py:2396} INFO - Sync 1 DAGs
[2022-01-19 18:21:02,264] {logging_mixin.py:109} INFO - [2022-01-19 18:21:02,264] {dag.py:2935} INFO - Setting next_dagrun for example_branch_labels to 2022-01-18 00:00:00+00:00
[2022-01-19 18:21:02,271] {processor.py:171} INFO - Processing /home/airflow/.local/lib/python3.6/site-packages/airflow/example_dags/example_branch_labels.py took 0.053 seconds
[2022-01-19 18:21:32,301] {processor.py:163} INFO - Started process (PID=1615) to work on /home/airflow/.local/lib/python3.6/site-packages/airflow/example_dags/example_branch_labels.py
[2022-01-19 18:21:32,302] {processor.py:642} INFO - Processing file /home/airflow/.local/lib/python3.6/site-packages/airflow/example_dags/example_branch_labels.py for tasks to queue
[2022-01-19 18:21:32,302] {logging_mixin.py:109} INFO - [2022-01-19 18:21:32,302] {dagbag.py:500} INFO - Filling up the DagBag from /home/airflow/.local/lib/python3.6/site-packages/airflow/example_dags/example_branch_labels.py
[2022-01-19 18:21:32,331] {processor.py:654} INFO - DAG(s) dict_keys(['example_branch_labels']) retrieved from /home/airflow/.local/lib/python3.6/site-packages/airflow/example_dags/example_branch_labels.py
[2022-01-19 18:21:32,344] {logging_mixin.py:109} INFO - [2022-01-19 18:21:32,344] {dag.py:2396} INFO - Sync 1 DAGs
[2022-01-19 18:21:32,372] {logging_mixin.py:109} INFO - [2022-01-19 18:21:32,372] {dag.py:2935} INFO - Setting next_dagrun for example_branch_labels to 2022-01-18 00:00:00+00:00
[2022-01-19 18:21:32,390] {processor.py:171} INFO - Processing /home/airflow/.local/lib/python3.6/site-packages/airflow/example_dags/example_branch_labels.py took 0.092 seconds
[2022-01-19 18:22:03,342] {processor.py:163} INFO - Started process (PID=1678) to work on /home/airflow/.local/lib/python3.6/site-packages/airflow/example_dags/example_branch_labels.py
[2022-01-19 18:22:03,343] {processor.py:642} INFO - Processing file /home/airflow/.local/lib/python3.6/site-packages/airflow/example_dags/example_branch_labels.py for tasks to queue
[2022-01-19 18:22:03,343] {logging_mixin.py:109} INFO - [2022-01-19 18:22:03,343] {dagbag.py:500} INFO - Filling up the DagBag from /home/airflow/.local/lib/python3.6/site-packages/airflow/example_dags/example_branch_labels.py
[2022-01-19 18:22:03,367] {processor.py:654} INFO - DAG(s) dict_keys(['example_branch_labels']) retrieved from /home/airflow/.local/lib/python3.6/site-packages/airflow/example_dags/example_branch_labels.py
[2022-01-19 18:22:03,377] {logging_mixin.py:109} INFO - [2022-01-19 18:22:03,377] {dag.py:2396} INFO - Sync 1 DAGs
[2022-01-19 18:22:03,394] {logging_mixin.py:109} INFO - [2022-01-19 18:22:03,394] {dag.py:2935} INFO - Setting next_dagrun for example_branch_labels to 2022-01-18 00:00:00+00:00
[2022-01-19 18:22:03,402] {processor.py:171} INFO - Processing /home/airflow/.local/lib/python3.6/site-packages/airflow/example_dags/example_branch_labels.py took 0.062 seconds
[2022-01-19 18:22:34,343] {processor.py:163} INFO - Started process (PID=1730) to work on /home/airflow/.local/lib/python3.6/site-packages/airflow/example_dags/example_branch_labels.py
[2022-01-19 18:22:34,344] {processor.py:642} INFO - Processing file /home/airflow/.local/lib/python3.6/site-packages/airflow/example_dags/example_branch_labels.py for tasks to queue
[2022-01-19 18:22:34,344] {logging_mixin.py:109} INFO - [2022-01-19 18:22:34,344] {dagbag.py:500} INFO - Filling up the DagBag from /home/airflow/.local/lib/python3.6/site-packages/airflow/example_dags/example_branch_labels.py
[2022-01-19 18:22:34,371] {processor.py:654} INFO - DAG(s) dict_keys(['example_branch_labels']) retrieved from /home/airflow/.local/lib/python3.6/site-packages/airflow/example_dags/example_branch_labels.py
[2022-01-19 18:22:34,382] {logging_mixin.py:109} INFO - [2022-01-19 18:22:34,382] {dag.py:2396} INFO - Sync 1 DAGs
[2022-01-19 18:22:34,401] {logging_mixin.py:109} INFO - [2022-01-19 18:22:34,400] {dag.py:2935} INFO - Setting next_dagrun for example_branch_labels to 2022-01-18 00:00:00+00:00
[2022-01-19 18:22:34,412] {processor.py:171} INFO - Processing /home/airflow/.local/lib/python3.6/site-packages/airflow/example_dags/example_branch_labels.py took 0.072 seconds
[2022-01-19 18:23:05,292] {processor.py:163} INFO - Started process (PID=1793) to work on /home/airflow/.local/lib/python3.6/site-packages/airflow/example_dags/example_branch_labels.py
[2022-01-19 18:23:05,293] {processor.py:642} INFO - Processing file /home/airflow/.local/lib/python3.6/site-packages/airflow/example_dags/example_branch_labels.py for tasks to queue
[2022-01-19 18:23:05,293] {logging_mixin.py:109} INFO - [2022-01-19 18:23:05,293] {dagbag.py:500} INFO - Filling up the DagBag from /home/airflow/.local/lib/python3.6/site-packages/airflow/example_dags/example_branch_labels.py
[2022-01-19 18:23:05,319] {processor.py:654} INFO - DAG(s) dict_keys(['example_branch_labels']) retrieved from /home/airflow/.local/lib/python3.6/site-packages/airflow/example_dags/example_branch_labels.py
[2022-01-19 18:23:05,329] {logging_mixin.py:109} INFO - [2022-01-19 18:23:05,329] {dag.py:2396} INFO - Sync 1 DAGs
[2022-01-19 18:23:05,347] {logging_mixin.py:109} INFO - [2022-01-19 18:23:05,347] {dag.py:2935} INFO - Setting next_dagrun for example_branch_labels to 2022-01-18 00:00:00+00:00
[2022-01-19 18:23:05,355] {processor.py:171} INFO - Processing /home/airflow/.local/lib/python3.6/site-packages/airflow/example_dags/example_branch_labels.py took 0.066 seconds
[2022-01-19 18:23:36,495] {processor.py:163} INFO - Started process (PID=1846) to work on /home/airflow/.local/lib/python3.6/site-packages/airflow/example_dags/example_branch_labels.py
[2022-01-19 18:23:36,496] {processor.py:642} INFO - Processing file /home/airflow/.local/lib/python3.6/site-packages/airflow/example_dags/example_branch_labels.py for tasks to queue
[2022-01-19 18:23:36,497] {logging_mixin.py:109} INFO - [2022-01-19 18:23:36,497] {dagbag.py:500} INFO - Filling up the DagBag from /home/airflow/.local/lib/python3.6/site-packages/airflow/example_dags/example_branch_labels.py
[2022-01-19 18:23:36,523] {processor.py:654} INFO - DAG(s) dict_keys(['example_branch_labels']) retrieved from /home/airflow/.local/lib/python3.6/site-packages/airflow/example_dags/example_branch_labels.py
[2022-01-19 18:23:36,535] {logging_mixin.py:109} INFO - [2022-01-19 18:23:36,535] {dag.py:2396} INFO - Sync 1 DAGs
[2022-01-19 18:23:36,556] {logging_mixin.py:109} INFO - [2022-01-19 18:23:36,556] {dag.py:2935} INFO - Setting next_dagrun for example_branch_labels to 2022-01-18 00:00:00+00:00
[2022-01-19 18:23:36,565] {processor.py:171} INFO - Processing /home/airflow/.local/lib/python3.6/site-packages/airflow/example_dags/example_branch_labels.py took 0.073 seconds
[2022-01-19 18:24:06,989] {processor.py:163} INFO - Started process (PID=1898) to work on /home/airflow/.local/lib/python3.6/site-packages/airflow/example_dags/example_branch_labels.py
[2022-01-19 18:24:06,990] {processor.py:642} INFO - Processing file /home/airflow/.local/lib/python3.6/site-packages/airflow/example_dags/example_branch_labels.py for tasks to queue
[2022-01-19 18:24:06,991] {logging_mixin.py:109} INFO - [2022-01-19 18:24:06,991] {dagbag.py:500} INFO - Filling up the DagBag from /home/airflow/.local/lib/python3.6/site-packages/airflow/example_dags/example_branch_labels.py
[2022-01-19 18:24:07,032] {processor.py:654} INFO - DAG(s) dict_keys(['example_branch_labels']) retrieved from /home/airflow/.local/lib/python3.6/site-packages/airflow/example_dags/example_branch_labels.py
[2022-01-19 18:24:07,053] {logging_mixin.py:109} INFO - [2022-01-19 18:24:07,053] {dag.py:2396} INFO - Sync 1 DAGs
[2022-01-19 18:24:07,085] {logging_mixin.py:109} INFO - [2022-01-19 18:24:07,084] {dag.py:2935} INFO - Setting next_dagrun for example_branch_labels to 2022-01-18 00:00:00+00:00
[2022-01-19 18:24:07,098] {processor.py:171} INFO - Processing /home/airflow/.local/lib/python3.6/site-packages/airflow/example_dags/example_branch_labels.py took 0.113 seconds
[2022-01-19 18:24:37,366] {processor.py:163} INFO - Started process (PID=1962) to work on /home/airflow/.local/lib/python3.6/site-packages/airflow/example_dags/example_branch_labels.py
[2022-01-19 18:24:37,367] {processor.py:642} INFO - Processing file /home/airflow/.local/lib/python3.6/site-packages/airflow/example_dags/example_branch_labels.py for tasks to queue
[2022-01-19 18:24:37,368] {logging_mixin.py:109} INFO - [2022-01-19 18:24:37,368] {dagbag.py:500} INFO - Filling up the DagBag from /home/airflow/.local/lib/python3.6/site-packages/airflow/example_dags/example_branch_labels.py
[2022-01-19 18:24:37,401] {processor.py:654} INFO - DAG(s) dict_keys(['example_branch_labels']) retrieved from /home/airflow/.local/lib/python3.6/site-packages/airflow/example_dags/example_branch_labels.py
[2022-01-19 18:24:37,417] {logging_mixin.py:109} INFO - [2022-01-19 18:24:37,417] {dag.py:2396} INFO - Sync 1 DAGs
[2022-01-19 18:24:37,447] {logging_mixin.py:109} INFO - [2022-01-19 18:24:37,447] {dag.py:2935} INFO - Setting next_dagrun for example_branch_labels to 2022-01-18 00:00:00+00:00
[2022-01-19 18:24:37,459] {processor.py:171} INFO - Processing /home/airflow/.local/lib/python3.6/site-packages/airflow/example_dags/example_branch_labels.py took 0.097 seconds
[2022-01-19 18:25:08,270] {processor.py:163} INFO - Started process (PID=2014) to work on /home/airflow/.local/lib/python3.6/site-packages/airflow/example_dags/example_branch_labels.py
[2022-01-19 18:25:08,271] {processor.py:642} INFO - Processing file /home/airflow/.local/lib/python3.6/site-packages/airflow/example_dags/example_branch_labels.py for tasks to queue
[2022-01-19 18:25:08,272] {logging_mixin.py:109} INFO - [2022-01-19 18:25:08,272] {dagbag.py:500} INFO - Filling up the DagBag from /home/airflow/.local/lib/python3.6/site-packages/airflow/example_dags/example_branch_labels.py
[2022-01-19 18:25:08,298] {processor.py:654} INFO - DAG(s) dict_keys(['example_branch_labels']) retrieved from /home/airflow/.local/lib/python3.6/site-packages/airflow/example_dags/example_branch_labels.py
[2022-01-19 18:25:08,309] {logging_mixin.py:109} INFO - [2022-01-19 18:25:08,309] {dag.py:2396} INFO - Sync 1 DAGs
[2022-01-19 18:25:08,327] {logging_mixin.py:109} INFO - [2022-01-19 18:25:08,327] {dag.py:2935} INFO - Setting next_dagrun for example_branch_labels to 2022-01-18 00:00:00+00:00
[2022-01-19 18:25:08,336] {processor.py:171} INFO - Processing /home/airflow/.local/lib/python3.6/site-packages/airflow/example_dags/example_branch_labels.py took 0.068 seconds
[2022-01-19 18:25:38,961] {processor.py:163} INFO - Started process (PID=2078) to work on /home/airflow/.local/lib/python3.6/site-packages/airflow/example_dags/example_branch_labels.py
[2022-01-19 18:25:38,962] {processor.py:642} INFO - Processing file /home/airflow/.local/lib/python3.6/site-packages/airflow/example_dags/example_branch_labels.py for tasks to queue
[2022-01-19 18:25:38,963] {logging_mixin.py:109} INFO - [2022-01-19 18:25:38,963] {dagbag.py:500} INFO - Filling up the DagBag from /home/airflow/.local/lib/python3.6/site-packages/airflow/example_dags/example_branch_labels.py
[2022-01-19 18:25:38,989] {processor.py:654} INFO - DAG(s) dict_keys(['example_branch_labels']) retrieved from /home/airflow/.local/lib/python3.6/site-packages/airflow/example_dags/example_branch_labels.py
[2022-01-19 18:25:39,000] {logging_mixin.py:109} INFO - [2022-01-19 18:25:39,000] {dag.py:2396} INFO - Sync 1 DAGs
[2022-01-19 18:25:39,018] {logging_mixin.py:109} INFO - [2022-01-19 18:25:39,018] {dag.py:2935} INFO - Setting next_dagrun for example_branch_labels to 2022-01-18 00:00:00+00:00
[2022-01-19 18:25:39,026] {processor.py:171} INFO - Processing /home/airflow/.local/lib/python3.6/site-packages/airflow/example_dags/example_branch_labels.py took 0.068 seconds
[2022-01-19 18:26:09,549] {processor.py:163} INFO - Started process (PID=2131) to work on /home/airflow/.local/lib/python3.6/site-packages/airflow/example_dags/example_branch_labels.py
[2022-01-19 18:26:09,550] {processor.py:642} INFO - Processing file /home/airflow/.local/lib/python3.6/site-packages/airflow/example_dags/example_branch_labels.py for tasks to queue
[2022-01-19 18:26:09,551] {logging_mixin.py:109} INFO - [2022-01-19 18:26:09,551] {dagbag.py:500} INFO - Filling up the DagBag from /home/airflow/.local/lib/python3.6/site-packages/airflow/example_dags/example_branch_labels.py
[2022-01-19 18:26:09,574] {processor.py:654} INFO - DAG(s) dict_keys(['example_branch_labels']) retrieved from /home/airflow/.local/lib/python3.6/site-packages/airflow/example_dags/example_branch_labels.py
[2022-01-19 18:26:09,585] {logging_mixin.py:109} INFO - [2022-01-19 18:26:09,585] {dag.py:2396} INFO - Sync 1 DAGs
[2022-01-19 18:26:09,603] {logging_mixin.py:109} INFO - [2022-01-19 18:26:09,603] {dag.py:2935} INFO - Setting next_dagrun for example_branch_labels to 2022-01-18 00:00:00+00:00
[2022-01-19 18:26:09,610] {processor.py:171} INFO - Processing /home/airflow/.local/lib/python3.6/site-packages/airflow/example_dags/example_branch_labels.py took 0.063 seconds
[2022-01-19 18:26:40,219] {processor.py:163} INFO - Started process (PID=2193) to work on /home/airflow/.local/lib/python3.6/site-packages/airflow/example_dags/example_branch_labels.py
[2022-01-19 18:26:40,220] {processor.py:642} INFO - Processing file /home/airflow/.local/lib/python3.6/site-packages/airflow/example_dags/example_branch_labels.py for tasks to queue
[2022-01-19 18:26:40,221] {logging_mixin.py:109} INFO - [2022-01-19 18:26:40,221] {dagbag.py:500} INFO - Filling up the DagBag from /home/airflow/.local/lib/python3.6/site-packages/airflow/example_dags/example_branch_labels.py
[2022-01-19 18:26:40,248] {processor.py:654} INFO - DAG(s) dict_keys(['example_branch_labels']) retrieved from /home/airflow/.local/lib/python3.6/site-packages/airflow/example_dags/example_branch_labels.py
[2022-01-19 18:26:40,260] {logging_mixin.py:109} INFO - [2022-01-19 18:26:40,260] {dag.py:2396} INFO - Sync 1 DAGs
[2022-01-19 18:26:40,282] {logging_mixin.py:109} INFO - [2022-01-19 18:26:40,281] {dag.py:2935} INFO - Setting next_dagrun for example_branch_labels to 2022-01-18 00:00:00+00:00
[2022-01-19 18:26:40,293] {processor.py:171} INFO - Processing /home/airflow/.local/lib/python3.6/site-packages/airflow/example_dags/example_branch_labels.py took 0.077 seconds
[2022-01-19 18:27:11,071] {processor.py:163} INFO - Started process (PID=2246) to work on /home/airflow/.local/lib/python3.6/site-packages/airflow/example_dags/example_branch_labels.py
[2022-01-19 18:27:11,072] {processor.py:642} INFO - Processing file /home/airflow/.local/lib/python3.6/site-packages/airflow/example_dags/example_branch_labels.py for tasks to queue
[2022-01-19 18:27:11,073] {logging_mixin.py:109} INFO - [2022-01-19 18:27:11,073] {dagbag.py:500} INFO - Filling up the DagBag from /home/airflow/.local/lib/python3.6/site-packages/airflow/example_dags/example_branch_labels.py
[2022-01-19 18:27:11,103] {processor.py:654} INFO - DAG(s) dict_keys(['example_branch_labels']) retrieved from /home/airflow/.local/lib/python3.6/site-packages/airflow/example_dags/example_branch_labels.py
[2022-01-19 18:27:11,116] {logging_mixin.py:109} INFO - [2022-01-19 18:27:11,116] {dag.py:2396} INFO - Sync 1 DAGs
[2022-01-19 18:27:11,137] {logging_mixin.py:109} INFO - [2022-01-19 18:27:11,137] {dag.py:2935} INFO - Setting next_dagrun for example_branch_labels to 2022-01-18 00:00:00+00:00
[2022-01-19 18:27:11,147] {processor.py:171} INFO - Processing /home/airflow/.local/lib/python3.6/site-packages/airflow/example_dags/example_branch_labels.py took 0.081 seconds
[2022-01-19 18:27:41,331] {processor.py:163} INFO - Started process (PID=2299) to work on /home/airflow/.local/lib/python3.6/site-packages/airflow/example_dags/example_branch_labels.py
[2022-01-19 18:27:41,332] {processor.py:642} INFO - Processing file /home/airflow/.local/lib/python3.6/site-packages/airflow/example_dags/example_branch_labels.py for tasks to queue
[2022-01-19 18:27:41,333] {logging_mixin.py:109} INFO - [2022-01-19 18:27:41,332] {dagbag.py:500} INFO - Filling up the DagBag from /home/airflow/.local/lib/python3.6/site-packages/airflow/example_dags/example_branch_labels.py
[2022-01-19 18:27:41,356] {processor.py:654} INFO - DAG(s) dict_keys(['example_branch_labels']) retrieved from /home/airflow/.local/lib/python3.6/site-packages/airflow/example_dags/example_branch_labels.py
[2022-01-19 18:27:41,370] {logging_mixin.py:109} INFO - [2022-01-19 18:27:41,370] {dag.py:2396} INFO - Sync 1 DAGs
[2022-01-19 18:27:41,396] {logging_mixin.py:109} INFO - [2022-01-19 18:27:41,396] {dag.py:2935} INFO - Setting next_dagrun for example_branch_labels to 2022-01-18 00:00:00+00:00
[2022-01-19 18:27:41,406] {processor.py:171} INFO - Processing /home/airflow/.local/lib/python3.6/site-packages/airflow/example_dags/example_branch_labels.py took 0.078 seconds
[2022-01-19 18:28:12,041] {processor.py:163} INFO - Started process (PID=2363) to work on /home/airflow/.local/lib/python3.6/site-packages/airflow/example_dags/example_branch_labels.py
[2022-01-19 18:28:12,042] {processor.py:642} INFO - Processing file /home/airflow/.local/lib/python3.6/site-packages/airflow/example_dags/example_branch_labels.py for tasks to queue
[2022-01-19 18:28:12,042] {logging_mixin.py:109} INFO - [2022-01-19 18:28:12,042] {dagbag.py:500} INFO - Filling up the DagBag from /home/airflow/.local/lib/python3.6/site-packages/airflow/example_dags/example_branch_labels.py
[2022-01-19 18:28:12,069] {processor.py:654} INFO - DAG(s) dict_keys(['example_branch_labels']) retrieved from /home/airflow/.local/lib/python3.6/site-packages/airflow/example_dags/example_branch_labels.py
[2022-01-19 18:28:12,079] {logging_mixin.py:109} INFO - [2022-01-19 18:28:12,079] {dag.py:2396} INFO - Sync 1 DAGs
[2022-01-19 18:28:12,097] {logging_mixin.py:109} INFO - [2022-01-19 18:28:12,097] {dag.py:2935} INFO - Setting next_dagrun for example_branch_labels to 2022-01-18 00:00:00+00:00
[2022-01-19 18:28:12,105] {processor.py:171} INFO - Processing /home/airflow/.local/lib/python3.6/site-packages/airflow/example_dags/example_branch_labels.py took 0.067 seconds
[2022-01-19 18:28:42,952] {processor.py:163} INFO - Started process (PID=2416) to work on /home/airflow/.local/lib/python3.6/site-packages/airflow/example_dags/example_branch_labels.py
[2022-01-19 18:28:42,953] {processor.py:642} INFO - Processing file /home/airflow/.local/lib/python3.6/site-packages/airflow/example_dags/example_branch_labels.py for tasks to queue
[2022-01-19 18:28:42,953] {logging_mixin.py:109} INFO - [2022-01-19 18:28:42,953] {dagbag.py:500} INFO - Filling up the DagBag from /home/airflow/.local/lib/python3.6/site-packages/airflow/example_dags/example_branch_labels.py
[2022-01-19 18:28:43,002] {processor.py:654} INFO - DAG(s) dict_keys(['example_branch_labels']) retrieved from /home/airflow/.local/lib/python3.6/site-packages/airflow/example_dags/example_branch_labels.py
[2022-01-19 18:28:43,017] {logging_mixin.py:109} INFO - [2022-01-19 18:28:43,017] {dag.py:2396} INFO - Sync 1 DAGs
[2022-01-19 18:28:43,038] {logging_mixin.py:109} INFO - [2022-01-19 18:28:43,038] {dag.py:2935} INFO - Setting next_dagrun for example_branch_labels to 2022-01-18 00:00:00+00:00
[2022-01-19 18:28:43,048] {processor.py:171} INFO - Processing /home/airflow/.local/lib/python3.6/site-packages/airflow/example_dags/example_branch_labels.py took 0.099 seconds
[2022-01-19 18:29:13,835] {processor.py:163} INFO - Started process (PID=2479) to work on /home/airflow/.local/lib/python3.6/site-packages/airflow/example_dags/example_branch_labels.py
[2022-01-19 18:29:13,837] {processor.py:642} INFO - Processing file /home/airflow/.local/lib/python3.6/site-packages/airflow/example_dags/example_branch_labels.py for tasks to queue
[2022-01-19 18:29:13,838] {logging_mixin.py:109} INFO - [2022-01-19 18:29:13,838] {dagbag.py:500} INFO - Filling up the DagBag from /home/airflow/.local/lib/python3.6/site-packages/airflow/example_dags/example_branch_labels.py
[2022-01-19 18:29:13,878] {processor.py:654} INFO - DAG(s) dict_keys(['example_branch_labels']) retrieved from /home/airflow/.local/lib/python3.6/site-packages/airflow/example_dags/example_branch_labels.py
[2022-01-19 18:29:13,895] {logging_mixin.py:109} INFO - [2022-01-19 18:29:13,895] {dag.py:2396} INFO - Sync 1 DAGs
[2022-01-19 18:29:13,922] {logging_mixin.py:109} INFO - [2022-01-19 18:29:13,922] {dag.py:2935} INFO - Setting next_dagrun for example_branch_labels to 2022-01-18 00:00:00+00:00
[2022-01-19 18:29:13,930] {processor.py:171} INFO - Processing /home/airflow/.local/lib/python3.6/site-packages/airflow/example_dags/example_branch_labels.py took 0.099 seconds
[2022-01-19 18:29:44,619] {processor.py:163} INFO - Started process (PID=2533) to work on /home/airflow/.local/lib/python3.6/site-packages/airflow/example_dags/example_branch_labels.py
[2022-01-19 18:29:44,620] {processor.py:642} INFO - Processing file /home/airflow/.local/lib/python3.6/site-packages/airflow/example_dags/example_branch_labels.py for tasks to queue
[2022-01-19 18:29:44,621] {logging_mixin.py:109} INFO - [2022-01-19 18:29:44,621] {dagbag.py:500} INFO - Filling up the DagBag from /home/airflow/.local/lib/python3.6/site-packages/airflow/example_dags/example_branch_labels.py
[2022-01-19 18:29:44,648] {processor.py:654} INFO - DAG(s) dict_keys(['example_branch_labels']) retrieved from /home/airflow/.local/lib/python3.6/site-packages/airflow/example_dags/example_branch_labels.py
[2022-01-19 18:29:44,659] {logging_mixin.py:109} INFO - [2022-01-19 18:29:44,659] {dag.py:2396} INFO - Sync 1 DAGs
[2022-01-19 18:29:44,677] {logging_mixin.py:109} INFO - [2022-01-19 18:29:44,677] {dag.py:2935} INFO - Setting next_dagrun for example_branch_labels to 2022-01-18 00:00:00+00:00
[2022-01-19 18:29:44,684] {processor.py:171} INFO - Processing /home/airflow/.local/lib/python3.6/site-packages/airflow/example_dags/example_branch_labels.py took 0.068 seconds
[2022-01-19 18:30:15,460] {processor.py:163} INFO - Started process (PID=2586) to work on /home/airflow/.local/lib/python3.6/site-packages/airflow/example_dags/example_branch_labels.py
[2022-01-19 18:30:15,461] {processor.py:642} INFO - Processing file /home/airflow/.local/lib/python3.6/site-packages/airflow/example_dags/example_branch_labels.py for tasks to queue
[2022-01-19 18:30:15,461] {logging_mixin.py:109} INFO - [2022-01-19 18:30:15,461] {dagbag.py:500} INFO - Filling up the DagBag from /home/airflow/.local/lib/python3.6/site-packages/airflow/example_dags/example_branch_labels.py
[2022-01-19 18:30:15,486] {processor.py:654} INFO - DAG(s) dict_keys(['example_branch_labels']) retrieved from /home/airflow/.local/lib/python3.6/site-packages/airflow/example_dags/example_branch_labels.py
[2022-01-19 18:30:15,497] {logging_mixin.py:109} INFO - [2022-01-19 18:30:15,497] {dag.py:2396} INFO - Sync 1 DAGs
[2022-01-19 18:30:15,515] {logging_mixin.py:109} INFO - [2022-01-19 18:30:15,515] {dag.py:2935} INFO - Setting next_dagrun for example_branch_labels to 2022-01-18 00:00:00+00:00
[2022-01-19 18:30:15,523] {processor.py:171} INFO - Processing /home/airflow/.local/lib/python3.6/site-packages/airflow/example_dags/example_branch_labels.py took 0.066 seconds
[2022-01-19 18:30:46,049] {processor.py:163} INFO - Started process (PID=2648) to work on /home/airflow/.local/lib/python3.6/site-packages/airflow/example_dags/example_branch_labels.py
[2022-01-19 18:30:46,050] {processor.py:642} INFO - Processing file /home/airflow/.local/lib/python3.6/site-packages/airflow/example_dags/example_branch_labels.py for tasks to queue
[2022-01-19 18:30:46,050] {logging_mixin.py:109} INFO - [2022-01-19 18:30:46,050] {dagbag.py:500} INFO - Filling up the DagBag from /home/airflow/.local/lib/python3.6/site-packages/airflow/example_dags/example_branch_labels.py
[2022-01-19 18:30:46,075] {processor.py:654} INFO - DAG(s) dict_keys(['example_branch_labels']) retrieved from /home/airflow/.local/lib/python3.6/site-packages/airflow/example_dags/example_branch_labels.py
[2022-01-19 18:30:46,085] {logging_mixin.py:109} INFO - [2022-01-19 18:30:46,085] {dag.py:2396} INFO - Sync 1 DAGs
[2022-01-19 18:30:46,103] {logging_mixin.py:109} INFO - [2022-01-19 18:30:46,103] {dag.py:2935} INFO - Setting next_dagrun for example_branch_labels to 2022-01-18 00:00:00+00:00
[2022-01-19 18:30:46,111] {processor.py:171} INFO - Processing /home/airflow/.local/lib/python3.6/site-packages/airflow/example_dags/example_branch_labels.py took 0.065 seconds
