[2022-01-19 18:09:27,095] {processor.py:163} INFO - Started process (PID=45) to work on /home/airflow/.local/lib/python3.6/site-packages/airflow/example_dags/example_task_group_decorator.py
[2022-01-19 18:09:27,097] {processor.py:642} INFO - Processing file /home/airflow/.local/lib/python3.6/site-packages/airflow/example_dags/example_task_group_decorator.py for tasks to queue
[2022-01-19 18:09:27,097] {logging_mixin.py:109} INFO - [2022-01-19 18:09:27,097] {dagbag.py:500} INFO - Filling up the DagBag from /home/airflow/.local/lib/python3.6/site-packages/airflow/example_dags/example_task_group_decorator.py
[2022-01-19 18:09:27,161] {processor.py:654} INFO - DAG(s) dict_keys(['example_task_group_decorator']) retrieved from /home/airflow/.local/lib/python3.6/site-packages/airflow/example_dags/example_task_group_decorator.py
[2022-01-19 18:09:37,515] {logging_mixin.py:109} INFO - [2022-01-19 18:09:37,515] {manager.py:496} INFO - Created Permission View: can read on DAG:example_task_group_decorator
[2022-01-19 18:09:37,531] {logging_mixin.py:109} INFO - [2022-01-19 18:09:37,530] {manager.py:496} INFO - Created Permission View: can edit on DAG:example_task_group_decorator
[2022-01-19 18:09:37,533] {logging_mixin.py:109} INFO - [2022-01-19 18:09:37,531] {dag.py:2396} INFO - Sync 1 DAGs
[2022-01-19 18:09:37,555] {logging_mixin.py:109} INFO - [2022-01-19 18:09:37,553] {dag.py:2415} INFO - Creating ORM DAG for example_task_group_decorator
[2022-01-19 18:09:37,571] {logging_mixin.py:109} INFO - [2022-01-19 18:09:37,571] {dag.py:2935} INFO - Setting next_dagrun for example_task_group_decorator to 2022-01-18T18:09:37.570681+00:00
[2022-01-19 18:09:37,591] {processor.py:171} INFO - Processing /home/airflow/.local/lib/python3.6/site-packages/airflow/example_dags/example_task_group_decorator.py took 10.499 seconds
[2022-01-19 18:10:17,955] {processor.py:163} INFO - Started process (PID=355) to work on /home/airflow/.local/lib/python3.6/site-packages/airflow/example_dags/example_task_group_decorator.py
[2022-01-19 18:10:17,956] {processor.py:642} INFO - Processing file /home/airflow/.local/lib/python3.6/site-packages/airflow/example_dags/example_task_group_decorator.py for tasks to queue
[2022-01-19 18:10:17,957] {logging_mixin.py:109} INFO - [2022-01-19 18:10:17,957] {dagbag.py:500} INFO - Filling up the DagBag from /home/airflow/.local/lib/python3.6/site-packages/airflow/example_dags/example_task_group_decorator.py
[2022-01-19 18:10:18,004] {processor.py:654} INFO - DAG(s) dict_keys(['example_task_group_decorator']) retrieved from /home/airflow/.local/lib/python3.6/site-packages/airflow/example_dags/example_task_group_decorator.py
[2022-01-19 18:10:18,305] {logging_mixin.py:109} INFO - [2022-01-19 18:10:18,305] {dag.py:2396} INFO - Sync 1 DAGs
[2022-01-19 18:10:18,329] {logging_mixin.py:109} INFO - [2022-01-19 18:10:18,328] {dag.py:2935} INFO - Setting next_dagrun for example_task_group_decorator to 2022-01-18T18:10:18.328620+00:00
[2022-01-19 18:10:18,343] {processor.py:171} INFO - Processing /home/airflow/.local/lib/python3.6/site-packages/airflow/example_dags/example_task_group_decorator.py took 0.391 seconds
[2022-01-19 18:10:48,978] {processor.py:163} INFO - Started process (PID=409) to work on /home/airflow/.local/lib/python3.6/site-packages/airflow/example_dags/example_task_group_decorator.py
[2022-01-19 18:10:48,981] {processor.py:642} INFO - Processing file /home/airflow/.local/lib/python3.6/site-packages/airflow/example_dags/example_task_group_decorator.py for tasks to queue
[2022-01-19 18:10:48,982] {logging_mixin.py:109} INFO - [2022-01-19 18:10:48,981] {dagbag.py:500} INFO - Filling up the DagBag from /home/airflow/.local/lib/python3.6/site-packages/airflow/example_dags/example_task_group_decorator.py
[2022-01-19 18:10:49,015] {processor.py:654} INFO - DAG(s) dict_keys(['example_task_group_decorator']) retrieved from /home/airflow/.local/lib/python3.6/site-packages/airflow/example_dags/example_task_group_decorator.py
[2022-01-19 18:10:49,214] {logging_mixin.py:109} INFO - [2022-01-19 18:10:49,214] {dag.py:2396} INFO - Sync 1 DAGs
[2022-01-19 18:10:49,229] {logging_mixin.py:109} INFO - [2022-01-19 18:10:49,229] {dag.py:2935} INFO - Setting next_dagrun for example_task_group_decorator to 2022-01-18T18:10:49.229544+00:00
[2022-01-19 18:10:49,239] {processor.py:171} INFO - Processing /home/airflow/.local/lib/python3.6/site-packages/airflow/example_dags/example_task_group_decorator.py took 0.263 seconds
[2022-01-19 18:11:19,297] {processor.py:163} INFO - Started process (PID=462) to work on /home/airflow/.local/lib/python3.6/site-packages/airflow/example_dags/example_task_group_decorator.py
[2022-01-19 18:11:19,300] {processor.py:642} INFO - Processing file /home/airflow/.local/lib/python3.6/site-packages/airflow/example_dags/example_task_group_decorator.py for tasks to queue
[2022-01-19 18:11:19,303] {logging_mixin.py:109} INFO - [2022-01-19 18:11:19,302] {dagbag.py:500} INFO - Filling up the DagBag from /home/airflow/.local/lib/python3.6/site-packages/airflow/example_dags/example_task_group_decorator.py
[2022-01-19 18:11:19,367] {processor.py:654} INFO - DAG(s) dict_keys(['example_task_group_decorator']) retrieved from /home/airflow/.local/lib/python3.6/site-packages/airflow/example_dags/example_task_group_decorator.py
[2022-01-19 18:11:19,589] {logging_mixin.py:109} INFO - [2022-01-19 18:11:19,589] {dag.py:2396} INFO - Sync 1 DAGs
[2022-01-19 18:11:19,609] {logging_mixin.py:109} INFO - [2022-01-19 18:11:19,609] {dag.py:2935} INFO - Setting next_dagrun for example_task_group_decorator to 2022-01-18T18:11:19.609068+00:00
[2022-01-19 18:11:19,621] {processor.py:171} INFO - Processing /home/airflow/.local/lib/python3.6/site-packages/airflow/example_dags/example_task_group_decorator.py took 0.332 seconds
[2022-01-19 18:11:50,552] {processor.py:163} INFO - Started process (PID=525) to work on /home/airflow/.local/lib/python3.6/site-packages/airflow/example_dags/example_task_group_decorator.py
[2022-01-19 18:11:50,553] {processor.py:642} INFO - Processing file /home/airflow/.local/lib/python3.6/site-packages/airflow/example_dags/example_task_group_decorator.py for tasks to queue
[2022-01-19 18:11:50,554] {logging_mixin.py:109} INFO - [2022-01-19 18:11:50,554] {dagbag.py:500} INFO - Filling up the DagBag from /home/airflow/.local/lib/python3.6/site-packages/airflow/example_dags/example_task_group_decorator.py
[2022-01-19 18:11:50,617] {processor.py:654} INFO - DAG(s) dict_keys(['example_task_group_decorator']) retrieved from /home/airflow/.local/lib/python3.6/site-packages/airflow/example_dags/example_task_group_decorator.py
[2022-01-19 18:11:50,862] {logging_mixin.py:109} INFO - [2022-01-19 18:11:50,862] {dag.py:2396} INFO - Sync 1 DAGs
[2022-01-19 18:11:50,879] {logging_mixin.py:109} INFO - [2022-01-19 18:11:50,879] {dag.py:2935} INFO - Setting next_dagrun for example_task_group_decorator to 2022-01-18T18:11:50.879024+00:00
[2022-01-19 18:11:50,889] {processor.py:171} INFO - Processing /home/airflow/.local/lib/python3.6/site-packages/airflow/example_dags/example_task_group_decorator.py took 0.341 seconds
[2022-01-19 18:12:21,093] {processor.py:163} INFO - Started process (PID=580) to work on /home/airflow/.local/lib/python3.6/site-packages/airflow/example_dags/example_task_group_decorator.py
[2022-01-19 18:12:21,093] {processor.py:642} INFO - Processing file /home/airflow/.local/lib/python3.6/site-packages/airflow/example_dags/example_task_group_decorator.py for tasks to queue
[2022-01-19 18:12:21,094] {logging_mixin.py:109} INFO - [2022-01-19 18:12:21,094] {dagbag.py:500} INFO - Filling up the DagBag from /home/airflow/.local/lib/python3.6/site-packages/airflow/example_dags/example_task_group_decorator.py
[2022-01-19 18:12:21,127] {processor.py:654} INFO - DAG(s) dict_keys(['example_task_group_decorator']) retrieved from /home/airflow/.local/lib/python3.6/site-packages/airflow/example_dags/example_task_group_decorator.py
[2022-01-19 18:12:21,332] {logging_mixin.py:109} INFO - [2022-01-19 18:12:21,332] {dag.py:2396} INFO - Sync 1 DAGs
[2022-01-19 18:12:21,347] {logging_mixin.py:109} INFO - [2022-01-19 18:12:21,347] {dag.py:2935} INFO - Setting next_dagrun for example_task_group_decorator to 2022-01-18T18:12:21.347559+00:00
[2022-01-19 18:12:21,357] {processor.py:171} INFO - Processing /home/airflow/.local/lib/python3.6/site-packages/airflow/example_dags/example_task_group_decorator.py took 0.267 seconds
[2022-01-19 18:12:51,472] {processor.py:163} INFO - Started process (PID=631) to work on /home/airflow/.local/lib/python3.6/site-packages/airflow/example_dags/example_task_group_decorator.py
[2022-01-19 18:12:51,474] {processor.py:642} INFO - Processing file /home/airflow/.local/lib/python3.6/site-packages/airflow/example_dags/example_task_group_decorator.py for tasks to queue
[2022-01-19 18:12:51,475] {logging_mixin.py:109} INFO - [2022-01-19 18:12:51,474] {dagbag.py:500} INFO - Filling up the DagBag from /home/airflow/.local/lib/python3.6/site-packages/airflow/example_dags/example_task_group_decorator.py
[2022-01-19 18:12:51,512] {processor.py:654} INFO - DAG(s) dict_keys(['example_task_group_decorator']) retrieved from /home/airflow/.local/lib/python3.6/site-packages/airflow/example_dags/example_task_group_decorator.py
[2022-01-19 18:12:51,722] {logging_mixin.py:109} INFO - [2022-01-19 18:12:51,722] {dag.py:2396} INFO - Sync 1 DAGs
[2022-01-19 18:12:51,738] {logging_mixin.py:109} INFO - [2022-01-19 18:12:51,738] {dag.py:2935} INFO - Setting next_dagrun for example_task_group_decorator to 2022-01-18T18:12:51.737777+00:00
[2022-01-19 18:12:51,752] {processor.py:171} INFO - Processing /home/airflow/.local/lib/python3.6/site-packages/airflow/example_dags/example_task_group_decorator.py took 0.283 seconds
[2022-01-19 18:13:22,055] {processor.py:163} INFO - Started process (PID=710) to work on /home/airflow/.local/lib/python3.6/site-packages/airflow/example_dags/example_task_group_decorator.py
[2022-01-19 18:13:22,057] {processor.py:642} INFO - Processing file /home/airflow/.local/lib/python3.6/site-packages/airflow/example_dags/example_task_group_decorator.py for tasks to queue
[2022-01-19 18:13:22,058] {logging_mixin.py:109} INFO - [2022-01-19 18:13:22,058] {dagbag.py:500} INFO - Filling up the DagBag from /home/airflow/.local/lib/python3.6/site-packages/airflow/example_dags/example_task_group_decorator.py
[2022-01-19 18:13:22,091] {processor.py:654} INFO - DAG(s) dict_keys(['example_task_group_decorator']) retrieved from /home/airflow/.local/lib/python3.6/site-packages/airflow/example_dags/example_task_group_decorator.py
[2022-01-19 18:13:22,259] {logging_mixin.py:109} INFO - [2022-01-19 18:13:22,259] {dag.py:2396} INFO - Sync 1 DAGs
[2022-01-19 18:13:22,272] {logging_mixin.py:109} INFO - [2022-01-19 18:13:22,272] {dag.py:2935} INFO - Setting next_dagrun for example_task_group_decorator to 2022-01-18T18:13:22.272126+00:00
[2022-01-19 18:13:22,282] {processor.py:171} INFO - Processing /home/airflow/.local/lib/python3.6/site-packages/airflow/example_dags/example_task_group_decorator.py took 0.230 seconds
[2022-01-19 18:13:52,666] {processor.py:163} INFO - Started process (PID=764) to work on /home/airflow/.local/lib/python3.6/site-packages/airflow/example_dags/example_task_group_decorator.py
[2022-01-19 18:13:52,667] {processor.py:642} INFO - Processing file /home/airflow/.local/lib/python3.6/site-packages/airflow/example_dags/example_task_group_decorator.py for tasks to queue
[2022-01-19 18:13:52,667] {logging_mixin.py:109} INFO - [2022-01-19 18:13:52,667] {dagbag.py:500} INFO - Filling up the DagBag from /home/airflow/.local/lib/python3.6/site-packages/airflow/example_dags/example_task_group_decorator.py
[2022-01-19 18:13:52,701] {processor.py:654} INFO - DAG(s) dict_keys(['example_task_group_decorator']) retrieved from /home/airflow/.local/lib/python3.6/site-packages/airflow/example_dags/example_task_group_decorator.py
[2022-01-19 18:13:52,874] {logging_mixin.py:109} INFO - [2022-01-19 18:13:52,874] {dag.py:2396} INFO - Sync 1 DAGs
[2022-01-19 18:13:52,887] {logging_mixin.py:109} INFO - [2022-01-19 18:13:52,887] {dag.py:2935} INFO - Setting next_dagrun for example_task_group_decorator to 2022-01-18T18:13:52.886872+00:00
[2022-01-19 18:13:52,897] {processor.py:171} INFO - Processing /home/airflow/.local/lib/python3.6/site-packages/airflow/example_dags/example_task_group_decorator.py took 0.233 seconds
[2022-01-19 18:14:23,403] {processor.py:163} INFO - Started process (PID=826) to work on /home/airflow/.local/lib/python3.6/site-packages/airflow/example_dags/example_task_group_decorator.py
[2022-01-19 18:14:23,404] {processor.py:642} INFO - Processing file /home/airflow/.local/lib/python3.6/site-packages/airflow/example_dags/example_task_group_decorator.py for tasks to queue
[2022-01-19 18:14:23,405] {logging_mixin.py:109} INFO - [2022-01-19 18:14:23,405] {dagbag.py:500} INFO - Filling up the DagBag from /home/airflow/.local/lib/python3.6/site-packages/airflow/example_dags/example_task_group_decorator.py
[2022-01-19 18:14:23,440] {processor.py:654} INFO - DAG(s) dict_keys(['example_task_group_decorator']) retrieved from /home/airflow/.local/lib/python3.6/site-packages/airflow/example_dags/example_task_group_decorator.py
[2022-01-19 18:14:23,643] {logging_mixin.py:109} INFO - [2022-01-19 18:14:23,643] {dag.py:2396} INFO - Sync 1 DAGs
[2022-01-19 18:14:23,658] {logging_mixin.py:109} INFO - [2022-01-19 18:14:23,658] {dag.py:2935} INFO - Setting next_dagrun for example_task_group_decorator to 2022-01-18T18:14:23.657966+00:00
[2022-01-19 18:14:23,668] {processor.py:171} INFO - Processing /home/airflow/.local/lib/python3.6/site-packages/airflow/example_dags/example_task_group_decorator.py took 0.267 seconds
[2022-01-19 18:14:53,894] {processor.py:163} INFO - Started process (PID=878) to work on /home/airflow/.local/lib/python3.6/site-packages/airflow/example_dags/example_task_group_decorator.py
[2022-01-19 18:14:53,895] {processor.py:642} INFO - Processing file /home/airflow/.local/lib/python3.6/site-packages/airflow/example_dags/example_task_group_decorator.py for tasks to queue
[2022-01-19 18:14:53,895] {logging_mixin.py:109} INFO - [2022-01-19 18:14:53,895] {dagbag.py:500} INFO - Filling up the DagBag from /home/airflow/.local/lib/python3.6/site-packages/airflow/example_dags/example_task_group_decorator.py
[2022-01-19 18:14:53,929] {processor.py:654} INFO - DAG(s) dict_keys(['example_task_group_decorator']) retrieved from /home/airflow/.local/lib/python3.6/site-packages/airflow/example_dags/example_task_group_decorator.py
[2022-01-19 18:14:54,098] {logging_mixin.py:109} INFO - [2022-01-19 18:14:54,098] {dag.py:2396} INFO - Sync 1 DAGs
[2022-01-19 18:14:54,111] {logging_mixin.py:109} INFO - [2022-01-19 18:14:54,111] {dag.py:2935} INFO - Setting next_dagrun for example_task_group_decorator to 2022-01-18T18:14:54.111338+00:00
[2022-01-19 18:14:54,121] {processor.py:171} INFO - Processing /home/airflow/.local/lib/python3.6/site-packages/airflow/example_dags/example_task_group_decorator.py took 0.230 seconds
[2022-01-19 18:15:24,239] {processor.py:163} INFO - Started process (PID=930) to work on /home/airflow/.local/lib/python3.6/site-packages/airflow/example_dags/example_task_group_decorator.py
[2022-01-19 18:15:24,240] {processor.py:642} INFO - Processing file /home/airflow/.local/lib/python3.6/site-packages/airflow/example_dags/example_task_group_decorator.py for tasks to queue
[2022-01-19 18:15:24,240] {logging_mixin.py:109} INFO - [2022-01-19 18:15:24,240] {dagbag.py:500} INFO - Filling up the DagBag from /home/airflow/.local/lib/python3.6/site-packages/airflow/example_dags/example_task_group_decorator.py
[2022-01-19 18:15:24,274] {processor.py:654} INFO - DAG(s) dict_keys(['example_task_group_decorator']) retrieved from /home/airflow/.local/lib/python3.6/site-packages/airflow/example_dags/example_task_group_decorator.py
[2022-01-19 18:15:24,501] {logging_mixin.py:109} INFO - [2022-01-19 18:15:24,501] {dag.py:2396} INFO - Sync 1 DAGs
[2022-01-19 18:15:24,514] {logging_mixin.py:109} INFO - [2022-01-19 18:15:24,514] {dag.py:2935} INFO - Setting next_dagrun for example_task_group_decorator to 2022-01-18T18:15:24.513874+00:00
[2022-01-19 18:15:24,522] {processor.py:171} INFO - Processing /home/airflow/.local/lib/python3.6/site-packages/airflow/example_dags/example_task_group_decorator.py took 0.286 seconds
[2022-01-19 18:15:54,789] {processor.py:163} INFO - Started process (PID=993) to work on /home/airflow/.local/lib/python3.6/site-packages/airflow/example_dags/example_task_group_decorator.py
[2022-01-19 18:15:54,789] {processor.py:642} INFO - Processing file /home/airflow/.local/lib/python3.6/site-packages/airflow/example_dags/example_task_group_decorator.py for tasks to queue
[2022-01-19 18:15:54,790] {logging_mixin.py:109} INFO - [2022-01-19 18:15:54,790] {dagbag.py:500} INFO - Filling up the DagBag from /home/airflow/.local/lib/python3.6/site-packages/airflow/example_dags/example_task_group_decorator.py
[2022-01-19 18:15:54,824] {processor.py:654} INFO - DAG(s) dict_keys(['example_task_group_decorator']) retrieved from /home/airflow/.local/lib/python3.6/site-packages/airflow/example_dags/example_task_group_decorator.py
[2022-01-19 18:15:55,007] {logging_mixin.py:109} INFO - [2022-01-19 18:15:55,007] {dag.py:2396} INFO - Sync 1 DAGs
[2022-01-19 18:15:55,028] {logging_mixin.py:109} INFO - [2022-01-19 18:15:55,028] {dag.py:2935} INFO - Setting next_dagrun for example_task_group_decorator to 2022-01-18T18:15:55.027840+00:00
[2022-01-19 18:15:55,041] {processor.py:171} INFO - Processing /home/airflow/.local/lib/python3.6/site-packages/airflow/example_dags/example_task_group_decorator.py took 0.255 seconds
[2022-01-19 18:16:25,209] {processor.py:163} INFO - Started process (PID=1045) to work on /home/airflow/.local/lib/python3.6/site-packages/airflow/example_dags/example_task_group_decorator.py
[2022-01-19 18:16:25,210] {processor.py:642} INFO - Processing file /home/airflow/.local/lib/python3.6/site-packages/airflow/example_dags/example_task_group_decorator.py for tasks to queue
[2022-01-19 18:16:25,211] {logging_mixin.py:109} INFO - [2022-01-19 18:16:25,211] {dagbag.py:500} INFO - Filling up the DagBag from /home/airflow/.local/lib/python3.6/site-packages/airflow/example_dags/example_task_group_decorator.py
[2022-01-19 18:16:25,249] {processor.py:654} INFO - DAG(s) dict_keys(['example_task_group_decorator']) retrieved from /home/airflow/.local/lib/python3.6/site-packages/airflow/example_dags/example_task_group_decorator.py
[2022-01-19 18:16:25,470] {logging_mixin.py:109} INFO - [2022-01-19 18:16:25,470] {dag.py:2396} INFO - Sync 1 DAGs
[2022-01-19 18:16:25,487] {logging_mixin.py:109} INFO - [2022-01-19 18:16:25,487] {dag.py:2935} INFO - Setting next_dagrun for example_task_group_decorator to 2022-01-18T18:16:25.487099+00:00
[2022-01-19 18:16:25,499] {processor.py:171} INFO - Processing /home/airflow/.local/lib/python3.6/site-packages/airflow/example_dags/example_task_group_decorator.py took 0.293 seconds
[2022-01-19 18:16:55,948] {processor.py:163} INFO - Started process (PID=1107) to work on /home/airflow/.local/lib/python3.6/site-packages/airflow/example_dags/example_task_group_decorator.py
[2022-01-19 18:16:55,949] {processor.py:642} INFO - Processing file /home/airflow/.local/lib/python3.6/site-packages/airflow/example_dags/example_task_group_decorator.py for tasks to queue
[2022-01-19 18:16:55,950] {logging_mixin.py:109} INFO - [2022-01-19 18:16:55,950] {dagbag.py:500} INFO - Filling up the DagBag from /home/airflow/.local/lib/python3.6/site-packages/airflow/example_dags/example_task_group_decorator.py
[2022-01-19 18:16:55,987] {processor.py:654} INFO - DAG(s) dict_keys(['example_task_group_decorator']) retrieved from /home/airflow/.local/lib/python3.6/site-packages/airflow/example_dags/example_task_group_decorator.py
[2022-01-19 18:16:56,171] {logging_mixin.py:109} INFO - [2022-01-19 18:16:56,171] {dag.py:2396} INFO - Sync 1 DAGs
[2022-01-19 18:16:56,184] {logging_mixin.py:109} INFO - [2022-01-19 18:16:56,184] {dag.py:2935} INFO - Setting next_dagrun for example_task_group_decorator to 2022-01-18T18:16:56.184437+00:00
[2022-01-19 18:16:56,194] {processor.py:171} INFO - Processing /home/airflow/.local/lib/python3.6/site-packages/airflow/example_dags/example_task_group_decorator.py took 0.248 seconds
[2022-01-19 18:17:26,359] {processor.py:163} INFO - Started process (PID=1160) to work on /home/airflow/.local/lib/python3.6/site-packages/airflow/example_dags/example_task_group_decorator.py
[2022-01-19 18:17:26,360] {processor.py:642} INFO - Processing file /home/airflow/.local/lib/python3.6/site-packages/airflow/example_dags/example_task_group_decorator.py for tasks to queue
[2022-01-19 18:17:26,361] {logging_mixin.py:109} INFO - [2022-01-19 18:17:26,361] {dagbag.py:500} INFO - Filling up the DagBag from /home/airflow/.local/lib/python3.6/site-packages/airflow/example_dags/example_task_group_decorator.py
[2022-01-19 18:17:26,393] {processor.py:654} INFO - DAG(s) dict_keys(['example_task_group_decorator']) retrieved from /home/airflow/.local/lib/python3.6/site-packages/airflow/example_dags/example_task_group_decorator.py
[2022-01-19 18:17:26,581] {logging_mixin.py:109} INFO - [2022-01-19 18:17:26,581] {dag.py:2396} INFO - Sync 1 DAGs
[2022-01-19 18:17:26,596] {logging_mixin.py:109} INFO - [2022-01-19 18:17:26,596] {dag.py:2935} INFO - Setting next_dagrun for example_task_group_decorator to 2022-01-18T18:17:26.596574+00:00
[2022-01-19 18:17:26,607] {processor.py:171} INFO - Processing /home/airflow/.local/lib/python3.6/site-packages/airflow/example_dags/example_task_group_decorator.py took 0.249 seconds
[2022-01-19 18:17:56,775] {processor.py:163} INFO - Started process (PID=1226) to work on /home/airflow/.local/lib/python3.6/site-packages/airflow/example_dags/example_task_group_decorator.py
[2022-01-19 18:17:56,775] {processor.py:642} INFO - Processing file /home/airflow/.local/lib/python3.6/site-packages/airflow/example_dags/example_task_group_decorator.py for tasks to queue
[2022-01-19 18:17:56,776] {logging_mixin.py:109} INFO - [2022-01-19 18:17:56,776] {dagbag.py:500} INFO - Filling up the DagBag from /home/airflow/.local/lib/python3.6/site-packages/airflow/example_dags/example_task_group_decorator.py
[2022-01-19 18:17:56,810] {processor.py:654} INFO - DAG(s) dict_keys(['example_task_group_decorator']) retrieved from /home/airflow/.local/lib/python3.6/site-packages/airflow/example_dags/example_task_group_decorator.py
[2022-01-19 18:17:57,023] {logging_mixin.py:109} INFO - [2022-01-19 18:17:57,023] {dag.py:2396} INFO - Sync 1 DAGs
[2022-01-19 18:17:57,037] {logging_mixin.py:109} INFO - [2022-01-19 18:17:57,037] {dag.py:2935} INFO - Setting next_dagrun for example_task_group_decorator to 2022-01-18T18:17:57.037358+00:00
[2022-01-19 18:17:57,048] {processor.py:171} INFO - Processing /home/airflow/.local/lib/python3.6/site-packages/airflow/example_dags/example_task_group_decorator.py took 0.275 seconds
[2022-01-19 18:18:27,311] {processor.py:163} INFO - Started process (PID=1275) to work on /home/airflow/.local/lib/python3.6/site-packages/airflow/example_dags/example_task_group_decorator.py
[2022-01-19 18:18:27,312] {processor.py:642} INFO - Processing file /home/airflow/.local/lib/python3.6/site-packages/airflow/example_dags/example_task_group_decorator.py for tasks to queue
[2022-01-19 18:18:27,313] {logging_mixin.py:109} INFO - [2022-01-19 18:18:27,313] {dagbag.py:500} INFO - Filling up the DagBag from /home/airflow/.local/lib/python3.6/site-packages/airflow/example_dags/example_task_group_decorator.py
[2022-01-19 18:18:27,347] {processor.py:654} INFO - DAG(s) dict_keys(['example_task_group_decorator']) retrieved from /home/airflow/.local/lib/python3.6/site-packages/airflow/example_dags/example_task_group_decorator.py
[2022-01-19 18:18:27,559] {logging_mixin.py:109} INFO - [2022-01-19 18:18:27,559] {dag.py:2396} INFO - Sync 1 DAGs
[2022-01-19 18:18:27,572] {logging_mixin.py:109} INFO - [2022-01-19 18:18:27,572] {dag.py:2935} INFO - Setting next_dagrun for example_task_group_decorator to 2022-01-18T18:18:27.572324+00:00
[2022-01-19 18:18:27,582] {processor.py:171} INFO - Processing /home/airflow/.local/lib/python3.6/site-packages/airflow/example_dags/example_task_group_decorator.py took 0.273 seconds
[2022-01-19 18:18:57,710] {processor.py:163} INFO - Started process (PID=1327) to work on /home/airflow/.local/lib/python3.6/site-packages/airflow/example_dags/example_task_group_decorator.py
[2022-01-19 18:18:57,712] {processor.py:642} INFO - Processing file /home/airflow/.local/lib/python3.6/site-packages/airflow/example_dags/example_task_group_decorator.py for tasks to queue
[2022-01-19 18:18:57,712] {logging_mixin.py:109} INFO - [2022-01-19 18:18:57,712] {dagbag.py:500} INFO - Filling up the DagBag from /home/airflow/.local/lib/python3.6/site-packages/airflow/example_dags/example_task_group_decorator.py
[2022-01-19 18:18:57,756] {processor.py:654} INFO - DAG(s) dict_keys(['example_task_group_decorator']) retrieved from /home/airflow/.local/lib/python3.6/site-packages/airflow/example_dags/example_task_group_decorator.py
[2022-01-19 18:18:57,996] {logging_mixin.py:109} INFO - [2022-01-19 18:18:57,996] {dag.py:2396} INFO - Sync 1 DAGs
[2022-01-19 18:18:58,019] {logging_mixin.py:109} INFO - [2022-01-19 18:18:58,019] {dag.py:2935} INFO - Setting next_dagrun for example_task_group_decorator to 2022-01-18T18:18:58.019115+00:00
[2022-01-19 18:18:58,033] {processor.py:171} INFO - Processing /home/airflow/.local/lib/python3.6/site-packages/airflow/example_dags/example_task_group_decorator.py took 0.325 seconds
[2022-01-19 18:19:28,322] {processor.py:163} INFO - Started process (PID=1389) to work on /home/airflow/.local/lib/python3.6/site-packages/airflow/example_dags/example_task_group_decorator.py
[2022-01-19 18:19:28,323] {processor.py:642} INFO - Processing file /home/airflow/.local/lib/python3.6/site-packages/airflow/example_dags/example_task_group_decorator.py for tasks to queue
[2022-01-19 18:19:28,323] {logging_mixin.py:109} INFO - [2022-01-19 18:19:28,323] {dagbag.py:500} INFO - Filling up the DagBag from /home/airflow/.local/lib/python3.6/site-packages/airflow/example_dags/example_task_group_decorator.py
[2022-01-19 18:19:28,366] {processor.py:654} INFO - DAG(s) dict_keys(['example_task_group_decorator']) retrieved from /home/airflow/.local/lib/python3.6/site-packages/airflow/example_dags/example_task_group_decorator.py
[2022-01-19 18:19:28,604] {logging_mixin.py:109} INFO - [2022-01-19 18:19:28,604] {dag.py:2396} INFO - Sync 1 DAGs
[2022-01-19 18:19:28,623] {logging_mixin.py:109} INFO - [2022-01-19 18:19:28,623] {dag.py:2935} INFO - Setting next_dagrun for example_task_group_decorator to 2022-01-18T18:19:28.622932+00:00
[2022-01-19 18:19:28,643] {processor.py:171} INFO - Processing /home/airflow/.local/lib/python3.6/site-packages/airflow/example_dags/example_task_group_decorator.py took 0.324 seconds
[2022-01-19 18:19:58,742] {processor.py:163} INFO - Started process (PID=1442) to work on /home/airflow/.local/lib/python3.6/site-packages/airflow/example_dags/example_task_group_decorator.py
[2022-01-19 18:19:58,746] {processor.py:642} INFO - Processing file /home/airflow/.local/lib/python3.6/site-packages/airflow/example_dags/example_task_group_decorator.py for tasks to queue
[2022-01-19 18:19:58,749] {logging_mixin.py:109} INFO - [2022-01-19 18:19:58,749] {dagbag.py:500} INFO - Filling up the DagBag from /home/airflow/.local/lib/python3.6/site-packages/airflow/example_dags/example_task_group_decorator.py
[2022-01-19 18:19:58,806] {processor.py:654} INFO - DAG(s) dict_keys(['example_task_group_decorator']) retrieved from /home/airflow/.local/lib/python3.6/site-packages/airflow/example_dags/example_task_group_decorator.py
[2022-01-19 18:19:58,996] {logging_mixin.py:109} INFO - [2022-01-19 18:19:58,996] {dag.py:2396} INFO - Sync 1 DAGs
[2022-01-19 18:19:59,011] {logging_mixin.py:109} INFO - [2022-01-19 18:19:59,010] {dag.py:2935} INFO - Setting next_dagrun for example_task_group_decorator to 2022-01-18T18:19:59.010686+00:00
[2022-01-19 18:19:59,022] {processor.py:171} INFO - Processing /home/airflow/.local/lib/python3.6/site-packages/airflow/example_dags/example_task_group_decorator.py took 0.289 seconds
[2022-01-19 18:20:29,306] {processor.py:163} INFO - Started process (PID=1503) to work on /home/airflow/.local/lib/python3.6/site-packages/airflow/example_dags/example_task_group_decorator.py
[2022-01-19 18:20:29,307] {processor.py:642} INFO - Processing file /home/airflow/.local/lib/python3.6/site-packages/airflow/example_dags/example_task_group_decorator.py for tasks to queue
[2022-01-19 18:20:29,308] {logging_mixin.py:109} INFO - [2022-01-19 18:20:29,307] {dagbag.py:500} INFO - Filling up the DagBag from /home/airflow/.local/lib/python3.6/site-packages/airflow/example_dags/example_task_group_decorator.py
[2022-01-19 18:20:29,347] {processor.py:654} INFO - DAG(s) dict_keys(['example_task_group_decorator']) retrieved from /home/airflow/.local/lib/python3.6/site-packages/airflow/example_dags/example_task_group_decorator.py
[2022-01-19 18:20:29,698] {logging_mixin.py:109} INFO - [2022-01-19 18:20:29,697] {dag.py:2396} INFO - Sync 1 DAGs
[2022-01-19 18:20:29,719] {logging_mixin.py:109} INFO - [2022-01-19 18:20:29,719] {dag.py:2935} INFO - Setting next_dagrun for example_task_group_decorator to 2022-01-18T18:20:29.718927+00:00
[2022-01-19 18:20:29,732] {processor.py:171} INFO - Processing /home/airflow/.local/lib/python3.6/site-packages/airflow/example_dags/example_task_group_decorator.py took 0.428 seconds
[2022-01-19 18:21:00,574] {processor.py:163} INFO - Started process (PID=1556) to work on /home/airflow/.local/lib/python3.6/site-packages/airflow/example_dags/example_task_group_decorator.py
[2022-01-19 18:21:00,575] {processor.py:642} INFO - Processing file /home/airflow/.local/lib/python3.6/site-packages/airflow/example_dags/example_task_group_decorator.py for tasks to queue
[2022-01-19 18:21:00,576] {logging_mixin.py:109} INFO - [2022-01-19 18:21:00,576] {dagbag.py:500} INFO - Filling up the DagBag from /home/airflow/.local/lib/python3.6/site-packages/airflow/example_dags/example_task_group_decorator.py
[2022-01-19 18:21:00,615] {processor.py:654} INFO - DAG(s) dict_keys(['example_task_group_decorator']) retrieved from /home/airflow/.local/lib/python3.6/site-packages/airflow/example_dags/example_task_group_decorator.py
[2022-01-19 18:21:00,850] {logging_mixin.py:109} INFO - [2022-01-19 18:21:00,850] {dag.py:2396} INFO - Sync 1 DAGs
[2022-01-19 18:21:00,869] {logging_mixin.py:109} INFO - [2022-01-19 18:21:00,868] {dag.py:2935} INFO - Setting next_dagrun for example_task_group_decorator to 2022-01-18T18:21:00.868667+00:00
[2022-01-19 18:21:00,880] {processor.py:171} INFO - Processing /home/airflow/.local/lib/python3.6/site-packages/airflow/example_dags/example_task_group_decorator.py took 0.308 seconds
[2022-01-19 18:21:31,778] {processor.py:163} INFO - Started process (PID=1608) to work on /home/airflow/.local/lib/python3.6/site-packages/airflow/example_dags/example_task_group_decorator.py
[2022-01-19 18:21:31,780] {processor.py:642} INFO - Processing file /home/airflow/.local/lib/python3.6/site-packages/airflow/example_dags/example_task_group_decorator.py for tasks to queue
[2022-01-19 18:21:31,780] {logging_mixin.py:109} INFO - [2022-01-19 18:21:31,780] {dagbag.py:500} INFO - Filling up the DagBag from /home/airflow/.local/lib/python3.6/site-packages/airflow/example_dags/example_task_group_decorator.py
[2022-01-19 18:21:31,828] {processor.py:654} INFO - DAG(s) dict_keys(['example_task_group_decorator']) retrieved from /home/airflow/.local/lib/python3.6/site-packages/airflow/example_dags/example_task_group_decorator.py
[2022-01-19 18:21:32,045] {logging_mixin.py:109} INFO - [2022-01-19 18:21:32,045] {dag.py:2396} INFO - Sync 1 DAGs
[2022-01-19 18:21:32,066] {logging_mixin.py:109} INFO - [2022-01-19 18:21:32,066] {dag.py:2935} INFO - Setting next_dagrun for example_task_group_decorator to 2022-01-18T18:21:32.066347+00:00
[2022-01-19 18:21:32,084] {processor.py:171} INFO - Processing /home/airflow/.local/lib/python3.6/site-packages/airflow/example_dags/example_task_group_decorator.py took 0.309 seconds
[2022-01-19 18:22:02,938] {processor.py:163} INFO - Started process (PID=1672) to work on /home/airflow/.local/lib/python3.6/site-packages/airflow/example_dags/example_task_group_decorator.py
[2022-01-19 18:22:02,939] {processor.py:642} INFO - Processing file /home/airflow/.local/lib/python3.6/site-packages/airflow/example_dags/example_task_group_decorator.py for tasks to queue
[2022-01-19 18:22:02,940] {logging_mixin.py:109} INFO - [2022-01-19 18:22:02,940] {dagbag.py:500} INFO - Filling up the DagBag from /home/airflow/.local/lib/python3.6/site-packages/airflow/example_dags/example_task_group_decorator.py
[2022-01-19 18:22:02,978] {processor.py:654} INFO - DAG(s) dict_keys(['example_task_group_decorator']) retrieved from /home/airflow/.local/lib/python3.6/site-packages/airflow/example_dags/example_task_group_decorator.py
[2022-01-19 18:22:03,162] {logging_mixin.py:109} INFO - [2022-01-19 18:22:03,162] {dag.py:2396} INFO - Sync 1 DAGs
[2022-01-19 18:22:03,175] {logging_mixin.py:109} INFO - [2022-01-19 18:22:03,175] {dag.py:2935} INFO - Setting next_dagrun for example_task_group_decorator to 2022-01-18T18:22:03.174837+00:00
[2022-01-19 18:22:03,185] {processor.py:171} INFO - Processing /home/airflow/.local/lib/python3.6/site-packages/airflow/example_dags/example_task_group_decorator.py took 0.249 seconds
[2022-01-19 18:22:34,010] {processor.py:163} INFO - Started process (PID=1724) to work on /home/airflow/.local/lib/python3.6/site-packages/airflow/example_dags/example_task_group_decorator.py
[2022-01-19 18:22:34,011] {processor.py:642} INFO - Processing file /home/airflow/.local/lib/python3.6/site-packages/airflow/example_dags/example_task_group_decorator.py for tasks to queue
[2022-01-19 18:22:34,012] {logging_mixin.py:109} INFO - [2022-01-19 18:22:34,011] {dagbag.py:500} INFO - Filling up the DagBag from /home/airflow/.local/lib/python3.6/site-packages/airflow/example_dags/example_task_group_decorator.py
[2022-01-19 18:22:34,050] {processor.py:654} INFO - DAG(s) dict_keys(['example_task_group_decorator']) retrieved from /home/airflow/.local/lib/python3.6/site-packages/airflow/example_dags/example_task_group_decorator.py
[2022-01-19 18:22:34,244] {logging_mixin.py:109} INFO - [2022-01-19 18:22:34,244] {dag.py:2396} INFO - Sync 1 DAGs
[2022-01-19 18:22:34,260] {logging_mixin.py:109} INFO - [2022-01-19 18:22:34,259] {dag.py:2935} INFO - Setting next_dagrun for example_task_group_decorator to 2022-01-18T18:22:34.259649+00:00
[2022-01-19 18:22:34,270] {processor.py:171} INFO - Processing /home/airflow/.local/lib/python3.6/site-packages/airflow/example_dags/example_task_group_decorator.py took 0.263 seconds
[2022-01-19 18:23:04,824] {processor.py:163} INFO - Started process (PID=1787) to work on /home/airflow/.local/lib/python3.6/site-packages/airflow/example_dags/example_task_group_decorator.py
[2022-01-19 18:23:04,825] {processor.py:642} INFO - Processing file /home/airflow/.local/lib/python3.6/site-packages/airflow/example_dags/example_task_group_decorator.py for tasks to queue
[2022-01-19 18:23:04,825] {logging_mixin.py:109} INFO - [2022-01-19 18:23:04,825] {dagbag.py:500} INFO - Filling up the DagBag from /home/airflow/.local/lib/python3.6/site-packages/airflow/example_dags/example_task_group_decorator.py
[2022-01-19 18:23:04,863] {processor.py:654} INFO - DAG(s) dict_keys(['example_task_group_decorator']) retrieved from /home/airflow/.local/lib/python3.6/site-packages/airflow/example_dags/example_task_group_decorator.py
[2022-01-19 18:23:05,055] {logging_mixin.py:109} INFO - [2022-01-19 18:23:05,055] {dag.py:2396} INFO - Sync 1 DAGs
[2022-01-19 18:23:05,069] {logging_mixin.py:109} INFO - [2022-01-19 18:23:05,069] {dag.py:2935} INFO - Setting next_dagrun for example_task_group_decorator to 2022-01-18T18:23:05.069644+00:00
[2022-01-19 18:23:05,079] {processor.py:171} INFO - Processing /home/airflow/.local/lib/python3.6/site-packages/airflow/example_dags/example_task_group_decorator.py took 0.258 seconds
[2022-01-19 18:23:35,975] {processor.py:163} INFO - Started process (PID=1840) to work on /home/airflow/.local/lib/python3.6/site-packages/airflow/example_dags/example_task_group_decorator.py
[2022-01-19 18:23:35,976] {processor.py:642} INFO - Processing file /home/airflow/.local/lib/python3.6/site-packages/airflow/example_dags/example_task_group_decorator.py for tasks to queue
[2022-01-19 18:23:35,977] {logging_mixin.py:109} INFO - [2022-01-19 18:23:35,977] {dagbag.py:500} INFO - Filling up the DagBag from /home/airflow/.local/lib/python3.6/site-packages/airflow/example_dags/example_task_group_decorator.py
[2022-01-19 18:23:36,024] {processor.py:654} INFO - DAG(s) dict_keys(['example_task_group_decorator']) retrieved from /home/airflow/.local/lib/python3.6/site-packages/airflow/example_dags/example_task_group_decorator.py
[2022-01-19 18:23:36,220] {logging_mixin.py:109} INFO - [2022-01-19 18:23:36,220] {dag.py:2396} INFO - Sync 1 DAGs
[2022-01-19 18:23:36,239] {logging_mixin.py:109} INFO - [2022-01-19 18:23:36,239] {dag.py:2935} INFO - Setting next_dagrun for example_task_group_decorator to 2022-01-18T18:23:36.239146+00:00
[2022-01-19 18:23:36,256] {processor.py:171} INFO - Processing /home/airflow/.local/lib/python3.6/site-packages/airflow/example_dags/example_task_group_decorator.py took 0.284 seconds
[2022-01-19 18:24:06,401] {processor.py:163} INFO - Started process (PID=1892) to work on /home/airflow/.local/lib/python3.6/site-packages/airflow/example_dags/example_task_group_decorator.py
[2022-01-19 18:24:06,402] {processor.py:642} INFO - Processing file /home/airflow/.local/lib/python3.6/site-packages/airflow/example_dags/example_task_group_decorator.py for tasks to queue
[2022-01-19 18:24:06,403] {logging_mixin.py:109} INFO - [2022-01-19 18:24:06,403] {dagbag.py:500} INFO - Filling up the DagBag from /home/airflow/.local/lib/python3.6/site-packages/airflow/example_dags/example_task_group_decorator.py
[2022-01-19 18:24:06,441] {processor.py:654} INFO - DAG(s) dict_keys(['example_task_group_decorator']) retrieved from /home/airflow/.local/lib/python3.6/site-packages/airflow/example_dags/example_task_group_decorator.py
[2022-01-19 18:24:06,778] {logging_mixin.py:109} INFO - [2022-01-19 18:24:06,778] {dag.py:2396} INFO - Sync 1 DAGs
[2022-01-19 18:24:06,811] {logging_mixin.py:109} INFO - [2022-01-19 18:24:06,811] {dag.py:2935} INFO - Setting next_dagrun for example_task_group_decorator to 2022-01-18T18:24:06.810528+00:00
[2022-01-19 18:24:06,834] {processor.py:171} INFO - Processing /home/airflow/.local/lib/python3.6/site-packages/airflow/example_dags/example_task_group_decorator.py took 0.437 seconds
[2022-01-19 18:24:36,941] {processor.py:163} INFO - Started process (PID=1959) to work on /home/airflow/.local/lib/python3.6/site-packages/airflow/example_dags/example_task_group_decorator.py
[2022-01-19 18:24:36,942] {processor.py:642} INFO - Processing file /home/airflow/.local/lib/python3.6/site-packages/airflow/example_dags/example_task_group_decorator.py for tasks to queue
[2022-01-19 18:24:36,943] {logging_mixin.py:109} INFO - [2022-01-19 18:24:36,943] {dagbag.py:500} INFO - Filling up the DagBag from /home/airflow/.local/lib/python3.6/site-packages/airflow/example_dags/example_task_group_decorator.py
[2022-01-19 18:24:36,997] {processor.py:654} INFO - DAG(s) dict_keys(['example_task_group_decorator']) retrieved from /home/airflow/.local/lib/python3.6/site-packages/airflow/example_dags/example_task_group_decorator.py
[2022-01-19 18:24:37,295] {logging_mixin.py:109} INFO - [2022-01-19 18:24:37,295] {dag.py:2396} INFO - Sync 1 DAGs
[2022-01-19 18:24:37,322] {logging_mixin.py:109} INFO - [2022-01-19 18:24:37,322] {dag.py:2935} INFO - Setting next_dagrun for example_task_group_decorator to 2022-01-18T18:24:37.321521+00:00
[2022-01-19 18:24:37,341] {processor.py:171} INFO - Processing /home/airflow/.local/lib/python3.6/site-packages/airflow/example_dags/example_task_group_decorator.py took 0.404 seconds
[2022-01-19 18:25:07,961] {processor.py:163} INFO - Started process (PID=2010) to work on /home/airflow/.local/lib/python3.6/site-packages/airflow/example_dags/example_task_group_decorator.py
[2022-01-19 18:25:07,962] {processor.py:642} INFO - Processing file /home/airflow/.local/lib/python3.6/site-packages/airflow/example_dags/example_task_group_decorator.py for tasks to queue
[2022-01-19 18:25:07,963] {logging_mixin.py:109} INFO - [2022-01-19 18:25:07,963] {dagbag.py:500} INFO - Filling up the DagBag from /home/airflow/.local/lib/python3.6/site-packages/airflow/example_dags/example_task_group_decorator.py
[2022-01-19 18:25:07,997] {processor.py:654} INFO - DAG(s) dict_keys(['example_task_group_decorator']) retrieved from /home/airflow/.local/lib/python3.6/site-packages/airflow/example_dags/example_task_group_decorator.py
[2022-01-19 18:25:08,164] {logging_mixin.py:109} INFO - [2022-01-19 18:25:08,164] {dag.py:2396} INFO - Sync 1 DAGs
[2022-01-19 18:25:08,178] {logging_mixin.py:109} INFO - [2022-01-19 18:25:08,178] {dag.py:2935} INFO - Setting next_dagrun for example_task_group_decorator to 2022-01-18T18:25:08.178166+00:00
[2022-01-19 18:25:08,187] {processor.py:171} INFO - Processing /home/airflow/.local/lib/python3.6/site-packages/airflow/example_dags/example_task_group_decorator.py took 0.228 seconds
[2022-01-19 18:25:38,614] {processor.py:163} INFO - Started process (PID=2074) to work on /home/airflow/.local/lib/python3.6/site-packages/airflow/example_dags/example_task_group_decorator.py
[2022-01-19 18:25:38,615] {processor.py:642} INFO - Processing file /home/airflow/.local/lib/python3.6/site-packages/airflow/example_dags/example_task_group_decorator.py for tasks to queue
[2022-01-19 18:25:38,615] {logging_mixin.py:109} INFO - [2022-01-19 18:25:38,615] {dagbag.py:500} INFO - Filling up the DagBag from /home/airflow/.local/lib/python3.6/site-packages/airflow/example_dags/example_task_group_decorator.py
[2022-01-19 18:25:38,652] {processor.py:654} INFO - DAG(s) dict_keys(['example_task_group_decorator']) retrieved from /home/airflow/.local/lib/python3.6/site-packages/airflow/example_dags/example_task_group_decorator.py
[2022-01-19 18:25:38,850] {logging_mixin.py:109} INFO - [2022-01-19 18:25:38,850] {dag.py:2396} INFO - Sync 1 DAGs
[2022-01-19 18:25:38,866] {logging_mixin.py:109} INFO - [2022-01-19 18:25:38,866] {dag.py:2935} INFO - Setting next_dagrun for example_task_group_decorator to 2022-01-18T18:25:38.866243+00:00
[2022-01-19 18:25:38,878] {processor.py:171} INFO - Processing /home/airflow/.local/lib/python3.6/site-packages/airflow/example_dags/example_task_group_decorator.py took 0.267 seconds
[2022-01-19 18:26:09,309] {processor.py:163} INFO - Started process (PID=2127) to work on /home/airflow/.local/lib/python3.6/site-packages/airflow/example_dags/example_task_group_decorator.py
[2022-01-19 18:26:09,310] {processor.py:642} INFO - Processing file /home/airflow/.local/lib/python3.6/site-packages/airflow/example_dags/example_task_group_decorator.py for tasks to queue
[2022-01-19 18:26:09,311] {logging_mixin.py:109} INFO - [2022-01-19 18:26:09,311] {dagbag.py:500} INFO - Filling up the DagBag from /home/airflow/.local/lib/python3.6/site-packages/airflow/example_dags/example_task_group_decorator.py
[2022-01-19 18:26:09,354] {processor.py:654} INFO - DAG(s) dict_keys(['example_task_group_decorator']) retrieved from /home/airflow/.local/lib/python3.6/site-packages/airflow/example_dags/example_task_group_decorator.py
[2022-01-19 18:26:09,537] {logging_mixin.py:109} INFO - [2022-01-19 18:26:09,537] {dag.py:2396} INFO - Sync 1 DAGs
[2022-01-19 18:26:09,555] {logging_mixin.py:109} INFO - [2022-01-19 18:26:09,555] {dag.py:2935} INFO - Setting next_dagrun for example_task_group_decorator to 2022-01-18T18:26:09.554894+00:00
[2022-01-19 18:26:09,565] {processor.py:171} INFO - Processing /home/airflow/.local/lib/python3.6/site-packages/airflow/example_dags/example_task_group_decorator.py took 0.260 seconds
[2022-01-19 18:26:39,875] {processor.py:163} INFO - Started process (PID=2187) to work on /home/airflow/.local/lib/python3.6/site-packages/airflow/example_dags/example_task_group_decorator.py
[2022-01-19 18:26:39,876] {processor.py:642} INFO - Processing file /home/airflow/.local/lib/python3.6/site-packages/airflow/example_dags/example_task_group_decorator.py for tasks to queue
[2022-01-19 18:26:39,877] {logging_mixin.py:109} INFO - [2022-01-19 18:26:39,876] {dagbag.py:500} INFO - Filling up the DagBag from /home/airflow/.local/lib/python3.6/site-packages/airflow/example_dags/example_task_group_decorator.py
[2022-01-19 18:26:39,915] {processor.py:654} INFO - DAG(s) dict_keys(['example_task_group_decorator']) retrieved from /home/airflow/.local/lib/python3.6/site-packages/airflow/example_dags/example_task_group_decorator.py
[2022-01-19 18:26:40,113] {logging_mixin.py:109} INFO - [2022-01-19 18:26:40,113] {dag.py:2396} INFO - Sync 1 DAGs
[2022-01-19 18:26:40,131] {logging_mixin.py:109} INFO - [2022-01-19 18:26:40,130] {dag.py:2935} INFO - Setting next_dagrun for example_task_group_decorator to 2022-01-18T18:26:40.130609+00:00
[2022-01-19 18:26:40,143] {processor.py:171} INFO - Processing /home/airflow/.local/lib/python3.6/site-packages/airflow/example_dags/example_task_group_decorator.py took 0.270 seconds
[2022-01-19 18:27:10,717] {processor.py:163} INFO - Started process (PID=2242) to work on /home/airflow/.local/lib/python3.6/site-packages/airflow/example_dags/example_task_group_decorator.py
[2022-01-19 18:27:10,718] {processor.py:642} INFO - Processing file /home/airflow/.local/lib/python3.6/site-packages/airflow/example_dags/example_task_group_decorator.py for tasks to queue
[2022-01-19 18:27:10,719] {logging_mixin.py:109} INFO - [2022-01-19 18:27:10,719] {dagbag.py:500} INFO - Filling up the DagBag from /home/airflow/.local/lib/python3.6/site-packages/airflow/example_dags/example_task_group_decorator.py
[2022-01-19 18:27:10,755] {processor.py:654} INFO - DAG(s) dict_keys(['example_task_group_decorator']) retrieved from /home/airflow/.local/lib/python3.6/site-packages/airflow/example_dags/example_task_group_decorator.py
[2022-01-19 18:27:10,933] {logging_mixin.py:109} INFO - [2022-01-19 18:27:10,933] {dag.py:2396} INFO - Sync 1 DAGs
[2022-01-19 18:27:10,948] {logging_mixin.py:109} INFO - [2022-01-19 18:27:10,948] {dag.py:2935} INFO - Setting next_dagrun for example_task_group_decorator to 2022-01-18T18:27:10.948446+00:00
[2022-01-19 18:27:10,959] {processor.py:171} INFO - Processing /home/airflow/.local/lib/python3.6/site-packages/airflow/example_dags/example_task_group_decorator.py took 0.244 seconds
[2022-01-19 18:27:41,060] {processor.py:163} INFO - Started process (PID=2295) to work on /home/airflow/.local/lib/python3.6/site-packages/airflow/example_dags/example_task_group_decorator.py
[2022-01-19 18:27:41,062] {processor.py:642} INFO - Processing file /home/airflow/.local/lib/python3.6/site-packages/airflow/example_dags/example_task_group_decorator.py for tasks to queue
[2022-01-19 18:27:41,063] {logging_mixin.py:109} INFO - [2022-01-19 18:27:41,063] {dagbag.py:500} INFO - Filling up the DagBag from /home/airflow/.local/lib/python3.6/site-packages/airflow/example_dags/example_task_group_decorator.py
[2022-01-19 18:27:41,112] {processor.py:654} INFO - DAG(s) dict_keys(['example_task_group_decorator']) retrieved from /home/airflow/.local/lib/python3.6/site-packages/airflow/example_dags/example_task_group_decorator.py
[2022-01-19 18:27:41,338] {logging_mixin.py:109} INFO - [2022-01-19 18:27:41,338] {dag.py:2396} INFO - Sync 1 DAGs
[2022-01-19 18:27:41,355] {logging_mixin.py:109} INFO - [2022-01-19 18:27:41,355] {dag.py:2935} INFO - Setting next_dagrun for example_task_group_decorator to 2022-01-18T18:27:41.355295+00:00
[2022-01-19 18:27:41,365] {processor.py:171} INFO - Processing /home/airflow/.local/lib/python3.6/site-packages/airflow/example_dags/example_task_group_decorator.py took 0.307 seconds
[2022-01-19 18:28:11,632] {processor.py:163} INFO - Started process (PID=2359) to work on /home/airflow/.local/lib/python3.6/site-packages/airflow/example_dags/example_task_group_decorator.py
[2022-01-19 18:28:11,633] {processor.py:642} INFO - Processing file /home/airflow/.local/lib/python3.6/site-packages/airflow/example_dags/example_task_group_decorator.py for tasks to queue
[2022-01-19 18:28:11,633] {logging_mixin.py:109} INFO - [2022-01-19 18:28:11,633] {dagbag.py:500} INFO - Filling up the DagBag from /home/airflow/.local/lib/python3.6/site-packages/airflow/example_dags/example_task_group_decorator.py
[2022-01-19 18:28:11,671] {processor.py:654} INFO - DAG(s) dict_keys(['example_task_group_decorator']) retrieved from /home/airflow/.local/lib/python3.6/site-packages/airflow/example_dags/example_task_group_decorator.py
[2022-01-19 18:28:11,933] {logging_mixin.py:109} INFO - [2022-01-19 18:28:11,933] {dag.py:2396} INFO - Sync 1 DAGs
[2022-01-19 18:28:11,948] {logging_mixin.py:109} INFO - [2022-01-19 18:28:11,948] {dag.py:2935} INFO - Setting next_dagrun for example_task_group_decorator to 2022-01-18T18:28:11.948112+00:00
[2022-01-19 18:28:11,959] {processor.py:171} INFO - Processing /home/airflow/.local/lib/python3.6/site-packages/airflow/example_dags/example_task_group_decorator.py took 0.330 seconds
[2022-01-19 18:28:42,461] {processor.py:163} INFO - Started process (PID=2412) to work on /home/airflow/.local/lib/python3.6/site-packages/airflow/example_dags/example_task_group_decorator.py
[2022-01-19 18:28:42,463] {processor.py:642} INFO - Processing file /home/airflow/.local/lib/python3.6/site-packages/airflow/example_dags/example_task_group_decorator.py for tasks to queue
[2022-01-19 18:28:42,463] {logging_mixin.py:109} INFO - [2022-01-19 18:28:42,463] {dagbag.py:500} INFO - Filling up the DagBag from /home/airflow/.local/lib/python3.6/site-packages/airflow/example_dags/example_task_group_decorator.py
[2022-01-19 18:28:42,538] {processor.py:654} INFO - DAG(s) dict_keys(['example_task_group_decorator']) retrieved from /home/airflow/.local/lib/python3.6/site-packages/airflow/example_dags/example_task_group_decorator.py
[2022-01-19 18:28:42,836] {logging_mixin.py:109} INFO - [2022-01-19 18:28:42,836] {dag.py:2396} INFO - Sync 1 DAGs
[2022-01-19 18:28:42,850] {logging_mixin.py:109} INFO - [2022-01-19 18:28:42,850] {dag.py:2935} INFO - Setting next_dagrun for example_task_group_decorator to 2022-01-18T18:28:42.850597+00:00
[2022-01-19 18:28:42,861] {processor.py:171} INFO - Processing /home/airflow/.local/lib/python3.6/site-packages/airflow/example_dags/example_task_group_decorator.py took 0.406 seconds
[2022-01-19 18:29:13,459] {processor.py:163} INFO - Started process (PID=2473) to work on /home/airflow/.local/lib/python3.6/site-packages/airflow/example_dags/example_task_group_decorator.py
[2022-01-19 18:29:13,460] {processor.py:642} INFO - Processing file /home/airflow/.local/lib/python3.6/site-packages/airflow/example_dags/example_task_group_decorator.py for tasks to queue
[2022-01-19 18:29:13,461] {logging_mixin.py:109} INFO - [2022-01-19 18:29:13,461] {dagbag.py:500} INFO - Filling up the DagBag from /home/airflow/.local/lib/python3.6/site-packages/airflow/example_dags/example_task_group_decorator.py
[2022-01-19 18:29:13,506] {processor.py:654} INFO - DAG(s) dict_keys(['example_task_group_decorator']) retrieved from /home/airflow/.local/lib/python3.6/site-packages/airflow/example_dags/example_task_group_decorator.py
[2022-01-19 18:29:13,703] {logging_mixin.py:109} INFO - [2022-01-19 18:29:13,703] {dag.py:2396} INFO - Sync 1 DAGs
[2022-01-19 18:29:13,718] {logging_mixin.py:109} INFO - [2022-01-19 18:29:13,717] {dag.py:2935} INFO - Setting next_dagrun for example_task_group_decorator to 2022-01-18T18:29:13.717720+00:00
[2022-01-19 18:29:13,729] {processor.py:171} INFO - Processing /home/airflow/.local/lib/python3.6/site-packages/airflow/example_dags/example_task_group_decorator.py took 0.273 seconds
[2022-01-19 18:29:44,300] {processor.py:163} INFO - Started process (PID=2529) to work on /home/airflow/.local/lib/python3.6/site-packages/airflow/example_dags/example_task_group_decorator.py
[2022-01-19 18:29:44,301] {processor.py:642} INFO - Processing file /home/airflow/.local/lib/python3.6/site-packages/airflow/example_dags/example_task_group_decorator.py for tasks to queue
[2022-01-19 18:29:44,301] {logging_mixin.py:109} INFO - [2022-01-19 18:29:44,301] {dagbag.py:500} INFO - Filling up the DagBag from /home/airflow/.local/lib/python3.6/site-packages/airflow/example_dags/example_task_group_decorator.py
[2022-01-19 18:29:44,337] {processor.py:654} INFO - DAG(s) dict_keys(['example_task_group_decorator']) retrieved from /home/airflow/.local/lib/python3.6/site-packages/airflow/example_dags/example_task_group_decorator.py
[2022-01-19 18:29:44,510] {logging_mixin.py:109} INFO - [2022-01-19 18:29:44,510] {dag.py:2396} INFO - Sync 1 DAGs
[2022-01-19 18:29:44,523] {logging_mixin.py:109} INFO - [2022-01-19 18:29:44,523] {dag.py:2935} INFO - Setting next_dagrun for example_task_group_decorator to 2022-01-18T18:29:44.523074+00:00
[2022-01-19 18:29:44,533] {processor.py:171} INFO - Processing /home/airflow/.local/lib/python3.6/site-packages/airflow/example_dags/example_task_group_decorator.py took 0.235 seconds
[2022-01-19 18:30:15,145] {processor.py:163} INFO - Started process (PID=2582) to work on /home/airflow/.local/lib/python3.6/site-packages/airflow/example_dags/example_task_group_decorator.py
[2022-01-19 18:30:15,146] {processor.py:642} INFO - Processing file /home/airflow/.local/lib/python3.6/site-packages/airflow/example_dags/example_task_group_decorator.py for tasks to queue
[2022-01-19 18:30:15,146] {logging_mixin.py:109} INFO - [2022-01-19 18:30:15,146] {dagbag.py:500} INFO - Filling up the DagBag from /home/airflow/.local/lib/python3.6/site-packages/airflow/example_dags/example_task_group_decorator.py
[2022-01-19 18:30:15,185] {processor.py:654} INFO - DAG(s) dict_keys(['example_task_group_decorator']) retrieved from /home/airflow/.local/lib/python3.6/site-packages/airflow/example_dags/example_task_group_decorator.py
[2022-01-19 18:30:15,358] {logging_mixin.py:109} INFO - [2022-01-19 18:30:15,357] {dag.py:2396} INFO - Sync 1 DAGs
[2022-01-19 18:30:15,371] {logging_mixin.py:109} INFO - [2022-01-19 18:30:15,371] {dag.py:2935} INFO - Setting next_dagrun for example_task_group_decorator to 2022-01-18T18:30:15.370950+00:00
[2022-01-19 18:30:15,381] {processor.py:171} INFO - Processing /home/airflow/.local/lib/python3.6/site-packages/airflow/example_dags/example_task_group_decorator.py took 0.239 seconds
[2022-01-19 18:30:45,734] {processor.py:163} INFO - Started process (PID=2644) to work on /home/airflow/.local/lib/python3.6/site-packages/airflow/example_dags/example_task_group_decorator.py
[2022-01-19 18:30:45,736] {processor.py:642} INFO - Processing file /home/airflow/.local/lib/python3.6/site-packages/airflow/example_dags/example_task_group_decorator.py for tasks to queue
[2022-01-19 18:30:45,736] {logging_mixin.py:109} INFO - [2022-01-19 18:30:45,736] {dagbag.py:500} INFO - Filling up the DagBag from /home/airflow/.local/lib/python3.6/site-packages/airflow/example_dags/example_task_group_decorator.py
[2022-01-19 18:30:45,781] {processor.py:654} INFO - DAG(s) dict_keys(['example_task_group_decorator']) retrieved from /home/airflow/.local/lib/python3.6/site-packages/airflow/example_dags/example_task_group_decorator.py
[2022-01-19 18:30:45,946] {logging_mixin.py:109} INFO - [2022-01-19 18:30:45,946] {dag.py:2396} INFO - Sync 1 DAGs
[2022-01-19 18:30:45,958] {logging_mixin.py:109} INFO - [2022-01-19 18:30:45,958] {dag.py:2935} INFO - Setting next_dagrun for example_task_group_decorator to 2022-01-18T18:30:45.958657+00:00
[2022-01-19 18:30:45,970] {processor.py:171} INFO - Processing /home/airflow/.local/lib/python3.6/site-packages/airflow/example_dags/example_task_group_decorator.py took 0.239 seconds
