[2022-01-19 18:09:42,245] {processor.py:163} INFO - Started process (PID=90) to work on /home/airflow/.local/lib/python3.6/site-packages/airflow/example_dags/example_branch_operator.py
[2022-01-19 18:09:42,246] {processor.py:642} INFO - Processing file /home/airflow/.local/lib/python3.6/site-packages/airflow/example_dags/example_branch_operator.py for tasks to queue
[2022-01-19 18:09:42,247] {logging_mixin.py:109} INFO - [2022-01-19 18:09:42,247] {dagbag.py:500} INFO - Filling up the DagBag from /home/airflow/.local/lib/python3.6/site-packages/airflow/example_dags/example_branch_operator.py
[2022-01-19 18:09:42,312] {processor.py:654} INFO - DAG(s) dict_keys(['example_branch_operator']) retrieved from /home/airflow/.local/lib/python3.6/site-packages/airflow/example_dags/example_branch_operator.py
[2022-01-19 18:09:45,748] {logging_mixin.py:109} INFO - [2022-01-19 18:09:45,748] {manager.py:496} INFO - Created Permission View: can read on DAG:example_branch_operator
[2022-01-19 18:09:45,756] {logging_mixin.py:109} INFO - [2022-01-19 18:09:45,756] {manager.py:496} INFO - Created Permission View: can edit on DAG:example_branch_operator
[2022-01-19 18:09:45,758] {logging_mixin.py:109} INFO - [2022-01-19 18:09:45,756] {dag.py:2396} INFO - Sync 1 DAGs
[2022-01-19 18:09:45,770] {logging_mixin.py:109} INFO - [2022-01-19 18:09:45,768] {dag.py:2415} INFO - Creating ORM DAG for example_branch_operator
[2022-01-19 18:09:45,780] {logging_mixin.py:109} INFO - [2022-01-19 18:09:45,780] {dag.py:2935} INFO - Setting next_dagrun for example_branch_operator to 2022-01-18 00:00:00+00:00
[2022-01-19 18:09:45,793] {processor.py:171} INFO - Processing /home/airflow/.local/lib/python3.6/site-packages/airflow/example_dags/example_branch_operator.py took 3.552 seconds
[2022-01-19 18:10:18,480] {processor.py:163} INFO - Started process (PID=360) to work on /home/airflow/.local/lib/python3.6/site-packages/airflow/example_dags/example_branch_operator.py
[2022-01-19 18:10:18,481] {processor.py:642} INFO - Processing file /home/airflow/.local/lib/python3.6/site-packages/airflow/example_dags/example_branch_operator.py for tasks to queue
[2022-01-19 18:10:18,482] {logging_mixin.py:109} INFO - [2022-01-19 18:10:18,482] {dagbag.py:500} INFO - Filling up the DagBag from /home/airflow/.local/lib/python3.6/site-packages/airflow/example_dags/example_branch_operator.py
[2022-01-19 18:10:18,521] {processor.py:654} INFO - DAG(s) dict_keys(['example_branch_operator']) retrieved from /home/airflow/.local/lib/python3.6/site-packages/airflow/example_dags/example_branch_operator.py
[2022-01-19 18:10:18,540] {logging_mixin.py:109} INFO - [2022-01-19 18:10:18,540] {dag.py:2396} INFO - Sync 1 DAGs
[2022-01-19 18:10:18,573] {logging_mixin.py:109} INFO - [2022-01-19 18:10:18,573] {dag.py:2935} INFO - Setting next_dagrun for example_branch_operator to 2022-01-18 00:00:00+00:00
[2022-01-19 18:10:18,599] {processor.py:171} INFO - Processing /home/airflow/.local/lib/python3.6/site-packages/airflow/example_dags/example_branch_operator.py took 0.122 seconds
[2022-01-19 18:10:49,252] {processor.py:163} INFO - Started process (PID=412) to work on /home/airflow/.local/lib/python3.6/site-packages/airflow/example_dags/example_branch_operator.py
[2022-01-19 18:10:49,253] {processor.py:642} INFO - Processing file /home/airflow/.local/lib/python3.6/site-packages/airflow/example_dags/example_branch_operator.py for tasks to queue
[2022-01-19 18:10:49,253] {logging_mixin.py:109} INFO - [2022-01-19 18:10:49,253] {dagbag.py:500} INFO - Filling up the DagBag from /home/airflow/.local/lib/python3.6/site-packages/airflow/example_dags/example_branch_operator.py
[2022-01-19 18:10:49,278] {processor.py:654} INFO - DAG(s) dict_keys(['example_branch_operator']) retrieved from /home/airflow/.local/lib/python3.6/site-packages/airflow/example_dags/example_branch_operator.py
[2022-01-19 18:10:49,288] {logging_mixin.py:109} INFO - [2022-01-19 18:10:49,288] {dag.py:2396} INFO - Sync 1 DAGs
[2022-01-19 18:10:49,305] {logging_mixin.py:109} INFO - [2022-01-19 18:10:49,305] {dag.py:2935} INFO - Setting next_dagrun for example_branch_operator to 2022-01-18 00:00:00+00:00
[2022-01-19 18:10:49,314] {processor.py:171} INFO - Processing /home/airflow/.local/lib/python3.6/site-packages/airflow/example_dags/example_branch_operator.py took 0.064 seconds
[2022-01-19 18:11:19,636] {processor.py:163} INFO - Started process (PID=465) to work on /home/airflow/.local/lib/python3.6/site-packages/airflow/example_dags/example_branch_operator.py
[2022-01-19 18:11:19,637] {processor.py:642} INFO - Processing file /home/airflow/.local/lib/python3.6/site-packages/airflow/example_dags/example_branch_operator.py for tasks to queue
[2022-01-19 18:11:19,637] {logging_mixin.py:109} INFO - [2022-01-19 18:11:19,637] {dagbag.py:500} INFO - Filling up the DagBag from /home/airflow/.local/lib/python3.6/site-packages/airflow/example_dags/example_branch_operator.py
[2022-01-19 18:11:19,663] {processor.py:654} INFO - DAG(s) dict_keys(['example_branch_operator']) retrieved from /home/airflow/.local/lib/python3.6/site-packages/airflow/example_dags/example_branch_operator.py
[2022-01-19 18:11:19,676] {logging_mixin.py:109} INFO - [2022-01-19 18:11:19,676] {dag.py:2396} INFO - Sync 1 DAGs
[2022-01-19 18:11:19,698] {logging_mixin.py:109} INFO - [2022-01-19 18:11:19,698] {dag.py:2935} INFO - Setting next_dagrun for example_branch_operator to 2022-01-18 00:00:00+00:00
[2022-01-19 18:11:19,708] {processor.py:171} INFO - Processing /home/airflow/.local/lib/python3.6/site-packages/airflow/example_dags/example_branch_operator.py took 0.075 seconds
[2022-01-19 18:11:50,877] {processor.py:163} INFO - Started process (PID=527) to work on /home/airflow/.local/lib/python3.6/site-packages/airflow/example_dags/example_branch_operator.py
[2022-01-19 18:11:50,877] {processor.py:642} INFO - Processing file /home/airflow/.local/lib/python3.6/site-packages/airflow/example_dags/example_branch_operator.py for tasks to queue
[2022-01-19 18:11:50,878] {logging_mixin.py:109} INFO - [2022-01-19 18:11:50,878] {dagbag.py:500} INFO - Filling up the DagBag from /home/airflow/.local/lib/python3.6/site-packages/airflow/example_dags/example_branch_operator.py
[2022-01-19 18:11:50,906] {processor.py:654} INFO - DAG(s) dict_keys(['example_branch_operator']) retrieved from /home/airflow/.local/lib/python3.6/site-packages/airflow/example_dags/example_branch_operator.py
[2022-01-19 18:11:50,918] {logging_mixin.py:109} INFO - [2022-01-19 18:11:50,918] {dag.py:2396} INFO - Sync 1 DAGs
[2022-01-19 18:11:50,936] {logging_mixin.py:109} INFO - [2022-01-19 18:11:50,936] {dag.py:2935} INFO - Setting next_dagrun for example_branch_operator to 2022-01-18 00:00:00+00:00
[2022-01-19 18:11:50,946] {processor.py:171} INFO - Processing /home/airflow/.local/lib/python3.6/site-packages/airflow/example_dags/example_branch_operator.py took 0.072 seconds
[2022-01-19 18:12:21,096] {processor.py:163} INFO - Started process (PID=581) to work on /home/airflow/.local/lib/python3.6/site-packages/airflow/example_dags/example_branch_operator.py
[2022-01-19 18:12:21,097] {processor.py:642} INFO - Processing file /home/airflow/.local/lib/python3.6/site-packages/airflow/example_dags/example_branch_operator.py for tasks to queue
[2022-01-19 18:12:21,097] {logging_mixin.py:109} INFO - [2022-01-19 18:12:21,097] {dagbag.py:500} INFO - Filling up the DagBag from /home/airflow/.local/lib/python3.6/site-packages/airflow/example_dags/example_branch_operator.py
[2022-01-19 18:12:21,121] {processor.py:654} INFO - DAG(s) dict_keys(['example_branch_operator']) retrieved from /home/airflow/.local/lib/python3.6/site-packages/airflow/example_dags/example_branch_operator.py
[2022-01-19 18:12:21,133] {logging_mixin.py:109} INFO - [2022-01-19 18:12:21,133] {dag.py:2396} INFO - Sync 1 DAGs
[2022-01-19 18:12:21,153] {logging_mixin.py:109} INFO - [2022-01-19 18:12:21,153] {dag.py:2935} INFO - Setting next_dagrun for example_branch_operator to 2022-01-18 00:00:00+00:00
[2022-01-19 18:12:21,161] {processor.py:171} INFO - Processing /home/airflow/.local/lib/python3.6/site-packages/airflow/example_dags/example_branch_operator.py took 0.068 seconds
[2022-01-19 18:12:51,747] {processor.py:163} INFO - Started process (PID=633) to work on /home/airflow/.local/lib/python3.6/site-packages/airflow/example_dags/example_branch_operator.py
[2022-01-19 18:12:51,748] {processor.py:642} INFO - Processing file /home/airflow/.local/lib/python3.6/site-packages/airflow/example_dags/example_branch_operator.py for tasks to queue
[2022-01-19 18:12:51,748] {logging_mixin.py:109} INFO - [2022-01-19 18:12:51,748] {dagbag.py:500} INFO - Filling up the DagBag from /home/airflow/.local/lib/python3.6/site-packages/airflow/example_dags/example_branch_operator.py
[2022-01-19 18:12:51,782] {processor.py:654} INFO - DAG(s) dict_keys(['example_branch_operator']) retrieved from /home/airflow/.local/lib/python3.6/site-packages/airflow/example_dags/example_branch_operator.py
[2022-01-19 18:12:51,794] {logging_mixin.py:109} INFO - [2022-01-19 18:12:51,794] {dag.py:2396} INFO - Sync 1 DAGs
[2022-01-19 18:12:51,819] {logging_mixin.py:109} INFO - [2022-01-19 18:12:51,819] {dag.py:2935} INFO - Setting next_dagrun for example_branch_operator to 2022-01-18 00:00:00+00:00
[2022-01-19 18:12:51,828] {processor.py:171} INFO - Processing /home/airflow/.local/lib/python3.6/site-packages/airflow/example_dags/example_branch_operator.py took 0.084 seconds
[2022-01-19 18:13:22,291] {processor.py:163} INFO - Started process (PID=712) to work on /home/airflow/.local/lib/python3.6/site-packages/airflow/example_dags/example_branch_operator.py
[2022-01-19 18:13:22,292] {processor.py:642} INFO - Processing file /home/airflow/.local/lib/python3.6/site-packages/airflow/example_dags/example_branch_operator.py for tasks to queue
[2022-01-19 18:13:22,292] {logging_mixin.py:109} INFO - [2022-01-19 18:13:22,292] {dagbag.py:500} INFO - Filling up the DagBag from /home/airflow/.local/lib/python3.6/site-packages/airflow/example_dags/example_branch_operator.py
[2022-01-19 18:13:22,323] {processor.py:654} INFO - DAG(s) dict_keys(['example_branch_operator']) retrieved from /home/airflow/.local/lib/python3.6/site-packages/airflow/example_dags/example_branch_operator.py
[2022-01-19 18:13:22,335] {logging_mixin.py:109} INFO - [2022-01-19 18:13:22,335] {dag.py:2396} INFO - Sync 1 DAGs
[2022-01-19 18:13:22,354] {logging_mixin.py:109} INFO - [2022-01-19 18:13:22,354] {dag.py:2935} INFO - Setting next_dagrun for example_branch_operator to 2022-01-18 00:00:00+00:00
[2022-01-19 18:13:22,363] {processor.py:171} INFO - Processing /home/airflow/.local/lib/python3.6/site-packages/airflow/example_dags/example_branch_operator.py took 0.075 seconds
[2022-01-19 18:13:52,905] {processor.py:163} INFO - Started process (PID=766) to work on /home/airflow/.local/lib/python3.6/site-packages/airflow/example_dags/example_branch_operator.py
[2022-01-19 18:13:52,906] {processor.py:642} INFO - Processing file /home/airflow/.local/lib/python3.6/site-packages/airflow/example_dags/example_branch_operator.py for tasks to queue
[2022-01-19 18:13:52,906] {logging_mixin.py:109} INFO - [2022-01-19 18:13:52,906] {dagbag.py:500} INFO - Filling up the DagBag from /home/airflow/.local/lib/python3.6/site-packages/airflow/example_dags/example_branch_operator.py
[2022-01-19 18:13:52,935] {processor.py:654} INFO - DAG(s) dict_keys(['example_branch_operator']) retrieved from /home/airflow/.local/lib/python3.6/site-packages/airflow/example_dags/example_branch_operator.py
[2022-01-19 18:13:52,948] {logging_mixin.py:109} INFO - [2022-01-19 18:13:52,948] {dag.py:2396} INFO - Sync 1 DAGs
[2022-01-19 18:13:52,965] {logging_mixin.py:109} INFO - [2022-01-19 18:13:52,965] {dag.py:2935} INFO - Setting next_dagrun for example_branch_operator to 2022-01-18 00:00:00+00:00
[2022-01-19 18:13:52,974] {processor.py:171} INFO - Processing /home/airflow/.local/lib/python3.6/site-packages/airflow/example_dags/example_branch_operator.py took 0.071 seconds
[2022-01-19 18:14:23,478] {processor.py:163} INFO - Started process (PID=828) to work on /home/airflow/.local/lib/python3.6/site-packages/airflow/example_dags/example_branch_operator.py
[2022-01-19 18:14:23,479] {processor.py:642} INFO - Processing file /home/airflow/.local/lib/python3.6/site-packages/airflow/example_dags/example_branch_operator.py for tasks to queue
[2022-01-19 18:14:23,479] {logging_mixin.py:109} INFO - [2022-01-19 18:14:23,479] {dagbag.py:500} INFO - Filling up the DagBag from /home/airflow/.local/lib/python3.6/site-packages/airflow/example_dags/example_branch_operator.py
[2022-01-19 18:14:23,503] {processor.py:654} INFO - DAG(s) dict_keys(['example_branch_operator']) retrieved from /home/airflow/.local/lib/python3.6/site-packages/airflow/example_dags/example_branch_operator.py
[2022-01-19 18:14:23,514] {logging_mixin.py:109} INFO - [2022-01-19 18:14:23,514] {dag.py:2396} INFO - Sync 1 DAGs
[2022-01-19 18:14:23,531] {logging_mixin.py:109} INFO - [2022-01-19 18:14:23,531] {dag.py:2935} INFO - Setting next_dagrun for example_branch_operator to 2022-01-18 00:00:00+00:00
[2022-01-19 18:14:23,538] {processor.py:171} INFO - Processing /home/airflow/.local/lib/python3.6/site-packages/airflow/example_dags/example_branch_operator.py took 0.062 seconds
[2022-01-19 18:14:54,126] {processor.py:163} INFO - Started process (PID=880) to work on /home/airflow/.local/lib/python3.6/site-packages/airflow/example_dags/example_branch_operator.py
[2022-01-19 18:14:54,127] {processor.py:642} INFO - Processing file /home/airflow/.local/lib/python3.6/site-packages/airflow/example_dags/example_branch_operator.py for tasks to queue
[2022-01-19 18:14:54,128] {logging_mixin.py:109} INFO - [2022-01-19 18:14:54,128] {dagbag.py:500} INFO - Filling up the DagBag from /home/airflow/.local/lib/python3.6/site-packages/airflow/example_dags/example_branch_operator.py
[2022-01-19 18:14:54,157] {processor.py:654} INFO - DAG(s) dict_keys(['example_branch_operator']) retrieved from /home/airflow/.local/lib/python3.6/site-packages/airflow/example_dags/example_branch_operator.py
[2022-01-19 18:14:54,168] {logging_mixin.py:109} INFO - [2022-01-19 18:14:54,168] {dag.py:2396} INFO - Sync 1 DAGs
[2022-01-19 18:14:54,185] {logging_mixin.py:109} INFO - [2022-01-19 18:14:54,185] {dag.py:2935} INFO - Setting next_dagrun for example_branch_operator to 2022-01-18 00:00:00+00:00
[2022-01-19 18:14:54,193] {processor.py:171} INFO - Processing /home/airflow/.local/lib/python3.6/site-packages/airflow/example_dags/example_branch_operator.py took 0.069 seconds
[2022-01-19 18:15:24,534] {processor.py:163} INFO - Started process (PID=932) to work on /home/airflow/.local/lib/python3.6/site-packages/airflow/example_dags/example_branch_operator.py
[2022-01-19 18:15:24,534] {processor.py:642} INFO - Processing file /home/airflow/.local/lib/python3.6/site-packages/airflow/example_dags/example_branch_operator.py for tasks to queue
[2022-01-19 18:15:24,535] {logging_mixin.py:109} INFO - [2022-01-19 18:15:24,535] {dagbag.py:500} INFO - Filling up the DagBag from /home/airflow/.local/lib/python3.6/site-packages/airflow/example_dags/example_branch_operator.py
[2022-01-19 18:15:24,558] {processor.py:654} INFO - DAG(s) dict_keys(['example_branch_operator']) retrieved from /home/airflow/.local/lib/python3.6/site-packages/airflow/example_dags/example_branch_operator.py
[2022-01-19 18:15:24,566] {logging_mixin.py:109} INFO - [2022-01-19 18:15:24,566] {dag.py:2396} INFO - Sync 1 DAGs
[2022-01-19 18:15:24,580] {logging_mixin.py:109} INFO - [2022-01-19 18:15:24,580] {dag.py:2935} INFO - Setting next_dagrun for example_branch_operator to 2022-01-18 00:00:00+00:00
[2022-01-19 18:15:24,587] {processor.py:171} INFO - Processing /home/airflow/.local/lib/python3.6/site-packages/airflow/example_dags/example_branch_operator.py took 0.055 seconds
[2022-01-19 18:15:55,046] {processor.py:163} INFO - Started process (PID=995) to work on /home/airflow/.local/lib/python3.6/site-packages/airflow/example_dags/example_branch_operator.py
[2022-01-19 18:15:55,047] {processor.py:642} INFO - Processing file /home/airflow/.local/lib/python3.6/site-packages/airflow/example_dags/example_branch_operator.py for tasks to queue
[2022-01-19 18:15:55,047] {logging_mixin.py:109} INFO - [2022-01-19 18:15:55,047] {dagbag.py:500} INFO - Filling up the DagBag from /home/airflow/.local/lib/python3.6/site-packages/airflow/example_dags/example_branch_operator.py
[2022-01-19 18:15:55,080] {processor.py:654} INFO - DAG(s) dict_keys(['example_branch_operator']) retrieved from /home/airflow/.local/lib/python3.6/site-packages/airflow/example_dags/example_branch_operator.py
[2022-01-19 18:15:55,095] {logging_mixin.py:109} INFO - [2022-01-19 18:15:55,095] {dag.py:2396} INFO - Sync 1 DAGs
[2022-01-19 18:15:55,125] {logging_mixin.py:109} INFO - [2022-01-19 18:15:55,125] {dag.py:2935} INFO - Setting next_dagrun for example_branch_operator to 2022-01-18 00:00:00+00:00
[2022-01-19 18:15:55,135] {processor.py:171} INFO - Processing /home/airflow/.local/lib/python3.6/site-packages/airflow/example_dags/example_branch_operator.py took 0.093 seconds
[2022-01-19 18:16:25,494] {processor.py:163} INFO - Started process (PID=1047) to work on /home/airflow/.local/lib/python3.6/site-packages/airflow/example_dags/example_branch_operator.py
[2022-01-19 18:16:25,495] {processor.py:642} INFO - Processing file /home/airflow/.local/lib/python3.6/site-packages/airflow/example_dags/example_branch_operator.py for tasks to queue
[2022-01-19 18:16:25,495] {logging_mixin.py:109} INFO - [2022-01-19 18:16:25,495] {dagbag.py:500} INFO - Filling up the DagBag from /home/airflow/.local/lib/python3.6/site-packages/airflow/example_dags/example_branch_operator.py
[2022-01-19 18:16:25,527] {processor.py:654} INFO - DAG(s) dict_keys(['example_branch_operator']) retrieved from /home/airflow/.local/lib/python3.6/site-packages/airflow/example_dags/example_branch_operator.py
[2022-01-19 18:16:25,539] {logging_mixin.py:109} INFO - [2022-01-19 18:16:25,539] {dag.py:2396} INFO - Sync 1 DAGs
[2022-01-19 18:16:25,558] {logging_mixin.py:109} INFO - [2022-01-19 18:16:25,558] {dag.py:2935} INFO - Setting next_dagrun for example_branch_operator to 2022-01-18 00:00:00+00:00
[2022-01-19 18:16:25,566] {processor.py:171} INFO - Processing /home/airflow/.local/lib/python3.6/site-packages/airflow/example_dags/example_branch_operator.py took 0.075 seconds
[2022-01-19 18:16:56,202] {processor.py:163} INFO - Started process (PID=1109) to work on /home/airflow/.local/lib/python3.6/site-packages/airflow/example_dags/example_branch_operator.py
[2022-01-19 18:16:56,203] {processor.py:642} INFO - Processing file /home/airflow/.local/lib/python3.6/site-packages/airflow/example_dags/example_branch_operator.py for tasks to queue
[2022-01-19 18:16:56,203] {logging_mixin.py:109} INFO - [2022-01-19 18:16:56,203] {dagbag.py:500} INFO - Filling up the DagBag from /home/airflow/.local/lib/python3.6/site-packages/airflow/example_dags/example_branch_operator.py
[2022-01-19 18:16:56,231] {processor.py:654} INFO - DAG(s) dict_keys(['example_branch_operator']) retrieved from /home/airflow/.local/lib/python3.6/site-packages/airflow/example_dags/example_branch_operator.py
[2022-01-19 18:16:56,241] {logging_mixin.py:109} INFO - [2022-01-19 18:16:56,241] {dag.py:2396} INFO - Sync 1 DAGs
[2022-01-19 18:16:56,260] {logging_mixin.py:109} INFO - [2022-01-19 18:16:56,260] {dag.py:2935} INFO - Setting next_dagrun for example_branch_operator to 2022-01-18 00:00:00+00:00
[2022-01-19 18:16:56,268] {processor.py:171} INFO - Processing /home/airflow/.local/lib/python3.6/site-packages/airflow/example_dags/example_branch_operator.py took 0.069 seconds
[2022-01-19 18:17:26,439] {processor.py:163} INFO - Started process (PID=1162) to work on /home/airflow/.local/lib/python3.6/site-packages/airflow/example_dags/example_branch_operator.py
[2022-01-19 18:17:26,439] {processor.py:642} INFO - Processing file /home/airflow/.local/lib/python3.6/site-packages/airflow/example_dags/example_branch_operator.py for tasks to queue
[2022-01-19 18:17:26,440] {logging_mixin.py:109} INFO - [2022-01-19 18:17:26,440] {dagbag.py:500} INFO - Filling up the DagBag from /home/airflow/.local/lib/python3.6/site-packages/airflow/example_dags/example_branch_operator.py
[2022-01-19 18:17:26,463] {processor.py:654} INFO - DAG(s) dict_keys(['example_branch_operator']) retrieved from /home/airflow/.local/lib/python3.6/site-packages/airflow/example_dags/example_branch_operator.py
[2022-01-19 18:17:26,474] {logging_mixin.py:109} INFO - [2022-01-19 18:17:26,473] {dag.py:2396} INFO - Sync 1 DAGs
[2022-01-19 18:17:26,489] {logging_mixin.py:109} INFO - [2022-01-19 18:17:26,489] {dag.py:2935} INFO - Setting next_dagrun for example_branch_operator to 2022-01-18 00:00:00+00:00
[2022-01-19 18:17:26,497] {processor.py:171} INFO - Processing /home/airflow/.local/lib/python3.6/site-packages/airflow/example_dags/example_branch_operator.py took 0.060 seconds
[2022-01-19 18:17:56,617] {processor.py:163} INFO - Started process (PID=1224) to work on /home/airflow/.local/lib/python3.6/site-packages/airflow/example_dags/example_branch_operator.py
[2022-01-19 18:17:56,617] {processor.py:642} INFO - Processing file /home/airflow/.local/lib/python3.6/site-packages/airflow/example_dags/example_branch_operator.py for tasks to queue
[2022-01-19 18:17:56,618] {logging_mixin.py:109} INFO - [2022-01-19 18:17:56,618] {dagbag.py:500} INFO - Filling up the DagBag from /home/airflow/.local/lib/python3.6/site-packages/airflow/example_dags/example_branch_operator.py
[2022-01-19 18:17:56,649] {processor.py:654} INFO - DAG(s) dict_keys(['example_branch_operator']) retrieved from /home/airflow/.local/lib/python3.6/site-packages/airflow/example_dags/example_branch_operator.py
[2022-01-19 18:17:56,663] {logging_mixin.py:109} INFO - [2022-01-19 18:17:56,663] {dag.py:2396} INFO - Sync 1 DAGs
[2022-01-19 18:17:56,684] {logging_mixin.py:109} INFO - [2022-01-19 18:17:56,684] {dag.py:2935} INFO - Setting next_dagrun for example_branch_operator to 2022-01-18 00:00:00+00:00
[2022-01-19 18:17:56,691] {processor.py:171} INFO - Processing /home/airflow/.local/lib/python3.6/site-packages/airflow/example_dags/example_branch_operator.py took 0.078 seconds
[2022-01-19 18:18:27,585] {processor.py:163} INFO - Started process (PID=1277) to work on /home/airflow/.local/lib/python3.6/site-packages/airflow/example_dags/example_branch_operator.py
[2022-01-19 18:18:27,586] {processor.py:642} INFO - Processing file /home/airflow/.local/lib/python3.6/site-packages/airflow/example_dags/example_branch_operator.py for tasks to queue
[2022-01-19 18:18:27,586] {logging_mixin.py:109} INFO - [2022-01-19 18:18:27,586] {dagbag.py:500} INFO - Filling up the DagBag from /home/airflow/.local/lib/python3.6/site-packages/airflow/example_dags/example_branch_operator.py
[2022-01-19 18:18:27,614] {processor.py:654} INFO - DAG(s) dict_keys(['example_branch_operator']) retrieved from /home/airflow/.local/lib/python3.6/site-packages/airflow/example_dags/example_branch_operator.py
[2022-01-19 18:18:27,624] {logging_mixin.py:109} INFO - [2022-01-19 18:18:27,624] {dag.py:2396} INFO - Sync 1 DAGs
[2022-01-19 18:18:27,640] {logging_mixin.py:109} INFO - [2022-01-19 18:18:27,640] {dag.py:2935} INFO - Setting next_dagrun for example_branch_operator to 2022-01-18 00:00:00+00:00
[2022-01-19 18:18:27,648] {processor.py:171} INFO - Processing /home/airflow/.local/lib/python3.6/site-packages/airflow/example_dags/example_branch_operator.py took 0.066 seconds
[2022-01-19 18:18:57,799] {processor.py:163} INFO - Started process (PID=1329) to work on /home/airflow/.local/lib/python3.6/site-packages/airflow/example_dags/example_branch_operator.py
[2022-01-19 18:18:57,800] {processor.py:642} INFO - Processing file /home/airflow/.local/lib/python3.6/site-packages/airflow/example_dags/example_branch_operator.py for tasks to queue
[2022-01-19 18:18:57,800] {logging_mixin.py:109} INFO - [2022-01-19 18:18:57,800] {dagbag.py:500} INFO - Filling up the DagBag from /home/airflow/.local/lib/python3.6/site-packages/airflow/example_dags/example_branch_operator.py
[2022-01-19 18:18:57,825] {processor.py:654} INFO - DAG(s) dict_keys(['example_branch_operator']) retrieved from /home/airflow/.local/lib/python3.6/site-packages/airflow/example_dags/example_branch_operator.py
[2022-01-19 18:18:57,835] {logging_mixin.py:109} INFO - [2022-01-19 18:18:57,835] {dag.py:2396} INFO - Sync 1 DAGs
[2022-01-19 18:18:57,853] {logging_mixin.py:109} INFO - [2022-01-19 18:18:57,853] {dag.py:2935} INFO - Setting next_dagrun for example_branch_operator to 2022-01-18 00:00:00+00:00
[2022-01-19 18:18:57,861] {processor.py:171} INFO - Processing /home/airflow/.local/lib/python3.6/site-packages/airflow/example_dags/example_branch_operator.py took 0.064 seconds
[2022-01-19 18:19:28,632] {processor.py:163} INFO - Started process (PID=1391) to work on /home/airflow/.local/lib/python3.6/site-packages/airflow/example_dags/example_branch_operator.py
[2022-01-19 18:19:28,633] {processor.py:642} INFO - Processing file /home/airflow/.local/lib/python3.6/site-packages/airflow/example_dags/example_branch_operator.py for tasks to queue
[2022-01-19 18:19:28,634] {logging_mixin.py:109} INFO - [2022-01-19 18:19:28,634] {dagbag.py:500} INFO - Filling up the DagBag from /home/airflow/.local/lib/python3.6/site-packages/airflow/example_dags/example_branch_operator.py
[2022-01-19 18:19:28,672] {processor.py:654} INFO - DAG(s) dict_keys(['example_branch_operator']) retrieved from /home/airflow/.local/lib/python3.6/site-packages/airflow/example_dags/example_branch_operator.py
[2022-01-19 18:19:28,687] {logging_mixin.py:109} INFO - [2022-01-19 18:19:28,687] {dag.py:2396} INFO - Sync 1 DAGs
[2022-01-19 18:19:28,712] {logging_mixin.py:109} INFO - [2022-01-19 18:19:28,712] {dag.py:2935} INFO - Setting next_dagrun for example_branch_operator to 2022-01-18 00:00:00+00:00
[2022-01-19 18:19:28,724] {processor.py:171} INFO - Processing /home/airflow/.local/lib/python3.6/site-packages/airflow/example_dags/example_branch_operator.py took 0.094 seconds
[2022-01-19 18:19:59,026] {processor.py:163} INFO - Started process (PID=1444) to work on /home/airflow/.local/lib/python3.6/site-packages/airflow/example_dags/example_branch_operator.py
[2022-01-19 18:19:59,027] {processor.py:642} INFO - Processing file /home/airflow/.local/lib/python3.6/site-packages/airflow/example_dags/example_branch_operator.py for tasks to queue
[2022-01-19 18:19:59,028] {logging_mixin.py:109} INFO - [2022-01-19 18:19:59,028] {dagbag.py:500} INFO - Filling up the DagBag from /home/airflow/.local/lib/python3.6/site-packages/airflow/example_dags/example_branch_operator.py
[2022-01-19 18:19:59,058] {processor.py:654} INFO - DAG(s) dict_keys(['example_branch_operator']) retrieved from /home/airflow/.local/lib/python3.6/site-packages/airflow/example_dags/example_branch_operator.py
[2022-01-19 18:19:59,071] {logging_mixin.py:109} INFO - [2022-01-19 18:19:59,071] {dag.py:2396} INFO - Sync 1 DAGs
[2022-01-19 18:19:59,091] {logging_mixin.py:109} INFO - [2022-01-19 18:19:59,091] {dag.py:2935} INFO - Setting next_dagrun for example_branch_operator to 2022-01-18 00:00:00+00:00
[2022-01-19 18:19:59,102] {processor.py:171} INFO - Processing /home/airflow/.local/lib/python3.6/site-packages/airflow/example_dags/example_branch_operator.py took 0.078 seconds
[2022-01-19 18:20:29,745] {processor.py:163} INFO - Started process (PID=1505) to work on /home/airflow/.local/lib/python3.6/site-packages/airflow/example_dags/example_branch_operator.py
[2022-01-19 18:20:29,746] {processor.py:642} INFO - Processing file /home/airflow/.local/lib/python3.6/site-packages/airflow/example_dags/example_branch_operator.py for tasks to queue
[2022-01-19 18:20:29,747] {logging_mixin.py:109} INFO - [2022-01-19 18:20:29,747] {dagbag.py:500} INFO - Filling up the DagBag from /home/airflow/.local/lib/python3.6/site-packages/airflow/example_dags/example_branch_operator.py
[2022-01-19 18:20:29,774] {processor.py:654} INFO - DAG(s) dict_keys(['example_branch_operator']) retrieved from /home/airflow/.local/lib/python3.6/site-packages/airflow/example_dags/example_branch_operator.py
[2022-01-19 18:20:29,787] {logging_mixin.py:109} INFO - [2022-01-19 18:20:29,787] {dag.py:2396} INFO - Sync 1 DAGs
[2022-01-19 18:20:29,805] {logging_mixin.py:109} INFO - [2022-01-19 18:20:29,804] {dag.py:2935} INFO - Setting next_dagrun for example_branch_operator to 2022-01-18 00:00:00+00:00
[2022-01-19 18:20:29,812] {processor.py:171} INFO - Processing /home/airflow/.local/lib/python3.6/site-packages/airflow/example_dags/example_branch_operator.py took 0.070 seconds
[2022-01-19 18:21:00,891] {processor.py:163} INFO - Started process (PID=1558) to work on /home/airflow/.local/lib/python3.6/site-packages/airflow/example_dags/example_branch_operator.py
[2022-01-19 18:21:00,892] {processor.py:642} INFO - Processing file /home/airflow/.local/lib/python3.6/site-packages/airflow/example_dags/example_branch_operator.py for tasks to queue
[2022-01-19 18:21:00,893] {logging_mixin.py:109} INFO - [2022-01-19 18:21:00,893] {dagbag.py:500} INFO - Filling up the DagBag from /home/airflow/.local/lib/python3.6/site-packages/airflow/example_dags/example_branch_operator.py
[2022-01-19 18:21:00,928] {processor.py:654} INFO - DAG(s) dict_keys(['example_branch_operator']) retrieved from /home/airflow/.local/lib/python3.6/site-packages/airflow/example_dags/example_branch_operator.py
[2022-01-19 18:21:00,942] {logging_mixin.py:109} INFO - [2022-01-19 18:21:00,942] {dag.py:2396} INFO - Sync 1 DAGs
[2022-01-19 18:21:00,970] {logging_mixin.py:109} INFO - [2022-01-19 18:21:00,970] {dag.py:2935} INFO - Setting next_dagrun for example_branch_operator to 2022-01-18 00:00:00+00:00
[2022-01-19 18:21:00,981] {processor.py:171} INFO - Processing /home/airflow/.local/lib/python3.6/site-packages/airflow/example_dags/example_branch_operator.py took 0.092 seconds
[2022-01-19 18:21:32,089] {processor.py:163} INFO - Started process (PID=1610) to work on /home/airflow/.local/lib/python3.6/site-packages/airflow/example_dags/example_branch_operator.py
[2022-01-19 18:21:32,090] {processor.py:642} INFO - Processing file /home/airflow/.local/lib/python3.6/site-packages/airflow/example_dags/example_branch_operator.py for tasks to queue
[2022-01-19 18:21:32,091] {logging_mixin.py:109} INFO - [2022-01-19 18:21:32,091] {dagbag.py:500} INFO - Filling up the DagBag from /home/airflow/.local/lib/python3.6/site-packages/airflow/example_dags/example_branch_operator.py
[2022-01-19 18:21:32,128] {processor.py:654} INFO - DAG(s) dict_keys(['example_branch_operator']) retrieved from /home/airflow/.local/lib/python3.6/site-packages/airflow/example_dags/example_branch_operator.py
[2022-01-19 18:21:32,143] {logging_mixin.py:109} INFO - [2022-01-19 18:21:32,143] {dag.py:2396} INFO - Sync 1 DAGs
[2022-01-19 18:21:32,166] {logging_mixin.py:109} INFO - [2022-01-19 18:21:32,166] {dag.py:2935} INFO - Setting next_dagrun for example_branch_operator to 2022-01-18 00:00:00+00:00
[2022-01-19 18:21:32,177] {processor.py:171} INFO - Processing /home/airflow/.local/lib/python3.6/site-packages/airflow/example_dags/example_branch_operator.py took 0.092 seconds
[2022-01-19 18:22:03,193] {processor.py:163} INFO - Started process (PID=1674) to work on /home/airflow/.local/lib/python3.6/site-packages/airflow/example_dags/example_branch_operator.py
[2022-01-19 18:22:03,194] {processor.py:642} INFO - Processing file /home/airflow/.local/lib/python3.6/site-packages/airflow/example_dags/example_branch_operator.py for tasks to queue
[2022-01-19 18:22:03,195] {logging_mixin.py:109} INFO - [2022-01-19 18:22:03,195] {dagbag.py:500} INFO - Filling up the DagBag from /home/airflow/.local/lib/python3.6/site-packages/airflow/example_dags/example_branch_operator.py
[2022-01-19 18:22:03,223] {processor.py:654} INFO - DAG(s) dict_keys(['example_branch_operator']) retrieved from /home/airflow/.local/lib/python3.6/site-packages/airflow/example_dags/example_branch_operator.py
[2022-01-19 18:22:03,233] {logging_mixin.py:109} INFO - [2022-01-19 18:22:03,233] {dag.py:2396} INFO - Sync 1 DAGs
[2022-01-19 18:22:03,250] {logging_mixin.py:109} INFO - [2022-01-19 18:22:03,250] {dag.py:2935} INFO - Setting next_dagrun for example_branch_operator to 2022-01-18 00:00:00+00:00
[2022-01-19 18:22:03,258] {processor.py:171} INFO - Processing /home/airflow/.local/lib/python3.6/site-packages/airflow/example_dags/example_branch_operator.py took 0.067 seconds
[2022-01-19 18:22:34,093] {processor.py:163} INFO - Started process (PID=1726) to work on /home/airflow/.local/lib/python3.6/site-packages/airflow/example_dags/example_branch_operator.py
[2022-01-19 18:22:34,093] {processor.py:642} INFO - Processing file /home/airflow/.local/lib/python3.6/site-packages/airflow/example_dags/example_branch_operator.py for tasks to queue
[2022-01-19 18:22:34,094] {logging_mixin.py:109} INFO - [2022-01-19 18:22:34,094] {dagbag.py:500} INFO - Filling up the DagBag from /home/airflow/.local/lib/python3.6/site-packages/airflow/example_dags/example_branch_operator.py
[2022-01-19 18:22:34,121] {processor.py:654} INFO - DAG(s) dict_keys(['example_branch_operator']) retrieved from /home/airflow/.local/lib/python3.6/site-packages/airflow/example_dags/example_branch_operator.py
[2022-01-19 18:22:34,131] {logging_mixin.py:109} INFO - [2022-01-19 18:22:34,131] {dag.py:2396} INFO - Sync 1 DAGs
[2022-01-19 18:22:34,148] {logging_mixin.py:109} INFO - [2022-01-19 18:22:34,148] {dag.py:2935} INFO - Setting next_dagrun for example_branch_operator to 2022-01-18 00:00:00+00:00
[2022-01-19 18:22:34,156] {processor.py:171} INFO - Processing /home/airflow/.local/lib/python3.6/site-packages/airflow/example_dags/example_branch_operator.py took 0.065 seconds
[2022-01-19 18:23:05,094] {processor.py:163} INFO - Started process (PID=1789) to work on /home/airflow/.local/lib/python3.6/site-packages/airflow/example_dags/example_branch_operator.py
[2022-01-19 18:23:05,095] {processor.py:642} INFO - Processing file /home/airflow/.local/lib/python3.6/site-packages/airflow/example_dags/example_branch_operator.py for tasks to queue
[2022-01-19 18:23:05,096] {logging_mixin.py:109} INFO - [2022-01-19 18:23:05,096] {dagbag.py:500} INFO - Filling up the DagBag from /home/airflow/.local/lib/python3.6/site-packages/airflow/example_dags/example_branch_operator.py
[2022-01-19 18:23:05,126] {processor.py:654} INFO - DAG(s) dict_keys(['example_branch_operator']) retrieved from /home/airflow/.local/lib/python3.6/site-packages/airflow/example_dags/example_branch_operator.py
[2022-01-19 18:23:05,142] {logging_mixin.py:109} INFO - [2022-01-19 18:23:05,141] {dag.py:2396} INFO - Sync 1 DAGs
[2022-01-19 18:23:05,166] {logging_mixin.py:109} INFO - [2022-01-19 18:23:05,166] {dag.py:2935} INFO - Setting next_dagrun for example_branch_operator to 2022-01-18 00:00:00+00:00
[2022-01-19 18:23:05,176] {processor.py:171} INFO - Processing /home/airflow/.local/lib/python3.6/site-packages/airflow/example_dags/example_branch_operator.py took 0.085 seconds
[2022-01-19 18:23:36,266] {processor.py:163} INFO - Started process (PID=1842) to work on /home/airflow/.local/lib/python3.6/site-packages/airflow/example_dags/example_branch_operator.py
[2022-01-19 18:23:36,268] {processor.py:642} INFO - Processing file /home/airflow/.local/lib/python3.6/site-packages/airflow/example_dags/example_branch_operator.py for tasks to queue
[2022-01-19 18:23:36,269] {logging_mixin.py:109} INFO - [2022-01-19 18:23:36,268] {dagbag.py:500} INFO - Filling up the DagBag from /home/airflow/.local/lib/python3.6/site-packages/airflow/example_dags/example_branch_operator.py
[2022-01-19 18:23:36,314] {processor.py:654} INFO - DAG(s) dict_keys(['example_branch_operator']) retrieved from /home/airflow/.local/lib/python3.6/site-packages/airflow/example_dags/example_branch_operator.py
[2022-01-19 18:23:36,332] {logging_mixin.py:109} INFO - [2022-01-19 18:23:36,332] {dag.py:2396} INFO - Sync 1 DAGs
[2022-01-19 18:23:36,360] {logging_mixin.py:109} INFO - [2022-01-19 18:23:36,359] {dag.py:2935} INFO - Setting next_dagrun for example_branch_operator to 2022-01-18 00:00:00+00:00
[2022-01-19 18:23:36,374] {processor.py:171} INFO - Processing /home/airflow/.local/lib/python3.6/site-packages/airflow/example_dags/example_branch_operator.py took 0.113 seconds
[2022-01-19 18:24:06,500] {processor.py:163} INFO - Started process (PID=1894) to work on /home/airflow/.local/lib/python3.6/site-packages/airflow/example_dags/example_branch_operator.py
[2022-01-19 18:24:06,501] {processor.py:642} INFO - Processing file /home/airflow/.local/lib/python3.6/site-packages/airflow/example_dags/example_branch_operator.py for tasks to queue
[2022-01-19 18:24:06,502] {logging_mixin.py:109} INFO - [2022-01-19 18:24:06,501] {dagbag.py:500} INFO - Filling up the DagBag from /home/airflow/.local/lib/python3.6/site-packages/airflow/example_dags/example_branch_operator.py
[2022-01-19 18:24:06,540] {processor.py:654} INFO - DAG(s) dict_keys(['example_branch_operator']) retrieved from /home/airflow/.local/lib/python3.6/site-packages/airflow/example_dags/example_branch_operator.py
[2022-01-19 18:24:06,571] {logging_mixin.py:109} INFO - [2022-01-19 18:24:06,571] {dag.py:2396} INFO - Sync 1 DAGs
[2022-01-19 18:24:06,615] {logging_mixin.py:109} INFO - [2022-01-19 18:24:06,615] {dag.py:2935} INFO - Setting next_dagrun for example_branch_operator to 2022-01-18 00:00:00+00:00
[2022-01-19 18:24:06,633] {processor.py:171} INFO - Processing /home/airflow/.local/lib/python3.6/site-packages/airflow/example_dags/example_branch_operator.py took 0.136 seconds
[2022-01-19 18:24:36,670] {processor.py:163} INFO - Started process (PID=1957) to work on /home/airflow/.local/lib/python3.6/site-packages/airflow/example_dags/example_branch_operator.py
[2022-01-19 18:24:36,672] {processor.py:642} INFO - Processing file /home/airflow/.local/lib/python3.6/site-packages/airflow/example_dags/example_branch_operator.py for tasks to queue
[2022-01-19 18:24:36,673] {logging_mixin.py:109} INFO - [2022-01-19 18:24:36,673] {dagbag.py:500} INFO - Filling up the DagBag from /home/airflow/.local/lib/python3.6/site-packages/airflow/example_dags/example_branch_operator.py
[2022-01-19 18:24:36,724] {processor.py:654} INFO - DAG(s) dict_keys(['example_branch_operator']) retrieved from /home/airflow/.local/lib/python3.6/site-packages/airflow/example_dags/example_branch_operator.py
[2022-01-19 18:24:36,749] {logging_mixin.py:109} INFO - [2022-01-19 18:24:36,749] {dag.py:2396} INFO - Sync 1 DAGs
[2022-01-19 18:24:36,791] {logging_mixin.py:109} INFO - [2022-01-19 18:24:36,790] {dag.py:2935} INFO - Setting next_dagrun for example_branch_operator to 2022-01-18 00:00:00+00:00
[2022-01-19 18:24:36,806] {processor.py:171} INFO - Processing /home/airflow/.local/lib/python3.6/site-packages/airflow/example_dags/example_branch_operator.py took 0.141 seconds
[2022-01-19 18:25:06,888] {processor.py:163} INFO - Started process (PID=2008) to work on /home/airflow/.local/lib/python3.6/site-packages/airflow/example_dags/example_branch_operator.py
[2022-01-19 18:25:06,889] {processor.py:642} INFO - Processing file /home/airflow/.local/lib/python3.6/site-packages/airflow/example_dags/example_branch_operator.py for tasks to queue
[2022-01-19 18:25:06,890] {logging_mixin.py:109} INFO - [2022-01-19 18:25:06,890] {dagbag.py:500} INFO - Filling up the DagBag from /home/airflow/.local/lib/python3.6/site-packages/airflow/example_dags/example_branch_operator.py
[2022-01-19 18:25:06,913] {processor.py:654} INFO - DAG(s) dict_keys(['example_branch_operator']) retrieved from /home/airflow/.local/lib/python3.6/site-packages/airflow/example_dags/example_branch_operator.py
[2022-01-19 18:25:06,923] {logging_mixin.py:109} INFO - [2022-01-19 18:25:06,923] {dag.py:2396} INFO - Sync 1 DAGs
[2022-01-19 18:25:06,937] {logging_mixin.py:109} INFO - [2022-01-19 18:25:06,937] {dag.py:2935} INFO - Setting next_dagrun for example_branch_operator to 2022-01-18 00:00:00+00:00
[2022-01-19 18:25:06,944] {processor.py:171} INFO - Processing /home/airflow/.local/lib/python3.6/site-packages/airflow/example_dags/example_branch_operator.py took 0.058 seconds
[2022-01-19 18:25:37,603] {processor.py:163} INFO - Started process (PID=2071) to work on /home/airflow/.local/lib/python3.6/site-packages/airflow/example_dags/example_branch_operator.py
[2022-01-19 18:25:37,604] {processor.py:642} INFO - Processing file /home/airflow/.local/lib/python3.6/site-packages/airflow/example_dags/example_branch_operator.py for tasks to queue
[2022-01-19 18:25:37,605] {logging_mixin.py:109} INFO - [2022-01-19 18:25:37,604] {dagbag.py:500} INFO - Filling up the DagBag from /home/airflow/.local/lib/python3.6/site-packages/airflow/example_dags/example_branch_operator.py
[2022-01-19 18:25:37,630] {processor.py:654} INFO - DAG(s) dict_keys(['example_branch_operator']) retrieved from /home/airflow/.local/lib/python3.6/site-packages/airflow/example_dags/example_branch_operator.py
[2022-01-19 18:25:37,641] {logging_mixin.py:109} INFO - [2022-01-19 18:25:37,641] {dag.py:2396} INFO - Sync 1 DAGs
[2022-01-19 18:25:37,660] {logging_mixin.py:109} INFO - [2022-01-19 18:25:37,660] {dag.py:2935} INFO - Setting next_dagrun for example_branch_operator to 2022-01-18 00:00:00+00:00
[2022-01-19 18:25:37,668] {processor.py:171} INFO - Processing /home/airflow/.local/lib/python3.6/site-packages/airflow/example_dags/example_branch_operator.py took 0.068 seconds
[2022-01-19 18:26:08,281] {processor.py:163} INFO - Started process (PID=2125) to work on /home/airflow/.local/lib/python3.6/site-packages/airflow/example_dags/example_branch_operator.py
[2022-01-19 18:26:08,283] {processor.py:642} INFO - Processing file /home/airflow/.local/lib/python3.6/site-packages/airflow/example_dags/example_branch_operator.py for tasks to queue
[2022-01-19 18:26:08,283] {logging_mixin.py:109} INFO - [2022-01-19 18:26:08,283] {dagbag.py:500} INFO - Filling up the DagBag from /home/airflow/.local/lib/python3.6/site-packages/airflow/example_dags/example_branch_operator.py
[2022-01-19 18:26:08,309] {processor.py:654} INFO - DAG(s) dict_keys(['example_branch_operator']) retrieved from /home/airflow/.local/lib/python3.6/site-packages/airflow/example_dags/example_branch_operator.py
[2022-01-19 18:26:08,318] {logging_mixin.py:109} INFO - [2022-01-19 18:26:08,318] {dag.py:2396} INFO - Sync 1 DAGs
[2022-01-19 18:26:08,335] {logging_mixin.py:109} INFO - [2022-01-19 18:26:08,335] {dag.py:2935} INFO - Setting next_dagrun for example_branch_operator to 2022-01-18 00:00:00+00:00
[2022-01-19 18:26:08,345] {processor.py:171} INFO - Processing /home/airflow/.local/lib/python3.6/site-packages/airflow/example_dags/example_branch_operator.py took 0.066 seconds
[2022-01-19 18:26:38,865] {processor.py:163} INFO - Started process (PID=2177) to work on /home/airflow/.local/lib/python3.6/site-packages/airflow/example_dags/example_branch_operator.py
[2022-01-19 18:26:38,866] {processor.py:642} INFO - Processing file /home/airflow/.local/lib/python3.6/site-packages/airflow/example_dags/example_branch_operator.py for tasks to queue
[2022-01-19 18:26:38,866] {logging_mixin.py:109} INFO - [2022-01-19 18:26:38,866] {dagbag.py:500} INFO - Filling up the DagBag from /home/airflow/.local/lib/python3.6/site-packages/airflow/example_dags/example_branch_operator.py
[2022-01-19 18:26:38,899] {processor.py:654} INFO - DAG(s) dict_keys(['example_branch_operator']) retrieved from /home/airflow/.local/lib/python3.6/site-packages/airflow/example_dags/example_branch_operator.py
[2022-01-19 18:26:38,912] {logging_mixin.py:109} INFO - [2022-01-19 18:26:38,912] {dag.py:2396} INFO - Sync 1 DAGs
[2022-01-19 18:26:38,935] {logging_mixin.py:109} INFO - [2022-01-19 18:26:38,935] {dag.py:2935} INFO - Setting next_dagrun for example_branch_operator to 2022-01-18 00:00:00+00:00
[2022-01-19 18:26:38,943] {processor.py:171} INFO - Processing /home/airflow/.local/lib/python3.6/site-packages/airflow/example_dags/example_branch_operator.py took 0.081 seconds
[2022-01-19 18:27:09,618] {processor.py:163} INFO - Started process (PID=2240) to work on /home/airflow/.local/lib/python3.6/site-packages/airflow/example_dags/example_branch_operator.py
[2022-01-19 18:27:09,620] {processor.py:642} INFO - Processing file /home/airflow/.local/lib/python3.6/site-packages/airflow/example_dags/example_branch_operator.py for tasks to queue
[2022-01-19 18:27:09,620] {logging_mixin.py:109} INFO - [2022-01-19 18:27:09,620] {dagbag.py:500} INFO - Filling up the DagBag from /home/airflow/.local/lib/python3.6/site-packages/airflow/example_dags/example_branch_operator.py
[2022-01-19 18:27:09,654] {processor.py:654} INFO - DAG(s) dict_keys(['example_branch_operator']) retrieved from /home/airflow/.local/lib/python3.6/site-packages/airflow/example_dags/example_branch_operator.py
[2022-01-19 18:27:09,667] {logging_mixin.py:109} INFO - [2022-01-19 18:27:09,667] {dag.py:2396} INFO - Sync 1 DAGs
[2022-01-19 18:27:09,688] {logging_mixin.py:109} INFO - [2022-01-19 18:27:09,687] {dag.py:2935} INFO - Setting next_dagrun for example_branch_operator to 2022-01-18 00:00:00+00:00
[2022-01-19 18:27:09,697] {processor.py:171} INFO - Processing /home/airflow/.local/lib/python3.6/site-packages/airflow/example_dags/example_branch_operator.py took 0.081 seconds
[2022-01-19 18:27:39,975] {processor.py:163} INFO - Started process (PID=2293) to work on /home/airflow/.local/lib/python3.6/site-packages/airflow/example_dags/example_branch_operator.py
[2022-01-19 18:27:39,976] {processor.py:642} INFO - Processing file /home/airflow/.local/lib/python3.6/site-packages/airflow/example_dags/example_branch_operator.py for tasks to queue
[2022-01-19 18:27:39,977] {logging_mixin.py:109} INFO - [2022-01-19 18:27:39,977] {dagbag.py:500} INFO - Filling up the DagBag from /home/airflow/.local/lib/python3.6/site-packages/airflow/example_dags/example_branch_operator.py
[2022-01-19 18:27:40,002] {processor.py:654} INFO - DAG(s) dict_keys(['example_branch_operator']) retrieved from /home/airflow/.local/lib/python3.6/site-packages/airflow/example_dags/example_branch_operator.py
[2022-01-19 18:27:40,017] {logging_mixin.py:109} INFO - [2022-01-19 18:27:40,017] {dag.py:2396} INFO - Sync 1 DAGs
[2022-01-19 18:27:40,043] {logging_mixin.py:109} INFO - [2022-01-19 18:27:40,042] {dag.py:2935} INFO - Setting next_dagrun for example_branch_operator to 2022-01-18 00:00:00+00:00
[2022-01-19 18:27:40,052] {processor.py:171} INFO - Processing /home/airflow/.local/lib/python3.6/site-packages/airflow/example_dags/example_branch_operator.py took 0.080 seconds
[2022-01-19 18:28:10,601] {processor.py:163} INFO - Started process (PID=2357) to work on /home/airflow/.local/lib/python3.6/site-packages/airflow/example_dags/example_branch_operator.py
[2022-01-19 18:28:10,602] {processor.py:642} INFO - Processing file /home/airflow/.local/lib/python3.6/site-packages/airflow/example_dags/example_branch_operator.py for tasks to queue
[2022-01-19 18:28:10,603] {logging_mixin.py:109} INFO - [2022-01-19 18:28:10,603] {dagbag.py:500} INFO - Filling up the DagBag from /home/airflow/.local/lib/python3.6/site-packages/airflow/example_dags/example_branch_operator.py
[2022-01-19 18:28:10,627] {processor.py:654} INFO - DAG(s) dict_keys(['example_branch_operator']) retrieved from /home/airflow/.local/lib/python3.6/site-packages/airflow/example_dags/example_branch_operator.py
[2022-01-19 18:28:10,639] {logging_mixin.py:109} INFO - [2022-01-19 18:28:10,639] {dag.py:2396} INFO - Sync 1 DAGs
[2022-01-19 18:28:10,676] {logging_mixin.py:109} INFO - [2022-01-19 18:28:10,676] {dag.py:2935} INFO - Setting next_dagrun for example_branch_operator to 2022-01-18 00:00:00+00:00
[2022-01-19 18:28:10,687] {processor.py:171} INFO - Processing /home/airflow/.local/lib/python3.6/site-packages/airflow/example_dags/example_branch_operator.py took 0.088 seconds
[2022-01-19 18:28:41,357] {processor.py:163} INFO - Started process (PID=2410) to work on /home/airflow/.local/lib/python3.6/site-packages/airflow/example_dags/example_branch_operator.py
[2022-01-19 18:28:41,361] {processor.py:642} INFO - Processing file /home/airflow/.local/lib/python3.6/site-packages/airflow/example_dags/example_branch_operator.py for tasks to queue
[2022-01-19 18:28:41,363] {logging_mixin.py:109} INFO - [2022-01-19 18:28:41,363] {dagbag.py:500} INFO - Filling up the DagBag from /home/airflow/.local/lib/python3.6/site-packages/airflow/example_dags/example_branch_operator.py
[2022-01-19 18:28:41,405] {processor.py:654} INFO - DAG(s) dict_keys(['example_branch_operator']) retrieved from /home/airflow/.local/lib/python3.6/site-packages/airflow/example_dags/example_branch_operator.py
[2022-01-19 18:28:41,417] {logging_mixin.py:109} INFO - [2022-01-19 18:28:41,417] {dag.py:2396} INFO - Sync 1 DAGs
[2022-01-19 18:28:41,435] {logging_mixin.py:109} INFO - [2022-01-19 18:28:41,435] {dag.py:2935} INFO - Setting next_dagrun for example_branch_operator to 2022-01-18 00:00:00+00:00
[2022-01-19 18:28:41,443] {processor.py:171} INFO - Processing /home/airflow/.local/lib/python3.6/site-packages/airflow/example_dags/example_branch_operator.py took 0.094 seconds
[2022-01-19 18:29:12,442] {processor.py:163} INFO - Started process (PID=2463) to work on /home/airflow/.local/lib/python3.6/site-packages/airflow/example_dags/example_branch_operator.py
[2022-01-19 18:29:12,443] {processor.py:642} INFO - Processing file /home/airflow/.local/lib/python3.6/site-packages/airflow/example_dags/example_branch_operator.py for tasks to queue
[2022-01-19 18:29:12,444] {logging_mixin.py:109} INFO - [2022-01-19 18:29:12,444] {dagbag.py:500} INFO - Filling up the DagBag from /home/airflow/.local/lib/python3.6/site-packages/airflow/example_dags/example_branch_operator.py
[2022-01-19 18:29:12,477] {processor.py:654} INFO - DAG(s) dict_keys(['example_branch_operator']) retrieved from /home/airflow/.local/lib/python3.6/site-packages/airflow/example_dags/example_branch_operator.py
[2022-01-19 18:29:12,493] {logging_mixin.py:109} INFO - [2022-01-19 18:29:12,493] {dag.py:2396} INFO - Sync 1 DAGs
[2022-01-19 18:29:12,511] {logging_mixin.py:109} INFO - [2022-01-19 18:29:12,511] {dag.py:2935} INFO - Setting next_dagrun for example_branch_operator to 2022-01-18 00:00:00+00:00
[2022-01-19 18:29:12,519] {processor.py:171} INFO - Processing /home/airflow/.local/lib/python3.6/site-packages/airflow/example_dags/example_branch_operator.py took 0.082 seconds
[2022-01-19 18:29:43,285] {processor.py:163} INFO - Started process (PID=2527) to work on /home/airflow/.local/lib/python3.6/site-packages/airflow/example_dags/example_branch_operator.py
[2022-01-19 18:29:43,286] {processor.py:642} INFO - Processing file /home/airflow/.local/lib/python3.6/site-packages/airflow/example_dags/example_branch_operator.py for tasks to queue
[2022-01-19 18:29:43,287] {logging_mixin.py:109} INFO - [2022-01-19 18:29:43,287] {dagbag.py:500} INFO - Filling up the DagBag from /home/airflow/.local/lib/python3.6/site-packages/airflow/example_dags/example_branch_operator.py
[2022-01-19 18:29:43,312] {processor.py:654} INFO - DAG(s) dict_keys(['example_branch_operator']) retrieved from /home/airflow/.local/lib/python3.6/site-packages/airflow/example_dags/example_branch_operator.py
[2022-01-19 18:29:43,323] {logging_mixin.py:109} INFO - [2022-01-19 18:29:43,323] {dag.py:2396} INFO - Sync 1 DAGs
[2022-01-19 18:29:43,341] {logging_mixin.py:109} INFO - [2022-01-19 18:29:43,341] {dag.py:2935} INFO - Setting next_dagrun for example_branch_operator to 2022-01-18 00:00:00+00:00
[2022-01-19 18:29:43,349] {processor.py:171} INFO - Processing /home/airflow/.local/lib/python3.6/site-packages/airflow/example_dags/example_branch_operator.py took 0.066 seconds
[2022-01-19 18:30:14,044] {processor.py:163} INFO - Started process (PID=2580) to work on /home/airflow/.local/lib/python3.6/site-packages/airflow/example_dags/example_branch_operator.py
[2022-01-19 18:30:14,047] {processor.py:642} INFO - Processing file /home/airflow/.local/lib/python3.6/site-packages/airflow/example_dags/example_branch_operator.py for tasks to queue
[2022-01-19 18:30:14,049] {logging_mixin.py:109} INFO - [2022-01-19 18:30:14,048] {dagbag.py:500} INFO - Filling up the DagBag from /home/airflow/.local/lib/python3.6/site-packages/airflow/example_dags/example_branch_operator.py
[2022-01-19 18:30:14,092] {processor.py:654} INFO - DAG(s) dict_keys(['example_branch_operator']) retrieved from /home/airflow/.local/lib/python3.6/site-packages/airflow/example_dags/example_branch_operator.py
[2022-01-19 18:30:14,104] {logging_mixin.py:109} INFO - [2022-01-19 18:30:14,104] {dag.py:2396} INFO - Sync 1 DAGs
[2022-01-19 18:30:14,123] {logging_mixin.py:109} INFO - [2022-01-19 18:30:14,123] {dag.py:2935} INFO - Setting next_dagrun for example_branch_operator to 2022-01-18 00:00:00+00:00
[2022-01-19 18:30:14,131] {processor.py:171} INFO - Processing /home/airflow/.local/lib/python3.6/site-packages/airflow/example_dags/example_branch_operator.py took 0.096 seconds
[2022-01-19 18:30:44,711] {processor.py:163} INFO - Started process (PID=2642) to work on /home/airflow/.local/lib/python3.6/site-packages/airflow/example_dags/example_branch_operator.py
[2022-01-19 18:30:44,712] {processor.py:642} INFO - Processing file /home/airflow/.local/lib/python3.6/site-packages/airflow/example_dags/example_branch_operator.py for tasks to queue
[2022-01-19 18:30:44,713] {logging_mixin.py:109} INFO - [2022-01-19 18:30:44,713] {dagbag.py:500} INFO - Filling up the DagBag from /home/airflow/.local/lib/python3.6/site-packages/airflow/example_dags/example_branch_operator.py
[2022-01-19 18:30:44,743] {processor.py:654} INFO - DAG(s) dict_keys(['example_branch_operator']) retrieved from /home/airflow/.local/lib/python3.6/site-packages/airflow/example_dags/example_branch_operator.py
[2022-01-19 18:30:44,754] {logging_mixin.py:109} INFO - [2022-01-19 18:30:44,754] {dag.py:2396} INFO - Sync 1 DAGs
[2022-01-19 18:30:44,771] {logging_mixin.py:109} INFO - [2022-01-19 18:30:44,771] {dag.py:2935} INFO - Setting next_dagrun for example_branch_operator to 2022-01-18 00:00:00+00:00
[2022-01-19 18:30:44,779] {processor.py:171} INFO - Processing /home/airflow/.local/lib/python3.6/site-packages/airflow/example_dags/example_branch_operator.py took 0.070 seconds
