[2022-01-19 18:09:54,169] {processor.py:163} INFO - Started process (PID=173) to work on /home/airflow/.local/lib/python3.6/site-packages/airflow/example_dags/example_trigger_controller_dag.py
[2022-01-19 18:09:54,170] {processor.py:642} INFO - Processing file /home/airflow/.local/lib/python3.6/site-packages/airflow/example_dags/example_trigger_controller_dag.py for tasks to queue
[2022-01-19 18:09:54,171] {logging_mixin.py:109} INFO - [2022-01-19 18:09:54,171] {dagbag.py:500} INFO - Filling up the DagBag from /home/airflow/.local/lib/python3.6/site-packages/airflow/example_dags/example_trigger_controller_dag.py
[2022-01-19 18:09:54,205] {processor.py:654} INFO - DAG(s) dict_keys(['example_trigger_controller_dag']) retrieved from /home/airflow/.local/lib/python3.6/site-packages/airflow/example_dags/example_trigger_controller_dag.py
[2022-01-19 18:09:56,944] {logging_mixin.py:109} INFO - [2022-01-19 18:09:56,944] {manager.py:496} INFO - Created Permission View: can read on DAG:example_trigger_controller_dag
[2022-01-19 18:09:56,956] {logging_mixin.py:109} INFO - [2022-01-19 18:09:56,956] {manager.py:496} INFO - Created Permission View: can edit on DAG:example_trigger_controller_dag
[2022-01-19 18:09:56,958] {logging_mixin.py:109} INFO - [2022-01-19 18:09:56,956] {dag.py:2396} INFO - Sync 1 DAGs
[2022-01-19 18:09:56,977] {logging_mixin.py:109} INFO - [2022-01-19 18:09:56,975] {dag.py:2415} INFO - Creating ORM DAG for example_trigger_controller_dag
[2022-01-19 18:09:56,989] {logging_mixin.py:109} INFO - [2022-01-19 18:09:56,989] {dag.py:2935} INFO - Setting next_dagrun for example_trigger_controller_dag to 2021-01-01T00:00:00+00:00
[2022-01-19 18:09:57,005] {processor.py:171} INFO - Processing /home/airflow/.local/lib/python3.6/site-packages/airflow/example_dags/example_trigger_controller_dag.py took 2.839 seconds
[2022-01-19 18:10:28,022] {processor.py:163} INFO - Started process (PID=369) to work on /home/airflow/.local/lib/python3.6/site-packages/airflow/example_dags/example_trigger_controller_dag.py
[2022-01-19 18:10:28,024] {processor.py:642} INFO - Processing file /home/airflow/.local/lib/python3.6/site-packages/airflow/example_dags/example_trigger_controller_dag.py for tasks to queue
[2022-01-19 18:10:28,025] {logging_mixin.py:109} INFO - [2022-01-19 18:10:28,025] {dagbag.py:500} INFO - Filling up the DagBag from /home/airflow/.local/lib/python3.6/site-packages/airflow/example_dags/example_trigger_controller_dag.py
[2022-01-19 18:10:28,050] {processor.py:654} INFO - DAG(s) dict_keys(['example_trigger_controller_dag']) retrieved from /home/airflow/.local/lib/python3.6/site-packages/airflow/example_dags/example_trigger_controller_dag.py
[2022-01-19 18:10:28,061] {logging_mixin.py:109} INFO - [2022-01-19 18:10:28,061] {dag.py:2396} INFO - Sync 1 DAGs
[2022-01-19 18:10:28,079] {logging_mixin.py:109} INFO - [2022-01-19 18:10:28,079] {dag.py:2935} INFO - Setting next_dagrun for example_trigger_controller_dag to 2021-01-01T00:00:00+00:00
[2022-01-19 18:10:28,087] {processor.py:171} INFO - Processing /home/airflow/.local/lib/python3.6/site-packages/airflow/example_dags/example_trigger_controller_dag.py took 0.068 seconds
[2022-01-19 18:10:58,192] {processor.py:163} INFO - Started process (PID=431) to work on /home/airflow/.local/lib/python3.6/site-packages/airflow/example_dags/example_trigger_controller_dag.py
[2022-01-19 18:10:58,193] {processor.py:642} INFO - Processing file /home/airflow/.local/lib/python3.6/site-packages/airflow/example_dags/example_trigger_controller_dag.py for tasks to queue
[2022-01-19 18:10:58,193] {logging_mixin.py:109} INFO - [2022-01-19 18:10:58,193] {dagbag.py:500} INFO - Filling up the DagBag from /home/airflow/.local/lib/python3.6/site-packages/airflow/example_dags/example_trigger_controller_dag.py
[2022-01-19 18:10:58,212] {processor.py:654} INFO - DAG(s) dict_keys(['example_trigger_controller_dag']) retrieved from /home/airflow/.local/lib/python3.6/site-packages/airflow/example_dags/example_trigger_controller_dag.py
[2022-01-19 18:10:58,219] {logging_mixin.py:109} INFO - [2022-01-19 18:10:58,219] {dag.py:2396} INFO - Sync 1 DAGs
[2022-01-19 18:10:58,234] {logging_mixin.py:109} INFO - [2022-01-19 18:10:58,234] {dag.py:2935} INFO - Setting next_dagrun for example_trigger_controller_dag to 2021-01-01T00:00:00+00:00
[2022-01-19 18:10:58,241] {processor.py:171} INFO - Processing /home/airflow/.local/lib/python3.6/site-packages/airflow/example_dags/example_trigger_controller_dag.py took 0.052 seconds
[2022-01-19 18:11:28,346] {processor.py:163} INFO - Started process (PID=484) to work on /home/airflow/.local/lib/python3.6/site-packages/airflow/example_dags/example_trigger_controller_dag.py
[2022-01-19 18:11:28,348] {processor.py:642} INFO - Processing file /home/airflow/.local/lib/python3.6/site-packages/airflow/example_dags/example_trigger_controller_dag.py for tasks to queue
[2022-01-19 18:11:28,349] {logging_mixin.py:109} INFO - [2022-01-19 18:11:28,349] {dagbag.py:500} INFO - Filling up the DagBag from /home/airflow/.local/lib/python3.6/site-packages/airflow/example_dags/example_trigger_controller_dag.py
[2022-01-19 18:11:28,377] {processor.py:654} INFO - DAG(s) dict_keys(['example_trigger_controller_dag']) retrieved from /home/airflow/.local/lib/python3.6/site-packages/airflow/example_dags/example_trigger_controller_dag.py
[2022-01-19 18:11:28,391] {logging_mixin.py:109} INFO - [2022-01-19 18:11:28,391] {dag.py:2396} INFO - Sync 1 DAGs
[2022-01-19 18:11:28,413] {logging_mixin.py:109} INFO - [2022-01-19 18:11:28,413] {dag.py:2935} INFO - Setting next_dagrun for example_trigger_controller_dag to 2021-01-01T00:00:00+00:00
[2022-01-19 18:11:28,423] {processor.py:171} INFO - Processing /home/airflow/.local/lib/python3.6/site-packages/airflow/example_dags/example_trigger_controller_dag.py took 0.081 seconds
[2022-01-19 18:11:58,438] {processor.py:163} INFO - Started process (PID=536) to work on /home/airflow/.local/lib/python3.6/site-packages/airflow/example_dags/example_trigger_controller_dag.py
[2022-01-19 18:11:58,440] {processor.py:642} INFO - Processing file /home/airflow/.local/lib/python3.6/site-packages/airflow/example_dags/example_trigger_controller_dag.py for tasks to queue
[2022-01-19 18:11:58,440] {logging_mixin.py:109} INFO - [2022-01-19 18:11:58,440] {dagbag.py:500} INFO - Filling up the DagBag from /home/airflow/.local/lib/python3.6/site-packages/airflow/example_dags/example_trigger_controller_dag.py
[2022-01-19 18:11:58,461] {processor.py:654} INFO - DAG(s) dict_keys(['example_trigger_controller_dag']) retrieved from /home/airflow/.local/lib/python3.6/site-packages/airflow/example_dags/example_trigger_controller_dag.py
[2022-01-19 18:11:58,469] {logging_mixin.py:109} INFO - [2022-01-19 18:11:58,469] {dag.py:2396} INFO - Sync 1 DAGs
[2022-01-19 18:11:58,487] {logging_mixin.py:109} INFO - [2022-01-19 18:11:58,487] {dag.py:2935} INFO - Setting next_dagrun for example_trigger_controller_dag to 2021-01-01T00:00:00+00:00
[2022-01-19 18:11:58,498] {processor.py:171} INFO - Processing /home/airflow/.local/lib/python3.6/site-packages/airflow/example_dags/example_trigger_controller_dag.py took 0.062 seconds
[2022-01-19 18:12:28,521] {processor.py:163} INFO - Started process (PID=600) to work on /home/airflow/.local/lib/python3.6/site-packages/airflow/example_dags/example_trigger_controller_dag.py
[2022-01-19 18:12:28,522] {processor.py:642} INFO - Processing file /home/airflow/.local/lib/python3.6/site-packages/airflow/example_dags/example_trigger_controller_dag.py for tasks to queue
[2022-01-19 18:12:28,522] {logging_mixin.py:109} INFO - [2022-01-19 18:12:28,522] {dagbag.py:500} INFO - Filling up the DagBag from /home/airflow/.local/lib/python3.6/site-packages/airflow/example_dags/example_trigger_controller_dag.py
[2022-01-19 18:12:28,542] {processor.py:654} INFO - DAG(s) dict_keys(['example_trigger_controller_dag']) retrieved from /home/airflow/.local/lib/python3.6/site-packages/airflow/example_dags/example_trigger_controller_dag.py
[2022-01-19 18:12:28,552] {logging_mixin.py:109} INFO - [2022-01-19 18:12:28,552] {dag.py:2396} INFO - Sync 1 DAGs
[2022-01-19 18:12:28,569] {logging_mixin.py:109} INFO - [2022-01-19 18:12:28,569] {dag.py:2935} INFO - Setting next_dagrun for example_trigger_controller_dag to 2021-01-01T00:00:00+00:00
[2022-01-19 18:12:28,579] {processor.py:171} INFO - Processing /home/airflow/.local/lib/python3.6/site-packages/airflow/example_dags/example_trigger_controller_dag.py took 0.060 seconds
[2022-01-19 18:12:59,087] {processor.py:163} INFO - Started process (PID=652) to work on /home/airflow/.local/lib/python3.6/site-packages/airflow/example_dags/example_trigger_controller_dag.py
[2022-01-19 18:12:59,088] {processor.py:642} INFO - Processing file /home/airflow/.local/lib/python3.6/site-packages/airflow/example_dags/example_trigger_controller_dag.py for tasks to queue
[2022-01-19 18:12:59,089] {logging_mixin.py:109} INFO - [2022-01-19 18:12:59,089] {dagbag.py:500} INFO - Filling up the DagBag from /home/airflow/.local/lib/python3.6/site-packages/airflow/example_dags/example_trigger_controller_dag.py
[2022-01-19 18:12:59,106] {processor.py:654} INFO - DAG(s) dict_keys(['example_trigger_controller_dag']) retrieved from /home/airflow/.local/lib/python3.6/site-packages/airflow/example_dags/example_trigger_controller_dag.py
[2022-01-19 18:12:59,114] {logging_mixin.py:109} INFO - [2022-01-19 18:12:59,114] {dag.py:2396} INFO - Sync 1 DAGs
[2022-01-19 18:12:59,126] {logging_mixin.py:109} INFO - [2022-01-19 18:12:59,126] {dag.py:2935} INFO - Setting next_dagrun for example_trigger_controller_dag to 2021-01-01T00:00:00+00:00
[2022-01-19 18:12:59,132] {processor.py:171} INFO - Processing /home/airflow/.local/lib/python3.6/site-packages/airflow/example_dags/example_trigger_controller_dag.py took 0.047 seconds
[2022-01-19 18:13:29,634] {processor.py:163} INFO - Started process (PID=722) to work on /home/airflow/.local/lib/python3.6/site-packages/airflow/example_dags/example_trigger_controller_dag.py
[2022-01-19 18:13:29,635] {processor.py:642} INFO - Processing file /home/airflow/.local/lib/python3.6/site-packages/airflow/example_dags/example_trigger_controller_dag.py for tasks to queue
[2022-01-19 18:13:29,636] {logging_mixin.py:109} INFO - [2022-01-19 18:13:29,636] {dagbag.py:500} INFO - Filling up the DagBag from /home/airflow/.local/lib/python3.6/site-packages/airflow/example_dags/example_trigger_controller_dag.py
[2022-01-19 18:13:29,657] {processor.py:654} INFO - DAG(s) dict_keys(['example_trigger_controller_dag']) retrieved from /home/airflow/.local/lib/python3.6/site-packages/airflow/example_dags/example_trigger_controller_dag.py
[2022-01-19 18:13:29,665] {logging_mixin.py:109} INFO - [2022-01-19 18:13:29,665] {dag.py:2396} INFO - Sync 1 DAGs
[2022-01-19 18:13:29,680] {logging_mixin.py:109} INFO - [2022-01-19 18:13:29,680] {dag.py:2935} INFO - Setting next_dagrun for example_trigger_controller_dag to 2021-01-01T00:00:00+00:00
[2022-01-19 18:13:29,688] {processor.py:171} INFO - Processing /home/airflow/.local/lib/python3.6/site-packages/airflow/example_dags/example_trigger_controller_dag.py took 0.056 seconds
[2022-01-19 18:14:00,353] {processor.py:163} INFO - Started process (PID=785) to work on /home/airflow/.local/lib/python3.6/site-packages/airflow/example_dags/example_trigger_controller_dag.py
[2022-01-19 18:14:00,359] {processor.py:642} INFO - Processing file /home/airflow/.local/lib/python3.6/site-packages/airflow/example_dags/example_trigger_controller_dag.py for tasks to queue
[2022-01-19 18:14:00,360] {logging_mixin.py:109} INFO - [2022-01-19 18:14:00,360] {dagbag.py:500} INFO - Filling up the DagBag from /home/airflow/.local/lib/python3.6/site-packages/airflow/example_dags/example_trigger_controller_dag.py
[2022-01-19 18:14:00,401] {processor.py:654} INFO - DAG(s) dict_keys(['example_trigger_controller_dag']) retrieved from /home/airflow/.local/lib/python3.6/site-packages/airflow/example_dags/example_trigger_controller_dag.py
[2022-01-19 18:14:00,410] {logging_mixin.py:109} INFO - [2022-01-19 18:14:00,410] {dag.py:2396} INFO - Sync 1 DAGs
[2022-01-19 18:14:00,426] {logging_mixin.py:109} INFO - [2022-01-19 18:14:00,426] {dag.py:2935} INFO - Setting next_dagrun for example_trigger_controller_dag to 2021-01-01T00:00:00+00:00
[2022-01-19 18:14:00,433] {processor.py:171} INFO - Processing /home/airflow/.local/lib/python3.6/site-packages/airflow/example_dags/example_trigger_controller_dag.py took 0.089 seconds
[2022-01-19 18:14:30,879] {processor.py:163} INFO - Started process (PID=837) to work on /home/airflow/.local/lib/python3.6/site-packages/airflow/example_dags/example_trigger_controller_dag.py
[2022-01-19 18:14:30,880] {processor.py:642} INFO - Processing file /home/airflow/.local/lib/python3.6/site-packages/airflow/example_dags/example_trigger_controller_dag.py for tasks to queue
[2022-01-19 18:14:30,881] {logging_mixin.py:109} INFO - [2022-01-19 18:14:30,881] {dagbag.py:500} INFO - Filling up the DagBag from /home/airflow/.local/lib/python3.6/site-packages/airflow/example_dags/example_trigger_controller_dag.py
[2022-01-19 18:14:30,903] {processor.py:654} INFO - DAG(s) dict_keys(['example_trigger_controller_dag']) retrieved from /home/airflow/.local/lib/python3.6/site-packages/airflow/example_dags/example_trigger_controller_dag.py
[2022-01-19 18:14:30,914] {logging_mixin.py:109} INFO - [2022-01-19 18:14:30,913] {dag.py:2396} INFO - Sync 1 DAGs
[2022-01-19 18:14:30,931] {logging_mixin.py:109} INFO - [2022-01-19 18:14:30,931] {dag.py:2935} INFO - Setting next_dagrun for example_trigger_controller_dag to 2021-01-01T00:00:00+00:00
[2022-01-19 18:14:30,940] {processor.py:171} INFO - Processing /home/airflow/.local/lib/python3.6/site-packages/airflow/example_dags/example_trigger_controller_dag.py took 0.064 seconds
[2022-01-19 18:15:01,419] {processor.py:163} INFO - Started process (PID=899) to work on /home/airflow/.local/lib/python3.6/site-packages/airflow/example_dags/example_trigger_controller_dag.py
[2022-01-19 18:15:01,420] {processor.py:642} INFO - Processing file /home/airflow/.local/lib/python3.6/site-packages/airflow/example_dags/example_trigger_controller_dag.py for tasks to queue
[2022-01-19 18:15:01,420] {logging_mixin.py:109} INFO - [2022-01-19 18:15:01,420] {dagbag.py:500} INFO - Filling up the DagBag from /home/airflow/.local/lib/python3.6/site-packages/airflow/example_dags/example_trigger_controller_dag.py
[2022-01-19 18:15:01,444] {processor.py:654} INFO - DAG(s) dict_keys(['example_trigger_controller_dag']) retrieved from /home/airflow/.local/lib/python3.6/site-packages/airflow/example_dags/example_trigger_controller_dag.py
[2022-01-19 18:15:01,458] {logging_mixin.py:109} INFO - [2022-01-19 18:15:01,458] {dag.py:2396} INFO - Sync 1 DAGs
[2022-01-19 18:15:01,475] {logging_mixin.py:109} INFO - [2022-01-19 18:15:01,475] {dag.py:2935} INFO - Setting next_dagrun for example_trigger_controller_dag to 2021-01-01T00:00:00+00:00
[2022-01-19 18:15:01,483] {processor.py:171} INFO - Processing /home/airflow/.local/lib/python3.6/site-packages/airflow/example_dags/example_trigger_controller_dag.py took 0.066 seconds
[2022-01-19 18:15:31,946] {processor.py:163} INFO - Started process (PID=951) to work on /home/airflow/.local/lib/python3.6/site-packages/airflow/example_dags/example_trigger_controller_dag.py
[2022-01-19 18:15:31,947] {processor.py:642} INFO - Processing file /home/airflow/.local/lib/python3.6/site-packages/airflow/example_dags/example_trigger_controller_dag.py for tasks to queue
[2022-01-19 18:15:31,948] {logging_mixin.py:109} INFO - [2022-01-19 18:15:31,948] {dagbag.py:500} INFO - Filling up the DagBag from /home/airflow/.local/lib/python3.6/site-packages/airflow/example_dags/example_trigger_controller_dag.py
[2022-01-19 18:15:31,967] {processor.py:654} INFO - DAG(s) dict_keys(['example_trigger_controller_dag']) retrieved from /home/airflow/.local/lib/python3.6/site-packages/airflow/example_dags/example_trigger_controller_dag.py
[2022-01-19 18:15:31,980] {logging_mixin.py:109} INFO - [2022-01-19 18:15:31,980] {dag.py:2396} INFO - Sync 1 DAGs
[2022-01-19 18:15:32,004] {logging_mixin.py:109} INFO - [2022-01-19 18:15:32,004] {dag.py:2935} INFO - Setting next_dagrun for example_trigger_controller_dag to 2021-01-01T00:00:00+00:00
[2022-01-19 18:15:32,015] {processor.py:171} INFO - Processing /home/airflow/.local/lib/python3.6/site-packages/airflow/example_dags/example_trigger_controller_dag.py took 0.070 seconds
[2022-01-19 18:16:02,358] {processor.py:163} INFO - Started process (PID=1011) to work on /home/airflow/.local/lib/python3.6/site-packages/airflow/example_dags/example_trigger_controller_dag.py
[2022-01-19 18:16:02,359] {processor.py:642} INFO - Processing file /home/airflow/.local/lib/python3.6/site-packages/airflow/example_dags/example_trigger_controller_dag.py for tasks to queue
[2022-01-19 18:16:02,359] {logging_mixin.py:109} INFO - [2022-01-19 18:16:02,359] {dagbag.py:500} INFO - Filling up the DagBag from /home/airflow/.local/lib/python3.6/site-packages/airflow/example_dags/example_trigger_controller_dag.py
[2022-01-19 18:16:02,378] {processor.py:654} INFO - DAG(s) dict_keys(['example_trigger_controller_dag']) retrieved from /home/airflow/.local/lib/python3.6/site-packages/airflow/example_dags/example_trigger_controller_dag.py
[2022-01-19 18:16:02,386] {logging_mixin.py:109} INFO - [2022-01-19 18:16:02,386] {dag.py:2396} INFO - Sync 1 DAGs
[2022-01-19 18:16:02,399] {logging_mixin.py:109} INFO - [2022-01-19 18:16:02,399] {dag.py:2935} INFO - Setting next_dagrun for example_trigger_controller_dag to 2021-01-01T00:00:00+00:00
[2022-01-19 18:16:02,407] {processor.py:171} INFO - Processing /home/airflow/.local/lib/python3.6/site-packages/airflow/example_dags/example_trigger_controller_dag.py took 0.051 seconds
[2022-01-19 18:16:33,006] {processor.py:163} INFO - Started process (PID=1066) to work on /home/airflow/.local/lib/python3.6/site-packages/airflow/example_dags/example_trigger_controller_dag.py
[2022-01-19 18:16:33,009] {processor.py:642} INFO - Processing file /home/airflow/.local/lib/python3.6/site-packages/airflow/example_dags/example_trigger_controller_dag.py for tasks to queue
[2022-01-19 18:16:33,010] {logging_mixin.py:109} INFO - [2022-01-19 18:16:33,010] {dagbag.py:500} INFO - Filling up the DagBag from /home/airflow/.local/lib/python3.6/site-packages/airflow/example_dags/example_trigger_controller_dag.py
[2022-01-19 18:16:33,036] {processor.py:654} INFO - DAG(s) dict_keys(['example_trigger_controller_dag']) retrieved from /home/airflow/.local/lib/python3.6/site-packages/airflow/example_dags/example_trigger_controller_dag.py
[2022-01-19 18:16:33,046] {logging_mixin.py:109} INFO - [2022-01-19 18:16:33,046] {dag.py:2396} INFO - Sync 1 DAGs
[2022-01-19 18:16:33,063] {logging_mixin.py:109} INFO - [2022-01-19 18:16:33,062] {dag.py:2935} INFO - Setting next_dagrun for example_trigger_controller_dag to 2021-01-01T00:00:00+00:00
[2022-01-19 18:16:33,070] {processor.py:171} INFO - Processing /home/airflow/.local/lib/python3.6/site-packages/airflow/example_dags/example_trigger_controller_dag.py took 0.066 seconds
[2022-01-19 18:17:03,571] {processor.py:163} INFO - Started process (PID=1118) to work on /home/airflow/.local/lib/python3.6/site-packages/airflow/example_dags/example_trigger_controller_dag.py
[2022-01-19 18:17:03,573] {processor.py:642} INFO - Processing file /home/airflow/.local/lib/python3.6/site-packages/airflow/example_dags/example_trigger_controller_dag.py for tasks to queue
[2022-01-19 18:17:03,573] {logging_mixin.py:109} INFO - [2022-01-19 18:17:03,573] {dagbag.py:500} INFO - Filling up the DagBag from /home/airflow/.local/lib/python3.6/site-packages/airflow/example_dags/example_trigger_controller_dag.py
[2022-01-19 18:17:03,592] {processor.py:654} INFO - DAG(s) dict_keys(['example_trigger_controller_dag']) retrieved from /home/airflow/.local/lib/python3.6/site-packages/airflow/example_dags/example_trigger_controller_dag.py
[2022-01-19 18:17:03,600] {logging_mixin.py:109} INFO - [2022-01-19 18:17:03,600] {dag.py:2396} INFO - Sync 1 DAGs
[2022-01-19 18:17:03,614] {logging_mixin.py:109} INFO - [2022-01-19 18:17:03,614] {dag.py:2935} INFO - Setting next_dagrun for example_trigger_controller_dag to 2021-01-01T00:00:00+00:00
[2022-01-19 18:17:03,620] {processor.py:171} INFO - Processing /home/airflow/.local/lib/python3.6/site-packages/airflow/example_dags/example_trigger_controller_dag.py took 0.052 seconds
[2022-01-19 18:17:33,828] {processor.py:163} INFO - Started process (PID=1181) to work on /home/airflow/.local/lib/python3.6/site-packages/airflow/example_dags/example_trigger_controller_dag.py
[2022-01-19 18:17:33,831] {processor.py:642} INFO - Processing file /home/airflow/.local/lib/python3.6/site-packages/airflow/example_dags/example_trigger_controller_dag.py for tasks to queue
[2022-01-19 18:17:33,831] {logging_mixin.py:109} INFO - [2022-01-19 18:17:33,831] {dagbag.py:500} INFO - Filling up the DagBag from /home/airflow/.local/lib/python3.6/site-packages/airflow/example_dags/example_trigger_controller_dag.py
[2022-01-19 18:17:33,852] {processor.py:654} INFO - DAG(s) dict_keys(['example_trigger_controller_dag']) retrieved from /home/airflow/.local/lib/python3.6/site-packages/airflow/example_dags/example_trigger_controller_dag.py
[2022-01-19 18:17:33,860] {logging_mixin.py:109} INFO - [2022-01-19 18:17:33,860] {dag.py:2396} INFO - Sync 1 DAGs
[2022-01-19 18:17:33,875] {logging_mixin.py:109} INFO - [2022-01-19 18:17:33,874] {dag.py:2935} INFO - Setting next_dagrun for example_trigger_controller_dag to 2021-01-01T00:00:00+00:00
[2022-01-19 18:17:33,882] {processor.py:171} INFO - Processing /home/airflow/.local/lib/python3.6/site-packages/airflow/example_dags/example_trigger_controller_dag.py took 0.056 seconds
[2022-01-19 18:18:04,222] {processor.py:163} INFO - Started process (PID=1234) to work on /home/airflow/.local/lib/python3.6/site-packages/airflow/example_dags/example_trigger_controller_dag.py
[2022-01-19 18:18:04,224] {processor.py:642} INFO - Processing file /home/airflow/.local/lib/python3.6/site-packages/airflow/example_dags/example_trigger_controller_dag.py for tasks to queue
[2022-01-19 18:18:04,224] {logging_mixin.py:109} INFO - [2022-01-19 18:18:04,224] {dagbag.py:500} INFO - Filling up the DagBag from /home/airflow/.local/lib/python3.6/site-packages/airflow/example_dags/example_trigger_controller_dag.py
[2022-01-19 18:18:04,266] {processor.py:654} INFO - DAG(s) dict_keys(['example_trigger_controller_dag']) retrieved from /home/airflow/.local/lib/python3.6/site-packages/airflow/example_dags/example_trigger_controller_dag.py
[2022-01-19 18:18:04,284] {logging_mixin.py:109} INFO - [2022-01-19 18:18:04,284] {dag.py:2396} INFO - Sync 1 DAGs
[2022-01-19 18:18:04,309] {logging_mixin.py:109} INFO - [2022-01-19 18:18:04,309] {dag.py:2935} INFO - Setting next_dagrun for example_trigger_controller_dag to 2021-01-01T00:00:00+00:00
[2022-01-19 18:18:04,318] {processor.py:171} INFO - Processing /home/airflow/.local/lib/python3.6/site-packages/airflow/example_dags/example_trigger_controller_dag.py took 0.103 seconds
[2022-01-19 18:18:34,896] {processor.py:163} INFO - Started process (PID=1296) to work on /home/airflow/.local/lib/python3.6/site-packages/airflow/example_dags/example_trigger_controller_dag.py
[2022-01-19 18:18:34,897] {processor.py:642} INFO - Processing file /home/airflow/.local/lib/python3.6/site-packages/airflow/example_dags/example_trigger_controller_dag.py for tasks to queue
[2022-01-19 18:18:34,897] {logging_mixin.py:109} INFO - [2022-01-19 18:18:34,897] {dagbag.py:500} INFO - Filling up the DagBag from /home/airflow/.local/lib/python3.6/site-packages/airflow/example_dags/example_trigger_controller_dag.py
[2022-01-19 18:18:34,916] {processor.py:654} INFO - DAG(s) dict_keys(['example_trigger_controller_dag']) retrieved from /home/airflow/.local/lib/python3.6/site-packages/airflow/example_dags/example_trigger_controller_dag.py
[2022-01-19 18:18:34,924] {logging_mixin.py:109} INFO - [2022-01-19 18:18:34,924] {dag.py:2396} INFO - Sync 1 DAGs
[2022-01-19 18:18:34,938] {logging_mixin.py:109} INFO - [2022-01-19 18:18:34,938] {dag.py:2935} INFO - Setting next_dagrun for example_trigger_controller_dag to 2021-01-01T00:00:00+00:00
[2022-01-19 18:18:34,945] {processor.py:171} INFO - Processing /home/airflow/.local/lib/python3.6/site-packages/airflow/example_dags/example_trigger_controller_dag.py took 0.051 seconds
[2022-01-19 18:19:05,410] {processor.py:163} INFO - Started process (PID=1348) to work on /home/airflow/.local/lib/python3.6/site-packages/airflow/example_dags/example_trigger_controller_dag.py
[2022-01-19 18:19:05,412] {processor.py:642} INFO - Processing file /home/airflow/.local/lib/python3.6/site-packages/airflow/example_dags/example_trigger_controller_dag.py for tasks to queue
[2022-01-19 18:19:05,412] {logging_mixin.py:109} INFO - [2022-01-19 18:19:05,412] {dagbag.py:500} INFO - Filling up the DagBag from /home/airflow/.local/lib/python3.6/site-packages/airflow/example_dags/example_trigger_controller_dag.py
[2022-01-19 18:19:05,437] {processor.py:654} INFO - DAG(s) dict_keys(['example_trigger_controller_dag']) retrieved from /home/airflow/.local/lib/python3.6/site-packages/airflow/example_dags/example_trigger_controller_dag.py
[2022-01-19 18:19:05,449] {logging_mixin.py:109} INFO - [2022-01-19 18:19:05,448] {dag.py:2396} INFO - Sync 1 DAGs
[2022-01-19 18:19:05,467] {logging_mixin.py:109} INFO - [2022-01-19 18:19:05,467] {dag.py:2935} INFO - Setting next_dagrun for example_trigger_controller_dag to 2021-01-01T00:00:00+00:00
[2022-01-19 18:19:05,476] {processor.py:171} INFO - Processing /home/airflow/.local/lib/python3.6/site-packages/airflow/example_dags/example_trigger_controller_dag.py took 0.069 seconds
[2022-01-19 18:19:36,015] {processor.py:163} INFO - Started process (PID=1400) to work on /home/airflow/.local/lib/python3.6/site-packages/airflow/example_dags/example_trigger_controller_dag.py
[2022-01-19 18:19:36,017] {processor.py:642} INFO - Processing file /home/airflow/.local/lib/python3.6/site-packages/airflow/example_dags/example_trigger_controller_dag.py for tasks to queue
[2022-01-19 18:19:36,018] {logging_mixin.py:109} INFO - [2022-01-19 18:19:36,018] {dagbag.py:500} INFO - Filling up the DagBag from /home/airflow/.local/lib/python3.6/site-packages/airflow/example_dags/example_trigger_controller_dag.py
[2022-01-19 18:19:36,056] {processor.py:654} INFO - DAG(s) dict_keys(['example_trigger_controller_dag']) retrieved from /home/airflow/.local/lib/python3.6/site-packages/airflow/example_dags/example_trigger_controller_dag.py
[2022-01-19 18:19:36,071] {logging_mixin.py:109} INFO - [2022-01-19 18:19:36,071] {dag.py:2396} INFO - Sync 1 DAGs
[2022-01-19 18:19:36,097] {logging_mixin.py:109} INFO - [2022-01-19 18:19:36,097] {dag.py:2935} INFO - Setting next_dagrun for example_trigger_controller_dag to 2021-01-01T00:00:00+00:00
[2022-01-19 18:19:36,111] {processor.py:171} INFO - Processing /home/airflow/.local/lib/python3.6/site-packages/airflow/example_dags/example_trigger_controller_dag.py took 0.102 seconds
[2022-01-19 18:20:06,369] {processor.py:163} INFO - Started process (PID=1463) to work on /home/airflow/.local/lib/python3.6/site-packages/airflow/example_dags/example_trigger_controller_dag.py
[2022-01-19 18:20:06,371] {processor.py:642} INFO - Processing file /home/airflow/.local/lib/python3.6/site-packages/airflow/example_dags/example_trigger_controller_dag.py for tasks to queue
[2022-01-19 18:20:06,372] {logging_mixin.py:109} INFO - [2022-01-19 18:20:06,371] {dagbag.py:500} INFO - Filling up the DagBag from /home/airflow/.local/lib/python3.6/site-packages/airflow/example_dags/example_trigger_controller_dag.py
[2022-01-19 18:20:06,402] {processor.py:654} INFO - DAG(s) dict_keys(['example_trigger_controller_dag']) retrieved from /home/airflow/.local/lib/python3.6/site-packages/airflow/example_dags/example_trigger_controller_dag.py
[2022-01-19 18:20:06,413] {logging_mixin.py:109} INFO - [2022-01-19 18:20:06,413] {dag.py:2396} INFO - Sync 1 DAGs
[2022-01-19 18:20:06,432] {logging_mixin.py:109} INFO - [2022-01-19 18:20:06,432] {dag.py:2935} INFO - Setting next_dagrun for example_trigger_controller_dag to 2021-01-01T00:00:00+00:00
[2022-01-19 18:20:06,449] {processor.py:171} INFO - Processing /home/airflow/.local/lib/python3.6/site-packages/airflow/example_dags/example_trigger_controller_dag.py took 0.083 seconds
[2022-01-19 18:20:37,220] {processor.py:163} INFO - Started process (PID=1515) to work on /home/airflow/.local/lib/python3.6/site-packages/airflow/example_dags/example_trigger_controller_dag.py
[2022-01-19 18:20:37,224] {processor.py:642} INFO - Processing file /home/airflow/.local/lib/python3.6/site-packages/airflow/example_dags/example_trigger_controller_dag.py for tasks to queue
[2022-01-19 18:20:37,225] {logging_mixin.py:109} INFO - [2022-01-19 18:20:37,225] {dagbag.py:500} INFO - Filling up the DagBag from /home/airflow/.local/lib/python3.6/site-packages/airflow/example_dags/example_trigger_controller_dag.py
[2022-01-19 18:20:37,251] {processor.py:654} INFO - DAG(s) dict_keys(['example_trigger_controller_dag']) retrieved from /home/airflow/.local/lib/python3.6/site-packages/airflow/example_dags/example_trigger_controller_dag.py
[2022-01-19 18:20:37,261] {logging_mixin.py:109} INFO - [2022-01-19 18:20:37,261] {dag.py:2396} INFO - Sync 1 DAGs
[2022-01-19 18:20:37,278] {logging_mixin.py:109} INFO - [2022-01-19 18:20:37,278] {dag.py:2935} INFO - Setting next_dagrun for example_trigger_controller_dag to 2021-01-01T00:00:00+00:00
[2022-01-19 18:20:37,286] {processor.py:171} INFO - Processing /home/airflow/.local/lib/python3.6/site-packages/airflow/example_dags/example_trigger_controller_dag.py took 0.073 seconds
[2022-01-19 18:21:07,433] {processor.py:163} INFO - Started process (PID=1574) to work on /home/airflow/.local/lib/python3.6/site-packages/airflow/example_dags/example_trigger_controller_dag.py
[2022-01-19 18:21:07,436] {processor.py:642} INFO - Processing file /home/airflow/.local/lib/python3.6/site-packages/airflow/example_dags/example_trigger_controller_dag.py for tasks to queue
[2022-01-19 18:21:07,437] {logging_mixin.py:109} INFO - [2022-01-19 18:21:07,437] {dagbag.py:500} INFO - Filling up the DagBag from /home/airflow/.local/lib/python3.6/site-packages/airflow/example_dags/example_trigger_controller_dag.py
[2022-01-19 18:21:07,459] {processor.py:654} INFO - DAG(s) dict_keys(['example_trigger_controller_dag']) retrieved from /home/airflow/.local/lib/python3.6/site-packages/airflow/example_dags/example_trigger_controller_dag.py
[2022-01-19 18:21:07,470] {logging_mixin.py:109} INFO - [2022-01-19 18:21:07,470] {dag.py:2396} INFO - Sync 1 DAGs
[2022-01-19 18:21:07,488] {logging_mixin.py:109} INFO - [2022-01-19 18:21:07,488] {dag.py:2935} INFO - Setting next_dagrun for example_trigger_controller_dag to 2021-01-01T00:00:00+00:00
[2022-01-19 18:21:07,496] {processor.py:171} INFO - Processing /home/airflow/.local/lib/python3.6/site-packages/airflow/example_dags/example_trigger_controller_dag.py took 0.065 seconds
[2022-01-19 18:21:37,711] {processor.py:163} INFO - Started process (PID=1629) to work on /home/airflow/.local/lib/python3.6/site-packages/airflow/example_dags/example_trigger_controller_dag.py
[2022-01-19 18:21:37,713] {processor.py:642} INFO - Processing file /home/airflow/.local/lib/python3.6/site-packages/airflow/example_dags/example_trigger_controller_dag.py for tasks to queue
[2022-01-19 18:21:37,714] {logging_mixin.py:109} INFO - [2022-01-19 18:21:37,714] {dagbag.py:500} INFO - Filling up the DagBag from /home/airflow/.local/lib/python3.6/site-packages/airflow/example_dags/example_trigger_controller_dag.py
[2022-01-19 18:21:37,741] {processor.py:654} INFO - DAG(s) dict_keys(['example_trigger_controller_dag']) retrieved from /home/airflow/.local/lib/python3.6/site-packages/airflow/example_dags/example_trigger_controller_dag.py
[2022-01-19 18:21:37,750] {logging_mixin.py:109} INFO - [2022-01-19 18:21:37,750] {dag.py:2396} INFO - Sync 1 DAGs
[2022-01-19 18:21:37,766] {logging_mixin.py:109} INFO - [2022-01-19 18:21:37,766] {dag.py:2935} INFO - Setting next_dagrun for example_trigger_controller_dag to 2021-01-01T00:00:00+00:00
[2022-01-19 18:21:37,776] {processor.py:171} INFO - Processing /home/airflow/.local/lib/python3.6/site-packages/airflow/example_dags/example_trigger_controller_dag.py took 0.068 seconds
[2022-01-19 18:22:08,622] {processor.py:163} INFO - Started process (PID=1683) to work on /home/airflow/.local/lib/python3.6/site-packages/airflow/example_dags/example_trigger_controller_dag.py
[2022-01-19 18:22:08,623] {processor.py:642} INFO - Processing file /home/airflow/.local/lib/python3.6/site-packages/airflow/example_dags/example_trigger_controller_dag.py for tasks to queue
[2022-01-19 18:22:08,624] {logging_mixin.py:109} INFO - [2022-01-19 18:22:08,624] {dagbag.py:500} INFO - Filling up the DagBag from /home/airflow/.local/lib/python3.6/site-packages/airflow/example_dags/example_trigger_controller_dag.py
[2022-01-19 18:22:08,649] {processor.py:654} INFO - DAG(s) dict_keys(['example_trigger_controller_dag']) retrieved from /home/airflow/.local/lib/python3.6/site-packages/airflow/example_dags/example_trigger_controller_dag.py
[2022-01-19 18:22:08,659] {logging_mixin.py:109} INFO - [2022-01-19 18:22:08,658] {dag.py:2396} INFO - Sync 1 DAGs
[2022-01-19 18:22:08,678] {logging_mixin.py:109} INFO - [2022-01-19 18:22:08,678] {dag.py:2935} INFO - Setting next_dagrun for example_trigger_controller_dag to 2021-01-01T00:00:00+00:00
[2022-01-19 18:22:08,692] {processor.py:171} INFO - Processing /home/airflow/.local/lib/python3.6/site-packages/airflow/example_dags/example_trigger_controller_dag.py took 0.073 seconds
[2022-01-19 18:22:38,842] {processor.py:163} INFO - Started process (PID=1745) to work on /home/airflow/.local/lib/python3.6/site-packages/airflow/example_dags/example_trigger_controller_dag.py
[2022-01-19 18:22:38,843] {processor.py:642} INFO - Processing file /home/airflow/.local/lib/python3.6/site-packages/airflow/example_dags/example_trigger_controller_dag.py for tasks to queue
[2022-01-19 18:22:38,844] {logging_mixin.py:109} INFO - [2022-01-19 18:22:38,844] {dagbag.py:500} INFO - Filling up the DagBag from /home/airflow/.local/lib/python3.6/site-packages/airflow/example_dags/example_trigger_controller_dag.py
[2022-01-19 18:22:38,864] {processor.py:654} INFO - DAG(s) dict_keys(['example_trigger_controller_dag']) retrieved from /home/airflow/.local/lib/python3.6/site-packages/airflow/example_dags/example_trigger_controller_dag.py
[2022-01-19 18:22:38,873] {logging_mixin.py:109} INFO - [2022-01-19 18:22:38,873] {dag.py:2396} INFO - Sync 1 DAGs
[2022-01-19 18:22:38,887] {logging_mixin.py:109} INFO - [2022-01-19 18:22:38,887] {dag.py:2935} INFO - Setting next_dagrun for example_trigger_controller_dag to 2021-01-01T00:00:00+00:00
[2022-01-19 18:22:38,894] {processor.py:171} INFO - Processing /home/airflow/.local/lib/python3.6/site-packages/airflow/example_dags/example_trigger_controller_dag.py took 0.055 seconds
[2022-01-19 18:23:09,604] {processor.py:163} INFO - Started process (PID=1798) to work on /home/airflow/.local/lib/python3.6/site-packages/airflow/example_dags/example_trigger_controller_dag.py
[2022-01-19 18:23:09,608] {processor.py:642} INFO - Processing file /home/airflow/.local/lib/python3.6/site-packages/airflow/example_dags/example_trigger_controller_dag.py for tasks to queue
[2022-01-19 18:23:09,611] {logging_mixin.py:109} INFO - [2022-01-19 18:23:09,610] {dagbag.py:500} INFO - Filling up the DagBag from /home/airflow/.local/lib/python3.6/site-packages/airflow/example_dags/example_trigger_controller_dag.py
[2022-01-19 18:23:09,654] {processor.py:654} INFO - DAG(s) dict_keys(['example_trigger_controller_dag']) retrieved from /home/airflow/.local/lib/python3.6/site-packages/airflow/example_dags/example_trigger_controller_dag.py
[2022-01-19 18:23:09,668] {logging_mixin.py:109} INFO - [2022-01-19 18:23:09,667] {dag.py:2396} INFO - Sync 1 DAGs
[2022-01-19 18:23:09,688] {logging_mixin.py:109} INFO - [2022-01-19 18:23:09,688] {dag.py:2935} INFO - Setting next_dagrun for example_trigger_controller_dag to 2021-01-01T00:00:00+00:00
[2022-01-19 18:23:09,697] {processor.py:171} INFO - Processing /home/airflow/.local/lib/python3.6/site-packages/airflow/example_dags/example_trigger_controller_dag.py took 0.103 seconds
[2022-01-19 18:23:39,884] {processor.py:163} INFO - Started process (PID=1851) to work on /home/airflow/.local/lib/python3.6/site-packages/airflow/example_dags/example_trigger_controller_dag.py
[2022-01-19 18:23:39,885] {processor.py:642} INFO - Processing file /home/airflow/.local/lib/python3.6/site-packages/airflow/example_dags/example_trigger_controller_dag.py for tasks to queue
[2022-01-19 18:23:39,886] {logging_mixin.py:109} INFO - [2022-01-19 18:23:39,886] {dagbag.py:500} INFO - Filling up the DagBag from /home/airflow/.local/lib/python3.6/site-packages/airflow/example_dags/example_trigger_controller_dag.py
[2022-01-19 18:23:39,904] {processor.py:654} INFO - DAG(s) dict_keys(['example_trigger_controller_dag']) retrieved from /home/airflow/.local/lib/python3.6/site-packages/airflow/example_dags/example_trigger_controller_dag.py
[2022-01-19 18:23:39,912] {logging_mixin.py:109} INFO - [2022-01-19 18:23:39,912] {dag.py:2396} INFO - Sync 1 DAGs
[2022-01-19 18:23:39,927] {logging_mixin.py:109} INFO - [2022-01-19 18:23:39,927] {dag.py:2935} INFO - Setting next_dagrun for example_trigger_controller_dag to 2021-01-01T00:00:00+00:00
[2022-01-19 18:23:39,934] {processor.py:171} INFO - Processing /home/airflow/.local/lib/python3.6/site-packages/airflow/example_dags/example_trigger_controller_dag.py took 0.052 seconds
[2022-01-19 18:24:10,320] {processor.py:163} INFO - Started process (PID=1914) to work on /home/airflow/.local/lib/python3.6/site-packages/airflow/example_dags/example_trigger_controller_dag.py
[2022-01-19 18:24:10,321] {processor.py:642} INFO - Processing file /home/airflow/.local/lib/python3.6/site-packages/airflow/example_dags/example_trigger_controller_dag.py for tasks to queue
[2022-01-19 18:24:10,322] {logging_mixin.py:109} INFO - [2022-01-19 18:24:10,322] {dagbag.py:500} INFO - Filling up the DagBag from /home/airflow/.local/lib/python3.6/site-packages/airflow/example_dags/example_trigger_controller_dag.py
[2022-01-19 18:24:10,348] {processor.py:654} INFO - DAG(s) dict_keys(['example_trigger_controller_dag']) retrieved from /home/airflow/.local/lib/python3.6/site-packages/airflow/example_dags/example_trigger_controller_dag.py
[2022-01-19 18:24:10,360] {logging_mixin.py:109} INFO - [2022-01-19 18:24:10,360] {dag.py:2396} INFO - Sync 1 DAGs
[2022-01-19 18:24:10,383] {logging_mixin.py:109} INFO - [2022-01-19 18:24:10,383] {dag.py:2935} INFO - Setting next_dagrun for example_trigger_controller_dag to 2021-01-01T00:00:00+00:00
[2022-01-19 18:24:10,394] {processor.py:171} INFO - Processing /home/airflow/.local/lib/python3.6/site-packages/airflow/example_dags/example_trigger_controller_dag.py took 0.077 seconds
[2022-01-19 18:24:40,724] {processor.py:163} INFO - Started process (PID=1967) to work on /home/airflow/.local/lib/python3.6/site-packages/airflow/example_dags/example_trigger_controller_dag.py
[2022-01-19 18:24:40,727] {processor.py:642} INFO - Processing file /home/airflow/.local/lib/python3.6/site-packages/airflow/example_dags/example_trigger_controller_dag.py for tasks to queue
[2022-01-19 18:24:40,729] {logging_mixin.py:109} INFO - [2022-01-19 18:24:40,729] {dagbag.py:500} INFO - Filling up the DagBag from /home/airflow/.local/lib/python3.6/site-packages/airflow/example_dags/example_trigger_controller_dag.py
[2022-01-19 18:24:40,765] {processor.py:654} INFO - DAG(s) dict_keys(['example_trigger_controller_dag']) retrieved from /home/airflow/.local/lib/python3.6/site-packages/airflow/example_dags/example_trigger_controller_dag.py
[2022-01-19 18:24:40,776] {logging_mixin.py:109} INFO - [2022-01-19 18:24:40,776] {dag.py:2396} INFO - Sync 1 DAGs
[2022-01-19 18:24:40,793] {logging_mixin.py:109} INFO - [2022-01-19 18:24:40,793] {dag.py:2935} INFO - Setting next_dagrun for example_trigger_controller_dag to 2021-01-01T00:00:00+00:00
[2022-01-19 18:24:40,802] {processor.py:171} INFO - Processing /home/airflow/.local/lib/python3.6/site-packages/airflow/example_dags/example_trigger_controller_dag.py took 0.087 seconds
[2022-01-19 18:25:11,520] {processor.py:163} INFO - Started process (PID=2019) to work on /home/airflow/.local/lib/python3.6/site-packages/airflow/example_dags/example_trigger_controller_dag.py
[2022-01-19 18:25:11,522] {processor.py:642} INFO - Processing file /home/airflow/.local/lib/python3.6/site-packages/airflow/example_dags/example_trigger_controller_dag.py for tasks to queue
[2022-01-19 18:25:11,522] {logging_mixin.py:109} INFO - [2022-01-19 18:25:11,522] {dagbag.py:500} INFO - Filling up the DagBag from /home/airflow/.local/lib/python3.6/site-packages/airflow/example_dags/example_trigger_controller_dag.py
[2022-01-19 18:25:11,556] {processor.py:654} INFO - DAG(s) dict_keys(['example_trigger_controller_dag']) retrieved from /home/airflow/.local/lib/python3.6/site-packages/airflow/example_dags/example_trigger_controller_dag.py
[2022-01-19 18:25:11,570] {logging_mixin.py:109} INFO - [2022-01-19 18:25:11,569] {dag.py:2396} INFO - Sync 1 DAGs
[2022-01-19 18:25:11,591] {logging_mixin.py:109} INFO - [2022-01-19 18:25:11,591] {dag.py:2935} INFO - Setting next_dagrun for example_trigger_controller_dag to 2021-01-01T00:00:00+00:00
[2022-01-19 18:25:11,599] {processor.py:171} INFO - Processing /home/airflow/.local/lib/python3.6/site-packages/airflow/example_dags/example_trigger_controller_dag.py took 0.082 seconds
[2022-01-19 18:25:42,190] {processor.py:163} INFO - Started process (PID=2083) to work on /home/airflow/.local/lib/python3.6/site-packages/airflow/example_dags/example_trigger_controller_dag.py
[2022-01-19 18:25:42,191] {processor.py:642} INFO - Processing file /home/airflow/.local/lib/python3.6/site-packages/airflow/example_dags/example_trigger_controller_dag.py for tasks to queue
[2022-01-19 18:25:42,192] {logging_mixin.py:109} INFO - [2022-01-19 18:25:42,191] {dagbag.py:500} INFO - Filling up the DagBag from /home/airflow/.local/lib/python3.6/site-packages/airflow/example_dags/example_trigger_controller_dag.py
[2022-01-19 18:25:42,214] {processor.py:654} INFO - DAG(s) dict_keys(['example_trigger_controller_dag']) retrieved from /home/airflow/.local/lib/python3.6/site-packages/airflow/example_dags/example_trigger_controller_dag.py
[2022-01-19 18:25:42,226] {logging_mixin.py:109} INFO - [2022-01-19 18:25:42,226] {dag.py:2396} INFO - Sync 1 DAGs
[2022-01-19 18:25:42,245] {logging_mixin.py:109} INFO - [2022-01-19 18:25:42,244] {dag.py:2935} INFO - Setting next_dagrun for example_trigger_controller_dag to 2021-01-01T00:00:00+00:00
[2022-01-19 18:25:42,253] {processor.py:171} INFO - Processing /home/airflow/.local/lib/python3.6/site-packages/airflow/example_dags/example_trigger_controller_dag.py took 0.065 seconds
[2022-01-19 18:26:12,828] {processor.py:163} INFO - Started process (PID=2136) to work on /home/airflow/.local/lib/python3.6/site-packages/airflow/example_dags/example_trigger_controller_dag.py
[2022-01-19 18:26:12,830] {processor.py:642} INFO - Processing file /home/airflow/.local/lib/python3.6/site-packages/airflow/example_dags/example_trigger_controller_dag.py for tasks to queue
[2022-01-19 18:26:12,830] {logging_mixin.py:109} INFO - [2022-01-19 18:26:12,830] {dagbag.py:500} INFO - Filling up the DagBag from /home/airflow/.local/lib/python3.6/site-packages/airflow/example_dags/example_trigger_controller_dag.py
[2022-01-19 18:26:12,866] {processor.py:654} INFO - DAG(s) dict_keys(['example_trigger_controller_dag']) retrieved from /home/airflow/.local/lib/python3.6/site-packages/airflow/example_dags/example_trigger_controller_dag.py
[2022-01-19 18:26:12,881] {logging_mixin.py:109} INFO - [2022-01-19 18:26:12,881] {dag.py:2396} INFO - Sync 1 DAGs
[2022-01-19 18:26:12,903] {logging_mixin.py:109} INFO - [2022-01-19 18:26:12,903] {dag.py:2935} INFO - Setting next_dagrun for example_trigger_controller_dag to 2021-01-01T00:00:00+00:00
[2022-01-19 18:26:12,911] {processor.py:171} INFO - Processing /home/airflow/.local/lib/python3.6/site-packages/airflow/example_dags/example_trigger_controller_dag.py took 0.086 seconds
[2022-01-19 18:26:43,496] {processor.py:163} INFO - Started process (PID=2199) to work on /home/airflow/.local/lib/python3.6/site-packages/airflow/example_dags/example_trigger_controller_dag.py
[2022-01-19 18:26:43,500] {processor.py:642} INFO - Processing file /home/airflow/.local/lib/python3.6/site-packages/airflow/example_dags/example_trigger_controller_dag.py for tasks to queue
[2022-01-19 18:26:43,502] {logging_mixin.py:109} INFO - [2022-01-19 18:26:43,502] {dagbag.py:500} INFO - Filling up the DagBag from /home/airflow/.local/lib/python3.6/site-packages/airflow/example_dags/example_trigger_controller_dag.py
[2022-01-19 18:26:43,538] {processor.py:654} INFO - DAG(s) dict_keys(['example_trigger_controller_dag']) retrieved from /home/airflow/.local/lib/python3.6/site-packages/airflow/example_dags/example_trigger_controller_dag.py
[2022-01-19 18:26:43,548] {logging_mixin.py:109} INFO - [2022-01-19 18:26:43,548] {dag.py:2396} INFO - Sync 1 DAGs
[2022-01-19 18:26:43,566] {logging_mixin.py:109} INFO - [2022-01-19 18:26:43,566] {dag.py:2935} INFO - Setting next_dagrun for example_trigger_controller_dag to 2021-01-01T00:00:00+00:00
[2022-01-19 18:26:43,575] {processor.py:171} INFO - Processing /home/airflow/.local/lib/python3.6/site-packages/airflow/example_dags/example_trigger_controller_dag.py took 0.087 seconds
[2022-01-19 18:27:14,364] {processor.py:163} INFO - Started process (PID=2251) to work on /home/airflow/.local/lib/python3.6/site-packages/airflow/example_dags/example_trigger_controller_dag.py
[2022-01-19 18:27:14,365] {processor.py:642} INFO - Processing file /home/airflow/.local/lib/python3.6/site-packages/airflow/example_dags/example_trigger_controller_dag.py for tasks to queue
[2022-01-19 18:27:14,365] {logging_mixin.py:109} INFO - [2022-01-19 18:27:14,365] {dagbag.py:500} INFO - Filling up the DagBag from /home/airflow/.local/lib/python3.6/site-packages/airflow/example_dags/example_trigger_controller_dag.py
[2022-01-19 18:27:14,387] {processor.py:654} INFO - DAG(s) dict_keys(['example_trigger_controller_dag']) retrieved from /home/airflow/.local/lib/python3.6/site-packages/airflow/example_dags/example_trigger_controller_dag.py
[2022-01-19 18:27:14,395] {logging_mixin.py:109} INFO - [2022-01-19 18:27:14,395] {dag.py:2396} INFO - Sync 1 DAGs
[2022-01-19 18:27:14,412] {logging_mixin.py:109} INFO - [2022-01-19 18:27:14,412] {dag.py:2935} INFO - Setting next_dagrun for example_trigger_controller_dag to 2021-01-01T00:00:00+00:00
[2022-01-19 18:27:14,420] {processor.py:171} INFO - Processing /home/airflow/.local/lib/python3.6/site-packages/airflow/example_dags/example_trigger_controller_dag.py took 0.058 seconds
[2022-01-19 18:27:44,547] {processor.py:163} INFO - Started process (PID=2315) to work on /home/airflow/.local/lib/python3.6/site-packages/airflow/example_dags/example_trigger_controller_dag.py
[2022-01-19 18:27:44,548] {processor.py:642} INFO - Processing file /home/airflow/.local/lib/python3.6/site-packages/airflow/example_dags/example_trigger_controller_dag.py for tasks to queue
[2022-01-19 18:27:44,548] {logging_mixin.py:109} INFO - [2022-01-19 18:27:44,548] {dagbag.py:500} INFO - Filling up the DagBag from /home/airflow/.local/lib/python3.6/site-packages/airflow/example_dags/example_trigger_controller_dag.py
[2022-01-19 18:27:44,567] {processor.py:654} INFO - DAG(s) dict_keys(['example_trigger_controller_dag']) retrieved from /home/airflow/.local/lib/python3.6/site-packages/airflow/example_dags/example_trigger_controller_dag.py
[2022-01-19 18:27:44,576] {logging_mixin.py:109} INFO - [2022-01-19 18:27:44,576] {dag.py:2396} INFO - Sync 1 DAGs
[2022-01-19 18:27:44,595] {logging_mixin.py:109} INFO - [2022-01-19 18:27:44,595] {dag.py:2935} INFO - Setting next_dagrun for example_trigger_controller_dag to 2021-01-01T00:00:00+00:00
[2022-01-19 18:27:44,603] {processor.py:171} INFO - Processing /home/airflow/.local/lib/python3.6/site-packages/airflow/example_dags/example_trigger_controller_dag.py took 0.058 seconds
[2022-01-19 18:28:15,285] {processor.py:163} INFO - Started process (PID=2368) to work on /home/airflow/.local/lib/python3.6/site-packages/airflow/example_dags/example_trigger_controller_dag.py
[2022-01-19 18:28:15,286] {processor.py:642} INFO - Processing file /home/airflow/.local/lib/python3.6/site-packages/airflow/example_dags/example_trigger_controller_dag.py for tasks to queue
[2022-01-19 18:28:15,286] {logging_mixin.py:109} INFO - [2022-01-19 18:28:15,286] {dagbag.py:500} INFO - Filling up the DagBag from /home/airflow/.local/lib/python3.6/site-packages/airflow/example_dags/example_trigger_controller_dag.py
[2022-01-19 18:28:15,310] {processor.py:654} INFO - DAG(s) dict_keys(['example_trigger_controller_dag']) retrieved from /home/airflow/.local/lib/python3.6/site-packages/airflow/example_dags/example_trigger_controller_dag.py
[2022-01-19 18:28:15,320] {logging_mixin.py:109} INFO - [2022-01-19 18:28:15,320] {dag.py:2396} INFO - Sync 1 DAGs
[2022-01-19 18:28:15,337] {logging_mixin.py:109} INFO - [2022-01-19 18:28:15,337] {dag.py:2935} INFO - Setting next_dagrun for example_trigger_controller_dag to 2021-01-01T00:00:00+00:00
[2022-01-19 18:28:15,347] {processor.py:171} INFO - Processing /home/airflow/.local/lib/python3.6/site-packages/airflow/example_dags/example_trigger_controller_dag.py took 0.065 seconds
[2022-01-19 18:28:46,229] {processor.py:163} INFO - Started process (PID=2421) to work on /home/airflow/.local/lib/python3.6/site-packages/airflow/example_dags/example_trigger_controller_dag.py
[2022-01-19 18:28:46,230] {processor.py:642} INFO - Processing file /home/airflow/.local/lib/python3.6/site-packages/airflow/example_dags/example_trigger_controller_dag.py for tasks to queue
[2022-01-19 18:28:46,231] {logging_mixin.py:109} INFO - [2022-01-19 18:28:46,230] {dagbag.py:500} INFO - Filling up the DagBag from /home/airflow/.local/lib/python3.6/site-packages/airflow/example_dags/example_trigger_controller_dag.py
[2022-01-19 18:28:46,248] {processor.py:654} INFO - DAG(s) dict_keys(['example_trigger_controller_dag']) retrieved from /home/airflow/.local/lib/python3.6/site-packages/airflow/example_dags/example_trigger_controller_dag.py
[2022-01-19 18:28:46,256] {logging_mixin.py:109} INFO - [2022-01-19 18:28:46,256] {dag.py:2396} INFO - Sync 1 DAGs
[2022-01-19 18:28:46,270] {logging_mixin.py:109} INFO - [2022-01-19 18:28:46,270] {dag.py:2935} INFO - Setting next_dagrun for example_trigger_controller_dag to 2021-01-01T00:00:00+00:00
[2022-01-19 18:28:46,277] {processor.py:171} INFO - Processing /home/airflow/.local/lib/python3.6/site-packages/airflow/example_dags/example_trigger_controller_dag.py took 0.050 seconds
[2022-01-19 18:29:17,107] {processor.py:163} INFO - Started process (PID=2485) to work on /home/airflow/.local/lib/python3.6/site-packages/airflow/example_dags/example_trigger_controller_dag.py
[2022-01-19 18:29:17,109] {processor.py:642} INFO - Processing file /home/airflow/.local/lib/python3.6/site-packages/airflow/example_dags/example_trigger_controller_dag.py for tasks to queue
[2022-01-19 18:29:17,109] {logging_mixin.py:109} INFO - [2022-01-19 18:29:17,109] {dagbag.py:500} INFO - Filling up the DagBag from /home/airflow/.local/lib/python3.6/site-packages/airflow/example_dags/example_trigger_controller_dag.py
[2022-01-19 18:29:17,136] {processor.py:654} INFO - DAG(s) dict_keys(['example_trigger_controller_dag']) retrieved from /home/airflow/.local/lib/python3.6/site-packages/airflow/example_dags/example_trigger_controller_dag.py
[2022-01-19 18:29:17,147] {logging_mixin.py:109} INFO - [2022-01-19 18:29:17,147] {dag.py:2396} INFO - Sync 1 DAGs
[2022-01-19 18:29:17,166] {logging_mixin.py:109} INFO - [2022-01-19 18:29:17,166] {dag.py:2935} INFO - Setting next_dagrun for example_trigger_controller_dag to 2021-01-01T00:00:00+00:00
[2022-01-19 18:29:17,174] {processor.py:171} INFO - Processing /home/airflow/.local/lib/python3.6/site-packages/airflow/example_dags/example_trigger_controller_dag.py took 0.071 seconds
[2022-01-19 18:29:47,869] {processor.py:163} INFO - Started process (PID=2538) to work on /home/airflow/.local/lib/python3.6/site-packages/airflow/example_dags/example_trigger_controller_dag.py
[2022-01-19 18:29:47,870] {processor.py:642} INFO - Processing file /home/airflow/.local/lib/python3.6/site-packages/airflow/example_dags/example_trigger_controller_dag.py for tasks to queue
[2022-01-19 18:29:47,871] {logging_mixin.py:109} INFO - [2022-01-19 18:29:47,871] {dagbag.py:500} INFO - Filling up the DagBag from /home/airflow/.local/lib/python3.6/site-packages/airflow/example_dags/example_trigger_controller_dag.py
[2022-01-19 18:29:47,895] {processor.py:654} INFO - DAG(s) dict_keys(['example_trigger_controller_dag']) retrieved from /home/airflow/.local/lib/python3.6/site-packages/airflow/example_dags/example_trigger_controller_dag.py
[2022-01-19 18:29:47,908] {logging_mixin.py:109} INFO - [2022-01-19 18:29:47,908] {dag.py:2396} INFO - Sync 1 DAGs
[2022-01-19 18:29:47,928] {logging_mixin.py:109} INFO - [2022-01-19 18:29:47,928] {dag.py:2935} INFO - Setting next_dagrun for example_trigger_controller_dag to 2021-01-01T00:00:00+00:00
[2022-01-19 18:29:47,936] {processor.py:171} INFO - Processing /home/airflow/.local/lib/python3.6/site-packages/airflow/example_dags/example_trigger_controller_dag.py took 0.071 seconds
[2022-01-19 18:30:18,699] {processor.py:163} INFO - Started process (PID=2601) to work on /home/airflow/.local/lib/python3.6/site-packages/airflow/example_dags/example_trigger_controller_dag.py
[2022-01-19 18:30:18,700] {processor.py:642} INFO - Processing file /home/airflow/.local/lib/python3.6/site-packages/airflow/example_dags/example_trigger_controller_dag.py for tasks to queue
[2022-01-19 18:30:18,701] {logging_mixin.py:109} INFO - [2022-01-19 18:30:18,701] {dagbag.py:500} INFO - Filling up the DagBag from /home/airflow/.local/lib/python3.6/site-packages/airflow/example_dags/example_trigger_controller_dag.py
[2022-01-19 18:30:18,720] {processor.py:654} INFO - DAG(s) dict_keys(['example_trigger_controller_dag']) retrieved from /home/airflow/.local/lib/python3.6/site-packages/airflow/example_dags/example_trigger_controller_dag.py
[2022-01-19 18:30:18,731] {logging_mixin.py:109} INFO - [2022-01-19 18:30:18,731] {dag.py:2396} INFO - Sync 1 DAGs
[2022-01-19 18:30:18,751] {logging_mixin.py:109} INFO - [2022-01-19 18:30:18,751] {dag.py:2935} INFO - Setting next_dagrun for example_trigger_controller_dag to 2021-01-01T00:00:00+00:00
[2022-01-19 18:30:18,759] {processor.py:171} INFO - Processing /home/airflow/.local/lib/python3.6/site-packages/airflow/example_dags/example_trigger_controller_dag.py took 0.063 seconds
[2022-01-19 18:30:49,317] {processor.py:163} INFO - Started process (PID=2653) to work on /home/airflow/.local/lib/python3.6/site-packages/airflow/example_dags/example_trigger_controller_dag.py
[2022-01-19 18:30:49,318] {processor.py:642} INFO - Processing file /home/airflow/.local/lib/python3.6/site-packages/airflow/example_dags/example_trigger_controller_dag.py for tasks to queue
[2022-01-19 18:30:49,319] {logging_mixin.py:109} INFO - [2022-01-19 18:30:49,319] {dagbag.py:500} INFO - Filling up the DagBag from /home/airflow/.local/lib/python3.6/site-packages/airflow/example_dags/example_trigger_controller_dag.py
[2022-01-19 18:30:49,350] {processor.py:654} INFO - DAG(s) dict_keys(['example_trigger_controller_dag']) retrieved from /home/airflow/.local/lib/python3.6/site-packages/airflow/example_dags/example_trigger_controller_dag.py
[2022-01-19 18:30:49,361] {logging_mixin.py:109} INFO - [2022-01-19 18:30:49,361] {dag.py:2396} INFO - Sync 1 DAGs
[2022-01-19 18:30:49,380] {logging_mixin.py:109} INFO - [2022-01-19 18:30:49,380] {dag.py:2935} INFO - Setting next_dagrun for example_trigger_controller_dag to 2021-01-01T00:00:00+00:00
[2022-01-19 18:30:49,387] {processor.py:171} INFO - Processing /home/airflow/.local/lib/python3.6/site-packages/airflow/example_dags/example_trigger_controller_dag.py took 0.074 seconds
