[2022-01-19 18:10:15,307] {processor.py:163} INFO - Started process (PID=327) to work on /home/airflow/.local/lib/python3.6/site-packages/airflow/example_dags/example_sla_dag.py
[2022-01-19 18:10:15,308] {processor.py:642} INFO - Processing file /home/airflow/.local/lib/python3.6/site-packages/airflow/example_dags/example_sla_dag.py for tasks to queue
[2022-01-19 18:10:15,309] {logging_mixin.py:109} INFO - [2022-01-19 18:10:15,309] {dagbag.py:500} INFO - Filling up the DagBag from /home/airflow/.local/lib/python3.6/site-packages/airflow/example_dags/example_sla_dag.py
[2022-01-19 18:10:15,338] {processor.py:654} INFO - DAG(s) dict_keys(['example_sla_dag']) retrieved from /home/airflow/.local/lib/python3.6/site-packages/airflow/example_dags/example_sla_dag.py
[2022-01-19 18:10:17,681] {logging_mixin.py:109} INFO - [2022-01-19 18:10:17,681] {manager.py:496} INFO - Created Permission View: can read on DAG:example_sla_dag
[2022-01-19 18:10:17,691] {logging_mixin.py:109} INFO - [2022-01-19 18:10:17,691] {manager.py:496} INFO - Created Permission View: can edit on DAG:example_sla_dag
[2022-01-19 18:10:17,693] {logging_mixin.py:109} INFO - [2022-01-19 18:10:17,691] {dag.py:2396} INFO - Sync 1 DAGs
[2022-01-19 18:10:17,708] {logging_mixin.py:109} INFO - [2022-01-19 18:10:17,706] {dag.py:2415} INFO - Creating ORM DAG for example_sla_dag
[2022-01-19 18:10:17,726] {logging_mixin.py:109} INFO - [2022-01-19 18:10:17,726] {dag.py:2935} INFO - Setting next_dagrun for example_sla_dag to 2022-01-19T18:08:00+00:00
[2022-01-19 18:10:17,740] {processor.py:171} INFO - Processing /home/airflow/.local/lib/python3.6/site-packages/airflow/example_dags/example_sla_dag.py took 2.435 seconds
[2022-01-19 18:10:47,898] {processor.py:163} INFO - Started process (PID=405) to work on /home/airflow/.local/lib/python3.6/site-packages/airflow/example_dags/example_sla_dag.py
[2022-01-19 18:10:47,899] {processor.py:642} INFO - Processing file /home/airflow/.local/lib/python3.6/site-packages/airflow/example_dags/example_sla_dag.py for tasks to queue
[2022-01-19 18:10:47,899] {logging_mixin.py:109} INFO - [2022-01-19 18:10:47,899] {dagbag.py:500} INFO - Filling up the DagBag from /home/airflow/.local/lib/python3.6/site-packages/airflow/example_dags/example_sla_dag.py
[2022-01-19 18:10:47,925] {processor.py:654} INFO - DAG(s) dict_keys(['example_sla_dag']) retrieved from /home/airflow/.local/lib/python3.6/site-packages/airflow/example_dags/example_sla_dag.py
[2022-01-19 18:10:47,934] {logging_mixin.py:109} INFO - [2022-01-19 18:10:47,934] {dag.py:2396} INFO - Sync 1 DAGs
[2022-01-19 18:10:47,954] {logging_mixin.py:109} INFO - [2022-01-19 18:10:47,954] {dag.py:2935} INFO - Setting next_dagrun for example_sla_dag to 2022-01-19T18:08:00+00:00
[2022-01-19 18:10:47,962] {processor.py:171} INFO - Processing /home/airflow/.local/lib/python3.6/site-packages/airflow/example_dags/example_sla_dag.py took 0.067 seconds
[2022-01-19 18:11:18,151] {processor.py:163} INFO - Started process (PID=459) to work on /home/airflow/.local/lib/python3.6/site-packages/airflow/example_dags/example_sla_dag.py
[2022-01-19 18:11:18,152] {processor.py:642} INFO - Processing file /home/airflow/.local/lib/python3.6/site-packages/airflow/example_dags/example_sla_dag.py for tasks to queue
[2022-01-19 18:11:18,152] {logging_mixin.py:109} INFO - [2022-01-19 18:11:18,152] {dagbag.py:500} INFO - Filling up the DagBag from /home/airflow/.local/lib/python3.6/site-packages/airflow/example_dags/example_sla_dag.py
[2022-01-19 18:11:18,177] {processor.py:654} INFO - DAG(s) dict_keys(['example_sla_dag']) retrieved from /home/airflow/.local/lib/python3.6/site-packages/airflow/example_dags/example_sla_dag.py
[2022-01-19 18:11:18,186] {logging_mixin.py:109} INFO - [2022-01-19 18:11:18,186] {dag.py:2396} INFO - Sync 1 DAGs
[2022-01-19 18:11:18,206] {logging_mixin.py:109} INFO - [2022-01-19 18:11:18,206] {dag.py:2935} INFO - Setting next_dagrun for example_sla_dag to 2022-01-19T18:08:00+00:00
[2022-01-19 18:11:18,217] {processor.py:171} INFO - Processing /home/airflow/.local/lib/python3.6/site-packages/airflow/example_dags/example_sla_dag.py took 0.069 seconds
[2022-01-19 18:11:48,416] {processor.py:163} INFO - Started process (PID=518) to work on /home/airflow/.local/lib/python3.6/site-packages/airflow/example_dags/example_sla_dag.py
[2022-01-19 18:11:48,417] {processor.py:642} INFO - Processing file /home/airflow/.local/lib/python3.6/site-packages/airflow/example_dags/example_sla_dag.py for tasks to queue
[2022-01-19 18:11:48,417] {logging_mixin.py:109} INFO - [2022-01-19 18:11:48,417] {dagbag.py:500} INFO - Filling up the DagBag from /home/airflow/.local/lib/python3.6/site-packages/airflow/example_dags/example_sla_dag.py
[2022-01-19 18:11:48,444] {processor.py:654} INFO - DAG(s) dict_keys(['example_sla_dag']) retrieved from /home/airflow/.local/lib/python3.6/site-packages/airflow/example_dags/example_sla_dag.py
[2022-01-19 18:11:48,455] {logging_mixin.py:109} INFO - [2022-01-19 18:11:48,455] {dag.py:2396} INFO - Sync 1 DAGs
[2022-01-19 18:11:48,480] {logging_mixin.py:109} INFO - [2022-01-19 18:11:48,480] {dag.py:2935} INFO - Setting next_dagrun for example_sla_dag to 2022-01-19T18:08:00+00:00
[2022-01-19 18:11:48,492] {processor.py:171} INFO - Processing /home/airflow/.local/lib/python3.6/site-packages/airflow/example_dags/example_sla_dag.py took 0.078 seconds
[2022-01-19 18:12:18,683] {processor.py:163} INFO - Started process (PID=575) to work on /home/airflow/.local/lib/python3.6/site-packages/airflow/example_dags/example_sla_dag.py
[2022-01-19 18:12:18,684] {processor.py:642} INFO - Processing file /home/airflow/.local/lib/python3.6/site-packages/airflow/example_dags/example_sla_dag.py for tasks to queue
[2022-01-19 18:12:18,684] {logging_mixin.py:109} INFO - [2022-01-19 18:12:18,684] {dagbag.py:500} INFO - Filling up the DagBag from /home/airflow/.local/lib/python3.6/site-packages/airflow/example_dags/example_sla_dag.py
[2022-01-19 18:12:18,711] {processor.py:654} INFO - DAG(s) dict_keys(['example_sla_dag']) retrieved from /home/airflow/.local/lib/python3.6/site-packages/airflow/example_dags/example_sla_dag.py
[2022-01-19 18:12:18,720] {logging_mixin.py:109} INFO - [2022-01-19 18:12:18,720] {dag.py:2396} INFO - Sync 1 DAGs
[2022-01-19 18:12:18,740] {logging_mixin.py:109} INFO - [2022-01-19 18:12:18,739] {dag.py:2935} INFO - Setting next_dagrun for example_sla_dag to 2022-01-19T18:10:00+00:00
[2022-01-19 18:12:18,750] {processor.py:171} INFO - Processing /home/airflow/.local/lib/python3.6/site-packages/airflow/example_dags/example_sla_dag.py took 0.069 seconds
[2022-01-19 18:12:49,363] {processor.py:163} INFO - Started process (PID=627) to work on /home/airflow/.local/lib/python3.6/site-packages/airflow/example_dags/example_sla_dag.py
[2022-01-19 18:12:49,363] {processor.py:642} INFO - Processing file /home/airflow/.local/lib/python3.6/site-packages/airflow/example_dags/example_sla_dag.py for tasks to queue
[2022-01-19 18:12:49,364] {logging_mixin.py:109} INFO - [2022-01-19 18:12:49,364] {dagbag.py:500} INFO - Filling up the DagBag from /home/airflow/.local/lib/python3.6/site-packages/airflow/example_dags/example_sla_dag.py
[2022-01-19 18:12:49,387] {processor.py:654} INFO - DAG(s) dict_keys(['example_sla_dag']) retrieved from /home/airflow/.local/lib/python3.6/site-packages/airflow/example_dags/example_sla_dag.py
[2022-01-19 18:12:49,395] {logging_mixin.py:109} INFO - [2022-01-19 18:12:49,395] {dag.py:2396} INFO - Sync 1 DAGs
[2022-01-19 18:12:49,412] {logging_mixin.py:109} INFO - [2022-01-19 18:12:49,412] {dag.py:2935} INFO - Setting next_dagrun for example_sla_dag to 2022-01-19T18:10:00+00:00
[2022-01-19 18:12:49,419] {processor.py:171} INFO - Processing /home/airflow/.local/lib/python3.6/site-packages/airflow/example_dags/example_sla_dag.py took 0.059 seconds
[2022-01-19 18:13:19,842] {processor.py:163} INFO - Started process (PID=699) to work on /home/airflow/.local/lib/python3.6/site-packages/airflow/example_dags/example_sla_dag.py
[2022-01-19 18:13:19,843] {processor.py:642} INFO - Processing file /home/airflow/.local/lib/python3.6/site-packages/airflow/example_dags/example_sla_dag.py for tasks to queue
[2022-01-19 18:13:19,844] {logging_mixin.py:109} INFO - [2022-01-19 18:13:19,844] {dagbag.py:500} INFO - Filling up the DagBag from /home/airflow/.local/lib/python3.6/site-packages/airflow/example_dags/example_sla_dag.py
[2022-01-19 18:13:19,891] {processor.py:654} INFO - DAG(s) dict_keys(['example_sla_dag']) retrieved from /home/airflow/.local/lib/python3.6/site-packages/airflow/example_dags/example_sla_dag.py
[2022-01-19 18:13:19,915] {logging_mixin.py:109} INFO - [2022-01-19 18:13:19,915] {dag.py:2396} INFO - Sync 1 DAGs
[2022-01-19 18:13:19,959] {logging_mixin.py:109} INFO - [2022-01-19 18:13:19,958] {dag.py:2935} INFO - Setting next_dagrun for example_sla_dag to 2022-01-19T18:10:00+00:00
[2022-01-19 18:13:19,973] {processor.py:171} INFO - Processing /home/airflow/.local/lib/python3.6/site-packages/airflow/example_dags/example_sla_dag.py took 0.135 seconds
[2022-01-19 18:13:50,539] {processor.py:163} INFO - Started process (PID=760) to work on /home/airflow/.local/lib/python3.6/site-packages/airflow/example_dags/example_sla_dag.py
[2022-01-19 18:13:50,539] {processor.py:642} INFO - Processing file /home/airflow/.local/lib/python3.6/site-packages/airflow/example_dags/example_sla_dag.py for tasks to queue
[2022-01-19 18:13:50,540] {logging_mixin.py:109} INFO - [2022-01-19 18:13:50,540] {dagbag.py:500} INFO - Filling up the DagBag from /home/airflow/.local/lib/python3.6/site-packages/airflow/example_dags/example_sla_dag.py
[2022-01-19 18:13:50,569] {processor.py:654} INFO - DAG(s) dict_keys(['example_sla_dag']) retrieved from /home/airflow/.local/lib/python3.6/site-packages/airflow/example_dags/example_sla_dag.py
[2022-01-19 18:13:50,578] {logging_mixin.py:109} INFO - [2022-01-19 18:13:50,578] {dag.py:2396} INFO - Sync 1 DAGs
[2022-01-19 18:13:50,597] {logging_mixin.py:109} INFO - [2022-01-19 18:13:50,597] {dag.py:2935} INFO - Setting next_dagrun for example_sla_dag to 2022-01-19T18:10:00+00:00
[2022-01-19 18:13:50,605] {processor.py:171} INFO - Processing /home/airflow/.local/lib/python3.6/site-packages/airflow/example_dags/example_sla_dag.py took 0.068 seconds
[2022-01-19 18:14:21,287] {processor.py:163} INFO - Started process (PID=812) to work on /home/airflow/.local/lib/python3.6/site-packages/airflow/example_dags/example_sla_dag.py
[2022-01-19 18:14:21,288] {processor.py:642} INFO - Processing file /home/airflow/.local/lib/python3.6/site-packages/airflow/example_dags/example_sla_dag.py for tasks to queue
[2022-01-19 18:14:21,288] {logging_mixin.py:109} INFO - [2022-01-19 18:14:21,288] {dagbag.py:500} INFO - Filling up the DagBag from /home/airflow/.local/lib/python3.6/site-packages/airflow/example_dags/example_sla_dag.py
[2022-01-19 18:14:21,314] {processor.py:654} INFO - DAG(s) dict_keys(['example_sla_dag']) retrieved from /home/airflow/.local/lib/python3.6/site-packages/airflow/example_dags/example_sla_dag.py
[2022-01-19 18:14:21,325] {logging_mixin.py:109} INFO - [2022-01-19 18:14:21,325] {dag.py:2396} INFO - Sync 1 DAGs
[2022-01-19 18:14:21,343] {logging_mixin.py:109} INFO - [2022-01-19 18:14:21,343] {dag.py:2935} INFO - Setting next_dagrun for example_sla_dag to 2022-01-19T18:12:00+00:00
[2022-01-19 18:14:21,351] {processor.py:171} INFO - Processing /home/airflow/.local/lib/python3.6/site-packages/airflow/example_dags/example_sla_dag.py took 0.067 seconds
[2022-01-19 18:14:51,772] {processor.py:163} INFO - Started process (PID=874) to work on /home/airflow/.local/lib/python3.6/site-packages/airflow/example_dags/example_sla_dag.py
[2022-01-19 18:14:51,773] {processor.py:642} INFO - Processing file /home/airflow/.local/lib/python3.6/site-packages/airflow/example_dags/example_sla_dag.py for tasks to queue
[2022-01-19 18:14:51,774] {logging_mixin.py:109} INFO - [2022-01-19 18:14:51,774] {dagbag.py:500} INFO - Filling up the DagBag from /home/airflow/.local/lib/python3.6/site-packages/airflow/example_dags/example_sla_dag.py
[2022-01-19 18:14:51,803] {processor.py:654} INFO - DAG(s) dict_keys(['example_sla_dag']) retrieved from /home/airflow/.local/lib/python3.6/site-packages/airflow/example_dags/example_sla_dag.py
[2022-01-19 18:14:51,812] {logging_mixin.py:109} INFO - [2022-01-19 18:14:51,812] {dag.py:2396} INFO - Sync 1 DAGs
[2022-01-19 18:14:51,833] {logging_mixin.py:109} INFO - [2022-01-19 18:14:51,833] {dag.py:2935} INFO - Setting next_dagrun for example_sla_dag to 2022-01-19T18:12:00+00:00
[2022-01-19 18:14:51,841] {processor.py:171} INFO - Processing /home/airflow/.local/lib/python3.6/site-packages/airflow/example_dags/example_sla_dag.py took 0.073 seconds
[2022-01-19 18:15:22,121] {processor.py:163} INFO - Started process (PID=926) to work on /home/airflow/.local/lib/python3.6/site-packages/airflow/example_dags/example_sla_dag.py
[2022-01-19 18:15:22,122] {processor.py:642} INFO - Processing file /home/airflow/.local/lib/python3.6/site-packages/airflow/example_dags/example_sla_dag.py for tasks to queue
[2022-01-19 18:15:22,122] {logging_mixin.py:109} INFO - [2022-01-19 18:15:22,122] {dagbag.py:500} INFO - Filling up the DagBag from /home/airflow/.local/lib/python3.6/site-packages/airflow/example_dags/example_sla_dag.py
[2022-01-19 18:15:22,149] {processor.py:654} INFO - DAG(s) dict_keys(['example_sla_dag']) retrieved from /home/airflow/.local/lib/python3.6/site-packages/airflow/example_dags/example_sla_dag.py
[2022-01-19 18:15:22,157] {logging_mixin.py:109} INFO - [2022-01-19 18:15:22,157] {dag.py:2396} INFO - Sync 1 DAGs
[2022-01-19 18:15:22,174] {logging_mixin.py:109} INFO - [2022-01-19 18:15:22,174] {dag.py:2935} INFO - Setting next_dagrun for example_sla_dag to 2022-01-19T18:12:00+00:00
[2022-01-19 18:15:22,181] {processor.py:171} INFO - Processing /home/airflow/.local/lib/python3.6/site-packages/airflow/example_dags/example_sla_dag.py took 0.062 seconds
[2022-01-19 18:15:52,656] {processor.py:163} INFO - Started process (PID=989) to work on /home/airflow/.local/lib/python3.6/site-packages/airflow/example_dags/example_sla_dag.py
[2022-01-19 18:15:52,656] {processor.py:642} INFO - Processing file /home/airflow/.local/lib/python3.6/site-packages/airflow/example_dags/example_sla_dag.py for tasks to queue
[2022-01-19 18:15:52,657] {logging_mixin.py:109} INFO - [2022-01-19 18:15:52,657] {dagbag.py:500} INFO - Filling up the DagBag from /home/airflow/.local/lib/python3.6/site-packages/airflow/example_dags/example_sla_dag.py
[2022-01-19 18:15:52,683] {processor.py:654} INFO - DAG(s) dict_keys(['example_sla_dag']) retrieved from /home/airflow/.local/lib/python3.6/site-packages/airflow/example_dags/example_sla_dag.py
[2022-01-19 18:15:52,695] {logging_mixin.py:109} INFO - [2022-01-19 18:15:52,695] {dag.py:2396} INFO - Sync 1 DAGs
[2022-01-19 18:15:52,718] {logging_mixin.py:109} INFO - [2022-01-19 18:15:52,718] {dag.py:2935} INFO - Setting next_dagrun for example_sla_dag to 2022-01-19T18:12:00+00:00
[2022-01-19 18:15:52,727] {processor.py:171} INFO - Processing /home/airflow/.local/lib/python3.6/site-packages/airflow/example_dags/example_sla_dag.py took 0.073 seconds
[2022-01-19 18:16:22,999] {processor.py:163} INFO - Started process (PID=1041) to work on /home/airflow/.local/lib/python3.6/site-packages/airflow/example_dags/example_sla_dag.py
[2022-01-19 18:16:23,001] {processor.py:642} INFO - Processing file /home/airflow/.local/lib/python3.6/site-packages/airflow/example_dags/example_sla_dag.py for tasks to queue
[2022-01-19 18:16:23,002] {logging_mixin.py:109} INFO - [2022-01-19 18:16:23,001] {dagbag.py:500} INFO - Filling up the DagBag from /home/airflow/.local/lib/python3.6/site-packages/airflow/example_dags/example_sla_dag.py
[2022-01-19 18:16:23,063] {processor.py:654} INFO - DAG(s) dict_keys(['example_sla_dag']) retrieved from /home/airflow/.local/lib/python3.6/site-packages/airflow/example_dags/example_sla_dag.py
[2022-01-19 18:16:23,080] {logging_mixin.py:109} INFO - [2022-01-19 18:16:23,080] {dag.py:2396} INFO - Sync 1 DAGs
[2022-01-19 18:16:23,112] {logging_mixin.py:109} INFO - [2022-01-19 18:16:23,112] {dag.py:2935} INFO - Setting next_dagrun for example_sla_dag to 2022-01-19T18:14:00+00:00
[2022-01-19 18:16:23,126] {processor.py:171} INFO - Processing /home/airflow/.local/lib/python3.6/site-packages/airflow/example_dags/example_sla_dag.py took 0.131 seconds
[2022-01-19 18:16:53,832] {processor.py:163} INFO - Started process (PID=1103) to work on /home/airflow/.local/lib/python3.6/site-packages/airflow/example_dags/example_sla_dag.py
[2022-01-19 18:16:53,833] {processor.py:642} INFO - Processing file /home/airflow/.local/lib/python3.6/site-packages/airflow/example_dags/example_sla_dag.py for tasks to queue
[2022-01-19 18:16:53,834] {logging_mixin.py:109} INFO - [2022-01-19 18:16:53,834] {dagbag.py:500} INFO - Filling up the DagBag from /home/airflow/.local/lib/python3.6/site-packages/airflow/example_dags/example_sla_dag.py
[2022-01-19 18:16:53,859] {processor.py:654} INFO - DAG(s) dict_keys(['example_sla_dag']) retrieved from /home/airflow/.local/lib/python3.6/site-packages/airflow/example_dags/example_sla_dag.py
[2022-01-19 18:16:53,869] {logging_mixin.py:109} INFO - [2022-01-19 18:16:53,869] {dag.py:2396} INFO - Sync 1 DAGs
[2022-01-19 18:16:53,889] {logging_mixin.py:109} INFO - [2022-01-19 18:16:53,889] {dag.py:2935} INFO - Setting next_dagrun for example_sla_dag to 2022-01-19T18:14:00+00:00
[2022-01-19 18:16:53,897] {processor.py:171} INFO - Processing /home/airflow/.local/lib/python3.6/site-packages/airflow/example_dags/example_sla_dag.py took 0.066 seconds
[2022-01-19 18:17:24,244] {processor.py:163} INFO - Started process (PID=1156) to work on /home/airflow/.local/lib/python3.6/site-packages/airflow/example_dags/example_sla_dag.py
[2022-01-19 18:17:24,245] {processor.py:642} INFO - Processing file /home/airflow/.local/lib/python3.6/site-packages/airflow/example_dags/example_sla_dag.py for tasks to queue
[2022-01-19 18:17:24,245] {logging_mixin.py:109} INFO - [2022-01-19 18:17:24,245] {dagbag.py:500} INFO - Filling up the DagBag from /home/airflow/.local/lib/python3.6/site-packages/airflow/example_dags/example_sla_dag.py
[2022-01-19 18:17:24,270] {processor.py:654} INFO - DAG(s) dict_keys(['example_sla_dag']) retrieved from /home/airflow/.local/lib/python3.6/site-packages/airflow/example_dags/example_sla_dag.py
[2022-01-19 18:17:24,279] {logging_mixin.py:109} INFO - [2022-01-19 18:17:24,279] {dag.py:2396} INFO - Sync 1 DAGs
[2022-01-19 18:17:24,297] {logging_mixin.py:109} INFO - [2022-01-19 18:17:24,297] {dag.py:2935} INFO - Setting next_dagrun for example_sla_dag to 2022-01-19T18:14:00+00:00
[2022-01-19 18:17:24,307] {processor.py:171} INFO - Processing /home/airflow/.local/lib/python3.6/site-packages/airflow/example_dags/example_sla_dag.py took 0.065 seconds
[2022-01-19 18:17:54,473] {processor.py:163} INFO - Started process (PID=1209) to work on /home/airflow/.local/lib/python3.6/site-packages/airflow/example_dags/example_sla_dag.py
[2022-01-19 18:17:54,474] {processor.py:642} INFO - Processing file /home/airflow/.local/lib/python3.6/site-packages/airflow/example_dags/example_sla_dag.py for tasks to queue
[2022-01-19 18:17:54,475] {logging_mixin.py:109} INFO - [2022-01-19 18:17:54,475] {dagbag.py:500} INFO - Filling up the DagBag from /home/airflow/.local/lib/python3.6/site-packages/airflow/example_dags/example_sla_dag.py
[2022-01-19 18:17:54,508] {processor.py:654} INFO - DAG(s) dict_keys(['example_sla_dag']) retrieved from /home/airflow/.local/lib/python3.6/site-packages/airflow/example_dags/example_sla_dag.py
[2022-01-19 18:17:54,520] {logging_mixin.py:109} INFO - [2022-01-19 18:17:54,520] {dag.py:2396} INFO - Sync 1 DAGs
[2022-01-19 18:17:54,545] {logging_mixin.py:109} INFO - [2022-01-19 18:17:54,544] {dag.py:2935} INFO - Setting next_dagrun for example_sla_dag to 2022-01-19T18:14:00+00:00
[2022-01-19 18:17:54,555] {processor.py:171} INFO - Processing /home/airflow/.local/lib/python3.6/site-packages/airflow/example_dags/example_sla_dag.py took 0.084 seconds
[2022-01-19 18:18:25,147] {processor.py:163} INFO - Started process (PID=1271) to work on /home/airflow/.local/lib/python3.6/site-packages/airflow/example_dags/example_sla_dag.py
[2022-01-19 18:18:25,148] {processor.py:642} INFO - Processing file /home/airflow/.local/lib/python3.6/site-packages/airflow/example_dags/example_sla_dag.py for tasks to queue
[2022-01-19 18:18:25,149] {logging_mixin.py:109} INFO - [2022-01-19 18:18:25,149] {dagbag.py:500} INFO - Filling up the DagBag from /home/airflow/.local/lib/python3.6/site-packages/airflow/example_dags/example_sla_dag.py
[2022-01-19 18:18:25,182] {processor.py:654} INFO - DAG(s) dict_keys(['example_sla_dag']) retrieved from /home/airflow/.local/lib/python3.6/site-packages/airflow/example_dags/example_sla_dag.py
[2022-01-19 18:18:25,193] {logging_mixin.py:109} INFO - [2022-01-19 18:18:25,193] {dag.py:2396} INFO - Sync 1 DAGs
[2022-01-19 18:18:25,225] {logging_mixin.py:109} INFO - [2022-01-19 18:18:25,225] {dag.py:2935} INFO - Setting next_dagrun for example_sla_dag to 2022-01-19T18:16:00+00:00
[2022-01-19 18:18:25,242] {processor.py:171} INFO - Processing /home/airflow/.local/lib/python3.6/site-packages/airflow/example_dags/example_sla_dag.py took 0.097 seconds
[2022-01-19 18:18:55,580] {processor.py:163} INFO - Started process (PID=1323) to work on /home/airflow/.local/lib/python3.6/site-packages/airflow/example_dags/example_sla_dag.py
[2022-01-19 18:18:55,581] {processor.py:642} INFO - Processing file /home/airflow/.local/lib/python3.6/site-packages/airflow/example_dags/example_sla_dag.py for tasks to queue
[2022-01-19 18:18:55,581] {logging_mixin.py:109} INFO - [2022-01-19 18:18:55,581] {dagbag.py:500} INFO - Filling up the DagBag from /home/airflow/.local/lib/python3.6/site-packages/airflow/example_dags/example_sla_dag.py
[2022-01-19 18:18:55,611] {processor.py:654} INFO - DAG(s) dict_keys(['example_sla_dag']) retrieved from /home/airflow/.local/lib/python3.6/site-packages/airflow/example_dags/example_sla_dag.py
[2022-01-19 18:18:55,625] {logging_mixin.py:109} INFO - [2022-01-19 18:18:55,625] {dag.py:2396} INFO - Sync 1 DAGs
[2022-01-19 18:18:55,647] {logging_mixin.py:109} INFO - [2022-01-19 18:18:55,647] {dag.py:2935} INFO - Setting next_dagrun for example_sla_dag to 2022-01-19T18:16:00+00:00
[2022-01-19 18:18:55,655] {processor.py:171} INFO - Processing /home/airflow/.local/lib/python3.6/site-packages/airflow/example_dags/example_sla_dag.py took 0.077 seconds
[2022-01-19 18:19:26,170] {processor.py:163} INFO - Started process (PID=1385) to work on /home/airflow/.local/lib/python3.6/site-packages/airflow/example_dags/example_sla_dag.py
[2022-01-19 18:19:26,171] {processor.py:642} INFO - Processing file /home/airflow/.local/lib/python3.6/site-packages/airflow/example_dags/example_sla_dag.py for tasks to queue
[2022-01-19 18:19:26,172] {logging_mixin.py:109} INFO - [2022-01-19 18:19:26,172] {dagbag.py:500} INFO - Filling up the DagBag from /home/airflow/.local/lib/python3.6/site-packages/airflow/example_dags/example_sla_dag.py
[2022-01-19 18:19:26,206] {processor.py:654} INFO - DAG(s) dict_keys(['example_sla_dag']) retrieved from /home/airflow/.local/lib/python3.6/site-packages/airflow/example_dags/example_sla_dag.py
[2022-01-19 18:19:26,217] {logging_mixin.py:109} INFO - [2022-01-19 18:19:26,217] {dag.py:2396} INFO - Sync 1 DAGs
[2022-01-19 18:19:26,237] {logging_mixin.py:109} INFO - [2022-01-19 18:19:26,236] {dag.py:2935} INFO - Setting next_dagrun for example_sla_dag to 2022-01-19T18:16:00+00:00
[2022-01-19 18:19:26,246] {processor.py:171} INFO - Processing /home/airflow/.local/lib/python3.6/site-packages/airflow/example_dags/example_sla_dag.py took 0.078 seconds
[2022-01-19 18:19:56,517] {processor.py:163} INFO - Started process (PID=1438) to work on /home/airflow/.local/lib/python3.6/site-packages/airflow/example_dags/example_sla_dag.py
[2022-01-19 18:19:56,519] {processor.py:642} INFO - Processing file /home/airflow/.local/lib/python3.6/site-packages/airflow/example_dags/example_sla_dag.py for tasks to queue
[2022-01-19 18:19:56,519] {logging_mixin.py:109} INFO - [2022-01-19 18:19:56,519] {dagbag.py:500} INFO - Filling up the DagBag from /home/airflow/.local/lib/python3.6/site-packages/airflow/example_dags/example_sla_dag.py
[2022-01-19 18:19:56,561] {processor.py:654} INFO - DAG(s) dict_keys(['example_sla_dag']) retrieved from /home/airflow/.local/lib/python3.6/site-packages/airflow/example_dags/example_sla_dag.py
[2022-01-19 18:19:56,576] {logging_mixin.py:109} INFO - [2022-01-19 18:19:56,576] {dag.py:2396} INFO - Sync 1 DAGs
[2022-01-19 18:19:56,607] {logging_mixin.py:109} INFO - [2022-01-19 18:19:56,607] {dag.py:2935} INFO - Setting next_dagrun for example_sla_dag to 2022-01-19T18:16:00+00:00
[2022-01-19 18:19:56,618] {processor.py:171} INFO - Processing /home/airflow/.local/lib/python3.6/site-packages/airflow/example_dags/example_sla_dag.py took 0.104 seconds
[2022-01-19 18:20:27,184] {processor.py:163} INFO - Started process (PID=1490) to work on /home/airflow/.local/lib/python3.6/site-packages/airflow/example_dags/example_sla_dag.py
[2022-01-19 18:20:27,185] {processor.py:642} INFO - Processing file /home/airflow/.local/lib/python3.6/site-packages/airflow/example_dags/example_sla_dag.py for tasks to queue
[2022-01-19 18:20:27,185] {logging_mixin.py:109} INFO - [2022-01-19 18:20:27,185] {dagbag.py:500} INFO - Filling up the DagBag from /home/airflow/.local/lib/python3.6/site-packages/airflow/example_dags/example_sla_dag.py
[2022-01-19 18:20:27,209] {processor.py:654} INFO - DAG(s) dict_keys(['example_sla_dag']) retrieved from /home/airflow/.local/lib/python3.6/site-packages/airflow/example_dags/example_sla_dag.py
[2022-01-19 18:20:27,219] {logging_mixin.py:109} INFO - [2022-01-19 18:20:27,219] {dag.py:2396} INFO - Sync 1 DAGs
[2022-01-19 18:20:27,240] {logging_mixin.py:109} INFO - [2022-01-19 18:20:27,240] {dag.py:2935} INFO - Setting next_dagrun for example_sla_dag to 2022-01-19T18:18:00+00:00
[2022-01-19 18:20:27,248] {processor.py:171} INFO - Processing /home/airflow/.local/lib/python3.6/site-packages/airflow/example_dags/example_sla_dag.py took 0.066 seconds
[2022-01-19 18:20:57,479] {processor.py:163} INFO - Started process (PID=1552) to work on /home/airflow/.local/lib/python3.6/site-packages/airflow/example_dags/example_sla_dag.py
[2022-01-19 18:20:57,480] {processor.py:642} INFO - Processing file /home/airflow/.local/lib/python3.6/site-packages/airflow/example_dags/example_sla_dag.py for tasks to queue
[2022-01-19 18:20:57,481] {logging_mixin.py:109} INFO - [2022-01-19 18:20:57,480] {dagbag.py:500} INFO - Filling up the DagBag from /home/airflow/.local/lib/python3.6/site-packages/airflow/example_dags/example_sla_dag.py
[2022-01-19 18:20:57,511] {processor.py:654} INFO - DAG(s) dict_keys(['example_sla_dag']) retrieved from /home/airflow/.local/lib/python3.6/site-packages/airflow/example_dags/example_sla_dag.py
[2022-01-19 18:20:57,522] {logging_mixin.py:109} INFO - [2022-01-19 18:20:57,522] {dag.py:2396} INFO - Sync 1 DAGs
[2022-01-19 18:20:57,543] {logging_mixin.py:109} INFO - [2022-01-19 18:20:57,543] {dag.py:2935} INFO - Setting next_dagrun for example_sla_dag to 2022-01-19T18:18:00+00:00
[2022-01-19 18:20:57,552] {processor.py:171} INFO - Processing /home/airflow/.local/lib/python3.6/site-packages/airflow/example_dags/example_sla_dag.py took 0.076 seconds
[2022-01-19 18:21:28,645] {processor.py:163} INFO - Started process (PID=1604) to work on /home/airflow/.local/lib/python3.6/site-packages/airflow/example_dags/example_sla_dag.py
[2022-01-19 18:21:28,646] {processor.py:642} INFO - Processing file /home/airflow/.local/lib/python3.6/site-packages/airflow/example_dags/example_sla_dag.py for tasks to queue
[2022-01-19 18:21:28,647] {logging_mixin.py:109} INFO - [2022-01-19 18:21:28,647] {dagbag.py:500} INFO - Filling up the DagBag from /home/airflow/.local/lib/python3.6/site-packages/airflow/example_dags/example_sla_dag.py
[2022-01-19 18:21:28,690] {processor.py:654} INFO - DAG(s) dict_keys(['example_sla_dag']) retrieved from /home/airflow/.local/lib/python3.6/site-packages/airflow/example_dags/example_sla_dag.py
[2022-01-19 18:21:28,704] {logging_mixin.py:109} INFO - [2022-01-19 18:21:28,704] {dag.py:2396} INFO - Sync 1 DAGs
[2022-01-19 18:21:28,734] {logging_mixin.py:109} INFO - [2022-01-19 18:21:28,734] {dag.py:2935} INFO - Setting next_dagrun for example_sla_dag to 2022-01-19T18:18:00+00:00
[2022-01-19 18:21:28,745] {processor.py:171} INFO - Processing /home/airflow/.local/lib/python3.6/site-packages/airflow/example_dags/example_sla_dag.py took 0.104 seconds
[2022-01-19 18:21:59,837] {processor.py:163} INFO - Started process (PID=1658) to work on /home/airflow/.local/lib/python3.6/site-packages/airflow/example_dags/example_sla_dag.py
[2022-01-19 18:21:59,839] {processor.py:642} INFO - Processing file /home/airflow/.local/lib/python3.6/site-packages/airflow/example_dags/example_sla_dag.py for tasks to queue
[2022-01-19 18:21:59,839] {logging_mixin.py:109} INFO - [2022-01-19 18:21:59,839] {dagbag.py:500} INFO - Filling up the DagBag from /home/airflow/.local/lib/python3.6/site-packages/airflow/example_dags/example_sla_dag.py
[2022-01-19 18:21:59,878] {processor.py:654} INFO - DAG(s) dict_keys(['example_sla_dag']) retrieved from /home/airflow/.local/lib/python3.6/site-packages/airflow/example_dags/example_sla_dag.py
[2022-01-19 18:21:59,893] {logging_mixin.py:109} INFO - [2022-01-19 18:21:59,893] {dag.py:2396} INFO - Sync 1 DAGs
[2022-01-19 18:21:59,917] {logging_mixin.py:109} INFO - [2022-01-19 18:21:59,917] {dag.py:2935} INFO - Setting next_dagrun for example_sla_dag to 2022-01-19T18:18:00+00:00
[2022-01-19 18:21:59,927] {processor.py:171} INFO - Processing /home/airflow/.local/lib/python3.6/site-packages/airflow/example_dags/example_sla_dag.py took 0.093 seconds
[2022-01-19 18:22:30,901] {processor.py:163} INFO - Started process (PID=1721) to work on /home/airflow/.local/lib/python3.6/site-packages/airflow/example_dags/example_sla_dag.py
[2022-01-19 18:22:30,902] {processor.py:642} INFO - Processing file /home/airflow/.local/lib/python3.6/site-packages/airflow/example_dags/example_sla_dag.py for tasks to queue
[2022-01-19 18:22:30,903] {logging_mixin.py:109} INFO - [2022-01-19 18:22:30,902] {dagbag.py:500} INFO - Filling up the DagBag from /home/airflow/.local/lib/python3.6/site-packages/airflow/example_dags/example_sla_dag.py
[2022-01-19 18:22:30,931] {processor.py:654} INFO - DAG(s) dict_keys(['example_sla_dag']) retrieved from /home/airflow/.local/lib/python3.6/site-packages/airflow/example_dags/example_sla_dag.py
[2022-01-19 18:22:30,941] {logging_mixin.py:109} INFO - [2022-01-19 18:22:30,941] {dag.py:2396} INFO - Sync 1 DAGs
[2022-01-19 18:22:30,962] {logging_mixin.py:109} INFO - [2022-01-19 18:22:30,962] {dag.py:2935} INFO - Setting next_dagrun for example_sla_dag to 2022-01-19T18:20:00+00:00
[2022-01-19 18:22:30,972] {processor.py:171} INFO - Processing /home/airflow/.local/lib/python3.6/site-packages/airflow/example_dags/example_sla_dag.py took 0.073 seconds
[2022-01-19 18:23:01,727] {processor.py:163} INFO - Started process (PID=1774) to work on /home/airflow/.local/lib/python3.6/site-packages/airflow/example_dags/example_sla_dag.py
[2022-01-19 18:23:01,728] {processor.py:642} INFO - Processing file /home/airflow/.local/lib/python3.6/site-packages/airflow/example_dags/example_sla_dag.py for tasks to queue
[2022-01-19 18:23:01,729] {logging_mixin.py:109} INFO - [2022-01-19 18:23:01,729] {dagbag.py:500} INFO - Filling up the DagBag from /home/airflow/.local/lib/python3.6/site-packages/airflow/example_dags/example_sla_dag.py
[2022-01-19 18:23:01,755] {processor.py:654} INFO - DAG(s) dict_keys(['example_sla_dag']) retrieved from /home/airflow/.local/lib/python3.6/site-packages/airflow/example_dags/example_sla_dag.py
[2022-01-19 18:23:01,765] {logging_mixin.py:109} INFO - [2022-01-19 18:23:01,764] {dag.py:2396} INFO - Sync 1 DAGs
[2022-01-19 18:23:01,784] {logging_mixin.py:109} INFO - [2022-01-19 18:23:01,784] {dag.py:2935} INFO - Setting next_dagrun for example_sla_dag to 2022-01-19T18:20:00+00:00
[2022-01-19 18:23:01,795] {processor.py:171} INFO - Processing /home/airflow/.local/lib/python3.6/site-packages/airflow/example_dags/example_sla_dag.py took 0.070 seconds
[2022-01-19 18:23:32,855] {processor.py:163} INFO - Started process (PID=1837) to work on /home/airflow/.local/lib/python3.6/site-packages/airflow/example_dags/example_sla_dag.py
[2022-01-19 18:23:32,856] {processor.py:642} INFO - Processing file /home/airflow/.local/lib/python3.6/site-packages/airflow/example_dags/example_sla_dag.py for tasks to queue
[2022-01-19 18:23:32,856] {logging_mixin.py:109} INFO - [2022-01-19 18:23:32,856] {dagbag.py:500} INFO - Filling up the DagBag from /home/airflow/.local/lib/python3.6/site-packages/airflow/example_dags/example_sla_dag.py
[2022-01-19 18:23:32,885] {processor.py:654} INFO - DAG(s) dict_keys(['example_sla_dag']) retrieved from /home/airflow/.local/lib/python3.6/site-packages/airflow/example_dags/example_sla_dag.py
[2022-01-19 18:23:32,894] {logging_mixin.py:109} INFO - [2022-01-19 18:23:32,894] {dag.py:2396} INFO - Sync 1 DAGs
[2022-01-19 18:23:32,914] {logging_mixin.py:109} INFO - [2022-01-19 18:23:32,913] {dag.py:2935} INFO - Setting next_dagrun for example_sla_dag to 2022-01-19T18:20:00+00:00
[2022-01-19 18:23:32,923] {processor.py:171} INFO - Processing /home/airflow/.local/lib/python3.6/site-packages/airflow/example_dags/example_sla_dag.py took 0.071 seconds
[2022-01-19 18:24:03,216] {processor.py:163} INFO - Started process (PID=1889) to work on /home/airflow/.local/lib/python3.6/site-packages/airflow/example_dags/example_sla_dag.py
[2022-01-19 18:24:03,217] {processor.py:642} INFO - Processing file /home/airflow/.local/lib/python3.6/site-packages/airflow/example_dags/example_sla_dag.py for tasks to queue
[2022-01-19 18:24:03,218] {logging_mixin.py:109} INFO - [2022-01-19 18:24:03,217] {dagbag.py:500} INFO - Filling up the DagBag from /home/airflow/.local/lib/python3.6/site-packages/airflow/example_dags/example_sla_dag.py
[2022-01-19 18:24:03,265] {processor.py:654} INFO - DAG(s) dict_keys(['example_sla_dag']) retrieved from /home/airflow/.local/lib/python3.6/site-packages/airflow/example_dags/example_sla_dag.py
[2022-01-19 18:24:03,280] {logging_mixin.py:109} INFO - [2022-01-19 18:24:03,280] {dag.py:2396} INFO - Sync 1 DAGs
[2022-01-19 18:24:03,314] {logging_mixin.py:109} INFO - [2022-01-19 18:24:03,314] {dag.py:2935} INFO - Setting next_dagrun for example_sla_dag to 2022-01-19T18:22:00+00:00
[2022-01-19 18:24:03,327] {processor.py:171} INFO - Processing /home/airflow/.local/lib/python3.6/site-packages/airflow/example_dags/example_sla_dag.py took 0.115 seconds
[2022-01-19 18:24:34,496] {processor.py:163} INFO - Started process (PID=1952) to work on /home/airflow/.local/lib/python3.6/site-packages/airflow/example_dags/example_sla_dag.py
[2022-01-19 18:24:34,497] {processor.py:642} INFO - Processing file /home/airflow/.local/lib/python3.6/site-packages/airflow/example_dags/example_sla_dag.py for tasks to queue
[2022-01-19 18:24:34,498] {logging_mixin.py:109} INFO - [2022-01-19 18:24:34,498] {dagbag.py:500} INFO - Filling up the DagBag from /home/airflow/.local/lib/python3.6/site-packages/airflow/example_dags/example_sla_dag.py
[2022-01-19 18:24:34,538] {processor.py:654} INFO - DAG(s) dict_keys(['example_sla_dag']) retrieved from /home/airflow/.local/lib/python3.6/site-packages/airflow/example_dags/example_sla_dag.py
[2022-01-19 18:24:34,550] {logging_mixin.py:109} INFO - [2022-01-19 18:24:34,550] {dag.py:2396} INFO - Sync 1 DAGs
[2022-01-19 18:24:34,578] {logging_mixin.py:109} INFO - [2022-01-19 18:24:34,578] {dag.py:2935} INFO - Setting next_dagrun for example_sla_dag to 2022-01-19T18:22:00+00:00
[2022-01-19 18:24:34,589] {processor.py:171} INFO - Processing /home/airflow/.local/lib/python3.6/site-packages/airflow/example_dags/example_sla_dag.py took 0.097 seconds
[2022-01-19 18:25:04,789] {processor.py:163} INFO - Started process (PID=2005) to work on /home/airflow/.local/lib/python3.6/site-packages/airflow/example_dags/example_sla_dag.py
[2022-01-19 18:25:04,790] {processor.py:642} INFO - Processing file /home/airflow/.local/lib/python3.6/site-packages/airflow/example_dags/example_sla_dag.py for tasks to queue
[2022-01-19 18:25:04,790] {logging_mixin.py:109} INFO - [2022-01-19 18:25:04,790] {dagbag.py:500} INFO - Filling up the DagBag from /home/airflow/.local/lib/python3.6/site-packages/airflow/example_dags/example_sla_dag.py
[2022-01-19 18:25:04,820] {processor.py:654} INFO - DAG(s) dict_keys(['example_sla_dag']) retrieved from /home/airflow/.local/lib/python3.6/site-packages/airflow/example_dags/example_sla_dag.py
[2022-01-19 18:25:04,831] {logging_mixin.py:109} INFO - [2022-01-19 18:25:04,831] {dag.py:2396} INFO - Sync 1 DAGs
[2022-01-19 18:25:04,852] {logging_mixin.py:109} INFO - [2022-01-19 18:25:04,852] {dag.py:2935} INFO - Setting next_dagrun for example_sla_dag to 2022-01-19T18:22:00+00:00
[2022-01-19 18:25:04,861] {processor.py:171} INFO - Processing /home/airflow/.local/lib/python3.6/site-packages/airflow/example_dags/example_sla_dag.py took 0.075 seconds
[2022-01-19 18:25:35,480] {processor.py:163} INFO - Started process (PID=2058) to work on /home/airflow/.local/lib/python3.6/site-packages/airflow/example_dags/example_sla_dag.py
[2022-01-19 18:25:35,481] {processor.py:642} INFO - Processing file /home/airflow/.local/lib/python3.6/site-packages/airflow/example_dags/example_sla_dag.py for tasks to queue
[2022-01-19 18:25:35,481] {logging_mixin.py:109} INFO - [2022-01-19 18:25:35,481] {dagbag.py:500} INFO - Filling up the DagBag from /home/airflow/.local/lib/python3.6/site-packages/airflow/example_dags/example_sla_dag.py
[2022-01-19 18:25:35,515] {processor.py:654} INFO - DAG(s) dict_keys(['example_sla_dag']) retrieved from /home/airflow/.local/lib/python3.6/site-packages/airflow/example_dags/example_sla_dag.py
[2022-01-19 18:25:35,527] {logging_mixin.py:109} INFO - [2022-01-19 18:25:35,527] {dag.py:2396} INFO - Sync 1 DAGs
[2022-01-19 18:25:35,549] {logging_mixin.py:109} INFO - [2022-01-19 18:25:35,549] {dag.py:2935} INFO - Setting next_dagrun for example_sla_dag to 2022-01-19T18:22:00+00:00
[2022-01-19 18:25:35,557] {processor.py:171} INFO - Processing /home/airflow/.local/lib/python3.6/site-packages/airflow/example_dags/example_sla_dag.py took 0.080 seconds
[2022-01-19 18:26:06,139] {processor.py:163} INFO - Started process (PID=2122) to work on /home/airflow/.local/lib/python3.6/site-packages/airflow/example_dags/example_sla_dag.py
[2022-01-19 18:26:06,139] {processor.py:642} INFO - Processing file /home/airflow/.local/lib/python3.6/site-packages/airflow/example_dags/example_sla_dag.py for tasks to queue
[2022-01-19 18:26:06,140] {logging_mixin.py:109} INFO - [2022-01-19 18:26:06,140] {dagbag.py:500} INFO - Filling up the DagBag from /home/airflow/.local/lib/python3.6/site-packages/airflow/example_dags/example_sla_dag.py
[2022-01-19 18:26:06,168] {processor.py:654} INFO - DAG(s) dict_keys(['example_sla_dag']) retrieved from /home/airflow/.local/lib/python3.6/site-packages/airflow/example_dags/example_sla_dag.py
[2022-01-19 18:26:06,178] {logging_mixin.py:109} INFO - [2022-01-19 18:26:06,177] {dag.py:2396} INFO - Sync 1 DAGs
[2022-01-19 18:26:06,197] {logging_mixin.py:109} INFO - [2022-01-19 18:26:06,197] {dag.py:2935} INFO - Setting next_dagrun for example_sla_dag to 2022-01-19T18:24:00+00:00
[2022-01-19 18:26:06,207] {processor.py:171} INFO - Processing /home/airflow/.local/lib/python3.6/site-packages/airflow/example_dags/example_sla_dag.py took 0.071 seconds
[2022-01-19 18:26:36,745] {processor.py:163} INFO - Started process (PID=2174) to work on /home/airflow/.local/lib/python3.6/site-packages/airflow/example_dags/example_sla_dag.py
[2022-01-19 18:26:36,746] {processor.py:642} INFO - Processing file /home/airflow/.local/lib/python3.6/site-packages/airflow/example_dags/example_sla_dag.py for tasks to queue
[2022-01-19 18:26:36,746] {logging_mixin.py:109} INFO - [2022-01-19 18:26:36,746] {dagbag.py:500} INFO - Filling up the DagBag from /home/airflow/.local/lib/python3.6/site-packages/airflow/example_dags/example_sla_dag.py
[2022-01-19 18:26:36,772] {processor.py:654} INFO - DAG(s) dict_keys(['example_sla_dag']) retrieved from /home/airflow/.local/lib/python3.6/site-packages/airflow/example_dags/example_sla_dag.py
[2022-01-19 18:26:36,780] {logging_mixin.py:109} INFO - [2022-01-19 18:26:36,780] {dag.py:2396} INFO - Sync 1 DAGs
[2022-01-19 18:26:36,797] {logging_mixin.py:109} INFO - [2022-01-19 18:26:36,797] {dag.py:2935} INFO - Setting next_dagrun for example_sla_dag to 2022-01-19T18:24:00+00:00
[2022-01-19 18:26:36,806] {processor.py:171} INFO - Processing /home/airflow/.local/lib/python3.6/site-packages/airflow/example_dags/example_sla_dag.py took 0.063 seconds
[2022-01-19 18:27:07,457] {processor.py:163} INFO - Started process (PID=2237) to work on /home/airflow/.local/lib/python3.6/site-packages/airflow/example_dags/example_sla_dag.py
[2022-01-19 18:27:07,458] {processor.py:642} INFO - Processing file /home/airflow/.local/lib/python3.6/site-packages/airflow/example_dags/example_sla_dag.py for tasks to queue
[2022-01-19 18:27:07,459] {logging_mixin.py:109} INFO - [2022-01-19 18:27:07,459] {dagbag.py:500} INFO - Filling up the DagBag from /home/airflow/.local/lib/python3.6/site-packages/airflow/example_dags/example_sla_dag.py
[2022-01-19 18:27:07,499] {processor.py:654} INFO - DAG(s) dict_keys(['example_sla_dag']) retrieved from /home/airflow/.local/lib/python3.6/site-packages/airflow/example_dags/example_sla_dag.py
[2022-01-19 18:27:07,517] {logging_mixin.py:109} INFO - [2022-01-19 18:27:07,516] {dag.py:2396} INFO - Sync 1 DAGs
[2022-01-19 18:27:07,548] {logging_mixin.py:109} INFO - [2022-01-19 18:27:07,548] {dag.py:2935} INFO - Setting next_dagrun for example_sla_dag to 2022-01-19T18:24:00+00:00
[2022-01-19 18:27:07,562] {processor.py:171} INFO - Processing /home/airflow/.local/lib/python3.6/site-packages/airflow/example_dags/example_sla_dag.py took 0.108 seconds
[2022-01-19 18:27:37,815] {processor.py:163} INFO - Started process (PID=2290) to work on /home/airflow/.local/lib/python3.6/site-packages/airflow/example_dags/example_sla_dag.py
[2022-01-19 18:27:37,817] {processor.py:642} INFO - Processing file /home/airflow/.local/lib/python3.6/site-packages/airflow/example_dags/example_sla_dag.py for tasks to queue
[2022-01-19 18:27:37,817] {logging_mixin.py:109} INFO - [2022-01-19 18:27:37,817] {dagbag.py:500} INFO - Filling up the DagBag from /home/airflow/.local/lib/python3.6/site-packages/airflow/example_dags/example_sla_dag.py
[2022-01-19 18:27:37,856] {processor.py:654} INFO - DAG(s) dict_keys(['example_sla_dag']) retrieved from /home/airflow/.local/lib/python3.6/site-packages/airflow/example_dags/example_sla_dag.py
[2022-01-19 18:27:37,870] {logging_mixin.py:109} INFO - [2022-01-19 18:27:37,870] {dag.py:2396} INFO - Sync 1 DAGs
[2022-01-19 18:27:37,901] {logging_mixin.py:109} INFO - [2022-01-19 18:27:37,901] {dag.py:2935} INFO - Setting next_dagrun for example_sla_dag to 2022-01-19T18:24:00+00:00
[2022-01-19 18:27:37,915] {processor.py:171} INFO - Processing /home/airflow/.local/lib/python3.6/site-packages/airflow/example_dags/example_sla_dag.py took 0.103 seconds
[2022-01-19 18:28:08,472] {processor.py:163} INFO - Started process (PID=2344) to work on /home/airflow/.local/lib/python3.6/site-packages/airflow/example_dags/example_sla_dag.py
[2022-01-19 18:28:08,473] {processor.py:642} INFO - Processing file /home/airflow/.local/lib/python3.6/site-packages/airflow/example_dags/example_sla_dag.py for tasks to queue
[2022-01-19 18:28:08,473] {logging_mixin.py:109} INFO - [2022-01-19 18:28:08,473] {dagbag.py:500} INFO - Filling up the DagBag from /home/airflow/.local/lib/python3.6/site-packages/airflow/example_dags/example_sla_dag.py
[2022-01-19 18:28:08,530] {processor.py:654} INFO - DAG(s) dict_keys(['example_sla_dag']) retrieved from /home/airflow/.local/lib/python3.6/site-packages/airflow/example_dags/example_sla_dag.py
[2022-01-19 18:28:08,542] {logging_mixin.py:109} INFO - [2022-01-19 18:28:08,542] {dag.py:2396} INFO - Sync 1 DAGs
[2022-01-19 18:28:08,568] {logging_mixin.py:109} INFO - [2022-01-19 18:28:08,568] {dag.py:2935} INFO - Setting next_dagrun for example_sla_dag to 2022-01-19T18:26:00+00:00
[2022-01-19 18:28:08,577] {processor.py:171} INFO - Processing /home/airflow/.local/lib/python3.6/site-packages/airflow/example_dags/example_sla_dag.py took 0.109 seconds
[2022-01-19 18:28:39,260] {processor.py:163} INFO - Started process (PID=2407) to work on /home/airflow/.local/lib/python3.6/site-packages/airflow/example_dags/example_sla_dag.py
[2022-01-19 18:28:39,261] {processor.py:642} INFO - Processing file /home/airflow/.local/lib/python3.6/site-packages/airflow/example_dags/example_sla_dag.py for tasks to queue
[2022-01-19 18:28:39,262] {logging_mixin.py:109} INFO - [2022-01-19 18:28:39,262] {dagbag.py:500} INFO - Filling up the DagBag from /home/airflow/.local/lib/python3.6/site-packages/airflow/example_dags/example_sla_dag.py
[2022-01-19 18:28:39,295] {processor.py:654} INFO - DAG(s) dict_keys(['example_sla_dag']) retrieved from /home/airflow/.local/lib/python3.6/site-packages/airflow/example_dags/example_sla_dag.py
[2022-01-19 18:28:39,307] {logging_mixin.py:109} INFO - [2022-01-19 18:28:39,307] {dag.py:2396} INFO - Sync 1 DAGs
[2022-01-19 18:28:39,329] {logging_mixin.py:109} INFO - [2022-01-19 18:28:39,328] {dag.py:2935} INFO - Setting next_dagrun for example_sla_dag to 2022-01-19T18:26:00+00:00
[2022-01-19 18:28:39,336] {processor.py:171} INFO - Processing /home/airflow/.local/lib/python3.6/site-packages/airflow/example_dags/example_sla_dag.py took 0.079 seconds
[2022-01-19 18:29:10,310] {processor.py:163} INFO - Started process (PID=2460) to work on /home/airflow/.local/lib/python3.6/site-packages/airflow/example_dags/example_sla_dag.py
[2022-01-19 18:29:10,311] {processor.py:642} INFO - Processing file /home/airflow/.local/lib/python3.6/site-packages/airflow/example_dags/example_sla_dag.py for tasks to queue
[2022-01-19 18:29:10,311] {logging_mixin.py:109} INFO - [2022-01-19 18:29:10,311] {dagbag.py:500} INFO - Filling up the DagBag from /home/airflow/.local/lib/python3.6/site-packages/airflow/example_dags/example_sla_dag.py
[2022-01-19 18:29:10,341] {processor.py:654} INFO - DAG(s) dict_keys(['example_sla_dag']) retrieved from /home/airflow/.local/lib/python3.6/site-packages/airflow/example_dags/example_sla_dag.py
[2022-01-19 18:29:10,351] {logging_mixin.py:109} INFO - [2022-01-19 18:29:10,351] {dag.py:2396} INFO - Sync 1 DAGs
[2022-01-19 18:29:10,371] {logging_mixin.py:109} INFO - [2022-01-19 18:29:10,371] {dag.py:2935} INFO - Setting next_dagrun for example_sla_dag to 2022-01-19T18:26:00+00:00
[2022-01-19 18:29:10,380] {processor.py:171} INFO - Processing /home/airflow/.local/lib/python3.6/site-packages/airflow/example_dags/example_sla_dag.py took 0.073 seconds
[2022-01-19 18:29:41,196] {processor.py:163} INFO - Started process (PID=2524) to work on /home/airflow/.local/lib/python3.6/site-packages/airflow/example_dags/example_sla_dag.py
[2022-01-19 18:29:41,197] {processor.py:642} INFO - Processing file /home/airflow/.local/lib/python3.6/site-packages/airflow/example_dags/example_sla_dag.py for tasks to queue
[2022-01-19 18:29:41,198] {logging_mixin.py:109} INFO - [2022-01-19 18:29:41,198] {dagbag.py:500} INFO - Filling up the DagBag from /home/airflow/.local/lib/python3.6/site-packages/airflow/example_dags/example_sla_dag.py
[2022-01-19 18:29:41,232] {processor.py:654} INFO - DAG(s) dict_keys(['example_sla_dag']) retrieved from /home/airflow/.local/lib/python3.6/site-packages/airflow/example_dags/example_sla_dag.py
[2022-01-19 18:29:41,242] {logging_mixin.py:109} INFO - [2022-01-19 18:29:41,242] {dag.py:2396} INFO - Sync 1 DAGs
[2022-01-19 18:29:41,266] {logging_mixin.py:109} INFO - [2022-01-19 18:29:41,266] {dag.py:2935} INFO - Setting next_dagrun for example_sla_dag to 2022-01-19T18:26:00+00:00
[2022-01-19 18:29:41,281] {processor.py:171} INFO - Processing /home/airflow/.local/lib/python3.6/site-packages/airflow/example_dags/example_sla_dag.py took 0.088 seconds
[2022-01-19 18:30:11,915] {processor.py:163} INFO - Started process (PID=2577) to work on /home/airflow/.local/lib/python3.6/site-packages/airflow/example_dags/example_sla_dag.py
[2022-01-19 18:30:11,916] {processor.py:642} INFO - Processing file /home/airflow/.local/lib/python3.6/site-packages/airflow/example_dags/example_sla_dag.py for tasks to queue
[2022-01-19 18:30:11,916] {logging_mixin.py:109} INFO - [2022-01-19 18:30:11,916] {dagbag.py:500} INFO - Filling up the DagBag from /home/airflow/.local/lib/python3.6/site-packages/airflow/example_dags/example_sla_dag.py
[2022-01-19 18:30:11,945] {processor.py:654} INFO - DAG(s) dict_keys(['example_sla_dag']) retrieved from /home/airflow/.local/lib/python3.6/site-packages/airflow/example_dags/example_sla_dag.py
[2022-01-19 18:30:11,955] {logging_mixin.py:109} INFO - [2022-01-19 18:30:11,955] {dag.py:2396} INFO - Sync 1 DAGs
[2022-01-19 18:30:11,976] {logging_mixin.py:109} INFO - [2022-01-19 18:30:11,976] {dag.py:2935} INFO - Setting next_dagrun for example_sla_dag to 2022-01-19T18:28:00+00:00
[2022-01-19 18:30:11,985] {processor.py:171} INFO - Processing /home/airflow/.local/lib/python3.6/site-packages/airflow/example_dags/example_sla_dag.py took 0.073 seconds
[2022-01-19 18:30:42,598] {processor.py:163} INFO - Started process (PID=2638) to work on /home/airflow/.local/lib/python3.6/site-packages/airflow/example_dags/example_sla_dag.py
[2022-01-19 18:30:42,599] {processor.py:642} INFO - Processing file /home/airflow/.local/lib/python3.6/site-packages/airflow/example_dags/example_sla_dag.py for tasks to queue
[2022-01-19 18:30:42,600] {logging_mixin.py:109} INFO - [2022-01-19 18:30:42,600] {dagbag.py:500} INFO - Filling up the DagBag from /home/airflow/.local/lib/python3.6/site-packages/airflow/example_dags/example_sla_dag.py
[2022-01-19 18:30:42,628] {processor.py:654} INFO - DAG(s) dict_keys(['example_sla_dag']) retrieved from /home/airflow/.local/lib/python3.6/site-packages/airflow/example_dags/example_sla_dag.py
[2022-01-19 18:30:42,637] {logging_mixin.py:109} INFO - [2022-01-19 18:30:42,637] {dag.py:2396} INFO - Sync 1 DAGs
[2022-01-19 18:30:42,660] {logging_mixin.py:109} INFO - [2022-01-19 18:30:42,660] {dag.py:2935} INFO - Setting next_dagrun for example_sla_dag to 2022-01-19T18:28:00+00:00
[2022-01-19 18:30:42,670] {processor.py:171} INFO - Processing /home/airflow/.local/lib/python3.6/site-packages/airflow/example_dags/example_sla_dag.py took 0.074 seconds
