[2022-01-19 18:10:13,417] {processor.py:163} INFO - Started process (PID=317) to work on /home/airflow/.local/lib/python3.6/site-packages/airflow/example_dags/example_task_group.py
[2022-01-19 18:10:13,418] {processor.py:642} INFO - Processing file /home/airflow/.local/lib/python3.6/site-packages/airflow/example_dags/example_task_group.py for tasks to queue
[2022-01-19 18:10:13,419] {logging_mixin.py:109} INFO - [2022-01-19 18:10:13,419] {dagbag.py:500} INFO - Filling up the DagBag from /home/airflow/.local/lib/python3.6/site-packages/airflow/example_dags/example_task_group.py
[2022-01-19 18:10:13,482] {processor.py:654} INFO - DAG(s) dict_keys(['example_task_group']) retrieved from /home/airflow/.local/lib/python3.6/site-packages/airflow/example_dags/example_task_group.py
[2022-01-19 18:10:15,926] {logging_mixin.py:109} INFO - [2022-01-19 18:10:15,926] {manager.py:496} INFO - Created Permission View: can read on DAG:example_task_group
[2022-01-19 18:10:15,935] {logging_mixin.py:109} INFO - [2022-01-19 18:10:15,935] {manager.py:496} INFO - Created Permission View: can edit on DAG:example_task_group
[2022-01-19 18:10:15,937] {logging_mixin.py:109} INFO - [2022-01-19 18:10:15,935] {dag.py:2396} INFO - Sync 1 DAGs
[2022-01-19 18:10:15,949] {logging_mixin.py:109} INFO - [2022-01-19 18:10:15,948] {dag.py:2415} INFO - Creating ORM DAG for example_task_group
[2022-01-19 18:10:15,960] {logging_mixin.py:109} INFO - [2022-01-19 18:10:15,959] {dag.py:2935} INFO - Setting next_dagrun for example_task_group to 2022-01-18T18:10:15.959734+00:00
[2022-01-19 18:10:15,973] {processor.py:171} INFO - Processing /home/airflow/.local/lib/python3.6/site-packages/airflow/example_dags/example_task_group.py took 2.560 seconds
[2022-01-19 18:10:46,891] {processor.py:163} INFO - Started process (PID=404) to work on /home/airflow/.local/lib/python3.6/site-packages/airflow/example_dags/example_task_group.py
[2022-01-19 18:10:46,892] {processor.py:642} INFO - Processing file /home/airflow/.local/lib/python3.6/site-packages/airflow/example_dags/example_task_group.py for tasks to queue
[2022-01-19 18:10:46,892] {logging_mixin.py:109} INFO - [2022-01-19 18:10:46,892] {dagbag.py:500} INFO - Filling up the DagBag from /home/airflow/.local/lib/python3.6/site-packages/airflow/example_dags/example_task_group.py
[2022-01-19 18:10:46,915] {processor.py:654} INFO - DAG(s) dict_keys(['example_task_group']) retrieved from /home/airflow/.local/lib/python3.6/site-packages/airflow/example_dags/example_task_group.py
[2022-01-19 18:10:46,925] {logging_mixin.py:109} INFO - [2022-01-19 18:10:46,925] {dag.py:2396} INFO - Sync 1 DAGs
[2022-01-19 18:10:46,939] {logging_mixin.py:109} INFO - [2022-01-19 18:10:46,939] {dag.py:2935} INFO - Setting next_dagrun for example_task_group to 2022-01-18T18:10:46.939501+00:00
[2022-01-19 18:10:46,947] {processor.py:171} INFO - Processing /home/airflow/.local/lib/python3.6/site-packages/airflow/example_dags/example_task_group.py took 0.058 seconds
[2022-01-19 18:11:17,145] {processor.py:163} INFO - Started process (PID=457) to work on /home/airflow/.local/lib/python3.6/site-packages/airflow/example_dags/example_task_group.py
[2022-01-19 18:11:17,147] {processor.py:642} INFO - Processing file /home/airflow/.local/lib/python3.6/site-packages/airflow/example_dags/example_task_group.py for tasks to queue
[2022-01-19 18:11:17,148] {logging_mixin.py:109} INFO - [2022-01-19 18:11:17,148] {dagbag.py:500} INFO - Filling up the DagBag from /home/airflow/.local/lib/python3.6/site-packages/airflow/example_dags/example_task_group.py
[2022-01-19 18:11:17,187] {processor.py:654} INFO - DAG(s) dict_keys(['example_task_group']) retrieved from /home/airflow/.local/lib/python3.6/site-packages/airflow/example_dags/example_task_group.py
[2022-01-19 18:11:17,201] {logging_mixin.py:109} INFO - [2022-01-19 18:11:17,201] {dag.py:2396} INFO - Sync 1 DAGs
[2022-01-19 18:11:17,218] {logging_mixin.py:109} INFO - [2022-01-19 18:11:17,218] {dag.py:2935} INFO - Setting next_dagrun for example_task_group to 2022-01-18T18:11:17.218113+00:00
[2022-01-19 18:11:17,227] {processor.py:171} INFO - Processing /home/airflow/.local/lib/python3.6/site-packages/airflow/example_dags/example_task_group.py took 0.086 seconds
[2022-01-19 18:11:47,408] {processor.py:163} INFO - Started process (PID=509) to work on /home/airflow/.local/lib/python3.6/site-packages/airflow/example_dags/example_task_group.py
[2022-01-19 18:11:47,410] {processor.py:642} INFO - Processing file /home/airflow/.local/lib/python3.6/site-packages/airflow/example_dags/example_task_group.py for tasks to queue
[2022-01-19 18:11:47,410] {logging_mixin.py:109} INFO - [2022-01-19 18:11:47,410] {dagbag.py:500} INFO - Filling up the DagBag from /home/airflow/.local/lib/python3.6/site-packages/airflow/example_dags/example_task_group.py
[2022-01-19 18:11:47,448] {processor.py:654} INFO - DAG(s) dict_keys(['example_task_group']) retrieved from /home/airflow/.local/lib/python3.6/site-packages/airflow/example_dags/example_task_group.py
[2022-01-19 18:11:47,464] {logging_mixin.py:109} INFO - [2022-01-19 18:11:47,464] {dag.py:2396} INFO - Sync 1 DAGs
[2022-01-19 18:11:47,488] {logging_mixin.py:109} INFO - [2022-01-19 18:11:47,488] {dag.py:2935} INFO - Setting next_dagrun for example_task_group to 2022-01-18T18:11:47.488365+00:00
[2022-01-19 18:11:47,500] {processor.py:171} INFO - Processing /home/airflow/.local/lib/python3.6/site-packages/airflow/example_dags/example_task_group.py took 0.096 seconds
[2022-01-19 18:12:17,569] {processor.py:163} INFO - Started process (PID=573) to work on /home/airflow/.local/lib/python3.6/site-packages/airflow/example_dags/example_task_group.py
[2022-01-19 18:12:17,571] {processor.py:642} INFO - Processing file /home/airflow/.local/lib/python3.6/site-packages/airflow/example_dags/example_task_group.py for tasks to queue
[2022-01-19 18:12:17,571] {logging_mixin.py:109} INFO - [2022-01-19 18:12:17,571] {dagbag.py:500} INFO - Filling up the DagBag from /home/airflow/.local/lib/python3.6/site-packages/airflow/example_dags/example_task_group.py
[2022-01-19 18:12:17,609] {processor.py:654} INFO - DAG(s) dict_keys(['example_task_group']) retrieved from /home/airflow/.local/lib/python3.6/site-packages/airflow/example_dags/example_task_group.py
[2022-01-19 18:12:17,621] {logging_mixin.py:109} INFO - [2022-01-19 18:12:17,621] {dag.py:2396} INFO - Sync 1 DAGs
[2022-01-19 18:12:17,643] {logging_mixin.py:109} INFO - [2022-01-19 18:12:17,643] {dag.py:2935} INFO - Setting next_dagrun for example_task_group to 2022-01-18T18:12:17.643423+00:00
[2022-01-19 18:12:17,652] {processor.py:171} INFO - Processing /home/airflow/.local/lib/python3.6/site-packages/airflow/example_dags/example_task_group.py took 0.086 seconds
[2022-01-19 18:12:48,274] {processor.py:163} INFO - Started process (PID=625) to work on /home/airflow/.local/lib/python3.6/site-packages/airflow/example_dags/example_task_group.py
[2022-01-19 18:12:48,275] {processor.py:642} INFO - Processing file /home/airflow/.local/lib/python3.6/site-packages/airflow/example_dags/example_task_group.py for tasks to queue
[2022-01-19 18:12:48,276] {logging_mixin.py:109} INFO - [2022-01-19 18:12:48,276] {dagbag.py:500} INFO - Filling up the DagBag from /home/airflow/.local/lib/python3.6/site-packages/airflow/example_dags/example_task_group.py
[2022-01-19 18:12:48,307] {processor.py:654} INFO - DAG(s) dict_keys(['example_task_group']) retrieved from /home/airflow/.local/lib/python3.6/site-packages/airflow/example_dags/example_task_group.py
[2022-01-19 18:12:48,319] {logging_mixin.py:109} INFO - [2022-01-19 18:12:48,319] {dag.py:2396} INFO - Sync 1 DAGs
[2022-01-19 18:12:48,337] {logging_mixin.py:109} INFO - [2022-01-19 18:12:48,337] {dag.py:2935} INFO - Setting next_dagrun for example_task_group to 2022-01-18T18:12:48.337340+00:00
[2022-01-19 18:12:48,345] {processor.py:171} INFO - Processing /home/airflow/.local/lib/python3.6/site-packages/airflow/example_dags/example_task_group.py took 0.075 seconds
[2022-01-19 18:13:18,734] {processor.py:163} INFO - Started process (PID=696) to work on /home/airflow/.local/lib/python3.6/site-packages/airflow/example_dags/example_task_group.py
[2022-01-19 18:13:18,735] {processor.py:642} INFO - Processing file /home/airflow/.local/lib/python3.6/site-packages/airflow/example_dags/example_task_group.py for tasks to queue
[2022-01-19 18:13:18,735] {logging_mixin.py:109} INFO - [2022-01-19 18:13:18,735] {dagbag.py:500} INFO - Filling up the DagBag from /home/airflow/.local/lib/python3.6/site-packages/airflow/example_dags/example_task_group.py
[2022-01-19 18:13:18,762] {processor.py:654} INFO - DAG(s) dict_keys(['example_task_group']) retrieved from /home/airflow/.local/lib/python3.6/site-packages/airflow/example_dags/example_task_group.py
[2022-01-19 18:13:18,778] {logging_mixin.py:109} INFO - [2022-01-19 18:13:18,778] {dag.py:2396} INFO - Sync 1 DAGs
[2022-01-19 18:13:18,804] {logging_mixin.py:109} INFO - [2022-01-19 18:13:18,804] {dag.py:2935} INFO - Setting next_dagrun for example_task_group to 2022-01-18T18:13:18.804296+00:00
[2022-01-19 18:13:18,814] {processor.py:171} INFO - Processing /home/airflow/.local/lib/python3.6/site-packages/airflow/example_dags/example_task_group.py took 0.083 seconds
[2022-01-19 18:13:49,450] {processor.py:163} INFO - Started process (PID=758) to work on /home/airflow/.local/lib/python3.6/site-packages/airflow/example_dags/example_task_group.py
[2022-01-19 18:13:49,452] {processor.py:642} INFO - Processing file /home/airflow/.local/lib/python3.6/site-packages/airflow/example_dags/example_task_group.py for tasks to queue
[2022-01-19 18:13:49,452] {logging_mixin.py:109} INFO - [2022-01-19 18:13:49,452] {dagbag.py:500} INFO - Filling up the DagBag from /home/airflow/.local/lib/python3.6/site-packages/airflow/example_dags/example_task_group.py
[2022-01-19 18:13:49,483] {processor.py:654} INFO - DAG(s) dict_keys(['example_task_group']) retrieved from /home/airflow/.local/lib/python3.6/site-packages/airflow/example_dags/example_task_group.py
[2022-01-19 18:13:49,495] {logging_mixin.py:109} INFO - [2022-01-19 18:13:49,495] {dag.py:2396} INFO - Sync 1 DAGs
[2022-01-19 18:13:49,514] {logging_mixin.py:109} INFO - [2022-01-19 18:13:49,514] {dag.py:2935} INFO - Setting next_dagrun for example_task_group to 2022-01-18T18:13:49.514190+00:00
[2022-01-19 18:13:49,522] {processor.py:171} INFO - Processing /home/airflow/.local/lib/python3.6/site-packages/airflow/example_dags/example_task_group.py took 0.075 seconds
[2022-01-19 18:14:20,194] {processor.py:163} INFO - Started process (PID=810) to work on /home/airflow/.local/lib/python3.6/site-packages/airflow/example_dags/example_task_group.py
[2022-01-19 18:14:20,195] {processor.py:642} INFO - Processing file /home/airflow/.local/lib/python3.6/site-packages/airflow/example_dags/example_task_group.py for tasks to queue
[2022-01-19 18:14:20,195] {logging_mixin.py:109} INFO - [2022-01-19 18:14:20,195] {dagbag.py:500} INFO - Filling up the DagBag from /home/airflow/.local/lib/python3.6/site-packages/airflow/example_dags/example_task_group.py
[2022-01-19 18:14:20,227] {processor.py:654} INFO - DAG(s) dict_keys(['example_task_group']) retrieved from /home/airflow/.local/lib/python3.6/site-packages/airflow/example_dags/example_task_group.py
[2022-01-19 18:14:20,241] {logging_mixin.py:109} INFO - [2022-01-19 18:14:20,241] {dag.py:2396} INFO - Sync 1 DAGs
[2022-01-19 18:14:20,259] {logging_mixin.py:109} INFO - [2022-01-19 18:14:20,258] {dag.py:2935} INFO - Setting next_dagrun for example_task_group to 2022-01-18T18:14:20.258727+00:00
[2022-01-19 18:14:20,267] {processor.py:171} INFO - Processing /home/airflow/.local/lib/python3.6/site-packages/airflow/example_dags/example_task_group.py took 0.077 seconds
[2022-01-19 18:14:50,646] {processor.py:163} INFO - Started process (PID=872) to work on /home/airflow/.local/lib/python3.6/site-packages/airflow/example_dags/example_task_group.py
[2022-01-19 18:14:50,647] {processor.py:642} INFO - Processing file /home/airflow/.local/lib/python3.6/site-packages/airflow/example_dags/example_task_group.py for tasks to queue
[2022-01-19 18:14:50,648] {logging_mixin.py:109} INFO - [2022-01-19 18:14:50,648] {dagbag.py:500} INFO - Filling up the DagBag from /home/airflow/.local/lib/python3.6/site-packages/airflow/example_dags/example_task_group.py
[2022-01-19 18:14:50,682] {processor.py:654} INFO - DAG(s) dict_keys(['example_task_group']) retrieved from /home/airflow/.local/lib/python3.6/site-packages/airflow/example_dags/example_task_group.py
[2022-01-19 18:14:50,698] {logging_mixin.py:109} INFO - [2022-01-19 18:14:50,698] {dag.py:2396} INFO - Sync 1 DAGs
[2022-01-19 18:14:50,721] {logging_mixin.py:109} INFO - [2022-01-19 18:14:50,721] {dag.py:2935} INFO - Setting next_dagrun for example_task_group to 2022-01-18T18:14:50.721207+00:00
[2022-01-19 18:14:50,730] {processor.py:171} INFO - Processing /home/airflow/.local/lib/python3.6/site-packages/airflow/example_dags/example_task_group.py took 0.089 seconds
[2022-01-19 18:15:21,041] {processor.py:163} INFO - Started process (PID=924) to work on /home/airflow/.local/lib/python3.6/site-packages/airflow/example_dags/example_task_group.py
[2022-01-19 18:15:21,042] {processor.py:642} INFO - Processing file /home/airflow/.local/lib/python3.6/site-packages/airflow/example_dags/example_task_group.py for tasks to queue
[2022-01-19 18:15:21,043] {logging_mixin.py:109} INFO - [2022-01-19 18:15:21,043] {dagbag.py:500} INFO - Filling up the DagBag from /home/airflow/.local/lib/python3.6/site-packages/airflow/example_dags/example_task_group.py
[2022-01-19 18:15:21,066] {processor.py:654} INFO - DAG(s) dict_keys(['example_task_group']) retrieved from /home/airflow/.local/lib/python3.6/site-packages/airflow/example_dags/example_task_group.py
[2022-01-19 18:15:21,078] {logging_mixin.py:109} INFO - [2022-01-19 18:15:21,078] {dag.py:2396} INFO - Sync 1 DAGs
[2022-01-19 18:15:21,094] {logging_mixin.py:109} INFO - [2022-01-19 18:15:21,094] {dag.py:2935} INFO - Setting next_dagrun for example_task_group to 2022-01-18T18:15:21.094639+00:00
[2022-01-19 18:15:21,101] {processor.py:171} INFO - Processing /home/airflow/.local/lib/python3.6/site-packages/airflow/example_dags/example_task_group.py took 0.063 seconds
[2022-01-19 18:15:51,563] {processor.py:163} INFO - Started process (PID=987) to work on /home/airflow/.local/lib/python3.6/site-packages/airflow/example_dags/example_task_group.py
[2022-01-19 18:15:51,564] {processor.py:642} INFO - Processing file /home/airflow/.local/lib/python3.6/site-packages/airflow/example_dags/example_task_group.py for tasks to queue
[2022-01-19 18:15:51,564] {logging_mixin.py:109} INFO - [2022-01-19 18:15:51,564] {dagbag.py:500} INFO - Filling up the DagBag from /home/airflow/.local/lib/python3.6/site-packages/airflow/example_dags/example_task_group.py
[2022-01-19 18:15:51,597] {processor.py:654} INFO - DAG(s) dict_keys(['example_task_group']) retrieved from /home/airflow/.local/lib/python3.6/site-packages/airflow/example_dags/example_task_group.py
[2022-01-19 18:15:51,609] {logging_mixin.py:109} INFO - [2022-01-19 18:15:51,609] {dag.py:2396} INFO - Sync 1 DAGs
[2022-01-19 18:15:51,627] {logging_mixin.py:109} INFO - [2022-01-19 18:15:51,627] {dag.py:2935} INFO - Setting next_dagrun for example_task_group to 2022-01-18T18:15:51.627246+00:00
[2022-01-19 18:15:51,636] {processor.py:171} INFO - Processing /home/airflow/.local/lib/python3.6/site-packages/airflow/example_dags/example_task_group.py took 0.077 seconds
[2022-01-19 18:16:21,912] {processor.py:163} INFO - Started process (PID=1039) to work on /home/airflow/.local/lib/python3.6/site-packages/airflow/example_dags/example_task_group.py
[2022-01-19 18:16:21,913] {processor.py:642} INFO - Processing file /home/airflow/.local/lib/python3.6/site-packages/airflow/example_dags/example_task_group.py for tasks to queue
[2022-01-19 18:16:21,913] {logging_mixin.py:109} INFO - [2022-01-19 18:16:21,913] {dagbag.py:500} INFO - Filling up the DagBag from /home/airflow/.local/lib/python3.6/site-packages/airflow/example_dags/example_task_group.py
[2022-01-19 18:16:21,941] {processor.py:654} INFO - DAG(s) dict_keys(['example_task_group']) retrieved from /home/airflow/.local/lib/python3.6/site-packages/airflow/example_dags/example_task_group.py
[2022-01-19 18:16:21,951] {logging_mixin.py:109} INFO - [2022-01-19 18:16:21,951] {dag.py:2396} INFO - Sync 1 DAGs
[2022-01-19 18:16:21,967] {logging_mixin.py:109} INFO - [2022-01-19 18:16:21,967] {dag.py:2935} INFO - Setting next_dagrun for example_task_group to 2022-01-18T18:16:21.966863+00:00
[2022-01-19 18:16:21,975] {processor.py:171} INFO - Processing /home/airflow/.local/lib/python3.6/site-packages/airflow/example_dags/example_task_group.py took 0.066 seconds
[2022-01-19 18:16:52,741] {processor.py:163} INFO - Started process (PID=1091) to work on /home/airflow/.local/lib/python3.6/site-packages/airflow/example_dags/example_task_group.py
[2022-01-19 18:16:52,743] {processor.py:642} INFO - Processing file /home/airflow/.local/lib/python3.6/site-packages/airflow/example_dags/example_task_group.py for tasks to queue
[2022-01-19 18:16:52,744] {logging_mixin.py:109} INFO - [2022-01-19 18:16:52,744] {dagbag.py:500} INFO - Filling up the DagBag from /home/airflow/.local/lib/python3.6/site-packages/airflow/example_dags/example_task_group.py
[2022-01-19 18:16:52,779] {processor.py:654} INFO - DAG(s) dict_keys(['example_task_group']) retrieved from /home/airflow/.local/lib/python3.6/site-packages/airflow/example_dags/example_task_group.py
[2022-01-19 18:16:52,790] {logging_mixin.py:109} INFO - [2022-01-19 18:16:52,790] {dag.py:2396} INFO - Sync 1 DAGs
[2022-01-19 18:16:52,806] {logging_mixin.py:109} INFO - [2022-01-19 18:16:52,806] {dag.py:2935} INFO - Setting next_dagrun for example_task_group to 2022-01-18T18:16:52.806343+00:00
[2022-01-19 18:16:52,814] {processor.py:171} INFO - Processing /home/airflow/.local/lib/python3.6/site-packages/airflow/example_dags/example_task_group.py took 0.080 seconds
[2022-01-19 18:17:23,156] {processor.py:163} INFO - Started process (PID=1154) to work on /home/airflow/.local/lib/python3.6/site-packages/airflow/example_dags/example_task_group.py
[2022-01-19 18:17:23,157] {processor.py:642} INFO - Processing file /home/airflow/.local/lib/python3.6/site-packages/airflow/example_dags/example_task_group.py for tasks to queue
[2022-01-19 18:17:23,158] {logging_mixin.py:109} INFO - [2022-01-19 18:17:23,158] {dagbag.py:500} INFO - Filling up the DagBag from /home/airflow/.local/lib/python3.6/site-packages/airflow/example_dags/example_task_group.py
[2022-01-19 18:17:23,188] {processor.py:654} INFO - DAG(s) dict_keys(['example_task_group']) retrieved from /home/airflow/.local/lib/python3.6/site-packages/airflow/example_dags/example_task_group.py
[2022-01-19 18:17:23,199] {logging_mixin.py:109} INFO - [2022-01-19 18:17:23,199] {dag.py:2396} INFO - Sync 1 DAGs
[2022-01-19 18:17:23,215] {logging_mixin.py:109} INFO - [2022-01-19 18:17:23,215] {dag.py:2935} INFO - Setting next_dagrun for example_task_group to 2022-01-18T18:17:23.215537+00:00
[2022-01-19 18:17:23,225] {processor.py:171} INFO - Processing /home/airflow/.local/lib/python3.6/site-packages/airflow/example_dags/example_task_group.py took 0.073 seconds
[2022-01-19 18:17:53,351] {processor.py:163} INFO - Started process (PID=1206) to work on /home/airflow/.local/lib/python3.6/site-packages/airflow/example_dags/example_task_group.py
[2022-01-19 18:17:53,352] {processor.py:642} INFO - Processing file /home/airflow/.local/lib/python3.6/site-packages/airflow/example_dags/example_task_group.py for tasks to queue
[2022-01-19 18:17:53,353] {logging_mixin.py:109} INFO - [2022-01-19 18:17:53,353] {dagbag.py:500} INFO - Filling up the DagBag from /home/airflow/.local/lib/python3.6/site-packages/airflow/example_dags/example_task_group.py
[2022-01-19 18:17:53,392] {processor.py:654} INFO - DAG(s) dict_keys(['example_task_group']) retrieved from /home/airflow/.local/lib/python3.6/site-packages/airflow/example_dags/example_task_group.py
[2022-01-19 18:17:53,409] {logging_mixin.py:109} INFO - [2022-01-19 18:17:53,409] {dag.py:2396} INFO - Sync 1 DAGs
[2022-01-19 18:17:53,434] {logging_mixin.py:109} INFO - [2022-01-19 18:17:53,434] {dag.py:2935} INFO - Setting next_dagrun for example_task_group to 2022-01-18T18:17:53.433903+00:00
[2022-01-19 18:17:53,446] {processor.py:171} INFO - Processing /home/airflow/.local/lib/python3.6/site-packages/airflow/example_dags/example_task_group.py took 0.098 seconds
[2022-01-19 18:18:24,042] {processor.py:163} INFO - Started process (PID=1269) to work on /home/airflow/.local/lib/python3.6/site-packages/airflow/example_dags/example_task_group.py
[2022-01-19 18:18:24,043] {processor.py:642} INFO - Processing file /home/airflow/.local/lib/python3.6/site-packages/airflow/example_dags/example_task_group.py for tasks to queue
[2022-01-19 18:18:24,044] {logging_mixin.py:109} INFO - [2022-01-19 18:18:24,044] {dagbag.py:500} INFO - Filling up the DagBag from /home/airflow/.local/lib/python3.6/site-packages/airflow/example_dags/example_task_group.py
[2022-01-19 18:18:24,082] {processor.py:654} INFO - DAG(s) dict_keys(['example_task_group']) retrieved from /home/airflow/.local/lib/python3.6/site-packages/airflow/example_dags/example_task_group.py
[2022-01-19 18:18:24,097] {logging_mixin.py:109} INFO - [2022-01-19 18:18:24,096] {dag.py:2396} INFO - Sync 1 DAGs
[2022-01-19 18:18:24,117] {logging_mixin.py:109} INFO - [2022-01-19 18:18:24,117] {dag.py:2935} INFO - Setting next_dagrun for example_task_group to 2022-01-18T18:18:24.116993+00:00
[2022-01-19 18:18:24,126] {processor.py:171} INFO - Processing /home/airflow/.local/lib/python3.6/site-packages/airflow/example_dags/example_task_group.py took 0.087 seconds
[2022-01-19 18:18:54,505] {processor.py:163} INFO - Started process (PID=1321) to work on /home/airflow/.local/lib/python3.6/site-packages/airflow/example_dags/example_task_group.py
[2022-01-19 18:18:54,505] {processor.py:642} INFO - Processing file /home/airflow/.local/lib/python3.6/site-packages/airflow/example_dags/example_task_group.py for tasks to queue
[2022-01-19 18:18:54,506] {logging_mixin.py:109} INFO - [2022-01-19 18:18:54,506] {dagbag.py:500} INFO - Filling up the DagBag from /home/airflow/.local/lib/python3.6/site-packages/airflow/example_dags/example_task_group.py
[2022-01-19 18:18:54,529] {processor.py:654} INFO - DAG(s) dict_keys(['example_task_group']) retrieved from /home/airflow/.local/lib/python3.6/site-packages/airflow/example_dags/example_task_group.py
[2022-01-19 18:18:54,539] {logging_mixin.py:109} INFO - [2022-01-19 18:18:54,539] {dag.py:2396} INFO - Sync 1 DAGs
[2022-01-19 18:18:54,554] {logging_mixin.py:109} INFO - [2022-01-19 18:18:54,554] {dag.py:2935} INFO - Setting next_dagrun for example_task_group to 2022-01-18T18:18:54.553975+00:00
[2022-01-19 18:18:54,562] {processor.py:171} INFO - Processing /home/airflow/.local/lib/python3.6/site-packages/airflow/example_dags/example_task_group.py took 0.059 seconds
[2022-01-19 18:19:25,082] {processor.py:163} INFO - Started process (PID=1383) to work on /home/airflow/.local/lib/python3.6/site-packages/airflow/example_dags/example_task_group.py
[2022-01-19 18:19:25,083] {processor.py:642} INFO - Processing file /home/airflow/.local/lib/python3.6/site-packages/airflow/example_dags/example_task_group.py for tasks to queue
[2022-01-19 18:19:25,084] {logging_mixin.py:109} INFO - [2022-01-19 18:19:25,084] {dagbag.py:500} INFO - Filling up the DagBag from /home/airflow/.local/lib/python3.6/site-packages/airflow/example_dags/example_task_group.py
[2022-01-19 18:19:25,108] {processor.py:654} INFO - DAG(s) dict_keys(['example_task_group']) retrieved from /home/airflow/.local/lib/python3.6/site-packages/airflow/example_dags/example_task_group.py
[2022-01-19 18:19:25,120] {logging_mixin.py:109} INFO - [2022-01-19 18:19:25,120] {dag.py:2396} INFO - Sync 1 DAGs
[2022-01-19 18:19:25,137] {logging_mixin.py:109} INFO - [2022-01-19 18:19:25,137] {dag.py:2935} INFO - Setting next_dagrun for example_task_group to 2022-01-18T18:19:25.136930+00:00
[2022-01-19 18:19:25,146] {processor.py:171} INFO - Processing /home/airflow/.local/lib/python3.6/site-packages/airflow/example_dags/example_task_group.py took 0.066 seconds
[2022-01-19 18:19:55,229] {processor.py:163} INFO - Started process (PID=1435) to work on /home/airflow/.local/lib/python3.6/site-packages/airflow/example_dags/example_task_group.py
[2022-01-19 18:19:55,230] {processor.py:642} INFO - Processing file /home/airflow/.local/lib/python3.6/site-packages/airflow/example_dags/example_task_group.py for tasks to queue
[2022-01-19 18:19:55,230] {logging_mixin.py:109} INFO - [2022-01-19 18:19:55,230] {dagbag.py:500} INFO - Filling up the DagBag from /home/airflow/.local/lib/python3.6/site-packages/airflow/example_dags/example_task_group.py
[2022-01-19 18:19:55,254] {processor.py:654} INFO - DAG(s) dict_keys(['example_task_group']) retrieved from /home/airflow/.local/lib/python3.6/site-packages/airflow/example_dags/example_task_group.py
[2022-01-19 18:19:55,264] {logging_mixin.py:109} INFO - [2022-01-19 18:19:55,264] {dag.py:2396} INFO - Sync 1 DAGs
[2022-01-19 18:19:55,279] {logging_mixin.py:109} INFO - [2022-01-19 18:19:55,278] {dag.py:2935} INFO - Setting next_dagrun for example_task_group to 2022-01-18T18:19:55.278701+00:00
[2022-01-19 18:19:55,288] {processor.py:171} INFO - Processing /home/airflow/.local/lib/python3.6/site-packages/airflow/example_dags/example_task_group.py took 0.061 seconds
[2022-01-19 18:20:26,176] {processor.py:163} INFO - Started process (PID=1488) to work on /home/airflow/.local/lib/python3.6/site-packages/airflow/example_dags/example_task_group.py
[2022-01-19 18:20:26,177] {processor.py:642} INFO - Processing file /home/airflow/.local/lib/python3.6/site-packages/airflow/example_dags/example_task_group.py for tasks to queue
[2022-01-19 18:20:26,177] {logging_mixin.py:109} INFO - [2022-01-19 18:20:26,177] {dagbag.py:500} INFO - Filling up the DagBag from /home/airflow/.local/lib/python3.6/site-packages/airflow/example_dags/example_task_group.py
[2022-01-19 18:20:26,201] {processor.py:654} INFO - DAG(s) dict_keys(['example_task_group']) retrieved from /home/airflow/.local/lib/python3.6/site-packages/airflow/example_dags/example_task_group.py
[2022-01-19 18:20:26,211] {logging_mixin.py:109} INFO - [2022-01-19 18:20:26,211] {dag.py:2396} INFO - Sync 1 DAGs
[2022-01-19 18:20:26,225] {logging_mixin.py:109} INFO - [2022-01-19 18:20:26,224] {dag.py:2935} INFO - Setting next_dagrun for example_task_group to 2022-01-18T18:20:26.224771+00:00
[2022-01-19 18:20:26,232] {processor.py:171} INFO - Processing /home/airflow/.local/lib/python3.6/site-packages/airflow/example_dags/example_task_group.py took 0.058 seconds
[2022-01-19 18:20:57,399] {processor.py:163} INFO - Started process (PID=1550) to work on /home/airflow/.local/lib/python3.6/site-packages/airflow/example_dags/example_task_group.py
[2022-01-19 18:20:57,400] {processor.py:642} INFO - Processing file /home/airflow/.local/lib/python3.6/site-packages/airflow/example_dags/example_task_group.py for tasks to queue
[2022-01-19 18:20:57,401] {logging_mixin.py:109} INFO - [2022-01-19 18:20:57,401] {dagbag.py:500} INFO - Filling up the DagBag from /home/airflow/.local/lib/python3.6/site-packages/airflow/example_dags/example_task_group.py
[2022-01-19 18:20:57,428] {processor.py:654} INFO - DAG(s) dict_keys(['example_task_group']) retrieved from /home/airflow/.local/lib/python3.6/site-packages/airflow/example_dags/example_task_group.py
[2022-01-19 18:20:57,439] {logging_mixin.py:109} INFO - [2022-01-19 18:20:57,439] {dag.py:2396} INFO - Sync 1 DAGs
[2022-01-19 18:20:57,456] {logging_mixin.py:109} INFO - [2022-01-19 18:20:57,456] {dag.py:2935} INFO - Setting next_dagrun for example_task_group to 2022-01-18T18:20:57.456125+00:00
[2022-01-19 18:20:57,464] {processor.py:171} INFO - Processing /home/airflow/.local/lib/python3.6/site-packages/airflow/example_dags/example_task_group.py took 0.068 seconds
[2022-01-19 18:21:28,536] {processor.py:163} INFO - Started process (PID=1603) to work on /home/airflow/.local/lib/python3.6/site-packages/airflow/example_dags/example_task_group.py
[2022-01-19 18:21:28,537] {processor.py:642} INFO - Processing file /home/airflow/.local/lib/python3.6/site-packages/airflow/example_dags/example_task_group.py for tasks to queue
[2022-01-19 18:21:28,537] {logging_mixin.py:109} INFO - [2022-01-19 18:21:28,537] {dagbag.py:500} INFO - Filling up the DagBag from /home/airflow/.local/lib/python3.6/site-packages/airflow/example_dags/example_task_group.py
[2022-01-19 18:21:28,571] {processor.py:654} INFO - DAG(s) dict_keys(['example_task_group']) retrieved from /home/airflow/.local/lib/python3.6/site-packages/airflow/example_dags/example_task_group.py
[2022-01-19 18:21:28,586] {logging_mixin.py:109} INFO - [2022-01-19 18:21:28,586] {dag.py:2396} INFO - Sync 1 DAGs
[2022-01-19 18:21:28,609] {logging_mixin.py:109} INFO - [2022-01-19 18:21:28,609] {dag.py:2935} INFO - Setting next_dagrun for example_task_group to 2022-01-18T18:21:28.609172+00:00
[2022-01-19 18:21:28,623] {processor.py:171} INFO - Processing /home/airflow/.local/lib/python3.6/site-packages/airflow/example_dags/example_task_group.py took 0.090 seconds
[2022-01-19 18:21:59,740] {processor.py:163} INFO - Started process (PID=1657) to work on /home/airflow/.local/lib/python3.6/site-packages/airflow/example_dags/example_task_group.py
[2022-01-19 18:21:59,741] {processor.py:642} INFO - Processing file /home/airflow/.local/lib/python3.6/site-packages/airflow/example_dags/example_task_group.py for tasks to queue
[2022-01-19 18:21:59,742] {logging_mixin.py:109} INFO - [2022-01-19 18:21:59,742] {dagbag.py:500} INFO - Filling up the DagBag from /home/airflow/.local/lib/python3.6/site-packages/airflow/example_dags/example_task_group.py
[2022-01-19 18:21:59,769] {processor.py:654} INFO - DAG(s) dict_keys(['example_task_group']) retrieved from /home/airflow/.local/lib/python3.6/site-packages/airflow/example_dags/example_task_group.py
[2022-01-19 18:21:59,782] {logging_mixin.py:109} INFO - [2022-01-19 18:21:59,782] {dag.py:2396} INFO - Sync 1 DAGs
[2022-01-19 18:21:59,802] {logging_mixin.py:109} INFO - [2022-01-19 18:21:59,802] {dag.py:2935} INFO - Setting next_dagrun for example_task_group to 2022-01-18T18:21:59.802290+00:00
[2022-01-19 18:21:59,818] {processor.py:171} INFO - Processing /home/airflow/.local/lib/python3.6/site-packages/airflow/example_dags/example_task_group.py took 0.080 seconds
[2022-01-19 18:22:30,885] {processor.py:163} INFO - Started process (PID=1720) to work on /home/airflow/.local/lib/python3.6/site-packages/airflow/example_dags/example_task_group.py
[2022-01-19 18:22:30,886] {processor.py:642} INFO - Processing file /home/airflow/.local/lib/python3.6/site-packages/airflow/example_dags/example_task_group.py for tasks to queue
[2022-01-19 18:22:30,887] {logging_mixin.py:109} INFO - [2022-01-19 18:22:30,887] {dagbag.py:500} INFO - Filling up the DagBag from /home/airflow/.local/lib/python3.6/site-packages/airflow/example_dags/example_task_group.py
[2022-01-19 18:22:30,914] {processor.py:654} INFO - DAG(s) dict_keys(['example_task_group']) retrieved from /home/airflow/.local/lib/python3.6/site-packages/airflow/example_dags/example_task_group.py
[2022-01-19 18:22:30,925] {logging_mixin.py:109} INFO - [2022-01-19 18:22:30,925] {dag.py:2396} INFO - Sync 1 DAGs
[2022-01-19 18:22:30,943] {logging_mixin.py:109} INFO - [2022-01-19 18:22:30,943] {dag.py:2935} INFO - Setting next_dagrun for example_task_group to 2022-01-18T18:22:30.942858+00:00
[2022-01-19 18:22:30,951] {processor.py:171} INFO - Processing /home/airflow/.local/lib/python3.6/site-packages/airflow/example_dags/example_task_group.py took 0.068 seconds
[2022-01-19 18:23:01,708] {processor.py:163} INFO - Started process (PID=1773) to work on /home/airflow/.local/lib/python3.6/site-packages/airflow/example_dags/example_task_group.py
[2022-01-19 18:23:01,709] {processor.py:642} INFO - Processing file /home/airflow/.local/lib/python3.6/site-packages/airflow/example_dags/example_task_group.py for tasks to queue
[2022-01-19 18:23:01,709] {logging_mixin.py:109} INFO - [2022-01-19 18:23:01,709] {dagbag.py:500} INFO - Filling up the DagBag from /home/airflow/.local/lib/python3.6/site-packages/airflow/example_dags/example_task_group.py
[2022-01-19 18:23:01,734] {processor.py:654} INFO - DAG(s) dict_keys(['example_task_group']) retrieved from /home/airflow/.local/lib/python3.6/site-packages/airflow/example_dags/example_task_group.py
[2022-01-19 18:23:01,745] {logging_mixin.py:109} INFO - [2022-01-19 18:23:01,744] {dag.py:2396} INFO - Sync 1 DAGs
[2022-01-19 18:23:01,760] {logging_mixin.py:109} INFO - [2022-01-19 18:23:01,760] {dag.py:2935} INFO - Setting next_dagrun for example_task_group to 2022-01-18T18:23:01.760620+00:00
[2022-01-19 18:23:01,768] {processor.py:171} INFO - Processing /home/airflow/.local/lib/python3.6/site-packages/airflow/example_dags/example_task_group.py took 0.062 seconds
[2022-01-19 18:23:32,845] {processor.py:163} INFO - Started process (PID=1836) to work on /home/airflow/.local/lib/python3.6/site-packages/airflow/example_dags/example_task_group.py
[2022-01-19 18:23:32,846] {processor.py:642} INFO - Processing file /home/airflow/.local/lib/python3.6/site-packages/airflow/example_dags/example_task_group.py for tasks to queue
[2022-01-19 18:23:32,846] {logging_mixin.py:109} INFO - [2022-01-19 18:23:32,846] {dagbag.py:500} INFO - Filling up the DagBag from /home/airflow/.local/lib/python3.6/site-packages/airflow/example_dags/example_task_group.py
[2022-01-19 18:23:32,873] {processor.py:654} INFO - DAG(s) dict_keys(['example_task_group']) retrieved from /home/airflow/.local/lib/python3.6/site-packages/airflow/example_dags/example_task_group.py
[2022-01-19 18:23:32,885] {logging_mixin.py:109} INFO - [2022-01-19 18:23:32,885] {dag.py:2396} INFO - Sync 1 DAGs
[2022-01-19 18:23:32,901] {logging_mixin.py:109} INFO - [2022-01-19 18:23:32,901] {dag.py:2935} INFO - Setting next_dagrun for example_task_group to 2022-01-18T18:23:32.901350+00:00
[2022-01-19 18:23:32,909] {processor.py:171} INFO - Processing /home/airflow/.local/lib/python3.6/site-packages/airflow/example_dags/example_task_group.py took 0.067 seconds
[2022-01-19 18:24:03,200] {processor.py:163} INFO - Started process (PID=1888) to work on /home/airflow/.local/lib/python3.6/site-packages/airflow/example_dags/example_task_group.py
[2022-01-19 18:24:03,202] {processor.py:642} INFO - Processing file /home/airflow/.local/lib/python3.6/site-packages/airflow/example_dags/example_task_group.py for tasks to queue
[2022-01-19 18:24:03,202] {logging_mixin.py:109} INFO - [2022-01-19 18:24:03,202] {dagbag.py:500} INFO - Filling up the DagBag from /home/airflow/.local/lib/python3.6/site-packages/airflow/example_dags/example_task_group.py
[2022-01-19 18:24:03,247] {processor.py:654} INFO - DAG(s) dict_keys(['example_task_group']) retrieved from /home/airflow/.local/lib/python3.6/site-packages/airflow/example_dags/example_task_group.py
[2022-01-19 18:24:03,266] {logging_mixin.py:109} INFO - [2022-01-19 18:24:03,266] {dag.py:2396} INFO - Sync 1 DAGs
[2022-01-19 18:24:03,294] {logging_mixin.py:109} INFO - [2022-01-19 18:24:03,294] {dag.py:2935} INFO - Setting next_dagrun for example_task_group to 2022-01-18T18:24:03.294179+00:00
[2022-01-19 18:24:03,307] {processor.py:171} INFO - Processing /home/airflow/.local/lib/python3.6/site-packages/airflow/example_dags/example_task_group.py took 0.111 seconds
[2022-01-19 18:24:34,467] {processor.py:163} INFO - Started process (PID=1951) to work on /home/airflow/.local/lib/python3.6/site-packages/airflow/example_dags/example_task_group.py
[2022-01-19 18:24:34,468] {processor.py:642} INFO - Processing file /home/airflow/.local/lib/python3.6/site-packages/airflow/example_dags/example_task_group.py for tasks to queue
[2022-01-19 18:24:34,469] {logging_mixin.py:109} INFO - [2022-01-19 18:24:34,469] {dagbag.py:500} INFO - Filling up the DagBag from /home/airflow/.local/lib/python3.6/site-packages/airflow/example_dags/example_task_group.py
[2022-01-19 18:24:34,504] {processor.py:654} INFO - DAG(s) dict_keys(['example_task_group']) retrieved from /home/airflow/.local/lib/python3.6/site-packages/airflow/example_dags/example_task_group.py
[2022-01-19 18:24:34,522] {logging_mixin.py:109} INFO - [2022-01-19 18:24:34,522] {dag.py:2396} INFO - Sync 1 DAGs
[2022-01-19 18:24:34,545] {logging_mixin.py:109} INFO - [2022-01-19 18:24:34,545] {dag.py:2935} INFO - Setting next_dagrun for example_task_group to 2022-01-18T18:24:34.544955+00:00
[2022-01-19 18:24:34,568] {processor.py:171} INFO - Processing /home/airflow/.local/lib/python3.6/site-packages/airflow/example_dags/example_task_group.py took 0.104 seconds
[2022-01-19 18:25:04,741] {processor.py:163} INFO - Started process (PID=2004) to work on /home/airflow/.local/lib/python3.6/site-packages/airflow/example_dags/example_task_group.py
[2022-01-19 18:25:04,742] {processor.py:642} INFO - Processing file /home/airflow/.local/lib/python3.6/site-packages/airflow/example_dags/example_task_group.py for tasks to queue
[2022-01-19 18:25:04,742] {logging_mixin.py:109} INFO - [2022-01-19 18:25:04,742] {dagbag.py:500} INFO - Filling up the DagBag from /home/airflow/.local/lib/python3.6/site-packages/airflow/example_dags/example_task_group.py
[2022-01-19 18:25:04,767] {processor.py:654} INFO - DAG(s) dict_keys(['example_task_group']) retrieved from /home/airflow/.local/lib/python3.6/site-packages/airflow/example_dags/example_task_group.py
[2022-01-19 18:25:04,777] {logging_mixin.py:109} INFO - [2022-01-19 18:25:04,777] {dag.py:2396} INFO - Sync 1 DAGs
[2022-01-19 18:25:04,795] {logging_mixin.py:109} INFO - [2022-01-19 18:25:04,794] {dag.py:2935} INFO - Setting next_dagrun for example_task_group to 2022-01-18T18:25:04.794732+00:00
[2022-01-19 18:25:04,803] {processor.py:171} INFO - Processing /home/airflow/.local/lib/python3.6/site-packages/airflow/example_dags/example_task_group.py took 0.065 seconds
[2022-01-19 18:25:35,468] {processor.py:163} INFO - Started process (PID=2057) to work on /home/airflow/.local/lib/python3.6/site-packages/airflow/example_dags/example_task_group.py
[2022-01-19 18:25:35,469] {processor.py:642} INFO - Processing file /home/airflow/.local/lib/python3.6/site-packages/airflow/example_dags/example_task_group.py for tasks to queue
[2022-01-19 18:25:35,470] {logging_mixin.py:109} INFO - [2022-01-19 18:25:35,469] {dagbag.py:500} INFO - Filling up the DagBag from /home/airflow/.local/lib/python3.6/site-packages/airflow/example_dags/example_task_group.py
[2022-01-19 18:25:35,498] {processor.py:654} INFO - DAG(s) dict_keys(['example_task_group']) retrieved from /home/airflow/.local/lib/python3.6/site-packages/airflow/example_dags/example_task_group.py
[2022-01-19 18:25:35,512] {logging_mixin.py:109} INFO - [2022-01-19 18:25:35,512] {dag.py:2396} INFO - Sync 1 DAGs
[2022-01-19 18:25:35,533] {logging_mixin.py:109} INFO - [2022-01-19 18:25:35,533] {dag.py:2935} INFO - Setting next_dagrun for example_task_group to 2022-01-18T18:25:35.532813+00:00
[2022-01-19 18:25:35,541] {processor.py:171} INFO - Processing /home/airflow/.local/lib/python3.6/site-packages/airflow/example_dags/example_task_group.py took 0.076 seconds
[2022-01-19 18:26:06,127] {processor.py:163} INFO - Started process (PID=2121) to work on /home/airflow/.local/lib/python3.6/site-packages/airflow/example_dags/example_task_group.py
[2022-01-19 18:26:06,128] {processor.py:642} INFO - Processing file /home/airflow/.local/lib/python3.6/site-packages/airflow/example_dags/example_task_group.py for tasks to queue
[2022-01-19 18:26:06,129] {logging_mixin.py:109} INFO - [2022-01-19 18:26:06,129] {dagbag.py:500} INFO - Filling up the DagBag from /home/airflow/.local/lib/python3.6/site-packages/airflow/example_dags/example_task_group.py
[2022-01-19 18:26:06,155] {processor.py:654} INFO - DAG(s) dict_keys(['example_task_group']) retrieved from /home/airflow/.local/lib/python3.6/site-packages/airflow/example_dags/example_task_group.py
[2022-01-19 18:26:06,166] {logging_mixin.py:109} INFO - [2022-01-19 18:26:06,166] {dag.py:2396} INFO - Sync 1 DAGs
[2022-01-19 18:26:06,183] {logging_mixin.py:109} INFO - [2022-01-19 18:26:06,183] {dag.py:2935} INFO - Setting next_dagrun for example_task_group to 2022-01-18T18:26:06.182883+00:00
[2022-01-19 18:26:06,191] {processor.py:171} INFO - Processing /home/airflow/.local/lib/python3.6/site-packages/airflow/example_dags/example_task_group.py took 0.066 seconds
[2022-01-19 18:26:36,727] {processor.py:163} INFO - Started process (PID=2173) to work on /home/airflow/.local/lib/python3.6/site-packages/airflow/example_dags/example_task_group.py
[2022-01-19 18:26:36,729] {processor.py:642} INFO - Processing file /home/airflow/.local/lib/python3.6/site-packages/airflow/example_dags/example_task_group.py for tasks to queue
[2022-01-19 18:26:36,730] {logging_mixin.py:109} INFO - [2022-01-19 18:26:36,730] {dagbag.py:500} INFO - Filling up the DagBag from /home/airflow/.local/lib/python3.6/site-packages/airflow/example_dags/example_task_group.py
[2022-01-19 18:26:36,757] {processor.py:654} INFO - DAG(s) dict_keys(['example_task_group']) retrieved from /home/airflow/.local/lib/python3.6/site-packages/airflow/example_dags/example_task_group.py
[2022-01-19 18:26:36,771] {logging_mixin.py:109} INFO - [2022-01-19 18:26:36,771] {dag.py:2396} INFO - Sync 1 DAGs
[2022-01-19 18:26:36,790] {logging_mixin.py:109} INFO - [2022-01-19 18:26:36,790] {dag.py:2935} INFO - Setting next_dagrun for example_task_group to 2022-01-18T18:26:36.790298+00:00
[2022-01-19 18:26:36,800] {processor.py:171} INFO - Processing /home/airflow/.local/lib/python3.6/site-packages/airflow/example_dags/example_task_group.py took 0.075 seconds
[2022-01-19 18:27:07,446] {processor.py:163} INFO - Started process (PID=2236) to work on /home/airflow/.local/lib/python3.6/site-packages/airflow/example_dags/example_task_group.py
[2022-01-19 18:27:07,448] {processor.py:642} INFO - Processing file /home/airflow/.local/lib/python3.6/site-packages/airflow/example_dags/example_task_group.py for tasks to queue
[2022-01-19 18:27:07,448] {logging_mixin.py:109} INFO - [2022-01-19 18:27:07,448] {dagbag.py:500} INFO - Filling up the DagBag from /home/airflow/.local/lib/python3.6/site-packages/airflow/example_dags/example_task_group.py
[2022-01-19 18:27:07,491] {processor.py:654} INFO - DAG(s) dict_keys(['example_task_group']) retrieved from /home/airflow/.local/lib/python3.6/site-packages/airflow/example_dags/example_task_group.py
[2022-01-19 18:27:07,506] {logging_mixin.py:109} INFO - [2022-01-19 18:27:07,506] {dag.py:2396} INFO - Sync 1 DAGs
[2022-01-19 18:27:07,531] {logging_mixin.py:109} INFO - [2022-01-19 18:27:07,530] {dag.py:2935} INFO - Setting next_dagrun for example_task_group to 2022-01-18T18:27:07.530473+00:00
[2022-01-19 18:27:07,543] {processor.py:171} INFO - Processing /home/airflow/.local/lib/python3.6/site-packages/airflow/example_dags/example_task_group.py took 0.102 seconds
[2022-01-19 18:27:37,787] {processor.py:163} INFO - Started process (PID=2289) to work on /home/airflow/.local/lib/python3.6/site-packages/airflow/example_dags/example_task_group.py
[2022-01-19 18:27:37,789] {processor.py:642} INFO - Processing file /home/airflow/.local/lib/python3.6/site-packages/airflow/example_dags/example_task_group.py for tasks to queue
[2022-01-19 18:27:37,789] {logging_mixin.py:109} INFO - [2022-01-19 18:27:37,789] {dagbag.py:500} INFO - Filling up the DagBag from /home/airflow/.local/lib/python3.6/site-packages/airflow/example_dags/example_task_group.py
[2022-01-19 18:27:37,826] {processor.py:654} INFO - DAG(s) dict_keys(['example_task_group']) retrieved from /home/airflow/.local/lib/python3.6/site-packages/airflow/example_dags/example_task_group.py
[2022-01-19 18:27:37,844] {logging_mixin.py:109} INFO - [2022-01-19 18:27:37,843] {dag.py:2396} INFO - Sync 1 DAGs
[2022-01-19 18:27:37,867] {logging_mixin.py:109} INFO - [2022-01-19 18:27:37,867] {dag.py:2935} INFO - Setting next_dagrun for example_task_group to 2022-01-18T18:27:37.867208+00:00
[2022-01-19 18:27:37,879] {processor.py:171} INFO - Processing /home/airflow/.local/lib/python3.6/site-packages/airflow/example_dags/example_task_group.py took 0.096 seconds
[2022-01-19 18:28:08,456] {processor.py:163} INFO - Started process (PID=2343) to work on /home/airflow/.local/lib/python3.6/site-packages/airflow/example_dags/example_task_group.py
[2022-01-19 18:28:08,457] {processor.py:642} INFO - Processing file /home/airflow/.local/lib/python3.6/site-packages/airflow/example_dags/example_task_group.py for tasks to queue
[2022-01-19 18:28:08,458] {logging_mixin.py:109} INFO - [2022-01-19 18:28:08,458] {dagbag.py:500} INFO - Filling up the DagBag from /home/airflow/.local/lib/python3.6/site-packages/airflow/example_dags/example_task_group.py
[2022-01-19 18:28:08,494] {processor.py:654} INFO - DAG(s) dict_keys(['example_task_group']) retrieved from /home/airflow/.local/lib/python3.6/site-packages/airflow/example_dags/example_task_group.py
[2022-01-19 18:28:08,511] {logging_mixin.py:109} INFO - [2022-01-19 18:28:08,511] {dag.py:2396} INFO - Sync 1 DAGs
[2022-01-19 18:28:08,532] {logging_mixin.py:109} INFO - [2022-01-19 18:28:08,532] {dag.py:2935} INFO - Setting next_dagrun for example_task_group to 2022-01-18T18:28:08.532543+00:00
[2022-01-19 18:28:08,541] {processor.py:171} INFO - Processing /home/airflow/.local/lib/python3.6/site-packages/airflow/example_dags/example_task_group.py took 0.089 seconds
[2022-01-19 18:28:39,176] {processor.py:163} INFO - Started process (PID=2406) to work on /home/airflow/.local/lib/python3.6/site-packages/airflow/example_dags/example_task_group.py
[2022-01-19 18:28:39,177] {processor.py:642} INFO - Processing file /home/airflow/.local/lib/python3.6/site-packages/airflow/example_dags/example_task_group.py for tasks to queue
[2022-01-19 18:28:39,177] {logging_mixin.py:109} INFO - [2022-01-19 18:28:39,177] {dagbag.py:500} INFO - Filling up the DagBag from /home/airflow/.local/lib/python3.6/site-packages/airflow/example_dags/example_task_group.py
[2022-01-19 18:28:39,204] {processor.py:654} INFO - DAG(s) dict_keys(['example_task_group']) retrieved from /home/airflow/.local/lib/python3.6/site-packages/airflow/example_dags/example_task_group.py
[2022-01-19 18:28:39,214] {logging_mixin.py:109} INFO - [2022-01-19 18:28:39,214] {dag.py:2396} INFO - Sync 1 DAGs
[2022-01-19 18:28:39,230] {logging_mixin.py:109} INFO - [2022-01-19 18:28:39,230] {dag.py:2935} INFO - Setting next_dagrun for example_task_group to 2022-01-18T18:28:39.230559+00:00
[2022-01-19 18:28:39,243] {processor.py:171} INFO - Processing /home/airflow/.local/lib/python3.6/site-packages/airflow/example_dags/example_task_group.py took 0.070 seconds
[2022-01-19 18:29:10,300] {processor.py:163} INFO - Started process (PID=2459) to work on /home/airflow/.local/lib/python3.6/site-packages/airflow/example_dags/example_task_group.py
[2022-01-19 18:29:10,301] {processor.py:642} INFO - Processing file /home/airflow/.local/lib/python3.6/site-packages/airflow/example_dags/example_task_group.py for tasks to queue
[2022-01-19 18:29:10,302] {logging_mixin.py:109} INFO - [2022-01-19 18:29:10,302] {dagbag.py:500} INFO - Filling up the DagBag from /home/airflow/.local/lib/python3.6/site-packages/airflow/example_dags/example_task_group.py
[2022-01-19 18:29:10,333] {processor.py:654} INFO - DAG(s) dict_keys(['example_task_group']) retrieved from /home/airflow/.local/lib/python3.6/site-packages/airflow/example_dags/example_task_group.py
[2022-01-19 18:29:10,344] {logging_mixin.py:109} INFO - [2022-01-19 18:29:10,344] {dag.py:2396} INFO - Sync 1 DAGs
[2022-01-19 18:29:10,361] {logging_mixin.py:109} INFO - [2022-01-19 18:29:10,361] {dag.py:2935} INFO - Setting next_dagrun for example_task_group to 2022-01-18T18:29:10.360879+00:00
[2022-01-19 18:29:10,370] {processor.py:171} INFO - Processing /home/airflow/.local/lib/python3.6/site-packages/airflow/example_dags/example_task_group.py took 0.072 seconds
[2022-01-19 18:29:41,114] {processor.py:163} INFO - Started process (PID=2523) to work on /home/airflow/.local/lib/python3.6/site-packages/airflow/example_dags/example_task_group.py
[2022-01-19 18:29:41,115] {processor.py:642} INFO - Processing file /home/airflow/.local/lib/python3.6/site-packages/airflow/example_dags/example_task_group.py for tasks to queue
[2022-01-19 18:29:41,115] {logging_mixin.py:109} INFO - [2022-01-19 18:29:41,115] {dagbag.py:500} INFO - Filling up the DagBag from /home/airflow/.local/lib/python3.6/site-packages/airflow/example_dags/example_task_group.py
[2022-01-19 18:29:41,142] {processor.py:654} INFO - DAG(s) dict_keys(['example_task_group']) retrieved from /home/airflow/.local/lib/python3.6/site-packages/airflow/example_dags/example_task_group.py
[2022-01-19 18:29:41,155] {logging_mixin.py:109} INFO - [2022-01-19 18:29:41,155] {dag.py:2396} INFO - Sync 1 DAGs
[2022-01-19 18:29:41,173] {logging_mixin.py:109} INFO - [2022-01-19 18:29:41,173] {dag.py:2935} INFO - Setting next_dagrun for example_task_group to 2022-01-18T18:29:41.173069+00:00
[2022-01-19 18:29:41,181] {processor.py:171} INFO - Processing /home/airflow/.local/lib/python3.6/site-packages/airflow/example_dags/example_task_group.py took 0.070 seconds
[2022-01-19 18:30:11,903] {processor.py:163} INFO - Started process (PID=2576) to work on /home/airflow/.local/lib/python3.6/site-packages/airflow/example_dags/example_task_group.py
[2022-01-19 18:30:11,904] {processor.py:642} INFO - Processing file /home/airflow/.local/lib/python3.6/site-packages/airflow/example_dags/example_task_group.py for tasks to queue
[2022-01-19 18:30:11,905] {logging_mixin.py:109} INFO - [2022-01-19 18:30:11,905] {dagbag.py:500} INFO - Filling up the DagBag from /home/airflow/.local/lib/python3.6/site-packages/airflow/example_dags/example_task_group.py
[2022-01-19 18:30:11,933] {processor.py:654} INFO - DAG(s) dict_keys(['example_task_group']) retrieved from /home/airflow/.local/lib/python3.6/site-packages/airflow/example_dags/example_task_group.py
[2022-01-19 18:30:11,945] {logging_mixin.py:109} INFO - [2022-01-19 18:30:11,945] {dag.py:2396} INFO - Sync 1 DAGs
[2022-01-19 18:30:11,962] {logging_mixin.py:109} INFO - [2022-01-19 18:30:11,962] {dag.py:2935} INFO - Setting next_dagrun for example_task_group to 2022-01-18T18:30:11.962562+00:00
[2022-01-19 18:30:11,971] {processor.py:171} INFO - Processing /home/airflow/.local/lib/python3.6/site-packages/airflow/example_dags/example_task_group.py took 0.070 seconds
[2022-01-19 18:30:42,577] {processor.py:163} INFO - Started process (PID=2637) to work on /home/airflow/.local/lib/python3.6/site-packages/airflow/example_dags/example_task_group.py
[2022-01-19 18:30:42,578] {processor.py:642} INFO - Processing file /home/airflow/.local/lib/python3.6/site-packages/airflow/example_dags/example_task_group.py for tasks to queue
[2022-01-19 18:30:42,579] {logging_mixin.py:109} INFO - [2022-01-19 18:30:42,579] {dagbag.py:500} INFO - Filling up the DagBag from /home/airflow/.local/lib/python3.6/site-packages/airflow/example_dags/example_task_group.py
[2022-01-19 18:30:42,609] {processor.py:654} INFO - DAG(s) dict_keys(['example_task_group']) retrieved from /home/airflow/.local/lib/python3.6/site-packages/airflow/example_dags/example_task_group.py
[2022-01-19 18:30:42,624] {logging_mixin.py:109} INFO - [2022-01-19 18:30:42,624] {dag.py:2396} INFO - Sync 1 DAGs
[2022-01-19 18:30:42,642] {logging_mixin.py:109} INFO - [2022-01-19 18:30:42,641] {dag.py:2935} INFO - Setting next_dagrun for example_task_group to 2022-01-18T18:30:42.641642+00:00
[2022-01-19 18:30:42,652] {processor.py:171} INFO - Processing /home/airflow/.local/lib/python3.6/site-packages/airflow/example_dags/example_task_group.py took 0.077 seconds
