[2022-01-19 18:09:51,300] {processor.py:163} INFO - Started process (PID=155) to work on /home/airflow/.local/lib/python3.6/site-packages/airflow/example_dags/example_trigger_target_dag.py
[2022-01-19 18:09:51,301] {processor.py:642} INFO - Processing file /home/airflow/.local/lib/python3.6/site-packages/airflow/example_dags/example_trigger_target_dag.py for tasks to queue
[2022-01-19 18:09:51,301] {logging_mixin.py:109} INFO - [2022-01-19 18:09:51,301] {dagbag.py:500} INFO - Filling up the DagBag from /home/airflow/.local/lib/python3.6/site-packages/airflow/example_dags/example_trigger_target_dag.py
[2022-01-19 18:09:51,343] {processor.py:654} INFO - DAG(s) dict_keys(['example_trigger_target_dag']) retrieved from /home/airflow/.local/lib/python3.6/site-packages/airflow/example_dags/example_trigger_target_dag.py
[2022-01-19 18:09:54,089] {logging_mixin.py:109} INFO - [2022-01-19 18:09:54,089] {manager.py:496} INFO - Created Permission View: can read on DAG:example_trigger_target_dag
[2022-01-19 18:09:54,099] {logging_mixin.py:109} INFO - [2022-01-19 18:09:54,099] {manager.py:496} INFO - Created Permission View: can edit on DAG:example_trigger_target_dag
[2022-01-19 18:09:54,101] {logging_mixin.py:109} INFO - [2022-01-19 18:09:54,099] {dag.py:2396} INFO - Sync 1 DAGs
[2022-01-19 18:09:54,114] {logging_mixin.py:109} INFO - [2022-01-19 18:09:54,112] {dag.py:2415} INFO - Creating ORM DAG for example_trigger_target_dag
[2022-01-19 18:09:54,123] {logging_mixin.py:109} INFO - [2022-01-19 18:09:54,123] {dag.py:2935} INFO - Setting next_dagrun for example_trigger_target_dag to None
[2022-01-19 18:09:54,137] {processor.py:171} INFO - Processing /home/airflow/.local/lib/python3.6/site-packages/airflow/example_dags/example_trigger_target_dag.py took 2.840 seconds
[2022-01-19 18:10:24,928] {processor.py:163} INFO - Started process (PID=367) to work on /home/airflow/.local/lib/python3.6/site-packages/airflow/example_dags/example_trigger_target_dag.py
[2022-01-19 18:10:24,930] {processor.py:642} INFO - Processing file /home/airflow/.local/lib/python3.6/site-packages/airflow/example_dags/example_trigger_target_dag.py for tasks to queue
[2022-01-19 18:10:24,930] {logging_mixin.py:109} INFO - [2022-01-19 18:10:24,930] {dagbag.py:500} INFO - Filling up the DagBag from /home/airflow/.local/lib/python3.6/site-packages/airflow/example_dags/example_trigger_target_dag.py
[2022-01-19 18:10:24,960] {processor.py:654} INFO - DAG(s) dict_keys(['example_trigger_target_dag']) retrieved from /home/airflow/.local/lib/python3.6/site-packages/airflow/example_dags/example_trigger_target_dag.py
[2022-01-19 18:10:24,974] {logging_mixin.py:109} INFO - [2022-01-19 18:10:24,974] {dag.py:2396} INFO - Sync 1 DAGs
[2022-01-19 18:10:24,998] {logging_mixin.py:109} INFO - [2022-01-19 18:10:24,998] {dag.py:2935} INFO - Setting next_dagrun for example_trigger_target_dag to None
[2022-01-19 18:10:25,009] {processor.py:171} INFO - Processing /home/airflow/.local/lib/python3.6/site-packages/airflow/example_dags/example_trigger_target_dag.py took 0.083 seconds
[2022-01-19 18:10:55,082] {processor.py:163} INFO - Started process (PID=420) to work on /home/airflow/.local/lib/python3.6/site-packages/airflow/example_dags/example_trigger_target_dag.py
[2022-01-19 18:10:55,083] {processor.py:642} INFO - Processing file /home/airflow/.local/lib/python3.6/site-packages/airflow/example_dags/example_trigger_target_dag.py for tasks to queue
[2022-01-19 18:10:55,084] {logging_mixin.py:109} INFO - [2022-01-19 18:10:55,084] {dagbag.py:500} INFO - Filling up the DagBag from /home/airflow/.local/lib/python3.6/site-packages/airflow/example_dags/example_trigger_target_dag.py
[2022-01-19 18:10:55,113] {processor.py:654} INFO - DAG(s) dict_keys(['example_trigger_target_dag']) retrieved from /home/airflow/.local/lib/python3.6/site-packages/airflow/example_dags/example_trigger_target_dag.py
[2022-01-19 18:10:55,124] {logging_mixin.py:109} INFO - [2022-01-19 18:10:55,124] {dag.py:2396} INFO - Sync 1 DAGs
[2022-01-19 18:10:55,144] {logging_mixin.py:109} INFO - [2022-01-19 18:10:55,144] {dag.py:2935} INFO - Setting next_dagrun for example_trigger_target_dag to None
[2022-01-19 18:10:55,152] {processor.py:171} INFO - Processing /home/airflow/.local/lib/python3.6/site-packages/airflow/example_dags/example_trigger_target_dag.py took 0.073 seconds
[2022-01-19 18:11:25,264] {processor.py:163} INFO - Started process (PID=482) to work on /home/airflow/.local/lib/python3.6/site-packages/airflow/example_dags/example_trigger_target_dag.py
[2022-01-19 18:11:25,266] {processor.py:642} INFO - Processing file /home/airflow/.local/lib/python3.6/site-packages/airflow/example_dags/example_trigger_target_dag.py for tasks to queue
[2022-01-19 18:11:25,266] {logging_mixin.py:109} INFO - [2022-01-19 18:11:25,266] {dagbag.py:500} INFO - Filling up the DagBag from /home/airflow/.local/lib/python3.6/site-packages/airflow/example_dags/example_trigger_target_dag.py
[2022-01-19 18:11:25,290] {processor.py:654} INFO - DAG(s) dict_keys(['example_trigger_target_dag']) retrieved from /home/airflow/.local/lib/python3.6/site-packages/airflow/example_dags/example_trigger_target_dag.py
[2022-01-19 18:11:25,298] {logging_mixin.py:109} INFO - [2022-01-19 18:11:25,298] {dag.py:2396} INFO - Sync 1 DAGs
[2022-01-19 18:11:25,311] {logging_mixin.py:109} INFO - [2022-01-19 18:11:25,311] {dag.py:2935} INFO - Setting next_dagrun for example_trigger_target_dag to None
[2022-01-19 18:11:25,319] {processor.py:171} INFO - Processing /home/airflow/.local/lib/python3.6/site-packages/airflow/example_dags/example_trigger_target_dag.py took 0.057 seconds
[2022-01-19 18:11:55,359] {processor.py:163} INFO - Started process (PID=534) to work on /home/airflow/.local/lib/python3.6/site-packages/airflow/example_dags/example_trigger_target_dag.py
[2022-01-19 18:11:55,360] {processor.py:642} INFO - Processing file /home/airflow/.local/lib/python3.6/site-packages/airflow/example_dags/example_trigger_target_dag.py for tasks to queue
[2022-01-19 18:11:55,360] {logging_mixin.py:109} INFO - [2022-01-19 18:11:55,360] {dagbag.py:500} INFO - Filling up the DagBag from /home/airflow/.local/lib/python3.6/site-packages/airflow/example_dags/example_trigger_target_dag.py
[2022-01-19 18:11:55,383] {processor.py:654} INFO - DAG(s) dict_keys(['example_trigger_target_dag']) retrieved from /home/airflow/.local/lib/python3.6/site-packages/airflow/example_dags/example_trigger_target_dag.py
[2022-01-19 18:11:55,396] {logging_mixin.py:109} INFO - [2022-01-19 18:11:55,396] {dag.py:2396} INFO - Sync 1 DAGs
[2022-01-19 18:11:55,412] {logging_mixin.py:109} INFO - [2022-01-19 18:11:55,412] {dag.py:2935} INFO - Setting next_dagrun for example_trigger_target_dag to None
[2022-01-19 18:11:55,420] {processor.py:171} INFO - Processing /home/airflow/.local/lib/python3.6/site-packages/airflow/example_dags/example_trigger_target_dag.py took 0.063 seconds
[2022-01-19 18:12:25,505] {processor.py:163} INFO - Started process (PID=588) to work on /home/airflow/.local/lib/python3.6/site-packages/airflow/example_dags/example_trigger_target_dag.py
[2022-01-19 18:12:25,506] {processor.py:642} INFO - Processing file /home/airflow/.local/lib/python3.6/site-packages/airflow/example_dags/example_trigger_target_dag.py for tasks to queue
[2022-01-19 18:12:25,506] {logging_mixin.py:109} INFO - [2022-01-19 18:12:25,506] {dagbag.py:500} INFO - Filling up the DagBag from /home/airflow/.local/lib/python3.6/site-packages/airflow/example_dags/example_trigger_target_dag.py
[2022-01-19 18:12:25,531] {processor.py:654} INFO - DAG(s) dict_keys(['example_trigger_target_dag']) retrieved from /home/airflow/.local/lib/python3.6/site-packages/airflow/example_dags/example_trigger_target_dag.py
[2022-01-19 18:12:25,540] {logging_mixin.py:109} INFO - [2022-01-19 18:12:25,540] {dag.py:2396} INFO - Sync 1 DAGs
[2022-01-19 18:12:25,556] {logging_mixin.py:109} INFO - [2022-01-19 18:12:25,556] {dag.py:2935} INFO - Setting next_dagrun for example_trigger_target_dag to None
[2022-01-19 18:12:25,564] {processor.py:171} INFO - Processing /home/airflow/.local/lib/python3.6/site-packages/airflow/example_dags/example_trigger_target_dag.py took 0.061 seconds
[2022-01-19 18:12:56,076] {processor.py:163} INFO - Started process (PID=650) to work on /home/airflow/.local/lib/python3.6/site-packages/airflow/example_dags/example_trigger_target_dag.py
[2022-01-19 18:12:56,078] {processor.py:642} INFO - Processing file /home/airflow/.local/lib/python3.6/site-packages/airflow/example_dags/example_trigger_target_dag.py for tasks to queue
[2022-01-19 18:12:56,079] {logging_mixin.py:109} INFO - [2022-01-19 18:12:56,078] {dagbag.py:500} INFO - Filling up the DagBag from /home/airflow/.local/lib/python3.6/site-packages/airflow/example_dags/example_trigger_target_dag.py
[2022-01-19 18:12:56,112] {processor.py:654} INFO - DAG(s) dict_keys(['example_trigger_target_dag']) retrieved from /home/airflow/.local/lib/python3.6/site-packages/airflow/example_dags/example_trigger_target_dag.py
[2022-01-19 18:12:56,122] {logging_mixin.py:109} INFO - [2022-01-19 18:12:56,122] {dag.py:2396} INFO - Sync 1 DAGs
[2022-01-19 18:12:56,139] {logging_mixin.py:109} INFO - [2022-01-19 18:12:56,139] {dag.py:2935} INFO - Setting next_dagrun for example_trigger_target_dag to None
[2022-01-19 18:12:56,147] {processor.py:171} INFO - Processing /home/airflow/.local/lib/python3.6/site-packages/airflow/example_dags/example_trigger_target_dag.py took 0.074 seconds
[2022-01-19 18:13:26,532] {processor.py:163} INFO - Started process (PID=720) to work on /home/airflow/.local/lib/python3.6/site-packages/airflow/example_dags/example_trigger_target_dag.py
[2022-01-19 18:13:26,533] {processor.py:642} INFO - Processing file /home/airflow/.local/lib/python3.6/site-packages/airflow/example_dags/example_trigger_target_dag.py for tasks to queue
[2022-01-19 18:13:26,533] {logging_mixin.py:109} INFO - [2022-01-19 18:13:26,533] {dagbag.py:500} INFO - Filling up the DagBag from /home/airflow/.local/lib/python3.6/site-packages/airflow/example_dags/example_trigger_target_dag.py
[2022-01-19 18:13:26,559] {processor.py:654} INFO - DAG(s) dict_keys(['example_trigger_target_dag']) retrieved from /home/airflow/.local/lib/python3.6/site-packages/airflow/example_dags/example_trigger_target_dag.py
[2022-01-19 18:13:26,568] {logging_mixin.py:109} INFO - [2022-01-19 18:13:26,568] {dag.py:2396} INFO - Sync 1 DAGs
[2022-01-19 18:13:26,585] {logging_mixin.py:109} INFO - [2022-01-19 18:13:26,585] {dag.py:2935} INFO - Setting next_dagrun for example_trigger_target_dag to None
[2022-01-19 18:13:26,594] {processor.py:171} INFO - Processing /home/airflow/.local/lib/python3.6/site-packages/airflow/example_dags/example_trigger_target_dag.py took 0.064 seconds
[2022-01-19 18:13:57,222] {processor.py:163} INFO - Started process (PID=782) to work on /home/airflow/.local/lib/python3.6/site-packages/airflow/example_dags/example_trigger_target_dag.py
[2022-01-19 18:13:57,223] {processor.py:642} INFO - Processing file /home/airflow/.local/lib/python3.6/site-packages/airflow/example_dags/example_trigger_target_dag.py for tasks to queue
[2022-01-19 18:13:57,224] {logging_mixin.py:109} INFO - [2022-01-19 18:13:57,224] {dagbag.py:500} INFO - Filling up the DagBag from /home/airflow/.local/lib/python3.6/site-packages/airflow/example_dags/example_trigger_target_dag.py
[2022-01-19 18:13:57,262] {processor.py:654} INFO - DAG(s) dict_keys(['example_trigger_target_dag']) retrieved from /home/airflow/.local/lib/python3.6/site-packages/airflow/example_dags/example_trigger_target_dag.py
[2022-01-19 18:13:57,273] {logging_mixin.py:109} INFO - [2022-01-19 18:13:57,273] {dag.py:2396} INFO - Sync 1 DAGs
[2022-01-19 18:13:57,291] {logging_mixin.py:109} INFO - [2022-01-19 18:13:57,291] {dag.py:2935} INFO - Setting next_dagrun for example_trigger_target_dag to None
[2022-01-19 18:13:57,304] {processor.py:171} INFO - Processing /home/airflow/.local/lib/python3.6/site-packages/airflow/example_dags/example_trigger_target_dag.py took 0.085 seconds
[2022-01-19 18:14:27,845] {processor.py:163} INFO - Started process (PID=835) to work on /home/airflow/.local/lib/python3.6/site-packages/airflow/example_dags/example_trigger_target_dag.py
[2022-01-19 18:14:27,846] {processor.py:642} INFO - Processing file /home/airflow/.local/lib/python3.6/site-packages/airflow/example_dags/example_trigger_target_dag.py for tasks to queue
[2022-01-19 18:14:27,847] {logging_mixin.py:109} INFO - [2022-01-19 18:14:27,847] {dagbag.py:500} INFO - Filling up the DagBag from /home/airflow/.local/lib/python3.6/site-packages/airflow/example_dags/example_trigger_target_dag.py
[2022-01-19 18:14:27,879] {processor.py:654} INFO - DAG(s) dict_keys(['example_trigger_target_dag']) retrieved from /home/airflow/.local/lib/python3.6/site-packages/airflow/example_dags/example_trigger_target_dag.py
[2022-01-19 18:14:27,889] {logging_mixin.py:109} INFO - [2022-01-19 18:14:27,889] {dag.py:2396} INFO - Sync 1 DAGs
[2022-01-19 18:14:27,906] {logging_mixin.py:109} INFO - [2022-01-19 18:14:27,906] {dag.py:2935} INFO - Setting next_dagrun for example_trigger_target_dag to None
[2022-01-19 18:14:27,914] {processor.py:171} INFO - Processing /home/airflow/.local/lib/python3.6/site-packages/airflow/example_dags/example_trigger_target_dag.py took 0.072 seconds
[2022-01-19 18:14:58,404] {processor.py:163} INFO - Started process (PID=887) to work on /home/airflow/.local/lib/python3.6/site-packages/airflow/example_dags/example_trigger_target_dag.py
[2022-01-19 18:14:58,405] {processor.py:642} INFO - Processing file /home/airflow/.local/lib/python3.6/site-packages/airflow/example_dags/example_trigger_target_dag.py for tasks to queue
[2022-01-19 18:14:58,405] {logging_mixin.py:109} INFO - [2022-01-19 18:14:58,405] {dagbag.py:500} INFO - Filling up the DagBag from /home/airflow/.local/lib/python3.6/site-packages/airflow/example_dags/example_trigger_target_dag.py
[2022-01-19 18:14:58,431] {processor.py:654} INFO - DAG(s) dict_keys(['example_trigger_target_dag']) retrieved from /home/airflow/.local/lib/python3.6/site-packages/airflow/example_dags/example_trigger_target_dag.py
[2022-01-19 18:14:58,441] {logging_mixin.py:109} INFO - [2022-01-19 18:14:58,441] {dag.py:2396} INFO - Sync 1 DAGs
[2022-01-19 18:14:58,459] {logging_mixin.py:109} INFO - [2022-01-19 18:14:58,459] {dag.py:2935} INFO - Setting next_dagrun for example_trigger_target_dag to None
[2022-01-19 18:14:58,468] {processor.py:171} INFO - Processing /home/airflow/.local/lib/python3.6/site-packages/airflow/example_dags/example_trigger_target_dag.py took 0.066 seconds
[2022-01-19 18:15:28,856] {processor.py:163} INFO - Started process (PID=949) to work on /home/airflow/.local/lib/python3.6/site-packages/airflow/example_dags/example_trigger_target_dag.py
[2022-01-19 18:15:28,859] {processor.py:642} INFO - Processing file /home/airflow/.local/lib/python3.6/site-packages/airflow/example_dags/example_trigger_target_dag.py for tasks to queue
[2022-01-19 18:15:28,860] {logging_mixin.py:109} INFO - [2022-01-19 18:15:28,860] {dagbag.py:500} INFO - Filling up the DagBag from /home/airflow/.local/lib/python3.6/site-packages/airflow/example_dags/example_trigger_target_dag.py
[2022-01-19 18:15:28,893] {processor.py:654} INFO - DAG(s) dict_keys(['example_trigger_target_dag']) retrieved from /home/airflow/.local/lib/python3.6/site-packages/airflow/example_dags/example_trigger_target_dag.py
[2022-01-19 18:15:28,904] {logging_mixin.py:109} INFO - [2022-01-19 18:15:28,904] {dag.py:2396} INFO - Sync 1 DAGs
[2022-01-19 18:15:28,920] {logging_mixin.py:109} INFO - [2022-01-19 18:15:28,920] {dag.py:2935} INFO - Setting next_dagrun for example_trigger_target_dag to None
[2022-01-19 18:15:28,928] {processor.py:171} INFO - Processing /home/airflow/.local/lib/python3.6/site-packages/airflow/example_dags/example_trigger_target_dag.py took 0.075 seconds
[2022-01-19 18:15:59,346] {processor.py:163} INFO - Started process (PID=1002) to work on /home/airflow/.local/lib/python3.6/site-packages/airflow/example_dags/example_trigger_target_dag.py
[2022-01-19 18:15:59,348] {processor.py:642} INFO - Processing file /home/airflow/.local/lib/python3.6/site-packages/airflow/example_dags/example_trigger_target_dag.py for tasks to queue
[2022-01-19 18:15:59,349] {logging_mixin.py:109} INFO - [2022-01-19 18:15:59,348] {dagbag.py:500} INFO - Filling up the DagBag from /home/airflow/.local/lib/python3.6/site-packages/airflow/example_dags/example_trigger_target_dag.py
[2022-01-19 18:15:59,391] {processor.py:654} INFO - DAG(s) dict_keys(['example_trigger_target_dag']) retrieved from /home/airflow/.local/lib/python3.6/site-packages/airflow/example_dags/example_trigger_target_dag.py
[2022-01-19 18:15:59,404] {logging_mixin.py:109} INFO - [2022-01-19 18:15:59,404] {dag.py:2396} INFO - Sync 1 DAGs
[2022-01-19 18:15:59,422] {logging_mixin.py:109} INFO - [2022-01-19 18:15:59,421] {dag.py:2935} INFO - Setting next_dagrun for example_trigger_target_dag to None
[2022-01-19 18:15:59,430] {processor.py:171} INFO - Processing /home/airflow/.local/lib/python3.6/site-packages/airflow/example_dags/example_trigger_target_dag.py took 0.087 seconds
[2022-01-19 18:16:29,830] {processor.py:163} INFO - Started process (PID=1064) to work on /home/airflow/.local/lib/python3.6/site-packages/airflow/example_dags/example_trigger_target_dag.py
[2022-01-19 18:16:29,831] {processor.py:642} INFO - Processing file /home/airflow/.local/lib/python3.6/site-packages/airflow/example_dags/example_trigger_target_dag.py for tasks to queue
[2022-01-19 18:16:29,832] {logging_mixin.py:109} INFO - [2022-01-19 18:16:29,832] {dagbag.py:500} INFO - Filling up the DagBag from /home/airflow/.local/lib/python3.6/site-packages/airflow/example_dags/example_trigger_target_dag.py
[2022-01-19 18:16:29,892] {processor.py:654} INFO - DAG(s) dict_keys(['example_trigger_target_dag']) retrieved from /home/airflow/.local/lib/python3.6/site-packages/airflow/example_dags/example_trigger_target_dag.py
[2022-01-19 18:16:29,914] {logging_mixin.py:109} INFO - [2022-01-19 18:16:29,914] {dag.py:2396} INFO - Sync 1 DAGs
[2022-01-19 18:16:29,949] {logging_mixin.py:109} INFO - [2022-01-19 18:16:29,949] {dag.py:2935} INFO - Setting next_dagrun for example_trigger_target_dag to None
[2022-01-19 18:16:29,969] {processor.py:171} INFO - Processing /home/airflow/.local/lib/python3.6/site-packages/airflow/example_dags/example_trigger_target_dag.py took 0.143 seconds
[2022-01-19 18:17:00,558] {processor.py:163} INFO - Started process (PID=1116) to work on /home/airflow/.local/lib/python3.6/site-packages/airflow/example_dags/example_trigger_target_dag.py
[2022-01-19 18:17:00,559] {processor.py:642} INFO - Processing file /home/airflow/.local/lib/python3.6/site-packages/airflow/example_dags/example_trigger_target_dag.py for tasks to queue
[2022-01-19 18:17:00,559] {logging_mixin.py:109} INFO - [2022-01-19 18:17:00,559] {dagbag.py:500} INFO - Filling up the DagBag from /home/airflow/.local/lib/python3.6/site-packages/airflow/example_dags/example_trigger_target_dag.py
[2022-01-19 18:17:00,584] {processor.py:654} INFO - DAG(s) dict_keys(['example_trigger_target_dag']) retrieved from /home/airflow/.local/lib/python3.6/site-packages/airflow/example_dags/example_trigger_target_dag.py
[2022-01-19 18:17:00,594] {logging_mixin.py:109} INFO - [2022-01-19 18:17:00,594] {dag.py:2396} INFO - Sync 1 DAGs
[2022-01-19 18:17:00,613] {logging_mixin.py:109} INFO - [2022-01-19 18:17:00,613] {dag.py:2935} INFO - Setting next_dagrun for example_trigger_target_dag to None
[2022-01-19 18:17:00,621] {processor.py:171} INFO - Processing /home/airflow/.local/lib/python3.6/site-packages/airflow/example_dags/example_trigger_target_dag.py took 0.065 seconds
[2022-01-19 18:17:30,792] {processor.py:163} INFO - Started process (PID=1178) to work on /home/airflow/.local/lib/python3.6/site-packages/airflow/example_dags/example_trigger_target_dag.py
[2022-01-19 18:17:30,793] {processor.py:642} INFO - Processing file /home/airflow/.local/lib/python3.6/site-packages/airflow/example_dags/example_trigger_target_dag.py for tasks to queue
[2022-01-19 18:17:30,794] {logging_mixin.py:109} INFO - [2022-01-19 18:17:30,794] {dagbag.py:500} INFO - Filling up the DagBag from /home/airflow/.local/lib/python3.6/site-packages/airflow/example_dags/example_trigger_target_dag.py
[2022-01-19 18:17:30,825] {processor.py:654} INFO - DAG(s) dict_keys(['example_trigger_target_dag']) retrieved from /home/airflow/.local/lib/python3.6/site-packages/airflow/example_dags/example_trigger_target_dag.py
[2022-01-19 18:17:30,837] {logging_mixin.py:109} INFO - [2022-01-19 18:17:30,836] {dag.py:2396} INFO - Sync 1 DAGs
[2022-01-19 18:17:30,861] {logging_mixin.py:109} INFO - [2022-01-19 18:17:30,861] {dag.py:2935} INFO - Setting next_dagrun for example_trigger_target_dag to None
[2022-01-19 18:17:30,872] {processor.py:171} INFO - Processing /home/airflow/.local/lib/python3.6/site-packages/airflow/example_dags/example_trigger_target_dag.py took 0.082 seconds
[2022-01-19 18:18:01,193] {processor.py:163} INFO - Started process (PID=1232) to work on /home/airflow/.local/lib/python3.6/site-packages/airflow/example_dags/example_trigger_target_dag.py
[2022-01-19 18:18:01,196] {processor.py:642} INFO - Processing file /home/airflow/.local/lib/python3.6/site-packages/airflow/example_dags/example_trigger_target_dag.py for tasks to queue
[2022-01-19 18:18:01,198] {logging_mixin.py:109} INFO - [2022-01-19 18:18:01,198] {dagbag.py:500} INFO - Filling up the DagBag from /home/airflow/.local/lib/python3.6/site-packages/airflow/example_dags/example_trigger_target_dag.py
[2022-01-19 18:18:01,242] {processor.py:654} INFO - DAG(s) dict_keys(['example_trigger_target_dag']) retrieved from /home/airflow/.local/lib/python3.6/site-packages/airflow/example_dags/example_trigger_target_dag.py
[2022-01-19 18:18:01,255] {logging_mixin.py:109} INFO - [2022-01-19 18:18:01,255] {dag.py:2396} INFO - Sync 1 DAGs
[2022-01-19 18:18:01,277] {logging_mixin.py:109} INFO - [2022-01-19 18:18:01,277] {dag.py:2935} INFO - Setting next_dagrun for example_trigger_target_dag to None
[2022-01-19 18:18:01,284] {processor.py:171} INFO - Processing /home/airflow/.local/lib/python3.6/site-packages/airflow/example_dags/example_trigger_target_dag.py took 0.099 seconds
[2022-01-19 18:18:31,880] {processor.py:163} INFO - Started process (PID=1284) to work on /home/airflow/.local/lib/python3.6/site-packages/airflow/example_dags/example_trigger_target_dag.py
[2022-01-19 18:18:31,881] {processor.py:642} INFO - Processing file /home/airflow/.local/lib/python3.6/site-packages/airflow/example_dags/example_trigger_target_dag.py for tasks to queue
[2022-01-19 18:18:31,882] {logging_mixin.py:109} INFO - [2022-01-19 18:18:31,882] {dagbag.py:500} INFO - Filling up the DagBag from /home/airflow/.local/lib/python3.6/site-packages/airflow/example_dags/example_trigger_target_dag.py
[2022-01-19 18:18:31,906] {processor.py:654} INFO - DAG(s) dict_keys(['example_trigger_target_dag']) retrieved from /home/airflow/.local/lib/python3.6/site-packages/airflow/example_dags/example_trigger_target_dag.py
[2022-01-19 18:18:31,914] {logging_mixin.py:109} INFO - [2022-01-19 18:18:31,914] {dag.py:2396} INFO - Sync 1 DAGs
[2022-01-19 18:18:31,929] {logging_mixin.py:109} INFO - [2022-01-19 18:18:31,929] {dag.py:2935} INFO - Setting next_dagrun for example_trigger_target_dag to None
[2022-01-19 18:18:31,937] {processor.py:171} INFO - Processing /home/airflow/.local/lib/python3.6/site-packages/airflow/example_dags/example_trigger_target_dag.py took 0.059 seconds
[2022-01-19 18:19:02,283] {processor.py:163} INFO - Started process (PID=1346) to work on /home/airflow/.local/lib/python3.6/site-packages/airflow/example_dags/example_trigger_target_dag.py
[2022-01-19 18:19:02,284] {processor.py:642} INFO - Processing file /home/airflow/.local/lib/python3.6/site-packages/airflow/example_dags/example_trigger_target_dag.py for tasks to queue
[2022-01-19 18:19:02,284] {logging_mixin.py:109} INFO - [2022-01-19 18:19:02,284] {dagbag.py:500} INFO - Filling up the DagBag from /home/airflow/.local/lib/python3.6/site-packages/airflow/example_dags/example_trigger_target_dag.py
[2022-01-19 18:19:02,323] {processor.py:654} INFO - DAG(s) dict_keys(['example_trigger_target_dag']) retrieved from /home/airflow/.local/lib/python3.6/site-packages/airflow/example_dags/example_trigger_target_dag.py
[2022-01-19 18:19:02,339] {logging_mixin.py:109} INFO - [2022-01-19 18:19:02,339] {dag.py:2396} INFO - Sync 1 DAGs
[2022-01-19 18:19:02,367] {logging_mixin.py:109} INFO - [2022-01-19 18:19:02,367] {dag.py:2935} INFO - Setting next_dagrun for example_trigger_target_dag to None
[2022-01-19 18:19:02,378] {processor.py:171} INFO - Processing /home/airflow/.local/lib/python3.6/site-packages/airflow/example_dags/example_trigger_target_dag.py took 0.099 seconds
[2022-01-19 18:19:32,959] {processor.py:163} INFO - Started process (PID=1398) to work on /home/airflow/.local/lib/python3.6/site-packages/airflow/example_dags/example_trigger_target_dag.py
[2022-01-19 18:19:32,960] {processor.py:642} INFO - Processing file /home/airflow/.local/lib/python3.6/site-packages/airflow/example_dags/example_trigger_target_dag.py for tasks to queue
[2022-01-19 18:19:32,960] {logging_mixin.py:109} INFO - [2022-01-19 18:19:32,960] {dagbag.py:500} INFO - Filling up the DagBag from /home/airflow/.local/lib/python3.6/site-packages/airflow/example_dags/example_trigger_target_dag.py
[2022-01-19 18:19:32,983] {processor.py:654} INFO - DAG(s) dict_keys(['example_trigger_target_dag']) retrieved from /home/airflow/.local/lib/python3.6/site-packages/airflow/example_dags/example_trigger_target_dag.py
[2022-01-19 18:19:32,991] {logging_mixin.py:109} INFO - [2022-01-19 18:19:32,991] {dag.py:2396} INFO - Sync 1 DAGs
[2022-01-19 18:19:33,008] {logging_mixin.py:109} INFO - [2022-01-19 18:19:33,008] {dag.py:2935} INFO - Setting next_dagrun for example_trigger_target_dag to None
[2022-01-19 18:19:33,016] {processor.py:171} INFO - Processing /home/airflow/.local/lib/python3.6/site-packages/airflow/example_dags/example_trigger_target_dag.py took 0.060 seconds
[2022-01-19 18:20:03,342] {processor.py:163} INFO - Started process (PID=1451) to work on /home/airflow/.local/lib/python3.6/site-packages/airflow/example_dags/example_trigger_target_dag.py
[2022-01-19 18:20:03,343] {processor.py:642} INFO - Processing file /home/airflow/.local/lib/python3.6/site-packages/airflow/example_dags/example_trigger_target_dag.py for tasks to queue
[2022-01-19 18:20:03,345] {logging_mixin.py:109} INFO - [2022-01-19 18:20:03,344] {dagbag.py:500} INFO - Filling up the DagBag from /home/airflow/.local/lib/python3.6/site-packages/airflow/example_dags/example_trigger_target_dag.py
[2022-01-19 18:20:03,386] {processor.py:654} INFO - DAG(s) dict_keys(['example_trigger_target_dag']) retrieved from /home/airflow/.local/lib/python3.6/site-packages/airflow/example_dags/example_trigger_target_dag.py
[2022-01-19 18:20:03,403] {logging_mixin.py:109} INFO - [2022-01-19 18:20:03,403] {dag.py:2396} INFO - Sync 1 DAGs
[2022-01-19 18:20:03,433] {logging_mixin.py:109} INFO - [2022-01-19 18:20:03,433] {dag.py:2935} INFO - Setting next_dagrun for example_trigger_target_dag to None
[2022-01-19 18:20:03,448] {processor.py:171} INFO - Processing /home/airflow/.local/lib/python3.6/site-packages/airflow/example_dags/example_trigger_target_dag.py took 0.110 seconds
[2022-01-19 18:20:34,091] {processor.py:163} INFO - Started process (PID=1513) to work on /home/airflow/.local/lib/python3.6/site-packages/airflow/example_dags/example_trigger_target_dag.py
[2022-01-19 18:20:34,094] {processor.py:642} INFO - Processing file /home/airflow/.local/lib/python3.6/site-packages/airflow/example_dags/example_trigger_target_dag.py for tasks to queue
[2022-01-19 18:20:34,095] {logging_mixin.py:109} INFO - [2022-01-19 18:20:34,094] {dagbag.py:500} INFO - Filling up the DagBag from /home/airflow/.local/lib/python3.6/site-packages/airflow/example_dags/example_trigger_target_dag.py
[2022-01-19 18:20:34,127] {processor.py:654} INFO - DAG(s) dict_keys(['example_trigger_target_dag']) retrieved from /home/airflow/.local/lib/python3.6/site-packages/airflow/example_dags/example_trigger_target_dag.py
[2022-01-19 18:20:34,141] {logging_mixin.py:109} INFO - [2022-01-19 18:20:34,141] {dag.py:2396} INFO - Sync 1 DAGs
[2022-01-19 18:20:34,163] {logging_mixin.py:109} INFO - [2022-01-19 18:20:34,163] {dag.py:2935} INFO - Setting next_dagrun for example_trigger_target_dag to None
[2022-01-19 18:20:34,174] {processor.py:171} INFO - Processing /home/airflow/.local/lib/python3.6/site-packages/airflow/example_dags/example_trigger_target_dag.py took 0.086 seconds
[2022-01-19 18:21:04,260] {processor.py:163} INFO - Started process (PID=1565) to work on /home/airflow/.local/lib/python3.6/site-packages/airflow/example_dags/example_trigger_target_dag.py
[2022-01-19 18:21:04,263] {processor.py:642} INFO - Processing file /home/airflow/.local/lib/python3.6/site-packages/airflow/example_dags/example_trigger_target_dag.py for tasks to queue
[2022-01-19 18:21:04,264] {logging_mixin.py:109} INFO - [2022-01-19 18:21:04,264] {dagbag.py:500} INFO - Filling up the DagBag from /home/airflow/.local/lib/python3.6/site-packages/airflow/example_dags/example_trigger_target_dag.py
[2022-01-19 18:21:04,302] {processor.py:654} INFO - DAG(s) dict_keys(['example_trigger_target_dag']) retrieved from /home/airflow/.local/lib/python3.6/site-packages/airflow/example_dags/example_trigger_target_dag.py
[2022-01-19 18:21:04,313] {logging_mixin.py:109} INFO - [2022-01-19 18:21:04,312] {dag.py:2396} INFO - Sync 1 DAGs
[2022-01-19 18:21:04,330] {logging_mixin.py:109} INFO - [2022-01-19 18:21:04,330] {dag.py:2935} INFO - Setting next_dagrun for example_trigger_target_dag to None
[2022-01-19 18:21:04,338] {processor.py:171} INFO - Processing /home/airflow/.local/lib/python3.6/site-packages/airflow/example_dags/example_trigger_target_dag.py took 0.088 seconds
[2022-01-19 18:21:34,403] {processor.py:163} INFO - Started process (PID=1626) to work on /home/airflow/.local/lib/python3.6/site-packages/airflow/example_dags/example_trigger_target_dag.py
[2022-01-19 18:21:34,405] {processor.py:642} INFO - Processing file /home/airflow/.local/lib/python3.6/site-packages/airflow/example_dags/example_trigger_target_dag.py for tasks to queue
[2022-01-19 18:21:34,406] {logging_mixin.py:109} INFO - [2022-01-19 18:21:34,406] {dagbag.py:500} INFO - Filling up the DagBag from /home/airflow/.local/lib/python3.6/site-packages/airflow/example_dags/example_trigger_target_dag.py
[2022-01-19 18:21:34,455] {processor.py:654} INFO - DAG(s) dict_keys(['example_trigger_target_dag']) retrieved from /home/airflow/.local/lib/python3.6/site-packages/airflow/example_dags/example_trigger_target_dag.py
[2022-01-19 18:21:34,474] {logging_mixin.py:109} INFO - [2022-01-19 18:21:34,473] {dag.py:2396} INFO - Sync 1 DAGs
[2022-01-19 18:21:34,503] {logging_mixin.py:109} INFO - [2022-01-19 18:21:34,503] {dag.py:2935} INFO - Setting next_dagrun for example_trigger_target_dag to None
[2022-01-19 18:21:34,521] {processor.py:171} INFO - Processing /home/airflow/.local/lib/python3.6/site-packages/airflow/example_dags/example_trigger_target_dag.py took 0.124 seconds
[2022-01-19 18:22:05,452] {processor.py:163} INFO - Started process (PID=1681) to work on /home/airflow/.local/lib/python3.6/site-packages/airflow/example_dags/example_trigger_target_dag.py
[2022-01-19 18:22:05,453] {processor.py:642} INFO - Processing file /home/airflow/.local/lib/python3.6/site-packages/airflow/example_dags/example_trigger_target_dag.py for tasks to queue
[2022-01-19 18:22:05,454] {logging_mixin.py:109} INFO - [2022-01-19 18:22:05,454] {dagbag.py:500} INFO - Filling up the DagBag from /home/airflow/.local/lib/python3.6/site-packages/airflow/example_dags/example_trigger_target_dag.py
[2022-01-19 18:22:05,488] {processor.py:654} INFO - DAG(s) dict_keys(['example_trigger_target_dag']) retrieved from /home/airflow/.local/lib/python3.6/site-packages/airflow/example_dags/example_trigger_target_dag.py
[2022-01-19 18:22:05,498] {logging_mixin.py:109} INFO - [2022-01-19 18:22:05,498] {dag.py:2396} INFO - Sync 1 DAGs
[2022-01-19 18:22:05,515] {logging_mixin.py:109} INFO - [2022-01-19 18:22:05,515] {dag.py:2935} INFO - Setting next_dagrun for example_trigger_target_dag to None
[2022-01-19 18:22:05,523] {processor.py:171} INFO - Processing /home/airflow/.local/lib/python3.6/site-packages/airflow/example_dags/example_trigger_target_dag.py took 0.074 seconds
[2022-01-19 18:22:36,445] {processor.py:163} INFO - Started process (PID=1733) to work on /home/airflow/.local/lib/python3.6/site-packages/airflow/example_dags/example_trigger_target_dag.py
[2022-01-19 18:22:36,447] {processor.py:642} INFO - Processing file /home/airflow/.local/lib/python3.6/site-packages/airflow/example_dags/example_trigger_target_dag.py for tasks to queue
[2022-01-19 18:22:36,447] {logging_mixin.py:109} INFO - [2022-01-19 18:22:36,447] {dagbag.py:500} INFO - Filling up the DagBag from /home/airflow/.local/lib/python3.6/site-packages/airflow/example_dags/example_trigger_target_dag.py
[2022-01-19 18:22:36,489] {processor.py:654} INFO - DAG(s) dict_keys(['example_trigger_target_dag']) retrieved from /home/airflow/.local/lib/python3.6/site-packages/airflow/example_dags/example_trigger_target_dag.py
[2022-01-19 18:22:36,506] {logging_mixin.py:109} INFO - [2022-01-19 18:22:36,506] {dag.py:2396} INFO - Sync 1 DAGs
[2022-01-19 18:22:36,537] {logging_mixin.py:109} INFO - [2022-01-19 18:22:36,537] {dag.py:2935} INFO - Setting next_dagrun for example_trigger_target_dag to None
[2022-01-19 18:22:36,550] {processor.py:171} INFO - Processing /home/airflow/.local/lib/python3.6/site-packages/airflow/example_dags/example_trigger_target_dag.py took 0.109 seconds
[2022-01-19 18:23:07,403] {processor.py:163} INFO - Started process (PID=1796) to work on /home/airflow/.local/lib/python3.6/site-packages/airflow/example_dags/example_trigger_target_dag.py
[2022-01-19 18:23:07,404] {processor.py:642} INFO - Processing file /home/airflow/.local/lib/python3.6/site-packages/airflow/example_dags/example_trigger_target_dag.py for tasks to queue
[2022-01-19 18:23:07,405] {logging_mixin.py:109} INFO - [2022-01-19 18:23:07,405] {dagbag.py:500} INFO - Filling up the DagBag from /home/airflow/.local/lib/python3.6/site-packages/airflow/example_dags/example_trigger_target_dag.py
[2022-01-19 18:23:07,437] {processor.py:654} INFO - DAG(s) dict_keys(['example_trigger_target_dag']) retrieved from /home/airflow/.local/lib/python3.6/site-packages/airflow/example_dags/example_trigger_target_dag.py
[2022-01-19 18:23:07,450] {logging_mixin.py:109} INFO - [2022-01-19 18:23:07,450] {dag.py:2396} INFO - Sync 1 DAGs
[2022-01-19 18:23:07,469] {logging_mixin.py:109} INFO - [2022-01-19 18:23:07,469] {dag.py:2935} INFO - Setting next_dagrun for example_trigger_target_dag to None
[2022-01-19 18:23:07,477] {processor.py:171} INFO - Processing /home/airflow/.local/lib/python3.6/site-packages/airflow/example_dags/example_trigger_target_dag.py took 0.077 seconds
[2022-01-19 18:23:37,594] {processor.py:163} INFO - Started process (PID=1848) to work on /home/airflow/.local/lib/python3.6/site-packages/airflow/example_dags/example_trigger_target_dag.py
[2022-01-19 18:23:37,594] {processor.py:642} INFO - Processing file /home/airflow/.local/lib/python3.6/site-packages/airflow/example_dags/example_trigger_target_dag.py for tasks to queue
[2022-01-19 18:23:37,595] {logging_mixin.py:109} INFO - [2022-01-19 18:23:37,595] {dagbag.py:500} INFO - Filling up the DagBag from /home/airflow/.local/lib/python3.6/site-packages/airflow/example_dags/example_trigger_target_dag.py
[2022-01-19 18:23:37,620] {processor.py:654} INFO - DAG(s) dict_keys(['example_trigger_target_dag']) retrieved from /home/airflow/.local/lib/python3.6/site-packages/airflow/example_dags/example_trigger_target_dag.py
[2022-01-19 18:23:37,629] {logging_mixin.py:109} INFO - [2022-01-19 18:23:37,629] {dag.py:2396} INFO - Sync 1 DAGs
[2022-01-19 18:23:37,644] {logging_mixin.py:109} INFO - [2022-01-19 18:23:37,644] {dag.py:2935} INFO - Setting next_dagrun for example_trigger_target_dag to None
[2022-01-19 18:23:37,651] {processor.py:171} INFO - Processing /home/airflow/.local/lib/python3.6/site-packages/airflow/example_dags/example_trigger_target_dag.py took 0.060 seconds
[2022-01-19 18:24:08,126] {processor.py:163} INFO - Started process (PID=1911) to work on /home/airflow/.local/lib/python3.6/site-packages/airflow/example_dags/example_trigger_target_dag.py
[2022-01-19 18:24:08,127] {processor.py:642} INFO - Processing file /home/airflow/.local/lib/python3.6/site-packages/airflow/example_dags/example_trigger_target_dag.py for tasks to queue
[2022-01-19 18:24:08,127] {logging_mixin.py:109} INFO - [2022-01-19 18:24:08,127] {dagbag.py:500} INFO - Filling up the DagBag from /home/airflow/.local/lib/python3.6/site-packages/airflow/example_dags/example_trigger_target_dag.py
[2022-01-19 18:24:08,162] {processor.py:654} INFO - DAG(s) dict_keys(['example_trigger_target_dag']) retrieved from /home/airflow/.local/lib/python3.6/site-packages/airflow/example_dags/example_trigger_target_dag.py
[2022-01-19 18:24:08,174] {logging_mixin.py:109} INFO - [2022-01-19 18:24:08,174] {dag.py:2396} INFO - Sync 1 DAGs
[2022-01-19 18:24:08,196] {logging_mixin.py:109} INFO - [2022-01-19 18:24:08,196] {dag.py:2935} INFO - Setting next_dagrun for example_trigger_target_dag to None
[2022-01-19 18:24:08,206] {processor.py:171} INFO - Processing /home/airflow/.local/lib/python3.6/site-packages/airflow/example_dags/example_trigger_target_dag.py took 0.083 seconds
[2022-01-19 18:24:38,512] {processor.py:163} INFO - Started process (PID=1965) to work on /home/airflow/.local/lib/python3.6/site-packages/airflow/example_dags/example_trigger_target_dag.py
[2022-01-19 18:24:38,515] {processor.py:642} INFO - Processing file /home/airflow/.local/lib/python3.6/site-packages/airflow/example_dags/example_trigger_target_dag.py for tasks to queue
[2022-01-19 18:24:38,516] {logging_mixin.py:109} INFO - [2022-01-19 18:24:38,516] {dagbag.py:500} INFO - Filling up the DagBag from /home/airflow/.local/lib/python3.6/site-packages/airflow/example_dags/example_trigger_target_dag.py
[2022-01-19 18:24:38,560] {processor.py:654} INFO - DAG(s) dict_keys(['example_trigger_target_dag']) retrieved from /home/airflow/.local/lib/python3.6/site-packages/airflow/example_dags/example_trigger_target_dag.py
[2022-01-19 18:24:38,570] {logging_mixin.py:109} INFO - [2022-01-19 18:24:38,570] {dag.py:2396} INFO - Sync 1 DAGs
[2022-01-19 18:24:38,586] {logging_mixin.py:109} INFO - [2022-01-19 18:24:38,586] {dag.py:2935} INFO - Setting next_dagrun for example_trigger_target_dag to None
[2022-01-19 18:24:38,594] {processor.py:171} INFO - Processing /home/airflow/.local/lib/python3.6/site-packages/airflow/example_dags/example_trigger_target_dag.py took 0.090 seconds
[2022-01-19 18:25:09,363] {processor.py:163} INFO - Started process (PID=2017) to work on /home/airflow/.local/lib/python3.6/site-packages/airflow/example_dags/example_trigger_target_dag.py
[2022-01-19 18:25:09,364] {processor.py:642} INFO - Processing file /home/airflow/.local/lib/python3.6/site-packages/airflow/example_dags/example_trigger_target_dag.py for tasks to queue
[2022-01-19 18:25:09,364] {logging_mixin.py:109} INFO - [2022-01-19 18:25:09,364] {dagbag.py:500} INFO - Filling up the DagBag from /home/airflow/.local/lib/python3.6/site-packages/airflow/example_dags/example_trigger_target_dag.py
[2022-01-19 18:25:09,389] {processor.py:654} INFO - DAG(s) dict_keys(['example_trigger_target_dag']) retrieved from /home/airflow/.local/lib/python3.6/site-packages/airflow/example_dags/example_trigger_target_dag.py
[2022-01-19 18:25:09,397] {logging_mixin.py:109} INFO - [2022-01-19 18:25:09,397] {dag.py:2396} INFO - Sync 1 DAGs
[2022-01-19 18:25:09,412] {logging_mixin.py:109} INFO - [2022-01-19 18:25:09,412] {dag.py:2935} INFO - Setting next_dagrun for example_trigger_target_dag to None
[2022-01-19 18:25:09,419] {processor.py:171} INFO - Processing /home/airflow/.local/lib/python3.6/site-packages/airflow/example_dags/example_trigger_target_dag.py took 0.058 seconds
[2022-01-19 18:25:40,047] {processor.py:163} INFO - Started process (PID=2081) to work on /home/airflow/.local/lib/python3.6/site-packages/airflow/example_dags/example_trigger_target_dag.py
[2022-01-19 18:25:40,047] {processor.py:642} INFO - Processing file /home/airflow/.local/lib/python3.6/site-packages/airflow/example_dags/example_trigger_target_dag.py for tasks to queue
[2022-01-19 18:25:40,048] {logging_mixin.py:109} INFO - [2022-01-19 18:25:40,048] {dagbag.py:500} INFO - Filling up the DagBag from /home/airflow/.local/lib/python3.6/site-packages/airflow/example_dags/example_trigger_target_dag.py
[2022-01-19 18:25:40,072] {processor.py:654} INFO - DAG(s) dict_keys(['example_trigger_target_dag']) retrieved from /home/airflow/.local/lib/python3.6/site-packages/airflow/example_dags/example_trigger_target_dag.py
[2022-01-19 18:25:40,080] {logging_mixin.py:109} INFO - [2022-01-19 18:25:40,080] {dag.py:2396} INFO - Sync 1 DAGs
[2022-01-19 18:25:40,094] {logging_mixin.py:109} INFO - [2022-01-19 18:25:40,094] {dag.py:2935} INFO - Setting next_dagrun for example_trigger_target_dag to None
[2022-01-19 18:25:40,103] {processor.py:171} INFO - Processing /home/airflow/.local/lib/python3.6/site-packages/airflow/example_dags/example_trigger_target_dag.py took 0.058 seconds
[2022-01-19 18:26:10,651] {processor.py:163} INFO - Started process (PID=2134) to work on /home/airflow/.local/lib/python3.6/site-packages/airflow/example_dags/example_trigger_target_dag.py
[2022-01-19 18:26:10,654] {processor.py:642} INFO - Processing file /home/airflow/.local/lib/python3.6/site-packages/airflow/example_dags/example_trigger_target_dag.py for tasks to queue
[2022-01-19 18:26:10,655] {logging_mixin.py:109} INFO - [2022-01-19 18:26:10,655] {dagbag.py:500} INFO - Filling up the DagBag from /home/airflow/.local/lib/python3.6/site-packages/airflow/example_dags/example_trigger_target_dag.py
[2022-01-19 18:26:10,690] {processor.py:654} INFO - DAG(s) dict_keys(['example_trigger_target_dag']) retrieved from /home/airflow/.local/lib/python3.6/site-packages/airflow/example_dags/example_trigger_target_dag.py
[2022-01-19 18:26:10,700] {logging_mixin.py:109} INFO - [2022-01-19 18:26:10,700] {dag.py:2396} INFO - Sync 1 DAGs
[2022-01-19 18:26:10,715] {logging_mixin.py:109} INFO - [2022-01-19 18:26:10,715] {dag.py:2935} INFO - Setting next_dagrun for example_trigger_target_dag to None
[2022-01-19 18:26:10,724] {processor.py:171} INFO - Processing /home/airflow/.local/lib/python3.6/site-packages/airflow/example_dags/example_trigger_target_dag.py took 0.080 seconds
[2022-01-19 18:26:41,314] {processor.py:163} INFO - Started process (PID=2197) to work on /home/airflow/.local/lib/python3.6/site-packages/airflow/example_dags/example_trigger_target_dag.py
[2022-01-19 18:26:41,315] {processor.py:642} INFO - Processing file /home/airflow/.local/lib/python3.6/site-packages/airflow/example_dags/example_trigger_target_dag.py for tasks to queue
[2022-01-19 18:26:41,316] {logging_mixin.py:109} INFO - [2022-01-19 18:26:41,316] {dagbag.py:500} INFO - Filling up the DagBag from /home/airflow/.local/lib/python3.6/site-packages/airflow/example_dags/example_trigger_target_dag.py
[2022-01-19 18:26:41,345] {processor.py:654} INFO - DAG(s) dict_keys(['example_trigger_target_dag']) retrieved from /home/airflow/.local/lib/python3.6/site-packages/airflow/example_dags/example_trigger_target_dag.py
[2022-01-19 18:26:41,355] {logging_mixin.py:109} INFO - [2022-01-19 18:26:41,355] {dag.py:2396} INFO - Sync 1 DAGs
[2022-01-19 18:26:41,374] {logging_mixin.py:109} INFO - [2022-01-19 18:26:41,374] {dag.py:2935} INFO - Setting next_dagrun for example_trigger_target_dag to None
[2022-01-19 18:26:41,382] {processor.py:171} INFO - Processing /home/airflow/.local/lib/python3.6/site-packages/airflow/example_dags/example_trigger_target_dag.py took 0.070 seconds
[2022-01-19 18:27:12,195] {processor.py:163} INFO - Started process (PID=2249) to work on /home/airflow/.local/lib/python3.6/site-packages/airflow/example_dags/example_trigger_target_dag.py
[2022-01-19 18:27:12,196] {processor.py:642} INFO - Processing file /home/airflow/.local/lib/python3.6/site-packages/airflow/example_dags/example_trigger_target_dag.py for tasks to queue
[2022-01-19 18:27:12,197] {logging_mixin.py:109} INFO - [2022-01-19 18:27:12,197] {dagbag.py:500} INFO - Filling up the DagBag from /home/airflow/.local/lib/python3.6/site-packages/airflow/example_dags/example_trigger_target_dag.py
[2022-01-19 18:27:12,226] {processor.py:654} INFO - DAG(s) dict_keys(['example_trigger_target_dag']) retrieved from /home/airflow/.local/lib/python3.6/site-packages/airflow/example_dags/example_trigger_target_dag.py
[2022-01-19 18:27:12,237] {logging_mixin.py:109} INFO - [2022-01-19 18:27:12,237] {dag.py:2396} INFO - Sync 1 DAGs
[2022-01-19 18:27:12,255] {logging_mixin.py:109} INFO - [2022-01-19 18:27:12,255] {dag.py:2935} INFO - Setting next_dagrun for example_trigger_target_dag to None
[2022-01-19 18:27:12,263] {processor.py:171} INFO - Processing /home/airflow/.local/lib/python3.6/site-packages/airflow/example_dags/example_trigger_target_dag.py took 0.070 seconds
[2022-01-19 18:27:42,438] {processor.py:163} INFO - Started process (PID=2301) to work on /home/airflow/.local/lib/python3.6/site-packages/airflow/example_dags/example_trigger_target_dag.py
[2022-01-19 18:27:42,440] {processor.py:642} INFO - Processing file /home/airflow/.local/lib/python3.6/site-packages/airflow/example_dags/example_trigger_target_dag.py for tasks to queue
[2022-01-19 18:27:42,440] {logging_mixin.py:109} INFO - [2022-01-19 18:27:42,440] {dagbag.py:500} INFO - Filling up the DagBag from /home/airflow/.local/lib/python3.6/site-packages/airflow/example_dags/example_trigger_target_dag.py
[2022-01-19 18:27:42,476] {processor.py:654} INFO - DAG(s) dict_keys(['example_trigger_target_dag']) retrieved from /home/airflow/.local/lib/python3.6/site-packages/airflow/example_dags/example_trigger_target_dag.py
[2022-01-19 18:27:42,489] {logging_mixin.py:109} INFO - [2022-01-19 18:27:42,489] {dag.py:2396} INFO - Sync 1 DAGs
[2022-01-19 18:27:42,511] {logging_mixin.py:109} INFO - [2022-01-19 18:27:42,511] {dag.py:2935} INFO - Setting next_dagrun for example_trigger_target_dag to None
[2022-01-19 18:27:42,522] {processor.py:171} INFO - Processing /home/airflow/.local/lib/python3.6/site-packages/airflow/example_dags/example_trigger_target_dag.py took 0.087 seconds
[2022-01-19 18:28:13,134] {processor.py:163} INFO - Started process (PID=2366) to work on /home/airflow/.local/lib/python3.6/site-packages/airflow/example_dags/example_trigger_target_dag.py
[2022-01-19 18:28:13,135] {processor.py:642} INFO - Processing file /home/airflow/.local/lib/python3.6/site-packages/airflow/example_dags/example_trigger_target_dag.py for tasks to queue
[2022-01-19 18:28:13,136] {logging_mixin.py:109} INFO - [2022-01-19 18:28:13,136] {dagbag.py:500} INFO - Filling up the DagBag from /home/airflow/.local/lib/python3.6/site-packages/airflow/example_dags/example_trigger_target_dag.py
[2022-01-19 18:28:13,164] {processor.py:654} INFO - DAG(s) dict_keys(['example_trigger_target_dag']) retrieved from /home/airflow/.local/lib/python3.6/site-packages/airflow/example_dags/example_trigger_target_dag.py
[2022-01-19 18:28:13,173] {logging_mixin.py:109} INFO - [2022-01-19 18:28:13,173] {dag.py:2396} INFO - Sync 1 DAGs
[2022-01-19 18:28:13,188] {logging_mixin.py:109} INFO - [2022-01-19 18:28:13,188] {dag.py:2935} INFO - Setting next_dagrun for example_trigger_target_dag to None
[2022-01-19 18:28:13,195] {processor.py:171} INFO - Processing /home/airflow/.local/lib/python3.6/site-packages/airflow/example_dags/example_trigger_target_dag.py took 0.064 seconds
[2022-01-19 18:28:44,078] {processor.py:163} INFO - Started process (PID=2419) to work on /home/airflow/.local/lib/python3.6/site-packages/airflow/example_dags/example_trigger_target_dag.py
[2022-01-19 18:28:44,079] {processor.py:642} INFO - Processing file /home/airflow/.local/lib/python3.6/site-packages/airflow/example_dags/example_trigger_target_dag.py for tasks to queue
[2022-01-19 18:28:44,079] {logging_mixin.py:109} INFO - [2022-01-19 18:28:44,079] {dagbag.py:500} INFO - Filling up the DagBag from /home/airflow/.local/lib/python3.6/site-packages/airflow/example_dags/example_trigger_target_dag.py
[2022-01-19 18:28:44,106] {processor.py:654} INFO - DAG(s) dict_keys(['example_trigger_target_dag']) retrieved from /home/airflow/.local/lib/python3.6/site-packages/airflow/example_dags/example_trigger_target_dag.py
[2022-01-19 18:28:44,118] {logging_mixin.py:109} INFO - [2022-01-19 18:28:44,118] {dag.py:2396} INFO - Sync 1 DAGs
[2022-01-19 18:28:44,137] {logging_mixin.py:109} INFO - [2022-01-19 18:28:44,137] {dag.py:2935} INFO - Setting next_dagrun for example_trigger_target_dag to None
[2022-01-19 18:28:44,143] {processor.py:171} INFO - Processing /home/airflow/.local/lib/python3.6/site-packages/airflow/example_dags/example_trigger_target_dag.py took 0.068 seconds
[2022-01-19 18:29:14,951] {processor.py:163} INFO - Started process (PID=2483) to work on /home/airflow/.local/lib/python3.6/site-packages/airflow/example_dags/example_trigger_target_dag.py
[2022-01-19 18:29:14,953] {processor.py:642} INFO - Processing file /home/airflow/.local/lib/python3.6/site-packages/airflow/example_dags/example_trigger_target_dag.py for tasks to queue
[2022-01-19 18:29:14,953] {logging_mixin.py:109} INFO - [2022-01-19 18:29:14,953] {dagbag.py:500} INFO - Filling up the DagBag from /home/airflow/.local/lib/python3.6/site-packages/airflow/example_dags/example_trigger_target_dag.py
[2022-01-19 18:29:14,981] {processor.py:654} INFO - DAG(s) dict_keys(['example_trigger_target_dag']) retrieved from /home/airflow/.local/lib/python3.6/site-packages/airflow/example_dags/example_trigger_target_dag.py
[2022-01-19 18:29:14,990] {logging_mixin.py:109} INFO - [2022-01-19 18:29:14,990] {dag.py:2396} INFO - Sync 1 DAGs
[2022-01-19 18:29:15,007] {logging_mixin.py:109} INFO - [2022-01-19 18:29:15,007] {dag.py:2935} INFO - Setting next_dagrun for example_trigger_target_dag to None
[2022-01-19 18:29:15,014] {processor.py:171} INFO - Processing /home/airflow/.local/lib/python3.6/site-packages/airflow/example_dags/example_trigger_target_dag.py took 0.066 seconds
[2022-01-19 18:29:45,711] {processor.py:163} INFO - Started process (PID=2536) to work on /home/airflow/.local/lib/python3.6/site-packages/airflow/example_dags/example_trigger_target_dag.py
[2022-01-19 18:29:45,712] {processor.py:642} INFO - Processing file /home/airflow/.local/lib/python3.6/site-packages/airflow/example_dags/example_trigger_target_dag.py for tasks to queue
[2022-01-19 18:29:45,713] {logging_mixin.py:109} INFO - [2022-01-19 18:29:45,713] {dagbag.py:500} INFO - Filling up the DagBag from /home/airflow/.local/lib/python3.6/site-packages/airflow/example_dags/example_trigger_target_dag.py
[2022-01-19 18:29:45,739] {processor.py:654} INFO - DAG(s) dict_keys(['example_trigger_target_dag']) retrieved from /home/airflow/.local/lib/python3.6/site-packages/airflow/example_dags/example_trigger_target_dag.py
[2022-01-19 18:29:45,750] {logging_mixin.py:109} INFO - [2022-01-19 18:29:45,750] {dag.py:2396} INFO - Sync 1 DAGs
[2022-01-19 18:29:45,770] {logging_mixin.py:109} INFO - [2022-01-19 18:29:45,770] {dag.py:2935} INFO - Setting next_dagrun for example_trigger_target_dag to None
[2022-01-19 18:29:45,778] {processor.py:171} INFO - Processing /home/airflow/.local/lib/python3.6/site-packages/airflow/example_dags/example_trigger_target_dag.py took 0.069 seconds
[2022-01-19 18:30:16,545] {processor.py:163} INFO - Started process (PID=2589) to work on /home/airflow/.local/lib/python3.6/site-packages/airflow/example_dags/example_trigger_target_dag.py
[2022-01-19 18:30:16,546] {processor.py:642} INFO - Processing file /home/airflow/.local/lib/python3.6/site-packages/airflow/example_dags/example_trigger_target_dag.py for tasks to queue
[2022-01-19 18:30:16,547] {logging_mixin.py:109} INFO - [2022-01-19 18:30:16,546] {dagbag.py:500} INFO - Filling up the DagBag from /home/airflow/.local/lib/python3.6/site-packages/airflow/example_dags/example_trigger_target_dag.py
[2022-01-19 18:30:16,579] {processor.py:654} INFO - DAG(s) dict_keys(['example_trigger_target_dag']) retrieved from /home/airflow/.local/lib/python3.6/site-packages/airflow/example_dags/example_trigger_target_dag.py
[2022-01-19 18:30:16,589] {logging_mixin.py:109} INFO - [2022-01-19 18:30:16,589] {dag.py:2396} INFO - Sync 1 DAGs
[2022-01-19 18:30:16,606] {logging_mixin.py:109} INFO - [2022-01-19 18:30:16,606] {dag.py:2935} INFO - Setting next_dagrun for example_trigger_target_dag to None
[2022-01-19 18:30:16,613] {processor.py:171} INFO - Processing /home/airflow/.local/lib/python3.6/site-packages/airflow/example_dags/example_trigger_target_dag.py took 0.072 seconds
[2022-01-19 18:30:47,130] {processor.py:163} INFO - Started process (PID=2651) to work on /home/airflow/.local/lib/python3.6/site-packages/airflow/example_dags/example_trigger_target_dag.py
[2022-01-19 18:30:47,131] {processor.py:642} INFO - Processing file /home/airflow/.local/lib/python3.6/site-packages/airflow/example_dags/example_trigger_target_dag.py for tasks to queue
[2022-01-19 18:30:47,132] {logging_mixin.py:109} INFO - [2022-01-19 18:30:47,132] {dagbag.py:500} INFO - Filling up the DagBag from /home/airflow/.local/lib/python3.6/site-packages/airflow/example_dags/example_trigger_target_dag.py
[2022-01-19 18:30:47,162] {processor.py:654} INFO - DAG(s) dict_keys(['example_trigger_target_dag']) retrieved from /home/airflow/.local/lib/python3.6/site-packages/airflow/example_dags/example_trigger_target_dag.py
[2022-01-19 18:30:47,175] {logging_mixin.py:109} INFO - [2022-01-19 18:30:47,175] {dag.py:2396} INFO - Sync 1 DAGs
[2022-01-19 18:30:47,196] {logging_mixin.py:109} INFO - [2022-01-19 18:30:47,196] {dag.py:2935} INFO - Setting next_dagrun for example_trigger_target_dag to None
[2022-01-19 18:30:47,205] {processor.py:171} INFO - Processing /home/airflow/.local/lib/python3.6/site-packages/airflow/example_dags/example_trigger_target_dag.py took 0.077 seconds
