[2022-01-19 18:09:51,441] {processor.py:163} INFO - Started process (PID=156) to work on /home/airflow/.local/lib/python3.6/site-packages/airflow/example_dags/tutorial_etl_dag.py
[2022-01-19 18:09:51,442] {processor.py:642} INFO - Processing file /home/airflow/.local/lib/python3.6/site-packages/airflow/example_dags/tutorial_etl_dag.py for tasks to queue
[2022-01-19 18:09:51,443] {logging_mixin.py:109} INFO - [2022-01-19 18:09:51,443] {dagbag.py:500} INFO - Filling up the DagBag from /home/airflow/.local/lib/python3.6/site-packages/airflow/example_dags/tutorial_etl_dag.py
[2022-01-19 18:09:51,471] {processor.py:654} INFO - DAG(s) dict_keys(['tutorial_etl_dag']) retrieved from /home/airflow/.local/lib/python3.6/site-packages/airflow/example_dags/tutorial_etl_dag.py
[2022-01-19 18:09:54,395] {logging_mixin.py:109} INFO - [2022-01-19 18:09:54,395] {manager.py:496} INFO - Created Permission View: can read on DAG:tutorial_etl_dag
[2022-01-19 18:09:54,408] {logging_mixin.py:109} INFO - [2022-01-19 18:09:54,408] {manager.py:496} INFO - Created Permission View: can edit on DAG:tutorial_etl_dag
[2022-01-19 18:09:54,410] {logging_mixin.py:109} INFO - [2022-01-19 18:09:54,409] {dag.py:2396} INFO - Sync 1 DAGs
[2022-01-19 18:09:54,424] {logging_mixin.py:109} INFO - [2022-01-19 18:09:54,423] {dag.py:2415} INFO - Creating ORM DAG for tutorial_etl_dag
[2022-01-19 18:09:54,434] {logging_mixin.py:109} INFO - [2022-01-19 18:09:54,434] {dag.py:2935} INFO - Setting next_dagrun for tutorial_etl_dag to None
[2022-01-19 18:09:54,451] {processor.py:171} INFO - Processing /home/airflow/.local/lib/python3.6/site-packages/airflow/example_dags/tutorial_etl_dag.py took 3.012 seconds
[2022-01-19 18:10:24,933] {processor.py:163} INFO - Started process (PID=368) to work on /home/airflow/.local/lib/python3.6/site-packages/airflow/example_dags/tutorial_etl_dag.py
[2022-01-19 18:10:24,934] {processor.py:642} INFO - Processing file /home/airflow/.local/lib/python3.6/site-packages/airflow/example_dags/tutorial_etl_dag.py for tasks to queue
[2022-01-19 18:10:24,934] {logging_mixin.py:109} INFO - [2022-01-19 18:10:24,934] {dagbag.py:500} INFO - Filling up the DagBag from /home/airflow/.local/lib/python3.6/site-packages/airflow/example_dags/tutorial_etl_dag.py
[2022-01-19 18:10:24,959] {processor.py:654} INFO - DAG(s) dict_keys(['tutorial_etl_dag']) retrieved from /home/airflow/.local/lib/python3.6/site-packages/airflow/example_dags/tutorial_etl_dag.py
[2022-01-19 18:10:24,968] {logging_mixin.py:109} INFO - [2022-01-19 18:10:24,968] {dag.py:2396} INFO - Sync 1 DAGs
[2022-01-19 18:10:24,986] {logging_mixin.py:109} INFO - [2022-01-19 18:10:24,986] {dag.py:2935} INFO - Setting next_dagrun for tutorial_etl_dag to None
[2022-01-19 18:10:24,995] {processor.py:171} INFO - Processing /home/airflow/.local/lib/python3.6/site-packages/airflow/example_dags/tutorial_etl_dag.py took 0.065 seconds
[2022-01-19 18:10:55,012] {processor.py:163} INFO - Started process (PID=419) to work on /home/airflow/.local/lib/python3.6/site-packages/airflow/example_dags/tutorial_etl_dag.py
[2022-01-19 18:10:55,013] {processor.py:642} INFO - Processing file /home/airflow/.local/lib/python3.6/site-packages/airflow/example_dags/tutorial_etl_dag.py for tasks to queue
[2022-01-19 18:10:55,014] {logging_mixin.py:109} INFO - [2022-01-19 18:10:55,014] {dagbag.py:500} INFO - Filling up the DagBag from /home/airflow/.local/lib/python3.6/site-packages/airflow/example_dags/tutorial_etl_dag.py
[2022-01-19 18:10:55,035] {processor.py:654} INFO - DAG(s) dict_keys(['tutorial_etl_dag']) retrieved from /home/airflow/.local/lib/python3.6/site-packages/airflow/example_dags/tutorial_etl_dag.py
[2022-01-19 18:10:55,046] {logging_mixin.py:109} INFO - [2022-01-19 18:10:55,046] {dag.py:2396} INFO - Sync 1 DAGs
[2022-01-19 18:10:55,061] {logging_mixin.py:109} INFO - [2022-01-19 18:10:55,060] {dag.py:2935} INFO - Setting next_dagrun for tutorial_etl_dag to None
[2022-01-19 18:10:55,070] {processor.py:171} INFO - Processing /home/airflow/.local/lib/python3.6/site-packages/airflow/example_dags/tutorial_etl_dag.py took 0.059 seconds
[2022-01-19 18:11:25,268] {processor.py:163} INFO - Started process (PID=483) to work on /home/airflow/.local/lib/python3.6/site-packages/airflow/example_dags/tutorial_etl_dag.py
[2022-01-19 18:11:25,268] {processor.py:642} INFO - Processing file /home/airflow/.local/lib/python3.6/site-packages/airflow/example_dags/tutorial_etl_dag.py for tasks to queue
[2022-01-19 18:11:25,269] {logging_mixin.py:109} INFO - [2022-01-19 18:11:25,269] {dagbag.py:500} INFO - Filling up the DagBag from /home/airflow/.local/lib/python3.6/site-packages/airflow/example_dags/tutorial_etl_dag.py
[2022-01-19 18:11:25,289] {processor.py:654} INFO - DAG(s) dict_keys(['tutorial_etl_dag']) retrieved from /home/airflow/.local/lib/python3.6/site-packages/airflow/example_dags/tutorial_etl_dag.py
[2022-01-19 18:11:25,299] {logging_mixin.py:109} INFO - [2022-01-19 18:11:25,298] {dag.py:2396} INFO - Sync 1 DAGs
[2022-01-19 18:11:25,315] {logging_mixin.py:109} INFO - [2022-01-19 18:11:25,314] {dag.py:2935} INFO - Setting next_dagrun for tutorial_etl_dag to None
[2022-01-19 18:11:25,322] {processor.py:171} INFO - Processing /home/airflow/.local/lib/python3.6/site-packages/airflow/example_dags/tutorial_etl_dag.py took 0.057 seconds
[2022-01-19 18:11:55,362] {processor.py:163} INFO - Started process (PID=535) to work on /home/airflow/.local/lib/python3.6/site-packages/airflow/example_dags/tutorial_etl_dag.py
[2022-01-19 18:11:55,363] {processor.py:642} INFO - Processing file /home/airflow/.local/lib/python3.6/site-packages/airflow/example_dags/tutorial_etl_dag.py for tasks to queue
[2022-01-19 18:11:55,363] {logging_mixin.py:109} INFO - [2022-01-19 18:11:55,363] {dagbag.py:500} INFO - Filling up the DagBag from /home/airflow/.local/lib/python3.6/site-packages/airflow/example_dags/tutorial_etl_dag.py
[2022-01-19 18:11:55,383] {processor.py:654} INFO - DAG(s) dict_keys(['tutorial_etl_dag']) retrieved from /home/airflow/.local/lib/python3.6/site-packages/airflow/example_dags/tutorial_etl_dag.py
[2022-01-19 18:11:55,393] {logging_mixin.py:109} INFO - [2022-01-19 18:11:55,392] {dag.py:2396} INFO - Sync 1 DAGs
[2022-01-19 18:11:55,407] {logging_mixin.py:109} INFO - [2022-01-19 18:11:55,407] {dag.py:2935} INFO - Setting next_dagrun for tutorial_etl_dag to None
[2022-01-19 18:11:55,414] {processor.py:171} INFO - Processing /home/airflow/.local/lib/python3.6/site-packages/airflow/example_dags/tutorial_etl_dag.py took 0.054 seconds
[2022-01-19 18:12:25,509] {processor.py:163} INFO - Started process (PID=589) to work on /home/airflow/.local/lib/python3.6/site-packages/airflow/example_dags/tutorial_etl_dag.py
[2022-01-19 18:12:25,510] {processor.py:642} INFO - Processing file /home/airflow/.local/lib/python3.6/site-packages/airflow/example_dags/tutorial_etl_dag.py for tasks to queue
[2022-01-19 18:12:25,510] {logging_mixin.py:109} INFO - [2022-01-19 18:12:25,510] {dagbag.py:500} INFO - Filling up the DagBag from /home/airflow/.local/lib/python3.6/site-packages/airflow/example_dags/tutorial_etl_dag.py
[2022-01-19 18:12:25,531] {processor.py:654} INFO - DAG(s) dict_keys(['tutorial_etl_dag']) retrieved from /home/airflow/.local/lib/python3.6/site-packages/airflow/example_dags/tutorial_etl_dag.py
[2022-01-19 18:12:25,540] {logging_mixin.py:109} INFO - [2022-01-19 18:12:25,540] {dag.py:2396} INFO - Sync 1 DAGs
[2022-01-19 18:12:25,556] {logging_mixin.py:109} INFO - [2022-01-19 18:12:25,556] {dag.py:2935} INFO - Setting next_dagrun for tutorial_etl_dag to None
[2022-01-19 18:12:25,564] {processor.py:171} INFO - Processing /home/airflow/.local/lib/python3.6/site-packages/airflow/example_dags/tutorial_etl_dag.py took 0.057 seconds
[2022-01-19 18:12:56,081] {processor.py:163} INFO - Started process (PID=651) to work on /home/airflow/.local/lib/python3.6/site-packages/airflow/example_dags/tutorial_etl_dag.py
[2022-01-19 18:12:56,082] {processor.py:642} INFO - Processing file /home/airflow/.local/lib/python3.6/site-packages/airflow/example_dags/tutorial_etl_dag.py for tasks to queue
[2022-01-19 18:12:56,083] {logging_mixin.py:109} INFO - [2022-01-19 18:12:56,082] {dagbag.py:500} INFO - Filling up the DagBag from /home/airflow/.local/lib/python3.6/site-packages/airflow/example_dags/tutorial_etl_dag.py
[2022-01-19 18:12:56,112] {processor.py:654} INFO - DAG(s) dict_keys(['tutorial_etl_dag']) retrieved from /home/airflow/.local/lib/python3.6/site-packages/airflow/example_dags/tutorial_etl_dag.py
[2022-01-19 18:12:56,122] {logging_mixin.py:109} INFO - [2022-01-19 18:12:56,122] {dag.py:2396} INFO - Sync 1 DAGs
[2022-01-19 18:12:56,140] {logging_mixin.py:109} INFO - [2022-01-19 18:12:56,140] {dag.py:2935} INFO - Setting next_dagrun for tutorial_etl_dag to None
[2022-01-19 18:12:56,148] {processor.py:171} INFO - Processing /home/airflow/.local/lib/python3.6/site-packages/airflow/example_dags/tutorial_etl_dag.py took 0.070 seconds
[2022-01-19 18:13:26,536] {processor.py:163} INFO - Started process (PID=721) to work on /home/airflow/.local/lib/python3.6/site-packages/airflow/example_dags/tutorial_etl_dag.py
[2022-01-19 18:13:26,537] {processor.py:642} INFO - Processing file /home/airflow/.local/lib/python3.6/site-packages/airflow/example_dags/tutorial_etl_dag.py for tasks to queue
[2022-01-19 18:13:26,537] {logging_mixin.py:109} INFO - [2022-01-19 18:13:26,537] {dagbag.py:500} INFO - Filling up the DagBag from /home/airflow/.local/lib/python3.6/site-packages/airflow/example_dags/tutorial_etl_dag.py
[2022-01-19 18:13:26,559] {processor.py:654} INFO - DAG(s) dict_keys(['tutorial_etl_dag']) retrieved from /home/airflow/.local/lib/python3.6/site-packages/airflow/example_dags/tutorial_etl_dag.py
[2022-01-19 18:13:26,568] {logging_mixin.py:109} INFO - [2022-01-19 18:13:26,568] {dag.py:2396} INFO - Sync 1 DAGs
[2022-01-19 18:13:26,584] {logging_mixin.py:109} INFO - [2022-01-19 18:13:26,584] {dag.py:2935} INFO - Setting next_dagrun for tutorial_etl_dag to None
[2022-01-19 18:13:26,592] {processor.py:171} INFO - Processing /home/airflow/.local/lib/python3.6/site-packages/airflow/example_dags/tutorial_etl_dag.py took 0.058 seconds
[2022-01-19 18:13:57,259] {processor.py:163} INFO - Started process (PID=783) to work on /home/airflow/.local/lib/python3.6/site-packages/airflow/example_dags/tutorial_etl_dag.py
[2022-01-19 18:13:57,260] {processor.py:642} INFO - Processing file /home/airflow/.local/lib/python3.6/site-packages/airflow/example_dags/tutorial_etl_dag.py for tasks to queue
[2022-01-19 18:13:57,261] {logging_mixin.py:109} INFO - [2022-01-19 18:13:57,261] {dagbag.py:500} INFO - Filling up the DagBag from /home/airflow/.local/lib/python3.6/site-packages/airflow/example_dags/tutorial_etl_dag.py
[2022-01-19 18:13:57,286] {processor.py:654} INFO - DAG(s) dict_keys(['tutorial_etl_dag']) retrieved from /home/airflow/.local/lib/python3.6/site-packages/airflow/example_dags/tutorial_etl_dag.py
[2022-01-19 18:13:57,298] {logging_mixin.py:109} INFO - [2022-01-19 18:13:57,298] {dag.py:2396} INFO - Sync 1 DAGs
[2022-01-19 18:13:57,321] {logging_mixin.py:109} INFO - [2022-01-19 18:13:57,321] {dag.py:2935} INFO - Setting next_dagrun for tutorial_etl_dag to None
[2022-01-19 18:13:57,337] {processor.py:171} INFO - Processing /home/airflow/.local/lib/python3.6/site-packages/airflow/example_dags/tutorial_etl_dag.py took 0.081 seconds
[2022-01-19 18:14:27,848] {processor.py:163} INFO - Started process (PID=836) to work on /home/airflow/.local/lib/python3.6/site-packages/airflow/example_dags/tutorial_etl_dag.py
[2022-01-19 18:14:27,850] {processor.py:642} INFO - Processing file /home/airflow/.local/lib/python3.6/site-packages/airflow/example_dags/tutorial_etl_dag.py for tasks to queue
[2022-01-19 18:14:27,850] {logging_mixin.py:109} INFO - [2022-01-19 18:14:27,850] {dagbag.py:500} INFO - Filling up the DagBag from /home/airflow/.local/lib/python3.6/site-packages/airflow/example_dags/tutorial_etl_dag.py
[2022-01-19 18:14:27,878] {processor.py:654} INFO - DAG(s) dict_keys(['tutorial_etl_dag']) retrieved from /home/airflow/.local/lib/python3.6/site-packages/airflow/example_dags/tutorial_etl_dag.py
[2022-01-19 18:14:27,887] {logging_mixin.py:109} INFO - [2022-01-19 18:14:27,887] {dag.py:2396} INFO - Sync 1 DAGs
[2022-01-19 18:14:27,904] {logging_mixin.py:109} INFO - [2022-01-19 18:14:27,904] {dag.py:2935} INFO - Setting next_dagrun for tutorial_etl_dag to None
[2022-01-19 18:14:27,912] {processor.py:171} INFO - Processing /home/airflow/.local/lib/python3.6/site-packages/airflow/example_dags/tutorial_etl_dag.py took 0.067 seconds
[2022-01-19 18:14:58,407] {processor.py:163} INFO - Started process (PID=888) to work on /home/airflow/.local/lib/python3.6/site-packages/airflow/example_dags/tutorial_etl_dag.py
[2022-01-19 18:14:58,408] {processor.py:642} INFO - Processing file /home/airflow/.local/lib/python3.6/site-packages/airflow/example_dags/tutorial_etl_dag.py for tasks to queue
[2022-01-19 18:14:58,408] {logging_mixin.py:109} INFO - [2022-01-19 18:14:58,408] {dagbag.py:500} INFO - Filling up the DagBag from /home/airflow/.local/lib/python3.6/site-packages/airflow/example_dags/tutorial_etl_dag.py
[2022-01-19 18:14:58,431] {processor.py:654} INFO - DAG(s) dict_keys(['tutorial_etl_dag']) retrieved from /home/airflow/.local/lib/python3.6/site-packages/airflow/example_dags/tutorial_etl_dag.py
[2022-01-19 18:14:58,441] {logging_mixin.py:109} INFO - [2022-01-19 18:14:58,441] {dag.py:2396} INFO - Sync 1 DAGs
[2022-01-19 18:14:58,459] {logging_mixin.py:109} INFO - [2022-01-19 18:14:58,459] {dag.py:2935} INFO - Setting next_dagrun for tutorial_etl_dag to None
[2022-01-19 18:14:58,468] {processor.py:171} INFO - Processing /home/airflow/.local/lib/python3.6/site-packages/airflow/example_dags/tutorial_etl_dag.py took 0.063 seconds
[2022-01-19 18:15:28,860] {processor.py:163} INFO - Started process (PID=950) to work on /home/airflow/.local/lib/python3.6/site-packages/airflow/example_dags/tutorial_etl_dag.py
[2022-01-19 18:15:28,861] {processor.py:642} INFO - Processing file /home/airflow/.local/lib/python3.6/site-packages/airflow/example_dags/tutorial_etl_dag.py for tasks to queue
[2022-01-19 18:15:28,862] {logging_mixin.py:109} INFO - [2022-01-19 18:15:28,862] {dagbag.py:500} INFO - Filling up the DagBag from /home/airflow/.local/lib/python3.6/site-packages/airflow/example_dags/tutorial_etl_dag.py
[2022-01-19 18:15:28,891] {processor.py:654} INFO - DAG(s) dict_keys(['tutorial_etl_dag']) retrieved from /home/airflow/.local/lib/python3.6/site-packages/airflow/example_dags/tutorial_etl_dag.py
[2022-01-19 18:15:28,901] {logging_mixin.py:109} INFO - [2022-01-19 18:15:28,901] {dag.py:2396} INFO - Sync 1 DAGs
[2022-01-19 18:15:28,918] {logging_mixin.py:109} INFO - [2022-01-19 18:15:28,917] {dag.py:2935} INFO - Setting next_dagrun for tutorial_etl_dag to None
[2022-01-19 18:15:28,926] {processor.py:171} INFO - Processing /home/airflow/.local/lib/python3.6/site-packages/airflow/example_dags/tutorial_etl_dag.py took 0.068 seconds
[2022-01-19 18:15:59,351] {processor.py:163} INFO - Started process (PID=1003) to work on /home/airflow/.local/lib/python3.6/site-packages/airflow/example_dags/tutorial_etl_dag.py
[2022-01-19 18:15:59,352] {processor.py:642} INFO - Processing file /home/airflow/.local/lib/python3.6/site-packages/airflow/example_dags/tutorial_etl_dag.py for tasks to queue
[2022-01-19 18:15:59,353] {logging_mixin.py:109} INFO - [2022-01-19 18:15:59,353] {dagbag.py:500} INFO - Filling up the DagBag from /home/airflow/.local/lib/python3.6/site-packages/airflow/example_dags/tutorial_etl_dag.py
[2022-01-19 18:15:59,383] {processor.py:654} INFO - DAG(s) dict_keys(['tutorial_etl_dag']) retrieved from /home/airflow/.local/lib/python3.6/site-packages/airflow/example_dags/tutorial_etl_dag.py
[2022-01-19 18:15:59,395] {logging_mixin.py:109} INFO - [2022-01-19 18:15:59,395] {dag.py:2396} INFO - Sync 1 DAGs
[2022-01-19 18:15:59,415] {logging_mixin.py:109} INFO - [2022-01-19 18:15:59,415] {dag.py:2935} INFO - Setting next_dagrun for tutorial_etl_dag to None
[2022-01-19 18:15:59,424] {processor.py:171} INFO - Processing /home/airflow/.local/lib/python3.6/site-packages/airflow/example_dags/tutorial_etl_dag.py took 0.077 seconds
[2022-01-19 18:16:29,840] {processor.py:163} INFO - Started process (PID=1065) to work on /home/airflow/.local/lib/python3.6/site-packages/airflow/example_dags/tutorial_etl_dag.py
[2022-01-19 18:16:29,841] {processor.py:642} INFO - Processing file /home/airflow/.local/lib/python3.6/site-packages/airflow/example_dags/tutorial_etl_dag.py for tasks to queue
[2022-01-19 18:16:29,842] {logging_mixin.py:109} INFO - [2022-01-19 18:16:29,842] {dagbag.py:500} INFO - Filling up the DagBag from /home/airflow/.local/lib/python3.6/site-packages/airflow/example_dags/tutorial_etl_dag.py
[2022-01-19 18:16:29,896] {processor.py:654} INFO - DAG(s) dict_keys(['tutorial_etl_dag']) retrieved from /home/airflow/.local/lib/python3.6/site-packages/airflow/example_dags/tutorial_etl_dag.py
[2022-01-19 18:16:29,920] {logging_mixin.py:109} INFO - [2022-01-19 18:16:29,919] {dag.py:2396} INFO - Sync 1 DAGs
[2022-01-19 18:16:29,955] {logging_mixin.py:109} INFO - [2022-01-19 18:16:29,954] {dag.py:2935} INFO - Setting next_dagrun for tutorial_etl_dag to None
[2022-01-19 18:16:29,974] {processor.py:171} INFO - Processing /home/airflow/.local/lib/python3.6/site-packages/airflow/example_dags/tutorial_etl_dag.py took 0.140 seconds
[2022-01-19 18:17:00,562] {processor.py:163} INFO - Started process (PID=1117) to work on /home/airflow/.local/lib/python3.6/site-packages/airflow/example_dags/tutorial_etl_dag.py
[2022-01-19 18:17:00,562] {processor.py:642} INFO - Processing file /home/airflow/.local/lib/python3.6/site-packages/airflow/example_dags/tutorial_etl_dag.py for tasks to queue
[2022-01-19 18:17:00,563] {logging_mixin.py:109} INFO - [2022-01-19 18:17:00,563] {dagbag.py:500} INFO - Filling up the DagBag from /home/airflow/.local/lib/python3.6/site-packages/airflow/example_dags/tutorial_etl_dag.py
[2022-01-19 18:17:00,584] {processor.py:654} INFO - DAG(s) dict_keys(['tutorial_etl_dag']) retrieved from /home/airflow/.local/lib/python3.6/site-packages/airflow/example_dags/tutorial_etl_dag.py
[2022-01-19 18:17:00,594] {logging_mixin.py:109} INFO - [2022-01-19 18:17:00,594] {dag.py:2396} INFO - Sync 1 DAGs
[2022-01-19 18:17:00,613] {logging_mixin.py:109} INFO - [2022-01-19 18:17:00,613] {dag.py:2935} INFO - Setting next_dagrun for tutorial_etl_dag to None
[2022-01-19 18:17:00,622] {processor.py:171} INFO - Processing /home/airflow/.local/lib/python3.6/site-packages/airflow/example_dags/tutorial_etl_dag.py took 0.062 seconds
[2022-01-19 18:17:30,796] {processor.py:163} INFO - Started process (PID=1179) to work on /home/airflow/.local/lib/python3.6/site-packages/airflow/example_dags/tutorial_etl_dag.py
[2022-01-19 18:17:30,797] {processor.py:642} INFO - Processing file /home/airflow/.local/lib/python3.6/site-packages/airflow/example_dags/tutorial_etl_dag.py for tasks to queue
[2022-01-19 18:17:30,797] {logging_mixin.py:109} INFO - [2022-01-19 18:17:30,797] {dagbag.py:500} INFO - Filling up the DagBag from /home/airflow/.local/lib/python3.6/site-packages/airflow/example_dags/tutorial_etl_dag.py
[2022-01-19 18:17:30,827] {processor.py:654} INFO - DAG(s) dict_keys(['tutorial_etl_dag']) retrieved from /home/airflow/.local/lib/python3.6/site-packages/airflow/example_dags/tutorial_etl_dag.py
[2022-01-19 18:17:30,839] {logging_mixin.py:109} INFO - [2022-01-19 18:17:30,839] {dag.py:2396} INFO - Sync 1 DAGs
[2022-01-19 18:17:30,868] {logging_mixin.py:109} INFO - [2022-01-19 18:17:30,868] {dag.py:2935} INFO - Setting next_dagrun for tutorial_etl_dag to None
[2022-01-19 18:17:30,877] {processor.py:171} INFO - Processing /home/airflow/.local/lib/python3.6/site-packages/airflow/example_dags/tutorial_etl_dag.py took 0.084 seconds
[2022-01-19 18:18:01,204] {processor.py:163} INFO - Started process (PID=1233) to work on /home/airflow/.local/lib/python3.6/site-packages/airflow/example_dags/tutorial_etl_dag.py
[2022-01-19 18:18:01,207] {processor.py:642} INFO - Processing file /home/airflow/.local/lib/python3.6/site-packages/airflow/example_dags/tutorial_etl_dag.py for tasks to queue
[2022-01-19 18:18:01,209] {logging_mixin.py:109} INFO - [2022-01-19 18:18:01,209] {dagbag.py:500} INFO - Filling up the DagBag from /home/airflow/.local/lib/python3.6/site-packages/airflow/example_dags/tutorial_etl_dag.py
[2022-01-19 18:18:01,242] {processor.py:654} INFO - DAG(s) dict_keys(['tutorial_etl_dag']) retrieved from /home/airflow/.local/lib/python3.6/site-packages/airflow/example_dags/tutorial_etl_dag.py
[2022-01-19 18:18:01,256] {logging_mixin.py:109} INFO - [2022-01-19 18:18:01,255] {dag.py:2396} INFO - Sync 1 DAGs
[2022-01-19 18:18:01,277] {logging_mixin.py:109} INFO - [2022-01-19 18:18:01,277] {dag.py:2935} INFO - Setting next_dagrun for tutorial_etl_dag to None
[2022-01-19 18:18:01,284] {processor.py:171} INFO - Processing /home/airflow/.local/lib/python3.6/site-packages/airflow/example_dags/tutorial_etl_dag.py took 0.090 seconds
[2022-01-19 18:18:31,884] {processor.py:163} INFO - Started process (PID=1285) to work on /home/airflow/.local/lib/python3.6/site-packages/airflow/example_dags/tutorial_etl_dag.py
[2022-01-19 18:18:31,885] {processor.py:642} INFO - Processing file /home/airflow/.local/lib/python3.6/site-packages/airflow/example_dags/tutorial_etl_dag.py for tasks to queue
[2022-01-19 18:18:31,885] {logging_mixin.py:109} INFO - [2022-01-19 18:18:31,885] {dagbag.py:500} INFO - Filling up the DagBag from /home/airflow/.local/lib/python3.6/site-packages/airflow/example_dags/tutorial_etl_dag.py
[2022-01-19 18:18:31,906] {processor.py:654} INFO - DAG(s) dict_keys(['tutorial_etl_dag']) retrieved from /home/airflow/.local/lib/python3.6/site-packages/airflow/example_dags/tutorial_etl_dag.py
[2022-01-19 18:18:31,914] {logging_mixin.py:109} INFO - [2022-01-19 18:18:31,914] {dag.py:2396} INFO - Sync 1 DAGs
[2022-01-19 18:18:31,930] {logging_mixin.py:109} INFO - [2022-01-19 18:18:31,930] {dag.py:2935} INFO - Setting next_dagrun for tutorial_etl_dag to None
[2022-01-19 18:18:31,938] {processor.py:171} INFO - Processing /home/airflow/.local/lib/python3.6/site-packages/airflow/example_dags/tutorial_etl_dag.py took 0.056 seconds
[2022-01-19 18:19:02,289] {processor.py:163} INFO - Started process (PID=1347) to work on /home/airflow/.local/lib/python3.6/site-packages/airflow/example_dags/tutorial_etl_dag.py
[2022-01-19 18:19:02,290] {processor.py:642} INFO - Processing file /home/airflow/.local/lib/python3.6/site-packages/airflow/example_dags/tutorial_etl_dag.py for tasks to queue
[2022-01-19 18:19:02,291] {logging_mixin.py:109} INFO - [2022-01-19 18:19:02,291] {dagbag.py:500} INFO - Filling up the DagBag from /home/airflow/.local/lib/python3.6/site-packages/airflow/example_dags/tutorial_etl_dag.py
[2022-01-19 18:19:02,328] {processor.py:654} INFO - DAG(s) dict_keys(['tutorial_etl_dag']) retrieved from /home/airflow/.local/lib/python3.6/site-packages/airflow/example_dags/tutorial_etl_dag.py
[2022-01-19 18:19:02,344] {logging_mixin.py:109} INFO - [2022-01-19 18:19:02,343] {dag.py:2396} INFO - Sync 1 DAGs
[2022-01-19 18:19:02,380] {logging_mixin.py:109} INFO - [2022-01-19 18:19:02,380] {dag.py:2935} INFO - Setting next_dagrun for tutorial_etl_dag to None
[2022-01-19 18:19:02,395] {processor.py:171} INFO - Processing /home/airflow/.local/lib/python3.6/site-packages/airflow/example_dags/tutorial_etl_dag.py took 0.110 seconds
[2022-01-19 18:19:32,963] {processor.py:163} INFO - Started process (PID=1399) to work on /home/airflow/.local/lib/python3.6/site-packages/airflow/example_dags/tutorial_etl_dag.py
[2022-01-19 18:19:32,963] {processor.py:642} INFO - Processing file /home/airflow/.local/lib/python3.6/site-packages/airflow/example_dags/tutorial_etl_dag.py for tasks to queue
[2022-01-19 18:19:32,964] {logging_mixin.py:109} INFO - [2022-01-19 18:19:32,964] {dagbag.py:500} INFO - Filling up the DagBag from /home/airflow/.local/lib/python3.6/site-packages/airflow/example_dags/tutorial_etl_dag.py
[2022-01-19 18:19:32,984] {processor.py:654} INFO - DAG(s) dict_keys(['tutorial_etl_dag']) retrieved from /home/airflow/.local/lib/python3.6/site-packages/airflow/example_dags/tutorial_etl_dag.py
[2022-01-19 18:19:32,991] {logging_mixin.py:109} INFO - [2022-01-19 18:19:32,991] {dag.py:2396} INFO - Sync 1 DAGs
[2022-01-19 18:19:33,008] {logging_mixin.py:109} INFO - [2022-01-19 18:19:33,008] {dag.py:2935} INFO - Setting next_dagrun for tutorial_etl_dag to None
[2022-01-19 18:19:33,016] {processor.py:171} INFO - Processing /home/airflow/.local/lib/python3.6/site-packages/airflow/example_dags/tutorial_etl_dag.py took 0.055 seconds
[2022-01-19 18:20:03,348] {processor.py:163} INFO - Started process (PID=1452) to work on /home/airflow/.local/lib/python3.6/site-packages/airflow/example_dags/tutorial_etl_dag.py
[2022-01-19 18:20:03,350] {processor.py:642} INFO - Processing file /home/airflow/.local/lib/python3.6/site-packages/airflow/example_dags/tutorial_etl_dag.py for tasks to queue
[2022-01-19 18:20:03,351] {logging_mixin.py:109} INFO - [2022-01-19 18:20:03,351] {dagbag.py:500} INFO - Filling up the DagBag from /home/airflow/.local/lib/python3.6/site-packages/airflow/example_dags/tutorial_etl_dag.py
[2022-01-19 18:20:03,385] {processor.py:654} INFO - DAG(s) dict_keys(['tutorial_etl_dag']) retrieved from /home/airflow/.local/lib/python3.6/site-packages/airflow/example_dags/tutorial_etl_dag.py
[2022-01-19 18:20:03,402] {logging_mixin.py:109} INFO - [2022-01-19 18:20:03,402] {dag.py:2396} INFO - Sync 1 DAGs
[2022-01-19 18:20:03,433] {logging_mixin.py:109} INFO - [2022-01-19 18:20:03,433] {dag.py:2935} INFO - Setting next_dagrun for tutorial_etl_dag to None
[2022-01-19 18:20:03,452] {processor.py:171} INFO - Processing /home/airflow/.local/lib/python3.6/site-packages/airflow/example_dags/tutorial_etl_dag.py took 0.108 seconds
[2022-01-19 18:20:34,096] {processor.py:163} INFO - Started process (PID=1514) to work on /home/airflow/.local/lib/python3.6/site-packages/airflow/example_dags/tutorial_etl_dag.py
[2022-01-19 18:20:34,097] {processor.py:642} INFO - Processing file /home/airflow/.local/lib/python3.6/site-packages/airflow/example_dags/tutorial_etl_dag.py for tasks to queue
[2022-01-19 18:20:34,097] {logging_mixin.py:109} INFO - [2022-01-19 18:20:34,097] {dagbag.py:500} INFO - Filling up the DagBag from /home/airflow/.local/lib/python3.6/site-packages/airflow/example_dags/tutorial_etl_dag.py
[2022-01-19 18:20:34,124] {processor.py:654} INFO - DAG(s) dict_keys(['tutorial_etl_dag']) retrieved from /home/airflow/.local/lib/python3.6/site-packages/airflow/example_dags/tutorial_etl_dag.py
[2022-01-19 18:20:34,138] {logging_mixin.py:109} INFO - [2022-01-19 18:20:34,138] {dag.py:2396} INFO - Sync 1 DAGs
[2022-01-19 18:20:34,159] {logging_mixin.py:109} INFO - [2022-01-19 18:20:34,159] {dag.py:2935} INFO - Setting next_dagrun for tutorial_etl_dag to None
[2022-01-19 18:20:34,171] {processor.py:171} INFO - Processing /home/airflow/.local/lib/python3.6/site-packages/airflow/example_dags/tutorial_etl_dag.py took 0.078 seconds
[2022-01-19 18:21:04,350] {processor.py:163} INFO - Started process (PID=1566) to work on /home/airflow/.local/lib/python3.6/site-packages/airflow/example_dags/tutorial_etl_dag.py
[2022-01-19 18:21:04,351] {processor.py:642} INFO - Processing file /home/airflow/.local/lib/python3.6/site-packages/airflow/example_dags/tutorial_etl_dag.py for tasks to queue
[2022-01-19 18:21:04,351] {logging_mixin.py:109} INFO - [2022-01-19 18:21:04,351] {dagbag.py:500} INFO - Filling up the DagBag from /home/airflow/.local/lib/python3.6/site-packages/airflow/example_dags/tutorial_etl_dag.py
[2022-01-19 18:21:04,375] {processor.py:654} INFO - DAG(s) dict_keys(['tutorial_etl_dag']) retrieved from /home/airflow/.local/lib/python3.6/site-packages/airflow/example_dags/tutorial_etl_dag.py
[2022-01-19 18:21:04,384] {logging_mixin.py:109} INFO - [2022-01-19 18:21:04,383] {dag.py:2396} INFO - Sync 1 DAGs
[2022-01-19 18:21:04,399] {logging_mixin.py:109} INFO - [2022-01-19 18:21:04,399] {dag.py:2935} INFO - Setting next_dagrun for tutorial_etl_dag to None
[2022-01-19 18:21:04,406] {processor.py:171} INFO - Processing /home/airflow/.local/lib/python3.6/site-packages/airflow/example_dags/tutorial_etl_dag.py took 0.059 seconds
[2022-01-19 18:21:34,553] {processor.py:163} INFO - Started process (PID=1628) to work on /home/airflow/.local/lib/python3.6/site-packages/airflow/example_dags/tutorial_etl_dag.py
[2022-01-19 18:21:34,555] {processor.py:642} INFO - Processing file /home/airflow/.local/lib/python3.6/site-packages/airflow/example_dags/tutorial_etl_dag.py for tasks to queue
[2022-01-19 18:21:34,556] {logging_mixin.py:109} INFO - [2022-01-19 18:21:34,556] {dagbag.py:500} INFO - Filling up the DagBag from /home/airflow/.local/lib/python3.6/site-packages/airflow/example_dags/tutorial_etl_dag.py
[2022-01-19 18:21:34,592] {processor.py:654} INFO - DAG(s) dict_keys(['tutorial_etl_dag']) retrieved from /home/airflow/.local/lib/python3.6/site-packages/airflow/example_dags/tutorial_etl_dag.py
[2022-01-19 18:21:34,606] {logging_mixin.py:109} INFO - [2022-01-19 18:21:34,606] {dag.py:2396} INFO - Sync 1 DAGs
[2022-01-19 18:21:34,636] {logging_mixin.py:109} INFO - [2022-01-19 18:21:34,635] {dag.py:2935} INFO - Setting next_dagrun for tutorial_etl_dag to None
[2022-01-19 18:21:34,655] {processor.py:171} INFO - Processing /home/airflow/.local/lib/python3.6/site-packages/airflow/example_dags/tutorial_etl_dag.py took 0.105 seconds
[2022-01-19 18:22:05,535] {processor.py:163} INFO - Started process (PID=1682) to work on /home/airflow/.local/lib/python3.6/site-packages/airflow/example_dags/tutorial_etl_dag.py
[2022-01-19 18:22:05,535] {processor.py:642} INFO - Processing file /home/airflow/.local/lib/python3.6/site-packages/airflow/example_dags/tutorial_etl_dag.py for tasks to queue
[2022-01-19 18:22:05,536] {logging_mixin.py:109} INFO - [2022-01-19 18:22:05,536] {dagbag.py:500} INFO - Filling up the DagBag from /home/airflow/.local/lib/python3.6/site-packages/airflow/example_dags/tutorial_etl_dag.py
[2022-01-19 18:22:05,558] {processor.py:654} INFO - DAG(s) dict_keys(['tutorial_etl_dag']) retrieved from /home/airflow/.local/lib/python3.6/site-packages/airflow/example_dags/tutorial_etl_dag.py
[2022-01-19 18:22:05,567] {logging_mixin.py:109} INFO - [2022-01-19 18:22:05,567] {dag.py:2396} INFO - Sync 1 DAGs
[2022-01-19 18:22:05,583] {logging_mixin.py:109} INFO - [2022-01-19 18:22:05,583] {dag.py:2935} INFO - Setting next_dagrun for tutorial_etl_dag to None
[2022-01-19 18:22:05,591] {processor.py:171} INFO - Processing /home/airflow/.local/lib/python3.6/site-packages/airflow/example_dags/tutorial_etl_dag.py took 0.059 seconds
[2022-01-19 18:22:36,568] {processor.py:163} INFO - Started process (PID=1734) to work on /home/airflow/.local/lib/python3.6/site-packages/airflow/example_dags/tutorial_etl_dag.py
[2022-01-19 18:22:36,569] {processor.py:642} INFO - Processing file /home/airflow/.local/lib/python3.6/site-packages/airflow/example_dags/tutorial_etl_dag.py for tasks to queue
[2022-01-19 18:22:36,570] {logging_mixin.py:109} INFO - [2022-01-19 18:22:36,570] {dagbag.py:500} INFO - Filling up the DagBag from /home/airflow/.local/lib/python3.6/site-packages/airflow/example_dags/tutorial_etl_dag.py
[2022-01-19 18:22:36,603] {processor.py:654} INFO - DAG(s) dict_keys(['tutorial_etl_dag']) retrieved from /home/airflow/.local/lib/python3.6/site-packages/airflow/example_dags/tutorial_etl_dag.py
[2022-01-19 18:22:36,616] {logging_mixin.py:109} INFO - [2022-01-19 18:22:36,616] {dag.py:2396} INFO - Sync 1 DAGs
[2022-01-19 18:22:36,645] {logging_mixin.py:109} INFO - [2022-01-19 18:22:36,645] {dag.py:2935} INFO - Setting next_dagrun for tutorial_etl_dag to None
[2022-01-19 18:22:36,660] {processor.py:171} INFO - Processing /home/airflow/.local/lib/python3.6/site-packages/airflow/example_dags/tutorial_etl_dag.py took 0.095 seconds
[2022-01-19 18:23:07,490] {processor.py:163} INFO - Started process (PID=1797) to work on /home/airflow/.local/lib/python3.6/site-packages/airflow/example_dags/tutorial_etl_dag.py
[2022-01-19 18:23:07,491] {processor.py:642} INFO - Processing file /home/airflow/.local/lib/python3.6/site-packages/airflow/example_dags/tutorial_etl_dag.py for tasks to queue
[2022-01-19 18:23:07,491] {logging_mixin.py:109} INFO - [2022-01-19 18:23:07,491] {dagbag.py:500} INFO - Filling up the DagBag from /home/airflow/.local/lib/python3.6/site-packages/airflow/example_dags/tutorial_etl_dag.py
[2022-01-19 18:23:07,515] {processor.py:654} INFO - DAG(s) dict_keys(['tutorial_etl_dag']) retrieved from /home/airflow/.local/lib/python3.6/site-packages/airflow/example_dags/tutorial_etl_dag.py
[2022-01-19 18:23:07,524] {logging_mixin.py:109} INFO - [2022-01-19 18:23:07,524] {dag.py:2396} INFO - Sync 1 DAGs
[2022-01-19 18:23:07,539] {logging_mixin.py:109} INFO - [2022-01-19 18:23:07,539] {dag.py:2935} INFO - Setting next_dagrun for tutorial_etl_dag to None
[2022-01-19 18:23:07,546] {processor.py:171} INFO - Processing /home/airflow/.local/lib/python3.6/site-packages/airflow/example_dags/tutorial_etl_dag.py took 0.060 seconds
[2022-01-19 18:23:37,597] {processor.py:163} INFO - Started process (PID=1849) to work on /home/airflow/.local/lib/python3.6/site-packages/airflow/example_dags/tutorial_etl_dag.py
[2022-01-19 18:23:37,598] {processor.py:642} INFO - Processing file /home/airflow/.local/lib/python3.6/site-packages/airflow/example_dags/tutorial_etl_dag.py for tasks to queue
[2022-01-19 18:23:37,598] {logging_mixin.py:109} INFO - [2022-01-19 18:23:37,598] {dagbag.py:500} INFO - Filling up the DagBag from /home/airflow/.local/lib/python3.6/site-packages/airflow/example_dags/tutorial_etl_dag.py
[2022-01-19 18:23:37,620] {processor.py:654} INFO - DAG(s) dict_keys(['tutorial_etl_dag']) retrieved from /home/airflow/.local/lib/python3.6/site-packages/airflow/example_dags/tutorial_etl_dag.py
[2022-01-19 18:23:37,629] {logging_mixin.py:109} INFO - [2022-01-19 18:23:37,629] {dag.py:2396} INFO - Sync 1 DAGs
[2022-01-19 18:23:37,644] {logging_mixin.py:109} INFO - [2022-01-19 18:23:37,643] {dag.py:2935} INFO - Setting next_dagrun for tutorial_etl_dag to None
[2022-01-19 18:23:37,651] {processor.py:171} INFO - Processing /home/airflow/.local/lib/python3.6/site-packages/airflow/example_dags/tutorial_etl_dag.py took 0.056 seconds
[2022-01-19 18:24:08,223] {processor.py:163} INFO - Started process (PID=1912) to work on /home/airflow/.local/lib/python3.6/site-packages/airflow/example_dags/tutorial_etl_dag.py
[2022-01-19 18:24:08,224] {processor.py:642} INFO - Processing file /home/airflow/.local/lib/python3.6/site-packages/airflow/example_dags/tutorial_etl_dag.py for tasks to queue
[2022-01-19 18:24:08,225] {logging_mixin.py:109} INFO - [2022-01-19 18:24:08,225] {dagbag.py:500} INFO - Filling up the DagBag from /home/airflow/.local/lib/python3.6/site-packages/airflow/example_dags/tutorial_etl_dag.py
[2022-01-19 18:24:08,257] {processor.py:654} INFO - DAG(s) dict_keys(['tutorial_etl_dag']) retrieved from /home/airflow/.local/lib/python3.6/site-packages/airflow/example_dags/tutorial_etl_dag.py
[2022-01-19 18:24:08,268] {logging_mixin.py:109} INFO - [2022-01-19 18:24:08,268] {dag.py:2396} INFO - Sync 1 DAGs
[2022-01-19 18:24:08,287] {logging_mixin.py:109} INFO - [2022-01-19 18:24:08,287] {dag.py:2935} INFO - Setting next_dagrun for tutorial_etl_dag to None
[2022-01-19 18:24:08,295] {processor.py:171} INFO - Processing /home/airflow/.local/lib/python3.6/site-packages/airflow/example_dags/tutorial_etl_dag.py took 0.076 seconds
[2022-01-19 18:24:38,609] {processor.py:163} INFO - Started process (PID=1966) to work on /home/airflow/.local/lib/python3.6/site-packages/airflow/example_dags/tutorial_etl_dag.py
[2022-01-19 18:24:38,610] {processor.py:642} INFO - Processing file /home/airflow/.local/lib/python3.6/site-packages/airflow/example_dags/tutorial_etl_dag.py for tasks to queue
[2022-01-19 18:24:38,610] {logging_mixin.py:109} INFO - [2022-01-19 18:24:38,610] {dagbag.py:500} INFO - Filling up the DagBag from /home/airflow/.local/lib/python3.6/site-packages/airflow/example_dags/tutorial_etl_dag.py
[2022-01-19 18:24:38,635] {processor.py:654} INFO - DAG(s) dict_keys(['tutorial_etl_dag']) retrieved from /home/airflow/.local/lib/python3.6/site-packages/airflow/example_dags/tutorial_etl_dag.py
[2022-01-19 18:24:38,648] {logging_mixin.py:109} INFO - [2022-01-19 18:24:38,648] {dag.py:2396} INFO - Sync 1 DAGs
[2022-01-19 18:24:38,665] {logging_mixin.py:109} INFO - [2022-01-19 18:24:38,665] {dag.py:2935} INFO - Setting next_dagrun for tutorial_etl_dag to None
[2022-01-19 18:24:38,675] {processor.py:171} INFO - Processing /home/airflow/.local/lib/python3.6/site-packages/airflow/example_dags/tutorial_etl_dag.py took 0.070 seconds
[2022-01-19 18:25:09,430] {processor.py:163} INFO - Started process (PID=2018) to work on /home/airflow/.local/lib/python3.6/site-packages/airflow/example_dags/tutorial_etl_dag.py
[2022-01-19 18:25:09,431] {processor.py:642} INFO - Processing file /home/airflow/.local/lib/python3.6/site-packages/airflow/example_dags/tutorial_etl_dag.py for tasks to queue
[2022-01-19 18:25:09,431] {logging_mixin.py:109} INFO - [2022-01-19 18:25:09,431] {dagbag.py:500} INFO - Filling up the DagBag from /home/airflow/.local/lib/python3.6/site-packages/airflow/example_dags/tutorial_etl_dag.py
[2022-01-19 18:25:09,453] {processor.py:654} INFO - DAG(s) dict_keys(['tutorial_etl_dag']) retrieved from /home/airflow/.local/lib/python3.6/site-packages/airflow/example_dags/tutorial_etl_dag.py
[2022-01-19 18:25:09,461] {logging_mixin.py:109} INFO - [2022-01-19 18:25:09,461] {dag.py:2396} INFO - Sync 1 DAGs
[2022-01-19 18:25:09,477] {logging_mixin.py:109} INFO - [2022-01-19 18:25:09,477] {dag.py:2935} INFO - Setting next_dagrun for tutorial_etl_dag to None
[2022-01-19 18:25:09,484] {processor.py:171} INFO - Processing /home/airflow/.local/lib/python3.6/site-packages/airflow/example_dags/tutorial_etl_dag.py took 0.056 seconds
[2022-01-19 18:25:40,114] {processor.py:163} INFO - Started process (PID=2082) to work on /home/airflow/.local/lib/python3.6/site-packages/airflow/example_dags/tutorial_etl_dag.py
[2022-01-19 18:25:40,115] {processor.py:642} INFO - Processing file /home/airflow/.local/lib/python3.6/site-packages/airflow/example_dags/tutorial_etl_dag.py for tasks to queue
[2022-01-19 18:25:40,116] {logging_mixin.py:109} INFO - [2022-01-19 18:25:40,116] {dagbag.py:500} INFO - Filling up the DagBag from /home/airflow/.local/lib/python3.6/site-packages/airflow/example_dags/tutorial_etl_dag.py
[2022-01-19 18:25:40,137] {processor.py:654} INFO - DAG(s) dict_keys(['tutorial_etl_dag']) retrieved from /home/airflow/.local/lib/python3.6/site-packages/airflow/example_dags/tutorial_etl_dag.py
[2022-01-19 18:25:40,146] {logging_mixin.py:109} INFO - [2022-01-19 18:25:40,145] {dag.py:2396} INFO - Sync 1 DAGs
[2022-01-19 18:25:40,161] {logging_mixin.py:109} INFO - [2022-01-19 18:25:40,161] {dag.py:2935} INFO - Setting next_dagrun for tutorial_etl_dag to None
[2022-01-19 18:25:40,168] {processor.py:171} INFO - Processing /home/airflow/.local/lib/python3.6/site-packages/airflow/example_dags/tutorial_etl_dag.py took 0.056 seconds
[2022-01-19 18:26:10,736] {processor.py:163} INFO - Started process (PID=2135) to work on /home/airflow/.local/lib/python3.6/site-packages/airflow/example_dags/tutorial_etl_dag.py
[2022-01-19 18:26:10,736] {processor.py:642} INFO - Processing file /home/airflow/.local/lib/python3.6/site-packages/airflow/example_dags/tutorial_etl_dag.py for tasks to queue
[2022-01-19 18:26:10,737] {logging_mixin.py:109} INFO - [2022-01-19 18:26:10,737] {dagbag.py:500} INFO - Filling up the DagBag from /home/airflow/.local/lib/python3.6/site-packages/airflow/example_dags/tutorial_etl_dag.py
[2022-01-19 18:26:10,758] {processor.py:654} INFO - DAG(s) dict_keys(['tutorial_etl_dag']) retrieved from /home/airflow/.local/lib/python3.6/site-packages/airflow/example_dags/tutorial_etl_dag.py
[2022-01-19 18:26:10,766] {logging_mixin.py:109} INFO - [2022-01-19 18:26:10,765] {dag.py:2396} INFO - Sync 1 DAGs
[2022-01-19 18:26:10,779] {logging_mixin.py:109} INFO - [2022-01-19 18:26:10,779] {dag.py:2935} INFO - Setting next_dagrun for tutorial_etl_dag to None
[2022-01-19 18:26:10,787] {processor.py:171} INFO - Processing /home/airflow/.local/lib/python3.6/site-packages/airflow/example_dags/tutorial_etl_dag.py took 0.053 seconds
[2022-01-19 18:26:41,395] {processor.py:163} INFO - Started process (PID=2198) to work on /home/airflow/.local/lib/python3.6/site-packages/airflow/example_dags/tutorial_etl_dag.py
[2022-01-19 18:26:41,396] {processor.py:642} INFO - Processing file /home/airflow/.local/lib/python3.6/site-packages/airflow/example_dags/tutorial_etl_dag.py for tasks to queue
[2022-01-19 18:26:41,396] {logging_mixin.py:109} INFO - [2022-01-19 18:26:41,396] {dagbag.py:500} INFO - Filling up the DagBag from /home/airflow/.local/lib/python3.6/site-packages/airflow/example_dags/tutorial_etl_dag.py
[2022-01-19 18:26:41,420] {processor.py:654} INFO - DAG(s) dict_keys(['tutorial_etl_dag']) retrieved from /home/airflow/.local/lib/python3.6/site-packages/airflow/example_dags/tutorial_etl_dag.py
[2022-01-19 18:26:41,428] {logging_mixin.py:109} INFO - [2022-01-19 18:26:41,428] {dag.py:2396} INFO - Sync 1 DAGs
[2022-01-19 18:26:41,444] {logging_mixin.py:109} INFO - [2022-01-19 18:26:41,444] {dag.py:2935} INFO - Setting next_dagrun for tutorial_etl_dag to None
[2022-01-19 18:26:41,452] {processor.py:171} INFO - Processing /home/airflow/.local/lib/python3.6/site-packages/airflow/example_dags/tutorial_etl_dag.py took 0.060 seconds
[2022-01-19 18:27:12,276] {processor.py:163} INFO - Started process (PID=2250) to work on /home/airflow/.local/lib/python3.6/site-packages/airflow/example_dags/tutorial_etl_dag.py
[2022-01-19 18:27:12,277] {processor.py:642} INFO - Processing file /home/airflow/.local/lib/python3.6/site-packages/airflow/example_dags/tutorial_etl_dag.py for tasks to queue
[2022-01-19 18:27:12,277] {logging_mixin.py:109} INFO - [2022-01-19 18:27:12,277] {dagbag.py:500} INFO - Filling up the DagBag from /home/airflow/.local/lib/python3.6/site-packages/airflow/example_dags/tutorial_etl_dag.py
[2022-01-19 18:27:12,299] {processor.py:654} INFO - DAG(s) dict_keys(['tutorial_etl_dag']) retrieved from /home/airflow/.local/lib/python3.6/site-packages/airflow/example_dags/tutorial_etl_dag.py
[2022-01-19 18:27:12,308] {logging_mixin.py:109} INFO - [2022-01-19 18:27:12,308] {dag.py:2396} INFO - Sync 1 DAGs
[2022-01-19 18:27:12,328] {logging_mixin.py:109} INFO - [2022-01-19 18:27:12,328] {dag.py:2935} INFO - Setting next_dagrun for tutorial_etl_dag to None
[2022-01-19 18:27:12,337] {processor.py:171} INFO - Processing /home/airflow/.local/lib/python3.6/site-packages/airflow/example_dags/tutorial_etl_dag.py took 0.064 seconds
[2022-01-19 18:27:42,444] {processor.py:163} INFO - Started process (PID=2302) to work on /home/airflow/.local/lib/python3.6/site-packages/airflow/example_dags/tutorial_etl_dag.py
[2022-01-19 18:27:42,445] {processor.py:642} INFO - Processing file /home/airflow/.local/lib/python3.6/site-packages/airflow/example_dags/tutorial_etl_dag.py for tasks to queue
[2022-01-19 18:27:42,446] {logging_mixin.py:109} INFO - [2022-01-19 18:27:42,446] {dagbag.py:500} INFO - Filling up the DagBag from /home/airflow/.local/lib/python3.6/site-packages/airflow/example_dags/tutorial_etl_dag.py
[2022-01-19 18:27:42,476] {processor.py:654} INFO - DAG(s) dict_keys(['tutorial_etl_dag']) retrieved from /home/airflow/.local/lib/python3.6/site-packages/airflow/example_dags/tutorial_etl_dag.py
[2022-01-19 18:27:42,486] {logging_mixin.py:109} INFO - [2022-01-19 18:27:42,486] {dag.py:2396} INFO - Sync 1 DAGs
[2022-01-19 18:27:42,504] {logging_mixin.py:109} INFO - [2022-01-19 18:27:42,504] {dag.py:2935} INFO - Setting next_dagrun for tutorial_etl_dag to None
[2022-01-19 18:27:42,512] {processor.py:171} INFO - Processing /home/airflow/.local/lib/python3.6/site-packages/airflow/example_dags/tutorial_etl_dag.py took 0.072 seconds
[2022-01-19 18:28:13,207] {processor.py:163} INFO - Started process (PID=2367) to work on /home/airflow/.local/lib/python3.6/site-packages/airflow/example_dags/tutorial_etl_dag.py
[2022-01-19 18:28:13,208] {processor.py:642} INFO - Processing file /home/airflow/.local/lib/python3.6/site-packages/airflow/example_dags/tutorial_etl_dag.py for tasks to queue
[2022-01-19 18:28:13,209] {logging_mixin.py:109} INFO - [2022-01-19 18:28:13,208] {dagbag.py:500} INFO - Filling up the DagBag from /home/airflow/.local/lib/python3.6/site-packages/airflow/example_dags/tutorial_etl_dag.py
[2022-01-19 18:28:13,230] {processor.py:654} INFO - DAG(s) dict_keys(['tutorial_etl_dag']) retrieved from /home/airflow/.local/lib/python3.6/site-packages/airflow/example_dags/tutorial_etl_dag.py
[2022-01-19 18:28:13,239] {logging_mixin.py:109} INFO - [2022-01-19 18:28:13,239] {dag.py:2396} INFO - Sync 1 DAGs
[2022-01-19 18:28:13,254] {logging_mixin.py:109} INFO - [2022-01-19 18:28:13,254] {dag.py:2935} INFO - Setting next_dagrun for tutorial_etl_dag to None
[2022-01-19 18:28:13,261] {processor.py:171} INFO - Processing /home/airflow/.local/lib/python3.6/site-packages/airflow/example_dags/tutorial_etl_dag.py took 0.056 seconds
[2022-01-19 18:28:44,156] {processor.py:163} INFO - Started process (PID=2420) to work on /home/airflow/.local/lib/python3.6/site-packages/airflow/example_dags/tutorial_etl_dag.py
[2022-01-19 18:28:44,157] {processor.py:642} INFO - Processing file /home/airflow/.local/lib/python3.6/site-packages/airflow/example_dags/tutorial_etl_dag.py for tasks to queue
[2022-01-19 18:28:44,157] {logging_mixin.py:109} INFO - [2022-01-19 18:28:44,157] {dagbag.py:500} INFO - Filling up the DagBag from /home/airflow/.local/lib/python3.6/site-packages/airflow/example_dags/tutorial_etl_dag.py
[2022-01-19 18:28:44,181] {processor.py:654} INFO - DAG(s) dict_keys(['tutorial_etl_dag']) retrieved from /home/airflow/.local/lib/python3.6/site-packages/airflow/example_dags/tutorial_etl_dag.py
[2022-01-19 18:28:44,190] {logging_mixin.py:109} INFO - [2022-01-19 18:28:44,190] {dag.py:2396} INFO - Sync 1 DAGs
[2022-01-19 18:28:44,206] {logging_mixin.py:109} INFO - [2022-01-19 18:28:44,206] {dag.py:2935} INFO - Setting next_dagrun for tutorial_etl_dag to None
[2022-01-19 18:28:44,213] {processor.py:171} INFO - Processing /home/airflow/.local/lib/python3.6/site-packages/airflow/example_dags/tutorial_etl_dag.py took 0.060 seconds
[2022-01-19 18:29:15,026] {processor.py:163} INFO - Started process (PID=2484) to work on /home/airflow/.local/lib/python3.6/site-packages/airflow/example_dags/tutorial_etl_dag.py
[2022-01-19 18:29:15,027] {processor.py:642} INFO - Processing file /home/airflow/.local/lib/python3.6/site-packages/airflow/example_dags/tutorial_etl_dag.py for tasks to queue
[2022-01-19 18:29:15,027] {logging_mixin.py:109} INFO - [2022-01-19 18:29:15,027] {dagbag.py:500} INFO - Filling up the DagBag from /home/airflow/.local/lib/python3.6/site-packages/airflow/example_dags/tutorial_etl_dag.py
[2022-01-19 18:29:15,050] {processor.py:654} INFO - DAG(s) dict_keys(['tutorial_etl_dag']) retrieved from /home/airflow/.local/lib/python3.6/site-packages/airflow/example_dags/tutorial_etl_dag.py
[2022-01-19 18:29:15,059] {logging_mixin.py:109} INFO - [2022-01-19 18:29:15,059] {dag.py:2396} INFO - Sync 1 DAGs
[2022-01-19 18:29:15,076] {logging_mixin.py:109} INFO - [2022-01-19 18:29:15,076] {dag.py:2935} INFO - Setting next_dagrun for tutorial_etl_dag to None
[2022-01-19 18:29:15,085] {processor.py:171} INFO - Processing /home/airflow/.local/lib/python3.6/site-packages/airflow/example_dags/tutorial_etl_dag.py took 0.061 seconds
[2022-01-19 18:29:45,790] {processor.py:163} INFO - Started process (PID=2537) to work on /home/airflow/.local/lib/python3.6/site-packages/airflow/example_dags/tutorial_etl_dag.py
[2022-01-19 18:29:45,791] {processor.py:642} INFO - Processing file /home/airflow/.local/lib/python3.6/site-packages/airflow/example_dags/tutorial_etl_dag.py for tasks to queue
[2022-01-19 18:29:45,791] {logging_mixin.py:109} INFO - [2022-01-19 18:29:45,791] {dagbag.py:500} INFO - Filling up the DagBag from /home/airflow/.local/lib/python3.6/site-packages/airflow/example_dags/tutorial_etl_dag.py
[2022-01-19 18:29:45,813] {processor.py:654} INFO - DAG(s) dict_keys(['tutorial_etl_dag']) retrieved from /home/airflow/.local/lib/python3.6/site-packages/airflow/example_dags/tutorial_etl_dag.py
[2022-01-19 18:29:45,822] {logging_mixin.py:109} INFO - [2022-01-19 18:29:45,822] {dag.py:2396} INFO - Sync 1 DAGs
[2022-01-19 18:29:45,837] {logging_mixin.py:109} INFO - [2022-01-19 18:29:45,837] {dag.py:2935} INFO - Setting next_dagrun for tutorial_etl_dag to None
[2022-01-19 18:29:45,845] {processor.py:171} INFO - Processing /home/airflow/.local/lib/python3.6/site-packages/airflow/example_dags/tutorial_etl_dag.py took 0.057 seconds
[2022-01-19 18:30:16,625] {processor.py:163} INFO - Started process (PID=2590) to work on /home/airflow/.local/lib/python3.6/site-packages/airflow/example_dags/tutorial_etl_dag.py
[2022-01-19 18:30:16,626] {processor.py:642} INFO - Processing file /home/airflow/.local/lib/python3.6/site-packages/airflow/example_dags/tutorial_etl_dag.py for tasks to queue
[2022-01-19 18:30:16,627] {logging_mixin.py:109} INFO - [2022-01-19 18:30:16,626] {dagbag.py:500} INFO - Filling up the DagBag from /home/airflow/.local/lib/python3.6/site-packages/airflow/example_dags/tutorial_etl_dag.py
[2022-01-19 18:30:16,649] {processor.py:654} INFO - DAG(s) dict_keys(['tutorial_etl_dag']) retrieved from /home/airflow/.local/lib/python3.6/site-packages/airflow/example_dags/tutorial_etl_dag.py
[2022-01-19 18:30:16,658] {logging_mixin.py:109} INFO - [2022-01-19 18:30:16,658] {dag.py:2396} INFO - Sync 1 DAGs
[2022-01-19 18:30:16,673] {logging_mixin.py:109} INFO - [2022-01-19 18:30:16,673] {dag.py:2935} INFO - Setting next_dagrun for tutorial_etl_dag to None
[2022-01-19 18:30:16,681] {processor.py:171} INFO - Processing /home/airflow/.local/lib/python3.6/site-packages/airflow/example_dags/tutorial_etl_dag.py took 0.058 seconds
[2022-01-19 18:30:47,218] {processor.py:163} INFO - Started process (PID=2652) to work on /home/airflow/.local/lib/python3.6/site-packages/airflow/example_dags/tutorial_etl_dag.py
[2022-01-19 18:30:47,219] {processor.py:642} INFO - Processing file /home/airflow/.local/lib/python3.6/site-packages/airflow/example_dags/tutorial_etl_dag.py for tasks to queue
[2022-01-19 18:30:47,220] {logging_mixin.py:109} INFO - [2022-01-19 18:30:47,220] {dagbag.py:500} INFO - Filling up the DagBag from /home/airflow/.local/lib/python3.6/site-packages/airflow/example_dags/tutorial_etl_dag.py
[2022-01-19 18:30:47,242] {processor.py:654} INFO - DAG(s) dict_keys(['tutorial_etl_dag']) retrieved from /home/airflow/.local/lib/python3.6/site-packages/airflow/example_dags/tutorial_etl_dag.py
[2022-01-19 18:30:47,254] {logging_mixin.py:109} INFO - [2022-01-19 18:30:47,254] {dag.py:2396} INFO - Sync 1 DAGs
[2022-01-19 18:30:47,272] {logging_mixin.py:109} INFO - [2022-01-19 18:30:47,272] {dag.py:2935} INFO - Setting next_dagrun for tutorial_etl_dag to None
[2022-01-19 18:30:47,279] {processor.py:171} INFO - Processing /home/airflow/.local/lib/python3.6/site-packages/airflow/example_dags/tutorial_etl_dag.py took 0.063 seconds
