[2022-01-19 18:09:27,077] {processor.py:163} INFO - Started process (PID=44) to work on /home/airflow/.local/lib/python3.6/site-packages/airflow/example_dags/tutorial.py
[2022-01-19 18:09:27,078] {processor.py:642} INFO - Processing file /home/airflow/.local/lib/python3.6/site-packages/airflow/example_dags/tutorial.py for tasks to queue
[2022-01-19 18:09:27,079] {logging_mixin.py:109} INFO - [2022-01-19 18:09:27,079] {dagbag.py:500} INFO - Filling up the DagBag from /home/airflow/.local/lib/python3.6/site-packages/airflow/example_dags/tutorial.py
[2022-01-19 18:09:27,153] {processor.py:654} INFO - DAG(s) dict_keys(['tutorial']) retrieved from /home/airflow/.local/lib/python3.6/site-packages/airflow/example_dags/tutorial.py
[2022-01-19 18:09:37,507] {logging_mixin.py:109} INFO - [2022-01-19 18:09:37,507] {manager.py:496} INFO - Created Permission View: can read on DAG:tutorial
[2022-01-19 18:09:37,554] {logging_mixin.py:109} INFO - [2022-01-19 18:09:37,554] {manager.py:496} INFO - Created Permission View: can edit on DAG:tutorial
[2022-01-19 18:09:37,557] {logging_mixin.py:109} INFO - [2022-01-19 18:09:37,555] {dag.py:2396} INFO - Sync 1 DAGs
[2022-01-19 18:09:37,580] {logging_mixin.py:109} INFO - [2022-01-19 18:09:37,577] {dag.py:2415} INFO - Creating ORM DAG for tutorial
[2022-01-19 18:09:37,601] {logging_mixin.py:109} INFO - [2022-01-19 18:09:37,601] {dag.py:2935} INFO - Setting next_dagrun for tutorial to 2022-01-18T18:09:37.600826+00:00
[2022-01-19 18:09:37,660] {processor.py:171} INFO - Processing /home/airflow/.local/lib/python3.6/site-packages/airflow/example_dags/tutorial.py took 10.587 seconds
[2022-01-19 18:10:17,849] {processor.py:163} INFO - Started process (PID=354) to work on /home/airflow/.local/lib/python3.6/site-packages/airflow/example_dags/tutorial.py
[2022-01-19 18:10:17,851] {processor.py:642} INFO - Processing file /home/airflow/.local/lib/python3.6/site-packages/airflow/example_dags/tutorial.py for tasks to queue
[2022-01-19 18:10:17,851] {logging_mixin.py:109} INFO - [2022-01-19 18:10:17,851] {dagbag.py:500} INFO - Filling up the DagBag from /home/airflow/.local/lib/python3.6/site-packages/airflow/example_dags/tutorial.py
[2022-01-19 18:10:17,885] {processor.py:654} INFO - DAG(s) dict_keys(['tutorial']) retrieved from /home/airflow/.local/lib/python3.6/site-packages/airflow/example_dags/tutorial.py
[2022-01-19 18:10:17,901] {logging_mixin.py:109} INFO - [2022-01-19 18:10:17,901] {dag.py:2396} INFO - Sync 1 DAGs
[2022-01-19 18:10:17,927] {logging_mixin.py:109} INFO - [2022-01-19 18:10:17,927] {dag.py:2935} INFO - Setting next_dagrun for tutorial to 2022-01-18T18:10:17.927258+00:00
[2022-01-19 18:10:17,938] {processor.py:171} INFO - Processing /home/airflow/.local/lib/python3.6/site-packages/airflow/example_dags/tutorial.py took 0.092 seconds
[2022-01-19 18:10:47,962] {processor.py:163} INFO - Started process (PID=408) to work on /home/airflow/.local/lib/python3.6/site-packages/airflow/example_dags/tutorial.py
[2022-01-19 18:10:47,963] {processor.py:642} INFO - Processing file /home/airflow/.local/lib/python3.6/site-packages/airflow/example_dags/tutorial.py for tasks to queue
[2022-01-19 18:10:47,963] {logging_mixin.py:109} INFO - [2022-01-19 18:10:47,963] {dagbag.py:500} INFO - Filling up the DagBag from /home/airflow/.local/lib/python3.6/site-packages/airflow/example_dags/tutorial.py
[2022-01-19 18:10:47,989] {processor.py:654} INFO - DAG(s) dict_keys(['tutorial']) retrieved from /home/airflow/.local/lib/python3.6/site-packages/airflow/example_dags/tutorial.py
[2022-01-19 18:10:47,999] {logging_mixin.py:109} INFO - [2022-01-19 18:10:47,999] {dag.py:2396} INFO - Sync 1 DAGs
[2022-01-19 18:10:48,013] {logging_mixin.py:109} INFO - [2022-01-19 18:10:48,013] {dag.py:2935} INFO - Setting next_dagrun for tutorial to 2022-01-18T18:10:48.013113+00:00
[2022-01-19 18:10:48,020] {processor.py:171} INFO - Processing /home/airflow/.local/lib/python3.6/site-packages/airflow/example_dags/tutorial.py took 0.060 seconds
[2022-01-19 18:11:18,147] {processor.py:163} INFO - Started process (PID=458) to work on /home/airflow/.local/lib/python3.6/site-packages/airflow/example_dags/tutorial.py
[2022-01-19 18:11:18,149] {processor.py:642} INFO - Processing file /home/airflow/.local/lib/python3.6/site-packages/airflow/example_dags/tutorial.py for tasks to queue
[2022-01-19 18:11:18,149] {logging_mixin.py:109} INFO - [2022-01-19 18:11:18,149] {dagbag.py:500} INFO - Filling up the DagBag from /home/airflow/.local/lib/python3.6/site-packages/airflow/example_dags/tutorial.py
[2022-01-19 18:11:18,174] {processor.py:654} INFO - DAG(s) dict_keys(['tutorial']) retrieved from /home/airflow/.local/lib/python3.6/site-packages/airflow/example_dags/tutorial.py
[2022-01-19 18:11:18,186] {logging_mixin.py:109} INFO - [2022-01-19 18:11:18,186] {dag.py:2396} INFO - Sync 1 DAGs
[2022-01-19 18:11:18,206] {logging_mixin.py:109} INFO - [2022-01-19 18:11:18,206] {dag.py:2935} INFO - Setting next_dagrun for tutorial to 2022-01-18T18:11:18.206495+00:00
[2022-01-19 18:11:18,219] {processor.py:171} INFO - Processing /home/airflow/.local/lib/python3.6/site-packages/airflow/example_dags/tutorial.py took 0.074 seconds
[2022-01-19 18:11:48,412] {processor.py:163} INFO - Started process (PID=517) to work on /home/airflow/.local/lib/python3.6/site-packages/airflow/example_dags/tutorial.py
[2022-01-19 18:11:48,413] {processor.py:642} INFO - Processing file /home/airflow/.local/lib/python3.6/site-packages/airflow/example_dags/tutorial.py for tasks to queue
[2022-01-19 18:11:48,414] {logging_mixin.py:109} INFO - [2022-01-19 18:11:48,414] {dagbag.py:500} INFO - Filling up the DagBag from /home/airflow/.local/lib/python3.6/site-packages/airflow/example_dags/tutorial.py
[2022-01-19 18:11:48,441] {processor.py:654} INFO - DAG(s) dict_keys(['tutorial']) retrieved from /home/airflow/.local/lib/python3.6/site-packages/airflow/example_dags/tutorial.py
[2022-01-19 18:11:48,449] {logging_mixin.py:109} INFO - [2022-01-19 18:11:48,449] {dag.py:2396} INFO - Sync 1 DAGs
[2022-01-19 18:11:48,463] {logging_mixin.py:109} INFO - [2022-01-19 18:11:48,463] {dag.py:2935} INFO - Setting next_dagrun for tutorial to 2022-01-18T18:11:48.463303+00:00
[2022-01-19 18:11:48,470] {processor.py:171} INFO - Processing /home/airflow/.local/lib/python3.6/site-packages/airflow/example_dags/tutorial.py took 0.061 seconds
[2022-01-19 18:12:18,679] {processor.py:163} INFO - Started process (PID=574) to work on /home/airflow/.local/lib/python3.6/site-packages/airflow/example_dags/tutorial.py
[2022-01-19 18:12:18,680] {processor.py:642} INFO - Processing file /home/airflow/.local/lib/python3.6/site-packages/airflow/example_dags/tutorial.py for tasks to queue
[2022-01-19 18:12:18,681] {logging_mixin.py:109} INFO - [2022-01-19 18:12:18,681] {dagbag.py:500} INFO - Filling up the DagBag from /home/airflow/.local/lib/python3.6/site-packages/airflow/example_dags/tutorial.py
[2022-01-19 18:12:18,706] {processor.py:654} INFO - DAG(s) dict_keys(['tutorial']) retrieved from /home/airflow/.local/lib/python3.6/site-packages/airflow/example_dags/tutorial.py
[2022-01-19 18:12:18,716] {logging_mixin.py:109} INFO - [2022-01-19 18:12:18,716] {dag.py:2396} INFO - Sync 1 DAGs
[2022-01-19 18:12:18,733] {logging_mixin.py:109} INFO - [2022-01-19 18:12:18,733] {dag.py:2935} INFO - Setting next_dagrun for tutorial to 2022-01-18T18:12:18.733462+00:00
[2022-01-19 18:12:18,746] {processor.py:171} INFO - Processing /home/airflow/.local/lib/python3.6/site-packages/airflow/example_dags/tutorial.py took 0.069 seconds
[2022-01-19 18:12:49,359] {processor.py:163} INFO - Started process (PID=626) to work on /home/airflow/.local/lib/python3.6/site-packages/airflow/example_dags/tutorial.py
[2022-01-19 18:12:49,360] {processor.py:642} INFO - Processing file /home/airflow/.local/lib/python3.6/site-packages/airflow/example_dags/tutorial.py for tasks to queue
[2022-01-19 18:12:49,361] {logging_mixin.py:109} INFO - [2022-01-19 18:12:49,361] {dagbag.py:500} INFO - Filling up the DagBag from /home/airflow/.local/lib/python3.6/site-packages/airflow/example_dags/tutorial.py
[2022-01-19 18:12:49,384] {processor.py:654} INFO - DAG(s) dict_keys(['tutorial']) retrieved from /home/airflow/.local/lib/python3.6/site-packages/airflow/example_dags/tutorial.py
[2022-01-19 18:12:49,395] {logging_mixin.py:109} INFO - [2022-01-19 18:12:49,395] {dag.py:2396} INFO - Sync 1 DAGs
[2022-01-19 18:12:49,412] {logging_mixin.py:109} INFO - [2022-01-19 18:12:49,411] {dag.py:2935} INFO - Setting next_dagrun for tutorial to 2022-01-18T18:12:49.411706+00:00
[2022-01-19 18:12:49,421] {processor.py:171} INFO - Processing /home/airflow/.local/lib/python3.6/site-packages/airflow/example_dags/tutorial.py took 0.064 seconds
[2022-01-19 18:13:19,835] {processor.py:163} INFO - Started process (PID=698) to work on /home/airflow/.local/lib/python3.6/site-packages/airflow/example_dags/tutorial.py
[2022-01-19 18:13:19,837] {processor.py:642} INFO - Processing file /home/airflow/.local/lib/python3.6/site-packages/airflow/example_dags/tutorial.py for tasks to queue
[2022-01-19 18:13:19,838] {logging_mixin.py:109} INFO - [2022-01-19 18:13:19,838] {dagbag.py:500} INFO - Filling up the DagBag from /home/airflow/.local/lib/python3.6/site-packages/airflow/example_dags/tutorial.py
[2022-01-19 18:13:19,877] {processor.py:654} INFO - DAG(s) dict_keys(['tutorial']) retrieved from /home/airflow/.local/lib/python3.6/site-packages/airflow/example_dags/tutorial.py
[2022-01-19 18:13:19,900] {logging_mixin.py:109} INFO - [2022-01-19 18:13:19,899] {dag.py:2396} INFO - Sync 1 DAGs
[2022-01-19 18:13:19,937] {logging_mixin.py:109} INFO - [2022-01-19 18:13:19,937] {dag.py:2935} INFO - Setting next_dagrun for tutorial to 2022-01-18T18:13:19.936905+00:00
[2022-01-19 18:13:19,954] {processor.py:171} INFO - Processing /home/airflow/.local/lib/python3.6/site-packages/airflow/example_dags/tutorial.py took 0.122 seconds
[2022-01-19 18:13:50,535] {processor.py:163} INFO - Started process (PID=759) to work on /home/airflow/.local/lib/python3.6/site-packages/airflow/example_dags/tutorial.py
[2022-01-19 18:13:50,536] {processor.py:642} INFO - Processing file /home/airflow/.local/lib/python3.6/site-packages/airflow/example_dags/tutorial.py for tasks to queue
[2022-01-19 18:13:50,537] {logging_mixin.py:109} INFO - [2022-01-19 18:13:50,537] {dagbag.py:500} INFO - Filling up the DagBag from /home/airflow/.local/lib/python3.6/site-packages/airflow/example_dags/tutorial.py
[2022-01-19 18:13:50,560] {processor.py:654} INFO - DAG(s) dict_keys(['tutorial']) retrieved from /home/airflow/.local/lib/python3.6/site-packages/airflow/example_dags/tutorial.py
[2022-01-19 18:13:50,568] {logging_mixin.py:109} INFO - [2022-01-19 18:13:50,568] {dag.py:2396} INFO - Sync 1 DAGs
[2022-01-19 18:13:50,583] {logging_mixin.py:109} INFO - [2022-01-19 18:13:50,583] {dag.py:2935} INFO - Setting next_dagrun for tutorial to 2022-01-18T18:13:50.583009+00:00
[2022-01-19 18:13:50,590] {processor.py:171} INFO - Processing /home/airflow/.local/lib/python3.6/site-packages/airflow/example_dags/tutorial.py took 0.057 seconds
[2022-01-19 18:14:21,284] {processor.py:163} INFO - Started process (PID=811) to work on /home/airflow/.local/lib/python3.6/site-packages/airflow/example_dags/tutorial.py
[2022-01-19 18:14:21,285] {processor.py:642} INFO - Processing file /home/airflow/.local/lib/python3.6/site-packages/airflow/example_dags/tutorial.py for tasks to queue
[2022-01-19 18:14:21,285] {logging_mixin.py:109} INFO - [2022-01-19 18:14:21,285] {dagbag.py:500} INFO - Filling up the DagBag from /home/airflow/.local/lib/python3.6/site-packages/airflow/example_dags/tutorial.py
[2022-01-19 18:14:21,310] {processor.py:654} INFO - DAG(s) dict_keys(['tutorial']) retrieved from /home/airflow/.local/lib/python3.6/site-packages/airflow/example_dags/tutorial.py
[2022-01-19 18:14:21,320] {logging_mixin.py:109} INFO - [2022-01-19 18:14:21,320] {dag.py:2396} INFO - Sync 1 DAGs
[2022-01-19 18:14:21,336] {logging_mixin.py:109} INFO - [2022-01-19 18:14:21,336] {dag.py:2935} INFO - Setting next_dagrun for tutorial to 2022-01-18T18:14:21.335956+00:00
[2022-01-19 18:14:21,344] {processor.py:171} INFO - Processing /home/airflow/.local/lib/python3.6/site-packages/airflow/example_dags/tutorial.py took 0.063 seconds
[2022-01-19 18:14:51,766] {processor.py:163} INFO - Started process (PID=873) to work on /home/airflow/.local/lib/python3.6/site-packages/airflow/example_dags/tutorial.py
[2022-01-19 18:14:51,767] {processor.py:642} INFO - Processing file /home/airflow/.local/lib/python3.6/site-packages/airflow/example_dags/tutorial.py for tasks to queue
[2022-01-19 18:14:51,768] {logging_mixin.py:109} INFO - [2022-01-19 18:14:51,768] {dagbag.py:500} INFO - Filling up the DagBag from /home/airflow/.local/lib/python3.6/site-packages/airflow/example_dags/tutorial.py
[2022-01-19 18:14:51,797] {processor.py:654} INFO - DAG(s) dict_keys(['tutorial']) retrieved from /home/airflow/.local/lib/python3.6/site-packages/airflow/example_dags/tutorial.py
[2022-01-19 18:14:51,806] {logging_mixin.py:109} INFO - [2022-01-19 18:14:51,806] {dag.py:2396} INFO - Sync 1 DAGs
[2022-01-19 18:14:51,822] {logging_mixin.py:109} INFO - [2022-01-19 18:14:51,822] {dag.py:2935} INFO - Setting next_dagrun for tutorial to 2022-01-18T18:14:51.822378+00:00
[2022-01-19 18:14:51,832] {processor.py:171} INFO - Processing /home/airflow/.local/lib/python3.6/site-packages/airflow/example_dags/tutorial.py took 0.069 seconds
[2022-01-19 18:15:22,117] {processor.py:163} INFO - Started process (PID=925) to work on /home/airflow/.local/lib/python3.6/site-packages/airflow/example_dags/tutorial.py
[2022-01-19 18:15:22,118] {processor.py:642} INFO - Processing file /home/airflow/.local/lib/python3.6/site-packages/airflow/example_dags/tutorial.py for tasks to queue
[2022-01-19 18:15:22,118] {logging_mixin.py:109} INFO - [2022-01-19 18:15:22,118] {dagbag.py:500} INFO - Filling up the DagBag from /home/airflow/.local/lib/python3.6/site-packages/airflow/example_dags/tutorial.py
[2022-01-19 18:15:22,144] {processor.py:654} INFO - DAG(s) dict_keys(['tutorial']) retrieved from /home/airflow/.local/lib/python3.6/site-packages/airflow/example_dags/tutorial.py
[2022-01-19 18:15:22,152] {logging_mixin.py:109} INFO - [2022-01-19 18:15:22,152] {dag.py:2396} INFO - Sync 1 DAGs
[2022-01-19 18:15:22,166] {logging_mixin.py:109} INFO - [2022-01-19 18:15:22,166] {dag.py:2935} INFO - Setting next_dagrun for tutorial to 2022-01-18T18:15:22.166374+00:00
[2022-01-19 18:15:22,174] {processor.py:171} INFO - Processing /home/airflow/.local/lib/python3.6/site-packages/airflow/example_dags/tutorial.py took 0.059 seconds
[2022-01-19 18:15:52,652] {processor.py:163} INFO - Started process (PID=988) to work on /home/airflow/.local/lib/python3.6/site-packages/airflow/example_dags/tutorial.py
[2022-01-19 18:15:52,654] {processor.py:642} INFO - Processing file /home/airflow/.local/lib/python3.6/site-packages/airflow/example_dags/tutorial.py for tasks to queue
[2022-01-19 18:15:52,654] {logging_mixin.py:109} INFO - [2022-01-19 18:15:52,654] {dagbag.py:500} INFO - Filling up the DagBag from /home/airflow/.local/lib/python3.6/site-packages/airflow/example_dags/tutorial.py
[2022-01-19 18:15:52,678] {processor.py:654} INFO - DAG(s) dict_keys(['tutorial']) retrieved from /home/airflow/.local/lib/python3.6/site-packages/airflow/example_dags/tutorial.py
[2022-01-19 18:15:52,690] {logging_mixin.py:109} INFO - [2022-01-19 18:15:52,689] {dag.py:2396} INFO - Sync 1 DAGs
[2022-01-19 18:15:52,709] {logging_mixin.py:109} INFO - [2022-01-19 18:15:52,708] {dag.py:2935} INFO - Setting next_dagrun for tutorial to 2022-01-18T18:15:52.708597+00:00
[2022-01-19 18:15:52,717] {processor.py:171} INFO - Processing /home/airflow/.local/lib/python3.6/site-packages/airflow/example_dags/tutorial.py took 0.067 seconds
[2022-01-19 18:16:22,994] {processor.py:163} INFO - Started process (PID=1040) to work on /home/airflow/.local/lib/python3.6/site-packages/airflow/example_dags/tutorial.py
[2022-01-19 18:16:22,995] {processor.py:642} INFO - Processing file /home/airflow/.local/lib/python3.6/site-packages/airflow/example_dags/tutorial.py for tasks to queue
[2022-01-19 18:16:22,996] {logging_mixin.py:109} INFO - [2022-01-19 18:16:22,996] {dagbag.py:500} INFO - Filling up the DagBag from /home/airflow/.local/lib/python3.6/site-packages/airflow/example_dags/tutorial.py
[2022-01-19 18:16:23,055] {processor.py:654} INFO - DAG(s) dict_keys(['tutorial']) retrieved from /home/airflow/.local/lib/python3.6/site-packages/airflow/example_dags/tutorial.py
[2022-01-19 18:16:23,073] {logging_mixin.py:109} INFO - [2022-01-19 18:16:23,073] {dag.py:2396} INFO - Sync 1 DAGs
[2022-01-19 18:16:23,100] {logging_mixin.py:109} INFO - [2022-01-19 18:16:23,100] {dag.py:2935} INFO - Setting next_dagrun for tutorial to 2022-01-18T18:16:23.099666+00:00
[2022-01-19 18:16:23,113] {processor.py:171} INFO - Processing /home/airflow/.local/lib/python3.6/site-packages/airflow/example_dags/tutorial.py took 0.123 seconds
[2022-01-19 18:16:53,828] {processor.py:163} INFO - Started process (PID=1102) to work on /home/airflow/.local/lib/python3.6/site-packages/airflow/example_dags/tutorial.py
[2022-01-19 18:16:53,829] {processor.py:642} INFO - Processing file /home/airflow/.local/lib/python3.6/site-packages/airflow/example_dags/tutorial.py for tasks to queue
[2022-01-19 18:16:53,830] {logging_mixin.py:109} INFO - [2022-01-19 18:16:53,830] {dagbag.py:500} INFO - Filling up the DagBag from /home/airflow/.local/lib/python3.6/site-packages/airflow/example_dags/tutorial.py
[2022-01-19 18:16:53,856] {processor.py:654} INFO - DAG(s) dict_keys(['tutorial']) retrieved from /home/airflow/.local/lib/python3.6/site-packages/airflow/example_dags/tutorial.py
[2022-01-19 18:16:53,867] {logging_mixin.py:109} INFO - [2022-01-19 18:16:53,866] {dag.py:2396} INFO - Sync 1 DAGs
[2022-01-19 18:16:53,884] {logging_mixin.py:109} INFO - [2022-01-19 18:16:53,884] {dag.py:2935} INFO - Setting next_dagrun for tutorial to 2022-01-18T18:16:53.884045+00:00
[2022-01-19 18:16:53,892] {processor.py:171} INFO - Processing /home/airflow/.local/lib/python3.6/site-packages/airflow/example_dags/tutorial.py took 0.065 seconds
[2022-01-19 18:17:24,241] {processor.py:163} INFO - Started process (PID=1155) to work on /home/airflow/.local/lib/python3.6/site-packages/airflow/example_dags/tutorial.py
[2022-01-19 18:17:24,242] {processor.py:642} INFO - Processing file /home/airflow/.local/lib/python3.6/site-packages/airflow/example_dags/tutorial.py for tasks to queue
[2022-01-19 18:17:24,242] {logging_mixin.py:109} INFO - [2022-01-19 18:17:24,242] {dagbag.py:500} INFO - Filling up the DagBag from /home/airflow/.local/lib/python3.6/site-packages/airflow/example_dags/tutorial.py
[2022-01-19 18:17:24,266] {processor.py:654} INFO - DAG(s) dict_keys(['tutorial']) retrieved from /home/airflow/.local/lib/python3.6/site-packages/airflow/example_dags/tutorial.py
[2022-01-19 18:17:24,275] {logging_mixin.py:109} INFO - [2022-01-19 18:17:24,275] {dag.py:2396} INFO - Sync 1 DAGs
[2022-01-19 18:17:24,289] {logging_mixin.py:109} INFO - [2022-01-19 18:17:24,289] {dag.py:2935} INFO - Setting next_dagrun for tutorial to 2022-01-18T18:17:24.289605+00:00
[2022-01-19 18:17:24,300] {processor.py:171} INFO - Processing /home/airflow/.local/lib/python3.6/site-packages/airflow/example_dags/tutorial.py took 0.061 seconds
[2022-01-19 18:17:54,469] {processor.py:163} INFO - Started process (PID=1208) to work on /home/airflow/.local/lib/python3.6/site-packages/airflow/example_dags/tutorial.py
[2022-01-19 18:17:54,470] {processor.py:642} INFO - Processing file /home/airflow/.local/lib/python3.6/site-packages/airflow/example_dags/tutorial.py for tasks to queue
[2022-01-19 18:17:54,471] {logging_mixin.py:109} INFO - [2022-01-19 18:17:54,471] {dagbag.py:500} INFO - Filling up the DagBag from /home/airflow/.local/lib/python3.6/site-packages/airflow/example_dags/tutorial.py
[2022-01-19 18:17:54,498] {processor.py:654} INFO - DAG(s) dict_keys(['tutorial']) retrieved from /home/airflow/.local/lib/python3.6/site-packages/airflow/example_dags/tutorial.py
[2022-01-19 18:17:54,509] {logging_mixin.py:109} INFO - [2022-01-19 18:17:54,509] {dag.py:2396} INFO - Sync 1 DAGs
[2022-01-19 18:17:54,530] {logging_mixin.py:109} INFO - [2022-01-19 18:17:54,530] {dag.py:2935} INFO - Setting next_dagrun for tutorial to 2022-01-18T18:17:54.530018+00:00
[2022-01-19 18:17:54,539] {processor.py:171} INFO - Processing /home/airflow/.local/lib/python3.6/site-packages/airflow/example_dags/tutorial.py took 0.073 seconds
[2022-01-19 18:18:25,143] {processor.py:163} INFO - Started process (PID=1270) to work on /home/airflow/.local/lib/python3.6/site-packages/airflow/example_dags/tutorial.py
[2022-01-19 18:18:25,145] {processor.py:642} INFO - Processing file /home/airflow/.local/lib/python3.6/site-packages/airflow/example_dags/tutorial.py for tasks to queue
[2022-01-19 18:18:25,145] {logging_mixin.py:109} INFO - [2022-01-19 18:18:25,145] {dagbag.py:500} INFO - Filling up the DagBag from /home/airflow/.local/lib/python3.6/site-packages/airflow/example_dags/tutorial.py
[2022-01-19 18:18:25,176] {processor.py:654} INFO - DAG(s) dict_keys(['tutorial']) retrieved from /home/airflow/.local/lib/python3.6/site-packages/airflow/example_dags/tutorial.py
[2022-01-19 18:18:25,186] {logging_mixin.py:109} INFO - [2022-01-19 18:18:25,186] {dag.py:2396} INFO - Sync 1 DAGs
[2022-01-19 18:18:25,210] {logging_mixin.py:109} INFO - [2022-01-19 18:18:25,209] {dag.py:2935} INFO - Setting next_dagrun for tutorial to 2022-01-18T18:18:25.209559+00:00
[2022-01-19 18:18:25,222] {processor.py:171} INFO - Processing /home/airflow/.local/lib/python3.6/site-packages/airflow/example_dags/tutorial.py took 0.081 seconds
[2022-01-19 18:18:55,577] {processor.py:163} INFO - Started process (PID=1322) to work on /home/airflow/.local/lib/python3.6/site-packages/airflow/example_dags/tutorial.py
[2022-01-19 18:18:55,578] {processor.py:642} INFO - Processing file /home/airflow/.local/lib/python3.6/site-packages/airflow/example_dags/tutorial.py for tasks to queue
[2022-01-19 18:18:55,578] {logging_mixin.py:109} INFO - [2022-01-19 18:18:55,578] {dagbag.py:500} INFO - Filling up the DagBag from /home/airflow/.local/lib/python3.6/site-packages/airflow/example_dags/tutorial.py
[2022-01-19 18:18:55,606] {processor.py:654} INFO - DAG(s) dict_keys(['tutorial']) retrieved from /home/airflow/.local/lib/python3.6/site-packages/airflow/example_dags/tutorial.py
[2022-01-19 18:18:55,619] {logging_mixin.py:109} INFO - [2022-01-19 18:18:55,619] {dag.py:2396} INFO - Sync 1 DAGs
[2022-01-19 18:18:55,636] {logging_mixin.py:109} INFO - [2022-01-19 18:18:55,636] {dag.py:2935} INFO - Setting next_dagrun for tutorial to 2022-01-18T18:18:55.635801+00:00
[2022-01-19 18:18:55,646] {processor.py:171} INFO - Processing /home/airflow/.local/lib/python3.6/site-packages/airflow/example_dags/tutorial.py took 0.072 seconds
[2022-01-19 18:19:26,165] {processor.py:163} INFO - Started process (PID=1384) to work on /home/airflow/.local/lib/python3.6/site-packages/airflow/example_dags/tutorial.py
[2022-01-19 18:19:26,166] {processor.py:642} INFO - Processing file /home/airflow/.local/lib/python3.6/site-packages/airflow/example_dags/tutorial.py for tasks to queue
[2022-01-19 18:19:26,167] {logging_mixin.py:109} INFO - [2022-01-19 18:19:26,167] {dagbag.py:500} INFO - Filling up the DagBag from /home/airflow/.local/lib/python3.6/site-packages/airflow/example_dags/tutorial.py
[2022-01-19 18:19:26,200] {processor.py:654} INFO - DAG(s) dict_keys(['tutorial']) retrieved from /home/airflow/.local/lib/python3.6/site-packages/airflow/example_dags/tutorial.py
[2022-01-19 18:19:26,210] {logging_mixin.py:109} INFO - [2022-01-19 18:19:26,210] {dag.py:2396} INFO - Sync 1 DAGs
[2022-01-19 18:19:26,226] {logging_mixin.py:109} INFO - [2022-01-19 18:19:26,226] {dag.py:2935} INFO - Setting next_dagrun for tutorial to 2022-01-18T18:19:26.226271+00:00
[2022-01-19 18:19:26,235] {processor.py:171} INFO - Processing /home/airflow/.local/lib/python3.6/site-packages/airflow/example_dags/tutorial.py took 0.072 seconds
[2022-01-19 18:19:56,512] {processor.py:163} INFO - Started process (PID=1437) to work on /home/airflow/.local/lib/python3.6/site-packages/airflow/example_dags/tutorial.py
[2022-01-19 18:19:56,513] {processor.py:642} INFO - Processing file /home/airflow/.local/lib/python3.6/site-packages/airflow/example_dags/tutorial.py for tasks to queue
[2022-01-19 18:19:56,514] {logging_mixin.py:109} INFO - [2022-01-19 18:19:56,514] {dagbag.py:500} INFO - Filling up the DagBag from /home/airflow/.local/lib/python3.6/site-packages/airflow/example_dags/tutorial.py
[2022-01-19 18:19:56,556] {processor.py:654} INFO - DAG(s) dict_keys(['tutorial']) retrieved from /home/airflow/.local/lib/python3.6/site-packages/airflow/example_dags/tutorial.py
[2022-01-19 18:19:56,574] {logging_mixin.py:109} INFO - [2022-01-19 18:19:56,574] {dag.py:2396} INFO - Sync 1 DAGs
[2022-01-19 18:19:56,603] {logging_mixin.py:109} INFO - [2022-01-19 18:19:56,603] {dag.py:2935} INFO - Setting next_dagrun for tutorial to 2022-01-18T18:19:56.603155+00:00
[2022-01-19 18:19:56,615] {processor.py:171} INFO - Processing /home/airflow/.local/lib/python3.6/site-packages/airflow/example_dags/tutorial.py took 0.108 seconds
[2022-01-19 18:20:27,180] {processor.py:163} INFO - Started process (PID=1489) to work on /home/airflow/.local/lib/python3.6/site-packages/airflow/example_dags/tutorial.py
[2022-01-19 18:20:27,182] {processor.py:642} INFO - Processing file /home/airflow/.local/lib/python3.6/site-packages/airflow/example_dags/tutorial.py for tasks to queue
[2022-01-19 18:20:27,182] {logging_mixin.py:109} INFO - [2022-01-19 18:20:27,182] {dagbag.py:500} INFO - Filling up the DagBag from /home/airflow/.local/lib/python3.6/site-packages/airflow/example_dags/tutorial.py
[2022-01-19 18:20:27,205] {processor.py:654} INFO - DAG(s) dict_keys(['tutorial']) retrieved from /home/airflow/.local/lib/python3.6/site-packages/airflow/example_dags/tutorial.py
[2022-01-19 18:20:27,216] {logging_mixin.py:109} INFO - [2022-01-19 18:20:27,216] {dag.py:2396} INFO - Sync 1 DAGs
[2022-01-19 18:20:27,233] {logging_mixin.py:109} INFO - [2022-01-19 18:20:27,232] {dag.py:2935} INFO - Setting next_dagrun for tutorial to 2022-01-18T18:20:27.232645+00:00
[2022-01-19 18:20:27,240] {processor.py:171} INFO - Processing /home/airflow/.local/lib/python3.6/site-packages/airflow/example_dags/tutorial.py took 0.062 seconds
[2022-01-19 18:20:57,413] {processor.py:163} INFO - Started process (PID=1551) to work on /home/airflow/.local/lib/python3.6/site-packages/airflow/example_dags/tutorial.py
[2022-01-19 18:20:57,414] {processor.py:642} INFO - Processing file /home/airflow/.local/lib/python3.6/site-packages/airflow/example_dags/tutorial.py for tasks to queue
[2022-01-19 18:20:57,414] {logging_mixin.py:109} INFO - [2022-01-19 18:20:57,414] {dagbag.py:500} INFO - Filling up the DagBag from /home/airflow/.local/lib/python3.6/site-packages/airflow/example_dags/tutorial.py
[2022-01-19 18:20:57,441] {processor.py:654} INFO - DAG(s) dict_keys(['tutorial']) retrieved from /home/airflow/.local/lib/python3.6/site-packages/airflow/example_dags/tutorial.py
[2022-01-19 18:20:57,451] {logging_mixin.py:109} INFO - [2022-01-19 18:20:57,451] {dag.py:2396} INFO - Sync 1 DAGs
[2022-01-19 18:20:57,466] {logging_mixin.py:109} INFO - [2022-01-19 18:20:57,466] {dag.py:2935} INFO - Setting next_dagrun for tutorial to 2022-01-18T18:20:57.466441+00:00
[2022-01-19 18:20:57,476] {processor.py:171} INFO - Processing /home/airflow/.local/lib/python3.6/site-packages/airflow/example_dags/tutorial.py took 0.066 seconds
[2022-01-19 18:21:28,220] {processor.py:163} INFO - Started process (PID=1600) to work on /home/airflow/.local/lib/python3.6/site-packages/airflow/example_dags/tutorial.py
[2022-01-19 18:21:28,221] {processor.py:642} INFO - Processing file /home/airflow/.local/lib/python3.6/site-packages/airflow/example_dags/tutorial.py for tasks to queue
[2022-01-19 18:21:28,221] {logging_mixin.py:109} INFO - [2022-01-19 18:21:28,221] {dagbag.py:500} INFO - Filling up the DagBag from /home/airflow/.local/lib/python3.6/site-packages/airflow/example_dags/tutorial.py
[2022-01-19 18:21:28,248] {processor.py:654} INFO - DAG(s) dict_keys(['tutorial']) retrieved from /home/airflow/.local/lib/python3.6/site-packages/airflow/example_dags/tutorial.py
[2022-01-19 18:21:28,260] {logging_mixin.py:109} INFO - [2022-01-19 18:21:28,260] {dag.py:2396} INFO - Sync 1 DAGs
[2022-01-19 18:21:28,286] {logging_mixin.py:109} INFO - [2022-01-19 18:21:28,285] {dag.py:2935} INFO - Setting next_dagrun for tutorial to 2022-01-18T18:21:28.285650+00:00
[2022-01-19 18:21:28,301] {processor.py:171} INFO - Processing /home/airflow/.local/lib/python3.6/site-packages/airflow/example_dags/tutorial.py took 0.084 seconds
[2022-01-19 18:21:58,364] {processor.py:163} INFO - Started process (PID=1653) to work on /home/airflow/.local/lib/python3.6/site-packages/airflow/example_dags/tutorial.py
[2022-01-19 18:21:58,365] {processor.py:642} INFO - Processing file /home/airflow/.local/lib/python3.6/site-packages/airflow/example_dags/tutorial.py for tasks to queue
[2022-01-19 18:21:58,366] {logging_mixin.py:109} INFO - [2022-01-19 18:21:58,366] {dagbag.py:500} INFO - Filling up the DagBag from /home/airflow/.local/lib/python3.6/site-packages/airflow/example_dags/tutorial.py
[2022-01-19 18:21:58,426] {processor.py:654} INFO - DAG(s) dict_keys(['tutorial']) retrieved from /home/airflow/.local/lib/python3.6/site-packages/airflow/example_dags/tutorial.py
[2022-01-19 18:21:58,448] {logging_mixin.py:109} INFO - [2022-01-19 18:21:58,448] {dag.py:2396} INFO - Sync 1 DAGs
[2022-01-19 18:21:58,478] {logging_mixin.py:109} INFO - [2022-01-19 18:21:58,477] {dag.py:2935} INFO - Setting next_dagrun for tutorial to 2022-01-18T18:21:58.477073+00:00
[2022-01-19 18:21:58,500] {processor.py:171} INFO - Processing /home/airflow/.local/lib/python3.6/site-packages/airflow/example_dags/tutorial.py took 0.140 seconds
[2022-01-19 18:22:28,572] {processor.py:163} INFO - Started process (PID=1716) to work on /home/airflow/.local/lib/python3.6/site-packages/airflow/example_dags/tutorial.py
[2022-01-19 18:22:28,575] {processor.py:642} INFO - Processing file /home/airflow/.local/lib/python3.6/site-packages/airflow/example_dags/tutorial.py for tasks to queue
[2022-01-19 18:22:28,576] {logging_mixin.py:109} INFO - [2022-01-19 18:22:28,576] {dagbag.py:500} INFO - Filling up the DagBag from /home/airflow/.local/lib/python3.6/site-packages/airflow/example_dags/tutorial.py
[2022-01-19 18:22:28,606] {processor.py:654} INFO - DAG(s) dict_keys(['tutorial']) retrieved from /home/airflow/.local/lib/python3.6/site-packages/airflow/example_dags/tutorial.py
[2022-01-19 18:22:28,617] {logging_mixin.py:109} INFO - [2022-01-19 18:22:28,617] {dag.py:2396} INFO - Sync 1 DAGs
[2022-01-19 18:22:28,633] {logging_mixin.py:109} INFO - [2022-01-19 18:22:28,633] {dag.py:2935} INFO - Setting next_dagrun for tutorial to 2022-01-18T18:22:28.633578+00:00
[2022-01-19 18:22:28,641] {processor.py:171} INFO - Processing /home/airflow/.local/lib/python3.6/site-packages/airflow/example_dags/tutorial.py took 0.076 seconds
[2022-01-19 18:22:59,361] {processor.py:163} INFO - Started process (PID=1769) to work on /home/airflow/.local/lib/python3.6/site-packages/airflow/example_dags/tutorial.py
[2022-01-19 18:22:59,363] {processor.py:642} INFO - Processing file /home/airflow/.local/lib/python3.6/site-packages/airflow/example_dags/tutorial.py for tasks to queue
[2022-01-19 18:22:59,365] {logging_mixin.py:109} INFO - [2022-01-19 18:22:59,365] {dagbag.py:500} INFO - Filling up the DagBag from /home/airflow/.local/lib/python3.6/site-packages/airflow/example_dags/tutorial.py
[2022-01-19 18:22:59,408] {processor.py:654} INFO - DAG(s) dict_keys(['tutorial']) retrieved from /home/airflow/.local/lib/python3.6/site-packages/airflow/example_dags/tutorial.py
[2022-01-19 18:22:59,417] {logging_mixin.py:109} INFO - [2022-01-19 18:22:59,417] {dag.py:2396} INFO - Sync 1 DAGs
[2022-01-19 18:22:59,432] {logging_mixin.py:109} INFO - [2022-01-19 18:22:59,432] {dag.py:2935} INFO - Setting next_dagrun for tutorial to 2022-01-18T18:22:59.432055+00:00
[2022-01-19 18:22:59,440] {processor.py:171} INFO - Processing /home/airflow/.local/lib/python3.6/site-packages/airflow/example_dags/tutorial.py took 0.088 seconds
[2022-01-19 18:23:29,489] {processor.py:163} INFO - Started process (PID=1831) to work on /home/airflow/.local/lib/python3.6/site-packages/airflow/example_dags/tutorial.py
[2022-01-19 18:23:29,490] {processor.py:642} INFO - Processing file /home/airflow/.local/lib/python3.6/site-packages/airflow/example_dags/tutorial.py for tasks to queue
[2022-01-19 18:23:29,490] {logging_mixin.py:109} INFO - [2022-01-19 18:23:29,490] {dagbag.py:500} INFO - Filling up the DagBag from /home/airflow/.local/lib/python3.6/site-packages/airflow/example_dags/tutorial.py
[2022-01-19 18:23:29,515] {processor.py:654} INFO - DAG(s) dict_keys(['tutorial']) retrieved from /home/airflow/.local/lib/python3.6/site-packages/airflow/example_dags/tutorial.py
[2022-01-19 18:23:29,525] {logging_mixin.py:109} INFO - [2022-01-19 18:23:29,525] {dag.py:2396} INFO - Sync 1 DAGs
[2022-01-19 18:23:29,540] {logging_mixin.py:109} INFO - [2022-01-19 18:23:29,539] {dag.py:2935} INFO - Setting next_dagrun for tutorial to 2022-01-18T18:23:29.539744+00:00
[2022-01-19 18:23:29,547] {processor.py:171} INFO - Processing /home/airflow/.local/lib/python3.6/site-packages/airflow/example_dags/tutorial.py took 0.061 seconds
[2022-01-19 18:23:59,754] {processor.py:163} INFO - Started process (PID=1884) to work on /home/airflow/.local/lib/python3.6/site-packages/airflow/example_dags/tutorial.py
[2022-01-19 18:23:59,757] {processor.py:642} INFO - Processing file /home/airflow/.local/lib/python3.6/site-packages/airflow/example_dags/tutorial.py for tasks to queue
[2022-01-19 18:23:59,758] {logging_mixin.py:109} INFO - [2022-01-19 18:23:59,757] {dagbag.py:500} INFO - Filling up the DagBag from /home/airflow/.local/lib/python3.6/site-packages/airflow/example_dags/tutorial.py
[2022-01-19 18:23:59,795] {processor.py:654} INFO - DAG(s) dict_keys(['tutorial']) retrieved from /home/airflow/.local/lib/python3.6/site-packages/airflow/example_dags/tutorial.py
[2022-01-19 18:23:59,806] {logging_mixin.py:109} INFO - [2022-01-19 18:23:59,806] {dag.py:2396} INFO - Sync 1 DAGs
[2022-01-19 18:23:59,820] {logging_mixin.py:109} INFO - [2022-01-19 18:23:59,820] {dag.py:2935} INFO - Setting next_dagrun for tutorial to 2022-01-18T18:23:59.820581+00:00
[2022-01-19 18:23:59,829] {processor.py:171} INFO - Processing /home/airflow/.local/lib/python3.6/site-packages/airflow/example_dags/tutorial.py took 0.079 seconds
[2022-01-19 18:24:30,054] {processor.py:163} INFO - Started process (PID=1938) to work on /home/airflow/.local/lib/python3.6/site-packages/airflow/example_dags/tutorial.py
[2022-01-19 18:24:30,057] {processor.py:642} INFO - Processing file /home/airflow/.local/lib/python3.6/site-packages/airflow/example_dags/tutorial.py for tasks to queue
[2022-01-19 18:24:30,058] {logging_mixin.py:109} INFO - [2022-01-19 18:24:30,058] {dagbag.py:500} INFO - Filling up the DagBag from /home/airflow/.local/lib/python3.6/site-packages/airflow/example_dags/tutorial.py
[2022-01-19 18:24:30,100] {processor.py:654} INFO - DAG(s) dict_keys(['tutorial']) retrieved from /home/airflow/.local/lib/python3.6/site-packages/airflow/example_dags/tutorial.py
[2022-01-19 18:24:30,112] {logging_mixin.py:109} INFO - [2022-01-19 18:24:30,112] {dag.py:2396} INFO - Sync 1 DAGs
[2022-01-19 18:24:30,129] {logging_mixin.py:109} INFO - [2022-01-19 18:24:30,129] {dag.py:2935} INFO - Setting next_dagrun for tutorial to 2022-01-18T18:24:30.128777+00:00
[2022-01-19 18:24:30,138] {processor.py:171} INFO - Processing /home/airflow/.local/lib/python3.6/site-packages/airflow/example_dags/tutorial.py took 0.092 seconds
[2022-01-19 18:25:00,392] {processor.py:163} INFO - Started process (PID=2000) to work on /home/airflow/.local/lib/python3.6/site-packages/airflow/example_dags/tutorial.py
[2022-01-19 18:25:00,393] {processor.py:642} INFO - Processing file /home/airflow/.local/lib/python3.6/site-packages/airflow/example_dags/tutorial.py for tasks to queue
[2022-01-19 18:25:00,394] {logging_mixin.py:109} INFO - [2022-01-19 18:25:00,394] {dagbag.py:500} INFO - Filling up the DagBag from /home/airflow/.local/lib/python3.6/site-packages/airflow/example_dags/tutorial.py
[2022-01-19 18:25:00,416] {processor.py:654} INFO - DAG(s) dict_keys(['tutorial']) retrieved from /home/airflow/.local/lib/python3.6/site-packages/airflow/example_dags/tutorial.py
[2022-01-19 18:25:00,425] {logging_mixin.py:109} INFO - [2022-01-19 18:25:00,425] {dag.py:2396} INFO - Sync 1 DAGs
[2022-01-19 18:25:00,439] {logging_mixin.py:109} INFO - [2022-01-19 18:25:00,439] {dag.py:2935} INFO - Setting next_dagrun for tutorial to 2022-01-18T18:25:00.439333+00:00
[2022-01-19 18:25:00,448] {processor.py:171} INFO - Processing /home/airflow/.local/lib/python3.6/site-packages/airflow/example_dags/tutorial.py took 0.058 seconds
[2022-01-19 18:25:31,109] {processor.py:163} INFO - Started process (PID=2053) to work on /home/airflow/.local/lib/python3.6/site-packages/airflow/example_dags/tutorial.py
[2022-01-19 18:25:31,112] {processor.py:642} INFO - Processing file /home/airflow/.local/lib/python3.6/site-packages/airflow/example_dags/tutorial.py for tasks to queue
[2022-01-19 18:25:31,113] {logging_mixin.py:109} INFO - [2022-01-19 18:25:31,112] {dagbag.py:500} INFO - Filling up the DagBag from /home/airflow/.local/lib/python3.6/site-packages/airflow/example_dags/tutorial.py
[2022-01-19 18:25:31,137] {processor.py:654} INFO - DAG(s) dict_keys(['tutorial']) retrieved from /home/airflow/.local/lib/python3.6/site-packages/airflow/example_dags/tutorial.py
[2022-01-19 18:25:31,146] {logging_mixin.py:109} INFO - [2022-01-19 18:25:31,146] {dag.py:2396} INFO - Sync 1 DAGs
[2022-01-19 18:25:31,160] {logging_mixin.py:109} INFO - [2022-01-19 18:25:31,160] {dag.py:2935} INFO - Setting next_dagrun for tutorial to 2022-01-18T18:25:31.159844+00:00
[2022-01-19 18:25:31,167] {processor.py:171} INFO - Processing /home/airflow/.local/lib/python3.6/site-packages/airflow/example_dags/tutorial.py took 0.060 seconds
[2022-01-19 18:26:01,747] {processor.py:163} INFO - Started process (PID=2106) to work on /home/airflow/.local/lib/python3.6/site-packages/airflow/example_dags/tutorial.py
[2022-01-19 18:26:01,750] {processor.py:642} INFO - Processing file /home/airflow/.local/lib/python3.6/site-packages/airflow/example_dags/tutorial.py for tasks to queue
[2022-01-19 18:26:01,752] {logging_mixin.py:109} INFO - [2022-01-19 18:26:01,751] {dagbag.py:500} INFO - Filling up the DagBag from /home/airflow/.local/lib/python3.6/site-packages/airflow/example_dags/tutorial.py
[2022-01-19 18:26:01,795] {processor.py:654} INFO - DAG(s) dict_keys(['tutorial']) retrieved from /home/airflow/.local/lib/python3.6/site-packages/airflow/example_dags/tutorial.py
[2022-01-19 18:26:01,805] {logging_mixin.py:109} INFO - [2022-01-19 18:26:01,805] {dag.py:2396} INFO - Sync 1 DAGs
[2022-01-19 18:26:01,822] {logging_mixin.py:109} INFO - [2022-01-19 18:26:01,822] {dag.py:2935} INFO - Setting next_dagrun for tutorial to 2022-01-18T18:26:01.822345+00:00
[2022-01-19 18:26:01,831] {processor.py:171} INFO - Processing /home/airflow/.local/lib/python3.6/site-packages/airflow/example_dags/tutorial.py took 0.092 seconds
[2022-01-19 18:26:32,378] {processor.py:163} INFO - Started process (PID=2169) to work on /home/airflow/.local/lib/python3.6/site-packages/airflow/example_dags/tutorial.py
[2022-01-19 18:26:32,380] {processor.py:642} INFO - Processing file /home/airflow/.local/lib/python3.6/site-packages/airflow/example_dags/tutorial.py for tasks to queue
[2022-01-19 18:26:32,381] {logging_mixin.py:109} INFO - [2022-01-19 18:26:32,380] {dagbag.py:500} INFO - Filling up the DagBag from /home/airflow/.local/lib/python3.6/site-packages/airflow/example_dags/tutorial.py
[2022-01-19 18:26:32,411] {processor.py:654} INFO - DAG(s) dict_keys(['tutorial']) retrieved from /home/airflow/.local/lib/python3.6/site-packages/airflow/example_dags/tutorial.py
[2022-01-19 18:26:32,423] {logging_mixin.py:109} INFO - [2022-01-19 18:26:32,423] {dag.py:2396} INFO - Sync 1 DAGs
[2022-01-19 18:26:32,441] {logging_mixin.py:109} INFO - [2022-01-19 18:26:32,441] {dag.py:2935} INFO - Setting next_dagrun for tutorial to 2022-01-18T18:26:32.440943+00:00
[2022-01-19 18:26:32,452] {processor.py:171} INFO - Processing /home/airflow/.local/lib/python3.6/site-packages/airflow/example_dags/tutorial.py took 0.079 seconds
[2022-01-19 18:27:03,033] {processor.py:163} INFO - Started process (PID=2222) to work on /home/airflow/.local/lib/python3.6/site-packages/airflow/example_dags/tutorial.py
[2022-01-19 18:27:03,035] {processor.py:642} INFO - Processing file /home/airflow/.local/lib/python3.6/site-packages/airflow/example_dags/tutorial.py for tasks to queue
[2022-01-19 18:27:03,036] {logging_mixin.py:109} INFO - [2022-01-19 18:27:03,036] {dagbag.py:500} INFO - Filling up the DagBag from /home/airflow/.local/lib/python3.6/site-packages/airflow/example_dags/tutorial.py
[2022-01-19 18:27:03,077] {processor.py:654} INFO - DAG(s) dict_keys(['tutorial']) retrieved from /home/airflow/.local/lib/python3.6/site-packages/airflow/example_dags/tutorial.py
[2022-01-19 18:27:03,093] {logging_mixin.py:109} INFO - [2022-01-19 18:27:03,093] {dag.py:2396} INFO - Sync 1 DAGs
[2022-01-19 18:27:03,120] {logging_mixin.py:109} INFO - [2022-01-19 18:27:03,119] {dag.py:2935} INFO - Setting next_dagrun for tutorial to 2022-01-18T18:27:03.119576+00:00
[2022-01-19 18:27:03,132] {processor.py:171} INFO - Processing /home/airflow/.local/lib/python3.6/site-packages/airflow/example_dags/tutorial.py took 0.104 seconds
[2022-01-19 18:27:33,333] {processor.py:163} INFO - Started process (PID=2285) to work on /home/airflow/.local/lib/python3.6/site-packages/airflow/example_dags/tutorial.py
[2022-01-19 18:27:33,335] {processor.py:642} INFO - Processing file /home/airflow/.local/lib/python3.6/site-packages/airflow/example_dags/tutorial.py for tasks to queue
[2022-01-19 18:27:33,336] {logging_mixin.py:109} INFO - [2022-01-19 18:27:33,336] {dagbag.py:500} INFO - Filling up the DagBag from /home/airflow/.local/lib/python3.6/site-packages/airflow/example_dags/tutorial.py
[2022-01-19 18:27:33,376] {processor.py:654} INFO - DAG(s) dict_keys(['tutorial']) retrieved from /home/airflow/.local/lib/python3.6/site-packages/airflow/example_dags/tutorial.py
[2022-01-19 18:27:33,391] {logging_mixin.py:109} INFO - [2022-01-19 18:27:33,390] {dag.py:2396} INFO - Sync 1 DAGs
[2022-01-19 18:27:33,412] {logging_mixin.py:109} INFO - [2022-01-19 18:27:33,412] {dag.py:2935} INFO - Setting next_dagrun for tutorial to 2022-01-18T18:27:33.412026+00:00
[2022-01-19 18:27:33,423] {processor.py:171} INFO - Processing /home/airflow/.local/lib/python3.6/site-packages/airflow/example_dags/tutorial.py took 0.093 seconds
[2022-01-19 18:28:04,113] {processor.py:163} INFO - Started process (PID=2339) to work on /home/airflow/.local/lib/python3.6/site-packages/airflow/example_dags/tutorial.py
[2022-01-19 18:28:04,114] {processor.py:642} INFO - Processing file /home/airflow/.local/lib/python3.6/site-packages/airflow/example_dags/tutorial.py for tasks to queue
[2022-01-19 18:28:04,115] {logging_mixin.py:109} INFO - [2022-01-19 18:28:04,115] {dagbag.py:500} INFO - Filling up the DagBag from /home/airflow/.local/lib/python3.6/site-packages/airflow/example_dags/tutorial.py
[2022-01-19 18:28:04,150] {processor.py:654} INFO - DAG(s) dict_keys(['tutorial']) retrieved from /home/airflow/.local/lib/python3.6/site-packages/airflow/example_dags/tutorial.py
[2022-01-19 18:28:04,163] {logging_mixin.py:109} INFO - [2022-01-19 18:28:04,163] {dag.py:2396} INFO - Sync 1 DAGs
[2022-01-19 18:28:04,180] {logging_mixin.py:109} INFO - [2022-01-19 18:28:04,180] {dag.py:2935} INFO - Setting next_dagrun for tutorial to 2022-01-18T18:28:04.180281+00:00
[2022-01-19 18:28:04,188] {processor.py:171} INFO - Processing /home/airflow/.local/lib/python3.6/site-packages/airflow/example_dags/tutorial.py took 0.078 seconds
[2022-01-19 18:28:34,831] {processor.py:163} INFO - Started process (PID=2398) to work on /home/airflow/.local/lib/python3.6/site-packages/airflow/example_dags/tutorial.py
[2022-01-19 18:28:34,833] {processor.py:642} INFO - Processing file /home/airflow/.local/lib/python3.6/site-packages/airflow/example_dags/tutorial.py for tasks to queue
[2022-01-19 18:28:34,834] {logging_mixin.py:109} INFO - [2022-01-19 18:28:34,833] {dagbag.py:500} INFO - Filling up the DagBag from /home/airflow/.local/lib/python3.6/site-packages/airflow/example_dags/tutorial.py
[2022-01-19 18:28:34,858] {processor.py:654} INFO - DAG(s) dict_keys(['tutorial']) retrieved from /home/airflow/.local/lib/python3.6/site-packages/airflow/example_dags/tutorial.py
[2022-01-19 18:28:34,867] {logging_mixin.py:109} INFO - [2022-01-19 18:28:34,866] {dag.py:2396} INFO - Sync 1 DAGs
[2022-01-19 18:28:34,881] {logging_mixin.py:109} INFO - [2022-01-19 18:28:34,881] {dag.py:2935} INFO - Setting next_dagrun for tutorial to 2022-01-18T18:28:34.880909+00:00
[2022-01-19 18:28:34,889] {processor.py:171} INFO - Processing /home/airflow/.local/lib/python3.6/site-packages/airflow/example_dags/tutorial.py took 0.060 seconds
[2022-01-19 18:29:04,992] {processor.py:163} INFO - Started process (PID=2455) to work on /home/airflow/.local/lib/python3.6/site-packages/airflow/example_dags/tutorial.py
[2022-01-19 18:29:04,994] {processor.py:642} INFO - Processing file /home/airflow/.local/lib/python3.6/site-packages/airflow/example_dags/tutorial.py for tasks to queue
[2022-01-19 18:29:04,995] {logging_mixin.py:109} INFO - [2022-01-19 18:29:04,995] {dagbag.py:500} INFO - Filling up the DagBag from /home/airflow/.local/lib/python3.6/site-packages/airflow/example_dags/tutorial.py
[2022-01-19 18:29:05,027] {processor.py:654} INFO - DAG(s) dict_keys(['tutorial']) retrieved from /home/airflow/.local/lib/python3.6/site-packages/airflow/example_dags/tutorial.py
[2022-01-19 18:29:05,037] {logging_mixin.py:109} INFO - [2022-01-19 18:29:05,037] {dag.py:2396} INFO - Sync 1 DAGs
[2022-01-19 18:29:05,054] {logging_mixin.py:109} INFO - [2022-01-19 18:29:05,054] {dag.py:2935} INFO - Setting next_dagrun for tutorial to 2022-01-18T18:29:05.053798+00:00
[2022-01-19 18:29:05,062] {processor.py:171} INFO - Processing /home/airflow/.local/lib/python3.6/site-packages/airflow/example_dags/tutorial.py took 0.078 seconds
[2022-01-19 18:29:35,704] {processor.py:163} INFO - Started process (PID=2508) to work on /home/airflow/.local/lib/python3.6/site-packages/airflow/example_dags/tutorial.py
[2022-01-19 18:29:35,706] {processor.py:642} INFO - Processing file /home/airflow/.local/lib/python3.6/site-packages/airflow/example_dags/tutorial.py for tasks to queue
[2022-01-19 18:29:35,706] {logging_mixin.py:109} INFO - [2022-01-19 18:29:35,706] {dagbag.py:500} INFO - Filling up the DagBag from /home/airflow/.local/lib/python3.6/site-packages/airflow/example_dags/tutorial.py
[2022-01-19 18:29:35,741] {processor.py:654} INFO - DAG(s) dict_keys(['tutorial']) retrieved from /home/airflow/.local/lib/python3.6/site-packages/airflow/example_dags/tutorial.py
[2022-01-19 18:29:35,752] {logging_mixin.py:109} INFO - [2022-01-19 18:29:35,752] {dag.py:2396} INFO - Sync 1 DAGs
[2022-01-19 18:29:35,767] {logging_mixin.py:109} INFO - [2022-01-19 18:29:35,767] {dag.py:2935} INFO - Setting next_dagrun for tutorial to 2022-01-18T18:29:35.767578+00:00
[2022-01-19 18:29:35,775] {processor.py:171} INFO - Processing /home/airflow/.local/lib/python3.6/site-packages/airflow/example_dags/tutorial.py took 0.075 seconds
[2022-01-19 18:30:06,554] {processor.py:163} INFO - Started process (PID=2572) to work on /home/airflow/.local/lib/python3.6/site-packages/airflow/example_dags/tutorial.py
[2022-01-19 18:30:06,555] {processor.py:642} INFO - Processing file /home/airflow/.local/lib/python3.6/site-packages/airflow/example_dags/tutorial.py for tasks to queue
[2022-01-19 18:30:06,555] {logging_mixin.py:109} INFO - [2022-01-19 18:30:06,555] {dagbag.py:500} INFO - Filling up the DagBag from /home/airflow/.local/lib/python3.6/site-packages/airflow/example_dags/tutorial.py
[2022-01-19 18:30:06,579] {processor.py:654} INFO - DAG(s) dict_keys(['tutorial']) retrieved from /home/airflow/.local/lib/python3.6/site-packages/airflow/example_dags/tutorial.py
[2022-01-19 18:30:06,587] {logging_mixin.py:109} INFO - [2022-01-19 18:30:06,587] {dag.py:2396} INFO - Sync 1 DAGs
[2022-01-19 18:30:06,602] {logging_mixin.py:109} INFO - [2022-01-19 18:30:06,601] {dag.py:2935} INFO - Setting next_dagrun for tutorial to 2022-01-18T18:30:06.601708+00:00
[2022-01-19 18:30:06,609] {processor.py:171} INFO - Processing /home/airflow/.local/lib/python3.6/site-packages/airflow/example_dags/tutorial.py took 0.057 seconds
[2022-01-19 18:30:37,231] {processor.py:163} INFO - Started process (PID=2624) to work on /home/airflow/.local/lib/python3.6/site-packages/airflow/example_dags/tutorial.py
[2022-01-19 18:30:37,233] {processor.py:642} INFO - Processing file /home/airflow/.local/lib/python3.6/site-packages/airflow/example_dags/tutorial.py for tasks to queue
[2022-01-19 18:30:37,234] {logging_mixin.py:109} INFO - [2022-01-19 18:30:37,234] {dagbag.py:500} INFO - Filling up the DagBag from /home/airflow/.local/lib/python3.6/site-packages/airflow/example_dags/tutorial.py
[2022-01-19 18:30:37,264] {processor.py:654} INFO - DAG(s) dict_keys(['tutorial']) retrieved from /home/airflow/.local/lib/python3.6/site-packages/airflow/example_dags/tutorial.py
[2022-01-19 18:30:37,275] {logging_mixin.py:109} INFO - [2022-01-19 18:30:37,275] {dag.py:2396} INFO - Sync 1 DAGs
[2022-01-19 18:30:37,289] {logging_mixin.py:109} INFO - [2022-01-19 18:30:37,289] {dag.py:2935} INFO - Setting next_dagrun for tutorial to 2022-01-18T18:30:37.288900+00:00
[2022-01-19 18:30:37,297] {processor.py:171} INFO - Processing /home/airflow/.local/lib/python3.6/site-packages/airflow/example_dags/tutorial.py took 0.069 seconds
[2022-01-19 18:31:07,813] {processor.py:163} INFO - Started process (PID=2686) to work on /home/airflow/.local/lib/python3.6/site-packages/airflow/example_dags/tutorial.py
[2022-01-19 18:31:07,816] {processor.py:642} INFO - Processing file /home/airflow/.local/lib/python3.6/site-packages/airflow/example_dags/tutorial.py for tasks to queue
[2022-01-19 18:31:07,817] {logging_mixin.py:109} INFO - [2022-01-19 18:31:07,817] {dagbag.py:500} INFO - Filling up the DagBag from /home/airflow/.local/lib/python3.6/site-packages/airflow/example_dags/tutorial.py
[2022-01-19 18:31:07,846] {processor.py:654} INFO - DAG(s) dict_keys(['tutorial']) retrieved from /home/airflow/.local/lib/python3.6/site-packages/airflow/example_dags/tutorial.py
[2022-01-19 18:31:07,857] {logging_mixin.py:109} INFO - [2022-01-19 18:31:07,857] {dag.py:2396} INFO - Sync 1 DAGs
[2022-01-19 18:31:07,872] {logging_mixin.py:109} INFO - [2022-01-19 18:31:07,872] {dag.py:2935} INFO - Setting next_dagrun for tutorial to 2022-01-18T18:31:07.872531+00:00
[2022-01-19 18:31:07,881] {processor.py:171} INFO - Processing /home/airflow/.local/lib/python3.6/site-packages/airflow/example_dags/tutorial.py took 0.070 seconds
