[2022-01-19 18:10:09,917] {processor.py:163} INFO - Started process (PID=291) to work on /home/airflow/.local/lib/python3.6/site-packages/airflow/example_dags/tutorial_taskflow_api_etl.py
[2022-01-19 18:10:09,918] {processor.py:642} INFO - Processing file /home/airflow/.local/lib/python3.6/site-packages/airflow/example_dags/tutorial_taskflow_api_etl.py for tasks to queue
[2022-01-19 18:10:09,919] {logging_mixin.py:109} INFO - [2022-01-19 18:10:09,919] {dagbag.py:500} INFO - Filling up the DagBag from /home/airflow/.local/lib/python3.6/site-packages/airflow/example_dags/tutorial_taskflow_api_etl.py
[2022-01-19 18:10:09,954] {processor.py:654} INFO - DAG(s) dict_keys(['tutorial_taskflow_api_etl']) retrieved from /home/airflow/.local/lib/python3.6/site-packages/airflow/example_dags/tutorial_taskflow_api_etl.py
[2022-01-19 18:10:12,553] {logging_mixin.py:109} INFO - [2022-01-19 18:10:12,552] {manager.py:496} INFO - Created Permission View: can read on DAG:tutorial_taskflow_api_etl
[2022-01-19 18:10:12,564] {logging_mixin.py:109} INFO - [2022-01-19 18:10:12,564] {manager.py:496} INFO - Created Permission View: can edit on DAG:tutorial_taskflow_api_etl
[2022-01-19 18:10:12,567] {logging_mixin.py:109} INFO - [2022-01-19 18:10:12,565] {dag.py:2396} INFO - Sync 1 DAGs
[2022-01-19 18:10:12,584] {logging_mixin.py:109} INFO - [2022-01-19 18:10:12,582] {dag.py:2415} INFO - Creating ORM DAG for tutorial_taskflow_api_etl
[2022-01-19 18:10:12,596] {logging_mixin.py:109} INFO - [2022-01-19 18:10:12,596] {dag.py:2935} INFO - Setting next_dagrun for tutorial_taskflow_api_etl to None
[2022-01-19 18:10:12,613] {processor.py:171} INFO - Processing /home/airflow/.local/lib/python3.6/site-packages/airflow/example_dags/tutorial_taskflow_api_etl.py took 2.699 seconds
[2022-01-19 18:10:43,623] {processor.py:163} INFO - Started process (PID=391) to work on /home/airflow/.local/lib/python3.6/site-packages/airflow/example_dags/tutorial_taskflow_api_etl.py
[2022-01-19 18:10:43,625] {processor.py:642} INFO - Processing file /home/airflow/.local/lib/python3.6/site-packages/airflow/example_dags/tutorial_taskflow_api_etl.py for tasks to queue
[2022-01-19 18:10:43,625] {logging_mixin.py:109} INFO - [2022-01-19 18:10:43,625] {dagbag.py:500} INFO - Filling up the DagBag from /home/airflow/.local/lib/python3.6/site-packages/airflow/example_dags/tutorial_taskflow_api_etl.py
[2022-01-19 18:10:43,655] {processor.py:654} INFO - DAG(s) dict_keys(['tutorial_taskflow_api_etl']) retrieved from /home/airflow/.local/lib/python3.6/site-packages/airflow/example_dags/tutorial_taskflow_api_etl.py
[2022-01-19 18:10:43,843] {logging_mixin.py:109} INFO - [2022-01-19 18:10:43,843] {dag.py:2396} INFO - Sync 1 DAGs
[2022-01-19 18:10:43,856] {logging_mixin.py:109} INFO - [2022-01-19 18:10:43,856] {dag.py:2935} INFO - Setting next_dagrun for tutorial_taskflow_api_etl to None
[2022-01-19 18:10:43,867] {processor.py:171} INFO - Processing /home/airflow/.local/lib/python3.6/site-packages/airflow/example_dags/tutorial_taskflow_api_etl.py took 0.247 seconds
[2022-01-19 18:11:13,888] {processor.py:163} INFO - Started process (PID=455) to work on /home/airflow/.local/lib/python3.6/site-packages/airflow/example_dags/tutorial_taskflow_api_etl.py
[2022-01-19 18:11:13,889] {processor.py:642} INFO - Processing file /home/airflow/.local/lib/python3.6/site-packages/airflow/example_dags/tutorial_taskflow_api_etl.py for tasks to queue
[2022-01-19 18:11:13,890] {logging_mixin.py:109} INFO - [2022-01-19 18:11:13,889] {dagbag.py:500} INFO - Filling up the DagBag from /home/airflow/.local/lib/python3.6/site-packages/airflow/example_dags/tutorial_taskflow_api_etl.py
[2022-01-19 18:11:13,918] {processor.py:654} INFO - DAG(s) dict_keys(['tutorial_taskflow_api_etl']) retrieved from /home/airflow/.local/lib/python3.6/site-packages/airflow/example_dags/tutorial_taskflow_api_etl.py
[2022-01-19 18:11:14,087] {logging_mixin.py:109} INFO - [2022-01-19 18:11:14,086] {dag.py:2396} INFO - Sync 1 DAGs
[2022-01-19 18:11:14,098] {logging_mixin.py:109} INFO - [2022-01-19 18:11:14,098] {dag.py:2935} INFO - Setting next_dagrun for tutorial_taskflow_api_etl to None
[2022-01-19 18:11:14,110] {processor.py:171} INFO - Processing /home/airflow/.local/lib/python3.6/site-packages/airflow/example_dags/tutorial_taskflow_api_etl.py took 0.225 seconds
[2022-01-19 18:11:45,003] {processor.py:163} INFO - Started process (PID=507) to work on /home/airflow/.local/lib/python3.6/site-packages/airflow/example_dags/tutorial_taskflow_api_etl.py
[2022-01-19 18:11:45,006] {processor.py:642} INFO - Processing file /home/airflow/.local/lib/python3.6/site-packages/airflow/example_dags/tutorial_taskflow_api_etl.py for tasks to queue
[2022-01-19 18:11:45,006] {logging_mixin.py:109} INFO - [2022-01-19 18:11:45,006] {dagbag.py:500} INFO - Filling up the DagBag from /home/airflow/.local/lib/python3.6/site-packages/airflow/example_dags/tutorial_taskflow_api_etl.py
[2022-01-19 18:11:45,030] {processor.py:654} INFO - DAG(s) dict_keys(['tutorial_taskflow_api_etl']) retrieved from /home/airflow/.local/lib/python3.6/site-packages/airflow/example_dags/tutorial_taskflow_api_etl.py
[2022-01-19 18:11:45,196] {logging_mixin.py:109} INFO - [2022-01-19 18:11:45,196] {dag.py:2396} INFO - Sync 1 DAGs
[2022-01-19 18:11:45,208] {logging_mixin.py:109} INFO - [2022-01-19 18:11:45,208] {dag.py:2935} INFO - Setting next_dagrun for tutorial_taskflow_api_etl to None
[2022-01-19 18:11:45,218] {processor.py:171} INFO - Processing /home/airflow/.local/lib/python3.6/site-packages/airflow/example_dags/tutorial_taskflow_api_etl.py took 0.216 seconds
[2022-01-19 18:12:15,326] {processor.py:163} INFO - Started process (PID=571) to work on /home/airflow/.local/lib/python3.6/site-packages/airflow/example_dags/tutorial_taskflow_api_etl.py
[2022-01-19 18:12:15,328] {processor.py:642} INFO - Processing file /home/airflow/.local/lib/python3.6/site-packages/airflow/example_dags/tutorial_taskflow_api_etl.py for tasks to queue
[2022-01-19 18:12:15,329] {logging_mixin.py:109} INFO - [2022-01-19 18:12:15,329] {dagbag.py:500} INFO - Filling up the DagBag from /home/airflow/.local/lib/python3.6/site-packages/airflow/example_dags/tutorial_taskflow_api_etl.py
[2022-01-19 18:12:15,353] {processor.py:654} INFO - DAG(s) dict_keys(['tutorial_taskflow_api_etl']) retrieved from /home/airflow/.local/lib/python3.6/site-packages/airflow/example_dags/tutorial_taskflow_api_etl.py
[2022-01-19 18:12:15,517] {logging_mixin.py:109} INFO - [2022-01-19 18:12:15,517] {dag.py:2396} INFO - Sync 1 DAGs
[2022-01-19 18:12:15,531] {logging_mixin.py:109} INFO - [2022-01-19 18:12:15,531] {dag.py:2935} INFO - Setting next_dagrun for tutorial_taskflow_api_etl to None
[2022-01-19 18:12:15,539] {processor.py:171} INFO - Processing /home/airflow/.local/lib/python3.6/site-packages/airflow/example_dags/tutorial_taskflow_api_etl.py took 0.215 seconds
[2022-01-19 18:12:46,185] {processor.py:163} INFO - Started process (PID=623) to work on /home/airflow/.local/lib/python3.6/site-packages/airflow/example_dags/tutorial_taskflow_api_etl.py
[2022-01-19 18:12:46,186] {processor.py:642} INFO - Processing file /home/airflow/.local/lib/python3.6/site-packages/airflow/example_dags/tutorial_taskflow_api_etl.py for tasks to queue
[2022-01-19 18:12:46,187] {logging_mixin.py:109} INFO - [2022-01-19 18:12:46,187] {dagbag.py:500} INFO - Filling up the DagBag from /home/airflow/.local/lib/python3.6/site-packages/airflow/example_dags/tutorial_taskflow_api_etl.py
[2022-01-19 18:12:46,208] {processor.py:654} INFO - DAG(s) dict_keys(['tutorial_taskflow_api_etl']) retrieved from /home/airflow/.local/lib/python3.6/site-packages/airflow/example_dags/tutorial_taskflow_api_etl.py
[2022-01-19 18:12:46,360] {logging_mixin.py:109} INFO - [2022-01-19 18:12:46,360] {dag.py:2396} INFO - Sync 1 DAGs
[2022-01-19 18:12:46,372] {logging_mixin.py:109} INFO - [2022-01-19 18:12:46,372] {dag.py:2935} INFO - Setting next_dagrun for tutorial_taskflow_api_etl to None
[2022-01-19 18:12:46,380] {processor.py:171} INFO - Processing /home/airflow/.local/lib/python3.6/site-packages/airflow/example_dags/tutorial_taskflow_api_etl.py took 0.197 seconds
[2022-01-19 18:13:16,664] {processor.py:163} INFO - Started process (PID=685) to work on /home/airflow/.local/lib/python3.6/site-packages/airflow/example_dags/tutorial_taskflow_api_etl.py
[2022-01-19 18:13:16,664] {processor.py:642} INFO - Processing file /home/airflow/.local/lib/python3.6/site-packages/airflow/example_dags/tutorial_taskflow_api_etl.py for tasks to queue
[2022-01-19 18:13:16,665] {logging_mixin.py:109} INFO - [2022-01-19 18:13:16,665] {dagbag.py:500} INFO - Filling up the DagBag from /home/airflow/.local/lib/python3.6/site-packages/airflow/example_dags/tutorial_taskflow_api_etl.py
[2022-01-19 18:13:16,687] {processor.py:654} INFO - DAG(s) dict_keys(['tutorial_taskflow_api_etl']) retrieved from /home/airflow/.local/lib/python3.6/site-packages/airflow/example_dags/tutorial_taskflow_api_etl.py
[2022-01-19 18:13:16,877] {logging_mixin.py:109} INFO - [2022-01-19 18:13:16,877] {dag.py:2396} INFO - Sync 1 DAGs
[2022-01-19 18:13:16,889] {logging_mixin.py:109} INFO - [2022-01-19 18:13:16,889] {dag.py:2935} INFO - Setting next_dagrun for tutorial_taskflow_api_etl to None
[2022-01-19 18:13:16,897] {processor.py:171} INFO - Processing /home/airflow/.local/lib/python3.6/site-packages/airflow/example_dags/tutorial_taskflow_api_etl.py took 0.235 seconds
[2022-01-19 18:13:47,379] {processor.py:163} INFO - Started process (PID=756) to work on /home/airflow/.local/lib/python3.6/site-packages/airflow/example_dags/tutorial_taskflow_api_etl.py
[2022-01-19 18:13:47,380] {processor.py:642} INFO - Processing file /home/airflow/.local/lib/python3.6/site-packages/airflow/example_dags/tutorial_taskflow_api_etl.py for tasks to queue
[2022-01-19 18:13:47,381] {logging_mixin.py:109} INFO - [2022-01-19 18:13:47,381] {dagbag.py:500} INFO - Filling up the DagBag from /home/airflow/.local/lib/python3.6/site-packages/airflow/example_dags/tutorial_taskflow_api_etl.py
[2022-01-19 18:13:47,402] {processor.py:654} INFO - DAG(s) dict_keys(['tutorial_taskflow_api_etl']) retrieved from /home/airflow/.local/lib/python3.6/site-packages/airflow/example_dags/tutorial_taskflow_api_etl.py
[2022-01-19 18:13:47,557] {logging_mixin.py:109} INFO - [2022-01-19 18:13:47,557] {dag.py:2396} INFO - Sync 1 DAGs
[2022-01-19 18:13:47,570] {logging_mixin.py:109} INFO - [2022-01-19 18:13:47,570] {dag.py:2935} INFO - Setting next_dagrun for tutorial_taskflow_api_etl to None
[2022-01-19 18:13:47,578] {processor.py:171} INFO - Processing /home/airflow/.local/lib/python3.6/site-packages/airflow/example_dags/tutorial_taskflow_api_etl.py took 0.200 seconds
[2022-01-19 18:14:18,058] {processor.py:163} INFO - Started process (PID=808) to work on /home/airflow/.local/lib/python3.6/site-packages/airflow/example_dags/tutorial_taskflow_api_etl.py
[2022-01-19 18:14:18,059] {processor.py:642} INFO - Processing file /home/airflow/.local/lib/python3.6/site-packages/airflow/example_dags/tutorial_taskflow_api_etl.py for tasks to queue
[2022-01-19 18:14:18,059] {logging_mixin.py:109} INFO - [2022-01-19 18:14:18,059] {dagbag.py:500} INFO - Filling up the DagBag from /home/airflow/.local/lib/python3.6/site-packages/airflow/example_dags/tutorial_taskflow_api_etl.py
[2022-01-19 18:14:18,083] {processor.py:654} INFO - DAG(s) dict_keys(['tutorial_taskflow_api_etl']) retrieved from /home/airflow/.local/lib/python3.6/site-packages/airflow/example_dags/tutorial_taskflow_api_etl.py
[2022-01-19 18:14:18,272] {logging_mixin.py:109} INFO - [2022-01-19 18:14:18,271] {dag.py:2396} INFO - Sync 1 DAGs
[2022-01-19 18:14:18,293] {logging_mixin.py:109} INFO - [2022-01-19 18:14:18,293] {dag.py:2935} INFO - Setting next_dagrun for tutorial_taskflow_api_etl to None
[2022-01-19 18:14:18,302] {processor.py:171} INFO - Processing /home/airflow/.local/lib/python3.6/site-packages/airflow/example_dags/tutorial_taskflow_api_etl.py took 0.248 seconds
[2022-01-19 18:14:48,558] {processor.py:163} INFO - Started process (PID=870) to work on /home/airflow/.local/lib/python3.6/site-packages/airflow/example_dags/tutorial_taskflow_api_etl.py
[2022-01-19 18:14:48,559] {processor.py:642} INFO - Processing file /home/airflow/.local/lib/python3.6/site-packages/airflow/example_dags/tutorial_taskflow_api_etl.py for tasks to queue
[2022-01-19 18:14:48,559] {logging_mixin.py:109} INFO - [2022-01-19 18:14:48,559] {dagbag.py:500} INFO - Filling up the DagBag from /home/airflow/.local/lib/python3.6/site-packages/airflow/example_dags/tutorial_taskflow_api_etl.py
[2022-01-19 18:14:48,582] {processor.py:654} INFO - DAG(s) dict_keys(['tutorial_taskflow_api_etl']) retrieved from /home/airflow/.local/lib/python3.6/site-packages/airflow/example_dags/tutorial_taskflow_api_etl.py
[2022-01-19 18:14:48,757] {logging_mixin.py:109} INFO - [2022-01-19 18:14:48,757] {dag.py:2396} INFO - Sync 1 DAGs
[2022-01-19 18:14:48,769] {logging_mixin.py:109} INFO - [2022-01-19 18:14:48,769] {dag.py:2935} INFO - Setting next_dagrun for tutorial_taskflow_api_etl to None
[2022-01-19 18:14:48,777] {processor.py:171} INFO - Processing /home/airflow/.local/lib/python3.6/site-packages/airflow/example_dags/tutorial_taskflow_api_etl.py took 0.221 seconds
[2022-01-19 18:15:18,994] {processor.py:163} INFO - Started process (PID=922) to work on /home/airflow/.local/lib/python3.6/site-packages/airflow/example_dags/tutorial_taskflow_api_etl.py
[2022-01-19 18:15:18,996] {processor.py:642} INFO - Processing file /home/airflow/.local/lib/python3.6/site-packages/airflow/example_dags/tutorial_taskflow_api_etl.py for tasks to queue
[2022-01-19 18:15:18,996] {logging_mixin.py:109} INFO - [2022-01-19 18:15:18,996] {dagbag.py:500} INFO - Filling up the DagBag from /home/airflow/.local/lib/python3.6/site-packages/airflow/example_dags/tutorial_taskflow_api_etl.py
[2022-01-19 18:15:19,030] {processor.py:654} INFO - DAG(s) dict_keys(['tutorial_taskflow_api_etl']) retrieved from /home/airflow/.local/lib/python3.6/site-packages/airflow/example_dags/tutorial_taskflow_api_etl.py
[2022-01-19 18:15:19,221] {logging_mixin.py:109} INFO - [2022-01-19 18:15:19,221] {dag.py:2396} INFO - Sync 1 DAGs
[2022-01-19 18:15:19,242] {logging_mixin.py:109} INFO - [2022-01-19 18:15:19,242] {dag.py:2935} INFO - Setting next_dagrun for tutorial_taskflow_api_etl to None
[2022-01-19 18:15:19,256] {processor.py:171} INFO - Processing /home/airflow/.local/lib/python3.6/site-packages/airflow/example_dags/tutorial_taskflow_api_etl.py took 0.265 seconds
[2022-01-19 18:15:49,506] {processor.py:163} INFO - Started process (PID=974) to work on /home/airflow/.local/lib/python3.6/site-packages/airflow/example_dags/tutorial_taskflow_api_etl.py
[2022-01-19 18:15:49,507] {processor.py:642} INFO - Processing file /home/airflow/.local/lib/python3.6/site-packages/airflow/example_dags/tutorial_taskflow_api_etl.py for tasks to queue
[2022-01-19 18:15:49,507] {logging_mixin.py:109} INFO - [2022-01-19 18:15:49,507] {dagbag.py:500} INFO - Filling up the DagBag from /home/airflow/.local/lib/python3.6/site-packages/airflow/example_dags/tutorial_taskflow_api_etl.py
[2022-01-19 18:15:49,530] {processor.py:654} INFO - DAG(s) dict_keys(['tutorial_taskflow_api_etl']) retrieved from /home/airflow/.local/lib/python3.6/site-packages/airflow/example_dags/tutorial_taskflow_api_etl.py
[2022-01-19 18:15:49,732] {logging_mixin.py:109} INFO - [2022-01-19 18:15:49,732] {dag.py:2396} INFO - Sync 1 DAGs
[2022-01-19 18:15:49,746] {logging_mixin.py:109} INFO - [2022-01-19 18:15:49,746] {dag.py:2935} INFO - Setting next_dagrun for tutorial_taskflow_api_etl to None
[2022-01-19 18:15:49,756] {processor.py:171} INFO - Processing /home/airflow/.local/lib/python3.6/site-packages/airflow/example_dags/tutorial_taskflow_api_etl.py took 0.252 seconds
[2022-01-19 18:16:19,809] {processor.py:163} INFO - Started process (PID=1037) to work on /home/airflow/.local/lib/python3.6/site-packages/airflow/example_dags/tutorial_taskflow_api_etl.py
[2022-01-19 18:16:19,810] {processor.py:642} INFO - Processing file /home/airflow/.local/lib/python3.6/site-packages/airflow/example_dags/tutorial_taskflow_api_etl.py for tasks to queue
[2022-01-19 18:16:19,811] {logging_mixin.py:109} INFO - [2022-01-19 18:16:19,810] {dagbag.py:500} INFO - Filling up the DagBag from /home/airflow/.local/lib/python3.6/site-packages/airflow/example_dags/tutorial_taskflow_api_etl.py
[2022-01-19 18:16:19,833] {processor.py:654} INFO - DAG(s) dict_keys(['tutorial_taskflow_api_etl']) retrieved from /home/airflow/.local/lib/python3.6/site-packages/airflow/example_dags/tutorial_taskflow_api_etl.py
[2022-01-19 18:16:19,988] {logging_mixin.py:109} INFO - [2022-01-19 18:16:19,988] {dag.py:2396} INFO - Sync 1 DAGs
[2022-01-19 18:16:19,999] {logging_mixin.py:109} INFO - [2022-01-19 18:16:19,999] {dag.py:2935} INFO - Setting next_dagrun for tutorial_taskflow_api_etl to None
[2022-01-19 18:16:20,008] {processor.py:171} INFO - Processing /home/airflow/.local/lib/python3.6/site-packages/airflow/example_dags/tutorial_taskflow_api_etl.py took 0.201 seconds
[2022-01-19 18:16:50,681] {processor.py:163} INFO - Started process (PID=1089) to work on /home/airflow/.local/lib/python3.6/site-packages/airflow/example_dags/tutorial_taskflow_api_etl.py
[2022-01-19 18:16:50,683] {processor.py:642} INFO - Processing file /home/airflow/.local/lib/python3.6/site-packages/airflow/example_dags/tutorial_taskflow_api_etl.py for tasks to queue
[2022-01-19 18:16:50,685] {logging_mixin.py:109} INFO - [2022-01-19 18:16:50,685] {dagbag.py:500} INFO - Filling up the DagBag from /home/airflow/.local/lib/python3.6/site-packages/airflow/example_dags/tutorial_taskflow_api_etl.py
[2022-01-19 18:16:50,726] {processor.py:654} INFO - DAG(s) dict_keys(['tutorial_taskflow_api_etl']) retrieved from /home/airflow/.local/lib/python3.6/site-packages/airflow/example_dags/tutorial_taskflow_api_etl.py
[2022-01-19 18:16:50,950] {logging_mixin.py:109} INFO - [2022-01-19 18:16:50,949] {dag.py:2396} INFO - Sync 1 DAGs
[2022-01-19 18:16:50,963] {logging_mixin.py:109} INFO - [2022-01-19 18:16:50,963] {dag.py:2935} INFO - Setting next_dagrun for tutorial_taskflow_api_etl to None
[2022-01-19 18:16:50,971] {processor.py:171} INFO - Processing /home/airflow/.local/lib/python3.6/site-packages/airflow/example_dags/tutorial_taskflow_api_etl.py took 0.294 seconds
[2022-01-19 18:17:21,130] {processor.py:163} INFO - Started process (PID=1152) to work on /home/airflow/.local/lib/python3.6/site-packages/airflow/example_dags/tutorial_taskflow_api_etl.py
[2022-01-19 18:17:21,131] {processor.py:642} INFO - Processing file /home/airflow/.local/lib/python3.6/site-packages/airflow/example_dags/tutorial_taskflow_api_etl.py for tasks to queue
[2022-01-19 18:17:21,132] {logging_mixin.py:109} INFO - [2022-01-19 18:17:21,132] {dagbag.py:500} INFO - Filling up the DagBag from /home/airflow/.local/lib/python3.6/site-packages/airflow/example_dags/tutorial_taskflow_api_etl.py
[2022-01-19 18:17:21,173] {processor.py:654} INFO - DAG(s) dict_keys(['tutorial_taskflow_api_etl']) retrieved from /home/airflow/.local/lib/python3.6/site-packages/airflow/example_dags/tutorial_taskflow_api_etl.py
[2022-01-19 18:17:21,329] {logging_mixin.py:109} INFO - [2022-01-19 18:17:21,329] {dag.py:2396} INFO - Sync 1 DAGs
[2022-01-19 18:17:21,340] {logging_mixin.py:109} INFO - [2022-01-19 18:17:21,340] {dag.py:2935} INFO - Setting next_dagrun for tutorial_taskflow_api_etl to None
[2022-01-19 18:17:21,348] {processor.py:171} INFO - Processing /home/airflow/.local/lib/python3.6/site-packages/airflow/example_dags/tutorial_taskflow_api_etl.py took 0.223 seconds
[2022-01-19 18:17:52,259] {processor.py:163} INFO - Started process (PID=1205) to work on /home/airflow/.local/lib/python3.6/site-packages/airflow/example_dags/tutorial_taskflow_api_etl.py
[2022-01-19 18:17:52,260] {processor.py:642} INFO - Processing file /home/airflow/.local/lib/python3.6/site-packages/airflow/example_dags/tutorial_taskflow_api_etl.py for tasks to queue
[2022-01-19 18:17:52,260] {logging_mixin.py:109} INFO - [2022-01-19 18:17:52,260] {dagbag.py:500} INFO - Filling up the DagBag from /home/airflow/.local/lib/python3.6/site-packages/airflow/example_dags/tutorial_taskflow_api_etl.py
[2022-01-19 18:17:52,282] {processor.py:654} INFO - DAG(s) dict_keys(['tutorial_taskflow_api_etl']) retrieved from /home/airflow/.local/lib/python3.6/site-packages/airflow/example_dags/tutorial_taskflow_api_etl.py
[2022-01-19 18:17:52,439] {logging_mixin.py:109} INFO - [2022-01-19 18:17:52,439] {dag.py:2396} INFO - Sync 1 DAGs
[2022-01-19 18:17:52,451] {logging_mixin.py:109} INFO - [2022-01-19 18:17:52,451] {dag.py:2935} INFO - Setting next_dagrun for tutorial_taskflow_api_etl to None
[2022-01-19 18:17:52,458] {processor.py:171} INFO - Processing /home/airflow/.local/lib/python3.6/site-packages/airflow/example_dags/tutorial_taskflow_api_etl.py took 0.201 seconds
[2022-01-19 18:18:22,967] {processor.py:163} INFO - Started process (PID=1267) to work on /home/airflow/.local/lib/python3.6/site-packages/airflow/example_dags/tutorial_taskflow_api_etl.py
[2022-01-19 18:18:22,968] {processor.py:642} INFO - Processing file /home/airflow/.local/lib/python3.6/site-packages/airflow/example_dags/tutorial_taskflow_api_etl.py for tasks to queue
[2022-01-19 18:18:22,970] {logging_mixin.py:109} INFO - [2022-01-19 18:18:22,969] {dagbag.py:500} INFO - Filling up the DagBag from /home/airflow/.local/lib/python3.6/site-packages/airflow/example_dags/tutorial_taskflow_api_etl.py
[2022-01-19 18:18:23,002] {processor.py:654} INFO - DAG(s) dict_keys(['tutorial_taskflow_api_etl']) retrieved from /home/airflow/.local/lib/python3.6/site-packages/airflow/example_dags/tutorial_taskflow_api_etl.py
[2022-01-19 18:18:23,183] {logging_mixin.py:109} INFO - [2022-01-19 18:18:23,183] {dag.py:2396} INFO - Sync 1 DAGs
[2022-01-19 18:18:23,196] {logging_mixin.py:109} INFO - [2022-01-19 18:18:23,196] {dag.py:2935} INFO - Setting next_dagrun for tutorial_taskflow_api_etl to None
[2022-01-19 18:18:23,204] {processor.py:171} INFO - Processing /home/airflow/.local/lib/python3.6/site-packages/airflow/example_dags/tutorial_taskflow_api_etl.py took 0.239 seconds
[2022-01-19 18:18:53,472] {processor.py:163} INFO - Started process (PID=1319) to work on /home/airflow/.local/lib/python3.6/site-packages/airflow/example_dags/tutorial_taskflow_api_etl.py
[2022-01-19 18:18:53,473] {processor.py:642} INFO - Processing file /home/airflow/.local/lib/python3.6/site-packages/airflow/example_dags/tutorial_taskflow_api_etl.py for tasks to queue
[2022-01-19 18:18:53,474] {logging_mixin.py:109} INFO - [2022-01-19 18:18:53,474] {dagbag.py:500} INFO - Filling up the DagBag from /home/airflow/.local/lib/python3.6/site-packages/airflow/example_dags/tutorial_taskflow_api_etl.py
[2022-01-19 18:18:53,510] {processor.py:654} INFO - DAG(s) dict_keys(['tutorial_taskflow_api_etl']) retrieved from /home/airflow/.local/lib/python3.6/site-packages/airflow/example_dags/tutorial_taskflow_api_etl.py
[2022-01-19 18:18:53,521] {logging_mixin.py:109} INFO - [2022-01-19 18:18:53,521] {dag.py:2396} INFO - Sync 1 DAGs
[2022-01-19 18:18:53,539] {logging_mixin.py:109} INFO - [2022-01-19 18:18:53,539] {dag.py:2935} INFO - Setting next_dagrun for tutorial_taskflow_api_etl to None
[2022-01-19 18:18:53,548] {processor.py:171} INFO - Processing /home/airflow/.local/lib/python3.6/site-packages/airflow/example_dags/tutorial_taskflow_api_etl.py took 0.079 seconds
[2022-01-19 18:19:24,058] {processor.py:163} INFO - Started process (PID=1371) to work on /home/airflow/.local/lib/python3.6/site-packages/airflow/example_dags/tutorial_taskflow_api_etl.py
[2022-01-19 18:19:24,061] {processor.py:642} INFO - Processing file /home/airflow/.local/lib/python3.6/site-packages/airflow/example_dags/tutorial_taskflow_api_etl.py for tasks to queue
[2022-01-19 18:19:24,062] {logging_mixin.py:109} INFO - [2022-01-19 18:19:24,062] {dagbag.py:500} INFO - Filling up the DagBag from /home/airflow/.local/lib/python3.6/site-packages/airflow/example_dags/tutorial_taskflow_api_etl.py
[2022-01-19 18:19:24,104] {processor.py:654} INFO - DAG(s) dict_keys(['tutorial_taskflow_api_etl']) retrieved from /home/airflow/.local/lib/python3.6/site-packages/airflow/example_dags/tutorial_taskflow_api_etl.py
[2022-01-19 18:19:24,262] {logging_mixin.py:109} INFO - [2022-01-19 18:19:24,262] {dag.py:2396} INFO - Sync 1 DAGs
[2022-01-19 18:19:24,273] {logging_mixin.py:109} INFO - [2022-01-19 18:19:24,273] {dag.py:2935} INFO - Setting next_dagrun for tutorial_taskflow_api_etl to None
[2022-01-19 18:19:24,282] {processor.py:171} INFO - Processing /home/airflow/.local/lib/python3.6/site-packages/airflow/example_dags/tutorial_taskflow_api_etl.py took 0.231 seconds
[2022-01-19 18:19:55,225] {processor.py:163} INFO - Started process (PID=1434) to work on /home/airflow/.local/lib/python3.6/site-packages/airflow/example_dags/tutorial_taskflow_api_etl.py
[2022-01-19 18:19:55,226] {processor.py:642} INFO - Processing file /home/airflow/.local/lib/python3.6/site-packages/airflow/example_dags/tutorial_taskflow_api_etl.py for tasks to queue
[2022-01-19 18:19:55,227] {logging_mixin.py:109} INFO - [2022-01-19 18:19:55,227] {dagbag.py:500} INFO - Filling up the DagBag from /home/airflow/.local/lib/python3.6/site-packages/airflow/example_dags/tutorial_taskflow_api_etl.py
[2022-01-19 18:19:55,253] {processor.py:654} INFO - DAG(s) dict_keys(['tutorial_taskflow_api_etl']) retrieved from /home/airflow/.local/lib/python3.6/site-packages/airflow/example_dags/tutorial_taskflow_api_etl.py
[2022-01-19 18:19:55,462] {logging_mixin.py:109} INFO - [2022-01-19 18:19:55,462] {dag.py:2396} INFO - Sync 1 DAGs
[2022-01-19 18:19:55,479] {logging_mixin.py:109} INFO - [2022-01-19 18:19:55,478] {dag.py:2935} INFO - Setting next_dagrun for tutorial_taskflow_api_etl to None
[2022-01-19 18:19:55,488] {processor.py:171} INFO - Processing /home/airflow/.local/lib/python3.6/site-packages/airflow/example_dags/tutorial_taskflow_api_etl.py took 0.265 seconds
[2022-01-19 18:20:25,914] {processor.py:163} INFO - Started process (PID=1486) to work on /home/airflow/.local/lib/python3.6/site-packages/airflow/example_dags/tutorial_taskflow_api_etl.py
[2022-01-19 18:20:25,916] {processor.py:642} INFO - Processing file /home/airflow/.local/lib/python3.6/site-packages/airflow/example_dags/tutorial_taskflow_api_etl.py for tasks to queue
[2022-01-19 18:20:25,917] {logging_mixin.py:109} INFO - [2022-01-19 18:20:25,917] {dagbag.py:500} INFO - Filling up the DagBag from /home/airflow/.local/lib/python3.6/site-packages/airflow/example_dags/tutorial_taskflow_api_etl.py
[2022-01-19 18:20:25,944] {processor.py:654} INFO - DAG(s) dict_keys(['tutorial_taskflow_api_etl']) retrieved from /home/airflow/.local/lib/python3.6/site-packages/airflow/example_dags/tutorial_taskflow_api_etl.py
[2022-01-19 18:20:26,142] {logging_mixin.py:109} INFO - [2022-01-19 18:20:26,142] {dag.py:2396} INFO - Sync 1 DAGs
[2022-01-19 18:20:26,155] {logging_mixin.py:109} INFO - [2022-01-19 18:20:26,155] {dag.py:2935} INFO - Setting next_dagrun for tutorial_taskflow_api_etl to None
[2022-01-19 18:20:26,163] {processor.py:171} INFO - Processing /home/airflow/.local/lib/python3.6/site-packages/airflow/example_dags/tutorial_taskflow_api_etl.py took 0.251 seconds
[2022-01-19 18:20:57,088] {processor.py:163} INFO - Started process (PID=1548) to work on /home/airflow/.local/lib/python3.6/site-packages/airflow/example_dags/tutorial_taskflow_api_etl.py
[2022-01-19 18:20:57,091] {processor.py:642} INFO - Processing file /home/airflow/.local/lib/python3.6/site-packages/airflow/example_dags/tutorial_taskflow_api_etl.py for tasks to queue
[2022-01-19 18:20:57,092] {logging_mixin.py:109} INFO - [2022-01-19 18:20:57,092] {dagbag.py:500} INFO - Filling up the DagBag from /home/airflow/.local/lib/python3.6/site-packages/airflow/example_dags/tutorial_taskflow_api_etl.py
[2022-01-19 18:20:57,154] {processor.py:654} INFO - DAG(s) dict_keys(['tutorial_taskflow_api_etl']) retrieved from /home/airflow/.local/lib/python3.6/site-packages/airflow/example_dags/tutorial_taskflow_api_etl.py
[2022-01-19 18:20:57,365] {logging_mixin.py:109} INFO - [2022-01-19 18:20:57,365] {dag.py:2396} INFO - Sync 1 DAGs
[2022-01-19 18:20:57,377] {logging_mixin.py:109} INFO - [2022-01-19 18:20:57,377] {dag.py:2935} INFO - Setting next_dagrun for tutorial_taskflow_api_etl to None
[2022-01-19 18:20:57,386] {processor.py:171} INFO - Processing /home/airflow/.local/lib/python3.6/site-packages/airflow/example_dags/tutorial_taskflow_api_etl.py took 0.302 seconds
[2022-01-19 18:21:28,224] {processor.py:163} INFO - Started process (PID=1601) to work on /home/airflow/.local/lib/python3.6/site-packages/airflow/example_dags/tutorial_taskflow_api_etl.py
[2022-01-19 18:21:28,224] {processor.py:642} INFO - Processing file /home/airflow/.local/lib/python3.6/site-packages/airflow/example_dags/tutorial_taskflow_api_etl.py for tasks to queue
[2022-01-19 18:21:28,225] {logging_mixin.py:109} INFO - [2022-01-19 18:21:28,225] {dagbag.py:500} INFO - Filling up the DagBag from /home/airflow/.local/lib/python3.6/site-packages/airflow/example_dags/tutorial_taskflow_api_etl.py
[2022-01-19 18:21:28,252] {processor.py:654} INFO - DAG(s) dict_keys(['tutorial_taskflow_api_etl']) retrieved from /home/airflow/.local/lib/python3.6/site-packages/airflow/example_dags/tutorial_taskflow_api_etl.py
[2022-01-19 18:21:28,493] {logging_mixin.py:109} INFO - [2022-01-19 18:21:28,493] {dag.py:2396} INFO - Sync 1 DAGs
[2022-01-19 18:21:28,508] {logging_mixin.py:109} INFO - [2022-01-19 18:21:28,508] {dag.py:2935} INFO - Setting next_dagrun for tutorial_taskflow_api_etl to None
[2022-01-19 18:21:28,521] {processor.py:171} INFO - Processing /home/airflow/.local/lib/python3.6/site-packages/airflow/example_dags/tutorial_taskflow_api_etl.py took 0.299 seconds
[2022-01-19 18:21:59,439] {processor.py:163} INFO - Started process (PID=1655) to work on /home/airflow/.local/lib/python3.6/site-packages/airflow/example_dags/tutorial_taskflow_api_etl.py
[2022-01-19 18:21:59,440] {processor.py:642} INFO - Processing file /home/airflow/.local/lib/python3.6/site-packages/airflow/example_dags/tutorial_taskflow_api_etl.py for tasks to queue
[2022-01-19 18:21:59,441] {logging_mixin.py:109} INFO - [2022-01-19 18:21:59,441] {dagbag.py:500} INFO - Filling up the DagBag from /home/airflow/.local/lib/python3.6/site-packages/airflow/example_dags/tutorial_taskflow_api_etl.py
[2022-01-19 18:21:59,484] {processor.py:654} INFO - DAG(s) dict_keys(['tutorial_taskflow_api_etl']) retrieved from /home/airflow/.local/lib/python3.6/site-packages/airflow/example_dags/tutorial_taskflow_api_etl.py
[2022-01-19 18:21:59,699] {logging_mixin.py:109} INFO - [2022-01-19 18:21:59,699] {dag.py:2396} INFO - Sync 1 DAGs
[2022-01-19 18:21:59,714] {logging_mixin.py:109} INFO - [2022-01-19 18:21:59,714] {dag.py:2935} INFO - Setting next_dagrun for tutorial_taskflow_api_etl to None
[2022-01-19 18:21:59,725] {processor.py:171} INFO - Processing /home/airflow/.local/lib/python3.6/site-packages/airflow/example_dags/tutorial_taskflow_api_etl.py took 0.291 seconds
[2022-01-19 18:22:30,657] {processor.py:163} INFO - Started process (PID=1718) to work on /home/airflow/.local/lib/python3.6/site-packages/airflow/example_dags/tutorial_taskflow_api_etl.py
[2022-01-19 18:22:30,658] {processor.py:642} INFO - Processing file /home/airflow/.local/lib/python3.6/site-packages/airflow/example_dags/tutorial_taskflow_api_etl.py for tasks to queue
[2022-01-19 18:22:30,659] {logging_mixin.py:109} INFO - [2022-01-19 18:22:30,659] {dagbag.py:500} INFO - Filling up the DagBag from /home/airflow/.local/lib/python3.6/site-packages/airflow/example_dags/tutorial_taskflow_api_etl.py
[2022-01-19 18:22:30,683] {processor.py:654} INFO - DAG(s) dict_keys(['tutorial_taskflow_api_etl']) retrieved from /home/airflow/.local/lib/python3.6/site-packages/airflow/example_dags/tutorial_taskflow_api_etl.py
[2022-01-19 18:22:30,851] {logging_mixin.py:109} INFO - [2022-01-19 18:22:30,851] {dag.py:2396} INFO - Sync 1 DAGs
[2022-01-19 18:22:30,862] {logging_mixin.py:109} INFO - [2022-01-19 18:22:30,862] {dag.py:2935} INFO - Setting next_dagrun for tutorial_taskflow_api_etl to None
[2022-01-19 18:22:30,871] {processor.py:171} INFO - Processing /home/airflow/.local/lib/python3.6/site-packages/airflow/example_dags/tutorial_taskflow_api_etl.py took 0.216 seconds
[2022-01-19 18:23:01,459] {processor.py:163} INFO - Started process (PID=1771) to work on /home/airflow/.local/lib/python3.6/site-packages/airflow/example_dags/tutorial_taskflow_api_etl.py
[2022-01-19 18:23:01,460] {processor.py:642} INFO - Processing file /home/airflow/.local/lib/python3.6/site-packages/airflow/example_dags/tutorial_taskflow_api_etl.py for tasks to queue
[2022-01-19 18:23:01,460] {logging_mixin.py:109} INFO - [2022-01-19 18:23:01,460] {dagbag.py:500} INFO - Filling up the DagBag from /home/airflow/.local/lib/python3.6/site-packages/airflow/example_dags/tutorial_taskflow_api_etl.py
[2022-01-19 18:23:01,489] {processor.py:654} INFO - DAG(s) dict_keys(['tutorial_taskflow_api_etl']) retrieved from /home/airflow/.local/lib/python3.6/site-packages/airflow/example_dags/tutorial_taskflow_api_etl.py
[2022-01-19 18:23:01,673] {logging_mixin.py:109} INFO - [2022-01-19 18:23:01,673] {dag.py:2396} INFO - Sync 1 DAGs
[2022-01-19 18:23:01,686] {logging_mixin.py:109} INFO - [2022-01-19 18:23:01,686] {dag.py:2935} INFO - Setting next_dagrun for tutorial_taskflow_api_etl to None
[2022-01-19 18:23:01,695] {processor.py:171} INFO - Processing /home/airflow/.local/lib/python3.6/site-packages/airflow/example_dags/tutorial_taskflow_api_etl.py took 0.239 seconds
[2022-01-19 18:23:32,595] {processor.py:163} INFO - Started process (PID=1834) to work on /home/airflow/.local/lib/python3.6/site-packages/airflow/example_dags/tutorial_taskflow_api_etl.py
[2022-01-19 18:23:32,598] {processor.py:642} INFO - Processing file /home/airflow/.local/lib/python3.6/site-packages/airflow/example_dags/tutorial_taskflow_api_etl.py for tasks to queue
[2022-01-19 18:23:32,600] {logging_mixin.py:109} INFO - [2022-01-19 18:23:32,600] {dagbag.py:500} INFO - Filling up the DagBag from /home/airflow/.local/lib/python3.6/site-packages/airflow/example_dags/tutorial_taskflow_api_etl.py
[2022-01-19 18:23:32,643] {processor.py:654} INFO - DAG(s) dict_keys(['tutorial_taskflow_api_etl']) retrieved from /home/airflow/.local/lib/python3.6/site-packages/airflow/example_dags/tutorial_taskflow_api_etl.py
[2022-01-19 18:23:32,810] {logging_mixin.py:109} INFO - [2022-01-19 18:23:32,810] {dag.py:2396} INFO - Sync 1 DAGs
[2022-01-19 18:23:32,823] {logging_mixin.py:109} INFO - [2022-01-19 18:23:32,823] {dag.py:2935} INFO - Setting next_dagrun for tutorial_taskflow_api_etl to None
[2022-01-19 18:23:32,831] {processor.py:171} INFO - Processing /home/airflow/.local/lib/python3.6/site-packages/airflow/example_dags/tutorial_taskflow_api_etl.py took 0.244 seconds
[2022-01-19 18:24:02,868] {processor.py:163} INFO - Started process (PID=1886) to work on /home/airflow/.local/lib/python3.6/site-packages/airflow/example_dags/tutorial_taskflow_api_etl.py
[2022-01-19 18:24:02,870] {processor.py:642} INFO - Processing file /home/airflow/.local/lib/python3.6/site-packages/airflow/example_dags/tutorial_taskflow_api_etl.py for tasks to queue
[2022-01-19 18:24:02,870] {logging_mixin.py:109} INFO - [2022-01-19 18:24:02,870] {dagbag.py:500} INFO - Filling up the DagBag from /home/airflow/.local/lib/python3.6/site-packages/airflow/example_dags/tutorial_taskflow_api_etl.py
[2022-01-19 18:24:02,910] {processor.py:654} INFO - DAG(s) dict_keys(['tutorial_taskflow_api_etl']) retrieved from /home/airflow/.local/lib/python3.6/site-packages/airflow/example_dags/tutorial_taskflow_api_etl.py
[2022-01-19 18:24:03,148] {logging_mixin.py:109} INFO - [2022-01-19 18:24:03,147] {dag.py:2396} INFO - Sync 1 DAGs
[2022-01-19 18:24:03,164] {logging_mixin.py:109} INFO - [2022-01-19 18:24:03,164] {dag.py:2935} INFO - Setting next_dagrun for tutorial_taskflow_api_etl to None
[2022-01-19 18:24:03,179] {processor.py:171} INFO - Processing /home/airflow/.local/lib/python3.6/site-packages/airflow/example_dags/tutorial_taskflow_api_etl.py took 0.314 seconds
[2022-01-19 18:24:34,172] {processor.py:163} INFO - Started process (PID=1947) to work on /home/airflow/.local/lib/python3.6/site-packages/airflow/example_dags/tutorial_taskflow_api_etl.py
[2022-01-19 18:24:34,173] {processor.py:642} INFO - Processing file /home/airflow/.local/lib/python3.6/site-packages/airflow/example_dags/tutorial_taskflow_api_etl.py for tasks to queue
[2022-01-19 18:24:34,174] {logging_mixin.py:109} INFO - [2022-01-19 18:24:34,174] {dagbag.py:500} INFO - Filling up the DagBag from /home/airflow/.local/lib/python3.6/site-packages/airflow/example_dags/tutorial_taskflow_api_etl.py
[2022-01-19 18:24:34,206] {processor.py:654} INFO - DAG(s) dict_keys(['tutorial_taskflow_api_etl']) retrieved from /home/airflow/.local/lib/python3.6/site-packages/airflow/example_dags/tutorial_taskflow_api_etl.py
[2022-01-19 18:24:34,422] {logging_mixin.py:109} INFO - [2022-01-19 18:24:34,422] {dag.py:2396} INFO - Sync 1 DAGs
[2022-01-19 18:24:34,439] {logging_mixin.py:109} INFO - [2022-01-19 18:24:34,439] {dag.py:2935} INFO - Setting next_dagrun for tutorial_taskflow_api_etl to None
[2022-01-19 18:24:34,450] {processor.py:171} INFO - Processing /home/airflow/.local/lib/python3.6/site-packages/airflow/example_dags/tutorial_taskflow_api_etl.py took 0.281 seconds
[2022-01-19 18:25:04,477] {processor.py:163} INFO - Started process (PID=2002) to work on /home/airflow/.local/lib/python3.6/site-packages/airflow/example_dags/tutorial_taskflow_api_etl.py
[2022-01-19 18:25:04,481] {processor.py:642} INFO - Processing file /home/airflow/.local/lib/python3.6/site-packages/airflow/example_dags/tutorial_taskflow_api_etl.py for tasks to queue
[2022-01-19 18:25:04,483] {logging_mixin.py:109} INFO - [2022-01-19 18:25:04,483] {dagbag.py:500} INFO - Filling up the DagBag from /home/airflow/.local/lib/python3.6/site-packages/airflow/example_dags/tutorial_taskflow_api_etl.py
[2022-01-19 18:25:04,530] {processor.py:654} INFO - DAG(s) dict_keys(['tutorial_taskflow_api_etl']) retrieved from /home/airflow/.local/lib/python3.6/site-packages/airflow/example_dags/tutorial_taskflow_api_etl.py
[2022-01-19 18:25:04,707] {logging_mixin.py:109} INFO - [2022-01-19 18:25:04,707] {dag.py:2396} INFO - Sync 1 DAGs
[2022-01-19 18:25:04,719] {logging_mixin.py:109} INFO - [2022-01-19 18:25:04,719] {dag.py:2935} INFO - Setting next_dagrun for tutorial_taskflow_api_etl to None
[2022-01-19 18:25:04,728] {processor.py:171} INFO - Processing /home/airflow/.local/lib/python3.6/site-packages/airflow/example_dags/tutorial_taskflow_api_etl.py took 0.254 seconds
[2022-01-19 18:25:35,197] {processor.py:163} INFO - Started process (PID=2055) to work on /home/airflow/.local/lib/python3.6/site-packages/airflow/example_dags/tutorial_taskflow_api_etl.py
[2022-01-19 18:25:35,198] {processor.py:642} INFO - Processing file /home/airflow/.local/lib/python3.6/site-packages/airflow/example_dags/tutorial_taskflow_api_etl.py for tasks to queue
[2022-01-19 18:25:35,199] {logging_mixin.py:109} INFO - [2022-01-19 18:25:35,199] {dagbag.py:500} INFO - Filling up the DagBag from /home/airflow/.local/lib/python3.6/site-packages/airflow/example_dags/tutorial_taskflow_api_etl.py
[2022-01-19 18:25:35,239] {processor.py:654} INFO - DAG(s) dict_keys(['tutorial_taskflow_api_etl']) retrieved from /home/airflow/.local/lib/python3.6/site-packages/airflow/example_dags/tutorial_taskflow_api_etl.py
[2022-01-19 18:25:35,434] {logging_mixin.py:109} INFO - [2022-01-19 18:25:35,434] {dag.py:2396} INFO - Sync 1 DAGs
[2022-01-19 18:25:35,446] {logging_mixin.py:109} INFO - [2022-01-19 18:25:35,446] {dag.py:2935} INFO - Setting next_dagrun for tutorial_taskflow_api_etl to None
[2022-01-19 18:25:35,454] {processor.py:171} INFO - Processing /home/airflow/.local/lib/python3.6/site-packages/airflow/example_dags/tutorial_taskflow_api_etl.py took 0.261 seconds
[2022-01-19 18:26:05,871] {processor.py:163} INFO - Started process (PID=2119) to work on /home/airflow/.local/lib/python3.6/site-packages/airflow/example_dags/tutorial_taskflow_api_etl.py
[2022-01-19 18:26:05,874] {processor.py:642} INFO - Processing file /home/airflow/.local/lib/python3.6/site-packages/airflow/example_dags/tutorial_taskflow_api_etl.py for tasks to queue
[2022-01-19 18:26:05,875] {logging_mixin.py:109} INFO - [2022-01-19 18:26:05,875] {dagbag.py:500} INFO - Filling up the DagBag from /home/airflow/.local/lib/python3.6/site-packages/airflow/example_dags/tutorial_taskflow_api_etl.py
[2022-01-19 18:26:05,918] {processor.py:654} INFO - DAG(s) dict_keys(['tutorial_taskflow_api_etl']) retrieved from /home/airflow/.local/lib/python3.6/site-packages/airflow/example_dags/tutorial_taskflow_api_etl.py
[2022-01-19 18:26:06,091] {logging_mixin.py:109} INFO - [2022-01-19 18:26:06,091] {dag.py:2396} INFO - Sync 1 DAGs
[2022-01-19 18:26:06,103] {logging_mixin.py:109} INFO - [2022-01-19 18:26:06,103] {dag.py:2935} INFO - Setting next_dagrun for tutorial_taskflow_api_etl to None
[2022-01-19 18:26:06,114] {processor.py:171} INFO - Processing /home/airflow/.local/lib/python3.6/site-packages/airflow/example_dags/tutorial_taskflow_api_etl.py took 0.250 seconds
[2022-01-19 18:26:36,476] {processor.py:163} INFO - Started process (PID=2171) to work on /home/airflow/.local/lib/python3.6/site-packages/airflow/example_dags/tutorial_taskflow_api_etl.py
[2022-01-19 18:26:36,477] {processor.py:642} INFO - Processing file /home/airflow/.local/lib/python3.6/site-packages/airflow/example_dags/tutorial_taskflow_api_etl.py for tasks to queue
[2022-01-19 18:26:36,478] {logging_mixin.py:109} INFO - [2022-01-19 18:26:36,478] {dagbag.py:500} INFO - Filling up the DagBag from /home/airflow/.local/lib/python3.6/site-packages/airflow/example_dags/tutorial_taskflow_api_etl.py
[2022-01-19 18:26:36,505] {processor.py:654} INFO - DAG(s) dict_keys(['tutorial_taskflow_api_etl']) retrieved from /home/airflow/.local/lib/python3.6/site-packages/airflow/example_dags/tutorial_taskflow_api_etl.py
[2022-01-19 18:26:36,689] {logging_mixin.py:109} INFO - [2022-01-19 18:26:36,689] {dag.py:2396} INFO - Sync 1 DAGs
[2022-01-19 18:26:36,703] {logging_mixin.py:109} INFO - [2022-01-19 18:26:36,703] {dag.py:2935} INFO - Setting next_dagrun for tutorial_taskflow_api_etl to None
[2022-01-19 18:26:36,713] {processor.py:171} INFO - Processing /home/airflow/.local/lib/python3.6/site-packages/airflow/example_dags/tutorial_taskflow_api_etl.py took 0.240 seconds
[2022-01-19 18:27:07,159] {processor.py:163} INFO - Started process (PID=2234) to work on /home/airflow/.local/lib/python3.6/site-packages/airflow/example_dags/tutorial_taskflow_api_etl.py
[2022-01-19 18:27:07,160] {processor.py:642} INFO - Processing file /home/airflow/.local/lib/python3.6/site-packages/airflow/example_dags/tutorial_taskflow_api_etl.py for tasks to queue
[2022-01-19 18:27:07,160] {logging_mixin.py:109} INFO - [2022-01-19 18:27:07,160] {dagbag.py:500} INFO - Filling up the DagBag from /home/airflow/.local/lib/python3.6/site-packages/airflow/example_dags/tutorial_taskflow_api_etl.py
[2022-01-19 18:27:07,187] {processor.py:654} INFO - DAG(s) dict_keys(['tutorial_taskflow_api_etl']) retrieved from /home/airflow/.local/lib/python3.6/site-packages/airflow/example_dags/tutorial_taskflow_api_etl.py
[2022-01-19 18:27:07,400] {logging_mixin.py:109} INFO - [2022-01-19 18:27:07,400] {dag.py:2396} INFO - Sync 1 DAGs
[2022-01-19 18:27:07,416] {logging_mixin.py:109} INFO - [2022-01-19 18:27:07,416] {dag.py:2935} INFO - Setting next_dagrun for tutorial_taskflow_api_etl to None
[2022-01-19 18:27:07,426] {processor.py:171} INFO - Processing /home/airflow/.local/lib/python3.6/site-packages/airflow/example_dags/tutorial_taskflow_api_etl.py took 0.270 seconds
[2022-01-19 18:27:37,456] {processor.py:163} INFO - Started process (PID=2287) to work on /home/airflow/.local/lib/python3.6/site-packages/airflow/example_dags/tutorial_taskflow_api_etl.py
[2022-01-19 18:27:37,458] {processor.py:642} INFO - Processing file /home/airflow/.local/lib/python3.6/site-packages/airflow/example_dags/tutorial_taskflow_api_etl.py for tasks to queue
[2022-01-19 18:27:37,459] {logging_mixin.py:109} INFO - [2022-01-19 18:27:37,458] {dagbag.py:500} INFO - Filling up the DagBag from /home/airflow/.local/lib/python3.6/site-packages/airflow/example_dags/tutorial_taskflow_api_etl.py
[2022-01-19 18:27:37,496] {processor.py:654} INFO - DAG(s) dict_keys(['tutorial_taskflow_api_etl']) retrieved from /home/airflow/.local/lib/python3.6/site-packages/airflow/example_dags/tutorial_taskflow_api_etl.py
[2022-01-19 18:27:37,725] {logging_mixin.py:109} INFO - [2022-01-19 18:27:37,724] {dag.py:2396} INFO - Sync 1 DAGs
[2022-01-19 18:27:37,756] {logging_mixin.py:109} INFO - [2022-01-19 18:27:37,756] {dag.py:2935} INFO - Setting next_dagrun for tutorial_taskflow_api_etl to None
[2022-01-19 18:27:37,768] {processor.py:171} INFO - Processing /home/airflow/.local/lib/python3.6/site-packages/airflow/example_dags/tutorial_taskflow_api_etl.py took 0.315 seconds
[2022-01-19 18:28:08,208] {processor.py:163} INFO - Started process (PID=2341) to work on /home/airflow/.local/lib/python3.6/site-packages/airflow/example_dags/tutorial_taskflow_api_etl.py
[2022-01-19 18:28:08,209] {processor.py:642} INFO - Processing file /home/airflow/.local/lib/python3.6/site-packages/airflow/example_dags/tutorial_taskflow_api_etl.py for tasks to queue
[2022-01-19 18:28:08,210] {logging_mixin.py:109} INFO - [2022-01-19 18:28:08,210] {dagbag.py:500} INFO - Filling up the DagBag from /home/airflow/.local/lib/python3.6/site-packages/airflow/example_dags/tutorial_taskflow_api_etl.py
[2022-01-19 18:28:08,234] {processor.py:654} INFO - DAG(s) dict_keys(['tutorial_taskflow_api_etl']) retrieved from /home/airflow/.local/lib/python3.6/site-packages/airflow/example_dags/tutorial_taskflow_api_etl.py
[2022-01-19 18:28:08,412] {logging_mixin.py:109} INFO - [2022-01-19 18:28:08,412] {dag.py:2396} INFO - Sync 1 DAGs
[2022-01-19 18:28:08,427] {logging_mixin.py:109} INFO - [2022-01-19 18:28:08,427] {dag.py:2935} INFO - Setting next_dagrun for tutorial_taskflow_api_etl to None
[2022-01-19 18:28:08,437] {processor.py:171} INFO - Processing /home/airflow/.local/lib/python3.6/site-packages/airflow/example_dags/tutorial_taskflow_api_etl.py took 0.231 seconds
[2022-01-19 18:28:38,918] {processor.py:163} INFO - Started process (PID=2404) to work on /home/airflow/.local/lib/python3.6/site-packages/airflow/example_dags/tutorial_taskflow_api_etl.py
[2022-01-19 18:28:38,920] {processor.py:642} INFO - Processing file /home/airflow/.local/lib/python3.6/site-packages/airflow/example_dags/tutorial_taskflow_api_etl.py for tasks to queue
[2022-01-19 18:28:38,921] {logging_mixin.py:109} INFO - [2022-01-19 18:28:38,920] {dagbag.py:500} INFO - Filling up the DagBag from /home/airflow/.local/lib/python3.6/site-packages/airflow/example_dags/tutorial_taskflow_api_etl.py
[2022-01-19 18:28:38,970] {processor.py:654} INFO - DAG(s) dict_keys(['tutorial_taskflow_api_etl']) retrieved from /home/airflow/.local/lib/python3.6/site-packages/airflow/example_dags/tutorial_taskflow_api_etl.py
[2022-01-19 18:28:39,140] {logging_mixin.py:109} INFO - [2022-01-19 18:28:39,140] {dag.py:2396} INFO - Sync 1 DAGs
[2022-01-19 18:28:39,153] {logging_mixin.py:109} INFO - [2022-01-19 18:28:39,153] {dag.py:2935} INFO - Setting next_dagrun for tutorial_taskflow_api_etl to None
[2022-01-19 18:28:39,161] {processor.py:171} INFO - Processing /home/airflow/.local/lib/python3.6/site-packages/airflow/example_dags/tutorial_taskflow_api_etl.py took 0.247 seconds
[2022-01-19 18:29:10,028] {processor.py:163} INFO - Started process (PID=2457) to work on /home/airflow/.local/lib/python3.6/site-packages/airflow/example_dags/tutorial_taskflow_api_etl.py
[2022-01-19 18:29:10,031] {processor.py:642} INFO - Processing file /home/airflow/.local/lib/python3.6/site-packages/airflow/example_dags/tutorial_taskflow_api_etl.py for tasks to queue
[2022-01-19 18:29:10,033] {logging_mixin.py:109} INFO - [2022-01-19 18:29:10,033] {dagbag.py:500} INFO - Filling up the DagBag from /home/airflow/.local/lib/python3.6/site-packages/airflow/example_dags/tutorial_taskflow_api_etl.py
[2022-01-19 18:29:10,079] {processor.py:654} INFO - DAG(s) dict_keys(['tutorial_taskflow_api_etl']) retrieved from /home/airflow/.local/lib/python3.6/site-packages/airflow/example_dags/tutorial_taskflow_api_etl.py
[2022-01-19 18:29:10,261] {logging_mixin.py:109} INFO - [2022-01-19 18:29:10,261] {dag.py:2396} INFO - Sync 1 DAGs
[2022-01-19 18:29:10,276] {logging_mixin.py:109} INFO - [2022-01-19 18:29:10,276] {dag.py:2935} INFO - Setting next_dagrun for tutorial_taskflow_api_etl to None
[2022-01-19 18:29:10,286] {processor.py:171} INFO - Processing /home/airflow/.local/lib/python3.6/site-packages/airflow/example_dags/tutorial_taskflow_api_etl.py took 0.265 seconds
[2022-01-19 18:29:40,800] {processor.py:163} INFO - Started process (PID=2521) to work on /home/airflow/.local/lib/python3.6/site-packages/airflow/example_dags/tutorial_taskflow_api_etl.py
[2022-01-19 18:29:40,802] {processor.py:642} INFO - Processing file /home/airflow/.local/lib/python3.6/site-packages/airflow/example_dags/tutorial_taskflow_api_etl.py for tasks to queue
[2022-01-19 18:29:40,803] {logging_mixin.py:109} INFO - [2022-01-19 18:29:40,803] {dagbag.py:500} INFO - Filling up the DagBag from /home/airflow/.local/lib/python3.6/site-packages/airflow/example_dags/tutorial_taskflow_api_etl.py
[2022-01-19 18:29:40,833] {processor.py:654} INFO - DAG(s) dict_keys(['tutorial_taskflow_api_etl']) retrieved from /home/airflow/.local/lib/python3.6/site-packages/airflow/example_dags/tutorial_taskflow_api_etl.py
[2022-01-19 18:29:41,076] {logging_mixin.py:109} INFO - [2022-01-19 18:29:41,076] {dag.py:2396} INFO - Sync 1 DAGs
[2022-01-19 18:29:41,091] {logging_mixin.py:109} INFO - [2022-01-19 18:29:41,091] {dag.py:2935} INFO - Setting next_dagrun for tutorial_taskflow_api_etl to None
[2022-01-19 18:29:41,102] {processor.py:171} INFO - Processing /home/airflow/.local/lib/python3.6/site-packages/airflow/example_dags/tutorial_taskflow_api_etl.py took 0.304 seconds
[2022-01-19 18:30:11,652] {processor.py:163} INFO - Started process (PID=2574) to work on /home/airflow/.local/lib/python3.6/site-packages/airflow/example_dags/tutorial_taskflow_api_etl.py
[2022-01-19 18:30:11,655] {processor.py:642} INFO - Processing file /home/airflow/.local/lib/python3.6/site-packages/airflow/example_dags/tutorial_taskflow_api_etl.py for tasks to queue
[2022-01-19 18:30:11,657] {logging_mixin.py:109} INFO - [2022-01-19 18:30:11,656] {dagbag.py:500} INFO - Filling up the DagBag from /home/airflow/.local/lib/python3.6/site-packages/airflow/example_dags/tutorial_taskflow_api_etl.py
[2022-01-19 18:30:11,701] {processor.py:654} INFO - DAG(s) dict_keys(['tutorial_taskflow_api_etl']) retrieved from /home/airflow/.local/lib/python3.6/site-packages/airflow/example_dags/tutorial_taskflow_api_etl.py
[2022-01-19 18:30:11,868] {logging_mixin.py:109} INFO - [2022-01-19 18:30:11,868] {dag.py:2396} INFO - Sync 1 DAGs
[2022-01-19 18:30:11,881] {logging_mixin.py:109} INFO - [2022-01-19 18:30:11,880] {dag.py:2935} INFO - Setting next_dagrun for tutorial_taskflow_api_etl to None
[2022-01-19 18:30:11,889] {processor.py:171} INFO - Processing /home/airflow/.local/lib/python3.6/site-packages/airflow/example_dags/tutorial_taskflow_api_etl.py took 0.244 seconds
[2022-01-19 18:30:42,324] {processor.py:163} INFO - Started process (PID=2635) to work on /home/airflow/.local/lib/python3.6/site-packages/airflow/example_dags/tutorial_taskflow_api_etl.py
[2022-01-19 18:30:42,327] {processor.py:642} INFO - Processing file /home/airflow/.local/lib/python3.6/site-packages/airflow/example_dags/tutorial_taskflow_api_etl.py for tasks to queue
[2022-01-19 18:30:42,327] {logging_mixin.py:109} INFO - [2022-01-19 18:30:42,327] {dagbag.py:500} INFO - Filling up the DagBag from /home/airflow/.local/lib/python3.6/site-packages/airflow/example_dags/tutorial_taskflow_api_etl.py
[2022-01-19 18:30:42,353] {processor.py:654} INFO - DAG(s) dict_keys(['tutorial_taskflow_api_etl']) retrieved from /home/airflow/.local/lib/python3.6/site-packages/airflow/example_dags/tutorial_taskflow_api_etl.py
[2022-01-19 18:30:42,537] {logging_mixin.py:109} INFO - [2022-01-19 18:30:42,537] {dag.py:2396} INFO - Sync 1 DAGs
[2022-01-19 18:30:42,552] {logging_mixin.py:109} INFO - [2022-01-19 18:30:42,552] {dag.py:2935} INFO - Setting next_dagrun for tutorial_taskflow_api_etl to None
[2022-01-19 18:30:42,561] {processor.py:171} INFO - Processing /home/airflow/.local/lib/python3.6/site-packages/airflow/example_dags/tutorial_taskflow_api_etl.py took 0.239 seconds
